01-Nov-2018 06:04:34.887 INFO [http-nio-8080-exec-150] org.apache.catalina.core.StandardContext.reload Reloading Context with name [/MuaBanNha] has started
01-Nov-2018 06:04:34.892 WARNING [http-nio-8080-exec-150] org.apache.catalina.loader.WebappClassLoaderBase.clearReferencesJdbc The web application [MuaBanNha] registered the JDBC driver [com.mysql.jdbc.Driver] but failed to unregister it when the web application was stopped. To prevent a memory leak, the JDBC Driver has been forcibly unregistered.
01-Nov-2018 06:04:34.893 WARNING [http-nio-8080-exec-150] org.apache.catalina.loader.WebappClassLoaderBase.clearReferencesThreads The web application [MuaBanNha] appears to have started a thread named [MySQL Statement Cancellation Timer] but has failed to stop it. This is very likely to create a memory leak. Stack trace of thread:
 java.lang.Object.wait(Native Method)
 java.lang.Object.wait(Object.java:502)
 java.util.TimerThread.mainLoop(Timer.java:526)
 java.util.TimerThread.run(Timer.java:505)
01-Nov-2018 06:04:35.315 INFO [http-nio-8080-exec-150] org.apache.jasper.servlet.TldScanner.scanJars At least one JAR was scanned for TLDs yet contained no TLDs. Enable debug logging for this logger for a complete list of JARs that were scanned but no TLDs were found in them. Skipping unneeded JARs during scanning can improve startup time and JSP compilation time.
01-Nov-2018 06:04:35.331 INFO [242] org.apache.catalina.core.StandardContext.reload Reloading Context with name [/MuaBanNha] is completed
01-Nov-2018 06:06:22.287 INFO [http-nio-8080-exec-157] org.apache.catalina.core.StandardContext.reload Reloading Context with name [/MuaBanNha] has started
01-Nov-2018 06:06:22.754 INFO [http-nio-8080-exec-157] org.apache.jasper.servlet.TldScanner.scanJars At least one JAR was scanned for TLDs yet contained no TLDs. Enable debug logging for this logger for a complete list of JARs that were scanned but no TLDs were found in them. Skipping unneeded JARs during scanning can improve startup time and JSP compilation time.
01-Nov-2018 06:06:22.771 INFO [http-nio-8080-exec-157] org.apache.catalina.core.StandardContext.reload Reloading Context with name [/MuaBanNha] is completed
01-Nov-2018 06:07:51.364 INFO [http-nio-8080-exec-152] org.apache.catalina.core.StandardContext.reload Reloading Context with name [/MuaBanNha] has started
01-Nov-2018 06:07:51.890 INFO [http-nio-8080-exec-152] org.apache.jasper.servlet.TldScanner.scanJars At least one JAR was scanned for TLDs yet contained no TLDs. Enable debug logging for this logger for a complete list of JARs that were scanned but no TLDs were found in them. Skipping unneeded JARs during scanning can improve startup time and JSP compilation time.
01-Nov-2018 06:07:51.906 INFO [http-nio-8080-exec-152] org.apache.catalina.core.StandardContext.reload Reloading Context with name [/MuaBanNha] is completed
01-Nov-2018 06:12:42.979 INFO [http-nio-8080-exec-173] org.apache.catalina.core.StandardContext.reload Reloading Context with name [/MuaBanNha] has started
01-Nov-2018 06:12:42.985 WARNING [http-nio-8080-exec-173] org.apache.catalina.loader.WebappClassLoaderBase.clearReferencesJdbc The web application [MuaBanNha] registered the JDBC driver [com.mysql.jdbc.Driver] but failed to unregister it when the web application was stopped. To prevent a memory leak, the JDBC Driver has been forcibly unregistered.
01-Nov-2018 06:12:42.986 WARNING [http-nio-8080-exec-173] org.apache.catalina.loader.WebappClassLoaderBase.clearReferencesThreads The web application [MuaBanNha] appears to have started a thread named [MySQL Statement Cancellation Timer] but has failed to stop it. This is very likely to create a memory leak. Stack trace of thread:
 java.lang.Object.wait(Native Method)
 java.lang.Object.wait(Object.java:502)
 java.util.TimerThread.mainLoop(Timer.java:526)
 java.util.TimerThread.run(Timer.java:505)
01-Nov-2018 06:12:43.342 INFO [281] org.apache.jasper.servlet.TldScanner.scanJars At least one JAR was scanned for TLDs yet contained no TLDs. Enable debug logging for this logger for a complete list of JARs that were scanned but no TLDs were found in them. Skipping unneeded JARs during scanning can improve startup time and JSP compilation time.
01-Nov-2018 06:12:43.354 INFO [281] org.apache.catalina.core.StandardContext.reload Reloading Context with name [/MuaBanNha] is completed
01-Nov-2018 06:23:29.517 INFO [http-nio-8080-exec-174] org.apache.catalina.core.StandardContext.reload Reloading Context with name [/MuaBanNha] has started
01-Nov-2018 06:23:29.531 WARNING [http-nio-8080-exec-174] org.apache.catalina.loader.WebappClassLoaderBase.clearReferencesJdbc The web application [MuaBanNha] registered the JDBC driver [com.mysql.jdbc.Driver] but failed to unregister it when the web application was stopped. To prevent a memory leak, the JDBC Driver has been forcibly unregistered.
01-Nov-2018 06:23:29.533 WARNING [http-nio-8080-exec-174] org.apache.catalina.loader.WebappClassLoaderBase.clearReferencesThreads The web application [MuaBanNha] appears to have started a thread named [MySQL Statement Cancellation Timer] but has failed to stop it. This is very likely to create a memory leak. Stack trace of thread:
 java.lang.Object.wait(Native Method)
 java.lang.Object.wait(Object.java:502)
 java.util.TimerThread.mainLoop(Timer.java:526)
 java.util.TimerThread.run(Timer.java:505)
01-Nov-2018 06:23:31.253 INFO [Finalizer] org.apache.catalina.loader.WebappClassLoaderBase.checkStateForResourceLoading Illegal access: this web application instance has been stopped already. Could not load [com.mysql.jdbc.SQLError]. The following stack trace is thrown for debugging purposes as well as to attempt to terminate the thread which caused the illegal access.
 java.lang.IllegalStateException: Illegal access: this web application instance has been stopped already. Could not load [com.mysql.jdbc.SQLError]. The following stack trace is thrown for debugging purposes as well as to attempt to terminate the thread which caused the illegal access.
	at org.apache.catalina.loader.WebappClassLoaderBase.checkStateForResourceLoading(WebappClassLoaderBase.java:1329)
	at org.apache.catalina.loader.WebappClassLoaderBase.checkStateForClassLoading(WebappClassLoaderBase.java:1317)
	at org.apache.catalina.loader.WebappClassLoaderBase.loadClass(WebappClassLoaderBase.java:1176)
	at org.apache.catalina.loader.WebappClassLoaderBase.loadClass(WebappClassLoaderBase.java:1137)
	at com.mysql.jdbc.MysqlIO.send(MysqlIO.java:3134)
	at com.mysql.jdbc.MysqlIO.quit(MysqlIO.java:1616)
	at com.mysql.jdbc.ConnectionImpl.realClose(ConnectionImpl.java:4223)
	at com.mysql.jdbc.ConnectionImpl.cleanup(ConnectionImpl.java:1257)
	at com.mysql.jdbc.ConnectionImpl.finalize(ConnectionImpl.java:2663)
	at java.lang.System$2.invokeFinalize(System.java:1270)
	at java.lang.ref.Finalizer.runFinalizer(Finalizer.java:98)
	at java.lang.ref.Finalizer.access$100(Finalizer.java:34)
	at java.lang.ref.Finalizer$FinalizerThread.run(Finalizer.java:213)

01-Nov-2018 06:23:31.254 INFO [Finalizer] org.apache.catalina.loader.WebappClassLoaderBase.checkStateForResourceLoading Illegal access: this web application instance has been stopped already. Could not load [com.mysql.jdbc.profiler.ProfileEventSink]. The following stack trace is thrown for debugging purposes as well as to attempt to terminate the thread which caused the illegal access.
 java.lang.IllegalStateException: Illegal access: this web application instance has been stopped already. Could not load [com.mysql.jdbc.profiler.ProfileEventSink]. The following stack trace is thrown for debugging purposes as well as to attempt to terminate the thread which caused the illegal access.
	at org.apache.catalina.loader.WebappClassLoaderBase.checkStateForResourceLoading(WebappClassLoaderBase.java:1329)
	at org.apache.catalina.loader.WebappClassLoaderBase.checkStateForClassLoading(WebappClassLoaderBase.java:1317)
	at org.apache.catalina.loader.WebappClassLoaderBase.loadClass(WebappClassLoaderBase.java:1176)
	at org.apache.catalina.loader.WebappClassLoaderBase.loadClass(WebappClassLoaderBase.java:1137)
	at com.mysql.jdbc.ConnectionImpl.realClose(ConnectionImpl.java:4235)
	at com.mysql.jdbc.ConnectionImpl.cleanup(ConnectionImpl.java:1257)
	at com.mysql.jdbc.ConnectionImpl.finalize(ConnectionImpl.java:2663)
	at java.lang.System$2.invokeFinalize(System.java:1270)
	at java.lang.ref.Finalizer.runFinalizer(Finalizer.java:98)
	at java.lang.ref.Finalizer.access$100(Finalizer.java:34)
	at java.lang.ref.Finalizer$FinalizerThread.run(Finalizer.java:213)

01-Nov-2018 06:23:31.460 INFO [http-nio-8080-exec-174] org.apache.jasper.servlet.TldScanner.scanJars At least one JAR was scanned for TLDs yet contained no TLDs. Enable debug logging for this logger for a complete list of JARs that were scanned but no TLDs were found in them. Skipping unneeded JARs during scanning can improve startup time and JSP compilation time.
01-Nov-2018 06:23:31.474 INFO [Finalizer] org.apache.catalina.loader.WebappClassLoaderBase.checkStateForResourceLoading Illegal access: this web application instance has been stopped already. Could not load [com.mysql.jdbc.SQLError]. The following stack trace is thrown for debugging purposes as well as to attempt to terminate the thread which caused the illegal access.
 java.lang.IllegalStateException: Illegal access: this web application instance has been stopped already. Could not load [com.mysql.jdbc.SQLError]. The following stack trace is thrown for debugging purposes as well as to attempt to terminate the thread which caused the illegal access.
	at org.apache.catalina.loader.WebappClassLoaderBase.checkStateForResourceLoading(WebappClassLoaderBase.java:1329)
	at org.apache.catalina.loader.WebappClassLoaderBase.checkStateForClassLoading(WebappClassLoaderBase.java:1317)
	at org.apache.catalina.loader.WebappClassLoaderBase.loadClass(WebappClassLoaderBase.java:1176)
	at org.apache.catalina.loader.WebappClassLoaderBase.loadClass(WebappClassLoaderBase.java:1137)
	at com.mysql.jdbc.MysqlIO.send(MysqlIO.java:3134)
	at com.mysql.jdbc.MysqlIO.quit(MysqlIO.java:1616)
	at com.mysql.jdbc.ConnectionImpl.realClose(ConnectionImpl.java:4223)
	at com.mysql.jdbc.ConnectionImpl.cleanup(ConnectionImpl.java:1257)
	at com.mysql.jdbc.ConnectionImpl.finalize(ConnectionImpl.java:2663)
	at java.lang.System$2.invokeFinalize(System.java:1270)
	at java.lang.ref.Finalizer.runFinalizer(Finalizer.java:98)
	at java.lang.ref.Finalizer.access$100(Finalizer.java:34)
	at java.lang.ref.Finalizer$FinalizerThread.run(Finalizer.java:213)

01-Nov-2018 06:23:31.474 INFO [http-nio-8080-exec-174] org.apache.catalina.core.StandardContext.reload Reloading Context with name [/MuaBanNha] is completed
01-Nov-2018 06:23:31.478 INFO [Finalizer] org.apache.catalina.loader.WebappClassLoaderBase.checkStateForResourceLoading Illegal access: this web application instance has been stopped already. Could not load [com.mysql.jdbc.profiler.ProfileEventSink]. The following stack trace is thrown for debugging purposes as well as to attempt to terminate the thread which caused the illegal access.
 java.lang.IllegalStateException: Illegal access: this web application instance has been stopped already. Could not load [com.mysql.jdbc.profiler.ProfileEventSink]. The following stack trace is thrown for debugging purposes as well as to attempt to terminate the thread which caused the illegal access.
	at org.apache.catalina.loader.WebappClassLoaderBase.checkStateForResourceLoading(WebappClassLoaderBase.java:1329)
	at org.apache.catalina.loader.WebappClassLoaderBase.checkStateForClassLoading(WebappClassLoaderBase.java:1317)
	at org.apache.catalina.loader.WebappClassLoaderBase.loadClass(WebappClassLoaderBase.java:1176)
	at org.apache.catalina.loader.WebappClassLoaderBase.loadClass(WebappClassLoaderBase.java:1137)
	at com.mysql.jdbc.ConnectionImpl.realClose(ConnectionImpl.java:4235)
	at com.mysql.jdbc.ConnectionImpl.cleanup(ConnectionImpl.java:1257)
	at com.mysql.jdbc.ConnectionImpl.finalize(ConnectionImpl.java:2663)
	at java.lang.System$2.invokeFinalize(System.java:1270)
	at java.lang.ref.Finalizer.runFinalizer(Finalizer.java:98)
	at java.lang.ref.Finalizer.access$100(Finalizer.java:34)
	at java.lang.ref.Finalizer$FinalizerThread.run(Finalizer.java:213)

01-Nov-2018 06:23:31.507 INFO [Finalizer] org.apache.catalina.loader.WebappClassLoaderBase.checkStateForResourceLoading Illegal access: this web application instance has been stopped already. Could not load [com.mysql.jdbc.SQLError]. The following stack trace is thrown for debugging purposes as well as to attempt to terminate the thread which caused the illegal access.
 java.lang.IllegalStateException: Illegal access: this web application instance has been stopped already. Could not load [com.mysql.jdbc.SQLError]. The following stack trace is thrown for debugging purposes as well as to attempt to terminate the thread which caused the illegal access.
	at org.apache.catalina.loader.WebappClassLoaderBase.checkStateForResourceLoading(WebappClassLoaderBase.java:1329)
	at org.apache.catalina.loader.WebappClassLoaderBase.checkStateForClassLoading(WebappClassLoaderBase.java:1317)
	at org.apache.catalina.loader.WebappClassLoaderBase.loadClass(WebappClassLoaderBase.java:1176)
	at org.apache.catalina.loader.WebappClassLoaderBase.loadClass(WebappClassLoaderBase.java:1137)
	at com.mysql.jdbc.MysqlIO.send(MysqlIO.java:3134)
	at com.mysql.jdbc.MysqlIO.quit(MysqlIO.java:1616)
	at com.mysql.jdbc.ConnectionImpl.realClose(ConnectionImpl.java:4223)
	at com.mysql.jdbc.ConnectionImpl.cleanup(ConnectionImpl.java:1257)
	at com.mysql.jdbc.ConnectionImpl.finalize(ConnectionImpl.java:2663)
	at java.lang.System$2.invokeFinalize(System.java:1270)
	at java.lang.ref.Finalizer.runFinalizer(Finalizer.java:98)
	at java.lang.ref.Finalizer.access$100(Finalizer.java:34)
	at java.lang.ref.Finalizer$FinalizerThread.run(Finalizer.java:213)

01-Nov-2018 06:23:31.675 INFO [Finalizer] org.apache.catalina.loader.WebappClassLoaderBase.checkStateForResourceLoading Illegal access: this web application instance has been stopped already. Could not load [com.mysql.jdbc.profiler.ProfileEventSink]. The following stack trace is thrown for debugging purposes as well as to attempt to terminate the thread which caused the illegal access.
 java.lang.IllegalStateException: Illegal access: this web application instance has been stopped already. Could not load [com.mysql.jdbc.profiler.ProfileEventSink]. The following stack trace is thrown for debugging purposes as well as to attempt to terminate the thread which caused the illegal access.
	at org.apache.catalina.loader.WebappClassLoaderBase.checkStateForResourceLoading(WebappClassLoaderBase.java:1329)
	at org.apache.catalina.loader.WebappClassLoaderBase.checkStateForClassLoading(WebappClassLoaderBase.java:1317)
	at org.apache.catalina.loader.WebappClassLoaderBase.loadClass(WebappClassLoaderBase.java:1176)
	at org.apache.catalina.loader.WebappClassLoaderBase.loadClass(WebappClassLoaderBase.java:1137)
	at com.mysql.jdbc.ConnectionImpl.realClose(ConnectionImpl.java:4235)
	at com.mysql.jdbc.ConnectionImpl.cleanup(ConnectionImpl.java:1257)
	at com.mysql.jdbc.ConnectionImpl.finalize(ConnectionImpl.java:2663)
	at java.lang.System$2.invokeFinalize(System.java:1270)
	at java.lang.ref.Finalizer.runFinalizer(Finalizer.java:98)
	at java.lang.ref.Finalizer.access$100(Finalizer.java:34)
	at java.lang.ref.Finalizer$FinalizerThread.run(Finalizer.java:213)

01-Nov-2018 06:23:31.693 INFO [Finalizer] org.apache.catalina.loader.WebappClassLoaderBase.checkStateForResourceLoading Illegal access: this web application instance has been stopped already. Could not load [com.mysql.jdbc.SQLError]. The following stack trace is thrown for debugging purposes as well as to attempt to terminate the thread which caused the illegal access.
 java.lang.IllegalStateException: Illegal access: this web application instance has been stopped already. Could not load [com.mysql.jdbc.SQLError]. The following stack trace is thrown for debugging purposes as well as to attempt to terminate the thread which caused the illegal access.
	at org.apache.catalina.loader.WebappClassLoaderBase.checkStateForResourceLoading(WebappClassLoaderBase.java:1329)
	at org.apache.catalina.loader.WebappClassLoaderBase.checkStateForClassLoading(WebappClassLoaderBase.java:1317)
	at org.apache.catalina.loader.WebappClassLoaderBase.loadClass(WebappClassLoaderBase.java:1176)
	at org.apache.catalina.loader.WebappClassLoaderBase.loadClass(WebappClassLoaderBase.java:1137)
	at com.mysql.jdbc.MysqlIO.send(MysqlIO.java:3134)
	at com.mysql.jdbc.MysqlIO.quit(MysqlIO.java:1616)
	at com.mysql.jdbc.ConnectionImpl.realClose(ConnectionImpl.java:4223)
	at com.mysql.jdbc.ConnectionImpl.cleanup(ConnectionImpl.java:1257)
	at com.mysql.jdbc.ConnectionImpl.finalize(ConnectionImpl.java:2663)
	at java.lang.System$2.invokeFinalize(System.java:1270)
	at java.lang.ref.Finalizer.runFinalizer(Finalizer.java:98)
	at java.lang.ref.Finalizer.access$100(Finalizer.java:34)
	at java.lang.ref.Finalizer$FinalizerThread.run(Finalizer.java:213)

01-Nov-2018 06:23:31.694 INFO [Finalizer] org.apache.catalina.loader.WebappClassLoaderBase.checkStateForResourceLoading Illegal access: this web application instance has been stopped already. Could not load [com.mysql.jdbc.profiler.ProfileEventSink]. The following stack trace is thrown for debugging purposes as well as to attempt to terminate the thread which caused the illegal access.
 java.lang.IllegalStateException: Illegal access: this web application instance has been stopped already. Could not load [com.mysql.jdbc.profiler.ProfileEventSink]. The following stack trace is thrown for debugging purposes as well as to attempt to terminate the thread which caused the illegal access.
	at org.apache.catalina.loader.WebappClassLoaderBase.checkStateForResourceLoading(WebappClassLoaderBase.java:1329)
	at org.apache.catalina.loader.WebappClassLoaderBase.checkStateForClassLoading(WebappClassLoaderBase.java:1317)
	at org.apache.catalina.loader.WebappClassLoaderBase.loadClass(WebappClassLoaderBase.java:1176)
	at org.apache.catalina.loader.WebappClassLoaderBase.loadClass(WebappClassLoaderBase.java:1137)
	at com.mysql.jdbc.ConnectionImpl.realClose(ConnectionImpl.java:4235)
	at com.mysql.jdbc.ConnectionImpl.cleanup(ConnectionImpl.java:1257)
	at com.mysql.jdbc.ConnectionImpl.finalize(ConnectionImpl.java:2663)
	at java.lang.System$2.invokeFinalize(System.java:1270)
	at java.lang.ref.Finalizer.runFinalizer(Finalizer.java:98)
	at java.lang.ref.Finalizer.access$100(Finalizer.java:34)
	at java.lang.ref.Finalizer$FinalizerThread.run(Finalizer.java:213)

01-Nov-2018 06:25:41.076 INFO [http-nio-8080-exec-186] org.apache.catalina.core.StandardContext.reload Reloading Context with name [/MuaBanNha] has started
01-Nov-2018 06:25:41.555 INFO [http-nio-8080-exec-186] org.apache.jasper.servlet.TldScanner.scanJars At least one JAR was scanned for TLDs yet contained no TLDs. Enable debug logging for this logger for a complete list of JARs that were scanned but no TLDs were found in them. Skipping unneeded JARs during scanning can improve startup time and JSP compilation time.
01-Nov-2018 06:25:41.567 INFO [http-nio-8080-exec-186] org.apache.catalina.core.StandardContext.reload Reloading Context with name [/MuaBanNha] is completed
01-Nov-2018 08:41:08.929 INFO [main] org.apache.catalina.core.StandardServer.await A valid shutdown command was received via the shutdown port. Stopping the Server instance.
01-Nov-2018 08:41:09.148 INFO [main] org.apache.coyote.AbstractProtocol.pause Pausing ProtocolHandler ["http-nio-8080"]
01-Nov-2018 08:41:09.710 INFO [main] org.apache.coyote.AbstractProtocol.pause Pausing ProtocolHandler ["ajp-nio-8009"]
01-Nov-2018 08:41:09.881 INFO [main] org.apache.catalina.core.StandardService.stopInternal Stopping service [Catalina]
01-Nov-2018 08:41:10.866 WARNING [localhost-startStop-2] org.apache.catalina.loader.WebappClassLoaderBase.clearReferencesJdbc The web application [MuaBanNha] registered the JDBC driver [com.mysql.jdbc.Driver] but failed to unregister it when the web application was stopped. To prevent a memory leak, the JDBC Driver has been forcibly unregistered.
01-Nov-2018 08:41:10.913 WARNING [localhost-startStop-2] org.apache.catalina.loader.WebappClassLoaderBase.clearReferencesThreads The web application [MuaBanNha] appears to have started a thread named [MySQL Statement Cancellation Timer] but has failed to stop it. This is very likely to create a memory leak. Stack trace of thread:
 java.lang.Object.wait(Native Method)
 java.lang.Object.wait(Object.java:502)
 java.util.TimerThread.mainLoop(Timer.java:526)
 java.util.TimerThread.run(Timer.java:505)
01-Nov-2018 08:41:12.419 INFO [localhost-startStop-2] org.springframework.context.support.AbstractApplicationContext.doClose Closing WebApplicationContext for namespace 'dispatcher-servlet': startup date [Tue Oct 30 21:24:39 GMT+07:00 2018]; parent: Root WebApplicationContext
01-Nov-2018 08:41:13.007 INFO [localhost-startStop-2] org.springframework.context.support.AbstractApplicationContext.doClose Closing Root WebApplicationContext: startup date [Tue Oct 30 21:24:37 GMT+07:00 2018]; root of context hierarchy
01-Nov-2018 08:41:14.523 WARNING [localhost-startStop-2] org.apache.catalina.loader.WebappClassLoaderBase.clearReferencesJdbc The web application [WebApplication2] registered the JDBC driver [com.mysql.jdbc.Driver] but failed to unregister it when the web application was stopped. To prevent a memory leak, the JDBC Driver has been forcibly unregistered.
01-Nov-2018 08:41:14.554 WARNING [localhost-startStop-2] org.apache.catalina.loader.WebappClassLoaderBase.clearReferencesThreads The web application [WebApplication2] appears to have started a thread named [MySQL Statement Cancellation Timer] but has failed to stop it. This is very likely to create a memory leak. Stack trace of thread:
 java.lang.Object.wait(Native Method)
 java.lang.Object.wait(Object.java:502)
 java.util.TimerThread.mainLoop(Timer.java:526)
 java.util.TimerThread.run(Timer.java:505)
01-Nov-2018 08:41:14.726 INFO [main] org.apache.coyote.AbstractProtocol.stop Stopping ProtocolHandler ["http-nio-8080"]
01-Nov-2018 08:41:14.804 INFO [main] org.apache.coyote.AbstractProtocol.stop Stopping ProtocolHandler ["ajp-nio-8009"]
01-Nov-2018 08:41:15.334 INFO [main] org.apache.coyote.AbstractProtocol.destroy Destroying ProtocolHandler ["http-nio-8080"]
01-Nov-2018 08:41:15.428 INFO [main] org.apache.coyote.AbstractProtocol.destroy Destroying ProtocolHandler ["ajp-nio-8009"]
01-Nov-2018 09:27:20.422 INFO [main] org.apache.catalina.startup.VersionLoggerListener.log Server version:        Apache Tomcat/8.5.34
01-Nov-2018 09:27:20.422 INFO [main] org.apache.catalina.startup.VersionLoggerListener.log Server built:          Sep 4 2018 22:28:22 UTC
01-Nov-2018 09:27:20.422 INFO [main] org.apache.catalina.startup.VersionLoggerListener.log Server number:         8.5.34.0
01-Nov-2018 09:27:20.422 INFO [main] org.apache.catalina.startup.VersionLoggerListener.log OS Name:               Windows 7
01-Nov-2018 09:27:20.422 INFO [main] org.apache.catalina.startup.VersionLoggerListener.log OS Version:            6.1
01-Nov-2018 09:27:20.422 INFO [main] org.apache.catalina.startup.VersionLoggerListener.log Architecture:          amd64
01-Nov-2018 09:27:20.422 INFO [main] org.apache.catalina.startup.VersionLoggerListener.log Java Home:             C:\Program Files\Java\jdk1.8.0_171\jre
01-Nov-2018 09:27:20.422 INFO [main] org.apache.catalina.startup.VersionLoggerListener.log JVM Version:           1.8.0_171-b11
01-Nov-2018 09:27:20.422 INFO [main] org.apache.catalina.startup.VersionLoggerListener.log JVM Vendor:            Oracle Corporation
01-Nov-2018 09:27:20.422 INFO [main] org.apache.catalina.startup.VersionLoggerListener.log CATALINA_BASE:         D:\Java\apache-tomcat-8.5.34
01-Nov-2018 09:27:20.422 INFO [main] org.apache.catalina.startup.VersionLoggerListener.log CATALINA_HOME:         D:\Java\apache-tomcat-8.5.34
01-Nov-2018 09:27:20.422 INFO [main] org.apache.catalina.startup.VersionLoggerListener.log Command line argument: -Djava.util.logging.config.file=D:\Java\apache-tomcat-8.5.34\conf\logging.properties
01-Nov-2018 09:27:20.422 INFO [main] org.apache.catalina.startup.VersionLoggerListener.log Command line argument: -Djava.util.logging.manager=org.apache.juli.ClassLoaderLogManager
01-Nov-2018 09:27:20.422 INFO [main] org.apache.catalina.startup.VersionLoggerListener.log Command line argument: -Dhttp.nonProxyHosts=localhost|127.0.0.1|Khatmau-sr
01-Nov-2018 09:27:20.422 INFO [main] org.apache.catalina.startup.VersionLoggerListener.log Command line argument: -Djdk.tls.ephemeralDHKeySize=2048
01-Nov-2018 09:27:20.422 INFO [main] org.apache.catalina.startup.VersionLoggerListener.log Command line argument: -Djava.protocol.handler.pkgs=org.apache.catalina.webresources
01-Nov-2018 09:27:20.422 INFO [main] org.apache.catalina.startup.VersionLoggerListener.log Command line argument: -Dignore.endorsed.dirs=
01-Nov-2018 09:27:20.422 INFO [main] org.apache.catalina.startup.VersionLoggerListener.log Command line argument: -Dcatalina.base=D:\Java\apache-tomcat-8.5.34
01-Nov-2018 09:27:20.422 INFO [main] org.apache.catalina.startup.VersionLoggerListener.log Command line argument: -Dcatalina.home=D:\Java\apache-tomcat-8.5.34
01-Nov-2018 09:27:20.422 INFO [main] org.apache.catalina.startup.VersionLoggerListener.log Command line argument: -Djava.io.tmpdir=D:\Java\apache-tomcat-8.5.34\temp
01-Nov-2018 09:27:20.422 INFO [main] org.apache.catalina.core.AprLifecycleListener.lifecycleEvent The APR based Apache Tomcat Native library which allows optimal performance in production environments was not found on the java.library.path: [C:\Program Files\Java\jdk1.8.0_171\bin;C:\Windows\Sun\Java\bin;C:\Windows\system32;C:\Windows;C:\Program Files (x86)\Common Files\Oracle\Java\javapath;C:\Windows\system32;C:\Windows;C:\Windows\System32\Wbem;C:\Windows\System32\WindowsPowerShell\v1.0\;C:\Program Files\dotnet\;C:\Program Files\Microsoft SQL Server\130\Tools\Binn\;;.]
01-Nov-2018 09:27:21.061 INFO [main] org.apache.coyote.AbstractProtocol.init Initializing ProtocolHandler ["http-nio-8080"]
01-Nov-2018 09:27:21.436 INFO [main] org.apache.tomcat.util.net.NioSelectorPool.getSharedSelector Using a shared selector for servlet write/read
01-Nov-2018 09:27:21.467 INFO [main] org.apache.coyote.AbstractProtocol.init Initializing ProtocolHandler ["ajp-nio-8009"]
01-Nov-2018 09:27:21.467 INFO [main] org.apache.tomcat.util.net.NioSelectorPool.getSharedSelector Using a shared selector for servlet write/read
01-Nov-2018 09:27:21.467 INFO [main] org.apache.catalina.startup.Catalina.load Initialization processed in 2368 ms
01-Nov-2018 09:27:21.685 INFO [main] org.apache.catalina.core.StandardService.startInternal Starting service [Catalina]
01-Nov-2018 09:27:21.685 INFO [main] org.apache.catalina.core.StandardEngine.startInternal Starting Servlet Engine: Apache Tomcat/8.5.34
01-Nov-2018 09:27:21.701 INFO [localhost-startStop-1] org.apache.catalina.startup.HostConfig.deployDescriptor Deploying configuration descriptor [D:\Java\apache-tomcat-8.5.34\conf\Catalina\localhost\BanHoa.xml]
01-Nov-2018 09:27:21.950 SEVERE [localhost-startStop-1] org.apache.catalina.core.ContainerBase.addChildInternal ContainerBase.addChild: start: 
 org.apache.catalina.LifecycleException: Failed to start component [StandardEngine[Catalina].StandardHost[localhost].StandardContext[/BanHoa]]
	at org.apache.catalina.util.LifecycleBase.start(LifecycleBase.java:167)
	at org.apache.catalina.core.ContainerBase.addChildInternal(ContainerBase.java:754)
	at org.apache.catalina.core.ContainerBase.addChild(ContainerBase.java:730)
	at org.apache.catalina.core.StandardHost.addChild(StandardHost.java:734)
	at org.apache.catalina.startup.HostConfig.deployDescriptor(HostConfig.java:629)
	at org.apache.catalina.startup.HostConfig$DeployDescriptor.run(HostConfig.java:1839)
	at java.util.concurrent.Executors$RunnableAdapter.call(Executors.java:511)
	at java.util.concurrent.FutureTask.run(FutureTask.java:266)
	at java.util.concurrent.ThreadPoolExecutor.runWorker(ThreadPoolExecutor.java:1149)
	at java.util.concurrent.ThreadPoolExecutor$Worker.run(ThreadPoolExecutor.java:624)
	at java.lang.Thread.run(Thread.java:748)
Caused by: org.apache.catalina.LifecycleException: Failed to start component [org.apache.catalina.webresources.StandardRoot@1b21f818]
	at org.apache.catalina.util.LifecycleBase.start(LifecycleBase.java:167)
	at org.apache.catalina.core.StandardContext.resourcesStart(StandardContext.java:4907)
	at org.apache.catalina.core.StandardContext.startInternal(StandardContext.java:5042)
	at org.apache.catalina.util.LifecycleBase.start(LifecycleBase.java:150)
	... 10 more
Caused by: java.lang.IllegalArgumentException: The main resource set specified [C:\Users\Administrator\Documents\NetBeansProjects\BanHoa\build\web] is not valid
	at org.apache.catalina.webresources.StandardRoot.createMainResourceSet(StandardRoot.java:748)
	at org.apache.catalina.webresources.StandardRoot.startInternal(StandardRoot.java:706)
	at org.apache.catalina.util.LifecycleBase.start(LifecycleBase.java:150)
	... 13 more

01-Nov-2018 09:27:21.950 SEVERE [localhost-startStop-1] org.apache.catalina.startup.HostConfig.deployDescriptor Error deploying configuration descriptor [D:\Java\apache-tomcat-8.5.34\conf\Catalina\localhost\BanHoa.xml]
 java.lang.IllegalStateException: ContainerBase.addChild: start: org.apache.catalina.LifecycleException: Failed to start component [StandardEngine[Catalina].StandardHost[localhost].StandardContext[/BanHoa]]
	at org.apache.catalina.core.ContainerBase.addChildInternal(ContainerBase.java:758)
	at org.apache.catalina.core.ContainerBase.addChild(ContainerBase.java:730)
	at org.apache.catalina.core.StandardHost.addChild(StandardHost.java:734)
	at org.apache.catalina.startup.HostConfig.deployDescriptor(HostConfig.java:629)
	at org.apache.catalina.startup.HostConfig$DeployDescriptor.run(HostConfig.java:1839)
	at java.util.concurrent.Executors$RunnableAdapter.call(Executors.java:511)
	at java.util.concurrent.FutureTask.run(FutureTask.java:266)
	at java.util.concurrent.ThreadPoolExecutor.runWorker(ThreadPoolExecutor.java:1149)
	at java.util.concurrent.ThreadPoolExecutor$Worker.run(ThreadPoolExecutor.java:624)
	at java.lang.Thread.run(Thread.java:748)

01-Nov-2018 09:27:21.950 INFO [localhost-startStop-1] org.apache.catalina.startup.HostConfig.deployDescriptor Deployment of configuration descriptor [D:\Java\apache-tomcat-8.5.34\conf\Catalina\localhost\BanHoa.xml] has finished in [249] ms
01-Nov-2018 09:27:21.950 INFO [localhost-startStop-1] org.apache.catalina.startup.HostConfig.deployDescriptor Deploying configuration descriptor [D:\Java\apache-tomcat-8.5.34\conf\Catalina\localhost\MuaBanNha.xml]
01-Nov-2018 09:27:24.696 INFO [localhost-startStop-1] org.apache.jasper.servlet.TldScanner.scanJars At least one JAR was scanned for TLDs yet contained no TLDs. Enable debug logging for this logger for a complete list of JARs that were scanned but no TLDs were found in them. Skipping unneeded JARs during scanning can improve startup time and JSP compilation time.
01-Nov-2018 09:27:24.992 INFO [localhost-startStop-1] org.apache.catalina.startup.HostConfig.deployDescriptor Deployment of configuration descriptor [D:\Java\apache-tomcat-8.5.34\conf\Catalina\localhost\MuaBanNha.xml] has finished in [3,042] ms
01-Nov-2018 09:27:24.992 INFO [localhost-startStop-1] org.apache.catalina.startup.HostConfig.deployDescriptor Deploying configuration descriptor [D:\Java\apache-tomcat-8.5.34\conf\Catalina\localhost\shop.xml]
01-Nov-2018 09:27:29.806 INFO [localhost-startStop-1] org.apache.jasper.servlet.TldScanner.scanJars At least one JAR was scanned for TLDs yet contained no TLDs. Enable debug logging for this logger for a complete list of JARs that were scanned but no TLDs were found in them. Skipping unneeded JARs during scanning can improve startup time and JSP compilation time.
01-Nov-2018 09:27:29.915 INFO [localhost-startStop-1] org.springframework.web.context.ContextLoader.initWebApplicationContext Root WebApplicationContext: initialization started
01-Nov-2018 09:27:30.305 INFO [localhost-startStop-1] org.springframework.context.support.AbstractApplicationContext.prepareRefresh Refreshing Root WebApplicationContext: startup date [Thu Nov 01 09:27:30 GMT+07:00 2018]; root of context hierarchy
01-Nov-2018 09:27:30.461 INFO [localhost-startStop-1] org.springframework.beans.factory.xml.XmlBeanDefinitionReader.loadBeanDefinitions Loading XML bean definitions from ServletContext resource [/WEB-INF/applicationContext.xml]
01-Nov-2018 09:27:31.303 INFO [localhost-startStop-1] org.springframework.web.context.ContextLoader.initWebApplicationContext Root WebApplicationContext: initialization completed in 1388 ms
01-Nov-2018 09:27:31.412 INFO [localhost-startStop-1] org.springframework.web.servlet.FrameworkServlet.initServletBean FrameworkServlet 'dispatcher': initialization started
01-Nov-2018 09:27:31.412 INFO [localhost-startStop-1] org.springframework.context.support.AbstractApplicationContext.prepareRefresh Refreshing WebApplicationContext for namespace 'dispatcher-servlet': startup date [Thu Nov 01 09:27:31 GMT+07:00 2018]; parent: Root WebApplicationContext
01-Nov-2018 09:27:31.428 INFO [localhost-startStop-1] org.springframework.beans.factory.xml.XmlBeanDefinitionReader.loadBeanDefinitions Loading XML bean definitions from ServletContext resource [/WEB-INF/dispatcher-servlet.xml]
01-Nov-2018 09:27:32.069 INFO [localhost-startStop-1] org.springframework.web.servlet.handler.AbstractUrlHandlerMapping.registerHandler Mapped URL path [/index] onto handler 'indexController'
01-Nov-2018 09:27:32.256 INFO [localhost-startStop-1] org.springframework.web.servlet.FrameworkServlet.initServletBean FrameworkServlet 'dispatcher': initialization completed in 844 ms
01-Nov-2018 09:27:32.271 INFO [localhost-startStop-1] org.apache.catalina.startup.HostConfig.deployDescriptor Deployment of configuration descriptor [D:\Java\apache-tomcat-8.5.34\conf\Catalina\localhost\shop.xml] has finished in [7,279] ms
01-Nov-2018 09:27:32.271 INFO [localhost-startStop-1] org.apache.catalina.startup.HostConfig.deployDescriptor Deploying configuration descriptor [D:\Java\apache-tomcat-8.5.34\conf\Catalina\localhost\test.xml]
01-Nov-2018 09:27:32.271 SEVERE [localhost-startStop-1] org.apache.catalina.core.ContainerBase.addChildInternal ContainerBase.addChild: start: 
 org.apache.catalina.LifecycleException: Failed to start component [StandardEngine[Catalina].StandardHost[localhost].StandardContext[/test]]
	at org.apache.catalina.util.LifecycleBase.start(LifecycleBase.java:167)
	at org.apache.catalina.core.ContainerBase.addChildInternal(ContainerBase.java:754)
	at org.apache.catalina.core.ContainerBase.addChild(ContainerBase.java:730)
	at org.apache.catalina.core.StandardHost.addChild(StandardHost.java:734)
	at org.apache.catalina.startup.HostConfig.deployDescriptor(HostConfig.java:629)
	at org.apache.catalina.startup.HostConfig$DeployDescriptor.run(HostConfig.java:1839)
	at java.util.concurrent.Executors$RunnableAdapter.call(Executors.java:511)
	at java.util.concurrent.FutureTask.run(FutureTask.java:266)
	at java.util.concurrent.ThreadPoolExecutor.runWorker(ThreadPoolExecutor.java:1149)
	at java.util.concurrent.ThreadPoolExecutor$Worker.run(ThreadPoolExecutor.java:624)
	at java.lang.Thread.run(Thread.java:748)
Caused by: org.apache.catalina.LifecycleException: Failed to start component [org.apache.catalina.webresources.StandardRoot@1ae4e0d1]
	at org.apache.catalina.util.LifecycleBase.start(LifecycleBase.java:167)
	at org.apache.catalina.core.StandardContext.resourcesStart(StandardContext.java:4907)
	at org.apache.catalina.core.StandardContext.startInternal(StandardContext.java:5042)
	at org.apache.catalina.util.LifecycleBase.start(LifecycleBase.java:150)
	... 10 more
Caused by: java.lang.IllegalArgumentException: The main resource set specified [C:\Users\Administrator\Documents\NetBeansProjects\test\build\web] is not valid
	at org.apache.catalina.webresources.StandardRoot.createMainResourceSet(StandardRoot.java:748)
	at org.apache.catalina.webresources.StandardRoot.startInternal(StandardRoot.java:706)
	at org.apache.catalina.util.LifecycleBase.start(LifecycleBase.java:150)
	... 13 more

01-Nov-2018 09:27:32.271 SEVERE [localhost-startStop-1] org.apache.catalina.startup.HostConfig.deployDescriptor Error deploying configuration descriptor [D:\Java\apache-tomcat-8.5.34\conf\Catalina\localhost\test.xml]
 java.lang.IllegalStateException: ContainerBase.addChild: start: org.apache.catalina.LifecycleException: Failed to start component [StandardEngine[Catalina].StandardHost[localhost].StandardContext[/test]]
	at org.apache.catalina.core.ContainerBase.addChildInternal(ContainerBase.java:758)
	at org.apache.catalina.core.ContainerBase.addChild(ContainerBase.java:730)
	at org.apache.catalina.core.StandardHost.addChild(StandardHost.java:734)
	at org.apache.catalina.startup.HostConfig.deployDescriptor(HostConfig.java:629)
	at org.apache.catalina.startup.HostConfig$DeployDescriptor.run(HostConfig.java:1839)
	at java.util.concurrent.Executors$RunnableAdapter.call(Executors.java:511)
	at java.util.concurrent.FutureTask.run(FutureTask.java:266)
	at java.util.concurrent.ThreadPoolExecutor.runWorker(ThreadPoolExecutor.java:1149)
	at java.util.concurrent.ThreadPoolExecutor$Worker.run(ThreadPoolExecutor.java:624)
	at java.lang.Thread.run(Thread.java:748)

01-Nov-2018 09:27:32.271 INFO [localhost-startStop-1] org.apache.catalina.startup.HostConfig.deployDescriptor Deployment of configuration descriptor [D:\Java\apache-tomcat-8.5.34\conf\Catalina\localhost\test.xml] has finished in [0] ms
01-Nov-2018 09:27:32.271 INFO [localhost-startStop-1] org.apache.catalina.startup.HostConfig.deployDescriptor Deploying configuration descriptor [D:\Java\apache-tomcat-8.5.34\conf\Catalina\localhost\WebApplication2.xml]
01-Nov-2018 09:27:32.958 INFO [localhost-startStop-1] org.apache.jasper.servlet.TldScanner.scanJars At least one JAR was scanned for TLDs yet contained no TLDs. Enable debug logging for this logger for a complete list of JARs that were scanned but no TLDs were found in them. Skipping unneeded JARs during scanning can improve startup time and JSP compilation time.
01-Nov-2018 09:27:32.958 INFO [localhost-startStop-1] org.apache.catalina.startup.HostConfig.deployDescriptor Deployment of configuration descriptor [D:\Java\apache-tomcat-8.5.34\conf\Catalina\localhost\WebApplication2.xml] has finished in [687] ms
01-Nov-2018 09:27:32.958 INFO [localhost-startStop-1] org.apache.catalina.startup.HostConfig.deployDescriptor Deploying configuration descriptor [D:\Java\apache-tomcat-8.5.34\conf\Catalina\localhost\WebApplication3.xml]
01-Nov-2018 09:27:33.114 INFO [localhost-startStop-1] org.apache.catalina.startup.HostConfig.deployDescriptor Deployment of configuration descriptor [D:\Java\apache-tomcat-8.5.34\conf\Catalina\localhost\WebApplication3.xml] has finished in [156] ms
01-Nov-2018 09:27:33.114 INFO [localhost-startStop-1] org.apache.catalina.startup.HostConfig.deployDirectory Deploying web application directory [D:\Java\apache-tomcat-8.5.34\webapps\docs]
01-Nov-2018 09:27:33.192 INFO [localhost-startStop-1] org.apache.catalina.startup.HostConfig.deployDirectory Deployment of web application directory [D:\Java\apache-tomcat-8.5.34\webapps\docs] has finished in [78] ms
01-Nov-2018 09:27:33.192 INFO [localhost-startStop-1] org.apache.catalina.startup.HostConfig.deployDirectory Deploying web application directory [D:\Java\apache-tomcat-8.5.34\webapps\examples]
01-Nov-2018 09:27:33.956 INFO [localhost-startStop-1] org.apache.catalina.startup.HostConfig.deployDirectory Deployment of web application directory [D:\Java\apache-tomcat-8.5.34\webapps\examples] has finished in [764] ms
01-Nov-2018 09:27:33.956 INFO [localhost-startStop-1] org.apache.catalina.startup.HostConfig.deployDirectory Deploying web application directory [D:\Java\apache-tomcat-8.5.34\webapps\host-manager]
01-Nov-2018 09:27:34.097 INFO [localhost-startStop-1] org.apache.catalina.startup.HostConfig.deployDirectory Deployment of web application directory [D:\Java\apache-tomcat-8.5.34\webapps\host-manager] has finished in [141] ms
01-Nov-2018 09:27:34.097 INFO [localhost-startStop-1] org.apache.catalina.startup.HostConfig.deployDirectory Deploying web application directory [D:\Java\apache-tomcat-8.5.34\webapps\manager]
01-Nov-2018 09:27:34.191 INFO [localhost-startStop-1] org.apache.catalina.startup.HostConfig.deployDirectory Deployment of web application directory [D:\Java\apache-tomcat-8.5.34\webapps\manager] has finished in [93] ms
01-Nov-2018 09:27:34.191 INFO [localhost-startStop-1] org.apache.catalina.startup.HostConfig.deployDirectory Deploying web application directory [D:\Java\apache-tomcat-8.5.34\webapps\ROOT]
01-Nov-2018 09:27:34.270 INFO [localhost-startStop-1] org.apache.catalina.startup.HostConfig.deployDirectory Deployment of web application directory [D:\Java\apache-tomcat-8.5.34\webapps\ROOT] has finished in [79] ms
01-Nov-2018 09:27:34.286 INFO [main] org.apache.coyote.AbstractProtocol.start Starting ProtocolHandler ["http-nio-8080"]
01-Nov-2018 09:27:34.302 INFO [main] org.apache.coyote.AbstractProtocol.start Starting ProtocolHandler ["ajp-nio-8009"]
01-Nov-2018 09:27:34.302 INFO [main] org.apache.catalina.startup.Catalina.start Server startup in 12833 ms
01-Nov-2018 09:31:36.082 INFO [http-nio-8080-exec-2] org.apache.catalina.core.StandardContext.reload Reloading Context with name [/MuaBanNha] has started
01-Nov-2018 09:31:36.784 INFO [http-nio-8080-exec-2] org.apache.jasper.servlet.TldScanner.scanJars At least one JAR was scanned for TLDs yet contained no TLDs. Enable debug logging for this logger for a complete list of JARs that were scanned but no TLDs were found in them. Skipping unneeded JARs during scanning can improve startup time and JSP compilation time.
01-Nov-2018 09:31:36.816 INFO [http-nio-8080-exec-2] org.apache.catalina.core.StandardContext.reload Reloading Context with name [/MuaBanNha] is completed
01-Nov-2018 11:28:47.788 INFO [http-nio-8080-exec-11] org.apache.catalina.core.StandardContext.reload Reloading Context with name [/MuaBanNha] has started
01-Nov-2018 11:28:47.803 WARNING [http-nio-8080-exec-11] org.apache.catalina.loader.WebappClassLoaderBase.clearReferencesJdbc The web application [MuaBanNha] registered the JDBC driver [com.mysql.jdbc.Driver] but failed to unregister it when the web application was stopped. To prevent a memory leak, the JDBC Driver has been forcibly unregistered.
01-Nov-2018 11:28:47.803 WARNING [http-nio-8080-exec-11] org.apache.catalina.loader.WebappClassLoaderBase.clearReferencesThreads The web application [MuaBanNha] appears to have started a thread named [MySQL Statement Cancellation Timer] but has failed to stop it. This is very likely to create a memory leak. Stack trace of thread:
 java.lang.Object.wait(Native Method)
 java.lang.Object.wait(Object.java:502)
 java.util.TimerThread.mainLoop(Timer.java:526)
 java.util.TimerThread.run(Timer.java:505)
01-Nov-2018 11:28:48.552 INFO [http-nio-8080-exec-11] org.apache.jasper.servlet.TldScanner.scanJars At least one JAR was scanned for TLDs yet contained no TLDs. Enable debug logging for this logger for a complete list of JARs that were scanned but no TLDs were found in them. Skipping unneeded JARs during scanning can improve startup time and JSP compilation time.
01-Nov-2018 11:28:48.568 INFO [48] org.apache.catalina.core.StandardContext.reload Reloading Context with name [/MuaBanNha] is completed
01-Nov-2018 11:28:51.867 INFO [http-nio-8080-exec-17] org.apache.catalina.core.StandardContext.reload Reloading Context with name [/MuaBanNha] has started
01-Nov-2018 11:28:52.694 INFO [http-nio-8080-exec-17] org.apache.jasper.servlet.TldScanner.scanJars At least one JAR was scanned for TLDs yet contained no TLDs. Enable debug logging for this logger for a complete list of JARs that were scanned but no TLDs were found in them. Skipping unneeded JARs during scanning can improve startup time and JSP compilation time.
01-Nov-2018 11:28:52.725 INFO [http-nio-8080-exec-17] org.apache.catalina.core.StandardContext.reload Reloading Context with name [/MuaBanNha] is completed
01-Nov-2018 11:35:22.822 INFO [http-nio-8080-exec-23] org.apache.catalina.core.StandardContext.reload Reloading Context with name [/MuaBanNha] has started
01-Nov-2018 11:35:22.869 WARNING [http-nio-8080-exec-23] org.apache.catalina.loader.WebappClassLoaderBase.clearReferencesJdbc The web application [MuaBanNha] registered the JDBC driver [com.mysql.jdbc.Driver] but failed to unregister it when the web application was stopped. To prevent a memory leak, the JDBC Driver has been forcibly unregistered.
01-Nov-2018 11:35:22.869 WARNING [http-nio-8080-exec-23] org.apache.catalina.loader.WebappClassLoaderBase.clearReferencesThreads The web application [MuaBanNha] appears to have started a thread named [MySQL Statement Cancellation Timer] but has failed to stop it. This is very likely to create a memory leak. Stack trace of thread:
 java.lang.Object.wait(Native Method)
 java.lang.Object.wait(Object.java:502)
 java.util.TimerThread.mainLoop(Timer.java:526)
 java.util.TimerThread.run(Timer.java:505)
01-Nov-2018 11:35:23.290 INFO [http-nio-8080-exec-23] org.apache.jasper.servlet.TldScanner.scanJars At least one JAR was scanned for TLDs yet contained no TLDs. Enable debug logging for this logger for a complete list of JARs that were scanned but no TLDs were found in them. Skipping unneeded JARs during scanning can improve startup time and JSP compilation time.
01-Nov-2018 11:35:23.306 INFO [http-nio-8080-exec-23] org.apache.catalina.core.StandardContext.reload Reloading Context with name [/MuaBanNha] is completed
01-Nov-2018 14:19:17.223 INFO [http-nio-8080-exec-39] org.apache.catalina.core.StandardContext.reload Reloading Context with name [/MuaBanNha] has started
01-Nov-2018 14:19:17.238 WARNING [http-nio-8080-exec-39] org.apache.catalina.loader.WebappClassLoaderBase.clearReferencesJdbc The web application [MuaBanNha] registered the JDBC driver [com.mysql.jdbc.Driver] but failed to unregister it when the web application was stopped. To prevent a memory leak, the JDBC Driver has been forcibly unregistered.
01-Nov-2018 14:19:17.239 WARNING [http-nio-8080-exec-39] org.apache.catalina.loader.WebappClassLoaderBase.clearReferencesThreads The web application [MuaBanNha] appears to have started a thread named [MySQL Statement Cancellation Timer] but has failed to stop it. This is very likely to create a memory leak. Stack trace of thread:
 java.lang.Object.wait(Native Method)
 java.lang.Object.wait(Object.java:502)
 java.util.TimerThread.mainLoop(Timer.java:526)
 java.util.TimerThread.run(Timer.java:505)
01-Nov-2018 14:19:17.748 INFO [Finalizer] org.apache.catalina.loader.WebappClassLoaderBase.checkStateForResourceLoading Illegal access: this web application instance has been stopped already. Could not load [com.mysql.jdbc.SQLError]. The following stack trace is thrown for debugging purposes as well as to attempt to terminate the thread which caused the illegal access.
 java.lang.IllegalStateException: Illegal access: this web application instance has been stopped already. Could not load [com.mysql.jdbc.SQLError]. The following stack trace is thrown for debugging purposes as well as to attempt to terminate the thread which caused the illegal access.
	at org.apache.catalina.loader.WebappClassLoaderBase.checkStateForResourceLoading(WebappClassLoaderBase.java:1329)
	at org.apache.catalina.loader.WebappClassLoaderBase.checkStateForClassLoading(WebappClassLoaderBase.java:1317)
	at org.apache.catalina.loader.WebappClassLoaderBase.loadClass(WebappClassLoaderBase.java:1176)
	at org.apache.catalina.loader.WebappClassLoaderBase.loadClass(WebappClassLoaderBase.java:1137)
	at com.mysql.jdbc.MysqlIO.send(MysqlIO.java:3134)
	at com.mysql.jdbc.MysqlIO.quit(MysqlIO.java:1616)
	at com.mysql.jdbc.ConnectionImpl.realClose(ConnectionImpl.java:4223)
	at com.mysql.jdbc.ConnectionImpl.cleanup(ConnectionImpl.java:1257)
	at com.mysql.jdbc.ConnectionImpl.finalize(ConnectionImpl.java:2663)
	at java.lang.System$2.invokeFinalize(System.java:1270)
	at java.lang.ref.Finalizer.runFinalizer(Finalizer.java:98)
	at java.lang.ref.Finalizer.access$100(Finalizer.java:34)
	at java.lang.ref.Finalizer$FinalizerThread.run(Finalizer.java:213)

01-Nov-2018 14:19:18.013 INFO [http-nio-8080-exec-39] org.apache.jasper.servlet.TldScanner.scanJars At least one JAR was scanned for TLDs yet contained no TLDs. Enable debug logging for this logger for a complete list of JARs that were scanned but no TLDs were found in them. Skipping unneeded JARs during scanning can improve startup time and JSP compilation time.
01-Nov-2018 14:19:18.124 INFO [98] org.apache.catalina.core.StandardContext.reload Reloading Context with name [/MuaBanNha] is completed
01-Nov-2018 14:28:11.741 INFO [http-nio-8080-exec-47] org.apache.catalina.core.StandardContext.reload Reloading Context with name [/MuaBanNha] has started
01-Nov-2018 14:28:11.776 WARNING [http-nio-8080-exec-47] org.apache.catalina.loader.WebappClassLoaderBase.clearReferencesJdbc The web application [MuaBanNha] registered the JDBC driver [com.mysql.jdbc.Driver] but failed to unregister it when the web application was stopped. To prevent a memory leak, the JDBC Driver has been forcibly unregistered.
01-Nov-2018 14:28:11.778 WARNING [http-nio-8080-exec-47] org.apache.catalina.loader.WebappClassLoaderBase.clearReferencesThreads The web application [MuaBanNha] appears to have started a thread named [MySQL Statement Cancellation Timer] but has failed to stop it. This is very likely to create a memory leak. Stack trace of thread:
 java.lang.Object.wait(Native Method)
 java.lang.Object.wait(Object.java:502)
 java.util.TimerThread.mainLoop(Timer.java:526)
 java.util.TimerThread.run(Timer.java:505)
01-Nov-2018 14:28:12.105 INFO [http-nio-8080-exec-47] org.apache.jasper.servlet.TldScanner.scanJars At least one JAR was scanned for TLDs yet contained no TLDs. Enable debug logging for this logger for a complete list of JARs that were scanned but no TLDs were found in them. Skipping unneeded JARs during scanning can improve startup time and JSP compilation time.
01-Nov-2018 14:28:12.167 INFO [114] org.apache.catalina.core.StandardContext.reload Reloading Context with name [/MuaBanNha] is completed
01-Nov-2018 15:05:06.748 INFO [main] org.apache.catalina.core.StandardServer.await A valid shutdown command was received via the shutdown port. Stopping the Server instance.
01-Nov-2018 15:05:06.748 INFO [main] org.apache.coyote.AbstractProtocol.pause Pausing ProtocolHandler ["http-nio-8080"]
01-Nov-2018 15:05:06.889 INFO [main] org.apache.coyote.AbstractProtocol.pause Pausing ProtocolHandler ["ajp-nio-8009"]
01-Nov-2018 15:05:06.967 INFO [main] org.apache.catalina.core.StandardService.stopInternal Stopping service [Catalina]
01-Nov-2018 15:05:07.014 WARNING [localhost-startStop-2] org.apache.catalina.loader.WebappClassLoaderBase.clearReferencesJdbc The web application [MuaBanNha] registered the JDBC driver [com.mysql.jdbc.Driver] but failed to unregister it when the web application was stopped. To prevent a memory leak, the JDBC Driver has been forcibly unregistered.
01-Nov-2018 15:05:07.014 WARNING [localhost-startStop-2] org.apache.catalina.loader.WebappClassLoaderBase.clearReferencesThreads The web application [MuaBanNha] appears to have started a thread named [MySQL Statement Cancellation Timer] but has failed to stop it. This is very likely to create a memory leak. Stack trace of thread:
 java.lang.Object.wait(Native Method)
 java.lang.Object.wait(Object.java:502)
 java.util.TimerThread.mainLoop(Timer.java:526)
 java.util.TimerThread.run(Timer.java:505)
01-Nov-2018 15:05:07.029 INFO [localhost-startStop-2] org.springframework.context.support.AbstractApplicationContext.doClose Closing WebApplicationContext for namespace 'dispatcher-servlet': startup date [Thu Nov 01 09:27:31 GMT+07:00 2018]; parent: Root WebApplicationContext
01-Nov-2018 15:05:07.029 INFO [localhost-startStop-2] org.springframework.context.support.AbstractApplicationContext.doClose Closing Root WebApplicationContext: startup date [Thu Nov 01 09:27:30 GMT+07:00 2018]; root of context hierarchy
01-Nov-2018 15:05:07.660 INFO [main] org.apache.coyote.AbstractProtocol.stop Stopping ProtocolHandler ["http-nio-8080"]
01-Nov-2018 15:05:07.660 INFO [main] org.apache.coyote.AbstractProtocol.stop Stopping ProtocolHandler ["ajp-nio-8009"]
01-Nov-2018 15:05:07.660 INFO [main] org.apache.coyote.AbstractProtocol.destroy Destroying ProtocolHandler ["http-nio-8080"]
01-Nov-2018 15:05:07.676 INFO [main] org.apache.coyote.AbstractProtocol.destroy Destroying ProtocolHandler ["ajp-nio-8009"]
01-Nov-2018 19:36:43.296 INFO [main] org.apache.catalina.startup.VersionLoggerListener.log Server version:        Apache Tomcat/8.5.34
01-Nov-2018 19:36:43.303 INFO [main] org.apache.catalina.startup.VersionLoggerListener.log Server built:          Sep 4 2018 22:28:22 UTC
01-Nov-2018 19:36:43.305 INFO [main] org.apache.catalina.startup.VersionLoggerListener.log Server number:         8.5.34.0
01-Nov-2018 19:36:43.306 INFO [main] org.apache.catalina.startup.VersionLoggerListener.log OS Name:               Windows 7
01-Nov-2018 19:36:43.306 INFO [main] org.apache.catalina.startup.VersionLoggerListener.log OS Version:            6.1
01-Nov-2018 19:36:43.307 INFO [main] org.apache.catalina.startup.VersionLoggerListener.log Architecture:          amd64
01-Nov-2018 19:36:43.307 INFO [main] org.apache.catalina.startup.VersionLoggerListener.log Java Home:             C:\Program Files\Java\jdk1.8.0_171\jre
01-Nov-2018 19:36:43.307 INFO [main] org.apache.catalina.startup.VersionLoggerListener.log JVM Version:           1.8.0_171-b11
01-Nov-2018 19:36:43.307 INFO [main] org.apache.catalina.startup.VersionLoggerListener.log JVM Vendor:            Oracle Corporation
01-Nov-2018 19:36:43.308 INFO [main] org.apache.catalina.startup.VersionLoggerListener.log CATALINA_BASE:         D:\Java\apache-tomcat-8.5.34
01-Nov-2018 19:36:43.308 INFO [main] org.apache.catalina.startup.VersionLoggerListener.log CATALINA_HOME:         D:\Java\apache-tomcat-8.5.34
01-Nov-2018 19:36:43.309 INFO [main] org.apache.catalina.startup.VersionLoggerListener.log Command line argument: -Djava.util.logging.config.file=D:\Java\apache-tomcat-8.5.34\conf\logging.properties
01-Nov-2018 19:36:43.309 INFO [main] org.apache.catalina.startup.VersionLoggerListener.log Command line argument: -Djava.util.logging.manager=org.apache.juli.ClassLoaderLogManager
01-Nov-2018 19:36:43.310 INFO [main] org.apache.catalina.startup.VersionLoggerListener.log Command line argument: -Dhttp.nonProxyHosts=localhost|127.0.0.1|Khatmau-sr
01-Nov-2018 19:36:43.310 INFO [main] org.apache.catalina.startup.VersionLoggerListener.log Command line argument: -Djdk.tls.ephemeralDHKeySize=2048
01-Nov-2018 19:36:43.310 INFO [main] org.apache.catalina.startup.VersionLoggerListener.log Command line argument: -Djava.protocol.handler.pkgs=org.apache.catalina.webresources
01-Nov-2018 19:36:43.312 INFO [main] org.apache.catalina.startup.VersionLoggerListener.log Command line argument: -Dignore.endorsed.dirs=
01-Nov-2018 19:36:43.313 INFO [main] org.apache.catalina.startup.VersionLoggerListener.log Command line argument: -Dcatalina.base=D:\Java\apache-tomcat-8.5.34
01-Nov-2018 19:36:43.313 INFO [main] org.apache.catalina.startup.VersionLoggerListener.log Command line argument: -Dcatalina.home=D:\Java\apache-tomcat-8.5.34
01-Nov-2018 19:36:43.313 INFO [main] org.apache.catalina.startup.VersionLoggerListener.log Command line argument: -Djava.io.tmpdir=D:\Java\apache-tomcat-8.5.34\temp
01-Nov-2018 19:36:43.317 INFO [main] org.apache.catalina.core.AprLifecycleListener.lifecycleEvent The APR based Apache Tomcat Native library which allows optimal performance in production environments was not found on the java.library.path: [C:\Program Files\Java\jdk1.8.0_171\bin;C:\Windows\Sun\Java\bin;C:\Windows\system32;C:\Windows;C:\Program Files (x86)\Common Files\Oracle\Java\javapath;C:\Windows\system32;C:\Windows;C:\Windows\System32\Wbem;C:\Windows\System32\WindowsPowerShell\v1.0\;C:\Program Files\dotnet\;C:\Program Files\Microsoft SQL Server\130\Tools\Binn\;;.]
01-Nov-2018 19:36:44.294 INFO [main] org.apache.coyote.AbstractProtocol.init Initializing ProtocolHandler ["http-nio-8080"]
01-Nov-2018 19:36:45.327 INFO [main] org.apache.tomcat.util.net.NioSelectorPool.getSharedSelector Using a shared selector for servlet write/read
01-Nov-2018 19:36:45.352 INFO [main] org.apache.coyote.AbstractProtocol.init Initializing ProtocolHandler ["ajp-nio-8009"]
01-Nov-2018 19:36:45.357 INFO [main] org.apache.tomcat.util.net.NioSelectorPool.getSharedSelector Using a shared selector for servlet write/read
01-Nov-2018 19:36:45.359 INFO [main] org.apache.catalina.startup.Catalina.load Initialization processed in 4096 ms
01-Nov-2018 19:36:45.714 INFO [main] org.apache.catalina.core.StandardService.startInternal Starting service [Catalina]
01-Nov-2018 19:36:45.714 INFO [main] org.apache.catalina.core.StandardEngine.startInternal Starting Servlet Engine: Apache Tomcat/8.5.34
01-Nov-2018 19:36:45.766 INFO [localhost-startStop-1] org.apache.catalina.startup.HostConfig.deployDescriptor Deploying configuration descriptor [D:\Java\apache-tomcat-8.5.34\conf\Catalina\localhost\BanHoa.xml]
01-Nov-2018 19:36:45.971 SEVERE [localhost-startStop-1] org.apache.catalina.core.ContainerBase.addChildInternal ContainerBase.addChild: start: 
 org.apache.catalina.LifecycleException: Failed to start component [StandardEngine[Catalina].StandardHost[localhost].StandardContext[/BanHoa]]
	at org.apache.catalina.util.LifecycleBase.start(LifecycleBase.java:167)
	at org.apache.catalina.core.ContainerBase.addChildInternal(ContainerBase.java:754)
	at org.apache.catalina.core.ContainerBase.addChild(ContainerBase.java:730)
	at org.apache.catalina.core.StandardHost.addChild(StandardHost.java:734)
	at org.apache.catalina.startup.HostConfig.deployDescriptor(HostConfig.java:629)
	at org.apache.catalina.startup.HostConfig$DeployDescriptor.run(HostConfig.java:1839)
	at java.util.concurrent.Executors$RunnableAdapter.call(Executors.java:511)
	at java.util.concurrent.FutureTask.run(FutureTask.java:266)
	at java.util.concurrent.ThreadPoolExecutor.runWorker(ThreadPoolExecutor.java:1149)
	at java.util.concurrent.ThreadPoolExecutor$Worker.run(ThreadPoolExecutor.java:624)
	at java.lang.Thread.run(Thread.java:748)
Caused by: org.apache.catalina.LifecycleException: Failed to start component [org.apache.catalina.webresources.StandardRoot@715c87b]
	at org.apache.catalina.util.LifecycleBase.start(LifecycleBase.java:167)
	at org.apache.catalina.core.StandardContext.resourcesStart(StandardContext.java:4907)
	at org.apache.catalina.core.StandardContext.startInternal(StandardContext.java:5042)
	at org.apache.catalina.util.LifecycleBase.start(LifecycleBase.java:150)
	... 10 more
Caused by: java.lang.IllegalArgumentException: The main resource set specified [C:\Users\Administrator\Documents\NetBeansProjects\BanHoa\build\web] is not valid
	at org.apache.catalina.webresources.StandardRoot.createMainResourceSet(StandardRoot.java:748)
	at org.apache.catalina.webresources.StandardRoot.startInternal(StandardRoot.java:706)
	at org.apache.catalina.util.LifecycleBase.start(LifecycleBase.java:150)
	... 13 more

01-Nov-2018 19:36:45.974 SEVERE [localhost-startStop-1] org.apache.catalina.startup.HostConfig.deployDescriptor Error deploying configuration descriptor [D:\Java\apache-tomcat-8.5.34\conf\Catalina\localhost\BanHoa.xml]
 java.lang.IllegalStateException: ContainerBase.addChild: start: org.apache.catalina.LifecycleException: Failed to start component [StandardEngine[Catalina].StandardHost[localhost].StandardContext[/BanHoa]]
	at org.apache.catalina.core.ContainerBase.addChildInternal(ContainerBase.java:758)
	at org.apache.catalina.core.ContainerBase.addChild(ContainerBase.java:730)
	at org.apache.catalina.core.StandardHost.addChild(StandardHost.java:734)
	at org.apache.catalina.startup.HostConfig.deployDescriptor(HostConfig.java:629)
	at org.apache.catalina.startup.HostConfig$DeployDescriptor.run(HostConfig.java:1839)
	at java.util.concurrent.Executors$RunnableAdapter.call(Executors.java:511)
	at java.util.concurrent.FutureTask.run(FutureTask.java:266)
	at java.util.concurrent.ThreadPoolExecutor.runWorker(ThreadPoolExecutor.java:1149)
	at java.util.concurrent.ThreadPoolExecutor$Worker.run(ThreadPoolExecutor.java:624)
	at java.lang.Thread.run(Thread.java:748)

01-Nov-2018 19:36:45.978 INFO [localhost-startStop-1] org.apache.catalina.startup.HostConfig.deployDescriptor Deployment of configuration descriptor [D:\Java\apache-tomcat-8.5.34\conf\Catalina\localhost\BanHoa.xml] has finished in [210] ms
01-Nov-2018 19:36:45.978 INFO [localhost-startStop-1] org.apache.catalina.startup.HostConfig.deployDescriptor Deploying configuration descriptor [D:\Java\apache-tomcat-8.5.34\conf\Catalina\localhost\MuaBanNha.xml]
01-Nov-2018 19:36:47.979 INFO [localhost-startStop-1] org.apache.jasper.servlet.TldScanner.scanJars At least one JAR was scanned for TLDs yet contained no TLDs. Enable debug logging for this logger for a complete list of JARs that were scanned but no TLDs were found in them. Skipping unneeded JARs during scanning can improve startup time and JSP compilation time.
01-Nov-2018 19:36:48.182 INFO [localhost-startStop-1] org.apache.catalina.startup.HostConfig.deployDescriptor Deployment of configuration descriptor [D:\Java\apache-tomcat-8.5.34\conf\Catalina\localhost\MuaBanNha.xml] has finished in [2,204] ms
01-Nov-2018 19:36:48.183 INFO [localhost-startStop-1] org.apache.catalina.startup.HostConfig.deployDescriptor Deploying configuration descriptor [D:\Java\apache-tomcat-8.5.34\conf\Catalina\localhost\shop.xml]
01-Nov-2018 19:36:54.648 INFO [localhost-startStop-1] org.apache.jasper.servlet.TldScanner.scanJars At least one JAR was scanned for TLDs yet contained no TLDs. Enable debug logging for this logger for a complete list of JARs that were scanned but no TLDs were found in them. Skipping unneeded JARs during scanning can improve startup time and JSP compilation time.
01-Nov-2018 19:36:54.785 INFO [localhost-startStop-1] org.springframework.web.context.ContextLoader.initWebApplicationContext Root WebApplicationContext: initialization started
01-Nov-2018 19:36:55.352 INFO [localhost-startStop-1] org.springframework.context.support.AbstractApplicationContext.prepareRefresh Refreshing Root WebApplicationContext: startup date [Thu Nov 01 19:36:55 GMT+07:00 2018]; root of context hierarchy
01-Nov-2018 19:36:55.558 INFO [localhost-startStop-1] org.springframework.beans.factory.xml.XmlBeanDefinitionReader.loadBeanDefinitions Loading XML bean definitions from ServletContext resource [/WEB-INF/applicationContext.xml]
01-Nov-2018 19:36:56.585 INFO [localhost-startStop-1] org.springframework.web.context.ContextLoader.initWebApplicationContext Root WebApplicationContext: initialization completed in 1800 ms
01-Nov-2018 19:36:56.648 INFO [localhost-startStop-1] org.springframework.web.servlet.FrameworkServlet.initServletBean FrameworkServlet 'dispatcher': initialization started
01-Nov-2018 19:36:56.669 INFO [localhost-startStop-1] org.springframework.context.support.AbstractApplicationContext.prepareRefresh Refreshing WebApplicationContext for namespace 'dispatcher-servlet': startup date [Thu Nov 01 19:36:56 GMT+07:00 2018]; parent: Root WebApplicationContext
01-Nov-2018 19:36:56.676 INFO [localhost-startStop-1] org.springframework.beans.factory.xml.XmlBeanDefinitionReader.loadBeanDefinitions Loading XML bean definitions from ServletContext resource [/WEB-INF/dispatcher-servlet.xml]
01-Nov-2018 19:36:57.070 INFO [localhost-startStop-1] org.springframework.web.servlet.handler.AbstractUrlHandlerMapping.registerHandler Mapped URL path [/index] onto handler 'indexController'
01-Nov-2018 19:36:57.272 INFO [localhost-startStop-1] org.springframework.web.servlet.FrameworkServlet.initServletBean FrameworkServlet 'dispatcher': initialization completed in 624 ms
01-Nov-2018 19:36:57.281 INFO [localhost-startStop-1] org.apache.catalina.startup.HostConfig.deployDescriptor Deployment of configuration descriptor [D:\Java\apache-tomcat-8.5.34\conf\Catalina\localhost\shop.xml] has finished in [9,097] ms
01-Nov-2018 19:36:57.281 INFO [localhost-startStop-1] org.apache.catalina.startup.HostConfig.deployDescriptor Deploying configuration descriptor [D:\Java\apache-tomcat-8.5.34\conf\Catalina\localhost\test.xml]
01-Nov-2018 19:36:57.294 SEVERE [localhost-startStop-1] org.apache.catalina.core.ContainerBase.addChildInternal ContainerBase.addChild: start: 
 org.apache.catalina.LifecycleException: Failed to start component [StandardEngine[Catalina].StandardHost[localhost].StandardContext[/test]]
	at org.apache.catalina.util.LifecycleBase.start(LifecycleBase.java:167)
	at org.apache.catalina.core.ContainerBase.addChildInternal(ContainerBase.java:754)
	at org.apache.catalina.core.ContainerBase.addChild(ContainerBase.java:730)
	at org.apache.catalina.core.StandardHost.addChild(StandardHost.java:734)
	at org.apache.catalina.startup.HostConfig.deployDescriptor(HostConfig.java:629)
	at org.apache.catalina.startup.HostConfig$DeployDescriptor.run(HostConfig.java:1839)
	at java.util.concurrent.Executors$RunnableAdapter.call(Executors.java:511)
	at java.util.concurrent.FutureTask.run(FutureTask.java:266)
	at java.util.concurrent.ThreadPoolExecutor.runWorker(ThreadPoolExecutor.java:1149)
	at java.util.concurrent.ThreadPoolExecutor$Worker.run(ThreadPoolExecutor.java:624)
	at java.lang.Thread.run(Thread.java:748)
Caused by: org.apache.catalina.LifecycleException: Failed to start component [org.apache.catalina.webresources.StandardRoot@27fb98b8]
	at org.apache.catalina.util.LifecycleBase.start(LifecycleBase.java:167)
	at org.apache.catalina.core.StandardContext.resourcesStart(StandardContext.java:4907)
	at org.apache.catalina.core.StandardContext.startInternal(StandardContext.java:5042)
	at org.apache.catalina.util.LifecycleBase.start(LifecycleBase.java:150)
	... 10 more
Caused by: java.lang.IllegalArgumentException: The main resource set specified [C:\Users\Administrator\Documents\NetBeansProjects\test\build\web] is not valid
	at org.apache.catalina.webresources.StandardRoot.createMainResourceSet(StandardRoot.java:748)
	at org.apache.catalina.webresources.StandardRoot.startInternal(StandardRoot.java:706)
	at org.apache.catalina.util.LifecycleBase.start(LifecycleBase.java:150)
	... 13 more

01-Nov-2018 19:36:57.295 SEVERE [localhost-startStop-1] org.apache.catalina.startup.HostConfig.deployDescriptor Error deploying configuration descriptor [D:\Java\apache-tomcat-8.5.34\conf\Catalina\localhost\test.xml]
 java.lang.IllegalStateException: ContainerBase.addChild: start: org.apache.catalina.LifecycleException: Failed to start component [StandardEngine[Catalina].StandardHost[localhost].StandardContext[/test]]
	at org.apache.catalina.core.ContainerBase.addChildInternal(ContainerBase.java:758)
	at org.apache.catalina.core.ContainerBase.addChild(ContainerBase.java:730)
	at org.apache.catalina.core.StandardHost.addChild(StandardHost.java:734)
	at org.apache.catalina.startup.HostConfig.deployDescriptor(HostConfig.java:629)
	at org.apache.catalina.startup.HostConfig$DeployDescriptor.run(HostConfig.java:1839)
	at java.util.concurrent.Executors$RunnableAdapter.call(Executors.java:511)
	at java.util.concurrent.FutureTask.run(FutureTask.java:266)
	at java.util.concurrent.ThreadPoolExecutor.runWorker(ThreadPoolExecutor.java:1149)
	at java.util.concurrent.ThreadPoolExecutor$Worker.run(ThreadPoolExecutor.java:624)
	at java.lang.Thread.run(Thread.java:748)

01-Nov-2018 19:36:57.297 INFO [localhost-startStop-1] org.apache.catalina.startup.HostConfig.deployDescriptor Deployment of configuration descriptor [D:\Java\apache-tomcat-8.5.34\conf\Catalina\localhost\test.xml] has finished in [15] ms
01-Nov-2018 19:36:57.297 INFO [localhost-startStop-1] org.apache.catalina.startup.HostConfig.deployDescriptor Deploying configuration descriptor [D:\Java\apache-tomcat-8.5.34\conf\Catalina\localhost\WebApplication2.xml]
01-Nov-2018 19:36:58.227 INFO [localhost-startStop-1] org.apache.jasper.servlet.TldScanner.scanJars At least one JAR was scanned for TLDs yet contained no TLDs. Enable debug logging for this logger for a complete list of JARs that were scanned but no TLDs were found in them. Skipping unneeded JARs during scanning can improve startup time and JSP compilation time.
01-Nov-2018 19:36:58.232 INFO [localhost-startStop-1] org.apache.catalina.startup.HostConfig.deployDescriptor Deployment of configuration descriptor [D:\Java\apache-tomcat-8.5.34\conf\Catalina\localhost\WebApplication2.xml] has finished in [935] ms
01-Nov-2018 19:36:58.233 INFO [localhost-startStop-1] org.apache.catalina.startup.HostConfig.deployDescriptor Deploying configuration descriptor [D:\Java\apache-tomcat-8.5.34\conf\Catalina\localhost\WebApplication3.xml]
01-Nov-2018 19:36:58.371 INFO [localhost-startStop-1] org.apache.catalina.startup.HostConfig.deployDescriptor Deployment of configuration descriptor [D:\Java\apache-tomcat-8.5.34\conf\Catalina\localhost\WebApplication3.xml] has finished in [139] ms
01-Nov-2018 19:36:58.373 INFO [localhost-startStop-1] org.apache.catalina.startup.HostConfig.deployDirectory Deploying web application directory [D:\Java\apache-tomcat-8.5.34\webapps\docs]
01-Nov-2018 19:36:58.444 INFO [localhost-startStop-1] org.apache.catalina.startup.HostConfig.deployDirectory Deployment of web application directory [D:\Java\apache-tomcat-8.5.34\webapps\docs] has finished in [71] ms
01-Nov-2018 19:36:58.445 INFO [localhost-startStop-1] org.apache.catalina.startup.HostConfig.deployDirectory Deploying web application directory [D:\Java\apache-tomcat-8.5.34\webapps\examples]
01-Nov-2018 19:36:59.391 INFO [localhost-startStop-1] org.apache.catalina.startup.HostConfig.deployDirectory Deployment of web application directory [D:\Java\apache-tomcat-8.5.34\webapps\examples] has finished in [945] ms
01-Nov-2018 19:36:59.391 INFO [localhost-startStop-1] org.apache.catalina.startup.HostConfig.deployDirectory Deploying web application directory [D:\Java\apache-tomcat-8.5.34\webapps\host-manager]
01-Nov-2018 19:36:59.499 INFO [localhost-startStop-1] org.apache.catalina.startup.HostConfig.deployDirectory Deployment of web application directory [D:\Java\apache-tomcat-8.5.34\webapps\host-manager] has finished in [108] ms
01-Nov-2018 19:36:59.499 INFO [localhost-startStop-1] org.apache.catalina.startup.HostConfig.deployDirectory Deploying web application directory [D:\Java\apache-tomcat-8.5.34\webapps\manager]
01-Nov-2018 19:36:59.583 INFO [localhost-startStop-1] org.apache.catalina.startup.HostConfig.deployDirectory Deployment of web application directory [D:\Java\apache-tomcat-8.5.34\webapps\manager] has finished in [82] ms
01-Nov-2018 19:36:59.583 INFO [localhost-startStop-1] org.apache.catalina.startup.HostConfig.deployDirectory Deploying web application directory [D:\Java\apache-tomcat-8.5.34\webapps\ROOT]
01-Nov-2018 19:36:59.642 INFO [localhost-startStop-1] org.apache.catalina.startup.HostConfig.deployDirectory Deployment of web application directory [D:\Java\apache-tomcat-8.5.34\webapps\ROOT] has finished in [58] ms
01-Nov-2018 19:36:59.688 INFO [main] org.apache.coyote.AbstractProtocol.start Starting ProtocolHandler ["http-nio-8080"]
01-Nov-2018 19:36:59.753 INFO [main] org.apache.coyote.AbstractProtocol.start Starting ProtocolHandler ["ajp-nio-8009"]
01-Nov-2018 19:36:59.761 INFO [main] org.apache.catalina.startup.Catalina.start Server startup in 14402 ms
01-Nov-2018 20:47:27.339 INFO [main] org.apache.catalina.core.StandardServer.await A valid shutdown command was received via the shutdown port. Stopping the Server instance.
01-Nov-2018 20:47:27.341 INFO [main] org.apache.coyote.AbstractProtocol.pause Pausing ProtocolHandler ["http-nio-8080"]
01-Nov-2018 20:47:27.512 INFO [main] org.apache.coyote.AbstractProtocol.pause Pausing ProtocolHandler ["ajp-nio-8009"]
01-Nov-2018 20:47:27.755 INFO [main] org.apache.catalina.core.StandardService.stopInternal Stopping service [Catalina]
01-Nov-2018 20:47:28.142 WARNING [localhost-startStop-2] org.apache.catalina.loader.WebappClassLoaderBase.clearReferencesJdbc The web application [MuaBanNha] registered the JDBC driver [com.mysql.jdbc.Driver] but failed to unregister it when the web application was stopped. To prevent a memory leak, the JDBC Driver has been forcibly unregistered.
01-Nov-2018 20:47:28.144 WARNING [localhost-startStop-2] org.apache.catalina.loader.WebappClassLoaderBase.clearReferencesThreads The web application [MuaBanNha] appears to have started a thread named [MySQL Statement Cancellation Timer] but has failed to stop it. This is very likely to create a memory leak. Stack trace of thread:
 java.lang.Object.wait(Native Method)
 java.lang.Object.wait(Object.java:502)
 java.util.TimerThread.mainLoop(Timer.java:526)
 java.util.TimerThread.run(Timer.java:505)
01-Nov-2018 20:47:28.175 INFO [localhost-startStop-2] org.springframework.context.support.AbstractApplicationContext.doClose Closing WebApplicationContext for namespace 'dispatcher-servlet': startup date [Thu Nov 01 19:36:56 GMT+07:00 2018]; parent: Root WebApplicationContext
01-Nov-2018 20:47:28.185 INFO [localhost-startStop-2] org.springframework.context.support.AbstractApplicationContext.doClose Closing Root WebApplicationContext: startup date [Thu Nov 01 19:36:55 GMT+07:00 2018]; root of context hierarchy
01-Nov-2018 20:47:30.392 INFO [main] org.apache.coyote.AbstractProtocol.stop Stopping ProtocolHandler ["http-nio-8080"]
01-Nov-2018 20:47:30.407 INFO [main] org.apache.coyote.AbstractProtocol.stop Stopping ProtocolHandler ["ajp-nio-8009"]
01-Nov-2018 20:47:30.411 INFO [main] org.apache.coyote.AbstractProtocol.destroy Destroying ProtocolHandler ["http-nio-8080"]
01-Nov-2018 20:47:30.412 INFO [main] org.apache.coyote.AbstractProtocol.destroy Destroying ProtocolHandler ["ajp-nio-8009"]
