15-Nov-2018 08:18:26.548 INFO [main] org.apache.catalina.startup.VersionLoggerListener.log Server version:        Apache Tomcat/8.5.34
15-Nov-2018 08:18:26.564 INFO [main] org.apache.catalina.startup.VersionLoggerListener.log Server built:          Sep 4 2018 22:28:22 UTC
15-Nov-2018 08:18:26.564 INFO [main] org.apache.catalina.startup.VersionLoggerListener.log Server number:         8.5.34.0
15-Nov-2018 08:18:26.564 INFO [main] org.apache.catalina.startup.VersionLoggerListener.log OS Name:               Windows 7
15-Nov-2018 08:18:26.564 INFO [main] org.apache.catalina.startup.VersionLoggerListener.log OS Version:            6.1
15-Nov-2018 08:18:26.564 INFO [main] org.apache.catalina.startup.VersionLoggerListener.log Architecture:          amd64
15-Nov-2018 08:18:26.564 INFO [main] org.apache.catalina.startup.VersionLoggerListener.log Java Home:             C:\Program Files\Java\jdk1.8.0_171\jre
15-Nov-2018 08:18:26.564 INFO [main] org.apache.catalina.startup.VersionLoggerListener.log JVM Version:           1.8.0_171-b11
15-Nov-2018 08:18:26.564 INFO [main] org.apache.catalina.startup.VersionLoggerListener.log JVM Vendor:            Oracle Corporation
15-Nov-2018 08:18:26.564 INFO [main] org.apache.catalina.startup.VersionLoggerListener.log CATALINA_BASE:         D:\Java\apache-tomcat-8.5.34
15-Nov-2018 08:18:26.564 INFO [main] org.apache.catalina.startup.VersionLoggerListener.log CATALINA_HOME:         D:\Java\apache-tomcat-8.5.34
15-Nov-2018 08:18:26.564 INFO [main] org.apache.catalina.startup.VersionLoggerListener.log Command line argument: -Djava.util.logging.config.file=D:\Java\apache-tomcat-8.5.34\conf\logging.properties
15-Nov-2018 08:18:26.564 INFO [main] org.apache.catalina.startup.VersionLoggerListener.log Command line argument: -Djava.util.logging.manager=org.apache.juli.ClassLoaderLogManager
15-Nov-2018 08:18:26.564 INFO [main] org.apache.catalina.startup.VersionLoggerListener.log Command line argument: -Dhttp.nonProxyHosts=localhost|127.0.0.1|2DFPCVKWUZTOSY4
15-Nov-2018 08:18:26.564 INFO [main] org.apache.catalina.startup.VersionLoggerListener.log Command line argument: -Djdk.tls.ephemeralDHKeySize=2048
15-Nov-2018 08:18:26.564 INFO [main] org.apache.catalina.startup.VersionLoggerListener.log Command line argument: -Djava.protocol.handler.pkgs=org.apache.catalina.webresources
15-Nov-2018 08:18:26.564 INFO [main] org.apache.catalina.startup.VersionLoggerListener.log Command line argument: -Dignore.endorsed.dirs=
15-Nov-2018 08:18:26.564 INFO [main] org.apache.catalina.startup.VersionLoggerListener.log Command line argument: -Dcatalina.base=D:\Java\apache-tomcat-8.5.34
15-Nov-2018 08:18:26.564 INFO [main] org.apache.catalina.startup.VersionLoggerListener.log Command line argument: -Dcatalina.home=D:\Java\apache-tomcat-8.5.34
15-Nov-2018 08:18:26.564 INFO [main] org.apache.catalina.startup.VersionLoggerListener.log Command line argument: -Djava.io.tmpdir=D:\Java\apache-tomcat-8.5.34\temp
15-Nov-2018 08:18:26.564 INFO [main] org.apache.catalina.core.AprLifecycleListener.lifecycleEvent The APR based Apache Tomcat Native library which allows optimal performance in production environments was not found on the java.library.path: [C:\Program Files\Java\jdk1.8.0_171\bin;C:\Windows\Sun\Java\bin;C:\Windows\system32;C:\Windows;C:\Windows\system32;C:\Windows;C:\Windows\System32\Wbem;C:\Windows\System32\WindowsPowerShell\v1.0\;C:\Program Files\Microsoft SQL Server\120\DTS\Binn\;C:\Program Files\Microsoft SQL Server\Client SDK\ODBC\110\Tools\Binn\;C:\Program Files (x86)\Microsoft SQL Server\120\Tools\Binn\;C:\Program Files\Microsoft SQL Server\120\Tools\Binn\;C:\Program Files (x86)\Microsoft SQL Server\120\Tools\Binn\ManagementStudio\;C:\Program Files (x86)\Microsoft SQL Server\120\DTS\Binn\;.]
15-Nov-2018 08:18:27.032 INFO [main] org.apache.coyote.AbstractProtocol.init Initializing ProtocolHandler ["http-nio-8080"]
15-Nov-2018 08:18:27.453 INFO [main] org.apache.tomcat.util.net.NioSelectorPool.getSharedSelector Using a shared selector for servlet write/read
15-Nov-2018 08:18:27.484 INFO [main] org.apache.coyote.AbstractProtocol.init Initializing ProtocolHandler ["ajp-nio-8009"]
15-Nov-2018 08:18:27.484 INFO [main] org.apache.tomcat.util.net.NioSelectorPool.getSharedSelector Using a shared selector for servlet write/read
15-Nov-2018 08:18:27.484 INFO [main] org.apache.catalina.startup.Catalina.load Initialization processed in 2904 ms
15-Nov-2018 08:18:27.578 INFO [main] org.apache.catalina.core.StandardService.startInternal Starting service [Catalina]
15-Nov-2018 08:18:27.578 INFO [main] org.apache.catalina.core.StandardEngine.startInternal Starting Servlet Engine: Apache Tomcat/8.5.34
15-Nov-2018 08:18:27.671 INFO [localhost-startStop-1] org.apache.catalina.startup.HostConfig.deployDescriptor Deploying configuration descriptor [D:\Java\apache-tomcat-8.5.34\conf\Catalina\localhost\MuaBanNha.xml]
15-Nov-2018 08:18:27.874 SEVERE [localhost-startStop-1] org.apache.catalina.core.ContainerBase.addChildInternal ContainerBase.addChild: start: 
 org.apache.catalina.LifecycleException: Failed to start component [StandardEngine[Catalina].StandardHost[localhost].StandardContext[/MuaBanNha]]
	at org.apache.catalina.util.LifecycleBase.start(LifecycleBase.java:167)
	at org.apache.catalina.core.ContainerBase.addChildInternal(ContainerBase.java:754)
	at org.apache.catalina.core.ContainerBase.addChild(ContainerBase.java:730)
	at org.apache.catalina.core.StandardHost.addChild(StandardHost.java:734)
	at org.apache.catalina.startup.HostConfig.deployDescriptor(HostConfig.java:629)
	at org.apache.catalina.startup.HostConfig$DeployDescriptor.run(HostConfig.java:1839)
	at java.util.concurrent.Executors$RunnableAdapter.call(Executors.java:511)
	at java.util.concurrent.FutureTask.run(FutureTask.java:266)
	at java.util.concurrent.ThreadPoolExecutor.runWorker(ThreadPoolExecutor.java:1149)
	at java.util.concurrent.ThreadPoolExecutor$Worker.run(ThreadPoolExecutor.java:624)
	at java.lang.Thread.run(Thread.java:748)
Caused by: org.apache.catalina.LifecycleException: Failed to start component [org.apache.catalina.webresources.StandardRoot@1fb47713]
	at org.apache.catalina.util.LifecycleBase.start(LifecycleBase.java:167)
	at org.apache.catalina.core.StandardContext.resourcesStart(StandardContext.java:4907)
	at org.apache.catalina.core.StandardContext.startInternal(StandardContext.java:5042)
	at org.apache.catalina.util.LifecycleBase.start(LifecycleBase.java:150)
	... 10 more
Caused by: java.lang.IllegalArgumentException: The main resource set specified [C:\Users\Administrator\Documents\NetBeansProjects\MuaBanNha\build\web] is not valid
	at org.apache.catalina.webresources.StandardRoot.createMainResourceSet(StandardRoot.java:748)
	at org.apache.catalina.webresources.StandardRoot.startInternal(StandardRoot.java:706)
	at org.apache.catalina.util.LifecycleBase.start(LifecycleBase.java:150)
	... 13 more

15-Nov-2018 08:18:27.874 SEVERE [localhost-startStop-1] org.apache.catalina.startup.HostConfig.deployDescriptor Error deploying configuration descriptor [D:\Java\apache-tomcat-8.5.34\conf\Catalina\localhost\MuaBanNha.xml]
 java.lang.IllegalStateException: ContainerBase.addChild: start: org.apache.catalina.LifecycleException: Failed to start component [StandardEngine[Catalina].StandardHost[localhost].StandardContext[/MuaBanNha]]
	at org.apache.catalina.core.ContainerBase.addChildInternal(ContainerBase.java:758)
	at org.apache.catalina.core.ContainerBase.addChild(ContainerBase.java:730)
	at org.apache.catalina.core.StandardHost.addChild(StandardHost.java:734)
	at org.apache.catalina.startup.HostConfig.deployDescriptor(HostConfig.java:629)
	at org.apache.catalina.startup.HostConfig$DeployDescriptor.run(HostConfig.java:1839)
	at java.util.concurrent.Executors$RunnableAdapter.call(Executors.java:511)
	at java.util.concurrent.FutureTask.run(FutureTask.java:266)
	at java.util.concurrent.ThreadPoolExecutor.runWorker(ThreadPoolExecutor.java:1149)
	at java.util.concurrent.ThreadPoolExecutor$Worker.run(ThreadPoolExecutor.java:624)
	at java.lang.Thread.run(Thread.java:748)

15-Nov-2018 08:18:27.890 INFO [localhost-startStop-1] org.apache.catalina.startup.HostConfig.deployDescriptor Deployment of configuration descriptor [D:\Java\apache-tomcat-8.5.34\conf\Catalina\localhost\MuaBanNha.xml] has finished in [219] ms
15-Nov-2018 08:18:27.890 INFO [localhost-startStop-1] org.apache.catalina.startup.HostConfig.deployDescriptor Deploying configuration descriptor [D:\Java\apache-tomcat-8.5.34\conf\Catalina\localhost\QuanLyNhanSuVaTienLuong.xml]
15-Nov-2018 08:18:27.905 SEVERE [localhost-startStop-1] org.apache.catalina.core.ContainerBase.addChildInternal ContainerBase.addChild: start: 
 org.apache.catalina.LifecycleException: Failed to start component [StandardEngine[Catalina].StandardHost[localhost].StandardContext[/QuanLyNhanSuVaTienLuong]]
	at org.apache.catalina.util.LifecycleBase.start(LifecycleBase.java:167)
	at org.apache.catalina.core.ContainerBase.addChildInternal(ContainerBase.java:754)
	at org.apache.catalina.core.ContainerBase.addChild(ContainerBase.java:730)
	at org.apache.catalina.core.StandardHost.addChild(StandardHost.java:734)
	at org.apache.catalina.startup.HostConfig.deployDescriptor(HostConfig.java:629)
	at org.apache.catalina.startup.HostConfig$DeployDescriptor.run(HostConfig.java:1839)
	at java.util.concurrent.Executors$RunnableAdapter.call(Executors.java:511)
	at java.util.concurrent.FutureTask.run(FutureTask.java:266)
	at java.util.concurrent.ThreadPoolExecutor.runWorker(ThreadPoolExecutor.java:1149)
	at java.util.concurrent.ThreadPoolExecutor$Worker.run(ThreadPoolExecutor.java:624)
	at java.lang.Thread.run(Thread.java:748)
Caused by: org.apache.catalina.LifecycleException: Failed to start component [org.apache.catalina.webresources.StandardRoot@5e3ef2c4]
	at org.apache.catalina.util.LifecycleBase.start(LifecycleBase.java:167)
	at org.apache.catalina.core.StandardContext.resourcesStart(StandardContext.java:4907)
	at org.apache.catalina.core.StandardContext.startInternal(StandardContext.java:5042)
	at org.apache.catalina.util.LifecycleBase.start(LifecycleBase.java:150)
	... 10 more
Caused by: java.lang.IllegalArgumentException: The main resource set specified [C:\Users\Administrator\Documents\NetBeansProjects\QuanLyNhanSuVaTienLuong\build\web] is not valid
	at org.apache.catalina.webresources.StandardRoot.createMainResourceSet(StandardRoot.java:748)
	at org.apache.catalina.webresources.StandardRoot.startInternal(StandardRoot.java:706)
	at org.apache.catalina.util.LifecycleBase.start(LifecycleBase.java:150)
	... 13 more

15-Nov-2018 08:18:27.921 SEVERE [localhost-startStop-1] org.apache.catalina.startup.HostConfig.deployDescriptor Error deploying configuration descriptor [D:\Java\apache-tomcat-8.5.34\conf\Catalina\localhost\QuanLyNhanSuVaTienLuong.xml]
 java.lang.IllegalStateException: ContainerBase.addChild: start: org.apache.catalina.LifecycleException: Failed to start component [StandardEngine[Catalina].StandardHost[localhost].StandardContext[/QuanLyNhanSuVaTienLuong]]
	at org.apache.catalina.core.ContainerBase.addChildInternal(ContainerBase.java:758)
	at org.apache.catalina.core.ContainerBase.addChild(ContainerBase.java:730)
	at org.apache.catalina.core.StandardHost.addChild(StandardHost.java:734)
	at org.apache.catalina.startup.HostConfig.deployDescriptor(HostConfig.java:629)
	at org.apache.catalina.startup.HostConfig$DeployDescriptor.run(HostConfig.java:1839)
	at java.util.concurrent.Executors$RunnableAdapter.call(Executors.java:511)
	at java.util.concurrent.FutureTask.run(FutureTask.java:266)
	at java.util.concurrent.ThreadPoolExecutor.runWorker(ThreadPoolExecutor.java:1149)
	at java.util.concurrent.ThreadPoolExecutor$Worker.run(ThreadPoolExecutor.java:624)
	at java.lang.Thread.run(Thread.java:748)

15-Nov-2018 08:18:28.155 INFO [localhost-startStop-1] org.apache.catalina.startup.HostConfig.deployDescriptor Deployment of configuration descriptor [D:\Java\apache-tomcat-8.5.34\conf\Catalina\localhost\QuanLyNhanSuVaTienLuong.xml] has finished in [265] ms
15-Nov-2018 08:18:28.155 INFO [localhost-startStop-1] org.apache.catalina.startup.HostConfig.deployDescriptor Deploying configuration descriptor [D:\Java\apache-tomcat-8.5.34\conf\Catalina\localhost\shop.xml]
15-Nov-2018 08:18:28.170 SEVERE [localhost-startStop-1] org.apache.catalina.core.ContainerBase.addChildInternal ContainerBase.addChild: start: 
 org.apache.catalina.LifecycleException: Failed to start component [StandardEngine[Catalina].StandardHost[localhost].StandardContext[/shop]]
	at org.apache.catalina.util.LifecycleBase.start(LifecycleBase.java:167)
	at org.apache.catalina.core.ContainerBase.addChildInternal(ContainerBase.java:754)
	at org.apache.catalina.core.ContainerBase.addChild(ContainerBase.java:730)
	at org.apache.catalina.core.StandardHost.addChild(StandardHost.java:734)
	at org.apache.catalina.startup.HostConfig.deployDescriptor(HostConfig.java:629)
	at org.apache.catalina.startup.HostConfig$DeployDescriptor.run(HostConfig.java:1839)
	at java.util.concurrent.Executors$RunnableAdapter.call(Executors.java:511)
	at java.util.concurrent.FutureTask.run(FutureTask.java:266)
	at java.util.concurrent.ThreadPoolExecutor.runWorker(ThreadPoolExecutor.java:1149)
	at java.util.concurrent.ThreadPoolExecutor$Worker.run(ThreadPoolExecutor.java:624)
	at java.lang.Thread.run(Thread.java:748)
Caused by: org.apache.catalina.LifecycleException: Failed to start component [org.apache.catalina.webresources.StandardRoot@7d3d8179]
	at org.apache.catalina.util.LifecycleBase.start(LifecycleBase.java:167)
	at org.apache.catalina.core.StandardContext.resourcesStart(StandardContext.java:4907)
	at org.apache.catalina.core.StandardContext.startInternal(StandardContext.java:5042)
	at org.apache.catalina.util.LifecycleBase.start(LifecycleBase.java:150)
	... 10 more
Caused by: java.lang.IllegalArgumentException: The main resource set specified [C:\Users\Administrator\Documents\NetBeansProjects\shop\build\web] is not valid
	at org.apache.catalina.webresources.StandardRoot.createMainResourceSet(StandardRoot.java:748)
	at org.apache.catalina.webresources.StandardRoot.startInternal(StandardRoot.java:706)
	at org.apache.catalina.util.LifecycleBase.start(LifecycleBase.java:150)
	... 13 more

15-Nov-2018 08:18:28.170 SEVERE [localhost-startStop-1] org.apache.catalina.startup.HostConfig.deployDescriptor Error deploying configuration descriptor [D:\Java\apache-tomcat-8.5.34\conf\Catalina\localhost\shop.xml]
 java.lang.IllegalStateException: ContainerBase.addChild: start: org.apache.catalina.LifecycleException: Failed to start component [StandardEngine[Catalina].StandardHost[localhost].StandardContext[/shop]]
	at org.apache.catalina.core.ContainerBase.addChildInternal(ContainerBase.java:758)
	at org.apache.catalina.core.ContainerBase.addChild(ContainerBase.java:730)
	at org.apache.catalina.core.StandardHost.addChild(StandardHost.java:734)
	at org.apache.catalina.startup.HostConfig.deployDescriptor(HostConfig.java:629)
	at org.apache.catalina.startup.HostConfig$DeployDescriptor.run(HostConfig.java:1839)
	at java.util.concurrent.Executors$RunnableAdapter.call(Executors.java:511)
	at java.util.concurrent.FutureTask.run(FutureTask.java:266)
	at java.util.concurrent.ThreadPoolExecutor.runWorker(ThreadPoolExecutor.java:1149)
	at java.util.concurrent.ThreadPoolExecutor$Worker.run(ThreadPoolExecutor.java:624)
	at java.lang.Thread.run(Thread.java:748)

15-Nov-2018 08:18:28.170 INFO [localhost-startStop-1] org.apache.catalina.startup.HostConfig.deployDescriptor Deployment of configuration descriptor [D:\Java\apache-tomcat-8.5.34\conf\Catalina\localhost\shop.xml] has finished in [15] ms
15-Nov-2018 08:18:28.170 INFO [localhost-startStop-1] org.apache.catalina.startup.HostConfig.deployDescriptor Deploying configuration descriptor [D:\Java\apache-tomcat-8.5.34\conf\Catalina\localhost\SpringMVC.xml]
15-Nov-2018 08:18:28.295 SEVERE [localhost-startStop-1] org.apache.catalina.core.ContainerBase.addChildInternal ContainerBase.addChild: start: 
 org.apache.catalina.LifecycleException: Failed to start component [StandardEngine[Catalina].StandardHost[localhost].StandardContext[/SpringMVC]]
	at org.apache.catalina.util.LifecycleBase.start(LifecycleBase.java:167)
	at org.apache.catalina.core.ContainerBase.addChildInternal(ContainerBase.java:754)
	at org.apache.catalina.core.ContainerBase.addChild(ContainerBase.java:730)
	at org.apache.catalina.core.StandardHost.addChild(StandardHost.java:734)
	at org.apache.catalina.startup.HostConfig.deployDescriptor(HostConfig.java:629)
	at org.apache.catalina.startup.HostConfig$DeployDescriptor.run(HostConfig.java:1839)
	at java.util.concurrent.Executors$RunnableAdapter.call(Executors.java:511)
	at java.util.concurrent.FutureTask.run(FutureTask.java:266)
	at java.util.concurrent.ThreadPoolExecutor.runWorker(ThreadPoolExecutor.java:1149)
	at java.util.concurrent.ThreadPoolExecutor$Worker.run(ThreadPoolExecutor.java:624)
	at java.lang.Thread.run(Thread.java:748)
Caused by: org.apache.catalina.LifecycleException: Failed to start component [org.apache.catalina.webresources.StandardRoot@bb9fc4c]
	at org.apache.catalina.util.LifecycleBase.start(LifecycleBase.java:167)
	at org.apache.catalina.core.StandardContext.resourcesStart(StandardContext.java:4907)
	at org.apache.catalina.core.StandardContext.startInternal(StandardContext.java:5042)
	at org.apache.catalina.util.LifecycleBase.start(LifecycleBase.java:150)
	... 10 more
Caused by: java.lang.IllegalArgumentException: The main resource set specified [C:\Users\Administrator\Documents\NetBeansProjects\SpringMVC\build\web] is not valid
	at org.apache.catalina.webresources.StandardRoot.createMainResourceSet(StandardRoot.java:748)
	at org.apache.catalina.webresources.StandardRoot.startInternal(StandardRoot.java:706)
	at org.apache.catalina.util.LifecycleBase.start(LifecycleBase.java:150)
	... 13 more

15-Nov-2018 08:18:28.295 SEVERE [localhost-startStop-1] org.apache.catalina.startup.HostConfig.deployDescriptor Error deploying configuration descriptor [D:\Java\apache-tomcat-8.5.34\conf\Catalina\localhost\SpringMVC.xml]
 java.lang.IllegalStateException: ContainerBase.addChild: start: org.apache.catalina.LifecycleException: Failed to start component [StandardEngine[Catalina].StandardHost[localhost].StandardContext[/SpringMVC]]
	at org.apache.catalina.core.ContainerBase.addChildInternal(ContainerBase.java:758)
	at org.apache.catalina.core.ContainerBase.addChild(ContainerBase.java:730)
	at org.apache.catalina.core.StandardHost.addChild(StandardHost.java:734)
	at org.apache.catalina.startup.HostConfig.deployDescriptor(HostConfig.java:629)
	at org.apache.catalina.startup.HostConfig$DeployDescriptor.run(HostConfig.java:1839)
	at java.util.concurrent.Executors$RunnableAdapter.call(Executors.java:511)
	at java.util.concurrent.FutureTask.run(FutureTask.java:266)
	at java.util.concurrent.ThreadPoolExecutor.runWorker(ThreadPoolExecutor.java:1149)
	at java.util.concurrent.ThreadPoolExecutor$Worker.run(ThreadPoolExecutor.java:624)
	at java.lang.Thread.run(Thread.java:748)

15-Nov-2018 08:18:28.295 INFO [localhost-startStop-1] org.apache.catalina.startup.HostConfig.deployDescriptor Deployment of configuration descriptor [D:\Java\apache-tomcat-8.5.34\conf\Catalina\localhost\SpringMVC.xml] has finished in [125] ms
15-Nov-2018 08:18:28.295 INFO [localhost-startStop-1] org.apache.catalina.startup.HostConfig.deployDescriptor Deploying configuration descriptor [D:\Java\apache-tomcat-8.5.34\conf\Catalina\localhost\test.xml]
15-Nov-2018 08:18:28.311 SEVERE [localhost-startStop-1] org.apache.catalina.core.ContainerBase.addChildInternal ContainerBase.addChild: start: 
 org.apache.catalina.LifecycleException: Failed to start component [StandardEngine[Catalina].StandardHost[localhost].StandardContext[/test]]
	at org.apache.catalina.util.LifecycleBase.start(LifecycleBase.java:167)
	at org.apache.catalina.core.ContainerBase.addChildInternal(ContainerBase.java:754)
	at org.apache.catalina.core.ContainerBase.addChild(ContainerBase.java:730)
	at org.apache.catalina.core.StandardHost.addChild(StandardHost.java:734)
	at org.apache.catalina.startup.HostConfig.deployDescriptor(HostConfig.java:629)
	at org.apache.catalina.startup.HostConfig$DeployDescriptor.run(HostConfig.java:1839)
	at java.util.concurrent.Executors$RunnableAdapter.call(Executors.java:511)
	at java.util.concurrent.FutureTask.run(FutureTask.java:266)
	at java.util.concurrent.ThreadPoolExecutor.runWorker(ThreadPoolExecutor.java:1149)
	at java.util.concurrent.ThreadPoolExecutor$Worker.run(ThreadPoolExecutor.java:624)
	at java.lang.Thread.run(Thread.java:748)
Caused by: org.apache.catalina.LifecycleException: Failed to start component [org.apache.catalina.webresources.StandardRoot@32bc8014]
	at org.apache.catalina.util.LifecycleBase.start(LifecycleBase.java:167)
	at org.apache.catalina.core.StandardContext.resourcesStart(StandardContext.java:4907)
	at org.apache.catalina.core.StandardContext.startInternal(StandardContext.java:5042)
	at org.apache.catalina.util.LifecycleBase.start(LifecycleBase.java:150)
	... 10 more
Caused by: java.lang.IllegalArgumentException: The main resource set specified [C:\Users\Administrator\Documents\NetBeansProjects\test\build\web] is not valid
	at org.apache.catalina.webresources.StandardRoot.createMainResourceSet(StandardRoot.java:748)
	at org.apache.catalina.webresources.StandardRoot.startInternal(StandardRoot.java:706)
	at org.apache.catalina.util.LifecycleBase.start(LifecycleBase.java:150)
	... 13 more

15-Nov-2018 08:18:28.389 SEVERE [localhost-startStop-1] org.apache.catalina.startup.HostConfig.deployDescriptor Error deploying configuration descriptor [D:\Java\apache-tomcat-8.5.34\conf\Catalina\localhost\test.xml]
 java.lang.IllegalStateException: ContainerBase.addChild: start: org.apache.catalina.LifecycleException: Failed to start component [StandardEngine[Catalina].StandardHost[localhost].StandardContext[/test]]
	at org.apache.catalina.core.ContainerBase.addChildInternal(ContainerBase.java:758)
	at org.apache.catalina.core.ContainerBase.addChild(ContainerBase.java:730)
	at org.apache.catalina.core.StandardHost.addChild(StandardHost.java:734)
	at org.apache.catalina.startup.HostConfig.deployDescriptor(HostConfig.java:629)
	at org.apache.catalina.startup.HostConfig$DeployDescriptor.run(HostConfig.java:1839)
	at java.util.concurrent.Executors$RunnableAdapter.call(Executors.java:511)
	at java.util.concurrent.FutureTask.run(FutureTask.java:266)
	at java.util.concurrent.ThreadPoolExecutor.runWorker(ThreadPoolExecutor.java:1149)
	at java.util.concurrent.ThreadPoolExecutor$Worker.run(ThreadPoolExecutor.java:624)
	at java.lang.Thread.run(Thread.java:748)

15-Nov-2018 08:18:28.389 INFO [localhost-startStop-1] org.apache.catalina.startup.HostConfig.deployDescriptor Deployment of configuration descriptor [D:\Java\apache-tomcat-8.5.34\conf\Catalina\localhost\test.xml] has finished in [94] ms
15-Nov-2018 08:18:28.389 INFO [localhost-startStop-1] org.apache.catalina.startup.HostConfig.deployDescriptor Deploying configuration descriptor [D:\Java\apache-tomcat-8.5.34\conf\Catalina\localhost\WebApplication2.xml]
15-Nov-2018 08:18:28.498 SEVERE [localhost-startStop-1] org.apache.catalina.core.ContainerBase.addChildInternal ContainerBase.addChild: start: 
 org.apache.catalina.LifecycleException: Failed to start component [StandardEngine[Catalina].StandardHost[localhost].StandardContext[/WebApplication2]]
	at org.apache.catalina.util.LifecycleBase.start(LifecycleBase.java:167)
	at org.apache.catalina.core.ContainerBase.addChildInternal(ContainerBase.java:754)
	at org.apache.catalina.core.ContainerBase.addChild(ContainerBase.java:730)
	at org.apache.catalina.core.StandardHost.addChild(StandardHost.java:734)
	at org.apache.catalina.startup.HostConfig.deployDescriptor(HostConfig.java:629)
	at org.apache.catalina.startup.HostConfig$DeployDescriptor.run(HostConfig.java:1839)
	at java.util.concurrent.Executors$RunnableAdapter.call(Executors.java:511)
	at java.util.concurrent.FutureTask.run(FutureTask.java:266)
	at java.util.concurrent.ThreadPoolExecutor.runWorker(ThreadPoolExecutor.java:1149)
	at java.util.concurrent.ThreadPoolExecutor$Worker.run(ThreadPoolExecutor.java:624)
	at java.lang.Thread.run(Thread.java:748)
Caused by: org.apache.catalina.LifecycleException: Failed to start component [org.apache.catalina.webresources.StandardRoot@3b44c7aa]
	at org.apache.catalina.util.LifecycleBase.start(LifecycleBase.java:167)
	at org.apache.catalina.core.StandardContext.resourcesStart(StandardContext.java:4907)
	at org.apache.catalina.core.StandardContext.startInternal(StandardContext.java:5042)
	at org.apache.catalina.util.LifecycleBase.start(LifecycleBase.java:150)
	... 10 more
Caused by: java.lang.IllegalArgumentException: The main resource set specified [C:\Users\Administrator\Documents\NetBeansProjects\WebApplication2\build\web] is not valid
	at org.apache.catalina.webresources.StandardRoot.createMainResourceSet(StandardRoot.java:748)
	at org.apache.catalina.webresources.StandardRoot.startInternal(StandardRoot.java:706)
	at org.apache.catalina.util.LifecycleBase.start(LifecycleBase.java:150)
	... 13 more

15-Nov-2018 08:18:28.498 SEVERE [localhost-startStop-1] org.apache.catalina.startup.HostConfig.deployDescriptor Error deploying configuration descriptor [D:\Java\apache-tomcat-8.5.34\conf\Catalina\localhost\WebApplication2.xml]
 java.lang.IllegalStateException: ContainerBase.addChild: start: org.apache.catalina.LifecycleException: Failed to start component [StandardEngine[Catalina].StandardHost[localhost].StandardContext[/WebApplication2]]
	at org.apache.catalina.core.ContainerBase.addChildInternal(ContainerBase.java:758)
	at org.apache.catalina.core.ContainerBase.addChild(ContainerBase.java:730)
	at org.apache.catalina.core.StandardHost.addChild(StandardHost.java:734)
	at org.apache.catalina.startup.HostConfig.deployDescriptor(HostConfig.java:629)
	at org.apache.catalina.startup.HostConfig$DeployDescriptor.run(HostConfig.java:1839)
	at java.util.concurrent.Executors$RunnableAdapter.call(Executors.java:511)
	at java.util.concurrent.FutureTask.run(FutureTask.java:266)
	at java.util.concurrent.ThreadPoolExecutor.runWorker(ThreadPoolExecutor.java:1149)
	at java.util.concurrent.ThreadPoolExecutor$Worker.run(ThreadPoolExecutor.java:624)
	at java.lang.Thread.run(Thread.java:748)

15-Nov-2018 08:18:28.498 INFO [localhost-startStop-1] org.apache.catalina.startup.HostConfig.deployDescriptor Deployment of configuration descriptor [D:\Java\apache-tomcat-8.5.34\conf\Catalina\localhost\WebApplication2.xml] has finished in [109] ms
15-Nov-2018 08:18:28.498 INFO [localhost-startStop-1] org.apache.catalina.startup.HostConfig.deployDescriptor Deploying configuration descriptor [D:\Java\apache-tomcat-8.5.34\conf\Catalina\localhost\WebApplication3.xml]
15-Nov-2018 08:18:28.514 SEVERE [localhost-startStop-1] org.apache.catalina.core.ContainerBase.addChildInternal ContainerBase.addChild: start: 
 org.apache.catalina.LifecycleException: Failed to start component [StandardEngine[Catalina].StandardHost[localhost].StandardContext[/WebApplication3]]
	at org.apache.catalina.util.LifecycleBase.start(LifecycleBase.java:167)
	at org.apache.catalina.core.ContainerBase.addChildInternal(ContainerBase.java:754)
	at org.apache.catalina.core.ContainerBase.addChild(ContainerBase.java:730)
	at org.apache.catalina.core.StandardHost.addChild(StandardHost.java:734)
	at org.apache.catalina.startup.HostConfig.deployDescriptor(HostConfig.java:629)
	at org.apache.catalina.startup.HostConfig$DeployDescriptor.run(HostConfig.java:1839)
	at java.util.concurrent.Executors$RunnableAdapter.call(Executors.java:511)
	at java.util.concurrent.FutureTask.run(FutureTask.java:266)
	at java.util.concurrent.ThreadPoolExecutor.runWorker(ThreadPoolExecutor.java:1149)
	at java.util.concurrent.ThreadPoolExecutor$Worker.run(ThreadPoolExecutor.java:624)
	at java.lang.Thread.run(Thread.java:748)
Caused by: org.apache.catalina.LifecycleException: Failed to start component [org.apache.catalina.webresources.StandardRoot@3ad9cc6a]
	at org.apache.catalina.util.LifecycleBase.start(LifecycleBase.java:167)
	at org.apache.catalina.core.StandardContext.resourcesStart(StandardContext.java:4907)
	at org.apache.catalina.core.StandardContext.startInternal(StandardContext.java:5042)
	at org.apache.catalina.util.LifecycleBase.start(LifecycleBase.java:150)
	... 10 more
Caused by: java.lang.IllegalArgumentException: The main resource set specified [C:\Users\Administrator\Documents\NetBeansProjects\WebApplication3\build\web] is not valid
	at org.apache.catalina.webresources.StandardRoot.createMainResourceSet(StandardRoot.java:748)
	at org.apache.catalina.webresources.StandardRoot.startInternal(StandardRoot.java:706)
	at org.apache.catalina.util.LifecycleBase.start(LifecycleBase.java:150)
	... 13 more

15-Nov-2018 08:18:28.560 SEVERE [localhost-startStop-1] org.apache.catalina.startup.HostConfig.deployDescriptor Error deploying configuration descriptor [D:\Java\apache-tomcat-8.5.34\conf\Catalina\localhost\WebApplication3.xml]
 java.lang.IllegalStateException: ContainerBase.addChild: start: org.apache.catalina.LifecycleException: Failed to start component [StandardEngine[Catalina].StandardHost[localhost].StandardContext[/WebApplication3]]
	at org.apache.catalina.core.ContainerBase.addChildInternal(ContainerBase.java:758)
	at org.apache.catalina.core.ContainerBase.addChild(ContainerBase.java:730)
	at org.apache.catalina.core.StandardHost.addChild(StandardHost.java:734)
	at org.apache.catalina.startup.HostConfig.deployDescriptor(HostConfig.java:629)
	at org.apache.catalina.startup.HostConfig$DeployDescriptor.run(HostConfig.java:1839)
	at java.util.concurrent.Executors$RunnableAdapter.call(Executors.java:511)
	at java.util.concurrent.FutureTask.run(FutureTask.java:266)
	at java.util.concurrent.ThreadPoolExecutor.runWorker(ThreadPoolExecutor.java:1149)
	at java.util.concurrent.ThreadPoolExecutor$Worker.run(ThreadPoolExecutor.java:624)
	at java.lang.Thread.run(Thread.java:748)

15-Nov-2018 08:18:28.560 INFO [localhost-startStop-1] org.apache.catalina.startup.HostConfig.deployDescriptor Deployment of configuration descriptor [D:\Java\apache-tomcat-8.5.34\conf\Catalina\localhost\WebApplication3.xml] has finished in [62] ms
15-Nov-2018 08:18:28.560 INFO [localhost-startStop-1] org.apache.catalina.startup.HostConfig.deployDirectory Deploying web application directory [D:\Java\apache-tomcat-8.5.34\webapps\docs]
15-Nov-2018 08:18:29.434 INFO [localhost-startStop-1] org.apache.catalina.startup.HostConfig.deployDirectory Deployment of web application directory [D:\Java\apache-tomcat-8.5.34\webapps\docs] has finished in [874] ms
15-Nov-2018 08:18:29.434 INFO [localhost-startStop-1] org.apache.catalina.startup.HostConfig.deployDirectory Deploying web application directory [D:\Java\apache-tomcat-8.5.34\webapps\examples]
15-Nov-2018 08:18:31.041 INFO [localhost-startStop-1] org.apache.catalina.startup.HostConfig.deployDirectory Deployment of web application directory [D:\Java\apache-tomcat-8.5.34\webapps\examples] has finished in [1,607] ms
15-Nov-2018 08:18:31.041 INFO [localhost-startStop-1] org.apache.catalina.startup.HostConfig.deployDirectory Deploying web application directory [D:\Java\apache-tomcat-8.5.34\webapps\host-manager]
15-Nov-2018 08:18:31.244 INFO [localhost-startStop-1] org.apache.catalina.startup.HostConfig.deployDirectory Deployment of web application directory [D:\Java\apache-tomcat-8.5.34\webapps\host-manager] has finished in [203] ms
15-Nov-2018 08:18:31.244 INFO [localhost-startStop-1] org.apache.catalina.startup.HostConfig.deployDirectory Deploying web application directory [D:\Java\apache-tomcat-8.5.34\webapps\manager]
15-Nov-2018 08:18:31.350 INFO [localhost-startStop-1] org.apache.catalina.startup.HostConfig.deployDirectory Deployment of web application directory [D:\Java\apache-tomcat-8.5.34\webapps\manager] has finished in [106] ms
15-Nov-2018 08:18:31.350 INFO [localhost-startStop-1] org.apache.catalina.startup.HostConfig.deployDirectory Deploying web application directory [D:\Java\apache-tomcat-8.5.34\webapps\ROOT]
15-Nov-2018 08:18:31.410 INFO [localhost-startStop-1] org.apache.catalina.startup.HostConfig.deployDirectory Deployment of web application directory [D:\Java\apache-tomcat-8.5.34\webapps\ROOT] has finished in [50] ms
15-Nov-2018 08:18:31.426 INFO [main] org.apache.coyote.AbstractProtocol.start Starting ProtocolHandler ["http-nio-8080"]
15-Nov-2018 08:18:31.442 INFO [main] org.apache.coyote.AbstractProtocol.start Starting ProtocolHandler ["ajp-nio-8009"]
15-Nov-2018 08:18:31.452 INFO [main] org.apache.catalina.startup.Catalina.start Server startup in 3963 ms
15-Nov-2018 08:19:15.443 INFO [main] org.apache.catalina.core.StandardServer.await A valid shutdown command was received via the shutdown port. Stopping the Server instance.
15-Nov-2018 08:19:15.443 INFO [main] org.apache.coyote.AbstractProtocol.pause Pausing ProtocolHandler ["http-nio-8080"]
15-Nov-2018 08:19:15.521 INFO [main] org.apache.coyote.AbstractProtocol.pause Pausing ProtocolHandler ["ajp-nio-8009"]
15-Nov-2018 08:19:15.646 INFO [main] org.apache.catalina.core.StandardService.stopInternal Stopping service [Catalina]
15-Nov-2018 08:19:15.786 INFO [main] org.apache.coyote.AbstractProtocol.stop Stopping ProtocolHandler ["http-nio-8080"]
15-Nov-2018 08:19:15.817 INFO [main] org.apache.coyote.AbstractProtocol.stop Stopping ProtocolHandler ["ajp-nio-8009"]
15-Nov-2018 08:19:15.817 INFO [main] org.apache.coyote.AbstractProtocol.destroy Destroying ProtocolHandler ["http-nio-8080"]
15-Nov-2018 08:19:15.817 INFO [main] org.apache.coyote.AbstractProtocol.destroy Destroying ProtocolHandler ["ajp-nio-8009"]
15-Nov-2018 10:39:04.070 INFO [main] org.apache.catalina.startup.VersionLoggerListener.log Server version:        Apache Tomcat/8.5.34
15-Nov-2018 10:39:04.076 INFO [main] org.apache.catalina.startup.VersionLoggerListener.log Server built:          Sep 4 2018 22:28:22 UTC
15-Nov-2018 10:39:04.076 INFO [main] org.apache.catalina.startup.VersionLoggerListener.log Server number:         8.5.34.0
15-Nov-2018 10:39:04.076 INFO [main] org.apache.catalina.startup.VersionLoggerListener.log OS Name:               Windows 7
15-Nov-2018 10:39:04.077 INFO [main] org.apache.catalina.startup.VersionLoggerListener.log OS Version:            6.1
15-Nov-2018 10:39:04.077 INFO [main] org.apache.catalina.startup.VersionLoggerListener.log Architecture:          amd64
15-Nov-2018 10:39:04.077 INFO [main] org.apache.catalina.startup.VersionLoggerListener.log Java Home:             C:\Program Files\Java\jdk1.8.0_171\jre
15-Nov-2018 10:39:04.077 INFO [main] org.apache.catalina.startup.VersionLoggerListener.log JVM Version:           1.8.0_171-b11
15-Nov-2018 10:39:04.077 INFO [main] org.apache.catalina.startup.VersionLoggerListener.log JVM Vendor:            Oracle Corporation
15-Nov-2018 10:39:04.078 INFO [main] org.apache.catalina.startup.VersionLoggerListener.log CATALINA_BASE:         D:\Java\apache-tomcat-8.5.34
15-Nov-2018 10:39:04.078 INFO [main] org.apache.catalina.startup.VersionLoggerListener.log CATALINA_HOME:         D:\Java\apache-tomcat-8.5.34
15-Nov-2018 10:39:04.078 INFO [main] org.apache.catalina.startup.VersionLoggerListener.log Command line argument: -Djava.util.logging.config.file=D:\Java\apache-tomcat-8.5.34\conf\logging.properties
15-Nov-2018 10:39:04.079 INFO [main] org.apache.catalina.startup.VersionLoggerListener.log Command line argument: -Djava.util.logging.manager=org.apache.juli.ClassLoaderLogManager
15-Nov-2018 10:39:04.079 INFO [main] org.apache.catalina.startup.VersionLoggerListener.log Command line argument: -Dhttp.nonProxyHosts=localhost|127.0.0.1|2DFPCVKWUZTOSY4
15-Nov-2018 10:39:04.079 INFO [main] org.apache.catalina.startup.VersionLoggerListener.log Command line argument: -Djdk.tls.ephemeralDHKeySize=2048
15-Nov-2018 10:39:04.079 INFO [main] org.apache.catalina.startup.VersionLoggerListener.log Command line argument: -Djava.protocol.handler.pkgs=org.apache.catalina.webresources
15-Nov-2018 10:39:04.082 INFO [main] org.apache.catalina.startup.VersionLoggerListener.log Command line argument: -Dignore.endorsed.dirs=
15-Nov-2018 10:39:04.082 INFO [main] org.apache.catalina.startup.VersionLoggerListener.log Command line argument: -Dcatalina.base=D:\Java\apache-tomcat-8.5.34
15-Nov-2018 10:39:04.082 INFO [main] org.apache.catalina.startup.VersionLoggerListener.log Command line argument: -Dcatalina.home=D:\Java\apache-tomcat-8.5.34
15-Nov-2018 10:39:04.082 INFO [main] org.apache.catalina.startup.VersionLoggerListener.log Command line argument: -Djava.io.tmpdir=D:\Java\apache-tomcat-8.5.34\temp
15-Nov-2018 10:39:04.082 INFO [main] org.apache.catalina.core.AprLifecycleListener.lifecycleEvent The APR based Apache Tomcat Native library which allows optimal performance in production environments was not found on the java.library.path: [C:\Program Files\Java\jdk1.8.0_171\bin;C:\Windows\Sun\Java\bin;C:\Windows\system32;C:\Windows;C:\Windows\system32;C:\Windows;C:\Windows\System32\Wbem;C:\Windows\System32\WindowsPowerShell\v1.0\;C:\Program Files\Microsoft SQL Server\120\DTS\Binn\;C:\Program Files\Microsoft SQL Server\Client SDK\ODBC\110\Tools\Binn\;C:\Program Files (x86)\Microsoft SQL Server\120\Tools\Binn\;C:\Program Files\Microsoft SQL Server\120\Tools\Binn\;C:\Program Files (x86)\Microsoft SQL Server\120\Tools\Binn\ManagementStudio\;C:\Program Files (x86)\Microsoft SQL Server\120\DTS\Binn\;.]
15-Nov-2018 10:39:04.788 INFO [main] org.apache.coyote.AbstractProtocol.init Initializing ProtocolHandler ["http-nio-8080"]
15-Nov-2018 10:39:05.522 INFO [main] org.apache.tomcat.util.net.NioSelectorPool.getSharedSelector Using a shared selector for servlet write/read
15-Nov-2018 10:39:05.542 INFO [main] org.apache.coyote.AbstractProtocol.init Initializing ProtocolHandler ["ajp-nio-8009"]
15-Nov-2018 10:39:05.546 INFO [main] org.apache.tomcat.util.net.NioSelectorPool.getSharedSelector Using a shared selector for servlet write/read
15-Nov-2018 10:39:05.547 INFO [main] org.apache.catalina.startup.Catalina.load Initialization processed in 2627 ms
15-Nov-2018 10:39:05.701 INFO [main] org.apache.catalina.core.StandardService.startInternal Starting service [Catalina]
15-Nov-2018 10:39:05.702 INFO [main] org.apache.catalina.core.StandardEngine.startInternal Starting Servlet Engine: Apache Tomcat/8.5.34
15-Nov-2018 10:39:05.769 INFO [localhost-startStop-1] org.apache.catalina.startup.HostConfig.deployDescriptor Deploying configuration descriptor [D:\Java\apache-tomcat-8.5.34\conf\Catalina\localhost\MuaBanNha.xml]
15-Nov-2018 10:39:09.734 INFO [localhost-startStop-1] org.apache.jasper.servlet.TldScanner.scanJars At least one JAR was scanned for TLDs yet contained no TLDs. Enable debug logging for this logger for a complete list of JARs that were scanned but no TLDs were found in them. Skipping unneeded JARs during scanning can improve startup time and JSP compilation time.
15-Nov-2018 10:39:09.997 INFO [localhost-startStop-1] org.apache.catalina.startup.HostConfig.deployDescriptor Deployment of configuration descriptor [D:\Java\apache-tomcat-8.5.34\conf\Catalina\localhost\MuaBanNha.xml] has finished in [4,227] ms
15-Nov-2018 10:39:09.997 INFO [localhost-startStop-1] org.apache.catalina.startup.HostConfig.deployDescriptor Deploying configuration descriptor [D:\Java\apache-tomcat-8.5.34\conf\Catalina\localhost\QuanLyNhanSuVaTienLuong.xml]
15-Nov-2018 10:39:11.689 INFO [localhost-startStop-1] org.apache.jasper.servlet.TldScanner.scanJars At least one JAR was scanned for TLDs yet contained no TLDs. Enable debug logging for this logger for a complete list of JARs that were scanned but no TLDs were found in them. Skipping unneeded JARs during scanning can improve startup time and JSP compilation time.
15-Nov-2018 10:39:11.756 INFO [localhost-startStop-1] org.apache.catalina.startup.HostConfig.deployDescriptor Deployment of configuration descriptor [D:\Java\apache-tomcat-8.5.34\conf\Catalina\localhost\QuanLyNhanSuVaTienLuong.xml] has finished in [1,759] ms
15-Nov-2018 10:39:11.757 INFO [localhost-startStop-1] org.apache.catalina.startup.HostConfig.deployDescriptor Deploying configuration descriptor [D:\Java\apache-tomcat-8.5.34\conf\Catalina\localhost\shop.xml]
15-Nov-2018 10:39:21.874 INFO [localhost-startStop-1] org.apache.jasper.servlet.TldScanner.scanJars At least one JAR was scanned for TLDs yet contained no TLDs. Enable debug logging for this logger for a complete list of JARs that were scanned but no TLDs were found in them. Skipping unneeded JARs during scanning can improve startup time and JSP compilation time.
15-Nov-2018 10:39:22.083 INFO [localhost-startStop-1] org.springframework.web.context.ContextLoader.initWebApplicationContext Root WebApplicationContext: initialization started
15-Nov-2018 10:39:22.446 INFO [localhost-startStop-1] org.springframework.context.support.AbstractApplicationContext.prepareRefresh Refreshing Root WebApplicationContext: startup date [Thu Nov 15 10:39:22 GMT+07:00 2018]; root of context hierarchy
15-Nov-2018 10:39:22.600 INFO [localhost-startStop-1] org.springframework.beans.factory.xml.XmlBeanDefinitionReader.loadBeanDefinitions Loading XML bean definitions from ServletContext resource [/WEB-INF/applicationContext.xml]
15-Nov-2018 10:39:23.415 INFO [localhost-startStop-1] org.springframework.web.context.ContextLoader.initWebApplicationContext Root WebApplicationContext: initialization completed in 1330 ms
15-Nov-2018 10:39:23.486 INFO [localhost-startStop-1] org.springframework.web.servlet.FrameworkServlet.initServletBean FrameworkServlet 'dispatcher': initialization started
15-Nov-2018 10:39:23.499 INFO [localhost-startStop-1] org.springframework.context.support.AbstractApplicationContext.prepareRefresh Refreshing WebApplicationContext for namespace 'dispatcher-servlet': startup date [Thu Nov 15 10:39:23 GMT+07:00 2018]; parent: Root WebApplicationContext
15-Nov-2018 10:39:23.506 INFO [localhost-startStop-1] org.springframework.beans.factory.xml.XmlBeanDefinitionReader.loadBeanDefinitions Loading XML bean definitions from ServletContext resource [/WEB-INF/dispatcher-servlet.xml]
15-Nov-2018 10:39:24.139 INFO [localhost-startStop-1] org.springframework.beans.factory.support.DefaultListableBeanFactory.registerBeanDefinition Overriding bean definition for bean 'mvcContentNegotiationManager': replacing [Root bean: class [org.springframework.web.accept.ContentNegotiationManagerFactoryBean]; scope=; abstract=false; lazyInit=false; autowireMode=0; dependencyCheck=0; autowireCandidate=true; primary=false; factoryBeanName=null; factoryMethodName=null; initMethodName=null; destroyMethodName=null] with [Root bean: class [org.springframework.web.accept.ContentNegotiationManagerFactoryBean]; scope=; abstract=false; lazyInit=false; autowireMode=0; dependencyCheck=0; autowireCandidate=true; primary=false; factoryBeanName=null; factoryMethodName=null; initMethodName=null; destroyMethodName=null]
15-Nov-2018 10:39:24.140 INFO [localhost-startStop-1] org.springframework.beans.factory.support.DefaultListableBeanFactory.registerBeanDefinition Overriding bean definition for bean 'mvcUriComponentsContributor': replacing [Root bean: class [org.springframework.web.servlet.config.AnnotationDrivenBeanDefinitionParser$CompositeUriComponentsContributorFactoryBean]; scope=; abstract=false; lazyInit=false; autowireMode=0; dependencyCheck=0; autowireCandidate=true; primary=false; factoryBeanName=null; factoryMethodName=null; initMethodName=null; destroyMethodName=null] with [Root bean: class [org.springframework.web.servlet.config.AnnotationDrivenBeanDefinitionParser$CompositeUriComponentsContributorFactoryBean]; scope=; abstract=false; lazyInit=false; autowireMode=0; dependencyCheck=0; autowireCandidate=true; primary=false; factoryBeanName=null; factoryMethodName=null; initMethodName=null; destroyMethodName=null]
15-Nov-2018 10:39:25.181 INFO [localhost-startStop-1] org.springframework.web.servlet.handler.AbstractUrlHandlerMapping.registerHandler Mapped URL path [/homepage] onto handler 'homepageController'
15-Nov-2018 10:39:25.182 INFO [localhost-startStop-1] org.springframework.web.servlet.handler.AbstractUrlHandlerMapping.registerHandler Mapped URL path [/homepage/*] onto handler 'homepageController'
15-Nov-2018 10:39:25.210 INFO [localhost-startStop-1] org.springframework.web.servlet.handler.AbstractUrlHandlerMapping.registerHandler Mapped URL path [/product] onto handler 'productController'
15-Nov-2018 10:39:25.211 INFO [localhost-startStop-1] org.springframework.web.servlet.handler.AbstractUrlHandlerMapping.registerHandler Mapped URL path [/product/*] onto handler 'productController'
15-Nov-2018 10:39:25.306 INFO [localhost-startStop-1] org.springframework.web.servlet.handler.AbstractHandlerMethodMapping.registerHandlerMethod Mapped "{[/home/index],methods=[],params=[],headers=[],consumes=[],produces=[],custom=[]}" onto public java.lang.String controller.HomepageController.index(org.springframework.ui.ModelMap)
15-Nov-2018 10:39:25.307 INFO [localhost-startStop-1] org.springframework.web.servlet.handler.AbstractHandlerMethodMapping.registerHandlerMethod Mapped "{[/product/detail],methods=[],params=[],headers=[],consumes=[],produces=[],custom=[]}" onto public java.lang.String controller.ProductController.redirect()
15-Nov-2018 10:39:25.308 INFO [localhost-startStop-1] org.springframework.web.servlet.handler.AbstractHandlerMethodMapping.registerHandlerMethod Mapped "{[/product/list],methods=[],params=[],headers=[],consumes=[],produces=[],custom=[]}" onto public java.lang.String controller.ProductController.getListProductByCategory(org.springframework.ui.ModelMap,long)
15-Nov-2018 10:39:25.309 INFO [localhost-startStop-1] org.springframework.web.servlet.handler.AbstractHandlerMethodMapping.registerHandlerMethod Mapped "{[/product/s],methods=[],params=[],headers=[],consumes=[],produces=[],custom=[]}" onto public java.lang.String controller.ProductController.Showe(long,java.lang.String)
15-Nov-2018 10:39:25.355 INFO [localhost-startStop-1] org.springframework.web.servlet.handler.AbstractHandlerMethodMapping.registerHandlerMethod Mapped "{[/home/index],methods=[],params=[],headers=[],consumes=[],produces=[],custom=[]}" onto public java.lang.String controller.HomepageController.index(org.springframework.ui.ModelMap)
15-Nov-2018 10:39:25.357 INFO [localhost-startStop-1] org.springframework.web.servlet.handler.AbstractHandlerMethodMapping.registerHandlerMethod Mapped "{[/product/detail],methods=[],params=[],headers=[],consumes=[],produces=[],custom=[]}" onto public java.lang.String controller.ProductController.redirect()
15-Nov-2018 10:39:25.358 INFO [localhost-startStop-1] org.springframework.web.servlet.handler.AbstractHandlerMethodMapping.registerHandlerMethod Mapped "{[/product/list],methods=[],params=[],headers=[],consumes=[],produces=[],custom=[]}" onto public java.lang.String controller.ProductController.getListProductByCategory(org.springframework.ui.ModelMap,long)
15-Nov-2018 10:39:25.359 INFO [localhost-startStop-1] org.springframework.web.servlet.handler.AbstractHandlerMethodMapping.registerHandlerMethod Mapped "{[/product/s],methods=[],params=[],headers=[],consumes=[],produces=[],custom=[]}" onto public java.lang.String controller.ProductController.Showe(long,java.lang.String)
15-Nov-2018 10:39:26.120 INFO [localhost-startStop-1] org.springframework.web.servlet.handler.AbstractUrlHandlerMapping.registerHandler Mapped URL path [/index.htm] onto handler 'indexController'
15-Nov-2018 10:39:26.197 INFO [localhost-startStop-1] org.springframework.web.servlet.handler.AbstractUrlHandlerMapping.registerHandler Mapped URL path [/resources/**] onto handler 'org.springframework.web.servlet.resource.ResourceHttpRequestHandler#0'
15-Nov-2018 10:39:26.208 INFO [localhost-startStop-1] org.springframework.web.servlet.handler.AbstractHandlerMethodMapping.registerHandlerMethod Mapped "{[/home/index],methods=[],params=[],headers=[],consumes=[],produces=[],custom=[]}" onto public java.lang.String controller.HomepageController.index(org.springframework.ui.ModelMap)
15-Nov-2018 10:39:26.212 INFO [localhost-startStop-1] org.springframework.web.servlet.handler.AbstractHandlerMethodMapping.registerHandlerMethod Mapped "{[/product/detail],methods=[],params=[],headers=[],consumes=[],produces=[],custom=[]}" onto public java.lang.String controller.ProductController.redirect()
15-Nov-2018 10:39:26.213 INFO [localhost-startStop-1] org.springframework.web.servlet.handler.AbstractHandlerMethodMapping.registerHandlerMethod Mapped "{[/product/list],methods=[],params=[],headers=[],consumes=[],produces=[],custom=[]}" onto public java.lang.String controller.ProductController.getListProductByCategory(org.springframework.ui.ModelMap,long)
15-Nov-2018 10:39:26.214 INFO [localhost-startStop-1] org.springframework.web.servlet.handler.AbstractHandlerMethodMapping.registerHandlerMethod Mapped "{[/product/s],methods=[],params=[],headers=[],consumes=[],produces=[],custom=[]}" onto public java.lang.String controller.ProductController.Showe(long,java.lang.String)
15-Nov-2018 10:39:26.777 INFO [localhost-startStop-1] org.springframework.web.servlet.FrameworkServlet.initServletBean FrameworkServlet 'dispatcher': initialization completed in 3291 ms
15-Nov-2018 10:39:26.785 INFO [localhost-startStop-1] org.apache.catalina.startup.HostConfig.deployDescriptor Deployment of configuration descriptor [D:\Java\apache-tomcat-8.5.34\conf\Catalina\localhost\shop.xml] has finished in [15,029] ms
15-Nov-2018 10:39:26.786 INFO [localhost-startStop-1] org.apache.catalina.startup.HostConfig.deployDescriptor Deploying configuration descriptor [D:\Java\apache-tomcat-8.5.34\conf\Catalina\localhost\SpringMVC.xml]
15-Nov-2018 10:39:34.793 INFO [localhost-startStop-1] org.apache.jasper.servlet.TldScanner.scanJars At least one JAR was scanned for TLDs yet contained no TLDs. Enable debug logging for this logger for a complete list of JARs that were scanned but no TLDs were found in them. Skipping unneeded JARs during scanning can improve startup time and JSP compilation time.
15-Nov-2018 10:39:34.984 INFO [localhost-startStop-1] org.springframework.web.context.ContextLoader.initWebApplicationContext Root WebApplicationContext: initialization started
15-Nov-2018 10:39:35.350 INFO [localhost-startStop-1] org.springframework.context.support.AbstractApplicationContext.prepareRefresh Refreshing Root WebApplicationContext: startup date [Thu Nov 15 10:39:35 GMT+07:00 2018]; root of context hierarchy
15-Nov-2018 10:39:35.504 INFO [localhost-startStop-1] org.springframework.beans.factory.xml.XmlBeanDefinitionReader.loadBeanDefinitions Loading XML bean definitions from ServletContext resource [/WEB-INF/applicationContext.xml]
15-Nov-2018 10:39:36.066 INFO [localhost-startStop-1] org.springframework.web.context.ContextLoader.initWebApplicationContext Root WebApplicationContext: initialization completed in 1082 ms
15-Nov-2018 10:39:36.124 INFO [localhost-startStop-1] org.springframework.web.servlet.FrameworkServlet.initServletBean FrameworkServlet 'dispatcher': initialization started
15-Nov-2018 10:39:36.137 INFO [localhost-startStop-1] org.springframework.context.support.AbstractApplicationContext.prepareRefresh Refreshing WebApplicationContext for namespace 'dispatcher-servlet': startup date [Thu Nov 15 10:39:36 GMT+07:00 2018]; parent: Root WebApplicationContext
15-Nov-2018 10:39:36.141 INFO [localhost-startStop-1] org.springframework.beans.factory.xml.XmlBeanDefinitionReader.loadBeanDefinitions Loading XML bean definitions from ServletContext resource [/WEB-INF/dispatcher-servlet.xml]
15-Nov-2018 10:39:37.517 INFO [localhost-startStop-1] org.springframework.web.servlet.handler.AbstractUrlHandlerMapping.registerHandler Mapped URL path [/test] onto handler 'testController'
15-Nov-2018 10:39:37.518 INFO [localhost-startStop-1] org.springframework.web.servlet.handler.AbstractUrlHandlerMapping.registerHandler Mapped URL path [/test/*] onto handler 'testController'
15-Nov-2018 10:39:37.607 INFO [localhost-startStop-1] org.springframework.web.servlet.handler.AbstractUrlHandlerMapping.registerHandler Mapped URL path [/user] onto handler 'userController'
15-Nov-2018 10:39:37.607 INFO [localhost-startStop-1] org.springframework.web.servlet.handler.AbstractUrlHandlerMapping.registerHandler Mapped URL path [/user/*] onto handler 'userController'
15-Nov-2018 10:39:37.725 INFO [localhost-startStop-1] org.springframework.web.servlet.handler.AbstractHandlerMethodMapping.registerHandlerMethod Mapped "{[/home],methods=[GET],params=[],headers=[],consumes=[],produces=[],custom=[]}" onto public java.lang.String controller.TestController.home()
15-Nov-2018 10:39:37.727 INFO [localhost-startStop-1] org.springframework.web.servlet.handler.AbstractHandlerMethodMapping.registerHandlerMethod Mapped "{[/home/handlLogin],methods=[POST],params=[],headers=[],consumes=[],produces=[],custom=[]}" onto public java.lang.String controller.UserController.handlLogin(entities.User,org.springframework.ui.ModelMap) throws java.sql.SQLException
15-Nov-2018 10:39:37.729 INFO [localhost-startStop-1] org.springframework.web.servlet.handler.AbstractHandlerMethodMapping.registerHandlerMethod Mapped "{[/home/login],methods=[GET],params=[],headers=[],consumes=[],produces=[],custom=[]}" onto public org.springframework.web.servlet.ModelAndView controller.UserController.show(org.springframework.web.servlet.ModelAndView,org.springframework.ui.ModelMap,org.springframework.ui.Model)
15-Nov-2018 10:39:37.797 INFO [localhost-startStop-1] org.springframework.web.servlet.handler.AbstractHandlerMethodMapping.registerHandlerMethod Mapped "{[/home],methods=[GET],params=[],headers=[],consumes=[],produces=[],custom=[]}" onto public java.lang.String controller.TestController.home()
15-Nov-2018 10:39:37.799 INFO [localhost-startStop-1] org.springframework.web.servlet.handler.AbstractHandlerMethodMapping.registerHandlerMethod Mapped "{[/home/handlLogin],methods=[POST],params=[],headers=[],consumes=[],produces=[],custom=[]}" onto public java.lang.String controller.UserController.handlLogin(entities.User,org.springframework.ui.ModelMap) throws java.sql.SQLException
15-Nov-2018 10:39:37.800 INFO [localhost-startStop-1] org.springframework.web.servlet.handler.AbstractHandlerMethodMapping.registerHandlerMethod Mapped "{[/home/login],methods=[GET],params=[],headers=[],consumes=[],produces=[],custom=[]}" onto public org.springframework.web.servlet.ModelAndView controller.UserController.show(org.springframework.web.servlet.ModelAndView,org.springframework.ui.ModelMap,org.springframework.ui.Model)
15-Nov-2018 10:39:38.256 INFO [localhost-startStop-1] org.springframework.web.servlet.handler.AbstractUrlHandlerMapping.registerHandler Mapped URL path [/index.htm] onto handler 'indexController'
15-Nov-2018 10:39:38.361 INFO [localhost-startStop-1] org.springframework.web.servlet.FrameworkServlet.initServletBean FrameworkServlet 'dispatcher': initialization completed in 2237 ms
15-Nov-2018 10:39:38.369 INFO [localhost-startStop-1] org.apache.catalina.startup.HostConfig.deployDescriptor Deployment of configuration descriptor [D:\Java\apache-tomcat-8.5.34\conf\Catalina\localhost\SpringMVC.xml] has finished in [11,582] ms
15-Nov-2018 10:39:38.369 INFO [localhost-startStop-1] org.apache.catalina.startup.HostConfig.deployDescriptor Deploying configuration descriptor [D:\Java\apache-tomcat-8.5.34\conf\Catalina\localhost\test.xml]
15-Nov-2018 10:39:38.417 SEVERE [localhost-startStop-1] org.apache.catalina.core.ContainerBase.addChildInternal ContainerBase.addChild: start: 
 org.apache.catalina.LifecycleException: Failed to start component [StandardEngine[Catalina].StandardHost[localhost].StandardContext[/test]]
	at org.apache.catalina.util.LifecycleBase.start(LifecycleBase.java:167)
	at org.apache.catalina.core.ContainerBase.addChildInternal(ContainerBase.java:754)
	at org.apache.catalina.core.ContainerBase.addChild(ContainerBase.java:730)
	at org.apache.catalina.core.StandardHost.addChild(StandardHost.java:734)
	at org.apache.catalina.startup.HostConfig.deployDescriptor(HostConfig.java:629)
	at org.apache.catalina.startup.HostConfig$DeployDescriptor.run(HostConfig.java:1839)
	at java.util.concurrent.Executors$RunnableAdapter.call(Executors.java:511)
	at java.util.concurrent.FutureTask.run(FutureTask.java:266)
	at java.util.concurrent.ThreadPoolExecutor.runWorker(ThreadPoolExecutor.java:1149)
	at java.util.concurrent.ThreadPoolExecutor$Worker.run(ThreadPoolExecutor.java:624)
	at java.lang.Thread.run(Thread.java:748)
Caused by: org.apache.catalina.LifecycleException: Failed to start component [org.apache.catalina.webresources.StandardRoot@2683ec7b]
	at org.apache.catalina.util.LifecycleBase.start(LifecycleBase.java:167)
	at org.apache.catalina.core.StandardContext.resourcesStart(StandardContext.java:4907)
	at org.apache.catalina.core.StandardContext.startInternal(StandardContext.java:5042)
	at org.apache.catalina.util.LifecycleBase.start(LifecycleBase.java:150)
	... 10 more
Caused by: java.lang.IllegalArgumentException: The main resource set specified [C:\Users\Administrator\Documents\NetBeansProjects\test\build\web] is not valid
	at org.apache.catalina.webresources.StandardRoot.createMainResourceSet(StandardRoot.java:748)
	at org.apache.catalina.webresources.StandardRoot.startInternal(StandardRoot.java:706)
	at org.apache.catalina.util.LifecycleBase.start(LifecycleBase.java:150)
	... 13 more

15-Nov-2018 10:39:38.419 SEVERE [localhost-startStop-1] org.apache.catalina.startup.HostConfig.deployDescriptor Error deploying configuration descriptor [D:\Java\apache-tomcat-8.5.34\conf\Catalina\localhost\test.xml]
 java.lang.IllegalStateException: ContainerBase.addChild: start: org.apache.catalina.LifecycleException: Failed to start component [StandardEngine[Catalina].StandardHost[localhost].StandardContext[/test]]
	at org.apache.catalina.core.ContainerBase.addChildInternal(ContainerBase.java:758)
	at org.apache.catalina.core.ContainerBase.addChild(ContainerBase.java:730)
	at org.apache.catalina.core.StandardHost.addChild(StandardHost.java:734)
	at org.apache.catalina.startup.HostConfig.deployDescriptor(HostConfig.java:629)
	at org.apache.catalina.startup.HostConfig$DeployDescriptor.run(HostConfig.java:1839)
	at java.util.concurrent.Executors$RunnableAdapter.call(Executors.java:511)
	at java.util.concurrent.FutureTask.run(FutureTask.java:266)
	at java.util.concurrent.ThreadPoolExecutor.runWorker(ThreadPoolExecutor.java:1149)
	at java.util.concurrent.ThreadPoolExecutor$Worker.run(ThreadPoolExecutor.java:624)
	at java.lang.Thread.run(Thread.java:748)

15-Nov-2018 10:39:38.420 INFO [localhost-startStop-1] org.apache.catalina.startup.HostConfig.deployDescriptor Deployment of configuration descriptor [D:\Java\apache-tomcat-8.5.34\conf\Catalina\localhost\test.xml] has finished in [51] ms
15-Nov-2018 10:39:38.421 INFO [localhost-startStop-1] org.apache.catalina.startup.HostConfig.deployDescriptor Deploying configuration descriptor [D:\Java\apache-tomcat-8.5.34\conf\Catalina\localhost\WebApplication2.xml]
15-Nov-2018 10:39:39.662 INFO [localhost-startStop-1] org.apache.jasper.servlet.TldScanner.scanJars At least one JAR was scanned for TLDs yet contained no TLDs. Enable debug logging for this logger for a complete list of JARs that were scanned but no TLDs were found in them. Skipping unneeded JARs during scanning can improve startup time and JSP compilation time.
15-Nov-2018 10:39:39.670 INFO [localhost-startStop-1] org.apache.catalina.startup.HostConfig.deployDescriptor Deployment of configuration descriptor [D:\Java\apache-tomcat-8.5.34\conf\Catalina\localhost\WebApplication2.xml] has finished in [1,249] ms
15-Nov-2018 10:39:39.671 INFO [localhost-startStop-1] org.apache.catalina.startup.HostConfig.deployDescriptor Deploying configuration descriptor [D:\Java\apache-tomcat-8.5.34\conf\Catalina\localhost\WebApplication3.xml]
15-Nov-2018 10:39:40.030 INFO [localhost-startStop-1] org.apache.catalina.startup.HostConfig.deployDescriptor Deployment of configuration descriptor [D:\Java\apache-tomcat-8.5.34\conf\Catalina\localhost\WebApplication3.xml] has finished in [359] ms
15-Nov-2018 10:39:40.047 INFO [localhost-startStop-1] org.apache.catalina.startup.HostConfig.deployDirectory Deploying web application directory [D:\Java\apache-tomcat-8.5.34\webapps\docs]
15-Nov-2018 10:39:40.165 INFO [localhost-startStop-1] org.apache.catalina.startup.HostConfig.deployDirectory Deployment of web application directory [D:\Java\apache-tomcat-8.5.34\webapps\docs] has finished in [118] ms
15-Nov-2018 10:39:40.166 INFO [localhost-startStop-1] org.apache.catalina.startup.HostConfig.deployDirectory Deploying web application directory [D:\Java\apache-tomcat-8.5.34\webapps\examples]
15-Nov-2018 10:39:41.362 INFO [localhost-startStop-1] org.apache.catalina.startup.HostConfig.deployDirectory Deployment of web application directory [D:\Java\apache-tomcat-8.5.34\webapps\examples] has finished in [1,195] ms
15-Nov-2018 10:39:41.362 INFO [localhost-startStop-1] org.apache.catalina.startup.HostConfig.deployDirectory Deploying web application directory [D:\Java\apache-tomcat-8.5.34\webapps\host-manager]
15-Nov-2018 10:39:41.454 INFO [localhost-startStop-1] org.apache.catalina.startup.HostConfig.deployDirectory Deployment of web application directory [D:\Java\apache-tomcat-8.5.34\webapps\host-manager] has finished in [92] ms
15-Nov-2018 10:39:41.455 INFO [localhost-startStop-1] org.apache.catalina.startup.HostConfig.deployDirectory Deploying web application directory [D:\Java\apache-tomcat-8.5.34\webapps\manager]
15-Nov-2018 10:39:41.594 INFO [localhost-startStop-1] org.apache.catalina.startup.HostConfig.deployDirectory Deployment of web application directory [D:\Java\apache-tomcat-8.5.34\webapps\manager] has finished in [139] ms
15-Nov-2018 10:39:41.598 INFO [localhost-startStop-1] org.apache.catalina.startup.HostConfig.deployDirectory Deploying web application directory [D:\Java\apache-tomcat-8.5.34\webapps\ROOT]
15-Nov-2018 10:39:41.678 INFO [localhost-startStop-1] org.apache.catalina.startup.HostConfig.deployDirectory Deployment of web application directory [D:\Java\apache-tomcat-8.5.34\webapps\ROOT] has finished in [79] ms
15-Nov-2018 10:39:41.766 INFO [main] org.apache.coyote.AbstractProtocol.start Starting ProtocolHandler ["http-nio-8080"]
15-Nov-2018 10:39:41.785 INFO [main] org.apache.coyote.AbstractProtocol.start Starting ProtocolHandler ["ajp-nio-8009"]
15-Nov-2018 10:39:41.791 INFO [main] org.apache.catalina.startup.Catalina.start Server startup in 36242 ms
15-Nov-2018 10:39:53.231 INFO [http-nio-8080-exec-5] org.apache.catalina.startup.HostConfig.undeploy Undeploying context [/QuanLyNhanSuVaTienLuong]
15-Nov-2018 10:39:53.388 INFO [http-nio-8080-exec-4] org.apache.catalina.startup.HostConfig.deployDescriptor Deploying configuration descriptor [D:\Java\apache-tomcat-8.5.34\conf\Catalina\localhost\QuanLyNhanSuVaTienLuong.xml]
15-Nov-2018 10:39:54.038 INFO [http-nio-8080-exec-4] org.apache.jasper.servlet.TldScanner.scanJars At least one JAR was scanned for TLDs yet contained no TLDs. Enable debug logging for this logger for a complete list of JARs that were scanned but no TLDs were found in them. Skipping unneeded JARs during scanning can improve startup time and JSP compilation time.
15-Nov-2018 10:39:54.044 INFO [http-nio-8080-exec-4] org.apache.catalina.startup.HostConfig.deployDescriptor Deployment of configuration descriptor [D:\Java\apache-tomcat-8.5.34\conf\Catalina\localhost\QuanLyNhanSuVaTienLuong.xml] has finished in [657] ms
15-Nov-2018 10:39:54.052 INFO [http-nio-8080-exec-11] org.apache.catalina.util.LifecycleBase.start The start() method was called on component [StandardEngine[Catalina].StandardHost[localhost].StandardContext[/QuanLyNhanSuVaTienLuong]] after start() had already been called. The second call will be ignored.
15-Nov-2018 10:42:56.610 INFO [http-nio-8080-exec-17] org.apache.catalina.core.StandardContext.reload Reloading Context with name [/QuanLyNhanSuVaTienLuong] has started
15-Nov-2018 10:42:56.692 WARNING [http-nio-8080-exec-17] org.apache.catalina.loader.WebappClassLoaderBase.clearReferencesJdbc The web application [QuanLyNhanSuVaTienLuong] registered the JDBC driver [com.mysql.jdbc.Driver] but failed to unregister it when the web application was stopped. To prevent a memory leak, the JDBC Driver has been forcibly unregistered.
15-Nov-2018 10:42:56.693 WARNING [http-nio-8080-exec-17] org.apache.catalina.loader.WebappClassLoaderBase.clearReferencesThreads The web application [QuanLyNhanSuVaTienLuong] appears to have started a thread named [MySQL Statement Cancellation Timer] but has failed to stop it. This is very likely to create a memory leak. Stack trace of thread:
 java.lang.Object.wait(Native Method)
 java.lang.Object.wait(Object.java:502)
 java.util.TimerThread.mainLoop(Timer.java:526)
 java.util.TimerThread.run(Timer.java:505)
15-Nov-2018 10:42:57.498 INFO [54] org.apache.jasper.servlet.TldScanner.scanJars At least one JAR was scanned for TLDs yet contained no TLDs. Enable debug logging for this logger for a complete list of JARs that were scanned but no TLDs were found in them. Skipping unneeded JARs during scanning can improve startup time and JSP compilation time.
15-Nov-2018 10:42:57.596 INFO [54] org.apache.catalina.core.StandardContext.reload Reloading Context with name [/QuanLyNhanSuVaTienLuong] is completed
15-Nov-2018 10:43:01.319 INFO [http-nio-8080-exec-26] org.apache.catalina.core.StandardContext.reload Reloading Context with name [/QuanLyNhanSuVaTienLuong] has started
15-Nov-2018 10:43:02.003 INFO [http-nio-8080-exec-26] org.apache.jasper.servlet.TldScanner.scanJars At least one JAR was scanned for TLDs yet contained no TLDs. Enable debug logging for this logger for a complete list of JARs that were scanned but no TLDs were found in them. Skipping unneeded JARs during scanning can improve startup time and JSP compilation time.
15-Nov-2018 10:43:02.112 INFO [http-nio-8080-exec-26] org.apache.catalina.core.StandardContext.reload Reloading Context with name [/QuanLyNhanSuVaTienLuong] is completed
15-Nov-2018 10:43:29.522 INFO [http-nio-8080-exec-22] org.apache.catalina.core.StandardContext.reload Reloading Context with name [/QuanLyNhanSuVaTienLuong] has started
15-Nov-2018 10:43:30.043 INFO [http-nio-8080-exec-22] org.apache.jasper.servlet.TldScanner.scanJars At least one JAR was scanned for TLDs yet contained no TLDs. Enable debug logging for this logger for a complete list of JARs that were scanned but no TLDs were found in them. Skipping unneeded JARs during scanning can improve startup time and JSP compilation time.
15-Nov-2018 10:43:30.224 INFO [61] org.apache.catalina.core.StandardContext.reload Reloading Context with name [/QuanLyNhanSuVaTienLuong] is completed
15-Nov-2018 10:53:19.917 INFO [http-nio-8080-exec-30] org.apache.catalina.core.StandardContext.reload Reloading Context with name [/QuanLyNhanSuVaTienLuong] has started
15-Nov-2018 10:53:19.948 WARNING [http-nio-8080-exec-30] org.apache.catalina.loader.WebappClassLoaderBase.clearReferencesJdbc The web application [QuanLyNhanSuVaTienLuong] registered the JDBC driver [com.mysql.jdbc.Driver] but failed to unregister it when the web application was stopped. To prevent a memory leak, the JDBC Driver has been forcibly unregistered.
15-Nov-2018 10:53:19.948 WARNING [http-nio-8080-exec-30] org.apache.catalina.loader.WebappClassLoaderBase.clearReferencesThreads The web application [QuanLyNhanSuVaTienLuong] appears to have started a thread named [MySQL Statement Cancellation Timer] but has failed to stop it. This is very likely to create a memory leak. Stack trace of thread:
 java.lang.Object.wait(Native Method)
 java.lang.Object.wait(Object.java:502)
 java.util.TimerThread.mainLoop(Timer.java:526)
 java.util.TimerThread.run(Timer.java:505)
15-Nov-2018 10:53:20.666 INFO [http-nio-8080-exec-30] org.apache.jasper.servlet.TldScanner.scanJars At least one JAR was scanned for TLDs yet contained no TLDs. Enable debug logging for this logger for a complete list of JARs that were scanned but no TLDs were found in them. Skipping unneeded JARs during scanning can improve startup time and JSP compilation time.
15-Nov-2018 10:53:20.759 INFO [http-nio-8080-exec-30] org.apache.catalina.core.StandardContext.reload Reloading Context with name [/QuanLyNhanSuVaTienLuong] is completed
15-Nov-2018 10:53:32.147 INFO [http-nio-8080-exec-32] org.apache.catalina.core.StandardContext.reload Reloading Context with name [/QuanLyNhanSuVaTienLuong] has started
15-Nov-2018 10:53:32.678 INFO [http-nio-8080-exec-32] org.apache.jasper.servlet.TldScanner.scanJars At least one JAR was scanned for TLDs yet contained no TLDs. Enable debug logging for this logger for a complete list of JARs that were scanned but no TLDs were found in them. Skipping unneeded JARs during scanning can improve startup time and JSP compilation time.
15-Nov-2018 10:53:32.818 INFO [http-nio-8080-exec-32] org.apache.catalina.core.StandardContext.reload Reloading Context with name [/QuanLyNhanSuVaTienLuong] is completed
15-Nov-2018 10:53:37.654 INFO [http-nio-8080-exec-29] org.apache.catalina.core.StandardContext.reload Reloading Context with name [/QuanLyNhanSuVaTienLuong] has started
15-Nov-2018 10:53:38.153 INFO [http-nio-8080-exec-29] org.apache.jasper.servlet.TldScanner.scanJars At least one JAR was scanned for TLDs yet contained no TLDs. Enable debug logging for this logger for a complete list of JARs that were scanned but no TLDs were found in them. Skipping unneeded JARs during scanning can improve startup time and JSP compilation time.
15-Nov-2018 10:53:38.262 INFO [http-nio-8080-exec-29] org.apache.catalina.core.StandardContext.reload Reloading Context with name [/QuanLyNhanSuVaTienLuong] is completed
15-Nov-2018 10:53:44.393 INFO [http-nio-8080-exec-36] org.apache.catalina.core.StandardContext.reload Reloading Context with name [/QuanLyNhanSuVaTienLuong] has started
15-Nov-2018 10:53:45.111 INFO [http-nio-8080-exec-36] org.apache.jasper.servlet.TldScanner.scanJars At least one JAR was scanned for TLDs yet contained no TLDs. Enable debug logging for this logger for a complete list of JARs that were scanned but no TLDs were found in them. Skipping unneeded JARs during scanning can improve startup time and JSP compilation time.
15-Nov-2018 10:53:45.220 INFO [http-nio-8080-exec-36] org.apache.catalina.core.StandardContext.reload Reloading Context with name [/QuanLyNhanSuVaTienLuong] is completed
15-Nov-2018 10:53:56.892 INFO [http-nio-8080-exec-43] org.apache.catalina.core.StandardContext.reload Reloading Context with name [/QuanLyNhanSuVaTienLuong] has started
15-Nov-2018 10:53:57.797 INFO [http-nio-8080-exec-43] org.apache.jasper.servlet.TldScanner.scanJars At least one JAR was scanned for TLDs yet contained no TLDs. Enable debug logging for this logger for a complete list of JARs that were scanned but no TLDs were found in them. Skipping unneeded JARs during scanning can improve startup time and JSP compilation time.
15-Nov-2018 10:53:57.937 INFO [http-nio-8080-exec-43] org.apache.catalina.core.StandardContext.reload Reloading Context with name [/QuanLyNhanSuVaTienLuong] is completed
15-Nov-2018 10:54:07.937 INFO [http-nio-8080-exec-36] org.apache.catalina.core.StandardContext.reload Reloading Context with name [/QuanLyNhanSuVaTienLuong] has started
15-Nov-2018 10:54:08.389 INFO [http-nio-8080-exec-36] org.apache.catalina.core.StandardContext.reload Reloading Context with name [/QuanLyNhanSuVaTienLuong] is completed
15-Nov-2018 10:54:28.922 INFO [http-nio-8080-exec-48] org.apache.catalina.core.StandardContext.reload Reloading Context with name [/QuanLyNhanSuVaTienLuong] has started
15-Nov-2018 10:54:29.312 INFO [http-nio-8080-exec-48] org.apache.catalina.core.StandardContext.reload Reloading Context with name [/QuanLyNhanSuVaTienLuong] is completed
15-Nov-2018 10:54:55.757 INFO [http-nio-8080-exec-35] org.apache.catalina.core.StandardContext.reload Reloading Context with name [/QuanLyNhanSuVaTienLuong] has started
15-Nov-2018 10:54:56.194 INFO [http-nio-8080-exec-35] org.apache.catalina.core.StandardContext.reload Reloading Context with name [/QuanLyNhanSuVaTienLuong] is completed
15-Nov-2018 11:12:52.954 INFO [http-nio-8080-exec-54] org.apache.catalina.core.StandardContext.reload Reloading Context with name [/QuanLyNhanSuVaTienLuong] has started
15-Nov-2018 11:12:53.378 INFO [http-nio-8080-exec-54] org.apache.catalina.core.StandardContext.reload Reloading Context with name [/QuanLyNhanSuVaTienLuong] is completed
15-Nov-2018 11:14:09.556 INFO [http-nio-8080-exec-53] org.apache.catalina.core.StandardContext.reload Reloading Context with name [/QuanLyNhanSuVaTienLuong] has started
15-Nov-2018 11:14:10.171 INFO [http-nio-8080-exec-53] org.apache.jasper.servlet.TldScanner.scanJars At least one JAR was scanned for TLDs yet contained no TLDs. Enable debug logging for this logger for a complete list of JARs that were scanned but no TLDs were found in them. Skipping unneeded JARs during scanning can improve startup time and JSP compilation time.
15-Nov-2018 11:14:10.295 INFO [http-nio-8080-exec-53] org.apache.catalina.core.StandardContext.reload Reloading Context with name [/QuanLyNhanSuVaTienLuong] is completed
15-Nov-2018 11:18:29.012 INFO [main] org.apache.catalina.core.StandardServer.await A valid shutdown command was received via the shutdown port. Stopping the Server instance.
15-Nov-2018 11:18:29.012 INFO [main] org.apache.coyote.AbstractProtocol.pause Pausing ProtocolHandler ["http-nio-8080"]
15-Nov-2018 11:18:29.199 INFO [main] org.apache.coyote.AbstractProtocol.pause Pausing ProtocolHandler ["ajp-nio-8009"]
15-Nov-2018 11:18:29.355 INFO [main] org.apache.catalina.core.StandardService.stopInternal Stopping service [Catalina]
15-Nov-2018 11:18:29.526 WARNING [localhost-startStop-2] org.apache.catalina.loader.WebappClassLoaderBase.clearReferencesJdbc The web application [QuanLyNhanSuVaTienLuong] registered the JDBC driver [com.mysql.jdbc.Driver] but failed to unregister it when the web application was stopped. To prevent a memory leak, the JDBC Driver has been forcibly unregistered.
15-Nov-2018 11:18:29.526 WARNING [localhost-startStop-2] org.apache.catalina.loader.WebappClassLoaderBase.clearReferencesThreads The web application [QuanLyNhanSuVaTienLuong] appears to have started a thread named [MySQL Statement Cancellation Timer] but has failed to stop it. This is very likely to create a memory leak. Stack trace of thread:
 java.lang.Object.wait(Native Method)
 java.lang.Object.wait(Object.java:502)
 java.util.TimerThread.mainLoop(Timer.java:526)
 java.util.TimerThread.run(Timer.java:505)
15-Nov-2018 11:18:29.526 INFO [localhost-startStop-2] org.springframework.context.support.AbstractApplicationContext.doClose Closing WebApplicationContext for namespace 'dispatcher-servlet': startup date [Thu Nov 15 10:39:23 GMT+07:00 2018]; parent: Root WebApplicationContext
15-Nov-2018 11:18:30.275 INFO [localhost-startStop-2] org.springframework.context.support.AbstractApplicationContext.doClose Closing Root WebApplicationContext: startup date [Thu Nov 15 10:39:22 GMT+07:00 2018]; root of context hierarchy
15-Nov-2018 11:18:30.306 INFO [localhost-startStop-2] org.springframework.context.support.AbstractApplicationContext.doClose Closing WebApplicationContext for namespace 'dispatcher-servlet': startup date [Thu Nov 15 10:39:36 GMT+07:00 2018]; parent: Root WebApplicationContext
15-Nov-2018 11:18:30.322 INFO [localhost-startStop-2] org.springframework.context.support.AbstractApplicationContext.doClose Closing Root WebApplicationContext: startup date [Thu Nov 15 10:39:35 GMT+07:00 2018]; root of context hierarchy
15-Nov-2018 11:18:30.728 INFO [main] org.apache.coyote.AbstractProtocol.stop Stopping ProtocolHandler ["http-nio-8080"]
15-Nov-2018 11:18:30.743 INFO [main] org.apache.coyote.AbstractProtocol.stop Stopping ProtocolHandler ["ajp-nio-8009"]
15-Nov-2018 11:18:30.743 INFO [main] org.apache.coyote.AbstractProtocol.destroy Destroying ProtocolHandler ["http-nio-8080"]
15-Nov-2018 11:18:30.743 INFO [main] org.apache.coyote.AbstractProtocol.destroy Destroying ProtocolHandler ["ajp-nio-8009"]
