03-Jan-2019 06:45:00.231 WARNING [http-nio-8081-exec-35] org.springframework.web.servlet.DispatcherServlet.noHandlerFound No mapping found for HTTP request with URI [/netbeans-tomcat-status-test] in DispatcherServlet with name 'dispatcher'
03-Jan-2019 06:45:03.952 WARNING [http-nio-8081-exec-38] org.springframework.web.servlet.DispatcherServlet.noHandlerFound No mapping found for HTTP request with URI [/netbeans-tomcat-status-test] in DispatcherServlet with name 'dispatcher'
03-Jan-2019 06:45:04.570 WARNING [http-nio-8081-exec-31] org.springframework.web.servlet.DispatcherServlet.noHandlerFound No mapping found for HTTP request with URI [/netbeans-tomcat-status-test] in DispatcherServlet with name 'dispatcher'
03-Jan-2019 06:45:05.133 WARNING [http-nio-8081-exec-37] org.springframework.web.servlet.DispatcherServlet.noHandlerFound No mapping found for HTTP request with URI [/netbeans-tomcat-status-test] in DispatcherServlet with name 'dispatcher'
03-Jan-2019 06:45:06.611 WARNING [http-nio-8081-exec-36] org.springframework.web.servlet.DispatcherServlet.noHandlerFound No mapping found for HTTP request with URI [/netbeans-tomcat-status-test] in DispatcherServlet with name 'dispatcher'
03-Jan-2019 06:45:10.867 WARNING [http-nio-8081-exec-37] org.springframework.web.servlet.DispatcherServlet.noHandlerFound No mapping found for HTTP request with URI [/netbeans-tomcat-status-test] in DispatcherServlet with name 'dispatcher'
03-Jan-2019 06:45:10.955 WARNING [http-nio-8081-exec-38] org.springframework.web.servlet.DispatcherServlet.noHandlerFound No mapping found for HTTP request with URI [/netbeans-tomcat-status-test] in DispatcherServlet with name 'dispatcher'
03-Jan-2019 06:45:11.006 WARNING [http-nio-8081-exec-30] org.springframework.web.servlet.DispatcherServlet.noHandlerFound No mapping found for HTTP request with URI [/netbeans-tomcat-status-test] in DispatcherServlet with name 'dispatcher'
03-Jan-2019 06:45:11.191 WARNING [http-nio-8081-exec-33] org.springframework.web.servlet.DispatcherServlet.noHandlerFound No mapping found for HTTP request with URI [/netbeans-tomcat-status-test] in DispatcherServlet with name 'dispatcher'
03-Jan-2019 06:47:07.129 WARNING [http-nio-8081-exec-32] org.springframework.web.servlet.DispatcherServlet.noHandlerFound No mapping found for HTTP request with URI [/netbeans-tomcat-status-test] in DispatcherServlet with name 'dispatcher'
03-Jan-2019 06:47:07.183 WARNING [http-nio-8081-exec-31] org.springframework.web.servlet.DispatcherServlet.noHandlerFound No mapping found for HTTP request with URI [/netbeans-tomcat-status-test] in DispatcherServlet with name 'dispatcher'
03-Jan-2019 06:47:07.281 WARNING [http-nio-8081-exec-38] org.springframework.web.servlet.DispatcherServlet.noHandlerFound No mapping found for HTTP request with URI [/netbeans-tomcat-status-test] in DispatcherServlet with name 'dispatcher'
03-Jan-2019 06:47:07.374 WARNING [http-nio-8081-exec-35] org.springframework.web.servlet.DispatcherServlet.noHandlerFound No mapping found for HTTP request with URI [/netbeans-tomcat-status-test] in DispatcherServlet with name 'dispatcher'
03-Jan-2019 07:16:10.744 WARNING [http-nio-8081-exec-32] org.springframework.web.servlet.DispatcherServlet.noHandlerFound No mapping found for HTTP request with URI [/netbeans-tomcat-status-test] in DispatcherServlet with name 'dispatcher'
03-Jan-2019 07:16:10.869 WARNING [http-nio-8081-exec-31] org.springframework.web.servlet.DispatcherServlet.noHandlerFound No mapping found for HTTP request with URI [/netbeans-tomcat-status-test] in DispatcherServlet with name 'dispatcher'
03-Jan-2019 07:16:10.930 WARNING [http-nio-8081-exec-34] org.springframework.web.servlet.DispatcherServlet.noHandlerFound No mapping found for HTTP request with URI [/netbeans-tomcat-status-test] in DispatcherServlet with name 'dispatcher'
03-Jan-2019 07:16:11.076 WARNING [http-nio-8081-exec-35] org.springframework.web.servlet.DispatcherServlet.noHandlerFound No mapping found for HTTP request with URI [/netbeans-tomcat-status-test] in DispatcherServlet with name 'dispatcher'
03-Jan-2019 07:16:18.752 WARNING [http-nio-8081-exec-29] org.springframework.web.servlet.DispatcherServlet.noHandlerFound No mapping found for HTTP request with URI [/netbeans-tomcat-status-test] in DispatcherServlet with name 'dispatcher'
03-Jan-2019 07:16:18.771 WARNING [http-nio-8081-exec-30] org.springframework.web.servlet.DispatcherServlet.noHandlerFound No mapping found for HTTP request with URI [/netbeans-tomcat-status-test] in DispatcherServlet with name 'dispatcher'
03-Jan-2019 07:16:18.782 WARNING [http-nio-8081-exec-37] org.springframework.web.servlet.DispatcherServlet.noHandlerFound No mapping found for HTTP request with URI [/netbeans-tomcat-status-test] in DispatcherServlet with name 'dispatcher'
03-Jan-2019 07:16:18.809 WARNING [http-nio-8081-exec-29] org.springframework.web.servlet.DispatcherServlet.noHandlerFound No mapping found for HTTP request with URI [/netbeans-tomcat-status-test] in DispatcherServlet with name 'dispatcher'
03-Jan-2019 07:29:25.064 WARNING [http-nio-8081-exec-33] org.springframework.web.servlet.DispatcherServlet.noHandlerFound No mapping found for HTTP request with URI [/netbeans-tomcat-status-test] in DispatcherServlet with name 'dispatcher'
03-Jan-2019 07:29:25.186 WARNING [http-nio-8081-exec-34] org.springframework.web.servlet.DispatcherServlet.noHandlerFound No mapping found for HTTP request with URI [/netbeans-tomcat-status-test] in DispatcherServlet with name 'dispatcher'
03-Jan-2019 07:29:25.213 WARNING [http-nio-8081-exec-38] org.springframework.web.servlet.DispatcherServlet.noHandlerFound No mapping found for HTTP request with URI [/netbeans-tomcat-status-test] in DispatcherServlet with name 'dispatcher'
03-Jan-2019 07:29:25.251 WARNING [http-nio-8081-exec-36] org.springframework.web.servlet.DispatcherServlet.noHandlerFound No mapping found for HTTP request with URI [/netbeans-tomcat-status-test] in DispatcherServlet with name 'dispatcher'
03-Jan-2019 19:02:38.563 WARNING [http-nio-8081-exec-32] org.springframework.web.servlet.DispatcherServlet.noHandlerFound No mapping found for HTTP request with URI [/netbeans-tomcat-status-test] in DispatcherServlet with name 'dispatcher'
03-Jan-2019 19:02:38.692 WARNING [http-nio-8081-exec-31] org.springframework.web.servlet.DispatcherServlet.noHandlerFound No mapping found for HTTP request with URI [/netbeans-tomcat-status-test] in DispatcherServlet with name 'dispatcher'
03-Jan-2019 19:02:39.291 WARNING [http-nio-8081-exec-30] org.springframework.web.servlet.DispatcherServlet.noHandlerFound No mapping found for HTTP request with URI [/netbeans-tomcat-status-test] in DispatcherServlet with name 'dispatcher'
03-Jan-2019 19:02:40.351 WARNING [http-nio-8081-exec-38] org.springframework.web.servlet.DispatcherServlet.noHandlerFound No mapping found for HTTP request with URI [/netbeans-tomcat-status-test] in DispatcherServlet with name 'dispatcher'
03-Jan-2019 19:02:41.377 WARNING [http-nio-8081-exec-35] org.springframework.web.servlet.DispatcherServlet.noHandlerFound No mapping found for HTTP request with URI [/netbeans-tomcat-status-test] in DispatcherServlet with name 'dispatcher'
03-Jan-2019 19:02:42.395 WARNING [http-nio-8081-exec-29] org.springframework.web.servlet.DispatcherServlet.noHandlerFound No mapping found for HTTP request with URI [/netbeans-tomcat-status-test] in DispatcherServlet with name 'dispatcher'
03-Jan-2019 19:02:43.435 WARNING [http-nio-8081-exec-31] org.springframework.web.servlet.DispatcherServlet.noHandlerFound No mapping found for HTTP request with URI [/netbeans-tomcat-status-test] in DispatcherServlet with name 'dispatcher'
03-Jan-2019 19:02:44.271 INFO [main] org.apache.catalina.core.StandardServer.await A valid shutdown command was received via the shutdown port. Stopping the Server instance.
03-Jan-2019 19:02:44.491 INFO [main] org.apache.coyote.AbstractProtocol.pause Pausing ProtocolHandler ["http-nio-8081"]
03-Jan-2019 19:02:44.498 WARNING [http-nio-8081-exec-36] org.springframework.web.servlet.DispatcherServlet.noHandlerFound No mapping found for HTTP request with URI [/netbeans-tomcat-status-test] in DispatcherServlet with name 'dispatcher'
03-Jan-2019 19:02:44.506 INFO [main] org.apache.coyote.AbstractProtocol.pause Pausing ProtocolHandler ["ajp-nio-8009"]
03-Jan-2019 19:02:45.323 INFO [main] org.apache.catalina.core.StandardService.stopInternal Stopping service [Catalina]
03-Jan-2019 19:02:45.879 INFO [localhost-startStop-2] org.springframework.context.support.AbstractApplicationContext.doClose Closing WebApplicationContext for namespace 'dispatcher-servlet': startup date [Wed Jan 02 14:50:24 GMT+07:00 2019]; parent: Root WebApplicationContext
03-Jan-2019 19:02:47.649 INFO [localhost-startStop-2] org.springframework.context.support.AbstractApplicationContext.doClose Closing Root WebApplicationContext: startup date [Wed Jan 02 14:50:23 GMT+07:00 2019]; root of context hierarchy
03-Jan-2019 19:02:48.481 INFO [localhost-startStop-2] org.springframework.context.support.AbstractApplicationContext.doClose Closing WebApplicationContext for namespace 'dispatcher-servlet': startup date [Wed Jan 02 14:50:35 GMT+07:00 2019]; parent: Root WebApplicationContext
03-Jan-2019 19:02:49.597 INFO [localhost-startStop-2] org.springframework.context.support.AbstractApplicationContext.doClose Closing Root WebApplicationContext: startup date [Wed Jan 02 14:50:35 GMT+07:00 2019]; root of context hierarchy
03-Jan-2019 19:02:49.744 INFO [localhost-startStop-2] org.springframework.context.support.AbstractApplicationContext.doClose Closing WebApplicationContext for namespace 'dispatcher-servlet': startup date [Wed Jan 02 14:50:11 GMT+07:00 2019]; parent: Root WebApplicationContext
03-Jan-2019 19:02:50.906 INFO [localhost-startStop-2] org.springframework.context.support.AbstractApplicationContext.doClose Closing Root WebApplicationContext: startup date [Wed Jan 02 14:50:09 GMT+07:00 2019]; root of context hierarchy
03-Jan-2019 19:02:51.250 INFO [localhost-startStop-2] org.springframework.context.support.AbstractApplicationContext.doClose Closing WebApplicationContext for namespace 'dispatcher-servlet': startup date [Wed Jan 02 14:50:46 GMT+07:00 2019]; parent: Root WebApplicationContext
03-Jan-2019 19:02:52.079 INFO [localhost-startStop-2] org.springframework.context.support.AbstractApplicationContext.doClose Closing Root WebApplicationContext: startup date [Wed Jan 02 14:50:45 GMT+07:00 2019]; root of context hierarchy
03-Jan-2019 19:02:52.421 INFO [localhost-startStop-2] org.springframework.context.support.AbstractApplicationContext.doClose Closing WebApplicationContext for namespace 'dispatcher-servlet': startup date [Wed Jan 02 14:51:02 GMT+07:00 2019]; parent: Root WebApplicationContext
03-Jan-2019 19:02:53.693 INFO [localhost-startStop-2] org.springframework.context.support.AbstractApplicationContext.doClose Closing Root WebApplicationContext: startup date [Wed Jan 02 14:51:01 GMT+07:00 2019]; root of context hierarchy
03-Jan-2019 19:02:53.991 INFO [localhost-startStop-2] org.springframework.context.support.AbstractApplicationContext.doClose Closing WebApplicationContext for namespace 'dispatcher-servlet': startup date [Wed Jan 02 14:50:53 GMT+07:00 2019]; parent: Root WebApplicationContext
03-Jan-2019 19:02:54.269 INFO [localhost-startStop-2] org.springframework.context.support.AbstractApplicationContext.doClose Closing Root WebApplicationContext: startup date [Wed Jan 02 14:50:53 GMT+07:00 2019]; root of context hierarchy
03-Jan-2019 19:02:54.730 INFO [main] org.apache.coyote.AbstractProtocol.stop Stopping ProtocolHandler ["http-nio-8081"]
03-Jan-2019 19:02:54.978 INFO [main] org.apache.coyote.AbstractProtocol.stop Stopping ProtocolHandler ["ajp-nio-8009"]
03-Jan-2019 19:02:55.502 INFO [main] org.apache.coyote.AbstractProtocol.destroy Destroying ProtocolHandler ["http-nio-8081"]
03-Jan-2019 19:02:55.531 INFO [main] org.apache.coyote.AbstractProtocol.destroy Destroying ProtocolHandler ["ajp-nio-8009"]
