16-Nov-2018 10:48:22.868 INFO [main] org.apache.catalina.startup.VersionLoggerListener.log Server version:        Apache Tomcat/8.5.34
16-Nov-2018 10:48:22.899 INFO [main] org.apache.catalina.startup.VersionLoggerListener.log Server built:          Sep 4 2018 22:28:22 UTC
16-Nov-2018 10:48:22.899 INFO [main] org.apache.catalina.startup.VersionLoggerListener.log Server number:         8.5.34.0
16-Nov-2018 10:48:22.899 INFO [main] org.apache.catalina.startup.VersionLoggerListener.log OS Name:               Windows 7
16-Nov-2018 10:48:22.899 INFO [main] org.apache.catalina.startup.VersionLoggerListener.log OS Version:            6.1
16-Nov-2018 10:48:22.899 INFO [main] org.apache.catalina.startup.VersionLoggerListener.log Architecture:          amd64
16-Nov-2018 10:48:22.899 INFO [main] org.apache.catalina.startup.VersionLoggerListener.log Java Home:             C:\Program Files\Java\jdk1.8.0_171\jre
16-Nov-2018 10:48:22.899 INFO [main] org.apache.catalina.startup.VersionLoggerListener.log JVM Version:           1.8.0_171-b11
16-Nov-2018 10:48:22.899 INFO [main] org.apache.catalina.startup.VersionLoggerListener.log JVM Vendor:            Oracle Corporation
16-Nov-2018 10:48:22.899 INFO [main] org.apache.catalina.startup.VersionLoggerListener.log CATALINA_BASE:         D:\Java\apache-tomcat-8.5.34
16-Nov-2018 10:48:22.899 INFO [main] org.apache.catalina.startup.VersionLoggerListener.log CATALINA_HOME:         D:\Java\apache-tomcat-8.5.34
16-Nov-2018 10:48:22.899 INFO [main] org.apache.catalina.startup.VersionLoggerListener.log Command line argument: -Djava.util.logging.config.file=D:\Java\apache-tomcat-8.5.34\conf\logging.properties
16-Nov-2018 10:48:22.899 INFO [main] org.apache.catalina.startup.VersionLoggerListener.log Command line argument: -Djava.util.logging.manager=org.apache.juli.ClassLoaderLogManager
16-Nov-2018 10:48:22.899 INFO [main] org.apache.catalina.startup.VersionLoggerListener.log Command line argument: -Dhttp.nonProxyHosts=localhost|127.0.0.1|2DFPCVKWUZTOSY4
16-Nov-2018 10:48:22.899 INFO [main] org.apache.catalina.startup.VersionLoggerListener.log Command line argument: -Djdk.tls.ephemeralDHKeySize=2048
16-Nov-2018 10:48:22.899 INFO [main] org.apache.catalina.startup.VersionLoggerListener.log Command line argument: -Djava.protocol.handler.pkgs=org.apache.catalina.webresources
16-Nov-2018 10:48:22.899 INFO [main] org.apache.catalina.startup.VersionLoggerListener.log Command line argument: -Dignore.endorsed.dirs=
16-Nov-2018 10:48:22.899 INFO [main] org.apache.catalina.startup.VersionLoggerListener.log Command line argument: -Dcatalina.base=D:\Java\apache-tomcat-8.5.34
16-Nov-2018 10:48:22.899 INFO [main] org.apache.catalina.startup.VersionLoggerListener.log Command line argument: -Dcatalina.home=D:\Java\apache-tomcat-8.5.34
16-Nov-2018 10:48:22.899 INFO [main] org.apache.catalina.startup.VersionLoggerListener.log Command line argument: -Djava.io.tmpdir=D:\Java\apache-tomcat-8.5.34\temp
16-Nov-2018 10:48:22.899 INFO [main] org.apache.catalina.core.AprLifecycleListener.lifecycleEvent The APR based Apache Tomcat Native library which allows optimal performance in production environments was not found on the java.library.path: [C:\Program Files\Java\jdk1.8.0_171\bin;C:\Windows\Sun\Java\bin;C:\Windows\system32;C:\Windows;C:\Windows\system32;C:\Windows;C:\Windows\System32\Wbem;C:\Windows\System32\WindowsPowerShell\v1.0\;C:\Program Files\Microsoft SQL Server\120\DTS\Binn\;C:\Program Files\Microsoft SQL Server\Client SDK\ODBC\110\Tools\Binn\;C:\Program Files (x86)\Microsoft SQL Server\120\Tools\Binn\;C:\Program Files\Microsoft SQL Server\120\Tools\Binn\;C:\Program Files (x86)\Microsoft SQL Server\120\Tools\Binn\ManagementStudio\;C:\Program Files (x86)\Microsoft SQL Server\120\DTS\Binn\;.]
16-Nov-2018 10:48:23.476 INFO [main] org.apache.coyote.AbstractProtocol.init Initializing ProtocolHandler ["http-nio-8080"]
16-Nov-2018 10:48:23.975 INFO [main] org.apache.tomcat.util.net.NioSelectorPool.getSharedSelector Using a shared selector for servlet write/read
16-Nov-2018 10:48:24.069 INFO [main] org.apache.coyote.AbstractProtocol.init Initializing ProtocolHandler ["ajp-nio-8009"]
16-Nov-2018 10:48:24.085 INFO [main] org.apache.tomcat.util.net.NioSelectorPool.getSharedSelector Using a shared selector for servlet write/read
16-Nov-2018 10:48:24.085 INFO [main] org.apache.catalina.startup.Catalina.load Initialization processed in 3024 ms
16-Nov-2018 10:48:24.241 INFO [main] org.apache.catalina.core.StandardService.startInternal Starting service [Catalina]
16-Nov-2018 10:48:24.241 INFO [main] org.apache.catalina.core.StandardEngine.startInternal Starting Servlet Engine: Apache Tomcat/8.5.34
16-Nov-2018 10:48:24.303 INFO [localhost-startStop-1] org.apache.catalina.startup.HostConfig.deployDescriptor Deploying configuration descriptor [D:\Java\apache-tomcat-8.5.34\conf\Catalina\localhost\MuaBanNha.xml]
16-Nov-2018 10:48:27.579 INFO [localhost-startStop-1] org.apache.jasper.servlet.TldScanner.scanJars At least one JAR was scanned for TLDs yet contained no TLDs. Enable debug logging for this logger for a complete list of JARs that were scanned but no TLDs were found in them. Skipping unneeded JARs during scanning can improve startup time and JSP compilation time.
16-Nov-2018 10:48:27.891 INFO [localhost-startStop-1] org.apache.catalina.startup.HostConfig.deployDescriptor Deployment of configuration descriptor [D:\Java\apache-tomcat-8.5.34\conf\Catalina\localhost\MuaBanNha.xml] has finished in [3,588] ms
16-Nov-2018 10:48:27.891 INFO [localhost-startStop-1] org.apache.catalina.startup.HostConfig.deployDescriptor Deploying configuration descriptor [D:\Java\apache-tomcat-8.5.34\conf\Catalina\localhost\QuanLyNhanSuVaTienLuong.xml]
16-Nov-2018 10:48:29.108 INFO [localhost-startStop-1] org.apache.jasper.servlet.TldScanner.scanJars At least one JAR was scanned for TLDs yet contained no TLDs. Enable debug logging for this logger for a complete list of JARs that were scanned but no TLDs were found in them. Skipping unneeded JARs during scanning can improve startup time and JSP compilation time.
16-Nov-2018 10:48:29.264 INFO [localhost-startStop-1] org.apache.catalina.startup.HostConfig.deployDescriptor Deployment of configuration descriptor [D:\Java\apache-tomcat-8.5.34\conf\Catalina\localhost\QuanLyNhanSuVaTienLuong.xml] has finished in [1,357] ms
16-Nov-2018 10:48:29.264 INFO [localhost-startStop-1] org.apache.catalina.startup.HostConfig.deployDescriptor Deploying configuration descriptor [D:\Java\apache-tomcat-8.5.34\conf\Catalina\localhost\shop.xml]
16-Nov-2018 10:48:36.611 INFO [localhost-startStop-1] org.apache.jasper.servlet.TldScanner.scanJars At least one JAR was scanned for TLDs yet contained no TLDs. Enable debug logging for this logger for a complete list of JARs that were scanned but no TLDs were found in them. Skipping unneeded JARs during scanning can improve startup time and JSP compilation time.
16-Nov-2018 10:48:36.830 INFO [localhost-startStop-1] org.springframework.web.context.ContextLoader.initWebApplicationContext Root WebApplicationContext: initialization started
16-Nov-2018 10:48:37.501 INFO [localhost-startStop-1] org.springframework.context.support.AbstractApplicationContext.prepareRefresh Refreshing Root WebApplicationContext: startup date [Fri Nov 16 10:48:37 GMT+07:00 2018]; root of context hierarchy
16-Nov-2018 10:48:37.735 INFO [localhost-startStop-1] org.springframework.beans.factory.xml.XmlBeanDefinitionReader.loadBeanDefinitions Loading XML bean definitions from ServletContext resource [/WEB-INF/applicationContext.xml]
16-Nov-2018 10:48:39.092 INFO [localhost-startStop-1] org.springframework.web.context.ContextLoader.initWebApplicationContext Root WebApplicationContext: initialization completed in 2262 ms
16-Nov-2018 10:48:39.170 INFO [localhost-startStop-1] org.springframework.web.servlet.FrameworkServlet.initServletBean FrameworkServlet 'dispatcher': initialization started
16-Nov-2018 10:48:39.201 INFO [localhost-startStop-1] org.springframework.context.support.AbstractApplicationContext.prepareRefresh Refreshing WebApplicationContext for namespace 'dispatcher-servlet': startup date [Fri Nov 16 10:48:39 GMT+07:00 2018]; parent: Root WebApplicationContext
16-Nov-2018 10:48:39.201 INFO [localhost-startStop-1] org.springframework.beans.factory.xml.XmlBeanDefinitionReader.loadBeanDefinitions Loading XML bean definitions from ServletContext resource [/WEB-INF/dispatcher-servlet.xml]
16-Nov-2018 10:48:40.137 INFO [localhost-startStop-1] org.springframework.beans.factory.support.DefaultListableBeanFactory.registerBeanDefinition Overriding bean definition for bean 'mvcContentNegotiationManager': replacing [Root bean: class [org.springframework.web.accept.ContentNegotiationManagerFactoryBean]; scope=; abstract=false; lazyInit=false; autowireMode=0; dependencyCheck=0; autowireCandidate=true; primary=false; factoryBeanName=null; factoryMethodName=null; initMethodName=null; destroyMethodName=null] with [Root bean: class [org.springframework.web.accept.ContentNegotiationManagerFactoryBean]; scope=; abstract=false; lazyInit=false; autowireMode=0; dependencyCheck=0; autowireCandidate=true; primary=false; factoryBeanName=null; factoryMethodName=null; initMethodName=null; destroyMethodName=null]
16-Nov-2018 10:48:40.137 INFO [localhost-startStop-1] org.springframework.beans.factory.support.DefaultListableBeanFactory.registerBeanDefinition Overriding bean definition for bean 'mvcUriComponentsContributor': replacing [Root bean: class [org.springframework.web.servlet.config.AnnotationDrivenBeanDefinitionParser$CompositeUriComponentsContributorFactoryBean]; scope=; abstract=false; lazyInit=false; autowireMode=0; dependencyCheck=0; autowireCandidate=true; primary=false; factoryBeanName=null; factoryMethodName=null; initMethodName=null; destroyMethodName=null] with [Root bean: class [org.springframework.web.servlet.config.AnnotationDrivenBeanDefinitionParser$CompositeUriComponentsContributorFactoryBean]; scope=; abstract=false; lazyInit=false; autowireMode=0; dependencyCheck=0; autowireCandidate=true; primary=false; factoryBeanName=null; factoryMethodName=null; initMethodName=null; destroyMethodName=null]
16-Nov-2018 10:48:41.572 INFO [localhost-startStop-1] org.springframework.web.servlet.handler.AbstractUrlHandlerMapping.registerHandler Mapped URL path [/homepage] onto handler 'homepageController'
16-Nov-2018 10:48:41.572 INFO [localhost-startStop-1] org.springframework.web.servlet.handler.AbstractUrlHandlerMapping.registerHandler Mapped URL path [/homepage/*] onto handler 'homepageController'
16-Nov-2018 10:48:41.619 INFO [localhost-startStop-1] org.springframework.web.servlet.handler.AbstractUrlHandlerMapping.registerHandler Mapped URL path [/product] onto handler 'productController'
16-Nov-2018 10:48:41.619 INFO [localhost-startStop-1] org.springframework.web.servlet.handler.AbstractUrlHandlerMapping.registerHandler Mapped URL path [/product/*] onto handler 'productController'
16-Nov-2018 10:48:41.728 INFO [localhost-startStop-1] org.springframework.web.servlet.handler.AbstractHandlerMethodMapping.registerHandlerMethod Mapped "{[/home/index],methods=[],params=[],headers=[],consumes=[],produces=[],custom=[]}" onto public java.lang.String controller.HomepageController.index(org.springframework.ui.ModelMap)
16-Nov-2018 10:48:41.728 INFO [localhost-startStop-1] org.springframework.web.servlet.handler.AbstractHandlerMethodMapping.registerHandlerMethod Mapped "{[/product/detail],methods=[],params=[],headers=[],consumes=[],produces=[],custom=[]}" onto public java.lang.String controller.ProductController.redirect()
16-Nov-2018 10:48:41.728 INFO [localhost-startStop-1] org.springframework.web.servlet.handler.AbstractHandlerMethodMapping.registerHandlerMethod Mapped "{[/product/list],methods=[],params=[],headers=[],consumes=[],produces=[],custom=[]}" onto public java.lang.String controller.ProductController.getListProductByCategory(org.springframework.ui.ModelMap,long)
16-Nov-2018 10:48:41.728 INFO [localhost-startStop-1] org.springframework.web.servlet.handler.AbstractHandlerMethodMapping.registerHandlerMethod Mapped "{[/product/s],methods=[],params=[],headers=[],consumes=[],produces=[],custom=[]}" onto public java.lang.String controller.ProductController.Showe(long,java.lang.String)
16-Nov-2018 10:48:41.806 INFO [localhost-startStop-1] org.springframework.web.servlet.handler.AbstractHandlerMethodMapping.registerHandlerMethod Mapped "{[/home/index],methods=[],params=[],headers=[],consumes=[],produces=[],custom=[]}" onto public java.lang.String controller.HomepageController.index(org.springframework.ui.ModelMap)
16-Nov-2018 10:48:41.806 INFO [localhost-startStop-1] org.springframework.web.servlet.handler.AbstractHandlerMethodMapping.registerHandlerMethod Mapped "{[/product/detail],methods=[],params=[],headers=[],consumes=[],produces=[],custom=[]}" onto public java.lang.String controller.ProductController.redirect()
16-Nov-2018 10:48:41.806 INFO [localhost-startStop-1] org.springframework.web.servlet.handler.AbstractHandlerMethodMapping.registerHandlerMethod Mapped "{[/product/list],methods=[],params=[],headers=[],consumes=[],produces=[],custom=[]}" onto public java.lang.String controller.ProductController.getListProductByCategory(org.springframework.ui.ModelMap,long)
16-Nov-2018 10:48:41.806 INFO [localhost-startStop-1] org.springframework.web.servlet.handler.AbstractHandlerMethodMapping.registerHandlerMethod Mapped "{[/product/s],methods=[],params=[],headers=[],consumes=[],produces=[],custom=[]}" onto public java.lang.String controller.ProductController.Showe(long,java.lang.String)
16-Nov-2018 10:48:42.758 INFO [localhost-startStop-1] org.springframework.web.servlet.handler.AbstractUrlHandlerMapping.registerHandler Mapped URL path [/index.htm] onto handler 'indexController'
16-Nov-2018 10:48:42.883 INFO [localhost-startStop-1] org.springframework.web.servlet.handler.AbstractUrlHandlerMapping.registerHandler Mapped URL path [/resources/**] onto handler 'org.springframework.web.servlet.resource.ResourceHttpRequestHandler#0'
16-Nov-2018 10:48:42.898 INFO [localhost-startStop-1] org.springframework.web.servlet.handler.AbstractHandlerMethodMapping.registerHandlerMethod Mapped "{[/home/index],methods=[],params=[],headers=[],consumes=[],produces=[],custom=[]}" onto public java.lang.String controller.HomepageController.index(org.springframework.ui.ModelMap)
16-Nov-2018 10:48:42.898 INFO [localhost-startStop-1] org.springframework.web.servlet.handler.AbstractHandlerMethodMapping.registerHandlerMethod Mapped "{[/product/detail],methods=[],params=[],headers=[],consumes=[],produces=[],custom=[]}" onto public java.lang.String controller.ProductController.redirect()
16-Nov-2018 10:48:42.898 INFO [localhost-startStop-1] org.springframework.web.servlet.handler.AbstractHandlerMethodMapping.registerHandlerMethod Mapped "{[/product/list],methods=[],params=[],headers=[],consumes=[],produces=[],custom=[]}" onto public java.lang.String controller.ProductController.getListProductByCategory(org.springframework.ui.ModelMap,long)
16-Nov-2018 10:48:42.898 INFO [localhost-startStop-1] org.springframework.web.servlet.handler.AbstractHandlerMethodMapping.registerHandlerMethod Mapped "{[/product/s],methods=[],params=[],headers=[],consumes=[],produces=[],custom=[]}" onto public java.lang.String controller.ProductController.Showe(long,java.lang.String)
16-Nov-2018 10:48:43.039 INFO [localhost-startStop-1] org.springframework.web.servlet.FrameworkServlet.initServletBean FrameworkServlet 'dispatcher': initialization completed in 3869 ms
16-Nov-2018 10:48:43.039 INFO [localhost-startStop-1] org.apache.catalina.startup.HostConfig.deployDescriptor Deployment of configuration descriptor [D:\Java\apache-tomcat-8.5.34\conf\Catalina\localhost\shop.xml] has finished in [13,775] ms
16-Nov-2018 10:48:43.039 INFO [localhost-startStop-1] org.apache.catalina.startup.HostConfig.deployDescriptor Deploying configuration descriptor [D:\Java\apache-tomcat-8.5.34\conf\Catalina\localhost\SpringMVC.xml]
16-Nov-2018 10:48:47.687 INFO [localhost-startStop-1] org.apache.jasper.servlet.TldScanner.scanJars At least one JAR was scanned for TLDs yet contained no TLDs. Enable debug logging for this logger for a complete list of JARs that were scanned but no TLDs were found in them. Skipping unneeded JARs during scanning can improve startup time and JSP compilation time.
16-Nov-2018 10:48:47.890 INFO [localhost-startStop-1] org.springframework.web.context.ContextLoader.initWebApplicationContext Root WebApplicationContext: initialization started
16-Nov-2018 10:48:48.171 INFO [localhost-startStop-1] org.springframework.context.support.AbstractApplicationContext.prepareRefresh Refreshing Root WebApplicationContext: startup date [Fri Nov 16 10:48:48 GMT+07:00 2018]; root of context hierarchy
16-Nov-2018 10:48:48.296 INFO [localhost-startStop-1] org.springframework.beans.factory.xml.XmlBeanDefinitionReader.loadBeanDefinitions Loading XML bean definitions from ServletContext resource [/WEB-INF/applicationContext.xml]
16-Nov-2018 10:48:48.717 INFO [localhost-startStop-1] org.springframework.web.context.ContextLoader.initWebApplicationContext Root WebApplicationContext: initialization completed in 811 ms
16-Nov-2018 10:48:48.764 INFO [localhost-startStop-1] org.springframework.web.servlet.FrameworkServlet.initServletBean FrameworkServlet 'dispatcher': initialization started
16-Nov-2018 10:48:48.764 INFO [localhost-startStop-1] org.springframework.context.support.AbstractApplicationContext.prepareRefresh Refreshing WebApplicationContext for namespace 'dispatcher-servlet': startup date [Fri Nov 16 10:48:48 GMT+07:00 2018]; parent: Root WebApplicationContext
16-Nov-2018 10:48:48.764 INFO [localhost-startStop-1] org.springframework.beans.factory.xml.XmlBeanDefinitionReader.loadBeanDefinitions Loading XML bean definitions from ServletContext resource [/WEB-INF/dispatcher-servlet.xml]
16-Nov-2018 10:48:49.903 INFO [localhost-startStop-1] org.springframework.web.servlet.handler.AbstractUrlHandlerMapping.registerHandler Mapped URL path [/test] onto handler 'testController'
16-Nov-2018 10:48:49.903 INFO [localhost-startStop-1] org.springframework.web.servlet.handler.AbstractUrlHandlerMapping.registerHandler Mapped URL path [/test/*] onto handler 'testController'
16-Nov-2018 10:48:49.918 INFO [localhost-startStop-1] org.springframework.web.servlet.handler.AbstractUrlHandlerMapping.registerHandler Mapped URL path [/user] onto handler 'userController'
16-Nov-2018 10:48:49.918 INFO [localhost-startStop-1] org.springframework.web.servlet.handler.AbstractUrlHandlerMapping.registerHandler Mapped URL path [/user/*] onto handler 'userController'
16-Nov-2018 10:48:50.012 INFO [localhost-startStop-1] org.springframework.web.servlet.handler.AbstractHandlerMethodMapping.registerHandlerMethod Mapped "{[/home],methods=[GET],params=[],headers=[],consumes=[],produces=[],custom=[]}" onto public java.lang.String controller.TestController.home()
16-Nov-2018 10:48:50.012 INFO [localhost-startStop-1] org.springframework.web.servlet.handler.AbstractHandlerMethodMapping.registerHandlerMethod Mapped "{[/home/login],methods=[GET],params=[],headers=[],consumes=[],produces=[],custom=[]}" onto public org.springframework.web.servlet.ModelAndView controller.UserController.show(org.springframework.web.servlet.ModelAndView,org.springframework.ui.ModelMap,org.springframework.ui.Model)
16-Nov-2018 10:48:50.012 INFO [localhost-startStop-1] org.springframework.web.servlet.handler.AbstractHandlerMethodMapping.registerHandlerMethod Mapped "{[/home/handlLogin],methods=[POST],params=[],headers=[],consumes=[],produces=[],custom=[]}" onto public java.lang.String controller.UserController.handlLogin(entities.User,org.springframework.ui.ModelMap) throws java.sql.SQLException
16-Nov-2018 10:48:50.059 INFO [localhost-startStop-1] org.springframework.web.servlet.handler.AbstractHandlerMethodMapping.registerHandlerMethod Mapped "{[/home],methods=[GET],params=[],headers=[],consumes=[],produces=[],custom=[]}" onto public java.lang.String controller.TestController.home()
16-Nov-2018 10:48:50.059 INFO [localhost-startStop-1] org.springframework.web.servlet.handler.AbstractHandlerMethodMapping.registerHandlerMethod Mapped "{[/home/login],methods=[GET],params=[],headers=[],consumes=[],produces=[],custom=[]}" onto public org.springframework.web.servlet.ModelAndView controller.UserController.show(org.springframework.web.servlet.ModelAndView,org.springframework.ui.ModelMap,org.springframework.ui.Model)
16-Nov-2018 10:48:50.059 INFO [localhost-startStop-1] org.springframework.web.servlet.handler.AbstractHandlerMethodMapping.registerHandlerMethod Mapped "{[/home/handlLogin],methods=[POST],params=[],headers=[],consumes=[],produces=[],custom=[]}" onto public java.lang.String controller.UserController.handlLogin(entities.User,org.springframework.ui.ModelMap) throws java.sql.SQLException
16-Nov-2018 10:48:50.527 INFO [localhost-startStop-1] org.springframework.web.servlet.handler.AbstractUrlHandlerMapping.registerHandler Mapped URL path [/index.htm] onto handler 'indexController'
16-Nov-2018 10:48:50.636 INFO [localhost-startStop-1] org.springframework.web.servlet.FrameworkServlet.initServletBean FrameworkServlet 'dispatcher': initialization completed in 1872 ms
16-Nov-2018 10:48:50.636 INFO [localhost-startStop-1] org.apache.catalina.startup.HostConfig.deployDescriptor Deployment of configuration descriptor [D:\Java\apache-tomcat-8.5.34\conf\Catalina\localhost\SpringMVC.xml] has finished in [7,597] ms
16-Nov-2018 10:48:50.636 INFO [localhost-startStop-1] org.apache.catalina.startup.HostConfig.deployDescriptor Deploying configuration descriptor [D:\Java\apache-tomcat-8.5.34\conf\Catalina\localhost\test.xml]
16-Nov-2018 10:48:50.651 SEVERE [localhost-startStop-1] org.apache.catalina.core.ContainerBase.addChildInternal ContainerBase.addChild: start: 
 org.apache.catalina.LifecycleException: Failed to start component [StandardEngine[Catalina].StandardHost[localhost].StandardContext[/test]]
	at org.apache.catalina.util.LifecycleBase.start(LifecycleBase.java:167)
	at org.apache.catalina.core.ContainerBase.addChildInternal(ContainerBase.java:754)
	at org.apache.catalina.core.ContainerBase.addChild(ContainerBase.java:730)
	at org.apache.catalina.core.StandardHost.addChild(StandardHost.java:734)
	at org.apache.catalina.startup.HostConfig.deployDescriptor(HostConfig.java:629)
	at org.apache.catalina.startup.HostConfig$DeployDescriptor.run(HostConfig.java:1839)
	at java.util.concurrent.Executors$RunnableAdapter.call(Executors.java:511)
	at java.util.concurrent.FutureTask.run(FutureTask.java:266)
	at java.util.concurrent.ThreadPoolExecutor.runWorker(ThreadPoolExecutor.java:1149)
	at java.util.concurrent.ThreadPoolExecutor$Worker.run(ThreadPoolExecutor.java:624)
	at java.lang.Thread.run(Thread.java:748)
Caused by: org.apache.catalina.LifecycleException: Failed to start component [org.apache.catalina.webresources.StandardRoot@7aa0200b]
	at org.apache.catalina.util.LifecycleBase.start(LifecycleBase.java:167)
	at org.apache.catalina.core.StandardContext.resourcesStart(StandardContext.java:4907)
	at org.apache.catalina.core.StandardContext.startInternal(StandardContext.java:5042)
	at org.apache.catalina.util.LifecycleBase.start(LifecycleBase.java:150)
	... 10 more
Caused by: java.lang.IllegalArgumentException: The main resource set specified [C:\Users\Administrator\Documents\NetBeansProjects\test\build\web] is not valid
	at org.apache.catalina.webresources.StandardRoot.createMainResourceSet(StandardRoot.java:748)
	at org.apache.catalina.webresources.StandardRoot.startInternal(StandardRoot.java:706)
	at org.apache.catalina.util.LifecycleBase.start(LifecycleBase.java:150)
	... 13 more

16-Nov-2018 10:48:50.651 SEVERE [localhost-startStop-1] org.apache.catalina.startup.HostConfig.deployDescriptor Error deploying configuration descriptor [D:\Java\apache-tomcat-8.5.34\conf\Catalina\localhost\test.xml]
 java.lang.IllegalStateException: ContainerBase.addChild: start: org.apache.catalina.LifecycleException: Failed to start component [StandardEngine[Catalina].StandardHost[localhost].StandardContext[/test]]
	at org.apache.catalina.core.ContainerBase.addChildInternal(ContainerBase.java:758)
	at org.apache.catalina.core.ContainerBase.addChild(ContainerBase.java:730)
	at org.apache.catalina.core.StandardHost.addChild(StandardHost.java:734)
	at org.apache.catalina.startup.HostConfig.deployDescriptor(HostConfig.java:629)
	at org.apache.catalina.startup.HostConfig$DeployDescriptor.run(HostConfig.java:1839)
	at java.util.concurrent.Executors$RunnableAdapter.call(Executors.java:511)
	at java.util.concurrent.FutureTask.run(FutureTask.java:266)
	at java.util.concurrent.ThreadPoolExecutor.runWorker(ThreadPoolExecutor.java:1149)
	at java.util.concurrent.ThreadPoolExecutor$Worker.run(ThreadPoolExecutor.java:624)
	at java.lang.Thread.run(Thread.java:748)

16-Nov-2018 10:48:50.651 INFO [localhost-startStop-1] org.apache.catalina.startup.HostConfig.deployDescriptor Deployment of configuration descriptor [D:\Java\apache-tomcat-8.5.34\conf\Catalina\localhost\test.xml] has finished in [15] ms
16-Nov-2018 10:48:50.651 INFO [localhost-startStop-1] org.apache.catalina.startup.HostConfig.deployDescriptor Deploying configuration descriptor [D:\Java\apache-tomcat-8.5.34\conf\Catalina\localhost\WebApplication2.xml]
16-Nov-2018 10:48:51.338 INFO [localhost-startStop-1] org.apache.jasper.servlet.TldScanner.scanJars At least one JAR was scanned for TLDs yet contained no TLDs. Enable debug logging for this logger for a complete list of JARs that were scanned but no TLDs were found in them. Skipping unneeded JARs during scanning can improve startup time and JSP compilation time.
16-Nov-2018 10:48:51.353 INFO [localhost-startStop-1] org.apache.catalina.startup.HostConfig.deployDescriptor Deployment of configuration descriptor [D:\Java\apache-tomcat-8.5.34\conf\Catalina\localhost\WebApplication2.xml] has finished in [702] ms
16-Nov-2018 10:48:51.353 INFO [localhost-startStop-1] org.apache.catalina.startup.HostConfig.deployDescriptor Deploying configuration descriptor [D:\Java\apache-tomcat-8.5.34\conf\Catalina\localhost\WebApplication3.xml]
16-Nov-2018 10:48:51.603 INFO [localhost-startStop-1] org.apache.catalina.startup.HostConfig.deployDescriptor Deployment of configuration descriptor [D:\Java\apache-tomcat-8.5.34\conf\Catalina\localhost\WebApplication3.xml] has finished in [250] ms
16-Nov-2018 10:48:51.603 INFO [localhost-startStop-1] org.apache.catalina.startup.HostConfig.deployDirectory Deploying web application directory [D:\Java\apache-tomcat-8.5.34\webapps\docs]
16-Nov-2018 10:48:51.665 INFO [localhost-startStop-1] org.apache.catalina.startup.HostConfig.deployDirectory Deployment of web application directory [D:\Java\apache-tomcat-8.5.34\webapps\docs] has finished in [62] ms
16-Nov-2018 10:48:51.681 INFO [localhost-startStop-1] org.apache.catalina.startup.HostConfig.deployDirectory Deploying web application directory [D:\Java\apache-tomcat-8.5.34\webapps\examples]
16-Nov-2018 10:48:52.586 INFO [localhost-startStop-1] org.apache.catalina.startup.HostConfig.deployDirectory Deployment of web application directory [D:\Java\apache-tomcat-8.5.34\webapps\examples] has finished in [905] ms
16-Nov-2018 10:48:52.586 INFO [localhost-startStop-1] org.apache.catalina.startup.HostConfig.deployDirectory Deploying web application directory [D:\Java\apache-tomcat-8.5.34\webapps\host-manager]
16-Nov-2018 10:48:52.711 INFO [localhost-startStop-1] org.apache.catalina.startup.HostConfig.deployDirectory Deployment of web application directory [D:\Java\apache-tomcat-8.5.34\webapps\host-manager] has finished in [125] ms
16-Nov-2018 10:48:52.711 INFO [localhost-startStop-1] org.apache.catalina.startup.HostConfig.deployDirectory Deploying web application directory [D:\Java\apache-tomcat-8.5.34\webapps\manager]
16-Nov-2018 10:48:52.789 INFO [localhost-startStop-1] org.apache.catalina.startup.HostConfig.deployDirectory Deployment of web application directory [D:\Java\apache-tomcat-8.5.34\webapps\manager] has finished in [62] ms
16-Nov-2018 10:48:52.789 INFO [localhost-startStop-1] org.apache.catalina.startup.HostConfig.deployDirectory Deploying web application directory [D:\Java\apache-tomcat-8.5.34\webapps\ROOT]
16-Nov-2018 10:48:52.835 INFO [localhost-startStop-1] org.apache.catalina.startup.HostConfig.deployDirectory Deployment of web application directory [D:\Java\apache-tomcat-8.5.34\webapps\ROOT] has finished in [46] ms
16-Nov-2018 10:48:52.835 INFO [main] org.apache.coyote.AbstractProtocol.start Starting ProtocolHandler ["http-nio-8080"]
16-Nov-2018 10:48:52.867 INFO [main] org.apache.coyote.AbstractProtocol.start Starting ProtocolHandler ["ajp-nio-8009"]
16-Nov-2018 10:48:52.882 INFO [main] org.apache.catalina.startup.Catalina.start Server startup in 28801 ms
16-Nov-2018 10:49:00.947 INFO [http-nio-8080-exec-3] org.apache.catalina.core.StandardContext.reload Reloading Context with name [/QuanLyNhanSuVaTienLuong] has started
16-Nov-2018 10:49:01.727 INFO [http-nio-8080-exec-3] org.apache.jasper.servlet.TldScanner.scanJars At least one JAR was scanned for TLDs yet contained no TLDs. Enable debug logging for this logger for a complete list of JARs that were scanned but no TLDs were found in them. Skipping unneeded JARs during scanning can improve startup time and JSP compilation time.
16-Nov-2018 10:49:01.805 INFO [http-nio-8080-exec-3] org.apache.catalina.core.StandardContext.reload Reloading Context with name [/QuanLyNhanSuVaTienLuong] is completed
