17-Nov-2018 16:48:56.510 INFO [http-nio-8080-exec-17] org.apache.catalina.core.StandardContext.reload Reloading Context with name [/QuanLyNhanSuVaTienLuong] has started
17-Nov-2018 16:48:59.797 WARNING [http-nio-8080-exec-17] org.apache.catalina.loader.WebappClassLoaderBase.clearReferencesJdbc The web application [QuanLyNhanSuVaTienLuong] registered the JDBC driver [com.mysql.jdbc.Driver] but failed to unregister it when the web application was stopped. To prevent a memory leak, the JDBC Driver has been forcibly unregistered.
17-Nov-2018 16:48:59.988 WARNING [http-nio-8080-exec-17] org.apache.catalina.loader.WebappClassLoaderBase.clearReferencesThreads The web application [QuanLyNhanSuVaTienLuong] appears to have started a thread named [MySQL Statement Cancellation Timer] but has failed to stop it. This is very likely to create a memory leak. Stack trace of thread:
 java.lang.Object.wait(Native Method)
 java.lang.Object.wait(Object.java:502)
 java.util.TimerThread.mainLoop(Timer.java:526)
 java.util.TimerThread.run(Timer.java:505)
17-Nov-2018 16:49:18.707 INFO [http-nio-8080-exec-17] org.apache.jasper.servlet.TldScanner.scanJars At least one JAR was scanned for TLDs yet contained no TLDs. Enable debug logging for this logger for a complete list of JARs that were scanned but no TLDs were found in them. Skipping unneeded JARs during scanning can improve startup time and JSP compilation time.
17-Nov-2018 16:49:19.142 INFO [http-nio-8080-exec-17] org.apache.catalina.core.StandardContext.reload Reloading Context with name [/QuanLyNhanSuVaTienLuong] is completed
17-Nov-2018 16:49:20.921 INFO [http-nio-8080-exec-20] org.apache.catalina.core.StandardContext.reload Reloading Context with name [/QuanLyNhanSuVaTienLuong] has started
17-Nov-2018 16:49:27.889 INFO [http-nio-8080-exec-20] org.apache.jasper.servlet.TldScanner.scanJars At least one JAR was scanned for TLDs yet contained no TLDs. Enable debug logging for this logger for a complete list of JARs that were scanned but no TLDs were found in them. Skipping unneeded JARs during scanning can improve startup time and JSP compilation time.
17-Nov-2018 16:49:28.149 INFO [http-nio-8080-exec-20] org.apache.catalina.core.StandardContext.reload Reloading Context with name [/QuanLyNhanSuVaTienLuong] is completed
17-Nov-2018 17:07:37.996 INFO [http-nio-8080-exec-27] org.apache.catalina.core.StandardContext.reload Reloading Context with name [/QuanLyNhanSuVaTienLuong] has started
17-Nov-2018 17:07:50.710 INFO [http-nio-8080-exec-27] org.apache.jasper.servlet.TldScanner.scanJars At least one JAR was scanned for TLDs yet contained no TLDs. Enable debug logging for this logger for a complete list of JARs that were scanned but no TLDs were found in them. Skipping unneeded JARs during scanning can improve startup time and JSP compilation time.
17-Nov-2018 17:07:50.773 INFO [http-nio-8080-exec-27] org.apache.catalina.core.StandardContext.reload Reloading Context with name [/QuanLyNhanSuVaTienLuong] is completed
17-Nov-2018 17:11:09.621 INFO [http-nio-8080-exec-36] org.apache.catalina.core.StandardContext.reload Reloading Context with name [/QuanLyNhanSuVaTienLuong] has started
17-Nov-2018 17:11:13.661 INFO [http-nio-8080-exec-36] org.apache.jasper.servlet.TldScanner.scanJars At least one JAR was scanned for TLDs yet contained no TLDs. Enable debug logging for this logger for a complete list of JARs that were scanned but no TLDs were found in them. Skipping unneeded JARs during scanning can improve startup time and JSP compilation time.
17-Nov-2018 17:11:13.695 INFO [95] org.apache.catalina.core.StandardContext.reload Reloading Context with name [/QuanLyNhanSuVaTienLuong] is completed
17-Nov-2018 17:14:00.964 INFO [http-nio-8080-exec-42] org.apache.catalina.core.StandardContext.reload Reloading Context with name [/QuanLyNhanSuVaTienLuong] has started
17-Nov-2018 17:14:02.179 INFO [http-nio-8080-exec-42] org.apache.jasper.servlet.TldScanner.scanJars At least one JAR was scanned for TLDs yet contained no TLDs. Enable debug logging for this logger for a complete list of JARs that were scanned but no TLDs were found in them. Skipping unneeded JARs during scanning can improve startup time and JSP compilation time.
17-Nov-2018 17:14:02.211 INFO [http-nio-8080-exec-42] org.apache.catalina.core.StandardContext.reload Reloading Context with name [/QuanLyNhanSuVaTienLuong] is completed
17-Nov-2018 17:46:56.448 INFO [http-nio-8080-exec-49] org.apache.catalina.core.StandardContext.reload Reloading Context with name [/QuanLyNhanSuVaTienLuong] has started
17-Nov-2018 17:47:01.391 INFO [http-nio-8080-exec-49] org.apache.jasper.servlet.TldScanner.scanJars At least one JAR was scanned for TLDs yet contained no TLDs. Enable debug logging for this logger for a complete list of JARs that were scanned but no TLDs were found in them. Skipping unneeded JARs during scanning can improve startup time and JSP compilation time.
17-Nov-2018 17:47:01.518 INFO [http-nio-8080-exec-49] org.apache.catalina.core.StandardContext.reload Reloading Context with name [/QuanLyNhanSuVaTienLuong] is completed
17-Nov-2018 17:47:29.383 INFO [http-nio-8080-exec-55] org.apache.catalina.core.StandardContext.reload Reloading Context with name [/QuanLyNhanSuVaTienLuong] has started
17-Nov-2018 17:47:30.612 INFO [http-nio-8080-exec-55] org.apache.jasper.servlet.TldScanner.scanJars At least one JAR was scanned for TLDs yet contained no TLDs. Enable debug logging for this logger for a complete list of JARs that were scanned but no TLDs were found in them. Skipping unneeded JARs during scanning can improve startup time and JSP compilation time.
17-Nov-2018 17:47:30.682 INFO [121] org.apache.catalina.core.StandardContext.reload Reloading Context with name [/QuanLyNhanSuVaTienLuong] is completed
17-Nov-2018 18:49:55.277 INFO [http-nio-8080-exec-61] org.apache.catalina.core.StandardContext.reload Reloading Context with name [/QuanLyNhanSuVaTienLuong] has started
17-Nov-2018 18:49:56.561 INFO [http-nio-8080-exec-61] org.apache.jasper.servlet.TldScanner.scanJars At least one JAR was scanned for TLDs yet contained no TLDs. Enable debug logging for this logger for a complete list of JARs that were scanned but no TLDs were found in them. Skipping unneeded JARs during scanning can improve startup time and JSP compilation time.
17-Nov-2018 18:49:56.619 INFO [http-nio-8080-exec-61] org.apache.catalina.core.StandardContext.reload Reloading Context with name [/QuanLyNhanSuVaTienLuong] is completed
17-Nov-2018 18:50:52.874 INFO [http-nio-8080-exec-65] org.apache.catalina.core.StandardContext.reload Reloading Context with name [/QuanLyNhanSuVaTienLuong] has started
17-Nov-2018 18:50:53.585 INFO [http-nio-8080-exec-65] org.apache.jasper.servlet.TldScanner.scanJars At least one JAR was scanned for TLDs yet contained no TLDs. Enable debug logging for this logger for a complete list of JARs that were scanned but no TLDs were found in them. Skipping unneeded JARs during scanning can improve startup time and JSP compilation time.
17-Nov-2018 18:50:53.609 INFO [http-nio-8080-exec-65] org.apache.catalina.core.StandardContext.reload Reloading Context with name [/QuanLyNhanSuVaTienLuong] is completed
17-Nov-2018 18:51:30.912 INFO [http-nio-8080-exec-59] org.apache.catalina.core.StandardContext.reload Reloading Context with name [/QuanLyNhanSuVaTienLuong] has started
17-Nov-2018 18:51:31.601 INFO [http-nio-8080-exec-59] org.apache.jasper.servlet.TldScanner.scanJars At least one JAR was scanned for TLDs yet contained no TLDs. Enable debug logging for this logger for a complete list of JARs that were scanned but no TLDs were found in them. Skipping unneeded JARs during scanning can improve startup time and JSP compilation time.
17-Nov-2018 18:51:31.631 INFO [http-nio-8080-exec-59] org.apache.catalina.core.StandardContext.reload Reloading Context with name [/QuanLyNhanSuVaTienLuong] is completed
17-Nov-2018 19:25:19.468 INFO [http-nio-8080-exec-73] org.apache.catalina.core.StandardContext.reload Reloading Context with name [/QuanLyNhanSuVaTienLuong] has started
17-Nov-2018 19:25:20.361 INFO [http-nio-8080-exec-73] org.apache.jasper.servlet.TldScanner.scanJars At least one JAR was scanned for TLDs yet contained no TLDs. Enable debug logging for this logger for a complete list of JARs that were scanned but no TLDs were found in them. Skipping unneeded JARs during scanning can improve startup time and JSP compilation time.
17-Nov-2018 19:25:20.391 INFO [http-nio-8080-exec-73] org.apache.catalina.core.StandardContext.reload Reloading Context with name [/QuanLyNhanSuVaTienLuong] is completed
17-Nov-2018 19:31:24.550 INFO [http-nio-8080-exec-85] org.apache.catalina.core.StandardContext.reload Reloading Context with name [/QuanLyNhanSuVaTienLuong] has started
17-Nov-2018 19:31:27.189 INFO [http-nio-8080-exec-85] org.apache.jasper.servlet.TldScanner.scanJars At least one JAR was scanned for TLDs yet contained no TLDs. Enable debug logging for this logger for a complete list of JARs that were scanned but no TLDs were found in them. Skipping unneeded JARs during scanning can improve startup time and JSP compilation time.
17-Nov-2018 19:31:27.218 INFO [181] org.apache.catalina.core.StandardContext.reload Reloading Context with name [/QuanLyNhanSuVaTienLuong] is completed
17-Nov-2018 19:33:59.272 INFO [http-nio-8080-exec-93] org.apache.catalina.core.StandardContext.reload Reloading Context with name [/QuanLyNhanSuVaTienLuong] has started
17-Nov-2018 19:33:59.972 INFO [http-nio-8080-exec-93] org.apache.jasper.servlet.TldScanner.scanJars At least one JAR was scanned for TLDs yet contained no TLDs. Enable debug logging for this logger for a complete list of JARs that were scanned but no TLDs were found in them. Skipping unneeded JARs during scanning can improve startup time and JSP compilation time.
17-Nov-2018 19:34:00.039 INFO [http-nio-8080-exec-93] org.apache.catalina.core.StandardContext.reload Reloading Context with name [/QuanLyNhanSuVaTienLuong] is completed
17-Nov-2018 19:34:01.339 INFO [http-nio-8080-exec-94] org.apache.catalina.core.StandardContext.reload Reloading Context with name [/QuanLyNhanSuVaTienLuong] has started
17-Nov-2018 19:34:04.572 INFO [http-nio-8080-exec-94] org.apache.jasper.servlet.TldScanner.scanJars At least one JAR was scanned for TLDs yet contained no TLDs. Enable debug logging for this logger for a complete list of JARs that were scanned but no TLDs were found in them. Skipping unneeded JARs during scanning can improve startup time and JSP compilation time.
17-Nov-2018 19:34:04.609 INFO [http-nio-8080-exec-94] org.apache.catalina.core.StandardContext.reload Reloading Context with name [/QuanLyNhanSuVaTienLuong] is completed
17-Nov-2018 19:34:16.227 INFO [http-nio-8080-exec-92] org.apache.catalina.core.StandardContext.reload Reloading Context with name [/QuanLyNhanSuVaTienLuong] has started
17-Nov-2018 19:34:17.314 INFO [http-nio-8080-exec-92] org.apache.jasper.servlet.TldScanner.scanJars At least one JAR was scanned for TLDs yet contained no TLDs. Enable debug logging for this logger for a complete list of JARs that were scanned but no TLDs were found in them. Skipping unneeded JARs during scanning can improve startup time and JSP compilation time.
17-Nov-2018 19:34:17.345 INFO [http-nio-8080-exec-92] org.apache.catalina.core.StandardContext.reload Reloading Context with name [/QuanLyNhanSuVaTienLuong] is completed
17-Nov-2018 19:34:25.504 INFO [http-nio-8080-exec-96] org.apache.catalina.core.StandardContext.reload Reloading Context with name [/QuanLyNhanSuVaTienLuong] has started
17-Nov-2018 19:34:26.404 INFO [http-nio-8080-exec-96] org.apache.jasper.servlet.TldScanner.scanJars At least one JAR was scanned for TLDs yet contained no TLDs. Enable debug logging for this logger for a complete list of JARs that were scanned but no TLDs were found in them. Skipping unneeded JARs during scanning can improve startup time and JSP compilation time.
17-Nov-2018 19:34:26.496 INFO [http-nio-8080-exec-96] org.apache.catalina.core.StandardContext.reload Reloading Context with name [/QuanLyNhanSuVaTienLuong] is completed
17-Nov-2018 19:34:35.864 INFO [http-nio-8080-exec-105] org.apache.catalina.core.StandardContext.reload Reloading Context with name [/QuanLyNhanSuVaTienLuong] has started
17-Nov-2018 19:34:36.595 INFO [http-nio-8080-exec-105] org.apache.jasper.servlet.TldScanner.scanJars At least one JAR was scanned for TLDs yet contained no TLDs. Enable debug logging for this logger for a complete list of JARs that were scanned but no TLDs were found in them. Skipping unneeded JARs during scanning can improve startup time and JSP compilation time.
17-Nov-2018 19:34:36.663 INFO [http-nio-8080-exec-105] org.apache.catalina.core.StandardContext.reload Reloading Context with name [/QuanLyNhanSuVaTienLuong] is completed
17-Nov-2018 19:34:37.870 INFO [http-nio-8080-exec-106] org.apache.catalina.core.StandardContext.reload Reloading Context with name [/QuanLyNhanSuVaTienLuong] has started
17-Nov-2018 19:34:38.679 INFO [http-nio-8080-exec-106] org.apache.jasper.servlet.TldScanner.scanJars At least one JAR was scanned for TLDs yet contained no TLDs. Enable debug logging for this logger for a complete list of JARs that were scanned but no TLDs were found in them. Skipping unneeded JARs during scanning can improve startup time and JSP compilation time.
17-Nov-2018 19:34:38.717 INFO [http-nio-8080-exec-106] org.apache.catalina.core.StandardContext.reload Reloading Context with name [/QuanLyNhanSuVaTienLuong] is completed
17-Nov-2018 19:36:47.085 INFO [http-nio-8080-exec-109] org.apache.catalina.core.StandardContext.reload Reloading Context with name [/QuanLyNhanSuVaTienLuong] has started
17-Nov-2018 19:36:52.120 INFO [http-nio-8080-exec-109] org.apache.jasper.servlet.TldScanner.scanJars At least one JAR was scanned for TLDs yet contained no TLDs. Enable debug logging for this logger for a complete list of JARs that were scanned but no TLDs were found in them. Skipping unneeded JARs during scanning can improve startup time and JSP compilation time.
17-Nov-2018 19:36:52.191 INFO [212] org.apache.catalina.core.StandardContext.reload Reloading Context with name [/QuanLyNhanSuVaTienLuong] is completed
17-Nov-2018 19:36:52.368 INFO [http-nio-8080-exec-91] org.apache.catalina.core.StandardContext.reload Reloading Context with name [/QuanLyNhanSuVaTienLuong] has started
17-Nov-2018 19:36:53.323 INFO [http-nio-8080-exec-91] org.apache.jasper.servlet.TldScanner.scanJars At least one JAR was scanned for TLDs yet contained no TLDs. Enable debug logging for this logger for a complete list of JARs that were scanned but no TLDs were found in them. Skipping unneeded JARs during scanning can improve startup time and JSP compilation time.
17-Nov-2018 19:36:53.375 INFO [190] org.apache.catalina.core.StandardContext.reload Reloading Context with name [/QuanLyNhanSuVaTienLuong] is completed
17-Nov-2018 19:40:35.651 INFO [http-nio-8080-exec-113] org.apache.catalina.core.StandardContext.reload Reloading Context with name [/QuanLyNhanSuVaTienLuong] has started
17-Nov-2018 19:40:36.527 INFO [http-nio-8080-exec-113] org.apache.jasper.servlet.TldScanner.scanJars At least one JAR was scanned for TLDs yet contained no TLDs. Enable debug logging for this logger for a complete list of JARs that were scanned but no TLDs were found in them. Skipping unneeded JARs during scanning can improve startup time and JSP compilation time.
17-Nov-2018 19:40:36.563 INFO [http-nio-8080-exec-113] org.apache.catalina.core.StandardContext.reload Reloading Context with name [/QuanLyNhanSuVaTienLuong] is completed
17-Nov-2018 19:40:37.361 INFO [http-nio-8080-exec-101] org.apache.catalina.core.StandardContext.reload Reloading Context with name [/QuanLyNhanSuVaTienLuong] has started
17-Nov-2018 19:40:38.175 INFO [http-nio-8080-exec-101] org.apache.jasper.servlet.TldScanner.scanJars At least one JAR was scanned for TLDs yet contained no TLDs. Enable debug logging for this logger for a complete list of JARs that were scanned but no TLDs were found in them. Skipping unneeded JARs during scanning can improve startup time and JSP compilation time.
17-Nov-2018 19:40:38.228 INFO [http-nio-8080-exec-101] org.apache.catalina.core.StandardContext.reload Reloading Context with name [/QuanLyNhanSuVaTienLuong] is completed
17-Nov-2018 19:41:48.023 INFO [http-nio-8080-exec-112] org.apache.catalina.core.StandardContext.reload Reloading Context with name [/QuanLyNhanSuVaTienLuong] has started
17-Nov-2018 19:41:48.896 INFO [http-nio-8080-exec-112] org.apache.jasper.servlet.TldScanner.scanJars At least one JAR was scanned for TLDs yet contained no TLDs. Enable debug logging for this logger for a complete list of JARs that were scanned but no TLDs were found in them. Skipping unneeded JARs during scanning can improve startup time and JSP compilation time.
17-Nov-2018 19:41:48.929 INFO [http-nio-8080-exec-112] org.apache.catalina.core.StandardContext.reload Reloading Context with name [/QuanLyNhanSuVaTienLuong] is completed
17-Nov-2018 19:41:57.028 INFO [http-nio-8080-exec-115] org.apache.catalina.core.StandardContext.reload Reloading Context with name [/QuanLyNhanSuVaTienLuong] has started
17-Nov-2018 19:41:57.659 INFO [http-nio-8080-exec-115] org.apache.jasper.servlet.TldScanner.scanJars At least one JAR was scanned for TLDs yet contained no TLDs. Enable debug logging for this logger for a complete list of JARs that were scanned but no TLDs were found in them. Skipping unneeded JARs during scanning can improve startup time and JSP compilation time.
17-Nov-2018 19:41:57.685 INFO [http-nio-8080-exec-115] org.apache.catalina.core.StandardContext.reload Reloading Context with name [/QuanLyNhanSuVaTienLuong] is completed
17-Nov-2018 19:44:27.220 INFO [http-nio-8080-exec-113] org.apache.catalina.core.StandardContext.reload Reloading Context with name [/QuanLyNhanSuVaTienLuong] has started
17-Nov-2018 19:44:27.873 INFO [http-nio-8080-exec-113] org.apache.jasper.servlet.TldScanner.scanJars At least one JAR was scanned for TLDs yet contained no TLDs. Enable debug logging for this logger for a complete list of JARs that were scanned but no TLDs were found in them. Skipping unneeded JARs during scanning can improve startup time and JSP compilation time.
17-Nov-2018 19:44:27.904 INFO [http-nio-8080-exec-113] org.apache.catalina.core.StandardContext.reload Reloading Context with name [/QuanLyNhanSuVaTienLuong] is completed
17-Nov-2018 19:44:27.953 INFO [http-nio-8080-exec-125] org.apache.catalina.core.StandardContext.reload Reloading Context with name [/QuanLyNhanSuVaTienLuong] has started
17-Nov-2018 19:44:29.218 INFO [http-nio-8080-exec-125] org.apache.jasper.servlet.TldScanner.scanJars At least one JAR was scanned for TLDs yet contained no TLDs. Enable debug logging for this logger for a complete list of JARs that were scanned but no TLDs were found in them. Skipping unneeded JARs during scanning can improve startup time and JSP compilation time.
17-Nov-2018 19:44:29.243 INFO [http-nio-8080-exec-125] org.apache.catalina.core.StandardContext.reload Reloading Context with name [/QuanLyNhanSuVaTienLuong] is completed
17-Nov-2018 19:47:03.092 INFO [http-nio-8080-exec-128] org.apache.catalina.core.StandardContext.reload Reloading Context with name [/QuanLyNhanSuVaTienLuong] has started
17-Nov-2018 19:47:03.713 INFO [http-nio-8080-exec-128] org.apache.jasper.servlet.TldScanner.scanJars At least one JAR was scanned for TLDs yet contained no TLDs. Enable debug logging for this logger for a complete list of JARs that were scanned but no TLDs were found in them. Skipping unneeded JARs during scanning can improve startup time and JSP compilation time.
17-Nov-2018 19:47:03.754 INFO [http-nio-8080-exec-128] org.apache.catalina.core.StandardContext.reload Reloading Context with name [/QuanLyNhanSuVaTienLuong] is completed
17-Nov-2018 19:47:30.369 INFO [http-nio-8080-exec-132] org.apache.catalina.core.StandardContext.reload Reloading Context with name [/QuanLyNhanSuVaTienLuong] has started
17-Nov-2018 19:47:31.025 INFO [http-nio-8080-exec-132] org.apache.jasper.servlet.TldScanner.scanJars At least one JAR was scanned for TLDs yet contained no TLDs. Enable debug logging for this logger for a complete list of JARs that were scanned but no TLDs were found in them. Skipping unneeded JARs during scanning can improve startup time and JSP compilation time.
17-Nov-2018 19:47:31.121 INFO [http-nio-8080-exec-132] org.apache.catalina.core.StandardContext.reload Reloading Context with name [/QuanLyNhanSuVaTienLuong] is completed
17-Nov-2018 19:49:06.405 INFO [http-nio-8080-exec-135] org.apache.catalina.core.StandardContext.reload Reloading Context with name [/QuanLyNhanSuVaTienLuong] has started
17-Nov-2018 19:49:07.037 INFO [http-nio-8080-exec-135] org.apache.jasper.servlet.TldScanner.scanJars At least one JAR was scanned for TLDs yet contained no TLDs. Enable debug logging for this logger for a complete list of JARs that were scanned but no TLDs were found in them. Skipping unneeded JARs during scanning can improve startup time and JSP compilation time.
17-Nov-2018 19:49:07.068 INFO [http-nio-8080-exec-135] org.apache.catalina.core.StandardContext.reload Reloading Context with name [/QuanLyNhanSuVaTienLuong] is completed
17-Nov-2018 19:50:03.106 INFO [http-nio-8080-exec-114] org.apache.catalina.core.StandardContext.reload Reloading Context with name [/QuanLyNhanSuVaTienLuong] has started
17-Nov-2018 19:50:03.697 INFO [http-nio-8080-exec-114] org.apache.jasper.servlet.TldScanner.scanJars At least one JAR was scanned for TLDs yet contained no TLDs. Enable debug logging for this logger for a complete list of JARs that were scanned but no TLDs were found in them. Skipping unneeded JARs during scanning can improve startup time and JSP compilation time.
17-Nov-2018 19:50:03.729 INFO [http-nio-8080-exec-114] org.apache.catalina.core.StandardContext.reload Reloading Context with name [/QuanLyNhanSuVaTienLuong] is completed
17-Nov-2018 19:50:31.517 INFO [http-nio-8080-exec-126] org.apache.catalina.core.StandardContext.reload Reloading Context with name [/QuanLyNhanSuVaTienLuong] has started
17-Nov-2018 19:50:32.048 INFO [http-nio-8080-exec-126] org.apache.jasper.servlet.TldScanner.scanJars At least one JAR was scanned for TLDs yet contained no TLDs. Enable debug logging for this logger for a complete list of JARs that were scanned but no TLDs were found in them. Skipping unneeded JARs during scanning can improve startup time and JSP compilation time.
17-Nov-2018 19:50:32.158 INFO [http-nio-8080-exec-126] org.apache.catalina.core.StandardContext.reload Reloading Context with name [/QuanLyNhanSuVaTienLuong] is completed
17-Nov-2018 19:57:26.984 INFO [http-nio-8080-exec-139] org.apache.catalina.core.StandardContext.reload Reloading Context with name [/QuanLyNhanSuVaTienLuong] has started
17-Nov-2018 19:57:28.430 INFO [http-nio-8080-exec-139] org.apache.jasper.servlet.TldScanner.scanJars At least one JAR was scanned for TLDs yet contained no TLDs. Enable debug logging for this logger for a complete list of JARs that were scanned but no TLDs were found in them. Skipping unneeded JARs during scanning can improve startup time and JSP compilation time.
17-Nov-2018 19:57:28.470 INFO [253] org.apache.catalina.core.StandardContext.reload Reloading Context with name [/QuanLyNhanSuVaTienLuong] is completed
17-Nov-2018 19:58:00.791 INFO [http-nio-8080-exec-136] org.apache.catalina.core.StandardContext.reload Reloading Context with name [/QuanLyNhanSuVaTienLuong] has started
17-Nov-2018 19:58:01.325 INFO [http-nio-8080-exec-136] org.apache.jasper.servlet.TldScanner.scanJars At least one JAR was scanned for TLDs yet contained no TLDs. Enable debug logging for this logger for a complete list of JARs that were scanned but no TLDs were found in them. Skipping unneeded JARs during scanning can improve startup time and JSP compilation time.
17-Nov-2018 19:58:01.359 INFO [http-nio-8080-exec-136] org.apache.catalina.core.StandardContext.reload Reloading Context with name [/QuanLyNhanSuVaTienLuong] is completed
17-Nov-2018 19:58:58.259 INFO [http-nio-8080-exec-143] org.apache.catalina.core.StandardContext.reload Reloading Context with name [/QuanLyNhanSuVaTienLuong] has started
17-Nov-2018 19:58:58.741 INFO [http-nio-8080-exec-143] org.apache.jasper.servlet.TldScanner.scanJars At least one JAR was scanned for TLDs yet contained no TLDs. Enable debug logging for this logger for a complete list of JARs that were scanned but no TLDs were found in them. Skipping unneeded JARs during scanning can improve startup time and JSP compilation time.
17-Nov-2018 19:58:58.781 INFO [http-nio-8080-exec-143] org.apache.catalina.core.StandardContext.reload Reloading Context with name [/QuanLyNhanSuVaTienLuong] is completed
17-Nov-2018 20:00:34.600 INFO [http-nio-8080-exec-144] org.apache.catalina.core.StandardContext.reload Reloading Context with name [/QuanLyNhanSuVaTienLuong] has started
17-Nov-2018 20:00:35.267 INFO [http-nio-8080-exec-144] org.apache.jasper.servlet.TldScanner.scanJars At least one JAR was scanned for TLDs yet contained no TLDs. Enable debug logging for this logger for a complete list of JARs that were scanned but no TLDs were found in them. Skipping unneeded JARs during scanning can improve startup time and JSP compilation time.
17-Nov-2018 20:00:35.299 INFO [http-nio-8080-exec-144] org.apache.catalina.core.StandardContext.reload Reloading Context with name [/QuanLyNhanSuVaTienLuong] is completed
17-Nov-2018 20:26:07.814 INFO [http-nio-8080-exec-151] org.apache.catalina.core.StandardContext.reload Reloading Context with name [/QuanLyNhanSuVaTienLuong] has started
17-Nov-2018 20:26:08.524 INFO [http-nio-8080-exec-151] org.apache.jasper.servlet.TldScanner.scanJars At least one JAR was scanned for TLDs yet contained no TLDs. Enable debug logging for this logger for a complete list of JARs that were scanned but no TLDs were found in them. Skipping unneeded JARs during scanning can improve startup time and JSP compilation time.
17-Nov-2018 20:26:08.560 INFO [http-nio-8080-exec-151] org.apache.catalina.core.StandardContext.reload Reloading Context with name [/QuanLyNhanSuVaTienLuong] is completed
17-Nov-2018 20:26:34.027 INFO [http-nio-8080-exec-153] org.apache.catalina.core.StandardContext.reload Reloading Context with name [/QuanLyNhanSuVaTienLuong] has started
17-Nov-2018 20:26:34.422 INFO [http-nio-8080-exec-153] org.apache.jasper.servlet.TldScanner.scanJars At least one JAR was scanned for TLDs yet contained no TLDs. Enable debug logging for this logger for a complete list of JARs that were scanned but no TLDs were found in them. Skipping unneeded JARs during scanning can improve startup time and JSP compilation time.
17-Nov-2018 20:26:34.448 INFO [http-nio-8080-exec-153] org.apache.catalina.core.StandardContext.reload Reloading Context with name [/QuanLyNhanSuVaTienLuong] is completed
17-Nov-2018 20:27:01.292 INFO [http-nio-8080-exec-161] org.apache.catalina.core.StandardContext.reload Reloading Context with name [/QuanLyNhanSuVaTienLuong] has started
17-Nov-2018 20:27:01.900 INFO [http-nio-8080-exec-161] org.apache.jasper.servlet.TldScanner.scanJars At least one JAR was scanned for TLDs yet contained no TLDs. Enable debug logging for this logger for a complete list of JARs that were scanned but no TLDs were found in them. Skipping unneeded JARs during scanning can improve startup time and JSP compilation time.
17-Nov-2018 20:27:01.927 INFO [http-nio-8080-exec-161] org.apache.catalina.core.StandardContext.reload Reloading Context with name [/QuanLyNhanSuVaTienLuong] is completed
17-Nov-2018 20:29:30.913 INFO [http-nio-8080-exec-163] org.apache.catalina.core.StandardContext.reload Reloading Context with name [/QuanLyNhanSuVaTienLuong] has started
17-Nov-2018 20:29:31.531 INFO [http-nio-8080-exec-163] org.apache.jasper.servlet.TldScanner.scanJars At least one JAR was scanned for TLDs yet contained no TLDs. Enable debug logging for this logger for a complete list of JARs that were scanned but no TLDs were found in them. Skipping unneeded JARs during scanning can improve startup time and JSP compilation time.
17-Nov-2018 20:29:31.558 INFO [http-nio-8080-exec-163] org.apache.catalina.core.StandardContext.reload Reloading Context with name [/QuanLyNhanSuVaTienLuong] is completed
17-Nov-2018 20:29:31.632 INFO [http-nio-8080-exec-164] org.apache.catalina.core.StandardContext.reload Reloading Context with name [/QuanLyNhanSuVaTienLuong] has started
17-Nov-2018 20:29:32.072 INFO [http-nio-8080-exec-164] org.apache.jasper.servlet.TldScanner.scanJars At least one JAR was scanned for TLDs yet contained no TLDs. Enable debug logging for this logger for a complete list of JARs that were scanned but no TLDs were found in them. Skipping unneeded JARs during scanning can improve startup time and JSP compilation time.
17-Nov-2018 20:29:32.258 INFO [http-nio-8080-exec-164] org.apache.catalina.core.StandardContext.reload Reloading Context with name [/QuanLyNhanSuVaTienLuong] is completed
17-Nov-2018 20:30:32.386 INFO [http-nio-8080-exec-163] org.apache.catalina.core.StandardContext.reload Reloading Context with name [/QuanLyNhanSuVaTienLuong] has started
17-Nov-2018 20:30:33.080 INFO [http-nio-8080-exec-163] org.apache.jasper.servlet.TldScanner.scanJars At least one JAR was scanned for TLDs yet contained no TLDs. Enable debug logging for this logger for a complete list of JARs that were scanned but no TLDs were found in them. Skipping unneeded JARs during scanning can improve startup time and JSP compilation time.
17-Nov-2018 20:30:33.104 INFO [http-nio-8080-exec-163] org.apache.catalina.core.StandardContext.reload Reloading Context with name [/QuanLyNhanSuVaTienLuong] is completed
17-Nov-2018 20:31:50.585 INFO [http-nio-8080-exec-170] org.apache.catalina.core.StandardContext.reload Reloading Context with name [/QuanLyNhanSuVaTienLuong] has started
17-Nov-2018 20:31:51.054 INFO [http-nio-8080-exec-170] org.apache.jasper.servlet.TldScanner.scanJars At least one JAR was scanned for TLDs yet contained no TLDs. Enable debug logging for this logger for a complete list of JARs that were scanned but no TLDs were found in them. Skipping unneeded JARs during scanning can improve startup time and JSP compilation time.
17-Nov-2018 20:31:51.083 INFO [http-nio-8080-exec-170] org.apache.catalina.core.StandardContext.reload Reloading Context with name [/QuanLyNhanSuVaTienLuong] is completed
17-Nov-2018 20:32:22.851 INFO [http-nio-8080-exec-166] org.apache.catalina.core.StandardContext.reload Reloading Context with name [/QuanLyNhanSuVaTienLuong] has started
17-Nov-2018 20:32:23.568 INFO [http-nio-8080-exec-166] org.apache.jasper.servlet.TldScanner.scanJars At least one JAR was scanned for TLDs yet contained no TLDs. Enable debug logging for this logger for a complete list of JARs that were scanned but no TLDs were found in them. Skipping unneeded JARs during scanning can improve startup time and JSP compilation time.
17-Nov-2018 20:32:23.596 INFO [http-nio-8080-exec-166] org.apache.catalina.core.StandardContext.reload Reloading Context with name [/QuanLyNhanSuVaTienLuong] is completed
17-Nov-2018 20:32:23.654 INFO [http-nio-8080-exec-160] org.apache.catalina.core.StandardContext.reload Reloading Context with name [/QuanLyNhanSuVaTienLuong] has started
17-Nov-2018 20:32:24.110 INFO [http-nio-8080-exec-160] org.apache.jasper.servlet.TldScanner.scanJars At least one JAR was scanned for TLDs yet contained no TLDs. Enable debug logging for this logger for a complete list of JARs that were scanned but no TLDs were found in them. Skipping unneeded JARs during scanning can improve startup time and JSP compilation time.
17-Nov-2018 20:32:24.134 INFO [http-nio-8080-exec-160] org.apache.catalina.core.StandardContext.reload Reloading Context with name [/QuanLyNhanSuVaTienLuong] is completed
17-Nov-2018 20:32:39.426 INFO [http-nio-8080-exec-173] org.apache.catalina.core.StandardContext.reload Reloading Context with name [/QuanLyNhanSuVaTienLuong] has started
17-Nov-2018 20:32:39.786 INFO [http-nio-8080-exec-173] org.apache.jasper.servlet.TldScanner.scanJars At least one JAR was scanned for TLDs yet contained no TLDs. Enable debug logging for this logger for a complete list of JARs that were scanned but no TLDs were found in them. Skipping unneeded JARs during scanning can improve startup time and JSP compilation time.
17-Nov-2018 20:32:39.814 INFO [http-nio-8080-exec-173] org.apache.catalina.core.StandardContext.reload Reloading Context with name [/QuanLyNhanSuVaTienLuong] is completed
17-Nov-2018 20:32:53.487 INFO [http-nio-8080-exec-161] org.apache.catalina.core.StandardContext.reload Reloading Context with name [/QuanLyNhanSuVaTienLuong] has started
17-Nov-2018 20:32:54.018 INFO [http-nio-8080-exec-161] org.apache.jasper.servlet.TldScanner.scanJars At least one JAR was scanned for TLDs yet contained no TLDs. Enable debug logging for this logger for a complete list of JARs that were scanned but no TLDs were found in them. Skipping unneeded JARs during scanning can improve startup time and JSP compilation time.
17-Nov-2018 20:32:54.070 INFO [http-nio-8080-exec-161] org.apache.catalina.core.StandardContext.reload Reloading Context with name [/QuanLyNhanSuVaTienLuong] is completed
17-Nov-2018 20:32:54.161 INFO [http-nio-8080-exec-170] org.apache.catalina.core.StandardContext.reload Reloading Context with name [/QuanLyNhanSuVaTienLuong] has started
17-Nov-2018 20:32:54.595 INFO [http-nio-8080-exec-170] org.apache.jasper.servlet.TldScanner.scanJars At least one JAR was scanned for TLDs yet contained no TLDs. Enable debug logging for this logger for a complete list of JARs that were scanned but no TLDs were found in them. Skipping unneeded JARs during scanning can improve startup time and JSP compilation time.
17-Nov-2018 20:32:54.631 INFO [303] org.apache.catalina.core.StandardContext.reload Reloading Context with name [/QuanLyNhanSuVaTienLuong] is completed
17-Nov-2018 20:33:12.257 INFO [http-nio-8080-exec-154] org.apache.catalina.core.StandardContext.reload Reloading Context with name [/QuanLyNhanSuVaTienLuong] has started
17-Nov-2018 20:33:12.901 INFO [http-nio-8080-exec-154] org.apache.jasper.servlet.TldScanner.scanJars At least one JAR was scanned for TLDs yet contained no TLDs. Enable debug logging for this logger for a complete list of JARs that were scanned but no TLDs were found in them. Skipping unneeded JARs during scanning can improve startup time and JSP compilation time.
17-Nov-2018 20:33:12.936 INFO [http-nio-8080-exec-154] org.apache.catalina.core.StandardContext.reload Reloading Context with name [/QuanLyNhanSuVaTienLuong] is completed
17-Nov-2018 20:34:07.066 INFO [http-nio-8080-exec-171] org.apache.catalina.core.StandardContext.reload Reloading Context with name [/QuanLyNhanSuVaTienLuong] has started
17-Nov-2018 20:34:07.556 INFO [http-nio-8080-exec-171] org.apache.jasper.servlet.TldScanner.scanJars At least one JAR was scanned for TLDs yet contained no TLDs. Enable debug logging for this logger for a complete list of JARs that were scanned but no TLDs were found in them. Skipping unneeded JARs during scanning can improve startup time and JSP compilation time.
17-Nov-2018 20:34:07.578 INFO [http-nio-8080-exec-171] org.apache.catalina.core.StandardContext.reload Reloading Context with name [/QuanLyNhanSuVaTienLuong] is completed
17-Nov-2018 20:35:31.861 INFO [http-nio-8080-exec-169] org.apache.catalina.core.StandardContext.reload Reloading Context with name [/QuanLyNhanSuVaTienLuong] has started
17-Nov-2018 20:35:32.470 INFO [http-nio-8080-exec-169] org.apache.jasper.servlet.TldScanner.scanJars At least one JAR was scanned for TLDs yet contained no TLDs. Enable debug logging for this logger for a complete list of JARs that were scanned but no TLDs were found in them. Skipping unneeded JARs during scanning can improve startup time and JSP compilation time.
17-Nov-2018 20:35:32.498 INFO [http-nio-8080-exec-169] org.apache.catalina.core.StandardContext.reload Reloading Context with name [/QuanLyNhanSuVaTienLuong] is completed
17-Nov-2018 20:35:35.413 INFO [http-nio-8080-exec-180] org.apache.catalina.core.StandardContext.reload Reloading Context with name [/QuanLyNhanSuVaTienLuong] has started
17-Nov-2018 20:35:35.808 INFO [http-nio-8080-exec-180] org.apache.jasper.servlet.TldScanner.scanJars At least one JAR was scanned for TLDs yet contained no TLDs. Enable debug logging for this logger for a complete list of JARs that were scanned but no TLDs were found in them. Skipping unneeded JARs during scanning can improve startup time and JSP compilation time.
17-Nov-2018 20:35:35.834 INFO [http-nio-8080-exec-180] org.apache.catalina.core.StandardContext.reload Reloading Context with name [/QuanLyNhanSuVaTienLuong] is completed
17-Nov-2018 20:36:23.638 INFO [http-nio-8080-exec-174] org.apache.catalina.core.StandardContext.reload Reloading Context with name [/QuanLyNhanSuVaTienLuong] has started
17-Nov-2018 20:36:24.134 INFO [http-nio-8080-exec-174] org.apache.jasper.servlet.TldScanner.scanJars At least one JAR was scanned for TLDs yet contained no TLDs. Enable debug logging for this logger for a complete list of JARs that were scanned but no TLDs were found in them. Skipping unneeded JARs during scanning can improve startup time and JSP compilation time.
17-Nov-2018 20:36:24.165 INFO [http-nio-8080-exec-174] org.apache.catalina.core.StandardContext.reload Reloading Context with name [/QuanLyNhanSuVaTienLuong] is completed
17-Nov-2018 20:36:51.297 INFO [http-nio-8080-exec-166] org.apache.catalina.core.StandardContext.reload Reloading Context with name [/QuanLyNhanSuVaTienLuong] has started
17-Nov-2018 20:36:51.690 INFO [http-nio-8080-exec-166] org.apache.jasper.servlet.TldScanner.scanJars At least one JAR was scanned for TLDs yet contained no TLDs. Enable debug logging for this logger for a complete list of JARs that were scanned but no TLDs were found in them. Skipping unneeded JARs during scanning can improve startup time and JSP compilation time.
17-Nov-2018 20:36:51.725 INFO [http-nio-8080-exec-166] org.apache.catalina.core.StandardContext.reload Reloading Context with name [/QuanLyNhanSuVaTienLuong] is completed
17-Nov-2018 20:37:02.338 INFO [http-nio-8080-exec-178] org.apache.catalina.core.StandardContext.reload Reloading Context with name [/QuanLyNhanSuVaTienLuong] has started
17-Nov-2018 20:37:02.790 INFO [http-nio-8080-exec-178] org.apache.jasper.servlet.TldScanner.scanJars At least one JAR was scanned for TLDs yet contained no TLDs. Enable debug logging for this logger for a complete list of JARs that were scanned but no TLDs were found in them. Skipping unneeded JARs during scanning can improve startup time and JSP compilation time.
17-Nov-2018 20:37:02.831 INFO [http-nio-8080-exec-178] org.apache.catalina.core.StandardContext.reload Reloading Context with name [/QuanLyNhanSuVaTienLuong] is completed
17-Nov-2018 20:37:07.100 INFO [http-nio-8080-exec-175] org.apache.catalina.core.StandardContext.reload Reloading Context with name [/QuanLyNhanSuVaTienLuong] has started
17-Nov-2018 20:37:07.629 INFO [http-nio-8080-exec-175] org.apache.jasper.servlet.TldScanner.scanJars At least one JAR was scanned for TLDs yet contained no TLDs. Enable debug logging for this logger for a complete list of JARs that were scanned but no TLDs were found in them. Skipping unneeded JARs during scanning can improve startup time and JSP compilation time.
17-Nov-2018 20:37:07.669 INFO [http-nio-8080-exec-175] org.apache.catalina.core.StandardContext.reload Reloading Context with name [/QuanLyNhanSuVaTienLuong] is completed
17-Nov-2018 20:37:55.051 INFO [http-nio-8080-exec-178] org.apache.catalina.core.StandardContext.reload Reloading Context with name [/QuanLyNhanSuVaTienLuong] has started
17-Nov-2018 20:37:55.561 INFO [http-nio-8080-exec-178] org.apache.jasper.servlet.TldScanner.scanJars At least one JAR was scanned for TLDs yet contained no TLDs. Enable debug logging for this logger for a complete list of JARs that were scanned but no TLDs were found in them. Skipping unneeded JARs during scanning can improve startup time and JSP compilation time.
17-Nov-2018 20:37:55.597 INFO [http-nio-8080-exec-178] org.apache.catalina.core.StandardContext.reload Reloading Context with name [/QuanLyNhanSuVaTienLuong] is completed
17-Nov-2018 20:40:48.609 INFO [http-nio-8080-exec-187] org.apache.catalina.core.StandardContext.reload Reloading Context with name [/QuanLyNhanSuVaTienLuong] has started
17-Nov-2018 20:40:49.311 INFO [http-nio-8080-exec-187] org.apache.jasper.servlet.TldScanner.scanJars At least one JAR was scanned for TLDs yet contained no TLDs. Enable debug logging for this logger for a complete list of JARs that were scanned but no TLDs were found in them. Skipping unneeded JARs during scanning can improve startup time and JSP compilation time.
17-Nov-2018 20:40:49.346 INFO [http-nio-8080-exec-187] org.apache.catalina.core.StandardContext.reload Reloading Context with name [/QuanLyNhanSuVaTienLuong] is completed
17-Nov-2018 20:42:51.148 INFO [http-nio-8080-exec-186] org.apache.catalina.core.StandardContext.reload Reloading Context with name [/QuanLyNhanSuVaTienLuong] has started
17-Nov-2018 20:42:51.745 INFO [http-nio-8080-exec-186] org.apache.jasper.servlet.TldScanner.scanJars At least one JAR was scanned for TLDs yet contained no TLDs. Enable debug logging for this logger for a complete list of JARs that were scanned but no TLDs were found in them. Skipping unneeded JARs during scanning can improve startup time and JSP compilation time.
17-Nov-2018 20:42:51.781 INFO [http-nio-8080-exec-186] org.apache.catalina.core.StandardContext.reload Reloading Context with name [/QuanLyNhanSuVaTienLuong] is completed
17-Nov-2018 20:43:18.028 INFO [http-nio-8080-exec-185] org.apache.catalina.core.StandardContext.reload Reloading Context with name [/QuanLyNhanSuVaTienLuong] has started
17-Nov-2018 20:43:18.432 INFO [http-nio-8080-exec-185] org.apache.jasper.servlet.TldScanner.scanJars At least one JAR was scanned for TLDs yet contained no TLDs. Enable debug logging for this logger for a complete list of JARs that were scanned but no TLDs were found in them. Skipping unneeded JARs during scanning can improve startup time and JSP compilation time.
17-Nov-2018 20:43:18.456 INFO [http-nio-8080-exec-185] org.apache.catalina.core.StandardContext.reload Reloading Context with name [/QuanLyNhanSuVaTienLuong] is completed
17-Nov-2018 20:44:02.063 INFO [http-nio-8080-exec-183] org.apache.catalina.core.StandardContext.reload Reloading Context with name [/QuanLyNhanSuVaTienLuong] has started
17-Nov-2018 20:44:02.803 INFO [http-nio-8080-exec-183] org.apache.jasper.servlet.TldScanner.scanJars At least one JAR was scanned for TLDs yet contained no TLDs. Enable debug logging for this logger for a complete list of JARs that were scanned but no TLDs were found in them. Skipping unneeded JARs during scanning can improve startup time and JSP compilation time.
17-Nov-2018 20:44:02.832 INFO [http-nio-8080-exec-183] org.apache.catalina.core.StandardContext.reload Reloading Context with name [/QuanLyNhanSuVaTienLuong] is completed
17-Nov-2018 20:44:31.294 INFO [http-nio-8080-exec-194] org.apache.catalina.core.StandardContext.reload Reloading Context with name [/QuanLyNhanSuVaTienLuong] has started
17-Nov-2018 20:44:31.832 INFO [http-nio-8080-exec-194] org.apache.jasper.servlet.TldScanner.scanJars At least one JAR was scanned for TLDs yet contained no TLDs. Enable debug logging for this logger for a complete list of JARs that were scanned but no TLDs were found in them. Skipping unneeded JARs during scanning can improve startup time and JSP compilation time.
17-Nov-2018 20:44:31.856 INFO [http-nio-8080-exec-194] org.apache.catalina.core.StandardContext.reload Reloading Context with name [/QuanLyNhanSuVaTienLuong] is completed
17-Nov-2018 20:44:31.901 INFO [http-nio-8080-exec-166] org.apache.catalina.core.StandardContext.reload Reloading Context with name [/QuanLyNhanSuVaTienLuong] has started
17-Nov-2018 20:44:32.353 INFO [http-nio-8080-exec-166] org.apache.jasper.servlet.TldScanner.scanJars At least one JAR was scanned for TLDs yet contained no TLDs. Enable debug logging for this logger for a complete list of JARs that were scanned but no TLDs were found in them. Skipping unneeded JARs during scanning can improve startup time and JSP compilation time.
17-Nov-2018 20:44:32.383 INFO [http-nio-8080-exec-166] org.apache.catalina.core.StandardContext.reload Reloading Context with name [/QuanLyNhanSuVaTienLuong] is completed
