22-Oct-2018 07:15:30.230 INFO [http-nio-8080-exec-175] org.apache.catalina.startup.HostConfig.deployDescriptor Deploying configuration descriptor [D:\Java\apache-tomcat-8.5.34\conf\Catalina\localhost\WebApplication2.xml]
22-Oct-2018 07:15:31.205 INFO [http-nio-8080-exec-175] org.apache.catalina.startup.HostConfig.deployDescriptor Deployment of configuration descriptor [D:\Java\apache-tomcat-8.5.34\conf\Catalina\localhost\WebApplication2.xml] has finished in [777] ms
22-Oct-2018 07:15:31.236 INFO [http-nio-8080-exec-175] org.apache.catalina.util.LifecycleBase.start The start() method was called on component [StandardEngine[Catalina].StandardHost[localhost].StandardContext[/WebApplication2]] after start() had already been called. The second call will be ignored.
22-Oct-2018 08:12:31.749 INFO [http-nio-8080-exec-179] org.apache.catalina.startup.HostConfig.undeploy Undeploying context [/WebApplication2]
22-Oct-2018 08:14:57.155 INFO [http-nio-8080-exec-190] org.apache.catalina.startup.HostConfig.deployDescriptor Deploying configuration descriptor [D:\Java\apache-tomcat-8.5.34\conf\Catalina\localhost\WebApplication2.xml]
22-Oct-2018 08:14:57.609 INFO [http-nio-8080-exec-190] org.apache.catalina.startup.HostConfig.deployDescriptor Deployment of configuration descriptor [D:\Java\apache-tomcat-8.5.34\conf\Catalina\localhost\WebApplication2.xml] has finished in [454] ms
22-Oct-2018 08:14:57.624 INFO [http-nio-8080-exec-194] org.apache.catalina.util.LifecycleBase.start The start() method was called on component [StandardEngine[Catalina].StandardHost[localhost].StandardContext[/WebApplication2]] after start() had already been called. The second call will be ignored.
22-Oct-2018 09:03:45.619 INFO [http-nio-8080-exec-190] org.apache.catalina.core.StandardContext.reload Reloading Context with name [/WebApplication2] has started
22-Oct-2018 09:03:46.567 INFO [http-nio-8080-exec-190] org.apache.catalina.core.StandardContext.reload Reloading Context with name [/WebApplication2] is completed
22-Oct-2018 09:03:47.880 INFO [http-nio-8080-exec-194] org.apache.catalina.core.StandardContext.reload Reloading Context with name [/WebApplication2] has started
22-Oct-2018 09:03:48.065 INFO [http-nio-8080-exec-194] org.apache.catalina.core.StandardContext.reload Reloading Context with name [/WebApplication2] is completed
22-Oct-2018 09:13:45.595 INFO [http-nio-8080-exec-198] org.apache.catalina.core.StandardContext.reload Reloading Context with name [/MuaBanNha] has started
22-Oct-2018 09:13:45.791 WARNING [http-nio-8080-exec-198] org.apache.catalina.loader.WebappClassLoaderBase.clearReferencesJdbc The web application [MuaBanNha] registered the JDBC driver [com.mysql.jdbc.Driver] but failed to unregister it when the web application was stopped. To prevent a memory leak, the JDBC Driver has been forcibly unregistered.
22-Oct-2018 09:13:45.793 WARNING [http-nio-8080-exec-198] org.apache.catalina.loader.WebappClassLoaderBase.clearReferencesThreads The web application [MuaBanNha] appears to have started a thread named [MySQL Statement Cancellation Timer] but has failed to stop it. This is very likely to create a memory leak. Stack trace of thread:
 java.lang.Object.wait(Native Method)
 java.lang.Object.wait(Object.java:502)
 java.util.TimerThread.mainLoop(Timer.java:526)
 java.util.TimerThread.run(Timer.java:505)
22-Oct-2018 09:13:53.626 INFO [http-nio-8080-exec-198] org.apache.jasper.servlet.TldScanner.scanJars At least one JAR was scanned for TLDs yet contained no TLDs. Enable debug logging for this logger for a complete list of JARs that were scanned but no TLDs were found in them. Skipping unneeded JARs during scanning can improve startup time and JSP compilation time.
22-Oct-2018 09:13:53.817 INFO [http-nio-8080-exec-198] org.apache.catalina.core.StandardContext.reload Reloading Context with name [/MuaBanNha] is completed
22-Oct-2018 09:13:53.974 INFO [http-nio-8080-exec-205] org.apache.catalina.core.StandardContext.reload Reloading Context with name [/MuaBanNha] has started
22-Oct-2018 09:13:56.666 INFO [http-nio-8080-exec-205] org.apache.jasper.servlet.TldScanner.scanJars At least one JAR was scanned for TLDs yet contained no TLDs. Enable debug logging for this logger for a complete list of JARs that were scanned but no TLDs were found in them. Skipping unneeded JARs during scanning can improve startup time and JSP compilation time.
22-Oct-2018 09:13:56.845 INFO [http-nio-8080-exec-205] org.apache.catalina.core.StandardContext.reload Reloading Context with name [/MuaBanNha] is completed
22-Oct-2018 11:15:05.370 INFO [http-nio-8080-exec-210] org.apache.catalina.core.StandardContext.reload Reloading Context with name [/WebApplication2] has started
22-Oct-2018 11:15:08.861 INFO [http-nio-8080-exec-210] org.apache.jasper.servlet.TldScanner.scanJars At least one JAR was scanned for TLDs yet contained no TLDs. Enable debug logging for this logger for a complete list of JARs that were scanned but no TLDs were found in them. Skipping unneeded JARs during scanning can improve startup time and JSP compilation time.
22-Oct-2018 11:15:08.904 INFO [378] org.apache.catalina.core.StandardContext.reload Reloading Context with name [/WebApplication2] is completed
22-Oct-2018 11:15:09.226 INFO [http-nio-8080-exec-212] org.apache.catalina.core.StandardContext.reload Reloading Context with name [/WebApplication2] has started
22-Oct-2018 11:15:10.786 INFO [http-nio-8080-exec-212] org.apache.jasper.servlet.TldScanner.scanJars At least one JAR was scanned for TLDs yet contained no TLDs. Enable debug logging for this logger for a complete list of JARs that were scanned but no TLDs were found in them. Skipping unneeded JARs during scanning can improve startup time and JSP compilation time.
22-Oct-2018 11:15:10.799 INFO [381] org.apache.catalina.core.StandardContext.reload Reloading Context with name [/WebApplication2] is completed
22-Oct-2018 11:15:13.096 INFO [http-nio-8080-exec-211] org.apache.catalina.core.StandardContext.reload Reloading Context with name [/WebApplication2] has started
22-Oct-2018 11:15:14.181 INFO [http-nio-8080-exec-211] org.apache.jasper.servlet.TldScanner.scanJars At least one JAR was scanned for TLDs yet contained no TLDs. Enable debug logging for this logger for a complete list of JARs that were scanned but no TLDs were found in them. Skipping unneeded JARs during scanning can improve startup time and JSP compilation time.
22-Oct-2018 11:15:14.214 INFO [http-nio-8080-exec-211] org.apache.catalina.core.StandardContext.reload Reloading Context with name [/WebApplication2] is completed
22-Oct-2018 11:15:20.365 INFO [http-nio-8080-exec-219] org.apache.catalina.core.StandardContext.reload Reloading Context with name [/WebApplication2] has started
22-Oct-2018 11:15:20.858 INFO [http-nio-8080-exec-219] org.apache.jasper.servlet.TldScanner.scanJars At least one JAR was scanned for TLDs yet contained no TLDs. Enable debug logging for this logger for a complete list of JARs that were scanned but no TLDs were found in them. Skipping unneeded JARs during scanning can improve startup time and JSP compilation time.
22-Oct-2018 11:15:20.887 INFO [http-nio-8080-exec-219] org.apache.catalina.core.StandardContext.reload Reloading Context with name [/WebApplication2] is completed
22-Oct-2018 11:16:16.658 INFO [http-nio-8080-exec-222] org.apache.catalina.core.StandardContext.reload Reloading Context with name [/MuaBanNha] has started
22-Oct-2018 11:16:18.936 INFO [http-nio-8080-exec-222] org.apache.jasper.servlet.TldScanner.scanJars At least one JAR was scanned for TLDs yet contained no TLDs. Enable debug logging for this logger for a complete list of JARs that were scanned but no TLDs were found in them. Skipping unneeded JARs during scanning can improve startup time and JSP compilation time.
22-Oct-2018 11:16:18.950 INFO [http-nio-8080-exec-222] org.apache.catalina.core.StandardContext.reload Reloading Context with name [/MuaBanNha] is completed
22-Oct-2018 11:16:19.082 INFO [http-nio-8080-exec-208] org.apache.catalina.core.StandardContext.reload Reloading Context with name [/MuaBanNha] has started
22-Oct-2018 11:16:20.501 INFO [http-nio-8080-exec-208] org.apache.jasper.servlet.TldScanner.scanJars At least one JAR was scanned for TLDs yet contained no TLDs. Enable debug logging for this logger for a complete list of JARs that were scanned but no TLDs were found in them. Skipping unneeded JARs during scanning can improve startup time and JSP compilation time.
22-Oct-2018 11:16:20.575 INFO [375] org.apache.catalina.core.StandardContext.reload Reloading Context with name [/MuaBanNha] is completed
22-Oct-2018 11:16:23.232 INFO [http-nio-8080-exec-217] org.apache.catalina.core.StandardContext.reload Reloading Context with name [/MuaBanNha] has started
22-Oct-2018 11:16:26.104 INFO [http-nio-8080-exec-217] org.apache.jasper.servlet.TldScanner.scanJars At least one JAR was scanned for TLDs yet contained no TLDs. Enable debug logging for this logger for a complete list of JARs that were scanned but no TLDs were found in them. Skipping unneeded JARs during scanning can improve startup time and JSP compilation time.
22-Oct-2018 11:16:26.172 INFO [http-nio-8080-exec-217] org.apache.catalina.core.StandardContext.reload Reloading Context with name [/MuaBanNha] is completed
22-Oct-2018 11:17:00.289 INFO [http-nio-8080-exec-224] org.apache.catalina.core.StandardContext.reload Reloading Context with name [/MuaBanNha] has started
22-Oct-2018 11:17:02.255 INFO [http-nio-8080-exec-224] org.apache.jasper.servlet.TldScanner.scanJars At least one JAR was scanned for TLDs yet contained no TLDs. Enable debug logging for this logger for a complete list of JARs that were scanned but no TLDs were found in them. Skipping unneeded JARs during scanning can improve startup time and JSP compilation time.
22-Oct-2018 11:17:02.267 INFO [http-nio-8080-exec-224] org.apache.catalina.core.StandardContext.reload Reloading Context with name [/MuaBanNha] is completed
22-Oct-2018 11:17:02.427 INFO [http-nio-8080-exec-226] org.apache.catalina.core.StandardContext.reload Reloading Context with name [/MuaBanNha] has started
22-Oct-2018 11:17:03.659 INFO [http-nio-8080-exec-226] org.apache.jasper.servlet.TldScanner.scanJars At least one JAR was scanned for TLDs yet contained no TLDs. Enable debug logging for this logger for a complete list of JARs that were scanned but no TLDs were found in them. Skipping unneeded JARs during scanning can improve startup time and JSP compilation time.
22-Oct-2018 11:17:03.774 INFO [403] org.apache.catalina.core.StandardContext.reload Reloading Context with name [/MuaBanNha] is completed
22-Oct-2018 11:20:33.088 INFO [http-nio-8080-exec-232] org.apache.catalina.core.StandardContext.reload Reloading Context with name [/WebApplication2] has started
22-Oct-2018 11:20:33.331 INFO [http-nio-8080-exec-232] org.apache.jasper.servlet.TldScanner.scanJars At least one JAR was scanned for TLDs yet contained no TLDs. Enable debug logging for this logger for a complete list of JARs that were scanned but no TLDs were found in them. Skipping unneeded JARs during scanning can improve startup time and JSP compilation time.
22-Oct-2018 11:20:33.359 INFO [http-nio-8080-exec-232] org.apache.catalina.core.StandardContext.reload Reloading Context with name [/WebApplication2] is completed
22-Oct-2018 11:20:33.434 INFO [http-nio-8080-exec-223] org.apache.catalina.core.StandardContext.reload Reloading Context with name [/WebApplication2] has started
22-Oct-2018 11:20:33.669 INFO [http-nio-8080-exec-223] org.apache.jasper.servlet.TldScanner.scanJars At least one JAR was scanned for TLDs yet contained no TLDs. Enable debug logging for this logger for a complete list of JARs that were scanned but no TLDs were found in them. Skipping unneeded JARs during scanning can improve startup time and JSP compilation time.
22-Oct-2018 11:20:33.672 INFO [http-nio-8080-exec-223] org.apache.catalina.core.StandardContext.reload Reloading Context with name [/WebApplication2] is completed
22-Oct-2018 11:20:58.713 INFO [http-nio-8080-exec-225] org.apache.catalina.core.StandardContext.reload Reloading Context with name [/WebApplication2] has started
22-Oct-2018 11:20:58.854 INFO [http-nio-8080-exec-225] org.apache.jasper.servlet.TldScanner.scanJars At least one JAR was scanned for TLDs yet contained no TLDs. Enable debug logging for this logger for a complete list of JARs that were scanned but no TLDs were found in them. Skipping unneeded JARs during scanning can improve startup time and JSP compilation time.
22-Oct-2018 11:20:58.857 INFO [http-nio-8080-exec-225] org.apache.catalina.core.StandardContext.reload Reloading Context with name [/WebApplication2] is completed
22-Oct-2018 11:21:21.406 INFO [http-nio-8080-exec-234] org.apache.catalina.core.StandardContext.reload Reloading Context with name [/WebApplication2] has started
22-Oct-2018 11:21:21.629 INFO [http-nio-8080-exec-234] org.apache.jasper.servlet.TldScanner.scanJars At least one JAR was scanned for TLDs yet contained no TLDs. Enable debug logging for this logger for a complete list of JARs that were scanned but no TLDs were found in them. Skipping unneeded JARs during scanning can improve startup time and JSP compilation time.
22-Oct-2018 11:21:21.631 INFO [http-nio-8080-exec-234] org.apache.catalina.core.StandardContext.reload Reloading Context with name [/WebApplication2] is completed
22-Oct-2018 11:21:33.530 INFO [http-nio-8080-exec-225] org.apache.catalina.core.StandardContext.reload Reloading Context with name [/WebApplication2] has started
22-Oct-2018 11:21:34.570 INFO [http-nio-8080-exec-225] org.apache.jasper.servlet.TldScanner.scanJars At least one JAR was scanned for TLDs yet contained no TLDs. Enable debug logging for this logger for a complete list of JARs that were scanned but no TLDs were found in them. Skipping unneeded JARs during scanning can improve startup time and JSP compilation time.
22-Oct-2018 11:21:34.576 INFO [402] org.apache.catalina.core.StandardContext.reload Reloading Context with name [/WebApplication2] is completed
22-Oct-2018 11:21:34.633 INFO [http-nio-8080-exec-236] org.apache.catalina.core.StandardContext.reload Reloading Context with name [/WebApplication2] has started
22-Oct-2018 11:21:34.743 INFO [http-nio-8080-exec-236] org.apache.jasper.servlet.TldScanner.scanJars At least one JAR was scanned for TLDs yet contained no TLDs. Enable debug logging for this logger for a complete list of JARs that were scanned but no TLDs were found in them. Skipping unneeded JARs during scanning can improve startup time and JSP compilation time.
22-Oct-2018 11:21:34.745 INFO [http-nio-8080-exec-236] org.apache.catalina.core.StandardContext.reload Reloading Context with name [/WebApplication2] is completed
22-Oct-2018 11:22:41.437 INFO [http-nio-8080-exec-240] org.apache.catalina.core.StandardContext.reload Reloading Context with name [/WebApplication2] has started
22-Oct-2018 11:22:41.669 INFO [http-nio-8080-exec-240] org.apache.jasper.servlet.TldScanner.scanJars At least one JAR was scanned for TLDs yet contained no TLDs. Enable debug logging for this logger for a complete list of JARs that were scanned but no TLDs were found in them. Skipping unneeded JARs during scanning can improve startup time and JSP compilation time.
22-Oct-2018 11:22:41.672 INFO [http-nio-8080-exec-240] org.apache.catalina.core.StandardContext.reload Reloading Context with name [/WebApplication2] is completed
22-Oct-2018 11:22:41.707 INFO [http-nio-8080-exec-223] org.apache.catalina.core.StandardContext.reload Reloading Context with name [/WebApplication2] has started
22-Oct-2018 11:22:41.862 INFO [http-nio-8080-exec-223] org.apache.jasper.servlet.TldScanner.scanJars At least one JAR was scanned for TLDs yet contained no TLDs. Enable debug logging for this logger for a complete list of JARs that were scanned but no TLDs were found in them. Skipping unneeded JARs during scanning can improve startup time and JSP compilation time.
22-Oct-2018 11:22:41.864 INFO [http-nio-8080-exec-223] org.apache.catalina.core.StandardContext.reload Reloading Context with name [/WebApplication2] is completed
22-Oct-2018 11:22:48.572 INFO [http-nio-8080-exec-232] org.apache.catalina.core.StandardContext.reload Reloading Context with name [/WebApplication2] has started
22-Oct-2018 11:22:48.752 INFO [http-nio-8080-exec-232] org.apache.jasper.servlet.TldScanner.scanJars At least one JAR was scanned for TLDs yet contained no TLDs. Enable debug logging for this logger for a complete list of JARs that were scanned but no TLDs were found in them. Skipping unneeded JARs during scanning can improve startup time and JSP compilation time.
22-Oct-2018 11:22:48.754 INFO [http-nio-8080-exec-232] org.apache.catalina.core.StandardContext.reload Reloading Context with name [/WebApplication2] is completed
22-Oct-2018 11:22:48.818 INFO [http-nio-8080-exec-243] org.apache.catalina.core.StandardContext.reload Reloading Context with name [/WebApplication2] has started
22-Oct-2018 11:22:49.039 INFO [http-nio-8080-exec-243] org.apache.jasper.servlet.TldScanner.scanJars At least one JAR was scanned for TLDs yet contained no TLDs. Enable debug logging for this logger for a complete list of JARs that were scanned but no TLDs were found in them. Skipping unneeded JARs during scanning can improve startup time and JSP compilation time.
22-Oct-2018 11:22:49.042 INFO [http-nio-8080-exec-243] org.apache.catalina.core.StandardContext.reload Reloading Context with name [/WebApplication2] is completed
22-Oct-2018 11:22:50.053 INFO [http-nio-8080-exec-223] org.apache.catalina.core.StandardContext.reload Reloading Context with name [/WebApplication2] has started
22-Oct-2018 11:22:50.178 INFO [http-nio-8080-exec-223] org.apache.jasper.servlet.TldScanner.scanJars At least one JAR was scanned for TLDs yet contained no TLDs. Enable debug logging for this logger for a complete list of JARs that were scanned but no TLDs were found in them. Skipping unneeded JARs during scanning can improve startup time and JSP compilation time.
22-Oct-2018 11:22:50.186 INFO [http-nio-8080-exec-223] org.apache.catalina.core.StandardContext.reload Reloading Context with name [/WebApplication2] is completed
22-Oct-2018 11:23:06.780 INFO [http-nio-8080-exec-234] org.apache.catalina.core.StandardContext.reload Reloading Context with name [/WebApplication2] has started
22-Oct-2018 11:23:06.954 INFO [http-nio-8080-exec-234] org.apache.jasper.servlet.TldScanner.scanJars At least one JAR was scanned for TLDs yet contained no TLDs. Enable debug logging for this logger for a complete list of JARs that were scanned but no TLDs were found in them. Skipping unneeded JARs during scanning can improve startup time and JSP compilation time.
22-Oct-2018 11:23:06.956 INFO [http-nio-8080-exec-234] org.apache.catalina.core.StandardContext.reload Reloading Context with name [/WebApplication2] is completed
22-Oct-2018 11:23:57.641 INFO [http-nio-8080-exec-231] org.apache.catalina.core.StandardContext.reload Reloading Context with name [/WebApplication2] has started
22-Oct-2018 11:23:57.825 INFO [http-nio-8080-exec-231] org.apache.jasper.servlet.TldScanner.scanJars At least one JAR was scanned for TLDs yet contained no TLDs. Enable debug logging for this logger for a complete list of JARs that were scanned but no TLDs were found in them. Skipping unneeded JARs during scanning can improve startup time and JSP compilation time.
22-Oct-2018 11:23:57.828 INFO [http-nio-8080-exec-231] org.apache.catalina.core.StandardContext.reload Reloading Context with name [/WebApplication2] is completed
22-Oct-2018 11:24:17.293 INFO [http-nio-8080-exec-223] org.apache.catalina.core.StandardContext.reload Reloading Context with name [/WebApplication2] has started
22-Oct-2018 11:24:17.520 INFO [http-nio-8080-exec-223] org.apache.jasper.servlet.TldScanner.scanJars At least one JAR was scanned for TLDs yet contained no TLDs. Enable debug logging for this logger for a complete list of JARs that were scanned but no TLDs were found in them. Skipping unneeded JARs during scanning can improve startup time and JSP compilation time.
22-Oct-2018 11:24:17.523 INFO [http-nio-8080-exec-223] org.apache.catalina.core.StandardContext.reload Reloading Context with name [/WebApplication2] is completed
22-Oct-2018 11:24:32.353 INFO [http-nio-8080-exec-247] org.apache.catalina.core.StandardContext.reload Reloading Context with name [/WebApplication2] has started
22-Oct-2018 11:24:32.552 INFO [http-nio-8080-exec-247] org.apache.jasper.servlet.TldScanner.scanJars At least one JAR was scanned for TLDs yet contained no TLDs. Enable debug logging for this logger for a complete list of JARs that were scanned but no TLDs were found in them. Skipping unneeded JARs during scanning can improve startup time and JSP compilation time.
22-Oct-2018 11:24:32.555 INFO [http-nio-8080-exec-247] org.apache.catalina.core.StandardContext.reload Reloading Context with name [/WebApplication2] is completed
22-Oct-2018 11:24:34.533 INFO [http-nio-8080-exec-234] org.apache.catalina.core.StandardContext.reload Reloading Context with name [/WebApplication2] has started
22-Oct-2018 11:24:34.741 INFO [http-nio-8080-exec-234] org.apache.jasper.servlet.TldScanner.scanJars At least one JAR was scanned for TLDs yet contained no TLDs. Enable debug logging for this logger for a complete list of JARs that were scanned but no TLDs were found in them. Skipping unneeded JARs during scanning can improve startup time and JSP compilation time.
22-Oct-2018 11:24:34.743 INFO [http-nio-8080-exec-234] org.apache.catalina.core.StandardContext.reload Reloading Context with name [/WebApplication2] is completed
22-Oct-2018 11:24:36.249 INFO [http-nio-8080-exec-247] org.apache.catalina.core.StandardContext.reload Reloading Context with name [/WebApplication2] has started
22-Oct-2018 11:24:36.370 INFO [http-nio-8080-exec-247] org.apache.jasper.servlet.TldScanner.scanJars At least one JAR was scanned for TLDs yet contained no TLDs. Enable debug logging for this logger for a complete list of JARs that were scanned but no TLDs were found in them. Skipping unneeded JARs during scanning can improve startup time and JSP compilation time.
22-Oct-2018 11:24:36.372 INFO [http-nio-8080-exec-247] org.apache.catalina.core.StandardContext.reload Reloading Context with name [/WebApplication2] is completed
22-Oct-2018 11:24:38.633 INFO [http-nio-8080-exec-249] org.apache.catalina.core.StandardContext.reload Reloading Context with name [/WebApplication2] has started
22-Oct-2018 11:24:38.776 INFO [http-nio-8080-exec-249] org.apache.jasper.servlet.TldScanner.scanJars At least one JAR was scanned for TLDs yet contained no TLDs. Enable debug logging for this logger for a complete list of JARs that were scanned but no TLDs were found in them. Skipping unneeded JARs during scanning can improve startup time and JSP compilation time.
22-Oct-2018 11:24:38.779 INFO [http-nio-8080-exec-249] org.apache.catalina.core.StandardContext.reload Reloading Context with name [/WebApplication2] is completed
22-Oct-2018 11:24:56.537 INFO [http-nio-8080-exec-247] org.apache.catalina.core.StandardContext.reload Reloading Context with name [/WebApplication2] has started
22-Oct-2018 11:24:56.665 INFO [http-nio-8080-exec-247] org.apache.jasper.servlet.TldScanner.scanJars At least one JAR was scanned for TLDs yet contained no TLDs. Enable debug logging for this logger for a complete list of JARs that were scanned but no TLDs were found in them. Skipping unneeded JARs during scanning can improve startup time and JSP compilation time.
22-Oct-2018 11:24:56.668 INFO [http-nio-8080-exec-247] org.apache.catalina.core.StandardContext.reload Reloading Context with name [/WebApplication2] is completed
22-Oct-2018 11:25:24.711 INFO [http-nio-8080-exec-234] org.apache.catalina.core.StandardContext.reload Reloading Context with name [/WebApplication2] has started
22-Oct-2018 11:25:24.894 INFO [http-nio-8080-exec-234] org.apache.jasper.servlet.TldScanner.scanJars At least one JAR was scanned for TLDs yet contained no TLDs. Enable debug logging for this logger for a complete list of JARs that were scanned but no TLDs were found in them. Skipping unneeded JARs during scanning can improve startup time and JSP compilation time.
22-Oct-2018 11:25:24.896 INFO [http-nio-8080-exec-234] org.apache.catalina.core.StandardContext.reload Reloading Context with name [/WebApplication2] is completed
22-Oct-2018 11:25:33.054 INFO [http-nio-8080-exec-251] org.apache.catalina.core.StandardContext.reload Reloading Context with name [/WebApplication2] has started
22-Oct-2018 11:25:33.362 INFO [http-nio-8080-exec-251] org.apache.jasper.servlet.TldScanner.scanJars At least one JAR was scanned for TLDs yet contained no TLDs. Enable debug logging for this logger for a complete list of JARs that were scanned but no TLDs were found in them. Skipping unneeded JARs during scanning can improve startup time and JSP compilation time.
22-Oct-2018 11:25:33.365 INFO [http-nio-8080-exec-251] org.apache.catalina.core.StandardContext.reload Reloading Context with name [/WebApplication2] is completed
22-Oct-2018 11:26:07.672 INFO [http-nio-8080-exec-255] org.apache.catalina.core.StandardContext.reload Reloading Context with name [/WebApplication2] has started
22-Oct-2018 11:26:09.117 INFO [http-nio-8080-exec-255] org.apache.jasper.servlet.TldScanner.scanJars At least one JAR was scanned for TLDs yet contained no TLDs. Enable debug logging for this logger for a complete list of JARs that were scanned but no TLDs were found in them. Skipping unneeded JARs during scanning can improve startup time and JSP compilation time.
22-Oct-2018 11:26:09.122 INFO [http-nio-8080-exec-255] org.apache.catalina.core.StandardContext.reload Reloading Context with name [/WebApplication2] is completed
22-Oct-2018 11:26:30.810 INFO [http-nio-8080-exec-247] org.apache.catalina.core.StandardContext.reload Reloading Context with name [/WebApplication2] has started
22-Oct-2018 11:26:31.016 INFO [http-nio-8080-exec-247] org.apache.jasper.servlet.TldScanner.scanJars At least one JAR was scanned for TLDs yet contained no TLDs. Enable debug logging for this logger for a complete list of JARs that were scanned but no TLDs were found in them. Skipping unneeded JARs during scanning can improve startup time and JSP compilation time.
22-Oct-2018 11:26:31.019 INFO [http-nio-8080-exec-247] org.apache.catalina.core.StandardContext.reload Reloading Context with name [/WebApplication2] is completed
22-Oct-2018 11:27:11.070 INFO [http-nio-8080-exec-249] org.apache.catalina.core.StandardContext.reload Reloading Context with name [/WebApplication2] has started
22-Oct-2018 11:27:11.245 INFO [http-nio-8080-exec-249] org.apache.jasper.servlet.TldScanner.scanJars At least one JAR was scanned for TLDs yet contained no TLDs. Enable debug logging for this logger for a complete list of JARs that were scanned but no TLDs were found in them. Skipping unneeded JARs during scanning can improve startup time and JSP compilation time.
22-Oct-2018 11:27:11.247 INFO [http-nio-8080-exec-249] org.apache.catalina.core.StandardContext.reload Reloading Context with name [/WebApplication2] is completed
22-Oct-2018 11:27:13.581 INFO [http-nio-8080-exec-260] org.apache.catalina.core.StandardContext.reload Reloading Context with name [/WebApplication2] has started
22-Oct-2018 11:27:13.705 INFO [http-nio-8080-exec-260] org.apache.jasper.servlet.TldScanner.scanJars At least one JAR was scanned for TLDs yet contained no TLDs. Enable debug logging for this logger for a complete list of JARs that were scanned but no TLDs were found in them. Skipping unneeded JARs during scanning can improve startup time and JSP compilation time.
22-Oct-2018 11:27:13.707 INFO [http-nio-8080-exec-260] org.apache.catalina.core.StandardContext.reload Reloading Context with name [/WebApplication2] is completed
22-Oct-2018 11:31:23.099 INFO [http-nio-8080-exec-269] org.apache.catalina.core.StandardContext.reload Reloading Context with name [/WebApplication2] has started
22-Oct-2018 11:31:23.305 INFO [http-nio-8080-exec-269] org.apache.jasper.servlet.TldScanner.scanJars At least one JAR was scanned for TLDs yet contained no TLDs. Enable debug logging for this logger for a complete list of JARs that were scanned but no TLDs were found in them. Skipping unneeded JARs during scanning can improve startup time and JSP compilation time.
22-Oct-2018 11:31:23.310 INFO [http-nio-8080-exec-269] org.apache.catalina.core.StandardContext.reload Reloading Context with name [/WebApplication2] is completed
22-Oct-2018 11:31:27.443 INFO [http-nio-8080-exec-266] org.apache.catalina.core.StandardContext.reload Reloading Context with name [/WebApplication2] has started
22-Oct-2018 11:31:27.637 INFO [http-nio-8080-exec-266] org.apache.jasper.servlet.TldScanner.scanJars At least one JAR was scanned for TLDs yet contained no TLDs. Enable debug logging for this logger for a complete list of JARs that were scanned but no TLDs were found in them. Skipping unneeded JARs during scanning can improve startup time and JSP compilation time.
22-Oct-2018 11:31:27.641 INFO [http-nio-8080-exec-266] org.apache.catalina.core.StandardContext.reload Reloading Context with name [/WebApplication2] is completed
22-Oct-2018 13:28:59.414 INFO [http-nio-8080-exec-278] org.apache.catalina.core.StandardContext.reload Reloading Context with name [/WebApplication2] has started
22-Oct-2018 13:28:59.595 INFO [http-nio-8080-exec-278] org.apache.jasper.servlet.TldScanner.scanJars At least one JAR was scanned for TLDs yet contained no TLDs. Enable debug logging for this logger for a complete list of JARs that were scanned but no TLDs were found in them. Skipping unneeded JARs during scanning can improve startup time and JSP compilation time.
22-Oct-2018 13:28:59.597 INFO [http-nio-8080-exec-278] org.apache.catalina.core.StandardContext.reload Reloading Context with name [/WebApplication2] is completed
22-Oct-2018 13:29:17.117 INFO [http-nio-8080-exec-276] org.apache.catalina.core.StandardContext.reload Reloading Context with name [/WebApplication2] has started
22-Oct-2018 13:29:17.241 INFO [http-nio-8080-exec-276] org.apache.jasper.servlet.TldScanner.scanJars At least one JAR was scanned for TLDs yet contained no TLDs. Enable debug logging for this logger for a complete list of JARs that were scanned but no TLDs were found in them. Skipping unneeded JARs during scanning can improve startup time and JSP compilation time.
22-Oct-2018 13:29:17.243 INFO [http-nio-8080-exec-276] org.apache.catalina.core.StandardContext.reload Reloading Context with name [/WebApplication2] is completed
22-Oct-2018 13:29:21.763 INFO [http-nio-8080-exec-261] org.apache.catalina.core.StandardContext.reload Reloading Context with name [/WebApplication2] has started
22-Oct-2018 13:29:21.900 INFO [http-nio-8080-exec-261] org.apache.jasper.servlet.TldScanner.scanJars At least one JAR was scanned for TLDs yet contained no TLDs. Enable debug logging for this logger for a complete list of JARs that were scanned but no TLDs were found in them. Skipping unneeded JARs during scanning can improve startup time and JSP compilation time.
22-Oct-2018 13:29:21.903 INFO [http-nio-8080-exec-261] org.apache.catalina.core.StandardContext.reload Reloading Context with name [/WebApplication2] is completed
22-Oct-2018 13:29:32.390 INFO [http-nio-8080-exec-281] org.apache.catalina.core.StandardContext.reload Reloading Context with name [/WebApplication2] has started
22-Oct-2018 13:29:32.581 INFO [http-nio-8080-exec-281] org.apache.jasper.servlet.TldScanner.scanJars At least one JAR was scanned for TLDs yet contained no TLDs. Enable debug logging for this logger for a complete list of JARs that were scanned but no TLDs were found in them. Skipping unneeded JARs during scanning can improve startup time and JSP compilation time.
22-Oct-2018 13:29:32.583 INFO [http-nio-8080-exec-281] org.apache.catalina.core.StandardContext.reload Reloading Context with name [/WebApplication2] is completed
22-Oct-2018 13:44:37.119 INFO [main] org.apache.catalina.core.StandardServer.await A valid shutdown command was received via the shutdown port. Stopping the Server instance.
22-Oct-2018 13:44:37.213 INFO [main] org.apache.coyote.AbstractProtocol.pause Pausing ProtocolHandler ["http-nio-8080"]
22-Oct-2018 13:44:37.665 INFO [main] org.apache.coyote.AbstractProtocol.pause Pausing ProtocolHandler ["ajp-nio-8009"]
22-Oct-2018 13:44:37.821 INFO [main] org.apache.catalina.core.StandardService.stopInternal Stopping service [Catalina]
22-Oct-2018 13:44:38.009 WARNING [localhost-startStop-2] org.apache.catalina.loader.WebappClassLoaderBase.clearReferencesJdbc The web application [MuaBanNha] registered the JDBC driver [com.mysql.jdbc.Driver] but failed to unregister it when the web application was stopped. To prevent a memory leak, the JDBC Driver has been forcibly unregistered.
22-Oct-2018 13:44:38.009 WARNING [localhost-startStop-2] org.apache.catalina.loader.WebappClassLoaderBase.clearReferencesThreads The web application [MuaBanNha] appears to have started a thread named [MySQL Statement Cancellation Timer] but has failed to stop it. This is very likely to create a memory leak. Stack trace of thread:
 java.lang.Object.wait(Native Method)
 java.lang.Object.wait(Object.java:502)
 java.util.TimerThread.mainLoop(Timer.java:526)
 java.util.TimerThread.run(Timer.java:505)
22-Oct-2018 13:44:38.492 INFO [main] org.apache.coyote.AbstractProtocol.stop Stopping ProtocolHandler ["http-nio-8080"]
22-Oct-2018 13:44:38.539 INFO [main] org.apache.coyote.AbstractProtocol.stop Stopping ProtocolHandler ["ajp-nio-8009"]
22-Oct-2018 13:44:38.617 INFO [main] org.apache.coyote.AbstractProtocol.destroy Destroying ProtocolHandler ["http-nio-8080"]
22-Oct-2018 13:44:38.633 INFO [main] org.apache.coyote.AbstractProtocol.destroy Destroying ProtocolHandler ["ajp-nio-8009"]
22-Oct-2018 21:57:51.291 INFO [main] org.apache.catalina.startup.VersionLoggerListener.log Server version:        Apache Tomcat/8.5.34
22-Oct-2018 21:57:51.300 INFO [main] org.apache.catalina.startup.VersionLoggerListener.log Server built:          Sep 4 2018 22:28:22 UTC
22-Oct-2018 21:57:51.301 INFO [main] org.apache.catalina.startup.VersionLoggerListener.log Server number:         8.5.34.0
22-Oct-2018 21:57:51.301 INFO [main] org.apache.catalina.startup.VersionLoggerListener.log OS Name:               Windows 7
22-Oct-2018 21:57:51.301 INFO [main] org.apache.catalina.startup.VersionLoggerListener.log OS Version:            6.1
22-Oct-2018 21:57:51.302 INFO [main] org.apache.catalina.startup.VersionLoggerListener.log Architecture:          amd64
22-Oct-2018 21:57:51.302 INFO [main] org.apache.catalina.startup.VersionLoggerListener.log Java Home:             C:\Program Files\Java\jdk1.8.0_171\jre
22-Oct-2018 21:57:51.302 INFO [main] org.apache.catalina.startup.VersionLoggerListener.log JVM Version:           1.8.0_171-b11
22-Oct-2018 21:57:51.302 INFO [main] org.apache.catalina.startup.VersionLoggerListener.log JVM Vendor:            Oracle Corporation
22-Oct-2018 21:57:51.303 INFO [main] org.apache.catalina.startup.VersionLoggerListener.log CATALINA_BASE:         D:\Java\apache-tomcat-8.5.34
22-Oct-2018 21:57:51.303 INFO [main] org.apache.catalina.startup.VersionLoggerListener.log CATALINA_HOME:         D:\Java\apache-tomcat-8.5.34
22-Oct-2018 21:57:51.303 INFO [main] org.apache.catalina.startup.VersionLoggerListener.log Command line argument: -Djava.util.logging.config.file=D:\Java\apache-tomcat-8.5.34\conf\logging.properties
22-Oct-2018 21:57:51.304 INFO [main] org.apache.catalina.startup.VersionLoggerListener.log Command line argument: -Djava.util.logging.manager=org.apache.juli.ClassLoaderLogManager
22-Oct-2018 21:57:51.304 INFO [main] org.apache.catalina.startup.VersionLoggerListener.log Command line argument: -Dhttp.nonProxyHosts=localhost|127.0.0.1|Khatmau-sr
22-Oct-2018 21:57:51.305 INFO [main] org.apache.catalina.startup.VersionLoggerListener.log Command line argument: -Djdk.tls.ephemeralDHKeySize=2048
22-Oct-2018 21:57:51.305 INFO [main] org.apache.catalina.startup.VersionLoggerListener.log Command line argument: -Djava.protocol.handler.pkgs=org.apache.catalina.webresources
22-Oct-2018 21:57:51.305 INFO [main] org.apache.catalina.startup.VersionLoggerListener.log Command line argument: -Dignore.endorsed.dirs=
22-Oct-2018 21:57:51.305 INFO [main] org.apache.catalina.startup.VersionLoggerListener.log Command line argument: -Dcatalina.base=D:\Java\apache-tomcat-8.5.34
22-Oct-2018 21:57:51.306 INFO [main] org.apache.catalina.startup.VersionLoggerListener.log Command line argument: -Dcatalina.home=D:\Java\apache-tomcat-8.5.34
22-Oct-2018 21:57:51.306 INFO [main] org.apache.catalina.startup.VersionLoggerListener.log Command line argument: -Djava.io.tmpdir=D:\Java\apache-tomcat-8.5.34\temp
22-Oct-2018 21:57:51.306 INFO [main] org.apache.catalina.core.AprLifecycleListener.lifecycleEvent The APR based Apache Tomcat Native library which allows optimal performance in production environments was not found on the java.library.path: [C:\Program Files\Java\jdk1.8.0_171\bin;C:\Windows\Sun\Java\bin;C:\Windows\system32;C:\Windows;C:\Program Files (x86)\Common Files\Oracle\Java\javapath;C:\Windows\system32;C:\Windows;C:\Windows\System32\Wbem;C:\Windows\System32\WindowsPowerShell\v1.0\;;.]
22-Oct-2018 21:57:52.494 INFO [main] org.apache.coyote.AbstractProtocol.init Initializing ProtocolHandler ["http-nio-8080"]
22-Oct-2018 21:57:53.018 INFO [main] org.apache.tomcat.util.net.NioSelectorPool.getSharedSelector Using a shared selector for servlet write/read
22-Oct-2018 21:57:53.091 INFO [main] org.apache.coyote.AbstractProtocol.init Initializing ProtocolHandler ["ajp-nio-8009"]
22-Oct-2018 21:57:53.095 INFO [main] org.apache.tomcat.util.net.NioSelectorPool.getSharedSelector Using a shared selector for servlet write/read
22-Oct-2018 21:57:53.097 INFO [main] org.apache.catalina.startup.Catalina.load Initialization processed in 3776 ms
22-Oct-2018 21:57:53.291 INFO [main] org.apache.catalina.core.StandardService.startInternal Starting service [Catalina]
22-Oct-2018 21:57:53.292 INFO [main] org.apache.catalina.core.StandardEngine.startInternal Starting Servlet Engine: Apache Tomcat/8.5.34
22-Oct-2018 21:57:53.329 INFO [localhost-startStop-1] org.apache.catalina.startup.HostConfig.deployDescriptor Deploying configuration descriptor [D:\Java\apache-tomcat-8.5.34\conf\Catalina\localhost\MuaBanNha.xml]
22-Oct-2018 21:57:56.729 INFO [localhost-startStop-1] org.apache.jasper.servlet.TldScanner.scanJars At least one JAR was scanned for TLDs yet contained no TLDs. Enable debug logging for this logger for a complete list of JARs that were scanned but no TLDs were found in them. Skipping unneeded JARs during scanning can improve startup time and JSP compilation time.
22-Oct-2018 21:57:57.042 INFO [localhost-startStop-1] org.apache.catalina.startup.HostConfig.deployDescriptor Deployment of configuration descriptor [D:\Java\apache-tomcat-8.5.34\conf\Catalina\localhost\MuaBanNha.xml] has finished in [3,712] ms
22-Oct-2018 21:57:57.042 INFO [localhost-startStop-1] org.apache.catalina.startup.HostConfig.deployDescriptor Deploying configuration descriptor [D:\Java\apache-tomcat-8.5.34\conf\Catalina\localhost\WebApplication2.xml]
22-Oct-2018 21:57:57.550 INFO [localhost-startStop-1] org.apache.jasper.servlet.TldScanner.scanJars At least one JAR was scanned for TLDs yet contained no TLDs. Enable debug logging for this logger for a complete list of JARs that were scanned but no TLDs were found in them. Skipping unneeded JARs during scanning can improve startup time and JSP compilation time.
22-Oct-2018 21:57:57.560 INFO [localhost-startStop-1] org.apache.catalina.startup.HostConfig.deployDescriptor Deployment of configuration descriptor [D:\Java\apache-tomcat-8.5.34\conf\Catalina\localhost\WebApplication2.xml] has finished in [518] ms
22-Oct-2018 21:57:57.563 INFO [localhost-startStop-1] org.apache.catalina.startup.HostConfig.deployDirectory Deploying web application directory [D:\Java\apache-tomcat-8.5.34\webapps\docs]
22-Oct-2018 21:57:57.632 INFO [localhost-startStop-1] org.apache.catalina.startup.HostConfig.deployDirectory Deployment of web application directory [D:\Java\apache-tomcat-8.5.34\webapps\docs] has finished in [69] ms
22-Oct-2018 21:57:57.633 INFO [localhost-startStop-1] org.apache.catalina.startup.HostConfig.deployDirectory Deploying web application directory [D:\Java\apache-tomcat-8.5.34\webapps\examples]
22-Oct-2018 21:57:58.602 INFO [localhost-startStop-1] org.apache.catalina.startup.HostConfig.deployDirectory Deployment of web application directory [D:\Java\apache-tomcat-8.5.34\webapps\examples] has finished in [968] ms
22-Oct-2018 21:57:58.602 INFO [localhost-startStop-1] org.apache.catalina.startup.HostConfig.deployDirectory Deploying web application directory [D:\Java\apache-tomcat-8.5.34\webapps\host-manager]
22-Oct-2018 21:57:58.744 INFO [localhost-startStop-1] org.apache.catalina.startup.HostConfig.deployDirectory Deployment of web application directory [D:\Java\apache-tomcat-8.5.34\webapps\host-manager] has finished in [141] ms
22-Oct-2018 21:57:58.744 INFO [localhost-startStop-1] org.apache.catalina.startup.HostConfig.deployDirectory Deploying web application directory [D:\Java\apache-tomcat-8.5.34\webapps\manager]
22-Oct-2018 21:57:58.822 INFO [localhost-startStop-1] org.apache.catalina.startup.HostConfig.deployDirectory Deployment of web application directory [D:\Java\apache-tomcat-8.5.34\webapps\manager] has finished in [78] ms
22-Oct-2018 21:57:58.822 INFO [localhost-startStop-1] org.apache.catalina.startup.HostConfig.deployDirectory Deploying web application directory [D:\Java\apache-tomcat-8.5.34\webapps\ROOT]
22-Oct-2018 21:57:58.869 INFO [localhost-startStop-1] org.apache.catalina.startup.HostConfig.deployDirectory Deployment of web application directory [D:\Java\apache-tomcat-8.5.34\webapps\ROOT] has finished in [46] ms
22-Oct-2018 21:57:59.005 INFO [main] org.apache.coyote.AbstractProtocol.start Starting ProtocolHandler ["http-nio-8080"]
22-Oct-2018 21:57:59.031 INFO [main] org.apache.coyote.AbstractProtocol.start Starting ProtocolHandler ["ajp-nio-8009"]
22-Oct-2018 21:57:59.046 INFO [main] org.apache.catalina.startup.Catalina.start Server startup in 5948 ms
22-Oct-2018 21:59:06.527 INFO [http-nio-8080-exec-1] org.apache.catalina.core.StandardContext.reload Reloading Context with name [/WebApplication2] has started
22-Oct-2018 21:59:07.030 INFO [http-nio-8080-exec-1] org.apache.jasper.servlet.TldScanner.scanJars At least one JAR was scanned for TLDs yet contained no TLDs. Enable debug logging for this logger for a complete list of JARs that were scanned but no TLDs were found in them. Skipping unneeded JARs during scanning can improve startup time and JSP compilation time.
22-Oct-2018 21:59:07.036 INFO [http-nio-8080-exec-1] org.apache.catalina.core.StandardContext.reload Reloading Context with name [/WebApplication2] is completed
