27-Oct-2018 08:07:50.826 INFO [main] org.apache.catalina.startup.VersionLoggerListener.log Server version:        Apache Tomcat/8.5.34
27-Oct-2018 08:07:50.834 INFO [main] org.apache.catalina.startup.VersionLoggerListener.log Server built:          Sep 4 2018 22:28:22 UTC
27-Oct-2018 08:07:50.835 INFO [main] org.apache.catalina.startup.VersionLoggerListener.log Server number:         8.5.34.0
27-Oct-2018 08:07:50.835 INFO [main] org.apache.catalina.startup.VersionLoggerListener.log OS Name:               Windows 7
27-Oct-2018 08:07:50.836 INFO [main] org.apache.catalina.startup.VersionLoggerListener.log OS Version:            6.1
27-Oct-2018 08:07:50.837 INFO [main] org.apache.catalina.startup.VersionLoggerListener.log Architecture:          amd64
27-Oct-2018 08:07:50.837 INFO [main] org.apache.catalina.startup.VersionLoggerListener.log Java Home:             C:\Program Files\Java\jdk1.8.0_171\jre
27-Oct-2018 08:07:50.838 INFO [main] org.apache.catalina.startup.VersionLoggerListener.log JVM Version:           1.8.0_171-b11
27-Oct-2018 08:07:50.838 INFO [main] org.apache.catalina.startup.VersionLoggerListener.log JVM Vendor:            Oracle Corporation
27-Oct-2018 08:07:50.842 INFO [main] org.apache.catalina.startup.VersionLoggerListener.log CATALINA_BASE:         D:\Java\apache-tomcat-8.5.34
27-Oct-2018 08:07:50.842 INFO [main] org.apache.catalina.startup.VersionLoggerListener.log CATALINA_HOME:         D:\Java\apache-tomcat-8.5.34
27-Oct-2018 08:07:50.843 INFO [main] org.apache.catalina.startup.VersionLoggerListener.log Command line argument: -Djava.util.logging.config.file=D:\Java\apache-tomcat-8.5.34\conf\logging.properties
27-Oct-2018 08:07:50.844 INFO [main] org.apache.catalina.startup.VersionLoggerListener.log Command line argument: -Djava.util.logging.manager=org.apache.juli.ClassLoaderLogManager
27-Oct-2018 08:07:50.844 INFO [main] org.apache.catalina.startup.VersionLoggerListener.log Command line argument: -Dhttp.nonProxyHosts=localhost|127.0.0.1|Khatmau-sr
27-Oct-2018 08:07:50.845 INFO [main] org.apache.catalina.startup.VersionLoggerListener.log Command line argument: -Djdk.tls.ephemeralDHKeySize=2048
27-Oct-2018 08:07:50.845 INFO [main] org.apache.catalina.startup.VersionLoggerListener.log Command line argument: -Djava.protocol.handler.pkgs=org.apache.catalina.webresources
27-Oct-2018 08:07:50.846 INFO [main] org.apache.catalina.startup.VersionLoggerListener.log Command line argument: -Dignore.endorsed.dirs=
27-Oct-2018 08:07:50.846 INFO [main] org.apache.catalina.startup.VersionLoggerListener.log Command line argument: -Dcatalina.base=D:\Java\apache-tomcat-8.5.34
27-Oct-2018 08:07:50.847 INFO [main] org.apache.catalina.startup.VersionLoggerListener.log Command line argument: -Dcatalina.home=D:\Java\apache-tomcat-8.5.34
27-Oct-2018 08:07:50.850 INFO [main] org.apache.catalina.startup.VersionLoggerListener.log Command line argument: -Djava.io.tmpdir=D:\Java\apache-tomcat-8.5.34\temp
27-Oct-2018 08:07:50.851 INFO [main] org.apache.catalina.core.AprLifecycleListener.lifecycleEvent The APR based Apache Tomcat Native library which allows optimal performance in production environments was not found on the java.library.path: [C:\Program Files\Java\jdk1.8.0_171\bin;C:\Windows\Sun\Java\bin;C:\Windows\system32;C:\Windows;C:\Program Files (x86)\Common Files\Oracle\Java\javapath;C:\Windows\system32;C:\Windows;C:\Windows\System32\Wbem;C:\Windows\System32\WindowsPowerShell\v1.0\;C:\Program Files\dotnet\;C:\Program Files\Microsoft SQL Server\130\Tools\Binn\;;.]
27-Oct-2018 08:07:51.538 INFO [main] org.apache.coyote.AbstractProtocol.init Initializing ProtocolHandler ["http-nio-8080"]
27-Oct-2018 08:07:52.008 INFO [main] org.apache.tomcat.util.net.NioSelectorPool.getSharedSelector Using a shared selector for servlet write/read
27-Oct-2018 08:07:52.023 INFO [main] org.apache.coyote.AbstractProtocol.init Initializing ProtocolHandler ["ajp-nio-8009"]
27-Oct-2018 08:07:52.026 INFO [main] org.apache.tomcat.util.net.NioSelectorPool.getSharedSelector Using a shared selector for servlet write/read
27-Oct-2018 08:07:52.027 INFO [main] org.apache.catalina.startup.Catalina.load Initialization processed in 2991 ms
27-Oct-2018 08:07:52.439 INFO [main] org.apache.catalina.core.StandardService.startInternal Starting service [Catalina]
27-Oct-2018 08:07:52.440 INFO [main] org.apache.catalina.core.StandardEngine.startInternal Starting Servlet Engine: Apache Tomcat/8.5.34
27-Oct-2018 08:07:52.498 INFO [localhost-startStop-1] org.apache.catalina.startup.HostConfig.deployDescriptor Deploying configuration descriptor [D:\Java\apache-tomcat-8.5.34\conf\Catalina\localhost\BanHoa.xml]
27-Oct-2018 08:07:52.741 SEVERE [localhost-startStop-1] org.apache.catalina.core.ContainerBase.addChildInternal ContainerBase.addChild: start: 
 org.apache.catalina.LifecycleException: Failed to start component [StandardEngine[Catalina].StandardHost[localhost].StandardContext[/BanHoa]]
	at org.apache.catalina.util.LifecycleBase.start(LifecycleBase.java:167)
	at org.apache.catalina.core.ContainerBase.addChildInternal(ContainerBase.java:754)
	at org.apache.catalina.core.ContainerBase.addChild(ContainerBase.java:730)
	at org.apache.catalina.core.StandardHost.addChild(StandardHost.java:734)
	at org.apache.catalina.startup.HostConfig.deployDescriptor(HostConfig.java:629)
	at org.apache.catalina.startup.HostConfig$DeployDescriptor.run(HostConfig.java:1839)
	at java.util.concurrent.Executors$RunnableAdapter.call(Executors.java:511)
	at java.util.concurrent.FutureTask.run(FutureTask.java:266)
	at java.util.concurrent.ThreadPoolExecutor.runWorker(ThreadPoolExecutor.java:1149)
	at java.util.concurrent.ThreadPoolExecutor$Worker.run(ThreadPoolExecutor.java:624)
	at java.lang.Thread.run(Thread.java:748)
Caused by: org.apache.catalina.LifecycleException: Failed to start component [org.apache.catalina.webresources.StandardRoot@273734a0]
	at org.apache.catalina.util.LifecycleBase.start(LifecycleBase.java:167)
	at org.apache.catalina.core.StandardContext.resourcesStart(StandardContext.java:4907)
	at org.apache.catalina.core.StandardContext.startInternal(StandardContext.java:5042)
	at org.apache.catalina.util.LifecycleBase.start(LifecycleBase.java:150)
	... 10 more
Caused by: java.lang.IllegalArgumentException: The main resource set specified [C:\Users\Administrator\Documents\NetBeansProjects\BanHoa\build\web] is not valid
	at org.apache.catalina.webresources.StandardRoot.createMainResourceSet(StandardRoot.java:748)
	at org.apache.catalina.webresources.StandardRoot.startInternal(StandardRoot.java:706)
	at org.apache.catalina.util.LifecycleBase.start(LifecycleBase.java:150)
	... 13 more

27-Oct-2018 08:07:52.747 SEVERE [localhost-startStop-1] org.apache.catalina.startup.HostConfig.deployDescriptor Error deploying configuration descriptor [D:\Java\apache-tomcat-8.5.34\conf\Catalina\localhost\BanHoa.xml]
 java.lang.IllegalStateException: ContainerBase.addChild: start: org.apache.catalina.LifecycleException: Failed to start component [StandardEngine[Catalina].StandardHost[localhost].StandardContext[/BanHoa]]
	at org.apache.catalina.core.ContainerBase.addChildInternal(ContainerBase.java:758)
	at org.apache.catalina.core.ContainerBase.addChild(ContainerBase.java:730)
	at org.apache.catalina.core.StandardHost.addChild(StandardHost.java:734)
	at org.apache.catalina.startup.HostConfig.deployDescriptor(HostConfig.java:629)
	at org.apache.catalina.startup.HostConfig$DeployDescriptor.run(HostConfig.java:1839)
	at java.util.concurrent.Executors$RunnableAdapter.call(Executors.java:511)
	at java.util.concurrent.FutureTask.run(FutureTask.java:266)
	at java.util.concurrent.ThreadPoolExecutor.runWorker(ThreadPoolExecutor.java:1149)
	at java.util.concurrent.ThreadPoolExecutor$Worker.run(ThreadPoolExecutor.java:624)
	at java.lang.Thread.run(Thread.java:748)

27-Oct-2018 08:07:52.752 INFO [localhost-startStop-1] org.apache.catalina.startup.HostConfig.deployDescriptor Deployment of configuration descriptor [D:\Java\apache-tomcat-8.5.34\conf\Catalina\localhost\BanHoa.xml] has finished in [252] ms
27-Oct-2018 08:07:52.753 INFO [localhost-startStop-1] org.apache.catalina.startup.HostConfig.deployDescriptor Deploying configuration descriptor [D:\Java\apache-tomcat-8.5.34\conf\Catalina\localhost\MuaBanNha.xml]
27-Oct-2018 08:07:54.820 INFO [localhost-startStop-1] org.apache.jasper.servlet.TldScanner.scanJars At least one JAR was scanned for TLDs yet contained no TLDs. Enable debug logging for this logger for a complete list of JARs that were scanned but no TLDs were found in them. Skipping unneeded JARs during scanning can improve startup time and JSP compilation time.
27-Oct-2018 08:07:54.961 INFO [localhost-startStop-1] org.apache.catalina.startup.HostConfig.deployDescriptor Deployment of configuration descriptor [D:\Java\apache-tomcat-8.5.34\conf\Catalina\localhost\MuaBanNha.xml] has finished in [2,208] ms
27-Oct-2018 08:07:54.961 INFO [localhost-startStop-1] org.apache.catalina.startup.HostConfig.deployDescriptor Deploying configuration descriptor [D:\Java\apache-tomcat-8.5.34\conf\Catalina\localhost\shop.xml]
27-Oct-2018 08:08:01.826 INFO [localhost-startStop-1] org.apache.jasper.servlet.TldScanner.scanJars At least one JAR was scanned for TLDs yet contained no TLDs. Enable debug logging for this logger for a complete list of JARs that were scanned but no TLDs were found in them. Skipping unneeded JARs during scanning can improve startup time and JSP compilation time.
27-Oct-2018 08:08:01.920 INFO [localhost-startStop-1] org.springframework.web.context.ContextLoader.initWebApplicationContext Root WebApplicationContext: initialization started
27-Oct-2018 08:08:02.342 INFO [localhost-startStop-1] org.springframework.context.support.AbstractApplicationContext.prepareRefresh Refreshing Root WebApplicationContext: startup date [Sat Oct 27 08:08:02 GMT+07:00 2018]; root of context hierarchy
27-Oct-2018 08:08:02.514 INFO [localhost-startStop-1] org.springframework.beans.factory.xml.XmlBeanDefinitionReader.loadBeanDefinitions Loading XML bean definitions from ServletContext resource [/WEB-INF/applicationContext.xml]
27-Oct-2018 08:08:03.296 INFO [localhost-startStop-1] org.springframework.web.context.ContextLoader.initWebApplicationContext Root WebApplicationContext: initialization completed in 1375 ms
27-Oct-2018 08:08:03.408 INFO [localhost-startStop-1] org.springframework.web.servlet.FrameworkServlet.initServletBean FrameworkServlet 'dispatcher': initialization started
27-Oct-2018 08:08:03.449 INFO [localhost-startStop-1] org.springframework.context.support.AbstractApplicationContext.prepareRefresh Refreshing WebApplicationContext for namespace 'dispatcher-servlet': startup date [Sat Oct 27 08:08:03 GMT+07:00 2018]; parent: Root WebApplicationContext
27-Oct-2018 08:08:03.454 INFO [localhost-startStop-1] org.springframework.beans.factory.xml.XmlBeanDefinitionReader.loadBeanDefinitions Loading XML bean definitions from ServletContext resource [/WEB-INF/dispatcher-servlet.xml]
27-Oct-2018 08:08:03.823 INFO [localhost-startStop-1] org.springframework.web.servlet.handler.AbstractUrlHandlerMapping.registerHandler Mapped URL path [/index] onto handler 'indexController'
27-Oct-2018 08:08:04.031 INFO [localhost-startStop-1] org.springframework.web.servlet.FrameworkServlet.initServletBean FrameworkServlet 'dispatcher': initialization completed in 623 ms
27-Oct-2018 08:08:04.036 INFO [localhost-startStop-1] org.apache.catalina.startup.HostConfig.deployDescriptor Deployment of configuration descriptor [D:\Java\apache-tomcat-8.5.34\conf\Catalina\localhost\shop.xml] has finished in [9,075] ms
27-Oct-2018 08:08:04.036 INFO [localhost-startStop-1] org.apache.catalina.startup.HostConfig.deployDescriptor Deploying configuration descriptor [D:\Java\apache-tomcat-8.5.34\conf\Catalina\localhost\WebApplication2.xml]
27-Oct-2018 08:08:04.447 INFO [localhost-startStop-1] org.apache.jasper.servlet.TldScanner.scanJars At least one JAR was scanned for TLDs yet contained no TLDs. Enable debug logging for this logger for a complete list of JARs that were scanned but no TLDs were found in them. Skipping unneeded JARs during scanning can improve startup time and JSP compilation time.
27-Oct-2018 08:08:04.452 INFO [localhost-startStop-1] org.apache.catalina.startup.HostConfig.deployDescriptor Deployment of configuration descriptor [D:\Java\apache-tomcat-8.5.34\conf\Catalina\localhost\WebApplication2.xml] has finished in [416] ms
27-Oct-2018 08:08:04.455 INFO [localhost-startStop-1] org.apache.catalina.startup.HostConfig.deployDirectory Deploying web application directory [D:\Java\apache-tomcat-8.5.34\webapps\docs]
27-Oct-2018 08:08:04.540 INFO [localhost-startStop-1] org.apache.catalina.startup.HostConfig.deployDirectory Deployment of web application directory [D:\Java\apache-tomcat-8.5.34\webapps\docs] has finished in [85] ms
27-Oct-2018 08:08:04.541 INFO [localhost-startStop-1] org.apache.catalina.startup.HostConfig.deployDirectory Deploying web application directory [D:\Java\apache-tomcat-8.5.34\webapps\examples]
27-Oct-2018 08:08:05.209 INFO [localhost-startStop-1] org.apache.catalina.startup.HostConfig.deployDirectory Deployment of web application directory [D:\Java\apache-tomcat-8.5.34\webapps\examples] has finished in [668] ms
27-Oct-2018 08:08:05.210 INFO [localhost-startStop-1] org.apache.catalina.startup.HostConfig.deployDirectory Deploying web application directory [D:\Java\apache-tomcat-8.5.34\webapps\host-manager]
27-Oct-2018 08:08:05.273 INFO [localhost-startStop-1] org.apache.catalina.startup.HostConfig.deployDirectory Deployment of web application directory [D:\Java\apache-tomcat-8.5.34\webapps\host-manager] has finished in [63] ms
27-Oct-2018 08:08:05.273 INFO [localhost-startStop-1] org.apache.catalina.startup.HostConfig.deployDirectory Deploying web application directory [D:\Java\apache-tomcat-8.5.34\webapps\manager]
27-Oct-2018 08:08:05.407 INFO [localhost-startStop-1] org.apache.catalina.startup.HostConfig.deployDirectory Deployment of web application directory [D:\Java\apache-tomcat-8.5.34\webapps\manager] has finished in [134] ms
27-Oct-2018 08:08:05.407 INFO [localhost-startStop-1] org.apache.catalina.startup.HostConfig.deployDirectory Deploying web application directory [D:\Java\apache-tomcat-8.5.34\webapps\ROOT]
27-Oct-2018 08:08:05.445 INFO [localhost-startStop-1] org.apache.catalina.startup.HostConfig.deployDirectory Deployment of web application directory [D:\Java\apache-tomcat-8.5.34\webapps\ROOT] has finished in [37] ms
27-Oct-2018 08:08:05.455 INFO [main] org.apache.coyote.AbstractProtocol.start Starting ProtocolHandler ["http-nio-8080"]
27-Oct-2018 08:08:05.476 INFO [main] org.apache.coyote.AbstractProtocol.start Starting ProtocolHandler ["ajp-nio-8009"]
27-Oct-2018 08:08:05.488 INFO [main] org.apache.catalina.startup.Catalina.start Server startup in 13461 ms
27-Oct-2018 08:08:10.309 INFO [http-nio-8080-exec-5] org.apache.catalina.startup.HostConfig.deployDescriptor Deploying configuration descriptor [D:\Java\apache-tomcat-8.5.34\conf\Catalina\localhost\test.xml]
27-Oct-2018 08:08:10.398 INFO [http-nio-8080-exec-5] org.apache.catalina.startup.HostConfig.deployDescriptor Deployment of configuration descriptor [D:\Java\apache-tomcat-8.5.34\conf\Catalina\localhost\test.xml] has finished in [88] ms
27-Oct-2018 08:08:10.408 INFO [http-nio-8080-exec-1] org.apache.catalina.util.LifecycleBase.start The start() method was called on component [StandardEngine[Catalina].StandardHost[localhost].StandardContext[/test]] after start() had already been called. The second call will be ignored.
27-Oct-2018 08:12:24.723 INFO [http-nio-8080-exec-5] org.apache.catalina.core.StandardContext.reload Reloading Context with name [/test] has started
27-Oct-2018 08:12:24.812 INFO [http-nio-8080-exec-5] org.apache.catalina.core.StandardContext.reload Reloading Context with name [/test] is completed
27-Oct-2018 08:12:25.758 INFO [http-nio-8080-exec-3] org.apache.catalina.core.StandardContext.reload Reloading Context with name [/test] has started
27-Oct-2018 08:12:25.845 INFO [21] org.apache.catalina.core.StandardContext.reload Reloading Context with name [/test] is completed
27-Oct-2018 08:12:49.838 INFO [http-nio-8080-exec-7] org.apache.catalina.core.StandardContext.reload Reloading Context with name [/test] has started
27-Oct-2018 08:12:49.913 INFO [http-nio-8080-exec-7] org.apache.catalina.core.StandardContext.reload Reloading Context with name [/test] is completed
27-Oct-2018 08:13:19.849 INFO [http-nio-8080-exec-8] org.apache.catalina.core.StandardContext.reload Reloading Context with name [/test] has started
27-Oct-2018 08:13:19.917 INFO [http-nio-8080-exec-8] org.apache.catalina.core.StandardContext.reload Reloading Context with name [/test] is completed
27-Oct-2018 08:13:20.987 INFO [http-nio-8080-exec-10] org.apache.catalina.core.StandardContext.reload Reloading Context with name [/test] has started
27-Oct-2018 08:13:21.066 INFO [http-nio-8080-exec-10] org.apache.catalina.core.StandardContext.reload Reloading Context with name [/test] is completed
27-Oct-2018 08:13:21.854 INFO [http-nio-8080-exec-2] org.apache.catalina.core.StandardContext.reload Reloading Context with name [/test] has started
27-Oct-2018 08:13:21.909 INFO [http-nio-8080-exec-2] org.apache.catalina.core.StandardContext.reload Reloading Context with name [/test] is completed
27-Oct-2018 08:13:35.762 INFO [http-nio-8080-exec-9] org.apache.catalina.core.StandardContext.reload Reloading Context with name [/test] has started
27-Oct-2018 08:13:35.864 INFO [http-nio-8080-exec-9] org.apache.catalina.core.StandardContext.reload Reloading Context with name [/test] is completed
27-Oct-2018 08:13:36.432 INFO [http-nio-8080-exec-4] org.apache.catalina.core.StandardContext.reload Reloading Context with name [/test] has started
27-Oct-2018 08:13:36.568 INFO [http-nio-8080-exec-4] org.apache.catalina.core.StandardContext.reload Reloading Context with name [/test] is completed
27-Oct-2018 08:13:43.044 INFO [http-nio-8080-exec-2] org.apache.catalina.core.StandardContext.reload Reloading Context with name [/test] has started
27-Oct-2018 08:13:43.100 INFO [http-nio-8080-exec-2] org.apache.catalina.core.StandardContext.reload Reloading Context with name [/test] is completed
27-Oct-2018 08:14:23.869 INFO [http-nio-8080-exec-13] org.apache.catalina.core.StandardContext.reload Reloading Context with name [/test] has started
27-Oct-2018 08:14:24.024 INFO [http-nio-8080-exec-13] org.apache.catalina.core.StandardContext.reload Reloading Context with name [/test] is completed
27-Oct-2018 08:14:24.669 INFO [http-nio-8080-exec-2] org.apache.catalina.core.StandardContext.reload Reloading Context with name [/test] has started
27-Oct-2018 08:14:24.723 INFO [http-nio-8080-exec-2] org.apache.catalina.core.StandardContext.reload Reloading Context with name [/test] is completed
27-Oct-2018 08:14:38.527 INFO [http-nio-8080-exec-8] org.apache.catalina.core.StandardContext.reload Reloading Context with name [/test] has started
27-Oct-2018 08:14:38.584 INFO [http-nio-8080-exec-8] org.apache.catalina.core.StandardContext.reload Reloading Context with name [/test] is completed
27-Oct-2018 08:19:17.782 INFO [http-nio-8080-exec-29] org.apache.catalina.startup.HostConfig.undeploy Undeploying context [/test]
27-Oct-2018 08:19:59.500 INFO [http-nio-8080-exec-30] org.apache.catalina.startup.HostConfig.deployDescriptor Deploying configuration descriptor [D:\Java\apache-tomcat-8.5.34\conf\Catalina\localhost\test.xml]
27-Oct-2018 08:19:59.660 INFO [http-nio-8080-exec-30] org.apache.catalina.startup.HostConfig.deployDescriptor Deployment of configuration descriptor [D:\Java\apache-tomcat-8.5.34\conf\Catalina\localhost\test.xml] has finished in [161] ms
27-Oct-2018 08:19:59.667 INFO [http-nio-8080-exec-31] org.apache.catalina.util.LifecycleBase.start The start() method was called on component [StandardEngine[Catalina].StandardHost[localhost].StandardContext[/test]] after start() had already been called. The second call will be ignored.
27-Oct-2018 08:21:42.637 INFO [http-nio-8080-exec-32] org.apache.catalina.core.StandardContext.reload Reloading Context with name [/test] has started
27-Oct-2018 08:21:43.331 INFO [73] org.apache.catalina.core.StandardContext.reload Reloading Context with name [/test] is completed
27-Oct-2018 08:22:40.123 INFO [http-nio-8080-exec-31] org.apache.catalina.core.StandardContext.reload Reloading Context with name [/test] has started
27-Oct-2018 08:22:40.393 INFO [http-nio-8080-exec-31] org.apache.catalina.core.StandardContext.reload Reloading Context with name [/test] is completed
27-Oct-2018 08:23:38.203 INFO [http-nio-8080-exec-41] org.apache.catalina.core.StandardContext.reload Reloading Context with name [/test] has started
27-Oct-2018 08:23:38.582 INFO [http-nio-8080-exec-41] org.apache.catalina.core.StandardContext.reload Reloading Context with name [/test] is completed
27-Oct-2018 08:23:39.014 INFO [http-nio-8080-exec-47] org.apache.catalina.core.StandardContext.reload Reloading Context with name [/test] has started
27-Oct-2018 08:23:39.261 INFO [http-nio-8080-exec-47] org.apache.catalina.core.StandardContext.reload Reloading Context with name [/test] is completed
27-Oct-2018 08:23:57.150 INFO [http-nio-8080-exec-41] org.apache.catalina.core.StandardContext.reload Reloading Context with name [/test] has started
27-Oct-2018 08:23:57.411 INFO [http-nio-8080-exec-41] org.apache.catalina.core.StandardContext.reload Reloading Context with name [/test] is completed
27-Oct-2018 08:24:03.675 INFO [http-nio-8080-exec-50] org.apache.catalina.core.StandardContext.reload Reloading Context with name [/test] has started
27-Oct-2018 08:24:04.152 INFO [http-nio-8080-exec-50] org.apache.catalina.core.StandardContext.reload Reloading Context with name [/test] is completed
27-Oct-2018 08:24:17.772 INFO [http-nio-8080-exec-53] org.apache.catalina.core.StandardContext.reload Reloading Context with name [/test] has started
27-Oct-2018 08:24:17.995 INFO [http-nio-8080-exec-53] org.apache.catalina.core.StandardContext.reload Reloading Context with name [/test] is completed
27-Oct-2018 08:24:18.047 INFO [http-nio-8080-exec-54] org.apache.catalina.core.StandardContext.reload Reloading Context with name [/test] has started
27-Oct-2018 08:24:18.270 INFO [http-nio-8080-exec-54] org.apache.catalina.core.StandardContext.reload Reloading Context with name [/test] is completed
27-Oct-2018 08:24:18.865 INFO [http-nio-8080-exec-48] org.apache.catalina.core.StandardContext.reload Reloading Context with name [/test] has started
27-Oct-2018 08:24:19.172 INFO [http-nio-8080-exec-48] org.apache.catalina.core.StandardContext.reload Reloading Context with name [/test] is completed
27-Oct-2018 08:24:26.157 INFO [http-nio-8080-exec-50] org.apache.catalina.core.StandardContext.reload Reloading Context with name [/test] has started
27-Oct-2018 08:24:26.395 INFO [http-nio-8080-exec-50] org.apache.catalina.core.StandardContext.reload Reloading Context with name [/test] is completed
27-Oct-2018 08:24:27.133 INFO [http-nio-8080-exec-34] org.apache.catalina.core.StandardContext.reload Reloading Context with name [/test] has started
27-Oct-2018 08:24:27.412 INFO [http-nio-8080-exec-34] org.apache.catalina.core.StandardContext.reload Reloading Context with name [/test] is completed
27-Oct-2018 08:24:28.602 INFO [http-nio-8080-exec-54] org.apache.catalina.core.StandardContext.reload Reloading Context with name [/test] has started
27-Oct-2018 08:24:28.846 INFO [http-nio-8080-exec-54] org.apache.catalina.core.StandardContext.reload Reloading Context with name [/test] is completed
27-Oct-2018 08:24:33.580 INFO [http-nio-8080-exec-41] org.apache.catalina.core.StandardContext.reload Reloading Context with name [/test] has started
27-Oct-2018 08:24:33.922 INFO [http-nio-8080-exec-41] org.apache.catalina.core.StandardContext.reload Reloading Context with name [/test] is completed
27-Oct-2018 08:25:17.155 INFO [http-nio-8080-exec-31] org.apache.catalina.core.StandardContext.reload Reloading Context with name [/test] has started
27-Oct-2018 08:25:17.373 INFO [http-nio-8080-exec-31] org.apache.catalina.core.StandardContext.reload Reloading Context with name [/test] is completed
27-Oct-2018 08:25:18.298 INFO [http-nio-8080-exec-60] org.apache.catalina.core.StandardContext.reload Reloading Context with name [/test] has started
27-Oct-2018 08:25:18.573 INFO [http-nio-8080-exec-60] org.apache.catalina.core.StandardContext.reload Reloading Context with name [/test] is completed
27-Oct-2018 08:25:40.829 INFO [http-nio-8080-exec-31] org.apache.catalina.core.StandardContext.reload Reloading Context with name [/test] has started
27-Oct-2018 08:25:41.027 INFO [http-nio-8080-exec-31] org.apache.catalina.core.StandardContext.reload Reloading Context with name [/test] is completed
27-Oct-2018 08:26:12.297 INFO [http-nio-8080-exec-53] org.apache.catalina.core.StandardContext.reload Reloading Context with name [/test] has started
27-Oct-2018 08:26:12.662 INFO [http-nio-8080-exec-53] org.apache.catalina.core.StandardContext.reload Reloading Context with name [/test] is completed
27-Oct-2018 08:26:23.094 INFO [http-nio-8080-exec-63] org.apache.catalina.core.StandardContext.reload Reloading Context with name [/test] has started
27-Oct-2018 08:26:23.381 INFO [http-nio-8080-exec-63] org.apache.catalina.core.StandardContext.reload Reloading Context with name [/test] is completed
27-Oct-2018 08:26:28.356 INFO [http-nio-8080-exec-55] org.apache.catalina.core.StandardContext.reload Reloading Context with name [/test] has started
27-Oct-2018 08:26:28.714 INFO [http-nio-8080-exec-55] org.apache.catalina.core.StandardContext.reload Reloading Context with name [/test] is completed
27-Oct-2018 08:26:43.356 INFO [http-nio-8080-exec-64] org.apache.catalina.core.StandardContext.reload Reloading Context with name [/test] has started
27-Oct-2018 08:26:43.629 INFO [http-nio-8080-exec-64] org.apache.catalina.core.StandardContext.reload Reloading Context with name [/test] is completed
27-Oct-2018 08:30:51.521 INFO [http-nio-8080-exec-70] org.apache.catalina.core.StandardContext.reload Reloading Context with name [/test] has started
27-Oct-2018 08:30:51.725 INFO [113] org.apache.catalina.core.StandardContext.reload Reloading Context with name [/test] is completed
27-Oct-2018 08:32:52.547 INFO [http-nio-8080-exec-83] org.apache.catalina.core.StandardContext.reload Reloading Context with name [/test] has started
27-Oct-2018 08:32:52.736 INFO [http-nio-8080-exec-83] org.apache.catalina.core.StandardContext.reload Reloading Context with name [/test] is completed
27-Oct-2018 08:34:17.728 INFO [http-nio-8080-exec-88] org.apache.catalina.core.StandardContext.reload Reloading Context with name [/test] has started
27-Oct-2018 08:34:17.909 INFO [137] org.apache.catalina.core.StandardContext.reload Reloading Context with name [/test] is completed
27-Oct-2018 08:34:59.842 INFO [http-nio-8080-exec-94] org.apache.catalina.core.StandardContext.reload Reloading Context with name [/test] has started
27-Oct-2018 08:35:00.071 INFO [http-nio-8080-exec-94] org.apache.catalina.core.StandardContext.reload Reloading Context with name [/test] is completed
27-Oct-2018 09:31:45.213 INFO [http-nio-8080-exec-99] org.apache.catalina.core.StandardContext.reload Reloading Context with name [/test] has started
27-Oct-2018 09:31:45.506 INFO [http-nio-8080-exec-99] org.apache.catalina.core.StandardContext.reload Reloading Context with name [/test] is completed
27-Oct-2018 09:31:46.127 INFO [http-nio-8080-exec-107] org.apache.catalina.core.StandardContext.reload Reloading Context with name [/test] has started
27-Oct-2018 09:31:46.292 INFO [http-nio-8080-exec-107] org.apache.catalina.core.StandardContext.reload Reloading Context with name [/test] is completed
27-Oct-2018 09:33:27.755 INFO [http-nio-8080-exec-111] org.apache.catalina.core.StandardContext.reload Reloading Context with name [/test] has started
27-Oct-2018 09:33:28.008 INFO [http-nio-8080-exec-111] org.apache.catalina.core.StandardContext.reload Reloading Context with name [/test] is completed
27-Oct-2018 09:34:17.294 INFO [http-nio-8080-exec-107] org.apache.catalina.core.StandardContext.reload Reloading Context with name [/test] has started
27-Oct-2018 09:34:17.526 INFO [http-nio-8080-exec-107] org.apache.catalina.core.StandardContext.reload Reloading Context with name [/test] is completed
27-Oct-2018 09:34:55.787 INFO [http-nio-8080-exec-115] org.apache.catalina.core.StandardContext.reload Reloading Context with name [/test] has started
27-Oct-2018 09:34:56.095 INFO [http-nio-8080-exec-115] org.apache.catalina.core.StandardContext.reload Reloading Context with name [/test] is completed
27-Oct-2018 10:07:56.849 INFO [http-nio-8080-exec-121] org.apache.catalina.core.StandardContext.reload Reloading Context with name [/test] has started
27-Oct-2018 10:07:57.294 INFO [180] org.apache.catalina.core.StandardContext.reload Reloading Context with name [/test] is completed
27-Oct-2018 10:07:59.747 INFO [http-nio-8080-exec-126] org.apache.catalina.core.StandardContext.reload Reloading Context with name [/test] has started
27-Oct-2018 10:08:00.157 INFO [http-nio-8080-exec-126] org.apache.catalina.core.StandardContext.reload Reloading Context with name [/test] is completed
27-Oct-2018 10:10:46.487 INFO [http-nio-8080-exec-132] org.apache.catalina.core.StandardContext.reload Reloading Context with name [/test] has started
27-Oct-2018 10:10:46.930 INFO [http-nio-8080-exec-132] org.apache.catalina.core.StandardContext.reload Reloading Context with name [/test] is completed
27-Oct-2018 10:20:46.494 INFO [http-nio-8080-exec-143] org.apache.catalina.core.StandardContext.reload Reloading Context with name [/test] has started
27-Oct-2018 10:20:46.800 INFO [215] org.apache.catalina.core.StandardContext.reload Reloading Context with name [/test] is completed
27-Oct-2018 10:20:47.608 INFO [http-nio-8080-exec-141] org.apache.catalina.core.StandardContext.reload Reloading Context with name [/test] has started
27-Oct-2018 10:20:47.847 INFO [212] org.apache.catalina.core.StandardContext.reload Reloading Context with name [/test] is completed
27-Oct-2018 10:20:52.454 INFO [http-nio-8080-exec-146] org.apache.catalina.core.StandardContext.reload Reloading Context with name [/test] has started
27-Oct-2018 10:20:52.777 INFO [http-nio-8080-exec-146] org.apache.catalina.core.StandardContext.reload Reloading Context with name [/test] is completed
27-Oct-2018 10:28:46.122 INFO [http-nio-8080-exec-160] org.apache.catalina.core.StandardContext.reload Reloading Context with name [/MuaBanNha] has started
27-Oct-2018 10:28:47.445 INFO [http-nio-8080-exec-160] org.apache.jasper.servlet.TldScanner.scanJars At least one JAR was scanned for TLDs yet contained no TLDs. Enable debug logging for this logger for a complete list of JARs that were scanned but no TLDs were found in them. Skipping unneeded JARs during scanning can improve startup time and JSP compilation time.
27-Oct-2018 10:28:47.475 INFO [http-nio-8080-exec-160] org.apache.catalina.core.StandardContext.reload Reloading Context with name [/MuaBanNha] is completed
27-Oct-2018 18:37:00.463 INFO [ContainerBackgroundProcessor[StandardEngine[Catalina]]] org.apache.catalina.startup.HostConfig.undeploy Undeploying context [/test]
27-Oct-2018 18:37:18.492 INFO [localhost-startStop-2] org.apache.catalina.startup.HostConfig.deployDescriptor Deploying configuration descriptor [D:\Java\apache-tomcat-8.5.34\conf\Catalina\localhost\test.xml]
27-Oct-2018 18:37:24.836 SEVERE [localhost-startStop-2] org.apache.catalina.core.ContainerBase.addChildInternal ContainerBase.addChild: start: 
 org.apache.catalina.LifecycleException: Failed to start component [StandardEngine[Catalina].StandardHost[localhost].StandardContext[/test]]
	at org.apache.catalina.util.LifecycleBase.start(LifecycleBase.java:167)
	at org.apache.catalina.core.ContainerBase.addChildInternal(ContainerBase.java:754)
	at org.apache.catalina.core.ContainerBase.addChild(ContainerBase.java:730)
	at org.apache.catalina.core.StandardHost.addChild(StandardHost.java:734)
	at org.apache.catalina.startup.HostConfig.deployDescriptor(HostConfig.java:629)
	at org.apache.catalina.startup.HostConfig$DeployDescriptor.run(HostConfig.java:1839)
	at java.util.concurrent.Executors$RunnableAdapter.call(Executors.java:511)
	at java.util.concurrent.FutureTask.run(FutureTask.java:266)
	at java.util.concurrent.ThreadPoolExecutor.runWorker(ThreadPoolExecutor.java:1149)
	at java.util.concurrent.ThreadPoolExecutor$Worker.run(ThreadPoolExecutor.java:624)
	at java.lang.Thread.run(Thread.java:748)
Caused by: org.apache.catalina.LifecycleException: Failed to start component [org.apache.catalina.webresources.StandardRoot@71ebd839]
	at org.apache.catalina.util.LifecycleBase.start(LifecycleBase.java:167)
	at org.apache.catalina.core.StandardContext.resourcesStart(StandardContext.java:4907)
	at org.apache.catalina.core.StandardContext.startInternal(StandardContext.java:5042)
	at org.apache.catalina.util.LifecycleBase.start(LifecycleBase.java:150)
	... 10 more
Caused by: java.lang.IllegalArgumentException: The main resource set specified [C:\Users\Administrator\Documents\NetBeansProjects\test\build\web] is not valid
	at org.apache.catalina.webresources.StandardRoot.createMainResourceSet(StandardRoot.java:748)
	at org.apache.catalina.webresources.StandardRoot.startInternal(StandardRoot.java:706)
	at org.apache.catalina.util.LifecycleBase.start(LifecycleBase.java:150)
	... 13 more

27-Oct-2018 18:37:25.225 SEVERE [localhost-startStop-2] org.apache.catalina.startup.HostConfig.deployDescriptor Error deploying configuration descriptor [D:\Java\apache-tomcat-8.5.34\conf\Catalina\localhost\test.xml]
 java.lang.IllegalStateException: ContainerBase.addChild: start: org.apache.catalina.LifecycleException: Failed to start component [StandardEngine[Catalina].StandardHost[localhost].StandardContext[/test]]
	at org.apache.catalina.core.ContainerBase.addChildInternal(ContainerBase.java:758)
	at org.apache.catalina.core.ContainerBase.addChild(ContainerBase.java:730)
	at org.apache.catalina.core.StandardHost.addChild(StandardHost.java:734)
	at org.apache.catalina.startup.HostConfig.deployDescriptor(HostConfig.java:629)
	at org.apache.catalina.startup.HostConfig$DeployDescriptor.run(HostConfig.java:1839)
	at java.util.concurrent.Executors$RunnableAdapter.call(Executors.java:511)
	at java.util.concurrent.FutureTask.run(FutureTask.java:266)
	at java.util.concurrent.ThreadPoolExecutor.runWorker(ThreadPoolExecutor.java:1149)
	at java.util.concurrent.ThreadPoolExecutor$Worker.run(ThreadPoolExecutor.java:624)
	at java.lang.Thread.run(Thread.java:748)

27-Oct-2018 18:37:26.255 INFO [localhost-startStop-2] org.apache.catalina.startup.HostConfig.deployDescriptor Deployment of configuration descriptor [D:\Java\apache-tomcat-8.5.34\conf\Catalina\localhost\test.xml] has finished in [6,914] ms
27-Oct-2018 22:30:17.012 INFO [http-nio-8080-exec-174] org.apache.catalina.startup.HostConfig.deployDescriptor Deploying configuration descriptor [D:\Java\apache-tomcat-8.5.34\conf\Catalina\localhost\WebApplication3.xml]
27-Oct-2018 22:30:21.561 WARNING [http-nio-8080-exec-174] org.apache.catalina.util.SessionIdGeneratorBase.createSecureRandom Creation of SecureRandom instance for session ID generation using [SHA1PRNG] took [130] milliseconds.
27-Oct-2018 22:30:21.855 INFO [http-nio-8080-exec-174] org.apache.catalina.startup.HostConfig.deployDescriptor Deployment of configuration descriptor [D:\Java\apache-tomcat-8.5.34\conf\Catalina\localhost\WebApplication3.xml] has finished in [4,893] ms
27-Oct-2018 22:30:21.900 INFO [http-nio-8080-exec-175] org.apache.catalina.util.LifecycleBase.start The start() method was called on component [StandardEngine[Catalina].StandardHost[localhost].StandardContext[/WebApplication3]] after start() had already been called. The second call will be ignored.
