11-Nov-2018 08:24:46.022 INFO [localhost-startStop-1] org.apache.catalina.core.ApplicationContext.log No Spring WebApplicationInitializer types detected on classpath
11-Nov-2018 08:24:46.131 INFO [localhost-startStop-1] org.apache.catalina.core.ApplicationContext.log Initializing Spring root WebApplicationContext
11-Nov-2018 08:24:47.238 INFO [localhost-startStop-1] org.apache.catalina.core.ApplicationContext.log Initializing Spring FrameworkServlet 'dispatcher'
11-Nov-2018 08:24:53.608 INFO [localhost-startStop-1] org.apache.catalina.core.ApplicationContext.log No Spring WebApplicationInitializer types detected on classpath
11-Nov-2018 08:24:53.686 INFO [localhost-startStop-1] org.apache.catalina.core.ApplicationContext.log Initializing Spring root WebApplicationContext
11-Nov-2018 08:24:54.398 INFO [localhost-startStop-1] org.apache.catalina.core.ApplicationContext.log Initializing Spring FrameworkServlet 'dispatcher'
11-Nov-2018 08:24:57.039 INFO [localhost-startStop-1] org.apache.catalina.core.ApplicationContext.log ContextListener: contextInitialized()
11-Nov-2018 08:24:57.039 INFO [localhost-startStop-1] org.apache.catalina.core.ApplicationContext.log SessionListener: contextInitialized()
11-Nov-2018 08:24:57.041 INFO [localhost-startStop-1] org.apache.catalina.core.ApplicationContext.log ContextListener: attributeAdded('StockTicker', 'async.Stockticker@6d726e9e')
11-Nov-2018 08:27:12.878 INFO [http-nio-8080-exec-9] org.apache.catalina.core.ApplicationContext.log Destroying Spring FrameworkServlet 'dispatcher'
11-Nov-2018 08:27:13.049 INFO [http-nio-8080-exec-9] org.apache.catalina.core.ApplicationContext.log Closing Spring root WebApplicationContext
11-Nov-2018 08:27:15.965 INFO [http-nio-8080-exec-9] org.apache.catalina.core.ApplicationContext.log No Spring WebApplicationInitializer types detected on classpath
11-Nov-2018 08:27:16.026 INFO [http-nio-8080-exec-9] org.apache.catalina.core.ApplicationContext.log Initializing Spring root WebApplicationContext
11-Nov-2018 08:27:16.573 INFO [http-nio-8080-exec-9] org.apache.catalina.core.ApplicationContext.log Initializing Spring FrameworkServlet 'dispatcher'
11-Nov-2018 08:28:11.846 SEVERE [http-nio-8080-exec-17] org.apache.catalina.core.StandardWrapperValve.invoke Servlet.service() for servlet [dispatcher] in context with path [/shop] threw exception [No adapter for handler [controller.ProductController@6984d4b2]: The DispatcherServlet configuration needs to include a HandlerAdapter that supports this handler] with root cause
 javax.servlet.ServletException: No adapter for handler [controller.ProductController@6984d4b2]: The DispatcherServlet configuration needs to include a HandlerAdapter that supports this handler
	at org.springframework.web.servlet.DispatcherServlet.getHandlerAdapter(DispatcherServlet.java:1144)
	at org.springframework.web.servlet.DispatcherServlet.doDispatch(DispatcherServlet.java:923)
	at org.springframework.web.servlet.DispatcherServlet.doService(DispatcherServlet.java:876)
	at org.springframework.web.servlet.FrameworkServlet.processRequest(FrameworkServlet.java:961)
	at org.springframework.web.servlet.FrameworkServlet.doGet(FrameworkServlet.java:852)
	at javax.servlet.http.HttpServlet.service(HttpServlet.java:635)
	at org.springframework.web.servlet.FrameworkServlet.service(FrameworkServlet.java:837)
	at javax.servlet.http.HttpServlet.service(HttpServlet.java:742)
	at org.apache.catalina.core.ApplicationFilterChain.internalDoFilter(ApplicationFilterChain.java:231)
	at org.apache.catalina.core.ApplicationFilterChain.doFilter(ApplicationFilterChain.java:166)
	at org.apache.tomcat.websocket.server.WsFilter.doFilter(WsFilter.java:52)
	at org.apache.catalina.core.ApplicationFilterChain.internalDoFilter(ApplicationFilterChain.java:193)
	at org.apache.catalina.core.ApplicationFilterChain.doFilter(ApplicationFilterChain.java:166)
	at org.apache.catalina.core.StandardWrapperValve.invoke(StandardWrapperValve.java:198)
	at org.apache.catalina.core.StandardContextValve.invoke(StandardContextValve.java:96)
	at org.apache.catalina.authenticator.AuthenticatorBase.invoke(AuthenticatorBase.java:493)
	at org.apache.catalina.core.StandardHostValve.invoke(StandardHostValve.java:140)
	at org.apache.catalina.valves.ErrorReportValve.invoke(ErrorReportValve.java:81)
	at org.apache.catalina.valves.AbstractAccessLogValve.invoke(AbstractAccessLogValve.java:650)
	at org.apache.catalina.core.StandardEngineValve.invoke(StandardEngineValve.java:87)
	at org.apache.catalina.connector.CoyoteAdapter.service(CoyoteAdapter.java:342)
	at org.apache.coyote.http11.Http11Processor.service(Http11Processor.java:800)
	at org.apache.coyote.AbstractProcessorLight.process(AbstractProcessorLight.java:66)
	at org.apache.coyote.AbstractProtocol$ConnectionHandler.process(AbstractProtocol.java:806)
	at org.apache.tomcat.util.net.NioEndpoint$SocketProcessor.doRun(NioEndpoint.java:1498)
	at org.apache.tomcat.util.net.SocketProcessorBase.run(SocketProcessorBase.java:49)
	at java.util.concurrent.ThreadPoolExecutor.runWorker(ThreadPoolExecutor.java:1149)
	at java.util.concurrent.ThreadPoolExecutor$Worker.run(ThreadPoolExecutor.java:624)
	at org.apache.tomcat.util.threads.TaskThread$WrappingRunnable.run(TaskThread.java:61)
	at java.lang.Thread.run(Thread.java:748)

11-Nov-2018 08:28:20.179 SEVERE [http-nio-8080-exec-15] org.apache.catalina.core.StandardWrapperValve.invoke Servlet.service() for servlet [dispatcher] in context with path [/shop] threw exception [No adapter for handler [controller.ProductController@6984d4b2]: The DispatcherServlet configuration needs to include a HandlerAdapter that supports this handler] with root cause
 javax.servlet.ServletException: No adapter for handler [controller.ProductController@6984d4b2]: The DispatcherServlet configuration needs to include a HandlerAdapter that supports this handler
	at org.springframework.web.servlet.DispatcherServlet.getHandlerAdapter(DispatcherServlet.java:1144)
	at org.springframework.web.servlet.DispatcherServlet.doDispatch(DispatcherServlet.java:923)
	at org.springframework.web.servlet.DispatcherServlet.doService(DispatcherServlet.java:876)
	at org.springframework.web.servlet.FrameworkServlet.processRequest(FrameworkServlet.java:961)
	at org.springframework.web.servlet.FrameworkServlet.doGet(FrameworkServlet.java:852)
	at javax.servlet.http.HttpServlet.service(HttpServlet.java:635)
	at org.springframework.web.servlet.FrameworkServlet.service(FrameworkServlet.java:837)
	at javax.servlet.http.HttpServlet.service(HttpServlet.java:742)
	at org.apache.catalina.core.ApplicationFilterChain.internalDoFilter(ApplicationFilterChain.java:231)
	at org.apache.catalina.core.ApplicationFilterChain.doFilter(ApplicationFilterChain.java:166)
	at org.apache.tomcat.websocket.server.WsFilter.doFilter(WsFilter.java:52)
	at org.apache.catalina.core.ApplicationFilterChain.internalDoFilter(ApplicationFilterChain.java:193)
	at org.apache.catalina.core.ApplicationFilterChain.doFilter(ApplicationFilterChain.java:166)
	at org.apache.catalina.core.StandardWrapperValve.invoke(StandardWrapperValve.java:198)
	at org.apache.catalina.core.StandardContextValve.invoke(StandardContextValve.java:96)
	at org.apache.catalina.authenticator.AuthenticatorBase.invoke(AuthenticatorBase.java:493)
	at org.apache.catalina.core.StandardHostValve.invoke(StandardHostValve.java:140)
	at org.apache.catalina.valves.ErrorReportValve.invoke(ErrorReportValve.java:81)
	at org.apache.catalina.valves.AbstractAccessLogValve.invoke(AbstractAccessLogValve.java:650)
	at org.apache.catalina.core.StandardEngineValve.invoke(StandardEngineValve.java:87)
	at org.apache.catalina.connector.CoyoteAdapter.service(CoyoteAdapter.java:342)
	at org.apache.coyote.http11.Http11Processor.service(Http11Processor.java:800)
	at org.apache.coyote.AbstractProcessorLight.process(AbstractProcessorLight.java:66)
	at org.apache.coyote.AbstractProtocol$ConnectionHandler.process(AbstractProtocol.java:806)
	at org.apache.tomcat.util.net.NioEndpoint$SocketProcessor.doRun(NioEndpoint.java:1498)
	at org.apache.tomcat.util.net.SocketProcessorBase.run(SocketProcessorBase.java:49)
	at java.util.concurrent.ThreadPoolExecutor.runWorker(ThreadPoolExecutor.java:1149)
	at java.util.concurrent.ThreadPoolExecutor$Worker.run(ThreadPoolExecutor.java:624)
	at org.apache.tomcat.util.threads.TaskThread$WrappingRunnable.run(TaskThread.java:61)
	at java.lang.Thread.run(Thread.java:748)

11-Nov-2018 08:41:03.045 INFO [http-nio-8080-exec-15] org.apache.catalina.core.ApplicationContext.log Destroying Spring FrameworkServlet 'dispatcher'
11-Nov-2018 08:41:03.109 INFO [http-nio-8080-exec-15] org.apache.catalina.core.ApplicationContext.log Closing Spring root WebApplicationContext
11-Nov-2018 08:41:05.898 INFO [http-nio-8080-exec-15] org.apache.catalina.core.ApplicationContext.log No Spring WebApplicationInitializer types detected on classpath
11-Nov-2018 08:41:05.961 INFO [http-nio-8080-exec-15] org.apache.catalina.core.ApplicationContext.log Initializing Spring root WebApplicationContext
11-Nov-2018 08:41:07.175 INFO [http-nio-8080-exec-15] org.apache.catalina.core.ApplicationContext.log Initializing Spring FrameworkServlet 'dispatcher'
11-Nov-2018 08:46:18.370 INFO [http-nio-8080-exec-21] org.apache.catalina.core.ApplicationContext.log Destroying Spring FrameworkServlet 'dispatcher'
11-Nov-2018 08:46:18.448 INFO [http-nio-8080-exec-21] org.apache.catalina.core.ApplicationContext.log Closing Spring root WebApplicationContext
11-Nov-2018 08:46:22.044 INFO [http-nio-8080-exec-21] org.apache.catalina.core.ApplicationContext.log No Spring WebApplicationInitializer types detected on classpath
11-Nov-2018 08:46:22.101 INFO [http-nio-8080-exec-21] org.apache.catalina.core.ApplicationContext.log Initializing Spring root WebApplicationContext
11-Nov-2018 08:46:22.857 INFO [http-nio-8080-exec-21] org.apache.catalina.core.ApplicationContext.log Initializing Spring FrameworkServlet 'dispatcher'
11-Nov-2018 08:47:19.994 INFO [http-nio-8080-exec-33] org.apache.catalina.core.ApplicationContext.log Destroying Spring FrameworkServlet 'dispatcher'
11-Nov-2018 08:47:20.062 INFO [http-nio-8080-exec-33] org.apache.catalina.core.ApplicationContext.log Closing Spring root WebApplicationContext
11-Nov-2018 08:47:22.439 INFO [http-nio-8080-exec-33] org.apache.catalina.core.ApplicationContext.log No Spring WebApplicationInitializer types detected on classpath
11-Nov-2018 08:47:22.485 INFO [http-nio-8080-exec-33] org.apache.catalina.core.ApplicationContext.log Initializing Spring root WebApplicationContext
11-Nov-2018 08:47:22.917 INFO [http-nio-8080-exec-33] org.apache.catalina.core.ApplicationContext.log Initializing Spring FrameworkServlet 'dispatcher'
11-Nov-2018 08:47:54.118 INFO [http-nio-8080-exec-25] org.apache.catalina.core.ApplicationContext.log Destroying Spring FrameworkServlet 'dispatcher'
11-Nov-2018 08:47:54.257 INFO [http-nio-8080-exec-25] org.apache.catalina.core.ApplicationContext.log Closing Spring root WebApplicationContext
11-Nov-2018 08:47:57.069 INFO [http-nio-8080-exec-25] org.apache.catalina.core.ApplicationContext.log No Spring WebApplicationInitializer types detected on classpath
11-Nov-2018 08:47:57.131 INFO [http-nio-8080-exec-25] org.apache.catalina.core.ApplicationContext.log Initializing Spring root WebApplicationContext
11-Nov-2018 08:47:57.636 INFO [http-nio-8080-exec-25] org.apache.catalina.core.ApplicationContext.log Initializing Spring FrameworkServlet 'dispatcher'
11-Nov-2018 08:48:00.044 INFO [http-nio-8080-exec-31] org.apache.catalina.core.ApplicationContext.log Destroying Spring FrameworkServlet 'dispatcher'
11-Nov-2018 08:48:00.132 INFO [http-nio-8080-exec-31] org.apache.catalina.core.ApplicationContext.log Closing Spring root WebApplicationContext
11-Nov-2018 08:48:03.243 INFO [http-nio-8080-exec-31] org.apache.catalina.core.ApplicationContext.log No Spring WebApplicationInitializer types detected on classpath
11-Nov-2018 08:48:03.310 INFO [http-nio-8080-exec-31] org.apache.catalina.core.ApplicationContext.log Initializing Spring root WebApplicationContext
11-Nov-2018 08:48:04.004 INFO [http-nio-8080-exec-31] org.apache.catalina.core.ApplicationContext.log Initializing Spring FrameworkServlet 'dispatcher'
11-Nov-2018 08:48:05.803 INFO [http-nio-8080-exec-29] org.apache.catalina.core.ApplicationContext.log Destroying Spring FrameworkServlet 'dispatcher'
11-Nov-2018 08:48:05.874 INFO [http-nio-8080-exec-29] org.apache.catalina.core.ApplicationContext.log Closing Spring root WebApplicationContext
11-Nov-2018 08:48:08.377 INFO [http-nio-8080-exec-29] org.apache.catalina.core.ApplicationContext.log No Spring WebApplicationInitializer types detected on classpath
11-Nov-2018 08:48:08.432 INFO [http-nio-8080-exec-29] org.apache.catalina.core.ApplicationContext.log Initializing Spring root WebApplicationContext
11-Nov-2018 08:48:09.204 INFO [http-nio-8080-exec-29] org.apache.catalina.core.ApplicationContext.log Initializing Spring FrameworkServlet 'dispatcher'
11-Nov-2018 08:49:41.960 INFO [http-nio-8080-exec-36] org.apache.catalina.core.ApplicationContext.log Destroying Spring FrameworkServlet 'dispatcher'
11-Nov-2018 08:49:42.016 INFO [http-nio-8080-exec-36] org.apache.catalina.core.ApplicationContext.log Closing Spring root WebApplicationContext
11-Nov-2018 08:49:44.242 INFO [http-nio-8080-exec-36] org.apache.catalina.core.ApplicationContext.log No Spring WebApplicationInitializer types detected on classpath
11-Nov-2018 08:49:44.289 INFO [http-nio-8080-exec-36] org.apache.catalina.core.ApplicationContext.log Initializing Spring root WebApplicationContext
11-Nov-2018 08:49:44.716 INFO [http-nio-8080-exec-36] org.apache.catalina.core.ApplicationContext.log Initializing Spring FrameworkServlet 'dispatcher'
11-Nov-2018 08:54:30.379 INFO [http-nio-8080-exec-44] org.apache.catalina.core.ApplicationContext.log Destroying Spring FrameworkServlet 'dispatcher'
11-Nov-2018 08:54:30.468 INFO [http-nio-8080-exec-44] org.apache.catalina.core.ApplicationContext.log Closing Spring root WebApplicationContext
11-Nov-2018 08:54:33.582 INFO [http-nio-8080-exec-44] org.apache.catalina.core.ApplicationContext.log No Spring WebApplicationInitializer types detected on classpath
11-Nov-2018 08:54:33.650 INFO [http-nio-8080-exec-44] org.apache.catalina.core.ApplicationContext.log Initializing Spring root WebApplicationContext
11-Nov-2018 08:54:34.211 INFO [http-nio-8080-exec-44] org.apache.catalina.core.ApplicationContext.log Initializing Spring FrameworkServlet 'dispatcher'
11-Nov-2018 08:54:44.975 INFO [http-nio-8080-exec-50] org.apache.catalina.core.ApplicationContext.log Destroying Spring FrameworkServlet 'dispatcher'
11-Nov-2018 08:54:45.041 INFO [http-nio-8080-exec-50] org.apache.catalina.core.ApplicationContext.log Closing Spring root WebApplicationContext
11-Nov-2018 08:54:48.116 INFO [http-nio-8080-exec-50] org.apache.catalina.core.ApplicationContext.log No Spring WebApplicationInitializer types detected on classpath
11-Nov-2018 08:54:48.188 INFO [http-nio-8080-exec-50] org.apache.catalina.core.ApplicationContext.log Initializing Spring root WebApplicationContext
11-Nov-2018 08:54:48.731 INFO [http-nio-8080-exec-50] org.apache.catalina.core.ApplicationContext.log Initializing Spring FrameworkServlet 'dispatcher'
11-Nov-2018 19:20:59.075 SEVERE [http-nio-8080-exec-99] org.apache.catalina.core.StandardWrapperValve.invoke Servlet.service() for servlet [jsp] in context with path [/QuanLyNhanSuVaTienLuong] threw exception [Unable to compile class for JSP: 

An error occurred at line: [73] in the jsp file: [/index.jsp]
Syntax error, insert "Finally" to complete TryStatement
70:               <div>
71:                   <h4 style="color:red;"><% out.print("asdasd"); %></h4>
72:               </div>
73:               <%}%>
74:         </div>
75:         <!--//header-->
76:         <!--main-->


An error occurred at line: [223] in the generated java file: [D:\Java\apache-tomcat-8.5.34\work\Catalina\localhost\QuanLyNhanSuVaTienLuong\org\apache\jsp\index_jsp.java]
Syntax error on token "catch", Identifier expected

An error occurred at line: [225] in the generated java file: [D:\Java\apache-tomcat-8.5.34\work\Catalina\localhost\QuanLyNhanSuVaTienLuong\org\apache\jsp\index_jsp.java]
out cannot be resolved to a variable

An error occurred at line: [225] in the generated java file: [D:\Java\apache-tomcat-8.5.34\work\Catalina\localhost\QuanLyNhanSuVaTienLuong\org\apache\jsp\index_jsp.java]
_jspx_out cannot be resolved to a variable

An error occurred at line: [226] in the generated java file: [D:\Java\apache-tomcat-8.5.34\work\Catalina\localhost\QuanLyNhanSuVaTienLuong\org\apache\jsp\index_jsp.java]
out cannot be resolved to a variable

An error occurred at line: [226] in the generated java file: [D:\Java\apache-tomcat-8.5.34\work\Catalina\localhost\QuanLyNhanSuVaTienLuong\org\apache\jsp\index_jsp.java]
out cannot be resolved

An error occurred at line: [228] in the generated java file: [D:\Java\apache-tomcat-8.5.34\work\Catalina\localhost\QuanLyNhanSuVaTienLuong\org\apache\jsp\index_jsp.java]
response cannot be resolved

An error occurred at line: [229] in the generated java file: [D:\Java\apache-tomcat-8.5.34\work\Catalina\localhost\QuanLyNhanSuVaTienLuong\org\apache\jsp\index_jsp.java]
out cannot be resolved

An error occurred at line: [231] in the generated java file: [D:\Java\apache-tomcat-8.5.34\work\Catalina\localhost\QuanLyNhanSuVaTienLuong\org\apache\jsp\index_jsp.java]
out cannot be resolved

An error occurred at line: [234] in the generated java file: [D:\Java\apache-tomcat-8.5.34\work\Catalina\localhost\QuanLyNhanSuVaTienLuong\org\apache\jsp\index_jsp.java]
_jspx_page_context cannot be resolved to a variable

An error occurred at line: [234] in the generated java file: [D:\Java\apache-tomcat-8.5.34\work\Catalina\localhost\QuanLyNhanSuVaTienLuong\org\apache\jsp\index_jsp.java]
_jspx_page_context cannot be resolved

An error occurred at line: [237] in the generated java file: [D:\Java\apache-tomcat-8.5.34\work\Catalina\localhost\QuanLyNhanSuVaTienLuong\org\apache\jsp\index_jsp.java]
Syntax error on token "finally", { expected

An error occurred at line: [238] in the generated java file: [D:\Java\apache-tomcat-8.5.34\work\Catalina\localhost\QuanLyNhanSuVaTienLuong\org\apache\jsp\index_jsp.java]
_jspx_page_context cannot be resolved to a variable

Stacktrace:] with root cause
 org.apache.jasper.JasperException: Unable to compile class for JSP: 

An error occurred at line: [73] in the jsp file: [/index.jsp]
Syntax error, insert "Finally" to complete TryStatement
70:               <div>
71:                   <h4 style="color:red;"><% out.print("asdasd"); %></h4>
72:               </div>
73:               <%}%>
74:         </div>
75:         <!--//header-->
76:         <!--main-->


An error occurred at line: [223] in the generated java file: [D:\Java\apache-tomcat-8.5.34\work\Catalina\localhost\QuanLyNhanSuVaTienLuong\org\apache\jsp\index_jsp.java]
Syntax error on token "catch", Identifier expected

An error occurred at line: [225] in the generated java file: [D:\Java\apache-tomcat-8.5.34\work\Catalina\localhost\QuanLyNhanSuVaTienLuong\org\apache\jsp\index_jsp.java]
out cannot be resolved to a variable

An error occurred at line: [225] in the generated java file: [D:\Java\apache-tomcat-8.5.34\work\Catalina\localhost\QuanLyNhanSuVaTienLuong\org\apache\jsp\index_jsp.java]
_jspx_out cannot be resolved to a variable

An error occurred at line: [226] in the generated java file: [D:\Java\apache-tomcat-8.5.34\work\Catalina\localhost\QuanLyNhanSuVaTienLuong\org\apache\jsp\index_jsp.java]
out cannot be resolved to a variable

An error occurred at line: [226] in the generated java file: [D:\Java\apache-tomcat-8.5.34\work\Catalina\localhost\QuanLyNhanSuVaTienLuong\org\apache\jsp\index_jsp.java]
out cannot be resolved

An error occurred at line: [228] in the generated java file: [D:\Java\apache-tomcat-8.5.34\work\Catalina\localhost\QuanLyNhanSuVaTienLuong\org\apache\jsp\index_jsp.java]
response cannot be resolved

An error occurred at line: [229] in the generated java file: [D:\Java\apache-tomcat-8.5.34\work\Catalina\localhost\QuanLyNhanSuVaTienLuong\org\apache\jsp\index_jsp.java]
out cannot be resolved

An error occurred at line: [231] in the generated java file: [D:\Java\apache-tomcat-8.5.34\work\Catalina\localhost\QuanLyNhanSuVaTienLuong\org\apache\jsp\index_jsp.java]
out cannot be resolved

An error occurred at line: [234] in the generated java file: [D:\Java\apache-tomcat-8.5.34\work\Catalina\localhost\QuanLyNhanSuVaTienLuong\org\apache\jsp\index_jsp.java]
_jspx_page_context cannot be resolved to a variable

An error occurred at line: [234] in the generated java file: [D:\Java\apache-tomcat-8.5.34\work\Catalina\localhost\QuanLyNhanSuVaTienLuong\org\apache\jsp\index_jsp.java]
_jspx_page_context cannot be resolved

An error occurred at line: [237] in the generated java file: [D:\Java\apache-tomcat-8.5.34\work\Catalina\localhost\QuanLyNhanSuVaTienLuong\org\apache\jsp\index_jsp.java]
Syntax error on token "finally", { expected

An error occurred at line: [238] in the generated java file: [D:\Java\apache-tomcat-8.5.34\work\Catalina\localhost\QuanLyNhanSuVaTienLuong\org\apache\jsp\index_jsp.java]
_jspx_page_context cannot be resolved to a variable

Stacktrace:
	at org.apache.jasper.compiler.DefaultErrorHandler.javacError(DefaultErrorHandler.java:102)
	at org.apache.jasper.compiler.ErrorDispatcher.javacError(ErrorDispatcher.java:212)
	at org.apache.jasper.compiler.JDTCompiler.generateClass(JDTCompiler.java:495)
	at org.apache.jasper.compiler.Compiler.compile(Compiler.java:378)
	at org.apache.jasper.compiler.Compiler.compile(Compiler.java:350)
	at org.apache.jasper.compiler.Compiler.compile(Compiler.java:334)
	at org.apache.jasper.JspCompilationContext.compile(JspCompilationContext.java:595)
	at org.apache.jasper.servlet.JspServletWrapper.service(JspServletWrapper.java:382)
	at org.apache.jasper.servlet.JspServlet.serviceJspFile(JspServlet.java:386)
	at org.apache.jasper.servlet.JspServlet.service(JspServlet.java:330)
	at javax.servlet.http.HttpServlet.service(HttpServlet.java:742)
	at org.apache.catalina.core.ApplicationFilterChain.internalDoFilter(ApplicationFilterChain.java:231)
	at org.apache.catalina.core.ApplicationFilterChain.doFilter(ApplicationFilterChain.java:166)
	at org.apache.tomcat.websocket.server.WsFilter.doFilter(WsFilter.java:52)
	at org.apache.catalina.core.ApplicationFilterChain.internalDoFilter(ApplicationFilterChain.java:193)
	at org.apache.catalina.core.ApplicationFilterChain.doFilter(ApplicationFilterChain.java:166)
	at org.apache.catalina.core.StandardWrapperValve.invoke(StandardWrapperValve.java:198)
	at org.apache.catalina.core.StandardContextValve.invoke(StandardContextValve.java:96)
	at org.apache.catalina.authenticator.AuthenticatorBase.invoke(AuthenticatorBase.java:493)
	at org.apache.catalina.core.StandardHostValve.invoke(StandardHostValve.java:140)
	at org.apache.catalina.valves.ErrorReportValve.invoke(ErrorReportValve.java:81)
	at org.apache.catalina.valves.AbstractAccessLogValve.invoke(AbstractAccessLogValve.java:650)
	at org.apache.catalina.core.StandardEngineValve.invoke(StandardEngineValve.java:87)
	at org.apache.catalina.connector.CoyoteAdapter.service(CoyoteAdapter.java:342)
	at org.apache.coyote.http11.Http11Processor.service(Http11Processor.java:800)
	at org.apache.coyote.AbstractProcessorLight.process(AbstractProcessorLight.java:66)
	at org.apache.coyote.AbstractProtocol$ConnectionHandler.process(AbstractProtocol.java:806)
	at org.apache.tomcat.util.net.NioEndpoint$SocketProcessor.doRun(NioEndpoint.java:1498)
	at org.apache.tomcat.util.net.SocketProcessorBase.run(SocketProcessorBase.java:49)
	at java.util.concurrent.ThreadPoolExecutor.runWorker(ThreadPoolExecutor.java:1149)
	at java.util.concurrent.ThreadPoolExecutor$Worker.run(ThreadPoolExecutor.java:624)
	at org.apache.tomcat.util.threads.TaskThread$WrappingRunnable.run(TaskThread.java:61)
	at java.lang.Thread.run(Thread.java:748)

