13-Dec-2018 07:14:08.067 INFO [http-nio-8081-exec-167] org.apache.catalina.core.ApplicationContext.log Destroying Spring FrameworkServlet 'dispatcher'
13-Dec-2018 07:14:08.140 INFO [http-nio-8081-exec-167] org.apache.catalina.core.ApplicationContext.log Closing Spring root WebApplicationContext
13-Dec-2018 07:14:11.583 INFO [http-nio-8081-exec-167] org.apache.catalina.core.ApplicationContext.log No Spring WebApplicationInitializer types detected on classpath
13-Dec-2018 07:14:11.663 INFO [http-nio-8081-exec-167] org.apache.catalina.core.ApplicationContext.log Initializing Spring root WebApplicationContext
13-Dec-2018 07:14:12.323 INFO [http-nio-8081-exec-167] org.apache.catalina.core.ApplicationContext.log Initializing Spring FrameworkServlet 'dispatcher'
13-Dec-2018 07:15:03.889 INFO [http-nio-8081-exec-139] org.apache.catalina.core.ApplicationContext.log Destroying Spring FrameworkServlet 'dispatcher'
13-Dec-2018 07:15:03.938 INFO [http-nio-8081-exec-139] org.apache.catalina.core.ApplicationContext.log Closing Spring root WebApplicationContext
13-Dec-2018 07:15:06.643 INFO [http-nio-8081-exec-139] org.apache.catalina.core.ApplicationContext.log No Spring WebApplicationInitializer types detected on classpath
13-Dec-2018 07:15:06.711 INFO [http-nio-8081-exec-139] org.apache.catalina.core.ApplicationContext.log Initializing Spring root WebApplicationContext
13-Dec-2018 07:15:07.273 INFO [http-nio-8081-exec-139] org.apache.catalina.core.ApplicationContext.log Initializing Spring FrameworkServlet 'dispatcher'
13-Dec-2018 07:16:25.998 INFO [http-nio-8081-exec-172] org.apache.catalina.core.ApplicationContext.log Destroying Spring FrameworkServlet 'dispatcher'
13-Dec-2018 07:16:26.054 INFO [http-nio-8081-exec-172] org.apache.catalina.core.ApplicationContext.log Closing Spring root WebApplicationContext
13-Dec-2018 07:16:28.526 INFO [http-nio-8081-exec-172] org.apache.catalina.core.ApplicationContext.log No Spring WebApplicationInitializer types detected on classpath
13-Dec-2018 07:16:28.577 INFO [http-nio-8081-exec-172] org.apache.catalina.core.ApplicationContext.log Initializing Spring root WebApplicationContext
13-Dec-2018 07:16:29.050 INFO [http-nio-8081-exec-172] org.apache.catalina.core.ApplicationContext.log Initializing Spring FrameworkServlet 'dispatcher'
13-Dec-2018 07:16:45.981 INFO [http-nio-8081-exec-168] org.apache.catalina.core.ApplicationContext.log Destroying Spring FrameworkServlet 'dispatcher'
13-Dec-2018 07:16:46.034 INFO [http-nio-8081-exec-168] org.apache.catalina.core.ApplicationContext.log Closing Spring root WebApplicationContext
13-Dec-2018 07:16:48.748 INFO [http-nio-8081-exec-168] org.apache.catalina.core.ApplicationContext.log No Spring WebApplicationInitializer types detected on classpath
13-Dec-2018 07:16:48.812 INFO [http-nio-8081-exec-168] org.apache.catalina.core.ApplicationContext.log Initializing Spring root WebApplicationContext
13-Dec-2018 07:16:49.329 INFO [http-nio-8081-exec-168] org.apache.catalina.core.ApplicationContext.log Initializing Spring FrameworkServlet 'dispatcher'
13-Dec-2018 07:20:01.602 INFO [http-nio-8081-exec-182] org.apache.catalina.core.ApplicationContext.log Destroying Spring FrameworkServlet 'dispatcher'
13-Dec-2018 07:20:01.668 INFO [http-nio-8081-exec-182] org.apache.catalina.core.ApplicationContext.log Closing Spring root WebApplicationContext
13-Dec-2018 07:20:04.906 INFO [http-nio-8081-exec-182] org.apache.catalina.core.ApplicationContext.log No Spring WebApplicationInitializer types detected on classpath
13-Dec-2018 07:20:04.973 INFO [http-nio-8081-exec-182] org.apache.catalina.core.ApplicationContext.log Initializing Spring root WebApplicationContext
13-Dec-2018 07:20:05.574 INFO [http-nio-8081-exec-182] org.apache.catalina.core.ApplicationContext.log Initializing Spring FrameworkServlet 'dispatcher'
13-Dec-2018 07:20:08.794 INFO [http-nio-8081-exec-183] org.apache.catalina.core.ApplicationContext.log Destroying Spring FrameworkServlet 'dispatcher'
13-Dec-2018 07:20:08.870 INFO [http-nio-8081-exec-183] org.apache.catalina.core.ApplicationContext.log Closing Spring root WebApplicationContext
13-Dec-2018 07:20:12.327 INFO [http-nio-8081-exec-183] org.apache.catalina.core.ApplicationContext.log No Spring WebApplicationInitializer types detected on classpath
13-Dec-2018 07:20:12.393 INFO [http-nio-8081-exec-183] org.apache.catalina.core.ApplicationContext.log Initializing Spring root WebApplicationContext
13-Dec-2018 07:20:12.999 INFO [http-nio-8081-exec-183] org.apache.catalina.core.ApplicationContext.log Initializing Spring FrameworkServlet 'dispatcher'
13-Dec-2018 07:20:15.285 INFO [http-nio-8081-exec-185] org.apache.catalina.core.ApplicationContext.log Destroying Spring FrameworkServlet 'dispatcher'
13-Dec-2018 07:20:15.348 INFO [http-nio-8081-exec-185] org.apache.catalina.core.ApplicationContext.log Closing Spring root WebApplicationContext
13-Dec-2018 07:20:18.584 INFO [http-nio-8081-exec-185] org.apache.catalina.core.ApplicationContext.log No Spring WebApplicationInitializer types detected on classpath
13-Dec-2018 07:20:18.649 INFO [http-nio-8081-exec-185] org.apache.catalina.core.ApplicationContext.log Initializing Spring root WebApplicationContext
13-Dec-2018 07:20:19.204 INFO [http-nio-8081-exec-185] org.apache.catalina.core.ApplicationContext.log Initializing Spring FrameworkServlet 'dispatcher'
13-Dec-2018 07:21:24.604 INFO [http-nio-8081-exec-193] org.apache.catalina.core.ApplicationContext.log Destroying Spring FrameworkServlet 'dispatcher'
13-Dec-2018 07:21:24.667 INFO [http-nio-8081-exec-193] org.apache.catalina.core.ApplicationContext.log Closing Spring root WebApplicationContext
13-Dec-2018 07:21:27.598 INFO [http-nio-8081-exec-193] org.apache.catalina.core.ApplicationContext.log No Spring WebApplicationInitializer types detected on classpath
13-Dec-2018 07:21:27.650 INFO [http-nio-8081-exec-193] org.apache.catalina.core.ApplicationContext.log Initializing Spring root WebApplicationContext
13-Dec-2018 07:21:28.172 INFO [http-nio-8081-exec-193] org.apache.catalina.core.ApplicationContext.log Initializing Spring FrameworkServlet 'dispatcher'
13-Dec-2018 07:21:29.223 SEVERE [http-nio-8081-exec-193] org.apache.catalina.core.ApplicationContext.log StandardWrapper.Throwable
 org.springframework.beans.factory.BeanCreationException: Error creating bean with name 'org.springframework.web.servlet.mvc.support.ControllerClassNameHandlerMapping#0' defined in ServletContext resource [/WEB-INF/dispatcher-servlet.xml]: Initialization of bean failed; nested exception is java.lang.NoClassDefFoundError: HttpSession
	at org.springframework.beans.factory.support.AbstractAutowireCapableBeanFactory.doCreateBean(AbstractAutowireCapableBeanFactory.java:547)
	at org.springframework.beans.factory.support.AbstractAutowireCapableBeanFactory.createBean(AbstractAutowireCapableBeanFactory.java:475)
	at org.springframework.beans.factory.support.AbstractBeanFactory$1.getObject(AbstractBeanFactory.java:304)
	at org.springframework.beans.factory.support.DefaultSingletonBeanRegistry.getSingleton(DefaultSingletonBeanRegistry.java:228)
	at org.springframework.beans.factory.support.AbstractBeanFactory.doGetBean(AbstractBeanFactory.java:300)
	at org.springframework.beans.factory.support.AbstractBeanFactory.getBean(AbstractBeanFactory.java:195)
	at org.springframework.beans.factory.support.DefaultListableBeanFactory.preInstantiateSingletons(DefaultListableBeanFactory.java:700)
	at org.springframework.context.support.AbstractApplicationContext.finishBeanFactoryInitialization(AbstractApplicationContext.java:760)
	at org.springframework.context.support.AbstractApplicationContext.refresh(AbstractApplicationContext.java:482)
	at org.springframework.web.servlet.FrameworkServlet.configureAndRefreshWebApplicationContext(FrameworkServlet.java:658)
	at org.springframework.web.servlet.FrameworkServlet.createWebApplicationContext(FrameworkServlet.java:624)
	at org.springframework.web.servlet.FrameworkServlet.createWebApplicationContext(FrameworkServlet.java:672)
	at org.springframework.web.servlet.FrameworkServlet.initWebApplicationContext(FrameworkServlet.java:543)
	at org.springframework.web.servlet.FrameworkServlet.initServletBean(FrameworkServlet.java:484)
	at org.springframework.web.servlet.HttpServletBean.init(HttpServletBean.java:136)
	at javax.servlet.GenericServlet.init(GenericServlet.java:158)
	at org.apache.catalina.core.StandardWrapper.initServlet(StandardWrapper.java:1144)
	at org.apache.catalina.core.StandardWrapper.loadServlet(StandardWrapper.java:1091)
	at org.apache.catalina.core.StandardWrapper.load(StandardWrapper.java:983)
	at org.apache.catalina.core.StandardContext.loadOnStartup(StandardContext.java:4978)
	at org.apache.catalina.core.StandardContext.startInternal(StandardContext.java:5290)
	at org.apache.catalina.util.LifecycleBase.start(LifecycleBase.java:150)
	at org.apache.catalina.core.StandardContext.reload(StandardContext.java:3839)
	at org.apache.catalina.manager.ManagerServlet.reload(ManagerServlet.java:1088)
	at org.apache.catalina.manager.ManagerServlet.doGet(ManagerServlet.java:360)
	at javax.servlet.http.HttpServlet.service(HttpServlet.java:635)
	at javax.servlet.http.HttpServlet.service(HttpServlet.java:742)
	at org.apache.catalina.core.ApplicationFilterChain.internalDoFilter(ApplicationFilterChain.java:231)
	at org.apache.catalina.core.ApplicationFilterChain.doFilter(ApplicationFilterChain.java:166)
	at org.apache.tomcat.websocket.server.WsFilter.doFilter(WsFilter.java:52)
	at org.apache.catalina.core.ApplicationFilterChain.internalDoFilter(ApplicationFilterChain.java:193)
	at org.apache.catalina.core.ApplicationFilterChain.doFilter(ApplicationFilterChain.java:166)
	at org.apache.catalina.filters.SetCharacterEncodingFilter.doFilter(SetCharacterEncodingFilter.java:109)
	at org.apache.catalina.core.ApplicationFilterChain.internalDoFilter(ApplicationFilterChain.java:193)
	at org.apache.catalina.core.ApplicationFilterChain.doFilter(ApplicationFilterChain.java:166)
	at org.apache.catalina.core.StandardWrapperValve.invoke(StandardWrapperValve.java:198)
	at org.apache.catalina.core.StandardContextValve.invoke(StandardContextValve.java:96)
	at org.apache.catalina.authenticator.AuthenticatorBase.invoke(AuthenticatorBase.java:610)
	at org.apache.catalina.valves.RequestFilterValve.process(RequestFilterValve.java:348)
	at org.apache.catalina.valves.RemoteAddrValve.invoke(RemoteAddrValve.java:52)
	at org.apache.catalina.core.StandardHostValve.invoke(StandardHostValve.java:140)
	at org.apache.catalina.valves.ErrorReportValve.invoke(ErrorReportValve.java:81)
	at org.apache.catalina.valves.AbstractAccessLogValve.invoke(AbstractAccessLogValve.java:650)
	at org.apache.catalina.core.StandardEngineValve.invoke(StandardEngineValve.java:87)
	at org.apache.catalina.connector.CoyoteAdapter.service(CoyoteAdapter.java:342)
	at org.apache.coyote.http11.Http11Processor.service(Http11Processor.java:800)
	at org.apache.coyote.AbstractProcessorLight.process(AbstractProcessorLight.java:66)
	at org.apache.coyote.AbstractProtocol$ConnectionHandler.process(AbstractProtocol.java:806)
	at org.apache.tomcat.util.net.NioEndpoint$SocketProcessor.doRun(NioEndpoint.java:1498)
	at org.apache.tomcat.util.net.SocketProcessorBase.run(SocketProcessorBase.java:49)
	at java.util.concurrent.ThreadPoolExecutor.runWorker(ThreadPoolExecutor.java:1149)
	at java.util.concurrent.ThreadPoolExecutor$Worker.run(ThreadPoolExecutor.java:624)
	at org.apache.tomcat.util.threads.TaskThread$WrappingRunnable.run(TaskThread.java:61)
	at java.lang.Thread.run(Thread.java:748)
Caused by: java.lang.NoClassDefFoundError: HttpSession
	at java.lang.Class.getDeclaredMethods0(Native Method)
	at java.lang.Class.privateGetDeclaredMethods(Class.java:2701)
	at java.lang.Class.getDeclaredMethods(Class.java:1975)
	at org.springframework.orm.jpa.support.PersistenceAnnotationBeanPostProcessor.findPersistenceMetadata(PersistenceAnnotationBeanPostProcessor.java:402)
	at org.springframework.orm.jpa.support.PersistenceAnnotationBeanPostProcessor.postProcessMergedBeanDefinition(PersistenceAnnotationBeanPostProcessor.java:332)
	at org.springframework.beans.factory.support.AbstractAutowireCapableBeanFactory.applyMergedBeanDefinitionPostProcessors(AbstractAutowireCapableBeanFactory.java:908)
	at org.springframework.beans.factory.support.AbstractAutowireCapableBeanFactory.doCreateBean(AbstractAutowireCapableBeanFactory.java:512)
	at org.springframework.beans.factory.support.AbstractAutowireCapableBeanFactory.createBean(AbstractAutowireCapableBeanFactory.java:475)
	at org.springframework.beans.factory.support.AbstractBeanFactory$1.getObject(AbstractBeanFactory.java:304)
	at org.springframework.beans.factory.support.DefaultSingletonBeanRegistry.getSingleton(DefaultSingletonBeanRegistry.java:228)
	at org.springframework.beans.factory.support.AbstractBeanFactory.doGetBean(AbstractBeanFactory.java:300)
	at org.springframework.beans.factory.support.AbstractBeanFactory.getBean(AbstractBeanFactory.java:195)
	at org.springframework.context.support.AbstractApplicationContext.getBean(AbstractApplicationContext.java:973)
	at org.springframework.web.servlet.handler.AbstractUrlHandlerMapping.registerHandler(AbstractUrlHandlerMapping.java:287)
	at org.springframework.web.servlet.handler.AbstractUrlHandlerMapping.registerHandler(AbstractUrlHandlerMapping.java:266)
	at org.springframework.web.servlet.handler.AbstractDetectingUrlHandlerMapping.detectHandlers(AbstractDetectingUrlHandlerMapping.java:82)
	at org.springframework.web.servlet.handler.AbstractDetectingUrlHandlerMapping.initApplicationContext(AbstractDetectingUrlHandlerMapping.java:58)
	at org.springframework.context.support.ApplicationObjectSupport.initApplicationContext(ApplicationObjectSupport.java:120)
	at org.springframework.web.context.support.WebApplicationObjectSupport.initApplicationContext(WebApplicationObjectSupport.java:73)
	at org.springframework.context.support.ApplicationObjectSupport.setApplicationContext(ApplicationObjectSupport.java:74)
	at org.springframework.context.support.ApplicationContextAwareProcessor.invokeAwareInterfaces(ApplicationContextAwareProcessor.java:119)
	at org.springframework.context.support.ApplicationContextAwareProcessor.postProcessBeforeInitialization(ApplicationContextAwareProcessor.java:94)
	at org.springframework.beans.factory.support.AbstractAutowireCapableBeanFactory.applyBeanPostProcessorsBeforeInitialization(AbstractAutowireCapableBeanFactory.java:407)
	at org.springframework.beans.factory.support.AbstractAutowireCapableBeanFactory.initializeBean(AbstractAutowireCapableBeanFactory.java:1545)
	at org.springframework.beans.factory.support.AbstractAutowireCapableBeanFactory.doCreateBean(AbstractAutowireCapableBeanFactory.java:539)
	... 53 more
Caused by: java.lang.ClassNotFoundException: HttpSession
	at org.apache.catalina.loader.WebappClassLoaderBase.loadClass(WebappClassLoaderBase.java:1309)
	at org.apache.catalina.loader.WebappClassLoaderBase.loadClass(WebappClassLoaderBase.java:1137)
	... 78 more

13-Dec-2018 07:21:29.223 SEVERE [http-nio-8081-exec-193] org.apache.catalina.core.StandardContext.loadOnStartup Servlet [dispatcher] in web application [/MyShop] threw load() exception
 java.lang.ClassNotFoundException: HttpSession
	at org.apache.catalina.loader.WebappClassLoaderBase.loadClass(WebappClassLoaderBase.java:1309)
	at org.apache.catalina.loader.WebappClassLoaderBase.loadClass(WebappClassLoaderBase.java:1137)
	at java.lang.Class.getDeclaredMethods0(Native Method)
	at java.lang.Class.privateGetDeclaredMethods(Class.java:2701)
	at java.lang.Class.getDeclaredMethods(Class.java:1975)
	at org.springframework.orm.jpa.support.PersistenceAnnotationBeanPostProcessor.findPersistenceMetadata(PersistenceAnnotationBeanPostProcessor.java:402)
	at org.springframework.orm.jpa.support.PersistenceAnnotationBeanPostProcessor.postProcessMergedBeanDefinition(PersistenceAnnotationBeanPostProcessor.java:332)
	at org.springframework.beans.factory.support.AbstractAutowireCapableBeanFactory.applyMergedBeanDefinitionPostProcessors(AbstractAutowireCapableBeanFactory.java:908)
	at org.springframework.beans.factory.support.AbstractAutowireCapableBeanFactory.doCreateBean(AbstractAutowireCapableBeanFactory.java:512)
	at org.springframework.beans.factory.support.AbstractAutowireCapableBeanFactory.createBean(AbstractAutowireCapableBeanFactory.java:475)
	at org.springframework.beans.factory.support.AbstractBeanFactory$1.getObject(AbstractBeanFactory.java:304)
	at org.springframework.beans.factory.support.DefaultSingletonBeanRegistry.getSingleton(DefaultSingletonBeanRegistry.java:228)
	at org.springframework.beans.factory.support.AbstractBeanFactory.doGetBean(AbstractBeanFactory.java:300)
	at org.springframework.beans.factory.support.AbstractBeanFactory.getBean(AbstractBeanFactory.java:195)
	at org.springframework.context.support.AbstractApplicationContext.getBean(AbstractApplicationContext.java:973)
	at org.springframework.web.servlet.handler.AbstractUrlHandlerMapping.registerHandler(AbstractUrlHandlerMapping.java:287)
	at org.springframework.web.servlet.handler.AbstractUrlHandlerMapping.registerHandler(AbstractUrlHandlerMapping.java:266)
	at org.springframework.web.servlet.handler.AbstractDetectingUrlHandlerMapping.detectHandlers(AbstractDetectingUrlHandlerMapping.java:82)
	at org.springframework.web.servlet.handler.AbstractDetectingUrlHandlerMapping.initApplicationContext(AbstractDetectingUrlHandlerMapping.java:58)
	at org.springframework.context.support.ApplicationObjectSupport.initApplicationContext(ApplicationObjectSupport.java:120)
	at org.springframework.web.context.support.WebApplicationObjectSupport.initApplicationContext(WebApplicationObjectSupport.java:73)
	at org.springframework.context.support.ApplicationObjectSupport.setApplicationContext(ApplicationObjectSupport.java:74)
	at org.springframework.context.support.ApplicationContextAwareProcessor.invokeAwareInterfaces(ApplicationContextAwareProcessor.java:119)
	at org.springframework.context.support.ApplicationContextAwareProcessor.postProcessBeforeInitialization(ApplicationContextAwareProcessor.java:94)
	at org.springframework.beans.factory.support.AbstractAutowireCapableBeanFactory.applyBeanPostProcessorsBeforeInitialization(AbstractAutowireCapableBeanFactory.java:407)
	at org.springframework.beans.factory.support.AbstractAutowireCapableBeanFactory.initializeBean(AbstractAutowireCapableBeanFactory.java:1545)
	at org.springframework.beans.factory.support.AbstractAutowireCapableBeanFactory.doCreateBean(AbstractAutowireCapableBeanFactory.java:539)
	at org.springframework.beans.factory.support.AbstractAutowireCapableBeanFactory.createBean(AbstractAutowireCapableBeanFactory.java:475)
	at org.springframework.beans.factory.support.AbstractBeanFactory$1.getObject(AbstractBeanFactory.java:304)
	at org.springframework.beans.factory.support.DefaultSingletonBeanRegistry.getSingleton(DefaultSingletonBeanRegistry.java:228)
	at org.springframework.beans.factory.support.AbstractBeanFactory.doGetBean(AbstractBeanFactory.java:300)
	at org.springframework.beans.factory.support.AbstractBeanFactory.getBean(AbstractBeanFactory.java:195)
	at org.springframework.beans.factory.support.DefaultListableBeanFactory.preInstantiateSingletons(DefaultListableBeanFactory.java:700)
	at org.springframework.context.support.AbstractApplicationContext.finishBeanFactoryInitialization(AbstractApplicationContext.java:760)
	at org.springframework.context.support.AbstractApplicationContext.refresh(AbstractApplicationContext.java:482)
	at org.springframework.web.servlet.FrameworkServlet.configureAndRefreshWebApplicationContext(FrameworkServlet.java:658)
	at org.springframework.web.servlet.FrameworkServlet.createWebApplicationContext(FrameworkServlet.java:624)
	at org.springframework.web.servlet.FrameworkServlet.createWebApplicationContext(FrameworkServlet.java:672)
	at org.springframework.web.servlet.FrameworkServlet.initWebApplicationContext(FrameworkServlet.java:543)
	at org.springframework.web.servlet.FrameworkServlet.initServletBean(FrameworkServlet.java:484)
	at org.springframework.web.servlet.HttpServletBean.init(HttpServletBean.java:136)
	at javax.servlet.GenericServlet.init(GenericServlet.java:158)
	at org.apache.catalina.core.StandardWrapper.initServlet(StandardWrapper.java:1144)
	at org.apache.catalina.core.StandardWrapper.loadServlet(StandardWrapper.java:1091)
	at org.apache.catalina.core.StandardWrapper.load(StandardWrapper.java:983)
	at org.apache.catalina.core.StandardContext.loadOnStartup(StandardContext.java:4978)
	at org.apache.catalina.core.StandardContext.startInternal(StandardContext.java:5290)
	at org.apache.catalina.util.LifecycleBase.start(LifecycleBase.java:150)
	at org.apache.catalina.core.StandardContext.reload(StandardContext.java:3839)
	at org.apache.catalina.manager.ManagerServlet.reload(ManagerServlet.java:1088)
	at org.apache.catalina.manager.ManagerServlet.doGet(ManagerServlet.java:360)
	at javax.servlet.http.HttpServlet.service(HttpServlet.java:635)
	at javax.servlet.http.HttpServlet.service(HttpServlet.java:742)
	at org.apache.catalina.core.ApplicationFilterChain.internalDoFilter(ApplicationFilterChain.java:231)
	at org.apache.catalina.core.ApplicationFilterChain.doFilter(ApplicationFilterChain.java:166)
	at org.apache.tomcat.websocket.server.WsFilter.doFilter(WsFilter.java:52)
	at org.apache.catalina.core.ApplicationFilterChain.internalDoFilter(ApplicationFilterChain.java:193)
	at org.apache.catalina.core.ApplicationFilterChain.doFilter(ApplicationFilterChain.java:166)
	at org.apache.catalina.filters.SetCharacterEncodingFilter.doFilter(SetCharacterEncodingFilter.java:109)
	at org.apache.catalina.core.ApplicationFilterChain.internalDoFilter(ApplicationFilterChain.java:193)
	at org.apache.catalina.core.ApplicationFilterChain.doFilter(ApplicationFilterChain.java:166)
	at org.apache.catalina.core.StandardWrapperValve.invoke(StandardWrapperValve.java:198)
	at org.apache.catalina.core.StandardContextValve.invoke(StandardContextValve.java:96)
	at org.apache.catalina.authenticator.AuthenticatorBase.invoke(AuthenticatorBase.java:610)
	at org.apache.catalina.valves.RequestFilterValve.process(RequestFilterValve.java:348)
	at org.apache.catalina.valves.RemoteAddrValve.invoke(RemoteAddrValve.java:52)
	at org.apache.catalina.core.StandardHostValve.invoke(StandardHostValve.java:140)
	at org.apache.catalina.valves.ErrorReportValve.invoke(ErrorReportValve.java:81)
	at org.apache.catalina.valves.AbstractAccessLogValve.invoke(AbstractAccessLogValve.java:650)
	at org.apache.catalina.core.StandardEngineValve.invoke(StandardEngineValve.java:87)
	at org.apache.catalina.connector.CoyoteAdapter.service(CoyoteAdapter.java:342)
	at org.apache.coyote.http11.Http11Processor.service(Http11Processor.java:800)
	at org.apache.coyote.AbstractProcessorLight.process(AbstractProcessorLight.java:66)
	at org.apache.coyote.AbstractProtocol$ConnectionHandler.process(AbstractProtocol.java:806)
	at org.apache.tomcat.util.net.NioEndpoint$SocketProcessor.doRun(NioEndpoint.java:1498)
	at org.apache.tomcat.util.net.SocketProcessorBase.run(SocketProcessorBase.java:49)
	at java.util.concurrent.ThreadPoolExecutor.runWorker(ThreadPoolExecutor.java:1149)
	at java.util.concurrent.ThreadPoolExecutor$Worker.run(ThreadPoolExecutor.java:624)
	at org.apache.tomcat.util.threads.TaskThread$WrappingRunnable.run(TaskThread.java:61)
	at java.lang.Thread.run(Thread.java:748)

13-Dec-2018 07:21:29.328 INFO [http-nio-8081-exec-190] org.apache.catalina.core.ApplicationContext.log Closing Spring root WebApplicationContext
13-Dec-2018 07:21:32.558 INFO [http-nio-8081-exec-190] org.apache.catalina.core.ApplicationContext.log No Spring WebApplicationInitializer types detected on classpath
13-Dec-2018 07:21:32.620 INFO [http-nio-8081-exec-190] org.apache.catalina.core.ApplicationContext.log Initializing Spring root WebApplicationContext
13-Dec-2018 07:21:33.180 INFO [http-nio-8081-exec-190] org.apache.catalina.core.ApplicationContext.log Initializing Spring FrameworkServlet 'dispatcher'
13-Dec-2018 07:21:49.162 INFO [http-nio-8081-exec-179] org.apache.catalina.core.ApplicationContext.log Destroying Spring FrameworkServlet 'dispatcher'
13-Dec-2018 07:21:49.222 INFO [http-nio-8081-exec-179] org.apache.catalina.core.ApplicationContext.log Closing Spring root WebApplicationContext
13-Dec-2018 07:21:51.968 INFO [http-nio-8081-exec-179] org.apache.catalina.core.ApplicationContext.log No Spring WebApplicationInitializer types detected on classpath
13-Dec-2018 07:21:52.028 INFO [http-nio-8081-exec-179] org.apache.catalina.core.ApplicationContext.log Initializing Spring root WebApplicationContext
13-Dec-2018 07:21:52.532 INFO [http-nio-8081-exec-179] org.apache.catalina.core.ApplicationContext.log Initializing Spring FrameworkServlet 'dispatcher'
13-Dec-2018 07:21:54.301 INFO [http-nio-8081-exec-188] org.apache.catalina.core.ApplicationContext.log Destroying Spring FrameworkServlet 'dispatcher'
13-Dec-2018 07:21:54.381 INFO [http-nio-8081-exec-188] org.apache.catalina.core.ApplicationContext.log Closing Spring root WebApplicationContext
13-Dec-2018 07:21:57.200 INFO [http-nio-8081-exec-188] org.apache.catalina.core.ApplicationContext.log No Spring WebApplicationInitializer types detected on classpath
13-Dec-2018 07:21:57.261 INFO [http-nio-8081-exec-188] org.apache.catalina.core.ApplicationContext.log Initializing Spring root WebApplicationContext
13-Dec-2018 07:21:57.815 INFO [http-nio-8081-exec-188] org.apache.catalina.core.ApplicationContext.log Initializing Spring FrameworkServlet 'dispatcher'
13-Dec-2018 07:22:08.903 INFO [http-nio-8081-exec-196] org.apache.catalina.core.ApplicationContext.log Destroying Spring FrameworkServlet 'dispatcher'
13-Dec-2018 07:22:08.973 INFO [http-nio-8081-exec-196] org.apache.catalina.core.ApplicationContext.log Closing Spring root WebApplicationContext
13-Dec-2018 07:22:11.650 INFO [http-nio-8081-exec-196] org.apache.catalina.core.ApplicationContext.log No Spring WebApplicationInitializer types detected on classpath
13-Dec-2018 07:22:11.705 INFO [http-nio-8081-exec-196] org.apache.catalina.core.ApplicationContext.log Initializing Spring root WebApplicationContext
13-Dec-2018 07:22:12.185 INFO [http-nio-8081-exec-196] org.apache.catalina.core.ApplicationContext.log Initializing Spring FrameworkServlet 'dispatcher'
13-Dec-2018 07:22:56.076 INFO [http-nio-8081-exec-195] org.apache.catalina.core.ApplicationContext.log Destroying Spring FrameworkServlet 'dispatcher'
13-Dec-2018 07:22:56.163 INFO [http-nio-8081-exec-195] org.apache.catalina.core.ApplicationContext.log Closing Spring root WebApplicationContext
13-Dec-2018 07:22:59.013 INFO [http-nio-8081-exec-195] org.apache.catalina.core.ApplicationContext.log No Spring WebApplicationInitializer types detected on classpath
13-Dec-2018 07:22:59.134 INFO [http-nio-8081-exec-195] org.apache.catalina.core.ApplicationContext.log Initializing Spring root WebApplicationContext
13-Dec-2018 07:22:59.774 INFO [http-nio-8081-exec-195] org.apache.catalina.core.ApplicationContext.log Initializing Spring FrameworkServlet 'dispatcher'
13-Dec-2018 07:23:02.311 INFO [http-nio-8081-exec-201] org.apache.catalina.core.ApplicationContext.log Destroying Spring FrameworkServlet 'dispatcher'
13-Dec-2018 07:23:02.407 INFO [http-nio-8081-exec-201] org.apache.catalina.core.ApplicationContext.log Closing Spring root WebApplicationContext
13-Dec-2018 07:23:05.085 INFO [http-nio-8081-exec-201] org.apache.catalina.core.ApplicationContext.log No Spring WebApplicationInitializer types detected on classpath
13-Dec-2018 07:23:05.134 INFO [http-nio-8081-exec-201] org.apache.catalina.core.ApplicationContext.log Initializing Spring root WebApplicationContext
13-Dec-2018 07:23:05.615 INFO [http-nio-8081-exec-201] org.apache.catalina.core.ApplicationContext.log Initializing Spring FrameworkServlet 'dispatcher'
13-Dec-2018 07:23:20.491 INFO [http-nio-8081-exec-204] org.apache.catalina.core.ApplicationContext.log Destroying Spring FrameworkServlet 'dispatcher'
13-Dec-2018 07:23:20.552 INFO [http-nio-8081-exec-204] org.apache.catalina.core.ApplicationContext.log Closing Spring root WebApplicationContext
13-Dec-2018 07:23:22.895 INFO [http-nio-8081-exec-204] org.apache.catalina.core.ApplicationContext.log No Spring WebApplicationInitializer types detected on classpath
13-Dec-2018 07:23:22.943 INFO [http-nio-8081-exec-204] org.apache.catalina.core.ApplicationContext.log Initializing Spring root WebApplicationContext
13-Dec-2018 07:23:23.509 INFO [http-nio-8081-exec-204] org.apache.catalina.core.ApplicationContext.log Initializing Spring FrameworkServlet 'dispatcher'
13-Dec-2018 07:23:30.450 INFO [http-nio-8081-exec-187] org.apache.catalina.core.ApplicationContext.log Destroying Spring FrameworkServlet 'dispatcher'
13-Dec-2018 07:23:30.506 INFO [http-nio-8081-exec-187] org.apache.catalina.core.ApplicationContext.log Closing Spring root WebApplicationContext
13-Dec-2018 07:23:33.269 INFO [http-nio-8081-exec-187] org.apache.catalina.core.ApplicationContext.log No Spring WebApplicationInitializer types detected on classpath
13-Dec-2018 07:23:33.330 INFO [http-nio-8081-exec-187] org.apache.catalina.core.ApplicationContext.log Initializing Spring root WebApplicationContext
13-Dec-2018 07:23:34.049 INFO [http-nio-8081-exec-187] org.apache.catalina.core.ApplicationContext.log Initializing Spring FrameworkServlet 'dispatcher'
13-Dec-2018 07:25:56.583 INFO [http-nio-8081-exec-203] org.apache.catalina.core.ApplicationContext.log Destroying Spring FrameworkServlet 'dispatcher'
13-Dec-2018 07:25:56.665 INFO [http-nio-8081-exec-203] org.apache.catalina.core.ApplicationContext.log Closing Spring root WebApplicationContext
13-Dec-2018 07:25:59.310 INFO [http-nio-8081-exec-203] org.apache.catalina.core.ApplicationContext.log No Spring WebApplicationInitializer types detected on classpath
13-Dec-2018 07:25:59.381 INFO [http-nio-8081-exec-203] org.apache.catalina.core.ApplicationContext.log Initializing Spring root WebApplicationContext
13-Dec-2018 07:25:59.900 INFO [http-nio-8081-exec-203] org.apache.catalina.core.ApplicationContext.log Initializing Spring FrameworkServlet 'dispatcher'
13-Dec-2018 07:26:30.330 INFO [http-nio-8081-exec-208] org.apache.catalina.core.ApplicationContext.log Destroying Spring FrameworkServlet 'dispatcher'
13-Dec-2018 07:26:30.435 INFO [http-nio-8081-exec-208] org.apache.catalina.core.ApplicationContext.log Closing Spring root WebApplicationContext
13-Dec-2018 07:26:32.951 INFO [http-nio-8081-exec-208] org.apache.catalina.core.ApplicationContext.log No Spring WebApplicationInitializer types detected on classpath
13-Dec-2018 07:26:33.014 INFO [http-nio-8081-exec-208] org.apache.catalina.core.ApplicationContext.log Initializing Spring root WebApplicationContext
13-Dec-2018 07:26:33.546 INFO [http-nio-8081-exec-208] org.apache.catalina.core.ApplicationContext.log Initializing Spring FrameworkServlet 'dispatcher'
13-Dec-2018 07:26:57.624 INFO [http-nio-8081-exec-211] org.apache.catalina.core.ApplicationContext.log Destroying Spring FrameworkServlet 'dispatcher'
13-Dec-2018 07:26:57.698 INFO [http-nio-8081-exec-211] org.apache.catalina.core.ApplicationContext.log Closing Spring root WebApplicationContext
13-Dec-2018 07:27:00.138 INFO [http-nio-8081-exec-211] org.apache.catalina.core.ApplicationContext.log No Spring WebApplicationInitializer types detected on classpath
13-Dec-2018 07:27:00.209 INFO [http-nio-8081-exec-211] org.apache.catalina.core.ApplicationContext.log Initializing Spring root WebApplicationContext
13-Dec-2018 07:27:00.753 INFO [http-nio-8081-exec-211] org.apache.catalina.core.ApplicationContext.log Initializing Spring FrameworkServlet 'dispatcher'
13-Dec-2018 07:27:20.209 INFO [http-nio-8081-exec-212] org.apache.catalina.core.ApplicationContext.log Destroying Spring FrameworkServlet 'dispatcher'
13-Dec-2018 07:27:20.309 INFO [http-nio-8081-exec-212] org.apache.catalina.core.ApplicationContext.log Closing Spring root WebApplicationContext
13-Dec-2018 07:27:22.769 INFO [http-nio-8081-exec-212] org.apache.catalina.core.ApplicationContext.log No Spring WebApplicationInitializer types detected on classpath
13-Dec-2018 07:27:22.816 INFO [http-nio-8081-exec-212] org.apache.catalina.core.ApplicationContext.log Initializing Spring root WebApplicationContext
13-Dec-2018 07:27:23.408 INFO [http-nio-8081-exec-212] org.apache.catalina.core.ApplicationContext.log Initializing Spring FrameworkServlet 'dispatcher'
13-Dec-2018 07:27:29.920 INFO [http-nio-8081-exec-217] org.apache.catalina.core.ApplicationContext.log Destroying Spring FrameworkServlet 'dispatcher'
13-Dec-2018 07:27:29.975 INFO [http-nio-8081-exec-217] org.apache.catalina.core.ApplicationContext.log Closing Spring root WebApplicationContext
13-Dec-2018 07:27:32.483 INFO [http-nio-8081-exec-217] org.apache.catalina.core.ApplicationContext.log No Spring WebApplicationInitializer types detected on classpath
13-Dec-2018 07:27:32.540 INFO [http-nio-8081-exec-217] org.apache.catalina.core.ApplicationContext.log Initializing Spring root WebApplicationContext
13-Dec-2018 07:27:33.057 INFO [http-nio-8081-exec-217] org.apache.catalina.core.ApplicationContext.log Initializing Spring FrameworkServlet 'dispatcher'
13-Dec-2018 07:27:48.238 INFO [http-nio-8081-exec-214] org.apache.catalina.core.ApplicationContext.log Destroying Spring FrameworkServlet 'dispatcher'
13-Dec-2018 07:27:48.315 INFO [http-nio-8081-exec-214] org.apache.catalina.core.ApplicationContext.log Closing Spring root WebApplicationContext
13-Dec-2018 07:27:50.900 INFO [http-nio-8081-exec-214] org.apache.catalina.core.ApplicationContext.log No Spring WebApplicationInitializer types detected on classpath
13-Dec-2018 07:27:50.963 INFO [http-nio-8081-exec-214] org.apache.catalina.core.ApplicationContext.log Initializing Spring root WebApplicationContext
13-Dec-2018 07:27:51.566 INFO [http-nio-8081-exec-214] org.apache.catalina.core.ApplicationContext.log Initializing Spring FrameworkServlet 'dispatcher'
13-Dec-2018 07:28:39.256 INFO [http-nio-8081-exec-221] org.apache.catalina.core.ApplicationContext.log Destroying Spring FrameworkServlet 'dispatcher'
13-Dec-2018 07:28:39.323 INFO [http-nio-8081-exec-221] org.apache.catalina.core.ApplicationContext.log Closing Spring root WebApplicationContext
13-Dec-2018 07:28:42.024 INFO [http-nio-8081-exec-221] org.apache.catalina.core.ApplicationContext.log No Spring WebApplicationInitializer types detected on classpath
13-Dec-2018 07:28:42.087 INFO [http-nio-8081-exec-221] org.apache.catalina.core.ApplicationContext.log Initializing Spring root WebApplicationContext
13-Dec-2018 07:28:42.603 INFO [http-nio-8081-exec-221] org.apache.catalina.core.ApplicationContext.log Initializing Spring FrameworkServlet 'dispatcher'
13-Dec-2018 07:28:50.172 INFO [http-nio-8081-exec-210] org.apache.catalina.core.ApplicationContext.log Destroying Spring FrameworkServlet 'dispatcher'
13-Dec-2018 07:28:50.221 INFO [http-nio-8081-exec-210] org.apache.catalina.core.ApplicationContext.log Closing Spring root WebApplicationContext
13-Dec-2018 07:28:53.063 INFO [http-nio-8081-exec-210] org.apache.catalina.core.ApplicationContext.log No Spring WebApplicationInitializer types detected on classpath
13-Dec-2018 07:28:53.118 INFO [http-nio-8081-exec-210] org.apache.catalina.core.ApplicationContext.log Initializing Spring root WebApplicationContext
13-Dec-2018 07:28:53.697 INFO [http-nio-8081-exec-210] org.apache.catalina.core.ApplicationContext.log Initializing Spring FrameworkServlet 'dispatcher'
13-Dec-2018 07:33:57.944 INFO [http-nio-8081-exec-235] org.apache.catalina.core.ApplicationContext.log Destroying Spring FrameworkServlet 'dispatcher'
13-Dec-2018 07:33:58.097 WARNING [http-nio-8081-exec-235] org.apache.catalina.session.StandardSession.doWriteObject Cannot serialize session attribute [myCartItems] for session [A41AA0671B6FB8D6A6A9BCBFDF1D0E4F]
 java.io.NotSerializableException: com.myshop.model.Cart
	at java.io.ObjectOutputStream.writeObject0(ObjectOutputStream.java:1184)
	at java.io.ObjectOutputStream.writeObject(ObjectOutputStream.java:348)
	at java.util.HashMap.internalWriteEntries(HashMap.java:1790)
	at java.util.HashMap.writeObject(HashMap.java:1363)
	at sun.reflect.NativeMethodAccessorImpl.invoke0(Native Method)
	at sun.reflect.NativeMethodAccessorImpl.invoke(NativeMethodAccessorImpl.java:62)
	at sun.reflect.DelegatingMethodAccessorImpl.invoke(DelegatingMethodAccessorImpl.java:43)
	at java.lang.reflect.Method.invoke(Method.java:498)
	at java.io.ObjectStreamClass.invokeWriteObject(ObjectStreamClass.java:1128)
	at java.io.ObjectOutputStream.writeSerialData(ObjectOutputStream.java:1496)
	at java.io.ObjectOutputStream.writeOrdinaryObject(ObjectOutputStream.java:1432)
	at java.io.ObjectOutputStream.writeObject0(ObjectOutputStream.java:1178)
	at java.io.ObjectOutputStream.writeObject(ObjectOutputStream.java:348)
	at org.apache.catalina.session.StandardSession.doWriteObject(StandardSession.java:1702)
	at org.apache.catalina.session.StandardSession.writeObjectData(StandardSession.java:1094)
	at org.apache.catalina.session.StandardManager.doUnload(StandardManager.java:312)
	at org.apache.catalina.session.StandardManager.unload(StandardManager.java:264)
	at org.apache.catalina.session.StandardManager.stopInternal(StandardManager.java:379)
	at org.apache.catalina.util.LifecycleBase.stop(LifecycleBase.java:226)
	at org.apache.catalina.core.StandardContext.stopInternal(StandardContext.java:5474)
	at org.apache.catalina.util.LifecycleBase.stop(LifecycleBase.java:226)
	at org.apache.catalina.core.StandardContext.reload(StandardContext.java:3832)
	at org.apache.catalina.manager.ManagerServlet.reload(ManagerServlet.java:1088)
	at org.apache.catalina.manager.ManagerServlet.doGet(ManagerServlet.java:360)
	at javax.servlet.http.HttpServlet.service(HttpServlet.java:635)
	at javax.servlet.http.HttpServlet.service(HttpServlet.java:742)
	at org.apache.catalina.core.ApplicationFilterChain.internalDoFilter(ApplicationFilterChain.java:231)
	at org.apache.catalina.core.ApplicationFilterChain.doFilter(ApplicationFilterChain.java:166)
	at org.apache.tomcat.websocket.server.WsFilter.doFilter(WsFilter.java:52)
	at org.apache.catalina.core.ApplicationFilterChain.internalDoFilter(ApplicationFilterChain.java:193)
	at org.apache.catalina.core.ApplicationFilterChain.doFilter(ApplicationFilterChain.java:166)
	at org.apache.catalina.filters.SetCharacterEncodingFilter.doFilter(SetCharacterEncodingFilter.java:109)
	at org.apache.catalina.core.ApplicationFilterChain.internalDoFilter(ApplicationFilterChain.java:193)
	at org.apache.catalina.core.ApplicationFilterChain.doFilter(ApplicationFilterChain.java:166)
	at org.apache.catalina.core.StandardWrapperValve.invoke(StandardWrapperValve.java:198)
	at org.apache.catalina.core.StandardContextValve.invoke(StandardContextValve.java:96)
	at org.apache.catalina.authenticator.AuthenticatorBase.invoke(AuthenticatorBase.java:610)
	at org.apache.catalina.valves.RequestFilterValve.process(RequestFilterValve.java:348)
	at org.apache.catalina.valves.RemoteAddrValve.invoke(RemoteAddrValve.java:52)
	at org.apache.catalina.core.StandardHostValve.invoke(StandardHostValve.java:140)
	at org.apache.catalina.valves.ErrorReportValve.invoke(ErrorReportValve.java:81)
	at org.apache.catalina.valves.AbstractAccessLogValve.invoke(AbstractAccessLogValve.java:650)
	at org.apache.catalina.core.StandardEngineValve.invoke(StandardEngineValve.java:87)
	at org.apache.catalina.connector.CoyoteAdapter.service(CoyoteAdapter.java:342)
	at org.apache.coyote.http11.Http11Processor.service(Http11Processor.java:800)
	at org.apache.coyote.AbstractProcessorLight.process(AbstractProcessorLight.java:66)
	at org.apache.coyote.AbstractProtocol$ConnectionHandler.process(AbstractProtocol.java:806)
	at org.apache.tomcat.util.net.NioEndpoint$SocketProcessor.doRun(NioEndpoint.java:1498)
	at org.apache.tomcat.util.net.SocketProcessorBase.run(SocketProcessorBase.java:49)
	at java.util.concurrent.ThreadPoolExecutor.runWorker(ThreadPoolExecutor.java:1149)
	at java.util.concurrent.ThreadPoolExecutor$Worker.run(ThreadPoolExecutor.java:624)
	at org.apache.tomcat.util.threads.TaskThread$WrappingRunnable.run(TaskThread.java:61)
	at java.lang.Thread.run(Thread.java:748)

13-Dec-2018 07:33:58.099 INFO [http-nio-8081-exec-235] org.apache.catalina.core.ApplicationContext.log Closing Spring root WebApplicationContext
13-Dec-2018 07:34:00.660 INFO [http-nio-8081-exec-235] org.apache.catalina.core.ApplicationContext.log No Spring WebApplicationInitializer types detected on classpath
13-Dec-2018 07:34:00.705 INFO [http-nio-8081-exec-235] org.apache.catalina.core.ApplicationContext.log Initializing Spring root WebApplicationContext
13-Dec-2018 07:34:01.134 WARNING [http-nio-8081-exec-235] org.apache.catalina.session.StandardSession.doReadObject Cannot deserialize session attribute [myCartItems] for session [A41AA0671B6FB8D6A6A9BCBFDF1D0E4F]
13-Dec-2018 07:34:01.193 INFO [http-nio-8081-exec-235] org.apache.catalina.core.ApplicationContext.log Initializing Spring FrameworkServlet 'dispatcher'
13-Dec-2018 07:34:08.721 INFO [http-nio-8081-exec-232] org.apache.catalina.core.ApplicationContext.log Destroying Spring FrameworkServlet 'dispatcher'
13-Dec-2018 07:34:08.836 INFO [http-nio-8081-exec-232] org.apache.catalina.core.ApplicationContext.log Closing Spring root WebApplicationContext
13-Dec-2018 07:34:11.160 INFO [http-nio-8081-exec-232] org.apache.catalina.core.ApplicationContext.log No Spring WebApplicationInitializer types detected on classpath
13-Dec-2018 07:34:11.220 INFO [http-nio-8081-exec-232] org.apache.catalina.core.ApplicationContext.log Initializing Spring root WebApplicationContext
13-Dec-2018 07:34:11.676 INFO [http-nio-8081-exec-232] org.apache.catalina.core.ApplicationContext.log Initializing Spring FrameworkServlet 'dispatcher'
13-Dec-2018 07:34:13.508 INFO [http-nio-8081-exec-236] org.apache.catalina.core.ApplicationContext.log Destroying Spring FrameworkServlet 'dispatcher'
13-Dec-2018 07:34:13.590 INFO [http-nio-8081-exec-236] org.apache.catalina.core.ApplicationContext.log Closing Spring root WebApplicationContext
13-Dec-2018 07:34:15.957 INFO [http-nio-8081-exec-236] org.apache.catalina.core.ApplicationContext.log No Spring WebApplicationInitializer types detected on classpath
13-Dec-2018 07:34:16.002 INFO [http-nio-8081-exec-236] org.apache.catalina.core.ApplicationContext.log Initializing Spring root WebApplicationContext
13-Dec-2018 07:34:16.430 INFO [http-nio-8081-exec-236] org.apache.catalina.core.ApplicationContext.log Initializing Spring FrameworkServlet 'dispatcher'
13-Dec-2018 07:35:49.392 INFO [http-nio-8081-exec-243] org.apache.catalina.core.ApplicationContext.log Destroying Spring FrameworkServlet 'dispatcher'
13-Dec-2018 07:35:49.473 INFO [http-nio-8081-exec-243] org.apache.catalina.core.ApplicationContext.log Closing Spring root WebApplicationContext
13-Dec-2018 07:35:51.955 INFO [http-nio-8081-exec-243] org.apache.catalina.core.ApplicationContext.log No Spring WebApplicationInitializer types detected on classpath
13-Dec-2018 07:35:52.005 INFO [http-nio-8081-exec-243] org.apache.catalina.core.ApplicationContext.log Initializing Spring root WebApplicationContext
13-Dec-2018 07:35:52.458 INFO [http-nio-8081-exec-243] org.apache.catalina.core.ApplicationContext.log Initializing Spring FrameworkServlet 'dispatcher'
13-Dec-2018 07:37:36.039 INFO [http-nio-8081-exec-233] org.apache.catalina.core.ApplicationContext.log Destroying Spring FrameworkServlet 'dispatcher'
13-Dec-2018 07:37:36.095 INFO [http-nio-8081-exec-233] org.apache.catalina.core.ApplicationContext.log Closing Spring root WebApplicationContext
13-Dec-2018 07:37:38.501 INFO [http-nio-8081-exec-233] org.apache.catalina.core.ApplicationContext.log No Spring WebApplicationInitializer types detected on classpath
13-Dec-2018 07:37:38.551 INFO [http-nio-8081-exec-233] org.apache.catalina.core.ApplicationContext.log Initializing Spring root WebApplicationContext
13-Dec-2018 07:37:39.260 INFO [http-nio-8081-exec-233] org.apache.catalina.core.ApplicationContext.log Initializing Spring FrameworkServlet 'dispatcher'
13-Dec-2018 07:37:50.738 INFO [http-nio-8081-exec-247] org.apache.catalina.core.ApplicationContext.log Destroying Spring FrameworkServlet 'dispatcher'
13-Dec-2018 07:37:50.793 INFO [http-nio-8081-exec-247] org.apache.catalina.core.ApplicationContext.log Closing Spring root WebApplicationContext
13-Dec-2018 07:37:53.159 INFO [http-nio-8081-exec-247] org.apache.catalina.core.ApplicationContext.log No Spring WebApplicationInitializer types detected on classpath
13-Dec-2018 07:37:53.223 INFO [http-nio-8081-exec-247] org.apache.catalina.core.ApplicationContext.log Initializing Spring root WebApplicationContext
13-Dec-2018 07:37:53.830 INFO [http-nio-8081-exec-247] org.apache.catalina.core.ApplicationContext.log Initializing Spring FrameworkServlet 'dispatcher'
13-Dec-2018 07:38:43.208 INFO [http-nio-8081-exec-250] org.apache.catalina.core.ApplicationContext.log Destroying Spring FrameworkServlet 'dispatcher'
13-Dec-2018 07:38:43.268 INFO [http-nio-8081-exec-250] org.apache.catalina.core.ApplicationContext.log Closing Spring root WebApplicationContext
13-Dec-2018 07:38:45.567 INFO [http-nio-8081-exec-250] org.apache.catalina.core.ApplicationContext.log No Spring WebApplicationInitializer types detected on classpath
13-Dec-2018 07:38:45.627 INFO [http-nio-8081-exec-250] org.apache.catalina.core.ApplicationContext.log Initializing Spring root WebApplicationContext
13-Dec-2018 07:38:46.115 INFO [http-nio-8081-exec-250] org.apache.catalina.core.ApplicationContext.log Initializing Spring FrameworkServlet 'dispatcher'
13-Dec-2018 07:39:16.957 INFO [http-nio-8081-exec-227] org.apache.catalina.core.ApplicationContext.log Destroying Spring FrameworkServlet 'dispatcher'
13-Dec-2018 07:39:17.024 INFO [http-nio-8081-exec-227] org.apache.catalina.core.ApplicationContext.log Closing Spring root WebApplicationContext
13-Dec-2018 07:39:19.662 INFO [http-nio-8081-exec-227] org.apache.catalina.core.ApplicationContext.log No Spring WebApplicationInitializer types detected on classpath
13-Dec-2018 07:39:19.718 INFO [http-nio-8081-exec-227] org.apache.catalina.core.ApplicationContext.log Initializing Spring root WebApplicationContext
13-Dec-2018 07:39:20.289 INFO [http-nio-8081-exec-227] org.apache.catalina.core.ApplicationContext.log Initializing Spring FrameworkServlet 'dispatcher'
13-Dec-2018 07:39:26.567 INFO [http-nio-8081-exec-248] org.apache.catalina.core.ApplicationContext.log Destroying Spring FrameworkServlet 'dispatcher'
13-Dec-2018 07:39:26.622 INFO [http-nio-8081-exec-248] org.apache.catalina.core.ApplicationContext.log Closing Spring root WebApplicationContext
13-Dec-2018 07:39:28.916 INFO [http-nio-8081-exec-248] org.apache.catalina.core.ApplicationContext.log No Spring WebApplicationInitializer types detected on classpath
13-Dec-2018 07:39:28.973 INFO [http-nio-8081-exec-248] org.apache.catalina.core.ApplicationContext.log Initializing Spring root WebApplicationContext
13-Dec-2018 07:39:29.516 INFO [http-nio-8081-exec-248] org.apache.catalina.core.ApplicationContext.log Initializing Spring FrameworkServlet 'dispatcher'
13-Dec-2018 07:41:03.664 INFO [http-nio-8081-exec-255] org.apache.catalina.core.ApplicationContext.log Destroying Spring FrameworkServlet 'dispatcher'
13-Dec-2018 07:41:03.758 WARNING [http-nio-8081-exec-255] org.apache.catalina.session.StandardSession.doWriteObject Cannot serialize session attribute [myCartItems] for session [750D9968A3F6D2A241723F7DBB26E127]
 java.io.NotSerializableException: com.myshop.model.Cart
	at java.io.ObjectOutputStream.writeObject0(ObjectOutputStream.java:1184)
	at java.io.ObjectOutputStream.writeObject(ObjectOutputStream.java:348)
	at java.util.HashMap.internalWriteEntries(HashMap.java:1790)
	at java.util.HashMap.writeObject(HashMap.java:1363)
	at sun.reflect.NativeMethodAccessorImpl.invoke0(Native Method)
	at sun.reflect.NativeMethodAccessorImpl.invoke(NativeMethodAccessorImpl.java:62)
	at sun.reflect.DelegatingMethodAccessorImpl.invoke(DelegatingMethodAccessorImpl.java:43)
	at java.lang.reflect.Method.invoke(Method.java:498)
	at java.io.ObjectStreamClass.invokeWriteObject(ObjectStreamClass.java:1128)
	at java.io.ObjectOutputStream.writeSerialData(ObjectOutputStream.java:1496)
	at java.io.ObjectOutputStream.writeOrdinaryObject(ObjectOutputStream.java:1432)
	at java.io.ObjectOutputStream.writeObject0(ObjectOutputStream.java:1178)
	at java.io.ObjectOutputStream.writeObject(ObjectOutputStream.java:348)
	at org.apache.catalina.session.StandardSession.doWriteObject(StandardSession.java:1702)
	at org.apache.catalina.session.StandardSession.writeObjectData(StandardSession.java:1094)
	at org.apache.catalina.session.StandardManager.doUnload(StandardManager.java:312)
	at org.apache.catalina.session.StandardManager.unload(StandardManager.java:264)
	at org.apache.catalina.session.StandardManager.stopInternal(StandardManager.java:379)
	at org.apache.catalina.util.LifecycleBase.stop(LifecycleBase.java:226)
	at org.apache.catalina.core.StandardContext.stopInternal(StandardContext.java:5474)
	at org.apache.catalina.util.LifecycleBase.stop(LifecycleBase.java:226)
	at org.apache.catalina.core.StandardContext.reload(StandardContext.java:3832)
	at org.apache.catalina.manager.ManagerServlet.reload(ManagerServlet.java:1088)
	at org.apache.catalina.manager.ManagerServlet.doGet(ManagerServlet.java:360)
	at javax.servlet.http.HttpServlet.service(HttpServlet.java:635)
	at javax.servlet.http.HttpServlet.service(HttpServlet.java:742)
	at org.apache.catalina.core.ApplicationFilterChain.internalDoFilter(ApplicationFilterChain.java:231)
	at org.apache.catalina.core.ApplicationFilterChain.doFilter(ApplicationFilterChain.java:166)
	at org.apache.tomcat.websocket.server.WsFilter.doFilter(WsFilter.java:52)
	at org.apache.catalina.core.ApplicationFilterChain.internalDoFilter(ApplicationFilterChain.java:193)
	at org.apache.catalina.core.ApplicationFilterChain.doFilter(ApplicationFilterChain.java:166)
	at org.apache.catalina.filters.SetCharacterEncodingFilter.doFilter(SetCharacterEncodingFilter.java:109)
	at org.apache.catalina.core.ApplicationFilterChain.internalDoFilter(ApplicationFilterChain.java:193)
	at org.apache.catalina.core.ApplicationFilterChain.doFilter(ApplicationFilterChain.java:166)
	at org.apache.catalina.core.StandardWrapperValve.invoke(StandardWrapperValve.java:198)
	at org.apache.catalina.core.StandardContextValve.invoke(StandardContextValve.java:96)
	at org.apache.catalina.authenticator.AuthenticatorBase.invoke(AuthenticatorBase.java:610)
	at org.apache.catalina.valves.RequestFilterValve.process(RequestFilterValve.java:348)
	at org.apache.catalina.valves.RemoteAddrValve.invoke(RemoteAddrValve.java:52)
	at org.apache.catalina.core.StandardHostValve.invoke(StandardHostValve.java:140)
	at org.apache.catalina.valves.ErrorReportValve.invoke(ErrorReportValve.java:81)
	at org.apache.catalina.valves.AbstractAccessLogValve.invoke(AbstractAccessLogValve.java:650)
	at org.apache.catalina.core.StandardEngineValve.invoke(StandardEngineValve.java:87)
	at org.apache.catalina.connector.CoyoteAdapter.service(CoyoteAdapter.java:342)
	at org.apache.coyote.http11.Http11Processor.service(Http11Processor.java:800)
	at org.apache.coyote.AbstractProcessorLight.process(AbstractProcessorLight.java:66)
	at org.apache.coyote.AbstractProtocol$ConnectionHandler.process(AbstractProtocol.java:806)
	at org.apache.tomcat.util.net.NioEndpoint$SocketProcessor.doRun(NioEndpoint.java:1498)
	at org.apache.tomcat.util.net.SocketProcessorBase.run(SocketProcessorBase.java:49)
	at java.util.concurrent.ThreadPoolExecutor.runWorker(ThreadPoolExecutor.java:1149)
	at java.util.concurrent.ThreadPoolExecutor$Worker.run(ThreadPoolExecutor.java:624)
	at org.apache.tomcat.util.threads.TaskThread$WrappingRunnable.run(TaskThread.java:61)
	at java.lang.Thread.run(Thread.java:748)

13-Dec-2018 07:41:03.759 INFO [http-nio-8081-exec-255] org.apache.catalina.core.ApplicationContext.log Closing Spring root WebApplicationContext
13-Dec-2018 07:41:06.230 INFO [http-nio-8081-exec-255] org.apache.catalina.core.ApplicationContext.log No Spring WebApplicationInitializer types detected on classpath
13-Dec-2018 07:41:06.284 INFO [http-nio-8081-exec-255] org.apache.catalina.core.ApplicationContext.log Initializing Spring root WebApplicationContext
13-Dec-2018 07:41:06.748 WARNING [http-nio-8081-exec-255] org.apache.catalina.session.StandardSession.doReadObject Cannot deserialize session attribute [myCartItems] for session [750D9968A3F6D2A241723F7DBB26E127]
13-Dec-2018 07:41:06.784 INFO [http-nio-8081-exec-255] org.apache.catalina.core.ApplicationContext.log Initializing Spring FrameworkServlet 'dispatcher'
13-Dec-2018 07:43:34.614 INFO [http-nio-8081-exec-273] org.apache.catalina.core.ApplicationContext.log Destroying Spring FrameworkServlet 'dispatcher'
13-Dec-2018 07:43:34.688 WARNING [http-nio-8081-exec-273] org.apache.catalina.session.StandardSession.doWriteObject Cannot serialize session attribute [myCartItems] for session [2BDD6CB44B6188FB9CA396D5B4F73855]
 java.io.NotSerializableException: com.myshop.model.Cart
	at java.io.ObjectOutputStream.writeObject0(ObjectOutputStream.java:1184)
	at java.io.ObjectOutputStream.writeObject(ObjectOutputStream.java:348)
	at java.util.HashMap.internalWriteEntries(HashMap.java:1790)
	at java.util.HashMap.writeObject(HashMap.java:1363)
	at sun.reflect.NativeMethodAccessorImpl.invoke0(Native Method)
	at sun.reflect.NativeMethodAccessorImpl.invoke(NativeMethodAccessorImpl.java:62)
	at sun.reflect.DelegatingMethodAccessorImpl.invoke(DelegatingMethodAccessorImpl.java:43)
	at java.lang.reflect.Method.invoke(Method.java:498)
	at java.io.ObjectStreamClass.invokeWriteObject(ObjectStreamClass.java:1128)
	at java.io.ObjectOutputStream.writeSerialData(ObjectOutputStream.java:1496)
	at java.io.ObjectOutputStream.writeOrdinaryObject(ObjectOutputStream.java:1432)
	at java.io.ObjectOutputStream.writeObject0(ObjectOutputStream.java:1178)
	at java.io.ObjectOutputStream.writeObject(ObjectOutputStream.java:348)
	at org.apache.catalina.session.StandardSession.doWriteObject(StandardSession.java:1702)
	at org.apache.catalina.session.StandardSession.writeObjectData(StandardSession.java:1094)
	at org.apache.catalina.session.StandardManager.doUnload(StandardManager.java:312)
	at org.apache.catalina.session.StandardManager.unload(StandardManager.java:264)
	at org.apache.catalina.session.StandardManager.stopInternal(StandardManager.java:379)
	at org.apache.catalina.util.LifecycleBase.stop(LifecycleBase.java:226)
	at org.apache.catalina.core.StandardContext.stopInternal(StandardContext.java:5474)
	at org.apache.catalina.util.LifecycleBase.stop(LifecycleBase.java:226)
	at org.apache.catalina.core.StandardContext.reload(StandardContext.java:3832)
	at org.apache.catalina.manager.ManagerServlet.reload(ManagerServlet.java:1088)
	at org.apache.catalina.manager.ManagerServlet.doGet(ManagerServlet.java:360)
	at javax.servlet.http.HttpServlet.service(HttpServlet.java:635)
	at javax.servlet.http.HttpServlet.service(HttpServlet.java:742)
	at org.apache.catalina.core.ApplicationFilterChain.internalDoFilter(ApplicationFilterChain.java:231)
	at org.apache.catalina.core.ApplicationFilterChain.doFilter(ApplicationFilterChain.java:166)
	at org.apache.tomcat.websocket.server.WsFilter.doFilter(WsFilter.java:52)
	at org.apache.catalina.core.ApplicationFilterChain.internalDoFilter(ApplicationFilterChain.java:193)
	at org.apache.catalina.core.ApplicationFilterChain.doFilter(ApplicationFilterChain.java:166)
	at org.apache.catalina.filters.SetCharacterEncodingFilter.doFilter(SetCharacterEncodingFilter.java:109)
	at org.apache.catalina.core.ApplicationFilterChain.internalDoFilter(ApplicationFilterChain.java:193)
	at org.apache.catalina.core.ApplicationFilterChain.doFilter(ApplicationFilterChain.java:166)
	at org.apache.catalina.core.StandardWrapperValve.invoke(StandardWrapperValve.java:198)
	at org.apache.catalina.core.StandardContextValve.invoke(StandardContextValve.java:96)
	at org.apache.catalina.authenticator.AuthenticatorBase.invoke(AuthenticatorBase.java:610)
	at org.apache.catalina.valves.RequestFilterValve.process(RequestFilterValve.java:348)
	at org.apache.catalina.valves.RemoteAddrValve.invoke(RemoteAddrValve.java:52)
	at org.apache.catalina.core.StandardHostValve.invoke(StandardHostValve.java:140)
	at org.apache.catalina.valves.ErrorReportValve.invoke(ErrorReportValve.java:81)
	at org.apache.catalina.valves.AbstractAccessLogValve.invoke(AbstractAccessLogValve.java:650)
	at org.apache.catalina.core.StandardEngineValve.invoke(StandardEngineValve.java:87)
	at org.apache.catalina.connector.CoyoteAdapter.service(CoyoteAdapter.java:342)
	at org.apache.coyote.http11.Http11Processor.service(Http11Processor.java:800)
	at org.apache.coyote.AbstractProcessorLight.process(AbstractProcessorLight.java:66)
	at org.apache.coyote.AbstractProtocol$ConnectionHandler.process(AbstractProtocol.java:806)
	at org.apache.tomcat.util.net.NioEndpoint$SocketProcessor.doRun(NioEndpoint.java:1498)
	at org.apache.tomcat.util.net.SocketProcessorBase.run(SocketProcessorBase.java:49)
	at java.util.concurrent.ThreadPoolExecutor.runWorker(ThreadPoolExecutor.java:1149)
	at java.util.concurrent.ThreadPoolExecutor$Worker.run(ThreadPoolExecutor.java:624)
	at org.apache.tomcat.util.threads.TaskThread$WrappingRunnable.run(TaskThread.java:61)
	at java.lang.Thread.run(Thread.java:748)

13-Dec-2018 07:43:34.689 INFO [http-nio-8081-exec-273] org.apache.catalina.core.ApplicationContext.log Closing Spring root WebApplicationContext
13-Dec-2018 07:43:37.258 INFO [http-nio-8081-exec-273] org.apache.catalina.core.ApplicationContext.log No Spring WebApplicationInitializer types detected on classpath
13-Dec-2018 07:43:37.306 INFO [http-nio-8081-exec-273] org.apache.catalina.core.ApplicationContext.log Initializing Spring root WebApplicationContext
13-Dec-2018 07:43:37.728 WARNING [http-nio-8081-exec-273] org.apache.catalina.session.StandardSession.doReadObject Cannot deserialize session attribute [myCartItems] for session [2BDD6CB44B6188FB9CA396D5B4F73855]
13-Dec-2018 07:43:37.764 INFO [http-nio-8081-exec-273] org.apache.catalina.core.ApplicationContext.log Initializing Spring FrameworkServlet 'dispatcher'
13-Dec-2018 07:43:43.887 INFO [http-nio-8081-exec-265] org.apache.catalina.core.ApplicationContext.log Destroying Spring FrameworkServlet 'dispatcher'
13-Dec-2018 07:43:43.971 INFO [http-nio-8081-exec-265] org.apache.catalina.core.ApplicationContext.log Closing Spring root WebApplicationContext
13-Dec-2018 07:43:46.543 INFO [http-nio-8081-exec-265] org.apache.catalina.core.ApplicationContext.log No Spring WebApplicationInitializer types detected on classpath
13-Dec-2018 07:43:46.598 INFO [http-nio-8081-exec-265] org.apache.catalina.core.ApplicationContext.log Initializing Spring root WebApplicationContext
13-Dec-2018 07:43:47.137 INFO [http-nio-8081-exec-265] org.apache.catalina.core.ApplicationContext.log Initializing Spring FrameworkServlet 'dispatcher'
13-Dec-2018 07:44:23.754 INFO [http-nio-8081-exec-270] org.apache.catalina.core.ApplicationContext.log Destroying Spring FrameworkServlet 'dispatcher'
13-Dec-2018 07:44:23.812 INFO [http-nio-8081-exec-270] org.apache.catalina.core.ApplicationContext.log Closing Spring root WebApplicationContext
13-Dec-2018 07:44:26.227 INFO [http-nio-8081-exec-270] org.apache.catalina.core.ApplicationContext.log No Spring WebApplicationInitializer types detected on classpath
13-Dec-2018 07:44:26.274 INFO [http-nio-8081-exec-270] org.apache.catalina.core.ApplicationContext.log Initializing Spring root WebApplicationContext
13-Dec-2018 07:44:26.738 INFO [http-nio-8081-exec-270] org.apache.catalina.core.ApplicationContext.log Initializing Spring FrameworkServlet 'dispatcher'
13-Dec-2018 07:44:31.114 INFO [http-nio-8081-exec-268] org.apache.catalina.core.ApplicationContext.log Destroying Spring FrameworkServlet 'dispatcher'
13-Dec-2018 07:44:31.171 INFO [http-nio-8081-exec-268] org.apache.catalina.core.ApplicationContext.log Closing Spring root WebApplicationContext
13-Dec-2018 07:44:33.651 INFO [http-nio-8081-exec-268] org.apache.catalina.core.ApplicationContext.log No Spring WebApplicationInitializer types detected on classpath
13-Dec-2018 07:44:33.716 INFO [http-nio-8081-exec-268] org.apache.catalina.core.ApplicationContext.log Initializing Spring root WebApplicationContext
13-Dec-2018 07:44:34.190 INFO [http-nio-8081-exec-268] org.apache.catalina.core.ApplicationContext.log Initializing Spring FrameworkServlet 'dispatcher'
13-Dec-2018 07:44:35.881 INFO [http-nio-8081-exec-275] org.apache.catalina.core.ApplicationContext.log Destroying Spring FrameworkServlet 'dispatcher'
13-Dec-2018 07:44:35.953 INFO [http-nio-8081-exec-275] org.apache.catalina.core.ApplicationContext.log Closing Spring root WebApplicationContext
13-Dec-2018 07:44:38.489 INFO [http-nio-8081-exec-275] org.apache.catalina.core.ApplicationContext.log No Spring WebApplicationInitializer types detected on classpath
13-Dec-2018 07:44:38.549 INFO [http-nio-8081-exec-275] org.apache.catalina.core.ApplicationContext.log Initializing Spring root WebApplicationContext
13-Dec-2018 07:44:39.149 INFO [http-nio-8081-exec-275] org.apache.catalina.core.ApplicationContext.log Initializing Spring FrameworkServlet 'dispatcher'
13-Dec-2018 07:44:57.045 INFO [http-nio-8081-exec-274] org.apache.catalina.core.ApplicationContext.log Destroying Spring FrameworkServlet 'dispatcher'
13-Dec-2018 07:44:57.110 INFO [http-nio-8081-exec-274] org.apache.catalina.core.ApplicationContext.log Closing Spring root WebApplicationContext
13-Dec-2018 07:44:59.335 INFO [http-nio-8081-exec-274] org.apache.catalina.core.ApplicationContext.log No Spring WebApplicationInitializer types detected on classpath
13-Dec-2018 07:44:59.380 INFO [http-nio-8081-exec-274] org.apache.catalina.core.ApplicationContext.log Initializing Spring root WebApplicationContext
13-Dec-2018 07:44:59.922 INFO [http-nio-8081-exec-274] org.apache.catalina.core.ApplicationContext.log Initializing Spring FrameworkServlet 'dispatcher'
13-Dec-2018 07:45:30.350 INFO [http-nio-8081-exec-283] org.apache.catalina.core.ApplicationContext.log Destroying Spring FrameworkServlet 'dispatcher'
13-Dec-2018 07:45:30.406 INFO [http-nio-8081-exec-283] org.apache.catalina.core.ApplicationContext.log Closing Spring root WebApplicationContext
13-Dec-2018 07:45:32.917 INFO [http-nio-8081-exec-283] org.apache.catalina.core.ApplicationContext.log No Spring WebApplicationInitializer types detected on classpath
13-Dec-2018 07:45:32.964 INFO [http-nio-8081-exec-283] org.apache.catalina.core.ApplicationContext.log Initializing Spring root WebApplicationContext
13-Dec-2018 07:45:33.399 INFO [http-nio-8081-exec-283] org.apache.catalina.core.ApplicationContext.log Initializing Spring FrameworkServlet 'dispatcher'
13-Dec-2018 07:46:15.562 INFO [http-nio-8081-exec-267] org.apache.catalina.core.ApplicationContext.log Destroying Spring FrameworkServlet 'dispatcher'
13-Dec-2018 07:46:15.625 INFO [http-nio-8081-exec-267] org.apache.catalina.core.ApplicationContext.log Closing Spring root WebApplicationContext
13-Dec-2018 07:46:18.086 INFO [http-nio-8081-exec-267] org.apache.catalina.core.ApplicationContext.log No Spring WebApplicationInitializer types detected on classpath
13-Dec-2018 07:46:18.145 INFO [http-nio-8081-exec-267] org.apache.catalina.core.ApplicationContext.log Initializing Spring root WebApplicationContext
13-Dec-2018 07:46:18.709 INFO [http-nio-8081-exec-267] org.apache.catalina.core.ApplicationContext.log Initializing Spring FrameworkServlet 'dispatcher'
13-Dec-2018 07:46:25.078 INFO [http-nio-8081-exec-279] org.apache.catalina.core.ApplicationContext.log Destroying Spring FrameworkServlet 'dispatcher'
13-Dec-2018 07:46:25.148 INFO [http-nio-8081-exec-279] org.apache.catalina.core.ApplicationContext.log Closing Spring root WebApplicationContext
13-Dec-2018 07:46:27.563 INFO [http-nio-8081-exec-279] org.apache.catalina.core.ApplicationContext.log No Spring WebApplicationInitializer types detected on classpath
13-Dec-2018 07:46:27.619 INFO [http-nio-8081-exec-279] org.apache.catalina.core.ApplicationContext.log Initializing Spring root WebApplicationContext
13-Dec-2018 07:46:28.053 INFO [http-nio-8081-exec-279] org.apache.catalina.core.ApplicationContext.log Initializing Spring FrameworkServlet 'dispatcher'
13-Dec-2018 07:46:41.917 INFO [http-nio-8081-exec-288] org.apache.catalina.core.ApplicationContext.log Destroying Spring FrameworkServlet 'dispatcher'
13-Dec-2018 07:46:41.971 INFO [http-nio-8081-exec-288] org.apache.catalina.core.ApplicationContext.log Closing Spring root WebApplicationContext
13-Dec-2018 07:46:44.179 INFO [http-nio-8081-exec-288] org.apache.catalina.core.ApplicationContext.log No Spring WebApplicationInitializer types detected on classpath
13-Dec-2018 07:46:44.228 INFO [http-nio-8081-exec-288] org.apache.catalina.core.ApplicationContext.log Initializing Spring root WebApplicationContext
13-Dec-2018 07:46:44.702 INFO [http-nio-8081-exec-288] org.apache.catalina.core.ApplicationContext.log Initializing Spring FrameworkServlet 'dispatcher'
13-Dec-2018 07:46:57.842 INFO [http-nio-8081-exec-266] org.apache.catalina.core.ApplicationContext.log Destroying Spring FrameworkServlet 'dispatcher'
13-Dec-2018 07:46:57.941 INFO [http-nio-8081-exec-266] org.apache.catalina.core.ApplicationContext.log Closing Spring root WebApplicationContext
13-Dec-2018 07:47:00.289 INFO [http-nio-8081-exec-266] org.apache.catalina.core.ApplicationContext.log No Spring WebApplicationInitializer types detected on classpath
13-Dec-2018 07:47:00.339 INFO [http-nio-8081-exec-266] org.apache.catalina.core.ApplicationContext.log Initializing Spring root WebApplicationContext
13-Dec-2018 07:47:00.773 INFO [http-nio-8081-exec-266] org.apache.catalina.core.ApplicationContext.log Initializing Spring FrameworkServlet 'dispatcher'
13-Dec-2018 07:47:16.326 INFO [http-nio-8081-exec-291] org.apache.catalina.core.ApplicationContext.log Destroying Spring FrameworkServlet 'dispatcher'
13-Dec-2018 07:47:16.381 INFO [http-nio-8081-exec-291] org.apache.catalina.core.ApplicationContext.log Closing Spring root WebApplicationContext
13-Dec-2018 07:47:19.214 INFO [http-nio-8081-exec-291] org.apache.catalina.core.ApplicationContext.log No Spring WebApplicationInitializer types detected on classpath
13-Dec-2018 07:47:19.284 INFO [http-nio-8081-exec-291] org.apache.catalina.core.ApplicationContext.log Initializing Spring root WebApplicationContext
13-Dec-2018 07:47:19.918 INFO [http-nio-8081-exec-291] org.apache.catalina.core.ApplicationContext.log Initializing Spring FrameworkServlet 'dispatcher'
13-Dec-2018 07:50:21.036 INFO [http-nio-8081-exec-299] org.apache.catalina.core.ApplicationContext.log Destroying Spring FrameworkServlet 'dispatcher'
13-Dec-2018 07:50:21.092 WARNING [http-nio-8081-exec-299] org.apache.catalina.session.StandardSession.doWriteObject Cannot serialize session attribute [myCartItems] for session [1DD441CD73A6913E8179B7D078BE6DF2]
 java.io.NotSerializableException: com.myshop.model.Cart
	at java.io.ObjectOutputStream.writeObject0(ObjectOutputStream.java:1184)
	at java.io.ObjectOutputStream.writeObject(ObjectOutputStream.java:348)
	at java.util.HashMap.internalWriteEntries(HashMap.java:1790)
	at java.util.HashMap.writeObject(HashMap.java:1363)
	at sun.reflect.NativeMethodAccessorImpl.invoke0(Native Method)
	at sun.reflect.NativeMethodAccessorImpl.invoke(NativeMethodAccessorImpl.java:62)
	at sun.reflect.DelegatingMethodAccessorImpl.invoke(DelegatingMethodAccessorImpl.java:43)
	at java.lang.reflect.Method.invoke(Method.java:498)
	at java.io.ObjectStreamClass.invokeWriteObject(ObjectStreamClass.java:1128)
	at java.io.ObjectOutputStream.writeSerialData(ObjectOutputStream.java:1496)
	at java.io.ObjectOutputStream.writeOrdinaryObject(ObjectOutputStream.java:1432)
	at java.io.ObjectOutputStream.writeObject0(ObjectOutputStream.java:1178)
	at java.io.ObjectOutputStream.writeObject(ObjectOutputStream.java:348)
	at org.apache.catalina.session.StandardSession.doWriteObject(StandardSession.java:1702)
	at org.apache.catalina.session.StandardSession.writeObjectData(StandardSession.java:1094)
	at org.apache.catalina.session.StandardManager.doUnload(StandardManager.java:312)
	at org.apache.catalina.session.StandardManager.unload(StandardManager.java:264)
	at org.apache.catalina.session.StandardManager.stopInternal(StandardManager.java:379)
	at org.apache.catalina.util.LifecycleBase.stop(LifecycleBase.java:226)
	at org.apache.catalina.core.StandardContext.stopInternal(StandardContext.java:5474)
	at org.apache.catalina.util.LifecycleBase.stop(LifecycleBase.java:226)
	at org.apache.catalina.core.StandardContext.reload(StandardContext.java:3832)
	at org.apache.catalina.manager.ManagerServlet.reload(ManagerServlet.java:1088)
	at org.apache.catalina.manager.ManagerServlet.doGet(ManagerServlet.java:360)
	at javax.servlet.http.HttpServlet.service(HttpServlet.java:635)
	at javax.servlet.http.HttpServlet.service(HttpServlet.java:742)
	at org.apache.catalina.core.ApplicationFilterChain.internalDoFilter(ApplicationFilterChain.java:231)
	at org.apache.catalina.core.ApplicationFilterChain.doFilter(ApplicationFilterChain.java:166)
	at org.apache.tomcat.websocket.server.WsFilter.doFilter(WsFilter.java:52)
	at org.apache.catalina.core.ApplicationFilterChain.internalDoFilter(ApplicationFilterChain.java:193)
	at org.apache.catalina.core.ApplicationFilterChain.doFilter(ApplicationFilterChain.java:166)
	at org.apache.catalina.filters.SetCharacterEncodingFilter.doFilter(SetCharacterEncodingFilter.java:109)
	at org.apache.catalina.core.ApplicationFilterChain.internalDoFilter(ApplicationFilterChain.java:193)
	at org.apache.catalina.core.ApplicationFilterChain.doFilter(ApplicationFilterChain.java:166)
	at org.apache.catalina.core.StandardWrapperValve.invoke(StandardWrapperValve.java:198)
	at org.apache.catalina.core.StandardContextValve.invoke(StandardContextValve.java:96)
	at org.apache.catalina.authenticator.AuthenticatorBase.invoke(AuthenticatorBase.java:610)
	at org.apache.catalina.valves.RequestFilterValve.process(RequestFilterValve.java:348)
	at org.apache.catalina.valves.RemoteAddrValve.invoke(RemoteAddrValve.java:52)
	at org.apache.catalina.core.StandardHostValve.invoke(StandardHostValve.java:140)
	at org.apache.catalina.valves.ErrorReportValve.invoke(ErrorReportValve.java:81)
	at org.apache.catalina.valves.AbstractAccessLogValve.invoke(AbstractAccessLogValve.java:650)
	at org.apache.catalina.core.StandardEngineValve.invoke(StandardEngineValve.java:87)
	at org.apache.catalina.connector.CoyoteAdapter.service(CoyoteAdapter.java:342)
	at org.apache.coyote.http11.Http11Processor.service(Http11Processor.java:800)
	at org.apache.coyote.AbstractProcessorLight.process(AbstractProcessorLight.java:66)
	at org.apache.coyote.AbstractProtocol$ConnectionHandler.process(AbstractProtocol.java:806)
	at org.apache.tomcat.util.net.NioEndpoint$SocketProcessor.doRun(NioEndpoint.java:1498)
	at org.apache.tomcat.util.net.SocketProcessorBase.run(SocketProcessorBase.java:49)
	at java.util.concurrent.ThreadPoolExecutor.runWorker(ThreadPoolExecutor.java:1149)
	at java.util.concurrent.ThreadPoolExecutor$Worker.run(ThreadPoolExecutor.java:624)
	at org.apache.tomcat.util.threads.TaskThread$WrappingRunnable.run(TaskThread.java:61)
	at java.lang.Thread.run(Thread.java:748)

13-Dec-2018 07:50:21.107 INFO [http-nio-8081-exec-299] org.apache.catalina.core.ApplicationContext.log Closing Spring root WebApplicationContext
13-Dec-2018 07:50:23.958 INFO [http-nio-8081-exec-299] org.apache.catalina.core.ApplicationContext.log No Spring WebApplicationInitializer types detected on classpath
13-Dec-2018 07:50:24.020 INFO [http-nio-8081-exec-299] org.apache.catalina.core.ApplicationContext.log Initializing Spring root WebApplicationContext
13-Dec-2018 07:50:24.483 WARNING [http-nio-8081-exec-299] org.apache.catalina.session.StandardSession.doReadObject Cannot deserialize session attribute [myCartItems] for session [1DD441CD73A6913E8179B7D078BE6DF2]
13-Dec-2018 07:50:24.548 INFO [http-nio-8081-exec-299] org.apache.catalina.core.ApplicationContext.log Initializing Spring FrameworkServlet 'dispatcher'
13-Dec-2018 07:50:34.576 INFO [http-nio-8081-exec-305] org.apache.catalina.core.ApplicationContext.log Destroying Spring FrameworkServlet 'dispatcher'
13-Dec-2018 07:50:34.620 INFO [http-nio-8081-exec-305] org.apache.catalina.core.ApplicationContext.log Closing Spring root WebApplicationContext
13-Dec-2018 07:50:36.973 INFO [http-nio-8081-exec-305] org.apache.catalina.core.ApplicationContext.log No Spring WebApplicationInitializer types detected on classpath
13-Dec-2018 07:50:37.044 INFO [http-nio-8081-exec-305] org.apache.catalina.core.ApplicationContext.log Initializing Spring root WebApplicationContext
13-Dec-2018 07:50:37.601 INFO [http-nio-8081-exec-305] org.apache.catalina.core.ApplicationContext.log Initializing Spring FrameworkServlet 'dispatcher'
13-Dec-2018 07:50:39.408 INFO [http-nio-8081-exec-297] org.apache.catalina.core.ApplicationContext.log Destroying Spring FrameworkServlet 'dispatcher'
13-Dec-2018 07:50:39.470 INFO [http-nio-8081-exec-297] org.apache.catalina.core.ApplicationContext.log Closing Spring root WebApplicationContext
13-Dec-2018 07:50:41.754 INFO [http-nio-8081-exec-297] org.apache.catalina.core.ApplicationContext.log No Spring WebApplicationInitializer types detected on classpath
13-Dec-2018 07:50:41.789 INFO [http-nio-8081-exec-297] org.apache.catalina.core.ApplicationContext.log Initializing Spring root WebApplicationContext
13-Dec-2018 07:50:42.263 INFO [http-nio-8081-exec-297] org.apache.catalina.core.ApplicationContext.log Initializing Spring FrameworkServlet 'dispatcher'
13-Dec-2018 07:50:44.189 INFO [http-nio-8081-exec-304] org.apache.catalina.core.ApplicationContext.log Destroying Spring FrameworkServlet 'dispatcher'
13-Dec-2018 07:50:44.252 INFO [http-nio-8081-exec-304] org.apache.catalina.core.ApplicationContext.log Closing Spring root WebApplicationContext
13-Dec-2018 07:50:46.703 INFO [http-nio-8081-exec-304] org.apache.catalina.core.ApplicationContext.log No Spring WebApplicationInitializer types detected on classpath
13-Dec-2018 07:50:46.766 INFO [http-nio-8081-exec-304] org.apache.catalina.core.ApplicationContext.log Initializing Spring root WebApplicationContext
13-Dec-2018 07:50:47.321 INFO [http-nio-8081-exec-304] org.apache.catalina.core.ApplicationContext.log Initializing Spring FrameworkServlet 'dispatcher'
13-Dec-2018 07:50:56.781 INFO [http-nio-8081-exec-309] org.apache.catalina.core.ApplicationContext.log Destroying Spring FrameworkServlet 'dispatcher'
13-Dec-2018 07:50:56.874 INFO [http-nio-8081-exec-309] org.apache.catalina.core.ApplicationContext.log Closing Spring root WebApplicationContext
13-Dec-2018 07:50:59.278 INFO [http-nio-8081-exec-309] org.apache.catalina.core.ApplicationContext.log No Spring WebApplicationInitializer types detected on classpath
13-Dec-2018 07:50:59.342 INFO [http-nio-8081-exec-309] org.apache.catalina.core.ApplicationContext.log Initializing Spring root WebApplicationContext
13-Dec-2018 07:50:59.828 INFO [http-nio-8081-exec-309] org.apache.catalina.core.ApplicationContext.log Initializing Spring FrameworkServlet 'dispatcher'
13-Dec-2018 07:52:26.936 INFO [http-nio-8081-exec-307] org.apache.catalina.core.ApplicationContext.log Destroying Spring FrameworkServlet 'dispatcher'
13-Dec-2018 07:52:27.032 INFO [http-nio-8081-exec-307] org.apache.catalina.core.ApplicationContext.log Closing Spring root WebApplicationContext
13-Dec-2018 07:52:29.752 INFO [http-nio-8081-exec-307] org.apache.catalina.core.ApplicationContext.log No Spring WebApplicationInitializer types detected on classpath
13-Dec-2018 07:52:29.787 INFO [http-nio-8081-exec-307] org.apache.catalina.core.ApplicationContext.log Initializing Spring root WebApplicationContext
13-Dec-2018 07:52:30.370 INFO [http-nio-8081-exec-307] org.apache.catalina.core.ApplicationContext.log Initializing Spring FrameworkServlet 'dispatcher'
13-Dec-2018 07:52:32.045 INFO [http-nio-8081-exec-306] org.apache.catalina.core.ApplicationContext.log Destroying Spring FrameworkServlet 'dispatcher'
13-Dec-2018 07:52:32.091 INFO [http-nio-8081-exec-306] org.apache.catalina.core.ApplicationContext.log Closing Spring root WebApplicationContext
13-Dec-2018 07:52:34.342 INFO [http-nio-8081-exec-306] org.apache.catalina.core.ApplicationContext.log No Spring WebApplicationInitializer types detected on classpath
13-Dec-2018 07:52:34.389 INFO [http-nio-8081-exec-306] org.apache.catalina.core.ApplicationContext.log Initializing Spring root WebApplicationContext
13-Dec-2018 07:52:34.859 INFO [http-nio-8081-exec-306] org.apache.catalina.core.ApplicationContext.log Initializing Spring FrameworkServlet 'dispatcher'
13-Dec-2018 07:53:14.992 INFO [http-nio-8081-exec-316] org.apache.catalina.core.ApplicationContext.log Destroying Spring FrameworkServlet 'dispatcher'
13-Dec-2018 07:53:15.049 INFO [http-nio-8081-exec-316] org.apache.catalina.core.ApplicationContext.log Closing Spring root WebApplicationContext
13-Dec-2018 07:53:17.310 INFO [http-nio-8081-exec-316] org.apache.catalina.core.ApplicationContext.log No Spring WebApplicationInitializer types detected on classpath
13-Dec-2018 07:53:17.341 INFO [http-nio-8081-exec-316] org.apache.catalina.core.ApplicationContext.log Initializing Spring root WebApplicationContext
13-Dec-2018 07:53:17.806 INFO [http-nio-8081-exec-316] org.apache.catalina.core.ApplicationContext.log Initializing Spring FrameworkServlet 'dispatcher'
13-Dec-2018 07:53:20.542 INFO [http-nio-8081-exec-312] org.apache.catalina.core.ApplicationContext.log Destroying Spring FrameworkServlet 'dispatcher'
13-Dec-2018 07:53:20.606 INFO [http-nio-8081-exec-312] org.apache.catalina.core.ApplicationContext.log Closing Spring root WebApplicationContext
13-Dec-2018 07:53:22.950 INFO [http-nio-8081-exec-312] org.apache.catalina.core.ApplicationContext.log No Spring WebApplicationInitializer types detected on classpath
13-Dec-2018 07:53:22.996 INFO [http-nio-8081-exec-312] org.apache.catalina.core.ApplicationContext.log Initializing Spring root WebApplicationContext
13-Dec-2018 07:53:23.449 INFO [http-nio-8081-exec-312] org.apache.catalina.core.ApplicationContext.log Initializing Spring FrameworkServlet 'dispatcher'
13-Dec-2018 07:54:22.931 INFO [http-nio-8081-exec-321] org.apache.catalina.core.ApplicationContext.log Destroying Spring FrameworkServlet 'dispatcher'
13-Dec-2018 07:54:22.993 INFO [http-nio-8081-exec-321] org.apache.catalina.core.ApplicationContext.log Closing Spring root WebApplicationContext
13-Dec-2018 07:54:25.340 INFO [http-nio-8081-exec-321] org.apache.catalina.core.ApplicationContext.log No Spring WebApplicationInitializer types detected on classpath
13-Dec-2018 07:54:25.387 INFO [http-nio-8081-exec-321] org.apache.catalina.core.ApplicationContext.log Initializing Spring root WebApplicationContext
13-Dec-2018 07:54:25.896 INFO [http-nio-8081-exec-321] org.apache.catalina.core.ApplicationContext.log Initializing Spring FrameworkServlet 'dispatcher'
13-Dec-2018 07:54:31.065 INFO [http-nio-8081-exec-319] org.apache.catalina.core.ApplicationContext.log Destroying Spring FrameworkServlet 'dispatcher'
13-Dec-2018 07:54:31.128 INFO [http-nio-8081-exec-319] org.apache.catalina.core.ApplicationContext.log Closing Spring root WebApplicationContext
13-Dec-2018 07:54:33.638 INFO [http-nio-8081-exec-319] org.apache.catalina.core.ApplicationContext.log No Spring WebApplicationInitializer types detected on classpath
13-Dec-2018 07:54:33.731 INFO [http-nio-8081-exec-319] org.apache.catalina.core.ApplicationContext.log Initializing Spring root WebApplicationContext
13-Dec-2018 07:54:34.279 INFO [http-nio-8081-exec-319] org.apache.catalina.core.ApplicationContext.log Initializing Spring FrameworkServlet 'dispatcher'
13-Dec-2018 07:54:38.607 INFO [http-nio-8081-exec-324] org.apache.catalina.core.ApplicationContext.log Destroying Spring FrameworkServlet 'dispatcher'
13-Dec-2018 07:54:38.685 INFO [http-nio-8081-exec-324] org.apache.catalina.core.ApplicationContext.log Closing Spring root WebApplicationContext
13-Dec-2018 07:54:40.995 INFO [http-nio-8081-exec-324] org.apache.catalina.core.ApplicationContext.log No Spring WebApplicationInitializer types detected on classpath
13-Dec-2018 07:54:41.061 INFO [http-nio-8081-exec-324] org.apache.catalina.core.ApplicationContext.log Initializing Spring root WebApplicationContext
13-Dec-2018 07:54:41.576 INFO [http-nio-8081-exec-324] org.apache.catalina.core.ApplicationContext.log Initializing Spring FrameworkServlet 'dispatcher'
13-Dec-2018 07:54:51.248 INFO [http-nio-8081-exec-317] org.apache.catalina.core.ApplicationContext.log Destroying Spring FrameworkServlet 'dispatcher'
13-Dec-2018 07:54:51.342 INFO [http-nio-8081-exec-317] org.apache.catalina.core.ApplicationContext.log Closing Spring root WebApplicationContext
13-Dec-2018 07:54:53.950 INFO [http-nio-8081-exec-317] org.apache.catalina.core.ApplicationContext.log No Spring WebApplicationInitializer types detected on classpath
13-Dec-2018 07:54:53.996 INFO [http-nio-8081-exec-317] org.apache.catalina.core.ApplicationContext.log Initializing Spring root WebApplicationContext
13-Dec-2018 07:54:54.488 INFO [http-nio-8081-exec-317] org.apache.catalina.core.ApplicationContext.log Initializing Spring FrameworkServlet 'dispatcher'
13-Dec-2018 07:56:04.066 INFO [http-nio-8081-exec-302] org.apache.catalina.core.ApplicationContext.log Destroying Spring FrameworkServlet 'dispatcher'
13-Dec-2018 07:56:04.128 INFO [http-nio-8081-exec-302] org.apache.catalina.core.ApplicationContext.log Closing Spring root WebApplicationContext
13-Dec-2018 07:56:06.491 INFO [http-nio-8081-exec-302] org.apache.catalina.core.ApplicationContext.log No Spring WebApplicationInitializer types detected on classpath
13-Dec-2018 07:56:06.556 INFO [http-nio-8081-exec-302] org.apache.catalina.core.ApplicationContext.log Initializing Spring root WebApplicationContext
13-Dec-2018 07:56:07.045 INFO [http-nio-8081-exec-302] org.apache.catalina.core.ApplicationContext.log Initializing Spring FrameworkServlet 'dispatcher'
13-Dec-2018 07:56:21.355 INFO [http-nio-8081-exec-326] org.apache.catalina.core.ApplicationContext.log Destroying Spring FrameworkServlet 'dispatcher'
13-Dec-2018 07:56:21.402 INFO [http-nio-8081-exec-326] org.apache.catalina.core.ApplicationContext.log Closing Spring root WebApplicationContext
13-Dec-2018 07:56:23.788 INFO [http-nio-8081-exec-326] org.apache.catalina.core.ApplicationContext.log No Spring WebApplicationInitializer types detected on classpath
13-Dec-2018 07:56:23.835 INFO [http-nio-8081-exec-326] org.apache.catalina.core.ApplicationContext.log Initializing Spring root WebApplicationContext
13-Dec-2018 07:56:24.330 INFO [http-nio-8081-exec-326] org.apache.catalina.core.ApplicationContext.log Initializing Spring FrameworkServlet 'dispatcher'
13-Dec-2018 07:56:26.327 INFO [http-nio-8081-exec-332] org.apache.catalina.core.ApplicationContext.log Destroying Spring FrameworkServlet 'dispatcher'
13-Dec-2018 07:56:26.421 INFO [http-nio-8081-exec-332] org.apache.catalina.core.ApplicationContext.log Closing Spring root WebApplicationContext
13-Dec-2018 07:56:28.966 INFO [http-nio-8081-exec-332] org.apache.catalina.core.ApplicationContext.log No Spring WebApplicationInitializer types detected on classpath
13-Dec-2018 07:56:29.027 INFO [http-nio-8081-exec-332] org.apache.catalina.core.ApplicationContext.log Initializing Spring root WebApplicationContext
13-Dec-2018 07:56:29.459 INFO [http-nio-8081-exec-332] org.apache.catalina.core.ApplicationContext.log Initializing Spring FrameworkServlet 'dispatcher'
13-Dec-2018 07:56:59.672 INFO [http-nio-8081-exec-334] org.apache.catalina.core.ApplicationContext.log Destroying Spring FrameworkServlet 'dispatcher'
13-Dec-2018 07:56:59.766 INFO [http-nio-8081-exec-334] org.apache.catalina.core.ApplicationContext.log Closing Spring root WebApplicationContext
13-Dec-2018 07:57:02.172 INFO [http-nio-8081-exec-334] org.apache.catalina.core.ApplicationContext.log No Spring WebApplicationInitializer types detected on classpath
13-Dec-2018 07:57:02.235 INFO [http-nio-8081-exec-334] org.apache.catalina.core.ApplicationContext.log Initializing Spring root WebApplicationContext
13-Dec-2018 07:57:02.775 INFO [http-nio-8081-exec-334] org.apache.catalina.core.ApplicationContext.log Initializing Spring FrameworkServlet 'dispatcher'
13-Dec-2018 07:57:21.664 INFO [http-nio-8081-exec-330] org.apache.catalina.core.ApplicationContext.log Destroying Spring FrameworkServlet 'dispatcher'
13-Dec-2018 07:57:21.726 INFO [http-nio-8081-exec-330] org.apache.catalina.core.ApplicationContext.log Closing Spring root WebApplicationContext
13-Dec-2018 07:57:24.238 INFO [http-nio-8081-exec-330] org.apache.catalina.core.ApplicationContext.log No Spring WebApplicationInitializer types detected on classpath
13-Dec-2018 07:57:24.285 INFO [http-nio-8081-exec-330] org.apache.catalina.core.ApplicationContext.log Initializing Spring root WebApplicationContext
13-Dec-2018 07:57:24.922 INFO [http-nio-8081-exec-330] org.apache.catalina.core.ApplicationContext.log Initializing Spring FrameworkServlet 'dispatcher'
13-Dec-2018 07:58:49.690 INFO [http-nio-8081-exec-333] org.apache.catalina.core.ApplicationContext.log Destroying Spring FrameworkServlet 'dispatcher'
13-Dec-2018 07:58:49.772 INFO [http-nio-8081-exec-333] org.apache.catalina.core.ApplicationContext.log Closing Spring root WebApplicationContext
13-Dec-2018 07:58:52.570 INFO [http-nio-8081-exec-333] org.apache.catalina.core.ApplicationContext.log No Spring WebApplicationInitializer types detected on classpath
13-Dec-2018 07:58:52.628 INFO [http-nio-8081-exec-333] org.apache.catalina.core.ApplicationContext.log Initializing Spring root WebApplicationContext
13-Dec-2018 07:58:53.113 INFO [http-nio-8081-exec-333] org.apache.catalina.core.ApplicationContext.log Initializing Spring FrameworkServlet 'dispatcher'
13-Dec-2018 07:59:01.222 INFO [http-nio-8081-exec-328] org.apache.catalina.core.ApplicationContext.log Destroying Spring FrameworkServlet 'dispatcher'
13-Dec-2018 07:59:01.285 INFO [http-nio-8081-exec-328] org.apache.catalina.core.ApplicationContext.log Closing Spring root WebApplicationContext
13-Dec-2018 07:59:03.645 INFO [http-nio-8081-exec-328] org.apache.catalina.core.ApplicationContext.log No Spring WebApplicationInitializer types detected on classpath
13-Dec-2018 07:59:03.707 INFO [http-nio-8081-exec-328] org.apache.catalina.core.ApplicationContext.log Initializing Spring root WebApplicationContext
13-Dec-2018 07:59:04.183 INFO [http-nio-8081-exec-328] org.apache.catalina.core.ApplicationContext.log Initializing Spring FrameworkServlet 'dispatcher'
13-Dec-2018 07:59:32.549 INFO [http-nio-8081-exec-331] org.apache.catalina.core.ApplicationContext.log Destroying Spring FrameworkServlet 'dispatcher'
13-Dec-2018 07:59:32.597 INFO [http-nio-8081-exec-331] org.apache.catalina.core.ApplicationContext.log Closing Spring root WebApplicationContext
13-Dec-2018 07:59:34.975 INFO [http-nio-8081-exec-331] org.apache.catalina.core.ApplicationContext.log No Spring WebApplicationInitializer types detected on classpath
13-Dec-2018 07:59:35.041 INFO [http-nio-8081-exec-331] org.apache.catalina.core.ApplicationContext.log Initializing Spring root WebApplicationContext
13-Dec-2018 07:59:35.584 INFO [http-nio-8081-exec-331] org.apache.catalina.core.ApplicationContext.log Initializing Spring FrameworkServlet 'dispatcher'
13-Dec-2018 07:59:37.303 INFO [http-nio-8081-exec-349] org.apache.catalina.core.ApplicationContext.log Destroying Spring FrameworkServlet 'dispatcher'
13-Dec-2018 07:59:37.381 INFO [http-nio-8081-exec-349] org.apache.catalina.core.ApplicationContext.log Closing Spring root WebApplicationContext
13-Dec-2018 07:59:39.707 INFO [http-nio-8081-exec-349] org.apache.catalina.core.ApplicationContext.log No Spring WebApplicationInitializer types detected on classpath
13-Dec-2018 07:59:39.761 INFO [http-nio-8081-exec-349] org.apache.catalina.core.ApplicationContext.log Initializing Spring root WebApplicationContext
13-Dec-2018 07:59:40.195 INFO [http-nio-8081-exec-349] org.apache.catalina.core.ApplicationContext.log Initializing Spring FrameworkServlet 'dispatcher'
13-Dec-2018 07:59:54.675 INFO [http-nio-8081-exec-341] org.apache.catalina.core.ApplicationContext.log Destroying Spring FrameworkServlet 'dispatcher'
13-Dec-2018 07:59:54.753 INFO [http-nio-8081-exec-341] org.apache.catalina.core.ApplicationContext.log Closing Spring root WebApplicationContext
13-Dec-2018 07:59:57.146 INFO [http-nio-8081-exec-341] org.apache.catalina.core.ApplicationContext.log No Spring WebApplicationInitializer types detected on classpath
13-Dec-2018 07:59:57.197 INFO [http-nio-8081-exec-341] org.apache.catalina.core.ApplicationContext.log Initializing Spring root WebApplicationContext
13-Dec-2018 07:59:57.644 INFO [http-nio-8081-exec-341] org.apache.catalina.core.ApplicationContext.log Initializing Spring FrameworkServlet 'dispatcher'
13-Dec-2018 08:00:14.271 INFO [http-nio-8081-exec-347] org.apache.catalina.core.ApplicationContext.log Destroying Spring FrameworkServlet 'dispatcher'
13-Dec-2018 08:00:14.333 INFO [http-nio-8081-exec-347] org.apache.catalina.core.ApplicationContext.log Closing Spring root WebApplicationContext
13-Dec-2018 08:00:16.762 INFO [http-nio-8081-exec-347] org.apache.catalina.core.ApplicationContext.log No Spring WebApplicationInitializer types detected on classpath
13-Dec-2018 08:00:16.812 INFO [http-nio-8081-exec-347] org.apache.catalina.core.ApplicationContext.log Initializing Spring root WebApplicationContext
13-Dec-2018 08:00:17.289 INFO [http-nio-8081-exec-347] org.apache.catalina.core.ApplicationContext.log Initializing Spring FrameworkServlet 'dispatcher'
13-Dec-2018 08:00:19.076 INFO [http-nio-8081-exec-351] org.apache.catalina.core.ApplicationContext.log Destroying Spring FrameworkServlet 'dispatcher'
13-Dec-2018 08:00:19.122 INFO [http-nio-8081-exec-351] org.apache.catalina.core.ApplicationContext.log Closing Spring root WebApplicationContext
13-Dec-2018 08:00:21.428 INFO [http-nio-8081-exec-351] org.apache.catalina.core.ApplicationContext.log No Spring WebApplicationInitializer types detected on classpath
13-Dec-2018 08:00:21.494 INFO [http-nio-8081-exec-351] org.apache.catalina.core.ApplicationContext.log Initializing Spring root WebApplicationContext
13-Dec-2018 08:00:21.919 INFO [http-nio-8081-exec-351] org.apache.catalina.core.ApplicationContext.log Initializing Spring FrameworkServlet 'dispatcher'
13-Dec-2018 08:02:56.171 INFO [http-nio-8081-exec-358] org.apache.catalina.core.ApplicationContext.log Destroying Spring FrameworkServlet 'dispatcher'
13-Dec-2018 08:02:56.855 INFO [http-nio-8081-exec-358] org.apache.catalina.core.ApplicationContext.log Closing Spring root WebApplicationContext
13-Dec-2018 08:03:00.795 INFO [http-nio-8081-exec-358] org.apache.catalina.core.ApplicationContext.log No Spring WebApplicationInitializer types detected on classpath
13-Dec-2018 08:03:00.849 INFO [http-nio-8081-exec-358] org.apache.catalina.core.ApplicationContext.log Initializing Spring root WebApplicationContext
13-Dec-2018 08:03:01.508 INFO [http-nio-8081-exec-358] org.apache.catalina.core.ApplicationContext.log Initializing Spring FrameworkServlet 'dispatcher'
13-Dec-2018 08:04:46.094 INFO [http-nio-8081-exec-369] org.apache.catalina.core.ApplicationContext.log Destroying Spring FrameworkServlet 'dispatcher'
13-Dec-2018 08:04:46.147 INFO [http-nio-8081-exec-369] org.apache.catalina.core.ApplicationContext.log Closing Spring root WebApplicationContext
13-Dec-2018 08:04:48.711 INFO [http-nio-8081-exec-369] org.apache.catalina.core.ApplicationContext.log No Spring WebApplicationInitializer types detected on classpath
13-Dec-2018 08:04:48.757 INFO [http-nio-8081-exec-369] org.apache.catalina.core.ApplicationContext.log Initializing Spring root WebApplicationContext
13-Dec-2018 08:04:49.214 INFO [http-nio-8081-exec-369] org.apache.catalina.core.ApplicationContext.log Initializing Spring FrameworkServlet 'dispatcher'
13-Dec-2018 08:09:52.572 INFO [http-nio-8081-exec-380] org.apache.catalina.core.ApplicationContext.log Destroying Spring FrameworkServlet 'dispatcher'
13-Dec-2018 08:09:52.651 WARNING [http-nio-8081-exec-380] org.apache.catalina.session.StandardSession.doWriteObject Cannot serialize session attribute [myCartItems] for session [2FA65B9771019B241C40FCE929ECB182]
 java.io.NotSerializableException: com.teamvietdev.model.Cart
	at java.io.ObjectOutputStream.writeObject0(ObjectOutputStream.java:1184)
	at java.io.ObjectOutputStream.writeObject(ObjectOutputStream.java:348)
	at java.util.HashMap.internalWriteEntries(HashMap.java:1790)
	at java.util.HashMap.writeObject(HashMap.java:1363)
	at sun.reflect.NativeMethodAccessorImpl.invoke0(Native Method)
	at sun.reflect.NativeMethodAccessorImpl.invoke(NativeMethodAccessorImpl.java:62)
	at sun.reflect.DelegatingMethodAccessorImpl.invoke(DelegatingMethodAccessorImpl.java:43)
	at java.lang.reflect.Method.invoke(Method.java:498)
	at java.io.ObjectStreamClass.invokeWriteObject(ObjectStreamClass.java:1128)
	at java.io.ObjectOutputStream.writeSerialData(ObjectOutputStream.java:1496)
	at java.io.ObjectOutputStream.writeOrdinaryObject(ObjectOutputStream.java:1432)
	at java.io.ObjectOutputStream.writeObject0(ObjectOutputStream.java:1178)
	at java.io.ObjectOutputStream.writeObject(ObjectOutputStream.java:348)
	at org.apache.catalina.session.StandardSession.doWriteObject(StandardSession.java:1702)
	at org.apache.catalina.session.StandardSession.writeObjectData(StandardSession.java:1094)
	at org.apache.catalina.session.StandardManager.doUnload(StandardManager.java:312)
	at org.apache.catalina.session.StandardManager.unload(StandardManager.java:264)
	at org.apache.catalina.session.StandardManager.stopInternal(StandardManager.java:379)
	at org.apache.catalina.util.LifecycleBase.stop(LifecycleBase.java:226)
	at org.apache.catalina.core.StandardContext.stopInternal(StandardContext.java:5474)
	at org.apache.catalina.util.LifecycleBase.stop(LifecycleBase.java:226)
	at org.apache.catalina.core.StandardContext.reload(StandardContext.java:3832)
	at org.apache.catalina.manager.ManagerServlet.reload(ManagerServlet.java:1088)
	at org.apache.catalina.manager.ManagerServlet.doGet(ManagerServlet.java:360)
	at javax.servlet.http.HttpServlet.service(HttpServlet.java:635)
	at javax.servlet.http.HttpServlet.service(HttpServlet.java:742)
	at org.apache.catalina.core.ApplicationFilterChain.internalDoFilter(ApplicationFilterChain.java:231)
	at org.apache.catalina.core.ApplicationFilterChain.doFilter(ApplicationFilterChain.java:166)
	at org.apache.tomcat.websocket.server.WsFilter.doFilter(WsFilter.java:52)
	at org.apache.catalina.core.ApplicationFilterChain.internalDoFilter(ApplicationFilterChain.java:193)
	at org.apache.catalina.core.ApplicationFilterChain.doFilter(ApplicationFilterChain.java:166)
	at org.apache.catalina.filters.SetCharacterEncodingFilter.doFilter(SetCharacterEncodingFilter.java:109)
	at org.apache.catalina.core.ApplicationFilterChain.internalDoFilter(ApplicationFilterChain.java:193)
	at org.apache.catalina.core.ApplicationFilterChain.doFilter(ApplicationFilterChain.java:166)
	at org.apache.catalina.core.StandardWrapperValve.invoke(StandardWrapperValve.java:198)
	at org.apache.catalina.core.StandardContextValve.invoke(StandardContextValve.java:96)
	at org.apache.catalina.authenticator.AuthenticatorBase.invoke(AuthenticatorBase.java:610)
	at org.apache.catalina.valves.RequestFilterValve.process(RequestFilterValve.java:348)
	at org.apache.catalina.valves.RemoteAddrValve.invoke(RemoteAddrValve.java:52)
	at org.apache.catalina.core.StandardHostValve.invoke(StandardHostValve.java:140)
	at org.apache.catalina.valves.ErrorReportValve.invoke(ErrorReportValve.java:81)
	at org.apache.catalina.valves.AbstractAccessLogValve.invoke(AbstractAccessLogValve.java:650)
	at org.apache.catalina.core.StandardEngineValve.invoke(StandardEngineValve.java:87)
	at org.apache.catalina.connector.CoyoteAdapter.service(CoyoteAdapter.java:342)
	at org.apache.coyote.http11.Http11Processor.service(Http11Processor.java:800)
	at org.apache.coyote.AbstractProcessorLight.process(AbstractProcessorLight.java:66)
	at org.apache.coyote.AbstractProtocol$ConnectionHandler.process(AbstractProtocol.java:806)
	at org.apache.tomcat.util.net.NioEndpoint$SocketProcessor.doRun(NioEndpoint.java:1498)
	at org.apache.tomcat.util.net.SocketProcessorBase.run(SocketProcessorBase.java:49)
	at java.util.concurrent.ThreadPoolExecutor.runWorker(ThreadPoolExecutor.java:1149)
	at java.util.concurrent.ThreadPoolExecutor$Worker.run(ThreadPoolExecutor.java:624)
	at org.apache.tomcat.util.threads.TaskThread$WrappingRunnable.run(TaskThread.java:61)
	at java.lang.Thread.run(Thread.java:748)

13-Dec-2018 08:09:52.655 INFO [http-nio-8081-exec-380] org.apache.catalina.core.ApplicationContext.log Closing Spring root WebApplicationContext
13-Dec-2018 08:09:55.057 INFO [http-nio-8081-exec-380] org.apache.catalina.core.ApplicationContext.log No Spring WebApplicationInitializer types detected on classpath
13-Dec-2018 08:09:55.105 INFO [http-nio-8081-exec-380] org.apache.catalina.core.ApplicationContext.log Initializing Spring root WebApplicationContext
13-Dec-2018 08:09:55.507 WARNING [http-nio-8081-exec-380] org.apache.catalina.session.StandardSession.doReadObject Cannot deserialize session attribute [myCartItems] for session [2FA65B9771019B241C40FCE929ECB182]
13-Dec-2018 08:09:55.586 INFO [http-nio-8081-exec-380] org.apache.catalina.core.ApplicationContext.log Initializing Spring FrameworkServlet 'dispatcher'
13-Dec-2018 08:09:58.565 INFO [http-nio-8081-exec-379] org.apache.catalina.core.ApplicationContext.log Destroying Spring FrameworkServlet 'dispatcher'
13-Dec-2018 08:09:58.611 INFO [http-nio-8081-exec-379] org.apache.catalina.core.ApplicationContext.log Closing Spring root WebApplicationContext
13-Dec-2018 08:10:00.942 INFO [http-nio-8081-exec-379] org.apache.catalina.core.ApplicationContext.log No Spring WebApplicationInitializer types detected on classpath
13-Dec-2018 08:10:00.990 INFO [http-nio-8081-exec-379] org.apache.catalina.core.ApplicationContext.log Initializing Spring root WebApplicationContext
13-Dec-2018 08:10:01.502 INFO [http-nio-8081-exec-379] org.apache.catalina.core.ApplicationContext.log Initializing Spring FrameworkServlet 'dispatcher'
13-Dec-2018 08:10:07.483 INFO [http-nio-8081-exec-385] org.apache.catalina.core.ApplicationContext.log Destroying Spring FrameworkServlet 'dispatcher'
13-Dec-2018 08:10:07.532 INFO [http-nio-8081-exec-385] org.apache.catalina.core.ApplicationContext.log Closing Spring root WebApplicationContext
13-Dec-2018 08:10:09.900 INFO [http-nio-8081-exec-385] org.apache.catalina.core.ApplicationContext.log No Spring WebApplicationInitializer types detected on classpath
13-Dec-2018 08:10:09.948 INFO [http-nio-8081-exec-385] org.apache.catalina.core.ApplicationContext.log Initializing Spring root WebApplicationContext
13-Dec-2018 08:10:10.459 INFO [http-nio-8081-exec-385] org.apache.catalina.core.ApplicationContext.log Initializing Spring FrameworkServlet 'dispatcher'
