21-Nov-2018 07:52:55.093 SEVERE [http-nio-8080-exec-1581] org.apache.catalina.core.StandardWrapperValve.invoke Servlet.service() for servlet [jsp] in context with path [/QuanLyNhanSuVaTienLuong] threw exception [javax.servlet.ServletException: com.microsoft.sqlserver.jdbc.SQLServerException: Incorrect syntax near the keyword 'where'.] with root cause
 com.microsoft.sqlserver.jdbc.SQLServerException: Incorrect syntax near the keyword 'where'.
	at com.microsoft.sqlserver.jdbc.SQLServerException.makeFromDatabaseError(SQLServerException.java:217)
	at com.microsoft.sqlserver.jdbc.SQLServerStatement.getNextResult(SQLServerStatement.java:1651)
	at com.microsoft.sqlserver.jdbc.SQLServerPreparedStatement.doExecutePreparedStatement(SQLServerPreparedStatement.java:446)
	at com.microsoft.sqlserver.jdbc.SQLServerPreparedStatement$PrepStmtExecCmd.doExecute(SQLServerPreparedStatement.java:383)
	at com.microsoft.sqlserver.jdbc.TDSCommand.execute(IOBuffer.java:7465)
	at com.microsoft.sqlserver.jdbc.SQLServerConnection.executeCommand(SQLServerConnection.java:2271)
	at com.microsoft.sqlserver.jdbc.SQLServerStatement.executeCommand(SQLServerStatement.java:191)
	at com.microsoft.sqlserver.jdbc.SQLServerStatement.executeStatement(SQLServerStatement.java:166)
	at com.microsoft.sqlserver.jdbc.SQLServerPreparedStatement.executeQuery(SQLServerPreparedStatement.java:295)
	at dao.PersonalDAO.getAllPersonal(PersonalDAO.java:31)
	at org.apache.jsp.QuanLyNhanVienMoi_jsp._jspService(QuanLyNhanVienMoi_jsp.java:309)
	at org.apache.jasper.runtime.HttpJspBase.service(HttpJspBase.java:70)
	at javax.servlet.http.HttpServlet.service(HttpServlet.java:742)
	at org.apache.jasper.servlet.JspServletWrapper.service(JspServletWrapper.java:457)
	at org.apache.jasper.servlet.JspServlet.serviceJspFile(JspServlet.java:386)
	at org.apache.jasper.servlet.JspServlet.service(JspServlet.java:330)
	at javax.servlet.http.HttpServlet.service(HttpServlet.java:742)
	at org.apache.catalina.core.ApplicationFilterChain.internalDoFilter(ApplicationFilterChain.java:231)
	at org.apache.catalina.core.ApplicationFilterChain.doFilter(ApplicationFilterChain.java:166)
	at org.apache.tomcat.websocket.server.WsFilter.doFilter(WsFilter.java:52)
	at org.apache.catalina.core.ApplicationFilterChain.internalDoFilter(ApplicationFilterChain.java:193)
	at org.apache.catalina.core.ApplicationFilterChain.doFilter(ApplicationFilterChain.java:166)
	at org.apache.catalina.core.StandardWrapperValve.invoke(StandardWrapperValve.java:198)
	at org.apache.catalina.core.StandardContextValve.invoke(StandardContextValve.java:96)
	at org.apache.catalina.authenticator.AuthenticatorBase.invoke(AuthenticatorBase.java:493)
	at org.apache.catalina.core.StandardHostValve.invoke(StandardHostValve.java:140)
	at org.apache.catalina.valves.ErrorReportValve.invoke(ErrorReportValve.java:81)
	at org.apache.catalina.valves.AbstractAccessLogValve.invoke(AbstractAccessLogValve.java:650)
	at org.apache.catalina.core.StandardEngineValve.invoke(StandardEngineValve.java:87)
	at org.apache.catalina.connector.CoyoteAdapter.service(CoyoteAdapter.java:342)
	at org.apache.coyote.http11.Http11Processor.service(Http11Processor.java:800)
	at org.apache.coyote.AbstractProcessorLight.process(AbstractProcessorLight.java:66)
	at org.apache.coyote.AbstractProtocol$ConnectionHandler.process(AbstractProtocol.java:806)
	at org.apache.tomcat.util.net.NioEndpoint$SocketProcessor.doRun(NioEndpoint.java:1498)
	at org.apache.tomcat.util.net.SocketProcessorBase.run(SocketProcessorBase.java:49)
	at java.util.concurrent.ThreadPoolExecutor.runWorker(ThreadPoolExecutor.java:1149)
	at java.util.concurrent.ThreadPoolExecutor$Worker.run(ThreadPoolExecutor.java:624)
	at org.apache.tomcat.util.threads.TaskThread$WrappingRunnable.run(TaskThread.java:61)
	at java.lang.Thread.run(Thread.java:748)

21-Nov-2018 07:52:59.118 SEVERE [http-nio-8080-exec-1577] org.apache.catalina.core.StandardWrapperValve.invoke Servlet.service() for servlet [jsp] in context with path [/QuanLyNhanSuVaTienLuong] threw exception [javax.servlet.ServletException: com.microsoft.sqlserver.jdbc.SQLServerException: Incorrect syntax near the keyword 'where'.] with root cause
 com.microsoft.sqlserver.jdbc.SQLServerException: Incorrect syntax near the keyword 'where'.
	at com.microsoft.sqlserver.jdbc.SQLServerException.makeFromDatabaseError(SQLServerException.java:217)
	at com.microsoft.sqlserver.jdbc.SQLServerStatement.getNextResult(SQLServerStatement.java:1651)
	at com.microsoft.sqlserver.jdbc.SQLServerPreparedStatement.doExecutePreparedStatement(SQLServerPreparedStatement.java:446)
	at com.microsoft.sqlserver.jdbc.SQLServerPreparedStatement$PrepStmtExecCmd.doExecute(SQLServerPreparedStatement.java:383)
	at com.microsoft.sqlserver.jdbc.TDSCommand.execute(IOBuffer.java:7465)
	at com.microsoft.sqlserver.jdbc.SQLServerConnection.executeCommand(SQLServerConnection.java:2271)
	at com.microsoft.sqlserver.jdbc.SQLServerStatement.executeCommand(SQLServerStatement.java:191)
	at com.microsoft.sqlserver.jdbc.SQLServerStatement.executeStatement(SQLServerStatement.java:166)
	at com.microsoft.sqlserver.jdbc.SQLServerPreparedStatement.executeQuery(SQLServerPreparedStatement.java:295)
	at dao.PersonalDAO.getAllPersonal(PersonalDAO.java:31)
	at org.apache.jsp.QuanLyNhanVienMoi_jsp._jspService(QuanLyNhanVienMoi_jsp.java:309)
	at org.apache.jasper.runtime.HttpJspBase.service(HttpJspBase.java:70)
	at javax.servlet.http.HttpServlet.service(HttpServlet.java:742)
	at org.apache.jasper.servlet.JspServletWrapper.service(JspServletWrapper.java:457)
	at org.apache.jasper.servlet.JspServlet.serviceJspFile(JspServlet.java:386)
	at org.apache.jasper.servlet.JspServlet.service(JspServlet.java:330)
	at javax.servlet.http.HttpServlet.service(HttpServlet.java:742)
	at org.apache.catalina.core.ApplicationFilterChain.internalDoFilter(ApplicationFilterChain.java:231)
	at org.apache.catalina.core.ApplicationFilterChain.doFilter(ApplicationFilterChain.java:166)
	at org.apache.tomcat.websocket.server.WsFilter.doFilter(WsFilter.java:52)
	at org.apache.catalina.core.ApplicationFilterChain.internalDoFilter(ApplicationFilterChain.java:193)
	at org.apache.catalina.core.ApplicationFilterChain.doFilter(ApplicationFilterChain.java:166)
	at org.apache.catalina.core.StandardWrapperValve.invoke(StandardWrapperValve.java:198)
	at org.apache.catalina.core.StandardContextValve.invoke(StandardContextValve.java:96)
	at org.apache.catalina.authenticator.AuthenticatorBase.invoke(AuthenticatorBase.java:493)
	at org.apache.catalina.core.StandardHostValve.invoke(StandardHostValve.java:140)
	at org.apache.catalina.valves.ErrorReportValve.invoke(ErrorReportValve.java:81)
	at org.apache.catalina.valves.AbstractAccessLogValve.invoke(AbstractAccessLogValve.java:650)
	at org.apache.catalina.core.StandardEngineValve.invoke(StandardEngineValve.java:87)
	at org.apache.catalina.connector.CoyoteAdapter.service(CoyoteAdapter.java:342)
	at org.apache.coyote.http11.Http11Processor.service(Http11Processor.java:800)
	at org.apache.coyote.AbstractProcessorLight.process(AbstractProcessorLight.java:66)
	at org.apache.coyote.AbstractProtocol$ConnectionHandler.process(AbstractProtocol.java:806)
	at org.apache.tomcat.util.net.NioEndpoint$SocketProcessor.doRun(NioEndpoint.java:1498)
	at org.apache.tomcat.util.net.SocketProcessorBase.run(SocketProcessorBase.java:49)
	at java.util.concurrent.ThreadPoolExecutor.runWorker(ThreadPoolExecutor.java:1149)
	at java.util.concurrent.ThreadPoolExecutor$Worker.run(ThreadPoolExecutor.java:624)
	at org.apache.tomcat.util.threads.TaskThread$WrappingRunnable.run(TaskThread.java:61)
	at java.lang.Thread.run(Thread.java:748)

21-Nov-2018 07:53:03.764 SEVERE [http-nio-8080-exec-1579] org.apache.catalina.core.StandardWrapperValve.invoke Servlet.service() for servlet [jsp] in context with path [/QuanLyNhanSuVaTienLuong] threw exception [javax.servlet.ServletException: com.microsoft.sqlserver.jdbc.SQLServerException: Incorrect syntax near the keyword 'where'.] with root cause
 com.microsoft.sqlserver.jdbc.SQLServerException: Incorrect syntax near the keyword 'where'.
	at com.microsoft.sqlserver.jdbc.SQLServerException.makeFromDatabaseError(SQLServerException.java:217)
	at com.microsoft.sqlserver.jdbc.SQLServerStatement.getNextResult(SQLServerStatement.java:1651)
	at com.microsoft.sqlserver.jdbc.SQLServerPreparedStatement.doExecutePreparedStatement(SQLServerPreparedStatement.java:446)
	at com.microsoft.sqlserver.jdbc.SQLServerPreparedStatement$PrepStmtExecCmd.doExecute(SQLServerPreparedStatement.java:383)
	at com.microsoft.sqlserver.jdbc.TDSCommand.execute(IOBuffer.java:7465)
	at com.microsoft.sqlserver.jdbc.SQLServerConnection.executeCommand(SQLServerConnection.java:2271)
	at com.microsoft.sqlserver.jdbc.SQLServerStatement.executeCommand(SQLServerStatement.java:191)
	at com.microsoft.sqlserver.jdbc.SQLServerStatement.executeStatement(SQLServerStatement.java:166)
	at com.microsoft.sqlserver.jdbc.SQLServerPreparedStatement.executeQuery(SQLServerPreparedStatement.java:295)
	at dao.PersonalDAO.getAllPersonal(PersonalDAO.java:31)
	at org.apache.jsp.QuanLyNhanVienMoi_jsp._jspService(QuanLyNhanVienMoi_jsp.java:309)
	at org.apache.jasper.runtime.HttpJspBase.service(HttpJspBase.java:70)
	at javax.servlet.http.HttpServlet.service(HttpServlet.java:742)
	at org.apache.jasper.servlet.JspServletWrapper.service(JspServletWrapper.java:457)
	at org.apache.jasper.servlet.JspServlet.serviceJspFile(JspServlet.java:386)
	at org.apache.jasper.servlet.JspServlet.service(JspServlet.java:330)
	at javax.servlet.http.HttpServlet.service(HttpServlet.java:742)
	at org.apache.catalina.core.ApplicationFilterChain.internalDoFilter(ApplicationFilterChain.java:231)
	at org.apache.catalina.core.ApplicationFilterChain.doFilter(ApplicationFilterChain.java:166)
	at org.apache.tomcat.websocket.server.WsFilter.doFilter(WsFilter.java:52)
	at org.apache.catalina.core.ApplicationFilterChain.internalDoFilter(ApplicationFilterChain.java:193)
	at org.apache.catalina.core.ApplicationFilterChain.doFilter(ApplicationFilterChain.java:166)
	at org.apache.catalina.core.StandardWrapperValve.invoke(StandardWrapperValve.java:198)
	at org.apache.catalina.core.StandardContextValve.invoke(StandardContextValve.java:96)
	at org.apache.catalina.authenticator.AuthenticatorBase.invoke(AuthenticatorBase.java:493)
	at org.apache.catalina.core.StandardHostValve.invoke(StandardHostValve.java:140)
	at org.apache.catalina.valves.ErrorReportValve.invoke(ErrorReportValve.java:81)
	at org.apache.catalina.valves.AbstractAccessLogValve.invoke(AbstractAccessLogValve.java:650)
	at org.apache.catalina.core.StandardEngineValve.invoke(StandardEngineValve.java:87)
	at org.apache.catalina.connector.CoyoteAdapter.service(CoyoteAdapter.java:342)
	at org.apache.coyote.http11.Http11Processor.service(Http11Processor.java:800)
	at org.apache.coyote.AbstractProcessorLight.process(AbstractProcessorLight.java:66)
	at org.apache.coyote.AbstractProtocol$ConnectionHandler.process(AbstractProtocol.java:806)
	at org.apache.tomcat.util.net.NioEndpoint$SocketProcessor.doRun(NioEndpoint.java:1498)
	at org.apache.tomcat.util.net.SocketProcessorBase.run(SocketProcessorBase.java:49)
	at java.util.concurrent.ThreadPoolExecutor.runWorker(ThreadPoolExecutor.java:1149)
	at java.util.concurrent.ThreadPoolExecutor$Worker.run(ThreadPoolExecutor.java:624)
	at org.apache.tomcat.util.threads.TaskThread$WrappingRunnable.run(TaskThread.java:61)
	at java.lang.Thread.run(Thread.java:748)

21-Nov-2018 07:53:12.921 SEVERE [http-nio-8080-exec-1578] org.apache.catalina.core.StandardWrapperValve.invoke Servlet.service() for servlet [jsp] in context with path [/QuanLyNhanSuVaTienLuong] threw exception [javax.servlet.ServletException: com.microsoft.sqlserver.jdbc.SQLServerException: Incorrect syntax near the keyword 'where'.] with root cause
 com.microsoft.sqlserver.jdbc.SQLServerException: Incorrect syntax near the keyword 'where'.
	at com.microsoft.sqlserver.jdbc.SQLServerException.makeFromDatabaseError(SQLServerException.java:217)
	at com.microsoft.sqlserver.jdbc.SQLServerStatement.getNextResult(SQLServerStatement.java:1651)
	at com.microsoft.sqlserver.jdbc.SQLServerPreparedStatement.doExecutePreparedStatement(SQLServerPreparedStatement.java:446)
	at com.microsoft.sqlserver.jdbc.SQLServerPreparedStatement$PrepStmtExecCmd.doExecute(SQLServerPreparedStatement.java:383)
	at com.microsoft.sqlserver.jdbc.TDSCommand.execute(IOBuffer.java:7465)
	at com.microsoft.sqlserver.jdbc.SQLServerConnection.executeCommand(SQLServerConnection.java:2271)
	at com.microsoft.sqlserver.jdbc.SQLServerStatement.executeCommand(SQLServerStatement.java:191)
	at com.microsoft.sqlserver.jdbc.SQLServerStatement.executeStatement(SQLServerStatement.java:166)
	at com.microsoft.sqlserver.jdbc.SQLServerPreparedStatement.executeQuery(SQLServerPreparedStatement.java:295)
	at dao.PersonalDAO.getAllPersonal(PersonalDAO.java:31)
	at org.apache.jsp.QuanLyNhanVienMoi_jsp._jspService(QuanLyNhanVienMoi_jsp.java:309)
	at org.apache.jasper.runtime.HttpJspBase.service(HttpJspBase.java:70)
	at javax.servlet.http.HttpServlet.service(HttpServlet.java:742)
	at org.apache.jasper.servlet.JspServletWrapper.service(JspServletWrapper.java:457)
	at org.apache.jasper.servlet.JspServlet.serviceJspFile(JspServlet.java:386)
	at org.apache.jasper.servlet.JspServlet.service(JspServlet.java:330)
	at javax.servlet.http.HttpServlet.service(HttpServlet.java:742)
	at org.apache.catalina.core.ApplicationFilterChain.internalDoFilter(ApplicationFilterChain.java:231)
	at org.apache.catalina.core.ApplicationFilterChain.doFilter(ApplicationFilterChain.java:166)
	at org.apache.tomcat.websocket.server.WsFilter.doFilter(WsFilter.java:52)
	at org.apache.catalina.core.ApplicationFilterChain.internalDoFilter(ApplicationFilterChain.java:193)
	at org.apache.catalina.core.ApplicationFilterChain.doFilter(ApplicationFilterChain.java:166)
	at org.apache.catalina.core.StandardWrapperValve.invoke(StandardWrapperValve.java:198)
	at org.apache.catalina.core.StandardContextValve.invoke(StandardContextValve.java:96)
	at org.apache.catalina.authenticator.AuthenticatorBase.invoke(AuthenticatorBase.java:493)
	at org.apache.catalina.core.StandardHostValve.invoke(StandardHostValve.java:140)
	at org.apache.catalina.valves.ErrorReportValve.invoke(ErrorReportValve.java:81)
	at org.apache.catalina.valves.AbstractAccessLogValve.invoke(AbstractAccessLogValve.java:650)
	at org.apache.catalina.core.StandardEngineValve.invoke(StandardEngineValve.java:87)
	at org.apache.catalina.connector.CoyoteAdapter.service(CoyoteAdapter.java:342)
	at org.apache.coyote.http11.Http11Processor.service(Http11Processor.java:800)
	at org.apache.coyote.AbstractProcessorLight.process(AbstractProcessorLight.java:66)
	at org.apache.coyote.AbstractProtocol$ConnectionHandler.process(AbstractProtocol.java:806)
	at org.apache.tomcat.util.net.NioEndpoint$SocketProcessor.doRun(NioEndpoint.java:1498)
	at org.apache.tomcat.util.net.SocketProcessorBase.run(SocketProcessorBase.java:49)
	at java.util.concurrent.ThreadPoolExecutor.runWorker(ThreadPoolExecutor.java:1149)
	at java.util.concurrent.ThreadPoolExecutor$Worker.run(ThreadPoolExecutor.java:624)
	at org.apache.tomcat.util.threads.TaskThread$WrappingRunnable.run(TaskThread.java:61)
	at java.lang.Thread.run(Thread.java:748)

21-Nov-2018 07:53:20.329 SEVERE [http-nio-8080-exec-1572] org.apache.catalina.core.StandardWrapperValve.invoke Servlet.service() for servlet [jsp] in context with path [/QuanLyNhanSuVaTienLuong] threw exception [javax.servlet.ServletException: com.microsoft.sqlserver.jdbc.SQLServerException: Incorrect syntax near the keyword 'where'.] with root cause
 com.microsoft.sqlserver.jdbc.SQLServerException: Incorrect syntax near the keyword 'where'.
	at com.microsoft.sqlserver.jdbc.SQLServerException.makeFromDatabaseError(SQLServerException.java:217)
	at com.microsoft.sqlserver.jdbc.SQLServerStatement.getNextResult(SQLServerStatement.java:1651)
	at com.microsoft.sqlserver.jdbc.SQLServerPreparedStatement.doExecutePreparedStatement(SQLServerPreparedStatement.java:446)
	at com.microsoft.sqlserver.jdbc.SQLServerPreparedStatement$PrepStmtExecCmd.doExecute(SQLServerPreparedStatement.java:383)
	at com.microsoft.sqlserver.jdbc.TDSCommand.execute(IOBuffer.java:7465)
	at com.microsoft.sqlserver.jdbc.SQLServerConnection.executeCommand(SQLServerConnection.java:2271)
	at com.microsoft.sqlserver.jdbc.SQLServerStatement.executeCommand(SQLServerStatement.java:191)
	at com.microsoft.sqlserver.jdbc.SQLServerStatement.executeStatement(SQLServerStatement.java:166)
	at com.microsoft.sqlserver.jdbc.SQLServerPreparedStatement.executeQuery(SQLServerPreparedStatement.java:295)
	at dao.PersonalDAO.getAllPersonal(PersonalDAO.java:31)
	at org.apache.jsp.QuanLyNhanVienMoi_jsp._jspService(QuanLyNhanVienMoi_jsp.java:309)
	at org.apache.jasper.runtime.HttpJspBase.service(HttpJspBase.java:70)
	at javax.servlet.http.HttpServlet.service(HttpServlet.java:742)
	at org.apache.jasper.servlet.JspServletWrapper.service(JspServletWrapper.java:457)
	at org.apache.jasper.servlet.JspServlet.serviceJspFile(JspServlet.java:386)
	at org.apache.jasper.servlet.JspServlet.service(JspServlet.java:330)
	at javax.servlet.http.HttpServlet.service(HttpServlet.java:742)
	at org.apache.catalina.core.ApplicationFilterChain.internalDoFilter(ApplicationFilterChain.java:231)
	at org.apache.catalina.core.ApplicationFilterChain.doFilter(ApplicationFilterChain.java:166)
	at org.apache.tomcat.websocket.server.WsFilter.doFilter(WsFilter.java:52)
	at org.apache.catalina.core.ApplicationFilterChain.internalDoFilter(ApplicationFilterChain.java:193)
	at org.apache.catalina.core.ApplicationFilterChain.doFilter(ApplicationFilterChain.java:166)
	at org.apache.catalina.core.StandardWrapperValve.invoke(StandardWrapperValve.java:198)
	at org.apache.catalina.core.StandardContextValve.invoke(StandardContextValve.java:96)
	at org.apache.catalina.authenticator.AuthenticatorBase.invoke(AuthenticatorBase.java:493)
	at org.apache.catalina.core.StandardHostValve.invoke(StandardHostValve.java:140)
	at org.apache.catalina.valves.ErrorReportValve.invoke(ErrorReportValve.java:81)
	at org.apache.catalina.valves.AbstractAccessLogValve.invoke(AbstractAccessLogValve.java:650)
	at org.apache.catalina.core.StandardEngineValve.invoke(StandardEngineValve.java:87)
	at org.apache.catalina.connector.CoyoteAdapter.service(CoyoteAdapter.java:342)
	at org.apache.coyote.http11.Http11Processor.service(Http11Processor.java:800)
	at org.apache.coyote.AbstractProcessorLight.process(AbstractProcessorLight.java:66)
	at org.apache.coyote.AbstractProtocol$ConnectionHandler.process(AbstractProtocol.java:806)
	at org.apache.tomcat.util.net.NioEndpoint$SocketProcessor.doRun(NioEndpoint.java:1498)
	at org.apache.tomcat.util.net.SocketProcessorBase.run(SocketProcessorBase.java:49)
	at java.util.concurrent.ThreadPoolExecutor.runWorker(ThreadPoolExecutor.java:1149)
	at java.util.concurrent.ThreadPoolExecutor$Worker.run(ThreadPoolExecutor.java:624)
	at org.apache.tomcat.util.threads.TaskThread$WrappingRunnable.run(TaskThread.java:61)
	at java.lang.Thread.run(Thread.java:748)

21-Nov-2018 14:04:55.292 SEVERE [http-nio-8080-exec-1657] org.apache.catalina.core.ApplicationDispatcher.invoke Servlet.service() for servlet [jsp] threw exception
 java.lang.ClassCastException: model.Personal_Employment cannot be cast to model.Personal2
	at org.apache.jsp.content_jsp._jspService(content_jsp.java:252)
	at org.apache.jasper.runtime.HttpJspBase.service(HttpJspBase.java:70)
	at javax.servlet.http.HttpServlet.service(HttpServlet.java:742)
	at org.apache.jasper.servlet.JspServletWrapper.service(JspServletWrapper.java:457)
	at org.apache.jasper.servlet.JspServlet.serviceJspFile(JspServlet.java:386)
	at org.apache.jasper.servlet.JspServlet.service(JspServlet.java:330)
	at javax.servlet.http.HttpServlet.service(HttpServlet.java:742)
	at org.apache.catalina.core.ApplicationFilterChain.internalDoFilter(ApplicationFilterChain.java:231)
	at org.apache.catalina.core.ApplicationFilterChain.doFilter(ApplicationFilterChain.java:166)
	at org.apache.catalina.core.ApplicationDispatcher.invoke(ApplicationDispatcher.java:728)
	at org.apache.catalina.core.ApplicationDispatcher.doInclude(ApplicationDispatcher.java:591)
	at org.apache.catalina.core.ApplicationDispatcher.include(ApplicationDispatcher.java:527)
	at org.apache.jasper.runtime.JspRuntimeLibrary.include(JspRuntimeLibrary.java:892)
	at org.apache.jsp.indexAdmin_jsp._jspService(indexAdmin_jsp.java:127)
	at org.apache.jasper.runtime.HttpJspBase.service(HttpJspBase.java:70)
	at javax.servlet.http.HttpServlet.service(HttpServlet.java:742)
	at org.apache.jasper.servlet.JspServletWrapper.service(JspServletWrapper.java:457)
	at org.apache.jasper.servlet.JspServlet.serviceJspFile(JspServlet.java:386)
	at org.apache.jasper.servlet.JspServlet.service(JspServlet.java:330)
	at javax.servlet.http.HttpServlet.service(HttpServlet.java:742)
	at org.apache.catalina.core.ApplicationFilterChain.internalDoFilter(ApplicationFilterChain.java:231)
	at org.apache.catalina.core.ApplicationFilterChain.doFilter(ApplicationFilterChain.java:166)
	at org.apache.tomcat.websocket.server.WsFilter.doFilter(WsFilter.java:52)
	at org.apache.catalina.core.ApplicationFilterChain.internalDoFilter(ApplicationFilterChain.java:193)
	at org.apache.catalina.core.ApplicationFilterChain.doFilter(ApplicationFilterChain.java:166)
	at org.apache.catalina.core.StandardWrapperValve.invoke(StandardWrapperValve.java:198)
	at org.apache.catalina.core.StandardContextValve.invoke(StandardContextValve.java:96)
	at org.apache.catalina.authenticator.AuthenticatorBase.invoke(AuthenticatorBase.java:493)
	at org.apache.catalina.core.StandardHostValve.invoke(StandardHostValve.java:140)
	at org.apache.catalina.valves.ErrorReportValve.invoke(ErrorReportValve.java:81)
	at org.apache.catalina.valves.AbstractAccessLogValve.invoke(AbstractAccessLogValve.java:650)
	at org.apache.catalina.core.StandardEngineValve.invoke(StandardEngineValve.java:87)
	at org.apache.catalina.connector.CoyoteAdapter.service(CoyoteAdapter.java:342)
	at org.apache.coyote.http11.Http11Processor.service(Http11Processor.java:800)
	at org.apache.coyote.AbstractProcessorLight.process(AbstractProcessorLight.java:66)
	at org.apache.coyote.AbstractProtocol$ConnectionHandler.process(AbstractProtocol.java:806)
	at org.apache.tomcat.util.net.NioEndpoint$SocketProcessor.doRun(NioEndpoint.java:1498)
	at org.apache.tomcat.util.net.SocketProcessorBase.run(SocketProcessorBase.java:49)
	at java.util.concurrent.ThreadPoolExecutor.runWorker(ThreadPoolExecutor.java:1149)
	at java.util.concurrent.ThreadPoolExecutor$Worker.run(ThreadPoolExecutor.java:624)
	at org.apache.tomcat.util.threads.TaskThread$WrappingRunnable.run(TaskThread.java:61)
	at java.lang.Thread.run(Thread.java:748)

21-Nov-2018 14:04:55.293 SEVERE [http-nio-8080-exec-1657] org.apache.catalina.core.StandardWrapperValve.invoke Servlet.service() for servlet [jsp] in context with path [/QuanLyNhanSuVaTienLuong] threw exception [org.apache.jasper.JasperException: java.lang.ClassCastException: model.Personal_Employment cannot be cast to model.Personal2] with root cause
 java.lang.ClassCastException: model.Personal_Employment cannot be cast to model.Personal2
	at org.apache.jsp.content_jsp._jspService(content_jsp.java:252)
	at org.apache.jasper.runtime.HttpJspBase.service(HttpJspBase.java:70)
	at javax.servlet.http.HttpServlet.service(HttpServlet.java:742)
	at org.apache.jasper.servlet.JspServletWrapper.service(JspServletWrapper.java:457)
	at org.apache.jasper.servlet.JspServlet.serviceJspFile(JspServlet.java:386)
	at org.apache.jasper.servlet.JspServlet.service(JspServlet.java:330)
	at javax.servlet.http.HttpServlet.service(HttpServlet.java:742)
	at org.apache.catalina.core.ApplicationFilterChain.internalDoFilter(ApplicationFilterChain.java:231)
	at org.apache.catalina.core.ApplicationFilterChain.doFilter(ApplicationFilterChain.java:166)
	at org.apache.catalina.core.ApplicationDispatcher.invoke(ApplicationDispatcher.java:728)
	at org.apache.catalina.core.ApplicationDispatcher.doInclude(ApplicationDispatcher.java:591)
	at org.apache.catalina.core.ApplicationDispatcher.include(ApplicationDispatcher.java:527)
	at org.apache.jasper.runtime.JspRuntimeLibrary.include(JspRuntimeLibrary.java:892)
	at org.apache.jsp.indexAdmin_jsp._jspService(indexAdmin_jsp.java:127)
	at org.apache.jasper.runtime.HttpJspBase.service(HttpJspBase.java:70)
	at javax.servlet.http.HttpServlet.service(HttpServlet.java:742)
	at org.apache.jasper.servlet.JspServletWrapper.service(JspServletWrapper.java:457)
	at org.apache.jasper.servlet.JspServlet.serviceJspFile(JspServlet.java:386)
	at org.apache.jasper.servlet.JspServlet.service(JspServlet.java:330)
	at javax.servlet.http.HttpServlet.service(HttpServlet.java:742)
	at org.apache.catalina.core.ApplicationFilterChain.internalDoFilter(ApplicationFilterChain.java:231)
	at org.apache.catalina.core.ApplicationFilterChain.doFilter(ApplicationFilterChain.java:166)
	at org.apache.tomcat.websocket.server.WsFilter.doFilter(WsFilter.java:52)
	at org.apache.catalina.core.ApplicationFilterChain.internalDoFilter(ApplicationFilterChain.java:193)
	at org.apache.catalina.core.ApplicationFilterChain.doFilter(ApplicationFilterChain.java:166)
	at org.apache.catalina.core.StandardWrapperValve.invoke(StandardWrapperValve.java:198)
	at org.apache.catalina.core.StandardContextValve.invoke(StandardContextValve.java:96)
	at org.apache.catalina.authenticator.AuthenticatorBase.invoke(AuthenticatorBase.java:493)
	at org.apache.catalina.core.StandardHostValve.invoke(StandardHostValve.java:140)
	at org.apache.catalina.valves.ErrorReportValve.invoke(ErrorReportValve.java:81)
	at org.apache.catalina.valves.AbstractAccessLogValve.invoke(AbstractAccessLogValve.java:650)
	at org.apache.catalina.core.StandardEngineValve.invoke(StandardEngineValve.java:87)
	at org.apache.catalina.connector.CoyoteAdapter.service(CoyoteAdapter.java:342)
	at org.apache.coyote.http11.Http11Processor.service(Http11Processor.java:800)
	at org.apache.coyote.AbstractProcessorLight.process(AbstractProcessorLight.java:66)
	at org.apache.coyote.AbstractProtocol$ConnectionHandler.process(AbstractProtocol.java:806)
	at org.apache.tomcat.util.net.NioEndpoint$SocketProcessor.doRun(NioEndpoint.java:1498)
	at org.apache.tomcat.util.net.SocketProcessorBase.run(SocketProcessorBase.java:49)
	at java.util.concurrent.ThreadPoolExecutor.runWorker(ThreadPoolExecutor.java:1149)
	at java.util.concurrent.ThreadPoolExecutor$Worker.run(ThreadPoolExecutor.java:624)
	at org.apache.tomcat.util.threads.TaskThread$WrappingRunnable.run(TaskThread.java:61)
	at java.lang.Thread.run(Thread.java:748)

21-Nov-2018 14:04:59.943 SEVERE [http-nio-8080-exec-1645] org.apache.catalina.core.ApplicationDispatcher.invoke Servlet.service() for servlet [jsp] threw exception
 java.lang.ClassCastException: model.Personal_Employment cannot be cast to model.Personal2
	at org.apache.jsp.content_jsp._jspService(content_jsp.java:252)
	at org.apache.jasper.runtime.HttpJspBase.service(HttpJspBase.java:70)
	at javax.servlet.http.HttpServlet.service(HttpServlet.java:742)
	at org.apache.jasper.servlet.JspServletWrapper.service(JspServletWrapper.java:457)
	at org.apache.jasper.servlet.JspServlet.serviceJspFile(JspServlet.java:386)
	at org.apache.jasper.servlet.JspServlet.service(JspServlet.java:330)
	at javax.servlet.http.HttpServlet.service(HttpServlet.java:742)
	at org.apache.catalina.core.ApplicationFilterChain.internalDoFilter(ApplicationFilterChain.java:231)
	at org.apache.catalina.core.ApplicationFilterChain.doFilter(ApplicationFilterChain.java:166)
	at org.apache.catalina.core.ApplicationDispatcher.invoke(ApplicationDispatcher.java:728)
	at org.apache.catalina.core.ApplicationDispatcher.doInclude(ApplicationDispatcher.java:591)
	at org.apache.catalina.core.ApplicationDispatcher.include(ApplicationDispatcher.java:527)
	at org.apache.jasper.runtime.JspRuntimeLibrary.include(JspRuntimeLibrary.java:892)
	at org.apache.jsp.indexAdmin_jsp._jspService(indexAdmin_jsp.java:127)
	at org.apache.jasper.runtime.HttpJspBase.service(HttpJspBase.java:70)
	at javax.servlet.http.HttpServlet.service(HttpServlet.java:742)
	at org.apache.jasper.servlet.JspServletWrapper.service(JspServletWrapper.java:457)
	at org.apache.jasper.servlet.JspServlet.serviceJspFile(JspServlet.java:386)
	at org.apache.jasper.servlet.JspServlet.service(JspServlet.java:330)
	at javax.servlet.http.HttpServlet.service(HttpServlet.java:742)
	at org.apache.catalina.core.ApplicationFilterChain.internalDoFilter(ApplicationFilterChain.java:231)
	at org.apache.catalina.core.ApplicationFilterChain.doFilter(ApplicationFilterChain.java:166)
	at org.apache.tomcat.websocket.server.WsFilter.doFilter(WsFilter.java:52)
	at org.apache.catalina.core.ApplicationFilterChain.internalDoFilter(ApplicationFilterChain.java:193)
	at org.apache.catalina.core.ApplicationFilterChain.doFilter(ApplicationFilterChain.java:166)
	at org.apache.catalina.core.StandardWrapperValve.invoke(StandardWrapperValve.java:198)
	at org.apache.catalina.core.StandardContextValve.invoke(StandardContextValve.java:96)
	at org.apache.catalina.authenticator.AuthenticatorBase.invoke(AuthenticatorBase.java:493)
	at org.apache.catalina.core.StandardHostValve.invoke(StandardHostValve.java:140)
	at org.apache.catalina.valves.ErrorReportValve.invoke(ErrorReportValve.java:81)
	at org.apache.catalina.valves.AbstractAccessLogValve.invoke(AbstractAccessLogValve.java:650)
	at org.apache.catalina.core.StandardEngineValve.invoke(StandardEngineValve.java:87)
	at org.apache.catalina.connector.CoyoteAdapter.service(CoyoteAdapter.java:342)
	at org.apache.coyote.http11.Http11Processor.service(Http11Processor.java:800)
	at org.apache.coyote.AbstractProcessorLight.process(AbstractProcessorLight.java:66)
	at org.apache.coyote.AbstractProtocol$ConnectionHandler.process(AbstractProtocol.java:806)
	at org.apache.tomcat.util.net.NioEndpoint$SocketProcessor.doRun(NioEndpoint.java:1498)
	at org.apache.tomcat.util.net.SocketProcessorBase.run(SocketProcessorBase.java:49)
	at java.util.concurrent.ThreadPoolExecutor.runWorker(ThreadPoolExecutor.java:1149)
	at java.util.concurrent.ThreadPoolExecutor$Worker.run(ThreadPoolExecutor.java:624)
	at org.apache.tomcat.util.threads.TaskThread$WrappingRunnable.run(TaskThread.java:61)
	at java.lang.Thread.run(Thread.java:748)

21-Nov-2018 14:04:59.968 SEVERE [http-nio-8080-exec-1645] org.apache.catalina.core.StandardWrapperValve.invoke Servlet.service() for servlet [jsp] in context with path [/QuanLyNhanSuVaTienLuong] threw exception [org.apache.jasper.JasperException: java.lang.ClassCastException: model.Personal_Employment cannot be cast to model.Personal2] with root cause
 java.lang.ClassCastException: model.Personal_Employment cannot be cast to model.Personal2
	at org.apache.jsp.content_jsp._jspService(content_jsp.java:252)
	at org.apache.jasper.runtime.HttpJspBase.service(HttpJspBase.java:70)
	at javax.servlet.http.HttpServlet.service(HttpServlet.java:742)
	at org.apache.jasper.servlet.JspServletWrapper.service(JspServletWrapper.java:457)
	at org.apache.jasper.servlet.JspServlet.serviceJspFile(JspServlet.java:386)
	at org.apache.jasper.servlet.JspServlet.service(JspServlet.java:330)
	at javax.servlet.http.HttpServlet.service(HttpServlet.java:742)
	at org.apache.catalina.core.ApplicationFilterChain.internalDoFilter(ApplicationFilterChain.java:231)
	at org.apache.catalina.core.ApplicationFilterChain.doFilter(ApplicationFilterChain.java:166)
	at org.apache.catalina.core.ApplicationDispatcher.invoke(ApplicationDispatcher.java:728)
	at org.apache.catalina.core.ApplicationDispatcher.doInclude(ApplicationDispatcher.java:591)
	at org.apache.catalina.core.ApplicationDispatcher.include(ApplicationDispatcher.java:527)
	at org.apache.jasper.runtime.JspRuntimeLibrary.include(JspRuntimeLibrary.java:892)
	at org.apache.jsp.indexAdmin_jsp._jspService(indexAdmin_jsp.java:127)
	at org.apache.jasper.runtime.HttpJspBase.service(HttpJspBase.java:70)
	at javax.servlet.http.HttpServlet.service(HttpServlet.java:742)
	at org.apache.jasper.servlet.JspServletWrapper.service(JspServletWrapper.java:457)
	at org.apache.jasper.servlet.JspServlet.serviceJspFile(JspServlet.java:386)
	at org.apache.jasper.servlet.JspServlet.service(JspServlet.java:330)
	at javax.servlet.http.HttpServlet.service(HttpServlet.java:742)
	at org.apache.catalina.core.ApplicationFilterChain.internalDoFilter(ApplicationFilterChain.java:231)
	at org.apache.catalina.core.ApplicationFilterChain.doFilter(ApplicationFilterChain.java:166)
	at org.apache.tomcat.websocket.server.WsFilter.doFilter(WsFilter.java:52)
	at org.apache.catalina.core.ApplicationFilterChain.internalDoFilter(ApplicationFilterChain.java:193)
	at org.apache.catalina.core.ApplicationFilterChain.doFilter(ApplicationFilterChain.java:166)
	at org.apache.catalina.core.StandardWrapperValve.invoke(StandardWrapperValve.java:198)
	at org.apache.catalina.core.StandardContextValve.invoke(StandardContextValve.java:96)
	at org.apache.catalina.authenticator.AuthenticatorBase.invoke(AuthenticatorBase.java:493)
	at org.apache.catalina.core.StandardHostValve.invoke(StandardHostValve.java:140)
	at org.apache.catalina.valves.ErrorReportValve.invoke(ErrorReportValve.java:81)
	at org.apache.catalina.valves.AbstractAccessLogValve.invoke(AbstractAccessLogValve.java:650)
	at org.apache.catalina.core.StandardEngineValve.invoke(StandardEngineValve.java:87)
	at org.apache.catalina.connector.CoyoteAdapter.service(CoyoteAdapter.java:342)
	at org.apache.coyote.http11.Http11Processor.service(Http11Processor.java:800)
	at org.apache.coyote.AbstractProcessorLight.process(AbstractProcessorLight.java:66)
	at org.apache.coyote.AbstractProtocol$ConnectionHandler.process(AbstractProtocol.java:806)
	at org.apache.tomcat.util.net.NioEndpoint$SocketProcessor.doRun(NioEndpoint.java:1498)
	at org.apache.tomcat.util.net.SocketProcessorBase.run(SocketProcessorBase.java:49)
	at java.util.concurrent.ThreadPoolExecutor.runWorker(ThreadPoolExecutor.java:1149)
	at java.util.concurrent.ThreadPoolExecutor$Worker.run(ThreadPoolExecutor.java:624)
	at org.apache.tomcat.util.threads.TaskThread$WrappingRunnable.run(TaskThread.java:61)
	at java.lang.Thread.run(Thread.java:748)

21-Nov-2018 14:05:30.364 SEVERE [http-nio-8080-exec-1658] org.apache.catalina.core.ApplicationDispatcher.invoke Servlet.service() for servlet [jsp] threw exception
 java.lang.ClassCastException: model.Personal_Employment cannot be cast to model.Personal2
	at org.apache.jsp.content_jsp._jspService(content_jsp.java:252)
	at org.apache.jasper.runtime.HttpJspBase.service(HttpJspBase.java:70)
	at javax.servlet.http.HttpServlet.service(HttpServlet.java:742)
	at org.apache.jasper.servlet.JspServletWrapper.service(JspServletWrapper.java:457)
	at org.apache.jasper.servlet.JspServlet.serviceJspFile(JspServlet.java:386)
	at org.apache.jasper.servlet.JspServlet.service(JspServlet.java:330)
	at javax.servlet.http.HttpServlet.service(HttpServlet.java:742)
	at org.apache.catalina.core.ApplicationFilterChain.internalDoFilter(ApplicationFilterChain.java:231)
	at org.apache.catalina.core.ApplicationFilterChain.doFilter(ApplicationFilterChain.java:166)
	at org.apache.catalina.core.ApplicationDispatcher.invoke(ApplicationDispatcher.java:728)
	at org.apache.catalina.core.ApplicationDispatcher.doInclude(ApplicationDispatcher.java:591)
	at org.apache.catalina.core.ApplicationDispatcher.include(ApplicationDispatcher.java:527)
	at org.apache.jasper.runtime.JspRuntimeLibrary.include(JspRuntimeLibrary.java:892)
	at org.apache.jsp.indexAdmin_jsp._jspService(indexAdmin_jsp.java:127)
	at org.apache.jasper.runtime.HttpJspBase.service(HttpJspBase.java:70)
	at javax.servlet.http.HttpServlet.service(HttpServlet.java:742)
	at org.apache.jasper.servlet.JspServletWrapper.service(JspServletWrapper.java:457)
	at org.apache.jasper.servlet.JspServlet.serviceJspFile(JspServlet.java:386)
	at org.apache.jasper.servlet.JspServlet.service(JspServlet.java:330)
	at javax.servlet.http.HttpServlet.service(HttpServlet.java:742)
	at org.apache.catalina.core.ApplicationFilterChain.internalDoFilter(ApplicationFilterChain.java:231)
	at org.apache.catalina.core.ApplicationFilterChain.doFilter(ApplicationFilterChain.java:166)
	at org.apache.tomcat.websocket.server.WsFilter.doFilter(WsFilter.java:52)
	at org.apache.catalina.core.ApplicationFilterChain.internalDoFilter(ApplicationFilterChain.java:193)
	at org.apache.catalina.core.ApplicationFilterChain.doFilter(ApplicationFilterChain.java:166)
	at org.apache.catalina.core.StandardWrapperValve.invoke(StandardWrapperValve.java:198)
	at org.apache.catalina.core.StandardContextValve.invoke(StandardContextValve.java:96)
	at org.apache.catalina.authenticator.AuthenticatorBase.invoke(AuthenticatorBase.java:493)
	at org.apache.catalina.core.StandardHostValve.invoke(StandardHostValve.java:140)
	at org.apache.catalina.valves.ErrorReportValve.invoke(ErrorReportValve.java:81)
	at org.apache.catalina.valves.AbstractAccessLogValve.invoke(AbstractAccessLogValve.java:650)
	at org.apache.catalina.core.StandardEngineValve.invoke(StandardEngineValve.java:87)
	at org.apache.catalina.connector.CoyoteAdapter.service(CoyoteAdapter.java:342)
	at org.apache.coyote.http11.Http11Processor.service(Http11Processor.java:800)
	at org.apache.coyote.AbstractProcessorLight.process(AbstractProcessorLight.java:66)
	at org.apache.coyote.AbstractProtocol$ConnectionHandler.process(AbstractProtocol.java:806)
	at org.apache.tomcat.util.net.NioEndpoint$SocketProcessor.doRun(NioEndpoint.java:1498)
	at org.apache.tomcat.util.net.SocketProcessorBase.run(SocketProcessorBase.java:49)
	at java.util.concurrent.ThreadPoolExecutor.runWorker(ThreadPoolExecutor.java:1149)
	at java.util.concurrent.ThreadPoolExecutor$Worker.run(ThreadPoolExecutor.java:624)
	at org.apache.tomcat.util.threads.TaskThread$WrappingRunnable.run(TaskThread.java:61)
	at java.lang.Thread.run(Thread.java:748)

21-Nov-2018 14:05:30.536 SEVERE [http-nio-8080-exec-1658] org.apache.catalina.core.StandardWrapperValve.invoke Servlet.service() for servlet [jsp] in context with path [/QuanLyNhanSuVaTienLuong] threw exception [org.apache.jasper.JasperException: java.lang.ClassCastException: model.Personal_Employment cannot be cast to model.Personal2] with root cause
 java.lang.ClassCastException: model.Personal_Employment cannot be cast to model.Personal2
	at org.apache.jsp.content_jsp._jspService(content_jsp.java:252)
	at org.apache.jasper.runtime.HttpJspBase.service(HttpJspBase.java:70)
	at javax.servlet.http.HttpServlet.service(HttpServlet.java:742)
	at org.apache.jasper.servlet.JspServletWrapper.service(JspServletWrapper.java:457)
	at org.apache.jasper.servlet.JspServlet.serviceJspFile(JspServlet.java:386)
	at org.apache.jasper.servlet.JspServlet.service(JspServlet.java:330)
	at javax.servlet.http.HttpServlet.service(HttpServlet.java:742)
	at org.apache.catalina.core.ApplicationFilterChain.internalDoFilter(ApplicationFilterChain.java:231)
	at org.apache.catalina.core.ApplicationFilterChain.doFilter(ApplicationFilterChain.java:166)
	at org.apache.catalina.core.ApplicationDispatcher.invoke(ApplicationDispatcher.java:728)
	at org.apache.catalina.core.ApplicationDispatcher.doInclude(ApplicationDispatcher.java:591)
	at org.apache.catalina.core.ApplicationDispatcher.include(ApplicationDispatcher.java:527)
	at org.apache.jasper.runtime.JspRuntimeLibrary.include(JspRuntimeLibrary.java:892)
	at org.apache.jsp.indexAdmin_jsp._jspService(indexAdmin_jsp.java:127)
	at org.apache.jasper.runtime.HttpJspBase.service(HttpJspBase.java:70)
	at javax.servlet.http.HttpServlet.service(HttpServlet.java:742)
	at org.apache.jasper.servlet.JspServletWrapper.service(JspServletWrapper.java:457)
	at org.apache.jasper.servlet.JspServlet.serviceJspFile(JspServlet.java:386)
	at org.apache.jasper.servlet.JspServlet.service(JspServlet.java:330)
	at javax.servlet.http.HttpServlet.service(HttpServlet.java:742)
	at org.apache.catalina.core.ApplicationFilterChain.internalDoFilter(ApplicationFilterChain.java:231)
	at org.apache.catalina.core.ApplicationFilterChain.doFilter(ApplicationFilterChain.java:166)
	at org.apache.tomcat.websocket.server.WsFilter.doFilter(WsFilter.java:52)
	at org.apache.catalina.core.ApplicationFilterChain.internalDoFilter(ApplicationFilterChain.java:193)
	at org.apache.catalina.core.ApplicationFilterChain.doFilter(ApplicationFilterChain.java:166)
	at org.apache.catalina.core.StandardWrapperValve.invoke(StandardWrapperValve.java:198)
	at org.apache.catalina.core.StandardContextValve.invoke(StandardContextValve.java:96)
	at org.apache.catalina.authenticator.AuthenticatorBase.invoke(AuthenticatorBase.java:493)
	at org.apache.catalina.core.StandardHostValve.invoke(StandardHostValve.java:140)
	at org.apache.catalina.valves.ErrorReportValve.invoke(ErrorReportValve.java:81)
	at org.apache.catalina.valves.AbstractAccessLogValve.invoke(AbstractAccessLogValve.java:650)
	at org.apache.catalina.core.StandardEngineValve.invoke(StandardEngineValve.java:87)
	at org.apache.catalina.connector.CoyoteAdapter.service(CoyoteAdapter.java:342)
	at org.apache.coyote.http11.Http11Processor.service(Http11Processor.java:800)
	at org.apache.coyote.AbstractProcessorLight.process(AbstractProcessorLight.java:66)
	at org.apache.coyote.AbstractProtocol$ConnectionHandler.process(AbstractProtocol.java:806)
	at org.apache.tomcat.util.net.NioEndpoint$SocketProcessor.doRun(NioEndpoint.java:1498)
	at org.apache.tomcat.util.net.SocketProcessorBase.run(SocketProcessorBase.java:49)
	at java.util.concurrent.ThreadPoolExecutor.runWorker(ThreadPoolExecutor.java:1149)
	at java.util.concurrent.ThreadPoolExecutor$Worker.run(ThreadPoolExecutor.java:624)
	at org.apache.tomcat.util.threads.TaskThread$WrappingRunnable.run(TaskThread.java:61)
	at java.lang.Thread.run(Thread.java:748)

21-Nov-2018 14:05:37.105 SEVERE [2410] org.apache.catalina.core.ApplicationDispatcher.invoke Servlet.service() for servlet [jsp] threw exception
 java.lang.ClassCastException: model.Personal_Employment cannot be cast to model.Personal2
	at org.apache.jsp.content_jsp._jspService(content_jsp.java:252)
	at org.apache.jasper.runtime.HttpJspBase.service(HttpJspBase.java:70)
	at javax.servlet.http.HttpServlet.service(HttpServlet.java:742)
	at org.apache.jasper.servlet.JspServletWrapper.service(JspServletWrapper.java:457)
	at org.apache.jasper.servlet.JspServlet.serviceJspFile(JspServlet.java:386)
	at org.apache.jasper.servlet.JspServlet.service(JspServlet.java:330)
	at javax.servlet.http.HttpServlet.service(HttpServlet.java:742)
	at org.apache.catalina.core.ApplicationFilterChain.internalDoFilter(ApplicationFilterChain.java:231)
	at org.apache.catalina.core.ApplicationFilterChain.doFilter(ApplicationFilterChain.java:166)
	at org.apache.catalina.core.ApplicationDispatcher.invoke(ApplicationDispatcher.java:728)
	at org.apache.catalina.core.ApplicationDispatcher.doInclude(ApplicationDispatcher.java:591)
	at org.apache.catalina.core.ApplicationDispatcher.include(ApplicationDispatcher.java:527)
	at org.apache.jasper.runtime.JspRuntimeLibrary.include(JspRuntimeLibrary.java:892)
	at org.apache.jsp.indexAdmin_jsp._jspService(indexAdmin_jsp.java:127)
	at org.apache.jasper.runtime.HttpJspBase.service(HttpJspBase.java:70)
	at javax.servlet.http.HttpServlet.service(HttpServlet.java:742)
	at org.apache.jasper.servlet.JspServletWrapper.service(JspServletWrapper.java:457)
	at org.apache.jasper.servlet.JspServlet.serviceJspFile(JspServlet.java:386)
	at org.apache.jasper.servlet.JspServlet.service(JspServlet.java:330)
	at javax.servlet.http.HttpServlet.service(HttpServlet.java:742)
	at org.apache.catalina.core.ApplicationFilterChain.internalDoFilter(ApplicationFilterChain.java:231)
	at org.apache.catalina.core.ApplicationFilterChain.doFilter(ApplicationFilterChain.java:166)
	at org.apache.tomcat.websocket.server.WsFilter.doFilter(WsFilter.java:52)
	at org.apache.catalina.core.ApplicationFilterChain.internalDoFilter(ApplicationFilterChain.java:193)
	at org.apache.catalina.core.ApplicationFilterChain.doFilter(ApplicationFilterChain.java:166)
	at org.apache.catalina.core.StandardWrapperValve.invoke(StandardWrapperValve.java:198)
	at org.apache.catalina.core.StandardContextValve.invoke(StandardContextValve.java:96)
	at org.apache.catalina.authenticator.AuthenticatorBase.invoke(AuthenticatorBase.java:493)
	at org.apache.catalina.core.StandardHostValve.invoke(StandardHostValve.java:140)
	at org.apache.catalina.valves.ErrorReportValve.invoke(ErrorReportValve.java:81)
	at org.apache.catalina.valves.AbstractAccessLogValve.invoke(AbstractAccessLogValve.java:650)
	at org.apache.catalina.core.StandardEngineValve.invoke(StandardEngineValve.java:87)
	at org.apache.catalina.connector.CoyoteAdapter.service(CoyoteAdapter.java:342)
	at org.apache.coyote.http11.Http11Processor.service(Http11Processor.java:800)
	at org.apache.coyote.AbstractProcessorLight.process(AbstractProcessorLight.java:66)
	at org.apache.coyote.AbstractProtocol$ConnectionHandler.process(AbstractProtocol.java:806)
	at org.apache.tomcat.util.net.NioEndpoint$SocketProcessor.doRun(NioEndpoint.java:1498)
	at org.apache.tomcat.util.net.SocketProcessorBase.run(SocketProcessorBase.java:49)
	at java.util.concurrent.ThreadPoolExecutor.runWorker(ThreadPoolExecutor.java:1149)
	at java.util.concurrent.ThreadPoolExecutor$Worker.run(ThreadPoolExecutor.java:624)
	at org.apache.tomcat.util.threads.TaskThread$WrappingRunnable.run(TaskThread.java:61)
	at java.lang.Thread.run(Thread.java:748)

21-Nov-2018 14:05:37.106 SEVERE [2410] org.apache.catalina.core.StandardWrapperValve.invoke Servlet.service() for servlet [jsp] in context with path [/QuanLyNhanSuVaTienLuong] threw exception [org.apache.jasper.JasperException: java.lang.ClassCastException: model.Personal_Employment cannot be cast to model.Personal2] with root cause
 java.lang.ClassCastException: model.Personal_Employment cannot be cast to model.Personal2
	at org.apache.jsp.content_jsp._jspService(content_jsp.java:252)
	at org.apache.jasper.runtime.HttpJspBase.service(HttpJspBase.java:70)
	at javax.servlet.http.HttpServlet.service(HttpServlet.java:742)
	at org.apache.jasper.servlet.JspServletWrapper.service(JspServletWrapper.java:457)
	at org.apache.jasper.servlet.JspServlet.serviceJspFile(JspServlet.java:386)
	at org.apache.jasper.servlet.JspServlet.service(JspServlet.java:330)
	at javax.servlet.http.HttpServlet.service(HttpServlet.java:742)
	at org.apache.catalina.core.ApplicationFilterChain.internalDoFilter(ApplicationFilterChain.java:231)
	at org.apache.catalina.core.ApplicationFilterChain.doFilter(ApplicationFilterChain.java:166)
	at org.apache.catalina.core.ApplicationDispatcher.invoke(ApplicationDispatcher.java:728)
	at org.apache.catalina.core.ApplicationDispatcher.doInclude(ApplicationDispatcher.java:591)
	at org.apache.catalina.core.ApplicationDispatcher.include(ApplicationDispatcher.java:527)
	at org.apache.jasper.runtime.JspRuntimeLibrary.include(JspRuntimeLibrary.java:892)
	at org.apache.jsp.indexAdmin_jsp._jspService(indexAdmin_jsp.java:127)
	at org.apache.jasper.runtime.HttpJspBase.service(HttpJspBase.java:70)
	at javax.servlet.http.HttpServlet.service(HttpServlet.java:742)
	at org.apache.jasper.servlet.JspServletWrapper.service(JspServletWrapper.java:457)
	at org.apache.jasper.servlet.JspServlet.serviceJspFile(JspServlet.java:386)
	at org.apache.jasper.servlet.JspServlet.service(JspServlet.java:330)
	at javax.servlet.http.HttpServlet.service(HttpServlet.java:742)
	at org.apache.catalina.core.ApplicationFilterChain.internalDoFilter(ApplicationFilterChain.java:231)
	at org.apache.catalina.core.ApplicationFilterChain.doFilter(ApplicationFilterChain.java:166)
	at org.apache.tomcat.websocket.server.WsFilter.doFilter(WsFilter.java:52)
	at org.apache.catalina.core.ApplicationFilterChain.internalDoFilter(ApplicationFilterChain.java:193)
	at org.apache.catalina.core.ApplicationFilterChain.doFilter(ApplicationFilterChain.java:166)
	at org.apache.catalina.core.StandardWrapperValve.invoke(StandardWrapperValve.java:198)
	at org.apache.catalina.core.StandardContextValve.invoke(StandardContextValve.java:96)
	at org.apache.catalina.authenticator.AuthenticatorBase.invoke(AuthenticatorBase.java:493)
	at org.apache.catalina.core.StandardHostValve.invoke(StandardHostValve.java:140)
	at org.apache.catalina.valves.ErrorReportValve.invoke(ErrorReportValve.java:81)
	at org.apache.catalina.valves.AbstractAccessLogValve.invoke(AbstractAccessLogValve.java:650)
	at org.apache.catalina.core.StandardEngineValve.invoke(StandardEngineValve.java:87)
	at org.apache.catalina.connector.CoyoteAdapter.service(CoyoteAdapter.java:342)
	at org.apache.coyote.http11.Http11Processor.service(Http11Processor.java:800)
	at org.apache.coyote.AbstractProcessorLight.process(AbstractProcessorLight.java:66)
	at org.apache.coyote.AbstractProtocol$ConnectionHandler.process(AbstractProtocol.java:806)
	at org.apache.tomcat.util.net.NioEndpoint$SocketProcessor.doRun(NioEndpoint.java:1498)
	at org.apache.tomcat.util.net.SocketProcessorBase.run(SocketProcessorBase.java:49)
	at java.util.concurrent.ThreadPoolExecutor.runWorker(ThreadPoolExecutor.java:1149)
	at java.util.concurrent.ThreadPoolExecutor$Worker.run(ThreadPoolExecutor.java:624)
	at org.apache.tomcat.util.threads.TaskThread$WrappingRunnable.run(TaskThread.java:61)
	at java.lang.Thread.run(Thread.java:748)

21-Nov-2018 14:05:54.771 SEVERE [2437] org.apache.catalina.core.ApplicationDispatcher.invoke Servlet.service() for servlet [jsp] threw exception
 java.lang.ClassCastException: model.Personal_Employment cannot be cast to model.Personal2
	at org.apache.jsp.content_jsp._jspService(content_jsp.java:252)
	at org.apache.jasper.runtime.HttpJspBase.service(HttpJspBase.java:70)
	at javax.servlet.http.HttpServlet.service(HttpServlet.java:742)
	at org.apache.jasper.servlet.JspServletWrapper.service(JspServletWrapper.java:457)
	at org.apache.jasper.servlet.JspServlet.serviceJspFile(JspServlet.java:386)
	at org.apache.jasper.servlet.JspServlet.service(JspServlet.java:330)
	at javax.servlet.http.HttpServlet.service(HttpServlet.java:742)
	at org.apache.catalina.core.ApplicationFilterChain.internalDoFilter(ApplicationFilterChain.java:231)
	at org.apache.catalina.core.ApplicationFilterChain.doFilter(ApplicationFilterChain.java:166)
	at org.apache.catalina.core.ApplicationDispatcher.invoke(ApplicationDispatcher.java:728)
	at org.apache.catalina.core.ApplicationDispatcher.doInclude(ApplicationDispatcher.java:591)
	at org.apache.catalina.core.ApplicationDispatcher.include(ApplicationDispatcher.java:527)
	at org.apache.jasper.runtime.JspRuntimeLibrary.include(JspRuntimeLibrary.java:892)
	at org.apache.jsp.indexAdmin_jsp._jspService(indexAdmin_jsp.java:127)
	at org.apache.jasper.runtime.HttpJspBase.service(HttpJspBase.java:70)
	at javax.servlet.http.HttpServlet.service(HttpServlet.java:742)
	at org.apache.jasper.servlet.JspServletWrapper.service(JspServletWrapper.java:457)
	at org.apache.jasper.servlet.JspServlet.serviceJspFile(JspServlet.java:386)
	at org.apache.jasper.servlet.JspServlet.service(JspServlet.java:330)
	at javax.servlet.http.HttpServlet.service(HttpServlet.java:742)
	at org.apache.catalina.core.ApplicationFilterChain.internalDoFilter(ApplicationFilterChain.java:231)
	at org.apache.catalina.core.ApplicationFilterChain.doFilter(ApplicationFilterChain.java:166)
	at org.apache.tomcat.websocket.server.WsFilter.doFilter(WsFilter.java:52)
	at org.apache.catalina.core.ApplicationFilterChain.internalDoFilter(ApplicationFilterChain.java:193)
	at org.apache.catalina.core.ApplicationFilterChain.doFilter(ApplicationFilterChain.java:166)
	at org.apache.catalina.core.StandardWrapperValve.invoke(StandardWrapperValve.java:198)
	at org.apache.catalina.core.StandardContextValve.invoke(StandardContextValve.java:96)
	at org.apache.catalina.authenticator.AuthenticatorBase.invoke(AuthenticatorBase.java:493)
	at org.apache.catalina.core.StandardHostValve.invoke(StandardHostValve.java:140)
	at org.apache.catalina.valves.ErrorReportValve.invoke(ErrorReportValve.java:81)
	at org.apache.catalina.valves.AbstractAccessLogValve.invoke(AbstractAccessLogValve.java:650)
	at org.apache.catalina.core.StandardEngineValve.invoke(StandardEngineValve.java:87)
	at org.apache.catalina.connector.CoyoteAdapter.service(CoyoteAdapter.java:342)
	at org.apache.coyote.http11.Http11Processor.service(Http11Processor.java:800)
	at org.apache.coyote.AbstractProcessorLight.process(AbstractProcessorLight.java:66)
	at org.apache.coyote.AbstractProtocol$ConnectionHandler.process(AbstractProtocol.java:806)
	at org.apache.tomcat.util.net.NioEndpoint$SocketProcessor.doRun(NioEndpoint.java:1498)
	at org.apache.tomcat.util.net.SocketProcessorBase.run(SocketProcessorBase.java:49)
	at java.util.concurrent.ThreadPoolExecutor.runWorker(ThreadPoolExecutor.java:1149)
	at java.util.concurrent.ThreadPoolExecutor$Worker.run(ThreadPoolExecutor.java:624)
	at org.apache.tomcat.util.threads.TaskThread$WrappingRunnable.run(TaskThread.java:61)
	at java.lang.Thread.run(Thread.java:748)

21-Nov-2018 14:05:54.771 SEVERE [2437] org.apache.catalina.core.StandardWrapperValve.invoke Servlet.service() for servlet [jsp] in context with path [/QuanLyNhanSuVaTienLuong] threw exception [org.apache.jasper.JasperException: java.lang.ClassCastException: model.Personal_Employment cannot be cast to model.Personal2] with root cause
 java.lang.ClassCastException: model.Personal_Employment cannot be cast to model.Personal2
	at org.apache.jsp.content_jsp._jspService(content_jsp.java:252)
	at org.apache.jasper.runtime.HttpJspBase.service(HttpJspBase.java:70)
	at javax.servlet.http.HttpServlet.service(HttpServlet.java:742)
	at org.apache.jasper.servlet.JspServletWrapper.service(JspServletWrapper.java:457)
	at org.apache.jasper.servlet.JspServlet.serviceJspFile(JspServlet.java:386)
	at org.apache.jasper.servlet.JspServlet.service(JspServlet.java:330)
	at javax.servlet.http.HttpServlet.service(HttpServlet.java:742)
	at org.apache.catalina.core.ApplicationFilterChain.internalDoFilter(ApplicationFilterChain.java:231)
	at org.apache.catalina.core.ApplicationFilterChain.doFilter(ApplicationFilterChain.java:166)
	at org.apache.catalina.core.ApplicationDispatcher.invoke(ApplicationDispatcher.java:728)
	at org.apache.catalina.core.ApplicationDispatcher.doInclude(ApplicationDispatcher.java:591)
	at org.apache.catalina.core.ApplicationDispatcher.include(ApplicationDispatcher.java:527)
	at org.apache.jasper.runtime.JspRuntimeLibrary.include(JspRuntimeLibrary.java:892)
	at org.apache.jsp.indexAdmin_jsp._jspService(indexAdmin_jsp.java:127)
	at org.apache.jasper.runtime.HttpJspBase.service(HttpJspBase.java:70)
	at javax.servlet.http.HttpServlet.service(HttpServlet.java:742)
	at org.apache.jasper.servlet.JspServletWrapper.service(JspServletWrapper.java:457)
	at org.apache.jasper.servlet.JspServlet.serviceJspFile(JspServlet.java:386)
	at org.apache.jasper.servlet.JspServlet.service(JspServlet.java:330)
	at javax.servlet.http.HttpServlet.service(HttpServlet.java:742)
	at org.apache.catalina.core.ApplicationFilterChain.internalDoFilter(ApplicationFilterChain.java:231)
	at org.apache.catalina.core.ApplicationFilterChain.doFilter(ApplicationFilterChain.java:166)
	at org.apache.tomcat.websocket.server.WsFilter.doFilter(WsFilter.java:52)
	at org.apache.catalina.core.ApplicationFilterChain.internalDoFilter(ApplicationFilterChain.java:193)
	at org.apache.catalina.core.ApplicationFilterChain.doFilter(ApplicationFilterChain.java:166)
	at org.apache.catalina.core.StandardWrapperValve.invoke(StandardWrapperValve.java:198)
	at org.apache.catalina.core.StandardContextValve.invoke(StandardContextValve.java:96)
	at org.apache.catalina.authenticator.AuthenticatorBase.invoke(AuthenticatorBase.java:493)
	at org.apache.catalina.core.StandardHostValve.invoke(StandardHostValve.java:140)
	at org.apache.catalina.valves.ErrorReportValve.invoke(ErrorReportValve.java:81)
	at org.apache.catalina.valves.AbstractAccessLogValve.invoke(AbstractAccessLogValve.java:650)
	at org.apache.catalina.core.StandardEngineValve.invoke(StandardEngineValve.java:87)
	at org.apache.catalina.connector.CoyoteAdapter.service(CoyoteAdapter.java:342)
	at org.apache.coyote.http11.Http11Processor.service(Http11Processor.java:800)
	at org.apache.coyote.AbstractProcessorLight.process(AbstractProcessorLight.java:66)
	at org.apache.coyote.AbstractProtocol$ConnectionHandler.process(AbstractProtocol.java:806)
	at org.apache.tomcat.util.net.NioEndpoint$SocketProcessor.doRun(NioEndpoint.java:1498)
	at org.apache.tomcat.util.net.SocketProcessorBase.run(SocketProcessorBase.java:49)
	at java.util.concurrent.ThreadPoolExecutor.runWorker(ThreadPoolExecutor.java:1149)
	at java.util.concurrent.ThreadPoolExecutor$Worker.run(ThreadPoolExecutor.java:624)
	at org.apache.tomcat.util.threads.TaskThread$WrappingRunnable.run(TaskThread.java:61)
	at java.lang.Thread.run(Thread.java:748)

21-Nov-2018 14:06:31.888 SEVERE [http-nio-8080-exec-1664] org.apache.catalina.core.ApplicationDispatcher.invoke Servlet.service() for servlet [jsp] threw exception
 java.lang.ClassCastException: model.Personal_Employment cannot be cast to model.Personal2
	at org.apache.jsp.content_jsp._jspService(content_jsp.java:252)
	at org.apache.jasper.runtime.HttpJspBase.service(HttpJspBase.java:70)
	at javax.servlet.http.HttpServlet.service(HttpServlet.java:742)
	at org.apache.jasper.servlet.JspServletWrapper.service(JspServletWrapper.java:457)
	at org.apache.jasper.servlet.JspServlet.serviceJspFile(JspServlet.java:386)
	at org.apache.jasper.servlet.JspServlet.service(JspServlet.java:330)
	at javax.servlet.http.HttpServlet.service(HttpServlet.java:742)
	at org.apache.catalina.core.ApplicationFilterChain.internalDoFilter(ApplicationFilterChain.java:231)
	at org.apache.catalina.core.ApplicationFilterChain.doFilter(ApplicationFilterChain.java:166)
	at org.apache.catalina.core.ApplicationDispatcher.invoke(ApplicationDispatcher.java:728)
	at org.apache.catalina.core.ApplicationDispatcher.doInclude(ApplicationDispatcher.java:591)
	at org.apache.catalina.core.ApplicationDispatcher.include(ApplicationDispatcher.java:527)
	at org.apache.jasper.runtime.JspRuntimeLibrary.include(JspRuntimeLibrary.java:892)
	at org.apache.jsp.indexAdmin_jsp._jspService(indexAdmin_jsp.java:127)
	at org.apache.jasper.runtime.HttpJspBase.service(HttpJspBase.java:70)
	at javax.servlet.http.HttpServlet.service(HttpServlet.java:742)
	at org.apache.jasper.servlet.JspServletWrapper.service(JspServletWrapper.java:457)
	at org.apache.jasper.servlet.JspServlet.serviceJspFile(JspServlet.java:386)
	at org.apache.jasper.servlet.JspServlet.service(JspServlet.java:330)
	at javax.servlet.http.HttpServlet.service(HttpServlet.java:742)
	at org.apache.catalina.core.ApplicationFilterChain.internalDoFilter(ApplicationFilterChain.java:231)
	at org.apache.catalina.core.ApplicationFilterChain.doFilter(ApplicationFilterChain.java:166)
	at org.apache.tomcat.websocket.server.WsFilter.doFilter(WsFilter.java:52)
	at org.apache.catalina.core.ApplicationFilterChain.internalDoFilter(ApplicationFilterChain.java:193)
	at org.apache.catalina.core.ApplicationFilterChain.doFilter(ApplicationFilterChain.java:166)
	at org.apache.catalina.core.StandardWrapperValve.invoke(StandardWrapperValve.java:198)
	at org.apache.catalina.core.StandardContextValve.invoke(StandardContextValve.java:96)
	at org.apache.catalina.authenticator.AuthenticatorBase.invoke(AuthenticatorBase.java:493)
	at org.apache.catalina.core.StandardHostValve.invoke(StandardHostValve.java:140)
	at org.apache.catalina.valves.ErrorReportValve.invoke(ErrorReportValve.java:81)
	at org.apache.catalina.valves.AbstractAccessLogValve.invoke(AbstractAccessLogValve.java:650)
	at org.apache.catalina.core.StandardEngineValve.invoke(StandardEngineValve.java:87)
	at org.apache.catalina.connector.CoyoteAdapter.service(CoyoteAdapter.java:342)
	at org.apache.coyote.http11.Http11Processor.service(Http11Processor.java:800)
	at org.apache.coyote.AbstractProcessorLight.process(AbstractProcessorLight.java:66)
	at org.apache.coyote.AbstractProtocol$ConnectionHandler.process(AbstractProtocol.java:806)
	at org.apache.tomcat.util.net.NioEndpoint$SocketProcessor.doRun(NioEndpoint.java:1498)
	at org.apache.tomcat.util.net.SocketProcessorBase.run(SocketProcessorBase.java:49)
	at java.util.concurrent.ThreadPoolExecutor.runWorker(ThreadPoolExecutor.java:1149)
	at java.util.concurrent.ThreadPoolExecutor$Worker.run(ThreadPoolExecutor.java:624)
	at org.apache.tomcat.util.threads.TaskThread$WrappingRunnable.run(TaskThread.java:61)
	at java.lang.Thread.run(Thread.java:748)

21-Nov-2018 14:06:31.889 SEVERE [http-nio-8080-exec-1664] org.apache.catalina.core.StandardWrapperValve.invoke Servlet.service() for servlet [jsp] in context with path [/QuanLyNhanSuVaTienLuong] threw exception [org.apache.jasper.JasperException: java.lang.ClassCastException: model.Personal_Employment cannot be cast to model.Personal2] with root cause
 java.lang.ClassCastException: model.Personal_Employment cannot be cast to model.Personal2
	at org.apache.jsp.content_jsp._jspService(content_jsp.java:252)
	at org.apache.jasper.runtime.HttpJspBase.service(HttpJspBase.java:70)
	at javax.servlet.http.HttpServlet.service(HttpServlet.java:742)
	at org.apache.jasper.servlet.JspServletWrapper.service(JspServletWrapper.java:457)
	at org.apache.jasper.servlet.JspServlet.serviceJspFile(JspServlet.java:386)
	at org.apache.jasper.servlet.JspServlet.service(JspServlet.java:330)
	at javax.servlet.http.HttpServlet.service(HttpServlet.java:742)
	at org.apache.catalina.core.ApplicationFilterChain.internalDoFilter(ApplicationFilterChain.java:231)
	at org.apache.catalina.core.ApplicationFilterChain.doFilter(ApplicationFilterChain.java:166)
	at org.apache.catalina.core.ApplicationDispatcher.invoke(ApplicationDispatcher.java:728)
	at org.apache.catalina.core.ApplicationDispatcher.doInclude(ApplicationDispatcher.java:591)
	at org.apache.catalina.core.ApplicationDispatcher.include(ApplicationDispatcher.java:527)
	at org.apache.jasper.runtime.JspRuntimeLibrary.include(JspRuntimeLibrary.java:892)
	at org.apache.jsp.indexAdmin_jsp._jspService(indexAdmin_jsp.java:127)
	at org.apache.jasper.runtime.HttpJspBase.service(HttpJspBase.java:70)
	at javax.servlet.http.HttpServlet.service(HttpServlet.java:742)
	at org.apache.jasper.servlet.JspServletWrapper.service(JspServletWrapper.java:457)
	at org.apache.jasper.servlet.JspServlet.serviceJspFile(JspServlet.java:386)
	at org.apache.jasper.servlet.JspServlet.service(JspServlet.java:330)
	at javax.servlet.http.HttpServlet.service(HttpServlet.java:742)
	at org.apache.catalina.core.ApplicationFilterChain.internalDoFilter(ApplicationFilterChain.java:231)
	at org.apache.catalina.core.ApplicationFilterChain.doFilter(ApplicationFilterChain.java:166)
	at org.apache.tomcat.websocket.server.WsFilter.doFilter(WsFilter.java:52)
	at org.apache.catalina.core.ApplicationFilterChain.internalDoFilter(ApplicationFilterChain.java:193)
	at org.apache.catalina.core.ApplicationFilterChain.doFilter(ApplicationFilterChain.java:166)
	at org.apache.catalina.core.StandardWrapperValve.invoke(StandardWrapperValve.java:198)
	at org.apache.catalina.core.StandardContextValve.invoke(StandardContextValve.java:96)
	at org.apache.catalina.authenticator.AuthenticatorBase.invoke(AuthenticatorBase.java:493)
	at org.apache.catalina.core.StandardHostValve.invoke(StandardHostValve.java:140)
	at org.apache.catalina.valves.ErrorReportValve.invoke(ErrorReportValve.java:81)
	at org.apache.catalina.valves.AbstractAccessLogValve.invoke(AbstractAccessLogValve.java:650)
	at org.apache.catalina.core.StandardEngineValve.invoke(StandardEngineValve.java:87)
	at org.apache.catalina.connector.CoyoteAdapter.service(CoyoteAdapter.java:342)
	at org.apache.coyote.http11.Http11Processor.service(Http11Processor.java:800)
	at org.apache.coyote.AbstractProcessorLight.process(AbstractProcessorLight.java:66)
	at org.apache.coyote.AbstractProtocol$ConnectionHandler.process(AbstractProtocol.java:806)
	at org.apache.tomcat.util.net.NioEndpoint$SocketProcessor.doRun(NioEndpoint.java:1498)
	at org.apache.tomcat.util.net.SocketProcessorBase.run(SocketProcessorBase.java:49)
	at java.util.concurrent.ThreadPoolExecutor.runWorker(ThreadPoolExecutor.java:1149)
	at java.util.concurrent.ThreadPoolExecutor$Worker.run(ThreadPoolExecutor.java:624)
	at org.apache.tomcat.util.threads.TaskThread$WrappingRunnable.run(TaskThread.java:61)
	at java.lang.Thread.run(Thread.java:748)

21-Nov-2018 14:11:16.292 SEVERE [http-nio-8080-exec-1666] org.apache.catalina.core.ApplicationDispatcher.invoke Servlet.service() for servlet [jsp] threw exception
 java.lang.ClassCastException: model.Personal_Employment cannot be cast to model.Personal2
	at org.apache.jsp.content_jsp._jspService(content_jsp.java:252)
	at org.apache.jasper.runtime.HttpJspBase.service(HttpJspBase.java:70)
	at javax.servlet.http.HttpServlet.service(HttpServlet.java:742)
	at org.apache.jasper.servlet.JspServletWrapper.service(JspServletWrapper.java:457)
	at org.apache.jasper.servlet.JspServlet.serviceJspFile(JspServlet.java:386)
	at org.apache.jasper.servlet.JspServlet.service(JspServlet.java:330)
	at javax.servlet.http.HttpServlet.service(HttpServlet.java:742)
	at org.apache.catalina.core.ApplicationFilterChain.internalDoFilter(ApplicationFilterChain.java:231)
	at org.apache.catalina.core.ApplicationFilterChain.doFilter(ApplicationFilterChain.java:166)
	at org.apache.catalina.core.ApplicationDispatcher.invoke(ApplicationDispatcher.java:728)
	at org.apache.catalina.core.ApplicationDispatcher.doInclude(ApplicationDispatcher.java:591)
	at org.apache.catalina.core.ApplicationDispatcher.include(ApplicationDispatcher.java:527)
	at org.apache.jasper.runtime.JspRuntimeLibrary.include(JspRuntimeLibrary.java:892)
	at org.apache.jsp.indexAdmin_jsp._jspService(indexAdmin_jsp.java:127)
	at org.apache.jasper.runtime.HttpJspBase.service(HttpJspBase.java:70)
	at javax.servlet.http.HttpServlet.service(HttpServlet.java:742)
	at org.apache.jasper.servlet.JspServletWrapper.service(JspServletWrapper.java:457)
	at org.apache.jasper.servlet.JspServlet.serviceJspFile(JspServlet.java:386)
	at org.apache.jasper.servlet.JspServlet.service(JspServlet.java:330)
	at javax.servlet.http.HttpServlet.service(HttpServlet.java:742)
	at org.apache.catalina.core.ApplicationFilterChain.internalDoFilter(ApplicationFilterChain.java:231)
	at org.apache.catalina.core.ApplicationFilterChain.doFilter(ApplicationFilterChain.java:166)
	at org.apache.tomcat.websocket.server.WsFilter.doFilter(WsFilter.java:52)
	at org.apache.catalina.core.ApplicationFilterChain.internalDoFilter(ApplicationFilterChain.java:193)
	at org.apache.catalina.core.ApplicationFilterChain.doFilter(ApplicationFilterChain.java:166)
	at org.apache.catalina.core.StandardWrapperValve.invoke(StandardWrapperValve.java:198)
	at org.apache.catalina.core.StandardContextValve.invoke(StandardContextValve.java:96)
	at org.apache.catalina.authenticator.AuthenticatorBase.invoke(AuthenticatorBase.java:493)
	at org.apache.catalina.core.StandardHostValve.invoke(StandardHostValve.java:140)
	at org.apache.catalina.valves.ErrorReportValve.invoke(ErrorReportValve.java:81)
	at org.apache.catalina.valves.AbstractAccessLogValve.invoke(AbstractAccessLogValve.java:650)
	at org.apache.catalina.core.StandardEngineValve.invoke(StandardEngineValve.java:87)
	at org.apache.catalina.connector.CoyoteAdapter.service(CoyoteAdapter.java:342)
	at org.apache.coyote.http11.Http11Processor.service(Http11Processor.java:800)
	at org.apache.coyote.AbstractProcessorLight.process(AbstractProcessorLight.java:66)
	at org.apache.coyote.AbstractProtocol$ConnectionHandler.process(AbstractProtocol.java:806)
	at org.apache.tomcat.util.net.NioEndpoint$SocketProcessor.doRun(NioEndpoint.java:1498)
	at org.apache.tomcat.util.net.SocketProcessorBase.run(SocketProcessorBase.java:49)
	at java.util.concurrent.ThreadPoolExecutor.runWorker(ThreadPoolExecutor.java:1149)
	at java.util.concurrent.ThreadPoolExecutor$Worker.run(ThreadPoolExecutor.java:624)
	at org.apache.tomcat.util.threads.TaskThread$WrappingRunnable.run(TaskThread.java:61)
	at java.lang.Thread.run(Thread.java:748)

21-Nov-2018 14:11:16.293 SEVERE [2445] org.apache.catalina.core.StandardWrapperValve.invoke Servlet.service() for servlet [jsp] in context with path [/QuanLyNhanSuVaTienLuong] threw exception [org.apache.jasper.JasperException: java.lang.ClassCastException: model.Personal_Employment cannot be cast to model.Personal2] with root cause
 java.lang.ClassCastException: model.Personal_Employment cannot be cast to model.Personal2
	at org.apache.jsp.content_jsp._jspService(content_jsp.java:252)
	at org.apache.jasper.runtime.HttpJspBase.service(HttpJspBase.java:70)
	at javax.servlet.http.HttpServlet.service(HttpServlet.java:742)
	at org.apache.jasper.servlet.JspServletWrapper.service(JspServletWrapper.java:457)
	at org.apache.jasper.servlet.JspServlet.serviceJspFile(JspServlet.java:386)
	at org.apache.jasper.servlet.JspServlet.service(JspServlet.java:330)
	at javax.servlet.http.HttpServlet.service(HttpServlet.java:742)
	at org.apache.catalina.core.ApplicationFilterChain.internalDoFilter(ApplicationFilterChain.java:231)
	at org.apache.catalina.core.ApplicationFilterChain.doFilter(ApplicationFilterChain.java:166)
	at org.apache.catalina.core.ApplicationDispatcher.invoke(ApplicationDispatcher.java:728)
	at org.apache.catalina.core.ApplicationDispatcher.doInclude(ApplicationDispatcher.java:591)
	at org.apache.catalina.core.ApplicationDispatcher.include(ApplicationDispatcher.java:527)
	at org.apache.jasper.runtime.JspRuntimeLibrary.include(JspRuntimeLibrary.java:892)
	at org.apache.jsp.indexAdmin_jsp._jspService(indexAdmin_jsp.java:127)
	at org.apache.jasper.runtime.HttpJspBase.service(HttpJspBase.java:70)
	at javax.servlet.http.HttpServlet.service(HttpServlet.java:742)
	at org.apache.jasper.servlet.JspServletWrapper.service(JspServletWrapper.java:457)
	at org.apache.jasper.servlet.JspServlet.serviceJspFile(JspServlet.java:386)
	at org.apache.jasper.servlet.JspServlet.service(JspServlet.java:330)
	at javax.servlet.http.HttpServlet.service(HttpServlet.java:742)
	at org.apache.catalina.core.ApplicationFilterChain.internalDoFilter(ApplicationFilterChain.java:231)
	at org.apache.catalina.core.ApplicationFilterChain.doFilter(ApplicationFilterChain.java:166)
	at org.apache.tomcat.websocket.server.WsFilter.doFilter(WsFilter.java:52)
	at org.apache.catalina.core.ApplicationFilterChain.internalDoFilter(ApplicationFilterChain.java:193)
	at org.apache.catalina.core.ApplicationFilterChain.doFilter(ApplicationFilterChain.java:166)
	at org.apache.catalina.core.StandardWrapperValve.invoke(StandardWrapperValve.java:198)
	at org.apache.catalina.core.StandardContextValve.invoke(StandardContextValve.java:96)
	at org.apache.catalina.authenticator.AuthenticatorBase.invoke(AuthenticatorBase.java:493)
	at org.apache.catalina.core.StandardHostValve.invoke(StandardHostValve.java:140)
	at org.apache.catalina.valves.ErrorReportValve.invoke(ErrorReportValve.java:81)
	at org.apache.catalina.valves.AbstractAccessLogValve.invoke(AbstractAccessLogValve.java:650)
	at org.apache.catalina.core.StandardEngineValve.invoke(StandardEngineValve.java:87)
	at org.apache.catalina.connector.CoyoteAdapter.service(CoyoteAdapter.java:342)
	at org.apache.coyote.http11.Http11Processor.service(Http11Processor.java:800)
	at org.apache.coyote.AbstractProcessorLight.process(AbstractProcessorLight.java:66)
	at org.apache.coyote.AbstractProtocol$ConnectionHandler.process(AbstractProtocol.java:806)
	at org.apache.tomcat.util.net.NioEndpoint$SocketProcessor.doRun(NioEndpoint.java:1498)
	at org.apache.tomcat.util.net.SocketProcessorBase.run(SocketProcessorBase.java:49)
	at java.util.concurrent.ThreadPoolExecutor.runWorker(ThreadPoolExecutor.java:1149)
	at java.util.concurrent.ThreadPoolExecutor$Worker.run(ThreadPoolExecutor.java:624)
	at org.apache.tomcat.util.threads.TaskThread$WrappingRunnable.run(TaskThread.java:61)
	at java.lang.Thread.run(Thread.java:748)

21-Nov-2018 14:11:23.059 SEVERE [http-nio-8080-exec-1668] org.apache.catalina.core.ApplicationDispatcher.invoke Servlet.service() for servlet [jsp] threw exception
 java.lang.ClassCastException: model.Personal_Employment cannot be cast to model.Personal2
	at org.apache.jsp.content_jsp._jspService(content_jsp.java:252)
	at org.apache.jasper.runtime.HttpJspBase.service(HttpJspBase.java:70)
	at javax.servlet.http.HttpServlet.service(HttpServlet.java:742)
	at org.apache.jasper.servlet.JspServletWrapper.service(JspServletWrapper.java:457)
	at org.apache.jasper.servlet.JspServlet.serviceJspFile(JspServlet.java:386)
	at org.apache.jasper.servlet.JspServlet.service(JspServlet.java:330)
	at javax.servlet.http.HttpServlet.service(HttpServlet.java:742)
	at org.apache.catalina.core.ApplicationFilterChain.internalDoFilter(ApplicationFilterChain.java:231)
	at org.apache.catalina.core.ApplicationFilterChain.doFilter(ApplicationFilterChain.java:166)
	at org.apache.catalina.core.ApplicationDispatcher.invoke(ApplicationDispatcher.java:728)
	at org.apache.catalina.core.ApplicationDispatcher.doInclude(ApplicationDispatcher.java:591)
	at org.apache.catalina.core.ApplicationDispatcher.include(ApplicationDispatcher.java:527)
	at org.apache.jasper.runtime.JspRuntimeLibrary.include(JspRuntimeLibrary.java:892)
	at org.apache.jsp.indexAdmin_jsp._jspService(indexAdmin_jsp.java:127)
	at org.apache.jasper.runtime.HttpJspBase.service(HttpJspBase.java:70)
	at javax.servlet.http.HttpServlet.service(HttpServlet.java:742)
	at org.apache.jasper.servlet.JspServletWrapper.service(JspServletWrapper.java:457)
	at org.apache.jasper.servlet.JspServlet.serviceJspFile(JspServlet.java:386)
	at org.apache.jasper.servlet.JspServlet.service(JspServlet.java:330)
	at javax.servlet.http.HttpServlet.service(HttpServlet.java:742)
	at org.apache.catalina.core.ApplicationFilterChain.internalDoFilter(ApplicationFilterChain.java:231)
	at org.apache.catalina.core.ApplicationFilterChain.doFilter(ApplicationFilterChain.java:166)
	at org.apache.tomcat.websocket.server.WsFilter.doFilter(WsFilter.java:52)
	at org.apache.catalina.core.ApplicationFilterChain.internalDoFilter(ApplicationFilterChain.java:193)
	at org.apache.catalina.core.ApplicationFilterChain.doFilter(ApplicationFilterChain.java:166)
	at org.apache.catalina.core.StandardWrapperValve.invoke(StandardWrapperValve.java:198)
	at org.apache.catalina.core.StandardContextValve.invoke(StandardContextValve.java:96)
	at org.apache.catalina.authenticator.AuthenticatorBase.invoke(AuthenticatorBase.java:493)
	at org.apache.catalina.core.StandardHostValve.invoke(StandardHostValve.java:140)
	at org.apache.catalina.valves.ErrorReportValve.invoke(ErrorReportValve.java:81)
	at org.apache.catalina.valves.AbstractAccessLogValve.invoke(AbstractAccessLogValve.java:650)
	at org.apache.catalina.core.StandardEngineValve.invoke(StandardEngineValve.java:87)
	at org.apache.catalina.connector.CoyoteAdapter.service(CoyoteAdapter.java:342)
	at org.apache.coyote.http11.Http11Processor.service(Http11Processor.java:800)
	at org.apache.coyote.AbstractProcessorLight.process(AbstractProcessorLight.java:66)
	at org.apache.coyote.AbstractProtocol$ConnectionHandler.process(AbstractProtocol.java:806)
	at org.apache.tomcat.util.net.NioEndpoint$SocketProcessor.doRun(NioEndpoint.java:1498)
	at org.apache.tomcat.util.net.SocketProcessorBase.run(SocketProcessorBase.java:49)
	at java.util.concurrent.ThreadPoolExecutor.runWorker(ThreadPoolExecutor.java:1149)
	at java.util.concurrent.ThreadPoolExecutor$Worker.run(ThreadPoolExecutor.java:624)
	at org.apache.tomcat.util.threads.TaskThread$WrappingRunnable.run(TaskThread.java:61)
	at java.lang.Thread.run(Thread.java:748)

21-Nov-2018 14:11:23.059 SEVERE [2447] org.apache.catalina.core.StandardWrapperValve.invoke Servlet.service() for servlet [jsp] in context with path [/QuanLyNhanSuVaTienLuong] threw exception [org.apache.jasper.JasperException: java.lang.ClassCastException: model.Personal_Employment cannot be cast to model.Personal2] with root cause
 java.lang.ClassCastException: model.Personal_Employment cannot be cast to model.Personal2
	at org.apache.jsp.content_jsp._jspService(content_jsp.java:252)
	at org.apache.jasper.runtime.HttpJspBase.service(HttpJspBase.java:70)
	at javax.servlet.http.HttpServlet.service(HttpServlet.java:742)
	at org.apache.jasper.servlet.JspServletWrapper.service(JspServletWrapper.java:457)
	at org.apache.jasper.servlet.JspServlet.serviceJspFile(JspServlet.java:386)
	at org.apache.jasper.servlet.JspServlet.service(JspServlet.java:330)
	at javax.servlet.http.HttpServlet.service(HttpServlet.java:742)
	at org.apache.catalina.core.ApplicationFilterChain.internalDoFilter(ApplicationFilterChain.java:231)
	at org.apache.catalina.core.ApplicationFilterChain.doFilter(ApplicationFilterChain.java:166)
	at org.apache.catalina.core.ApplicationDispatcher.invoke(ApplicationDispatcher.java:728)
	at org.apache.catalina.core.ApplicationDispatcher.doInclude(ApplicationDispatcher.java:591)
	at org.apache.catalina.core.ApplicationDispatcher.include(ApplicationDispatcher.java:527)
	at org.apache.jasper.runtime.JspRuntimeLibrary.include(JspRuntimeLibrary.java:892)
	at org.apache.jsp.indexAdmin_jsp._jspService(indexAdmin_jsp.java:127)
	at org.apache.jasper.runtime.HttpJspBase.service(HttpJspBase.java:70)
	at javax.servlet.http.HttpServlet.service(HttpServlet.java:742)
	at org.apache.jasper.servlet.JspServletWrapper.service(JspServletWrapper.java:457)
	at org.apache.jasper.servlet.JspServlet.serviceJspFile(JspServlet.java:386)
	at org.apache.jasper.servlet.JspServlet.service(JspServlet.java:330)
	at javax.servlet.http.HttpServlet.service(HttpServlet.java:742)
	at org.apache.catalina.core.ApplicationFilterChain.internalDoFilter(ApplicationFilterChain.java:231)
	at org.apache.catalina.core.ApplicationFilterChain.doFilter(ApplicationFilterChain.java:166)
	at org.apache.tomcat.websocket.server.WsFilter.doFilter(WsFilter.java:52)
	at org.apache.catalina.core.ApplicationFilterChain.internalDoFilter(ApplicationFilterChain.java:193)
	at org.apache.catalina.core.ApplicationFilterChain.doFilter(ApplicationFilterChain.java:166)
	at org.apache.catalina.core.StandardWrapperValve.invoke(StandardWrapperValve.java:198)
	at org.apache.catalina.core.StandardContextValve.invoke(StandardContextValve.java:96)
	at org.apache.catalina.authenticator.AuthenticatorBase.invoke(AuthenticatorBase.java:493)
	at org.apache.catalina.core.StandardHostValve.invoke(StandardHostValve.java:140)
	at org.apache.catalina.valves.ErrorReportValve.invoke(ErrorReportValve.java:81)
	at org.apache.catalina.valves.AbstractAccessLogValve.invoke(AbstractAccessLogValve.java:650)
	at org.apache.catalina.core.StandardEngineValve.invoke(StandardEngineValve.java:87)
	at org.apache.catalina.connector.CoyoteAdapter.service(CoyoteAdapter.java:342)
	at org.apache.coyote.http11.Http11Processor.service(Http11Processor.java:800)
	at org.apache.coyote.AbstractProcessorLight.process(AbstractProcessorLight.java:66)
	at org.apache.coyote.AbstractProtocol$ConnectionHandler.process(AbstractProtocol.java:806)
	at org.apache.tomcat.util.net.NioEndpoint$SocketProcessor.doRun(NioEndpoint.java:1498)
	at org.apache.tomcat.util.net.SocketProcessorBase.run(SocketProcessorBase.java:49)
	at java.util.concurrent.ThreadPoolExecutor.runWorker(ThreadPoolExecutor.java:1149)
	at java.util.concurrent.ThreadPoolExecutor$Worker.run(ThreadPoolExecutor.java:624)
	at org.apache.tomcat.util.threads.TaskThread$WrappingRunnable.run(TaskThread.java:61)
	at java.lang.Thread.run(Thread.java:748)

21-Nov-2018 14:11:39.152 SEVERE [http-nio-8080-exec-1678] org.apache.catalina.core.ApplicationDispatcher.invoke Servlet.service() for servlet [jsp] threw exception
 org.apache.jasper.JasperException: Unable to compile class for JSP: 

An error occurred at line: [137] in the jsp file: [/content.jsp]
Personal_Employment cannot be resolved to a type
134:                             <i class="fas fa-address-book"></i>
135:                             <%
136:                                 int count = 0;
137:                                 for (Personal_Employment p : PersonalDAO.getAllPersonal()) {
138:                                     count++;
139:                                 }
140:                             %>


An error occurred at line: [137] in the jsp file: [/content.jsp]
Type mismatch: cannot convert from element type model.Personal_Employment to Personal_Employment
134:                             <i class="fas fa-address-book"></i>
135:                             <%
136:                                 int count = 0;
137:                                 for (Personal_Employment p : PersonalDAO.getAllPersonal()) {
138:                                     count++;
139:                                 }
140:                             %>


Stacktrace:
	at org.apache.jasper.compiler.DefaultErrorHandler.javacError(DefaultErrorHandler.java:102)
	at org.apache.jasper.compiler.ErrorDispatcher.javacError(ErrorDispatcher.java:212)
	at org.apache.jasper.compiler.JDTCompiler.generateClass(JDTCompiler.java:495)
	at org.apache.jasper.compiler.Compiler.compile(Compiler.java:378)
	at org.apache.jasper.compiler.Compiler.compile(Compiler.java:350)
	at org.apache.jasper.compiler.Compiler.compile(Compiler.java:334)
	at org.apache.jasper.JspCompilationContext.compile(JspCompilationContext.java:595)
	at org.apache.jasper.servlet.JspServletWrapper.service(JspServletWrapper.java:382)
	at org.apache.jasper.servlet.JspServlet.serviceJspFile(JspServlet.java:386)
	at org.apache.jasper.servlet.JspServlet.service(JspServlet.java:330)
	at javax.servlet.http.HttpServlet.service(HttpServlet.java:742)
	at org.apache.catalina.core.ApplicationFilterChain.internalDoFilter(ApplicationFilterChain.java:231)
	at org.apache.catalina.core.ApplicationFilterChain.doFilter(ApplicationFilterChain.java:166)
	at org.apache.catalina.core.ApplicationDispatcher.invoke(ApplicationDispatcher.java:728)
	at org.apache.catalina.core.ApplicationDispatcher.doInclude(ApplicationDispatcher.java:591)
	at org.apache.catalina.core.ApplicationDispatcher.include(ApplicationDispatcher.java:527)
	at org.apache.jasper.runtime.JspRuntimeLibrary.include(JspRuntimeLibrary.java:892)
	at org.apache.jsp.indexAdmin_jsp._jspService(indexAdmin_jsp.java:127)
	at org.apache.jasper.runtime.HttpJspBase.service(HttpJspBase.java:70)
	at javax.servlet.http.HttpServlet.service(HttpServlet.java:742)
	at org.apache.jasper.servlet.JspServletWrapper.service(JspServletWrapper.java:457)
	at org.apache.jasper.servlet.JspServlet.serviceJspFile(JspServlet.java:386)
	at org.apache.jasper.servlet.JspServlet.service(JspServlet.java:330)
	at javax.servlet.http.HttpServlet.service(HttpServlet.java:742)
	at org.apache.catalina.core.ApplicationFilterChain.internalDoFilter(ApplicationFilterChain.java:231)
	at org.apache.catalina.core.ApplicationFilterChain.doFilter(ApplicationFilterChain.java:166)
	at org.apache.tomcat.websocket.server.WsFilter.doFilter(WsFilter.java:52)
	at org.apache.catalina.core.ApplicationFilterChain.internalDoFilter(ApplicationFilterChain.java:193)
	at org.apache.catalina.core.ApplicationFilterChain.doFilter(ApplicationFilterChain.java:166)
	at org.apache.catalina.core.StandardWrapperValve.invoke(StandardWrapperValve.java:198)
	at org.apache.catalina.core.StandardContextValve.invoke(StandardContextValve.java:96)
	at org.apache.catalina.authenticator.AuthenticatorBase.invoke(AuthenticatorBase.java:493)
	at org.apache.catalina.core.StandardHostValve.invoke(StandardHostValve.java:140)
	at org.apache.catalina.valves.ErrorReportValve.invoke(ErrorReportValve.java:81)
	at org.apache.catalina.valves.AbstractAccessLogValve.invoke(AbstractAccessLogValve.java:650)
	at org.apache.catalina.core.StandardEngineValve.invoke(StandardEngineValve.java:87)
	at org.apache.catalina.connector.CoyoteAdapter.service(CoyoteAdapter.java:342)
	at org.apache.coyote.http11.Http11Processor.service(Http11Processor.java:800)
	at org.apache.coyote.AbstractProcessorLight.process(AbstractProcessorLight.java:66)
	at org.apache.coyote.AbstractProtocol$ConnectionHandler.process(AbstractProtocol.java:806)
	at org.apache.tomcat.util.net.NioEndpoint$SocketProcessor.doRun(NioEndpoint.java:1498)
	at org.apache.tomcat.util.net.SocketProcessorBase.run(SocketProcessorBase.java:49)
	at java.util.concurrent.ThreadPoolExecutor.runWorker(ThreadPoolExecutor.java:1149)
	at java.util.concurrent.ThreadPoolExecutor$Worker.run(ThreadPoolExecutor.java:624)
	at org.apache.tomcat.util.threads.TaskThread$WrappingRunnable.run(TaskThread.java:61)
	at java.lang.Thread.run(Thread.java:748)

21-Nov-2018 14:11:39.194 SEVERE [http-nio-8080-exec-1678] org.apache.catalina.core.StandardWrapperValve.invoke Servlet.service() for servlet [jsp] in context with path [/QuanLyNhanSuVaTienLuong] threw exception [Unable to compile class for JSP: 

An error occurred at line: [137] in the jsp file: [/content.jsp]
Personal_Employment cannot be resolved to a type
134:                             <i class="fas fa-address-book"></i>
135:                             <%
136:                                 int count = 0;
137:                                 for (Personal_Employment p : PersonalDAO.getAllPersonal()) {
138:                                     count++;
139:                                 }
140:                             %>


An error occurred at line: [137] in the jsp file: [/content.jsp]
Type mismatch: cannot convert from element type model.Personal_Employment to Personal_Employment
134:                             <i class="fas fa-address-book"></i>
135:                             <%
136:                                 int count = 0;
137:                                 for (Personal_Employment p : PersonalDAO.getAllPersonal()) {
138:                                     count++;
139:                                 }
140:                             %>


Stacktrace:] with root cause
 org.apache.jasper.JasperException: Unable to compile class for JSP: 

An error occurred at line: [137] in the jsp file: [/content.jsp]
Personal_Employment cannot be resolved to a type
134:                             <i class="fas fa-address-book"></i>
135:                             <%
136:                                 int count = 0;
137:                                 for (Personal_Employment p : PersonalDAO.getAllPersonal()) {
138:                                     count++;
139:                                 }
140:                             %>


An error occurred at line: [137] in the jsp file: [/content.jsp]
Type mismatch: cannot convert from element type model.Personal_Employment to Personal_Employment
134:                             <i class="fas fa-address-book"></i>
135:                             <%
136:                                 int count = 0;
137:                                 for (Personal_Employment p : PersonalDAO.getAllPersonal()) {
138:                                     count++;
139:                                 }
140:                             %>


Stacktrace:
	at org.apache.jasper.compiler.DefaultErrorHandler.javacError(DefaultErrorHandler.java:102)
	at org.apache.jasper.compiler.ErrorDispatcher.javacError(ErrorDispatcher.java:212)
	at org.apache.jasper.compiler.JDTCompiler.generateClass(JDTCompiler.java:495)
	at org.apache.jasper.compiler.Compiler.compile(Compiler.java:378)
	at org.apache.jasper.compiler.Compiler.compile(Compiler.java:350)
	at org.apache.jasper.compiler.Compiler.compile(Compiler.java:334)
	at org.apache.jasper.JspCompilationContext.compile(JspCompilationContext.java:595)
	at org.apache.jasper.servlet.JspServletWrapper.service(JspServletWrapper.java:382)
	at org.apache.jasper.servlet.JspServlet.serviceJspFile(JspServlet.java:386)
	at org.apache.jasper.servlet.JspServlet.service(JspServlet.java:330)
	at javax.servlet.http.HttpServlet.service(HttpServlet.java:742)
	at org.apache.catalina.core.ApplicationFilterChain.internalDoFilter(ApplicationFilterChain.java:231)
	at org.apache.catalina.core.ApplicationFilterChain.doFilter(ApplicationFilterChain.java:166)
	at org.apache.catalina.core.ApplicationDispatcher.invoke(ApplicationDispatcher.java:728)
	at org.apache.catalina.core.ApplicationDispatcher.doInclude(ApplicationDispatcher.java:591)
	at org.apache.catalina.core.ApplicationDispatcher.include(ApplicationDispatcher.java:527)
	at org.apache.jasper.runtime.JspRuntimeLibrary.include(JspRuntimeLibrary.java:892)
	at org.apache.jsp.indexAdmin_jsp._jspService(indexAdmin_jsp.java:127)
	at org.apache.jasper.runtime.HttpJspBase.service(HttpJspBase.java:70)
	at javax.servlet.http.HttpServlet.service(HttpServlet.java:742)
	at org.apache.jasper.servlet.JspServletWrapper.service(JspServletWrapper.java:457)
	at org.apache.jasper.servlet.JspServlet.serviceJspFile(JspServlet.java:386)
	at org.apache.jasper.servlet.JspServlet.service(JspServlet.java:330)
	at javax.servlet.http.HttpServlet.service(HttpServlet.java:742)
	at org.apache.catalina.core.ApplicationFilterChain.internalDoFilter(ApplicationFilterChain.java:231)
	at org.apache.catalina.core.ApplicationFilterChain.doFilter(ApplicationFilterChain.java:166)
	at org.apache.tomcat.websocket.server.WsFilter.doFilter(WsFilter.java:52)
	at org.apache.catalina.core.ApplicationFilterChain.internalDoFilter(ApplicationFilterChain.java:193)
	at org.apache.catalina.core.ApplicationFilterChain.doFilter(ApplicationFilterChain.java:166)
	at org.apache.catalina.core.StandardWrapperValve.invoke(StandardWrapperValve.java:198)
	at org.apache.catalina.core.StandardContextValve.invoke(StandardContextValve.java:96)
	at org.apache.catalina.authenticator.AuthenticatorBase.invoke(AuthenticatorBase.java:493)
	at org.apache.catalina.core.StandardHostValve.invoke(StandardHostValve.java:140)
	at org.apache.catalina.valves.ErrorReportValve.invoke(ErrorReportValve.java:81)
	at org.apache.catalina.valves.AbstractAccessLogValve.invoke(AbstractAccessLogValve.java:650)
	at org.apache.catalina.core.StandardEngineValve.invoke(StandardEngineValve.java:87)
	at org.apache.catalina.connector.CoyoteAdapter.service(CoyoteAdapter.java:342)
	at org.apache.coyote.http11.Http11Processor.service(Http11Processor.java:800)
	at org.apache.coyote.AbstractProcessorLight.process(AbstractProcessorLight.java:66)
	at org.apache.coyote.AbstractProtocol$ConnectionHandler.process(AbstractProtocol.java:806)
	at org.apache.tomcat.util.net.NioEndpoint$SocketProcessor.doRun(NioEndpoint.java:1498)
	at org.apache.tomcat.util.net.SocketProcessorBase.run(SocketProcessorBase.java:49)
	at java.util.concurrent.ThreadPoolExecutor.runWorker(ThreadPoolExecutor.java:1149)
	at java.util.concurrent.ThreadPoolExecutor$Worker.run(ThreadPoolExecutor.java:624)
	at org.apache.tomcat.util.threads.TaskThread$WrappingRunnable.run(TaskThread.java:61)
	at java.lang.Thread.run(Thread.java:748)

21-Nov-2018 14:11:41.063 SEVERE [http-nio-8080-exec-1680] org.apache.catalina.core.ApplicationDispatcher.invoke Servlet.service() for servlet [jsp] threw exception
 java.lang.ClassCastException: model.Personal_Employment cannot be cast to model.Personal2
	at org.apache.jsp.content_jsp._jspService(content_jsp.java:252)
	at org.apache.jasper.runtime.HttpJspBase.service(HttpJspBase.java:70)
	at javax.servlet.http.HttpServlet.service(HttpServlet.java:742)
	at org.apache.jasper.servlet.JspServletWrapper.service(JspServletWrapper.java:457)
	at org.apache.jasper.servlet.JspServlet.serviceJspFile(JspServlet.java:386)
	at org.apache.jasper.servlet.JspServlet.service(JspServlet.java:330)
	at javax.servlet.http.HttpServlet.service(HttpServlet.java:742)
	at org.apache.catalina.core.ApplicationFilterChain.internalDoFilter(ApplicationFilterChain.java:231)
	at org.apache.catalina.core.ApplicationFilterChain.doFilter(ApplicationFilterChain.java:166)
	at org.apache.catalina.core.ApplicationDispatcher.invoke(ApplicationDispatcher.java:728)
	at org.apache.catalina.core.ApplicationDispatcher.doInclude(ApplicationDispatcher.java:591)
	at org.apache.catalina.core.ApplicationDispatcher.include(ApplicationDispatcher.java:527)
	at org.apache.jasper.runtime.JspRuntimeLibrary.include(JspRuntimeLibrary.java:892)
	at org.apache.jsp.indexAdmin_jsp._jspService(indexAdmin_jsp.java:127)
	at org.apache.jasper.runtime.HttpJspBase.service(HttpJspBase.java:70)
	at javax.servlet.http.HttpServlet.service(HttpServlet.java:742)
	at org.apache.jasper.servlet.JspServletWrapper.service(JspServletWrapper.java:457)
	at org.apache.jasper.servlet.JspServlet.serviceJspFile(JspServlet.java:386)
	at org.apache.jasper.servlet.JspServlet.service(JspServlet.java:330)
	at javax.servlet.http.HttpServlet.service(HttpServlet.java:742)
	at org.apache.catalina.core.ApplicationFilterChain.internalDoFilter(ApplicationFilterChain.java:231)
	at org.apache.catalina.core.ApplicationFilterChain.doFilter(ApplicationFilterChain.java:166)
	at org.apache.tomcat.websocket.server.WsFilter.doFilter(WsFilter.java:52)
	at org.apache.catalina.core.ApplicationFilterChain.internalDoFilter(ApplicationFilterChain.java:193)
	at org.apache.catalina.core.ApplicationFilterChain.doFilter(ApplicationFilterChain.java:166)
	at org.apache.catalina.core.StandardWrapperValve.invoke(StandardWrapperValve.java:198)
	at org.apache.catalina.core.StandardContextValve.invoke(StandardContextValve.java:96)
	at org.apache.catalina.authenticator.AuthenticatorBase.invoke(AuthenticatorBase.java:493)
	at org.apache.catalina.core.StandardHostValve.invoke(StandardHostValve.java:140)
	at org.apache.catalina.valves.ErrorReportValve.invoke(ErrorReportValve.java:81)
	at org.apache.catalina.valves.AbstractAccessLogValve.invoke(AbstractAccessLogValve.java:650)
	at org.apache.catalina.core.StandardEngineValve.invoke(StandardEngineValve.java:87)
	at org.apache.catalina.connector.CoyoteAdapter.service(CoyoteAdapter.java:342)
	at org.apache.coyote.http11.Http11Processor.service(Http11Processor.java:800)
	at org.apache.coyote.AbstractProcessorLight.process(AbstractProcessorLight.java:66)
	at org.apache.coyote.AbstractProtocol$ConnectionHandler.process(AbstractProtocol.java:806)
	at org.apache.tomcat.util.net.NioEndpoint$SocketProcessor.doRun(NioEndpoint.java:1498)
	at org.apache.tomcat.util.net.SocketProcessorBase.run(SocketProcessorBase.java:49)
	at java.util.concurrent.ThreadPoolExecutor.runWorker(ThreadPoolExecutor.java:1149)
	at java.util.concurrent.ThreadPoolExecutor$Worker.run(ThreadPoolExecutor.java:624)
	at org.apache.tomcat.util.threads.TaskThread$WrappingRunnable.run(TaskThread.java:61)
	at java.lang.Thread.run(Thread.java:748)

21-Nov-2018 14:11:41.080 SEVERE [http-nio-8080-exec-1680] org.apache.catalina.core.StandardWrapperValve.invoke Servlet.service() for servlet [jsp] in context with path [/QuanLyNhanSuVaTienLuong] threw exception [org.apache.jasper.JasperException: An exception occurred processing JSP page [/content.jsp] at line [137]

134:                             <i class="fas fa-address-book"></i>
135:                             <%
136:                                 int count = 0;
137:                                 for (Personal_Employment p : PersonalDAO.getAllPersonal()) {
138:                                     count++;
139:                                 }
140:                             %>


Stacktrace:] with root cause
 java.lang.ClassCastException: model.Personal_Employment cannot be cast to model.Personal2
	at org.apache.jsp.content_jsp._jspService(content_jsp.java:252)
	at org.apache.jasper.runtime.HttpJspBase.service(HttpJspBase.java:70)
	at javax.servlet.http.HttpServlet.service(HttpServlet.java:742)
	at org.apache.jasper.servlet.JspServletWrapper.service(JspServletWrapper.java:457)
	at org.apache.jasper.servlet.JspServlet.serviceJspFile(JspServlet.java:386)
	at org.apache.jasper.servlet.JspServlet.service(JspServlet.java:330)
	at javax.servlet.http.HttpServlet.service(HttpServlet.java:742)
	at org.apache.catalina.core.ApplicationFilterChain.internalDoFilter(ApplicationFilterChain.java:231)
	at org.apache.catalina.core.ApplicationFilterChain.doFilter(ApplicationFilterChain.java:166)
	at org.apache.catalina.core.ApplicationDispatcher.invoke(ApplicationDispatcher.java:728)
	at org.apache.catalina.core.ApplicationDispatcher.doInclude(ApplicationDispatcher.java:591)
	at org.apache.catalina.core.ApplicationDispatcher.include(ApplicationDispatcher.java:527)
	at org.apache.jasper.runtime.JspRuntimeLibrary.include(JspRuntimeLibrary.java:892)
	at org.apache.jsp.indexAdmin_jsp._jspService(indexAdmin_jsp.java:127)
	at org.apache.jasper.runtime.HttpJspBase.service(HttpJspBase.java:70)
	at javax.servlet.http.HttpServlet.service(HttpServlet.java:742)
	at org.apache.jasper.servlet.JspServletWrapper.service(JspServletWrapper.java:457)
	at org.apache.jasper.servlet.JspServlet.serviceJspFile(JspServlet.java:386)
	at org.apache.jasper.servlet.JspServlet.service(JspServlet.java:330)
	at javax.servlet.http.HttpServlet.service(HttpServlet.java:742)
	at org.apache.catalina.core.ApplicationFilterChain.internalDoFilter(ApplicationFilterChain.java:231)
	at org.apache.catalina.core.ApplicationFilterChain.doFilter(ApplicationFilterChain.java:166)
	at org.apache.tomcat.websocket.server.WsFilter.doFilter(WsFilter.java:52)
	at org.apache.catalina.core.ApplicationFilterChain.internalDoFilter(ApplicationFilterChain.java:193)
	at org.apache.catalina.core.ApplicationFilterChain.doFilter(ApplicationFilterChain.java:166)
	at org.apache.catalina.core.StandardWrapperValve.invoke(StandardWrapperValve.java:198)
	at org.apache.catalina.core.StandardContextValve.invoke(StandardContextValve.java:96)
	at org.apache.catalina.authenticator.AuthenticatorBase.invoke(AuthenticatorBase.java:493)
	at org.apache.catalina.core.StandardHostValve.invoke(StandardHostValve.java:140)
	at org.apache.catalina.valves.ErrorReportValve.invoke(ErrorReportValve.java:81)
	at org.apache.catalina.valves.AbstractAccessLogValve.invoke(AbstractAccessLogValve.java:650)
	at org.apache.catalina.core.StandardEngineValve.invoke(StandardEngineValve.java:87)
	at org.apache.catalina.connector.CoyoteAdapter.service(CoyoteAdapter.java:342)
	at org.apache.coyote.http11.Http11Processor.service(Http11Processor.java:800)
	at org.apache.coyote.AbstractProcessorLight.process(AbstractProcessorLight.java:66)
	at org.apache.coyote.AbstractProtocol$ConnectionHandler.process(AbstractProtocol.java:806)
	at org.apache.tomcat.util.net.NioEndpoint$SocketProcessor.doRun(NioEndpoint.java:1498)
	at org.apache.tomcat.util.net.SocketProcessorBase.run(SocketProcessorBase.java:49)
	at java.util.concurrent.ThreadPoolExecutor.runWorker(ThreadPoolExecutor.java:1149)
	at java.util.concurrent.ThreadPoolExecutor$Worker.run(ThreadPoolExecutor.java:624)
	at org.apache.tomcat.util.threads.TaskThread$WrappingRunnable.run(TaskThread.java:61)
	at java.lang.Thread.run(Thread.java:748)

