05-Nov-2018 05:56:41.221 INFO [http-nio-8080-exec-868] org.apache.catalina.core.ApplicationContext.log Manager: list: Listing contexts for virtual host 'localhost'
05-Nov-2018 05:56:41.224 INFO [http-nio-8080-exec-869] org.apache.catalina.core.ApplicationContext.log Manager: list: Listing contexts for virtual host 'localhost'
05-Nov-2018 06:00:01.281 INFO [http-nio-8080-exec-865] org.apache.catalina.core.ApplicationContext.log Manager: list: Listing contexts for virtual host 'localhost'
05-Nov-2018 06:00:01.308 INFO [http-nio-8080-exec-869] org.apache.catalina.core.ApplicationContext.log Manager: stop: Stopping web application '/shop'
05-Nov-2018 06:00:01.725 INFO [http-nio-8080-exec-867] org.apache.catalina.core.ApplicationContext.log Manager: start: Starting web application '/shop'
05-Nov-2018 06:00:07.877 INFO [http-nio-8080-exec-868] org.apache.catalina.core.ApplicationContext.log Manager: list: Listing contexts for virtual host 'localhost'
05-Nov-2018 06:00:07.880 INFO [http-nio-8080-exec-872] org.apache.catalina.core.ApplicationContext.log Manager: list: Listing contexts for virtual host 'localhost'
05-Nov-2018 06:00:09.919 INFO [http-nio-8080-exec-873] org.apache.catalina.core.ApplicationContext.log Manager: stop: Stopping web application '/shop'
05-Nov-2018 06:00:09.990 INFO [http-nio-8080-exec-873] org.apache.catalina.core.ApplicationContext.log Manager: start: Starting web application '/shop'
05-Nov-2018 06:00:30.058 INFO [http-nio-8080-exec-882] org.apache.catalina.core.ApplicationContext.log Manager: list: Listing contexts for virtual host 'localhost'
05-Nov-2018 06:00:39.789 INFO [http-nio-8080-exec-880] org.apache.catalina.core.ApplicationContext.log Manager: list: Listing contexts for virtual host 'localhost'
05-Nov-2018 06:00:39.824 INFO [http-nio-8080-exec-883] org.apache.catalina.core.ApplicationContext.log Manager: stop: Stopping web application '/shop'
05-Nov-2018 06:00:39.909 INFO [http-nio-8080-exec-877] org.apache.catalina.core.ApplicationContext.log Manager: start: Starting web application '/shop'
05-Nov-2018 06:00:44.377 INFO [http-nio-8080-exec-881] org.apache.catalina.core.ApplicationContext.log Manager: list: Listing contexts for virtual host 'localhost'
05-Nov-2018 06:01:40.529 INFO [http-nio-8080-exec-883] org.apache.catalina.core.ApplicationContext.log Manager: list: Listing contexts for virtual host 'localhost'
05-Nov-2018 06:01:40.604 INFO [http-nio-8080-exec-884] org.apache.catalina.core.ApplicationContext.log Manager: stop: Stopping web application '/shop'
05-Nov-2018 06:01:40.660 INFO [http-nio-8080-exec-884] org.apache.catalina.core.ApplicationContext.log Manager: start: Starting web application '/shop'
05-Nov-2018 06:02:45.799 INFO [http-nio-8080-exec-881] org.apache.catalina.core.ApplicationContext.log Manager: list: Listing contexts for virtual host 'localhost'
05-Nov-2018 06:02:45.811 INFO [http-nio-8080-exec-888] org.apache.catalina.core.ApplicationContext.log Manager: stop: Stopping web application '/shop'
05-Nov-2018 06:02:46.043 INFO [http-nio-8080-exec-888] org.apache.catalina.core.ApplicationContext.log Manager: start: Starting web application '/shop'
05-Nov-2018 06:02:50.372 INFO [http-nio-8080-exec-889] org.apache.catalina.core.ApplicationContext.log Manager: list: Listing contexts for virtual host 'localhost'
05-Nov-2018 06:02:50.421 INFO [http-nio-8080-exec-879] org.apache.catalina.core.ApplicationContext.log Manager: stop: Stopping web application '/shop'
05-Nov-2018 06:02:50.595 INFO [http-nio-8080-exec-890] org.apache.catalina.core.ApplicationContext.log Manager: start: Starting web application '/shop'
05-Nov-2018 06:04:40.040 INFO [http-nio-8080-exec-894] org.apache.catalina.core.ApplicationContext.log Manager: list: Listing contexts for virtual host 'localhost'
05-Nov-2018 06:04:40.061 INFO [http-nio-8080-exec-896] org.apache.catalina.core.ApplicationContext.log Manager: stop: Stopping web application '/shop'
05-Nov-2018 06:04:40.139 INFO [http-nio-8080-exec-896] org.apache.catalina.core.ApplicationContext.log Manager: start: Starting web application '/shop'
05-Nov-2018 06:04:47.386 INFO [http-nio-8080-exec-891] org.apache.catalina.core.ApplicationContext.log Manager: list: Listing contexts for virtual host 'localhost'
05-Nov-2018 06:04:47.395 INFO [http-nio-8080-exec-897] org.apache.catalina.core.ApplicationContext.log Manager: stop: Stopping web application '/shop'
05-Nov-2018 06:04:47.750 INFO [http-nio-8080-exec-898] org.apache.catalina.core.ApplicationContext.log Manager: start: Starting web application '/shop'
05-Nov-2018 06:06:06.556 INFO [http-nio-8080-exec-900] org.apache.catalina.core.ApplicationContext.log Manager: list: Listing contexts for virtual host 'localhost'
05-Nov-2018 06:06:06.560 INFO [http-nio-8080-exec-905] org.apache.catalina.core.ApplicationContext.log Manager: list: Listing contexts for virtual host 'localhost'
05-Nov-2018 06:06:06.633 INFO [http-nio-8080-exec-901] org.apache.catalina.core.ApplicationContext.log Manager: stop: Stopping web application '/shop'
05-Nov-2018 06:06:06.843 INFO [http-nio-8080-exec-891] org.apache.catalina.core.ApplicationContext.log Manager: start: Starting web application '/shop'
05-Nov-2018 06:26:17.415 INFO [http-nio-8080-exec-907] org.apache.catalina.core.ApplicationContext.log Manager: list: Listing contexts for virtual host 'localhost'
05-Nov-2018 06:26:18.554 INFO [http-nio-8080-exec-908] org.apache.catalina.core.ApplicationContext.log Manager: restart: Reloading web application '/shop'
05-Nov-2018 07:22:45.326 INFO [http-nio-8080-exec-923] org.apache.catalina.core.ApplicationContext.log Manager: list: Listing contexts for virtual host 'localhost'
05-Nov-2018 07:22:45.727 INFO [http-nio-8080-exec-924] org.apache.catalina.core.ApplicationContext.log Manager: restart: Reloading web application '/shop'
05-Nov-2018 07:22:54.521 INFO [http-nio-8080-exec-925] org.apache.catalina.core.ApplicationContext.log Manager: list: Listing contexts for virtual host 'localhost'
05-Nov-2018 07:22:54.530 INFO [http-nio-8080-exec-921] org.apache.catalina.core.ApplicationContext.log Manager: restart: Reloading web application '/shop'
05-Nov-2018 07:27:34.592 INFO [http-nio-8080-exec-930] org.apache.catalina.core.ApplicationContext.log Manager: list: Listing contexts for virtual host 'localhost'
05-Nov-2018 07:27:34.634 INFO [http-nio-8080-exec-931] org.apache.catalina.core.ApplicationContext.log Manager: restart: Reloading web application '/shop'
05-Nov-2018 07:27:43.271 INFO [http-nio-8080-exec-928] org.apache.catalina.core.ApplicationContext.log Manager: list: Listing contexts for virtual host 'localhost'
05-Nov-2018 07:27:43.285 INFO [http-nio-8080-exec-933] org.apache.catalina.core.ApplicationContext.log Manager: stop: Stopping web application '/shop'
05-Nov-2018 07:27:43.606 INFO [http-nio-8080-exec-935] org.apache.catalina.core.ApplicationContext.log Manager: start: Starting web application '/shop'
05-Nov-2018 07:32:12.372 INFO [http-nio-8080-exec-939] org.apache.catalina.core.ApplicationContext.log Manager: list: Listing contexts for virtual host 'localhost'
05-Nov-2018 07:32:12.391 INFO [http-nio-8080-exec-940] org.apache.catalina.core.ApplicationContext.log Manager: restart: Reloading web application '/shop'
05-Nov-2018 07:32:22.111 INFO [http-nio-8080-exec-942] org.apache.catalina.core.ApplicationContext.log Manager: list: Listing contexts for virtual host 'localhost'
05-Nov-2018 07:32:22.122 INFO [http-nio-8080-exec-944] org.apache.catalina.core.ApplicationContext.log Manager: stop: Stopping web application '/shop'
05-Nov-2018 07:32:22.945 INFO [http-nio-8080-exec-946] org.apache.catalina.core.ApplicationContext.log Manager: start: Starting web application '/shop'
05-Nov-2018 07:32:37.028 INFO [http-nio-8080-exec-948] org.apache.catalina.core.ApplicationContext.log Manager: list: Listing contexts for virtual host 'localhost'
05-Nov-2018 07:32:37.248 INFO [http-nio-8080-exec-942] org.apache.catalina.core.ApplicationContext.log Manager: restart: Reloading web application '/shop'
05-Nov-2018 07:32:47.107 INFO [http-nio-8080-exec-948] org.apache.catalina.core.ApplicationContext.log Manager: list: Listing contexts for virtual host 'localhost'
05-Nov-2018 07:32:47.140 INFO [http-nio-8080-exec-936] org.apache.catalina.core.ApplicationContext.log Manager: restart: Reloading web application '/shop'
05-Nov-2018 07:34:43.626 INFO [http-nio-8080-exec-953] org.apache.catalina.core.ApplicationContext.log Manager: list: Listing contexts for virtual host 'localhost'
05-Nov-2018 07:34:43.640 INFO [http-nio-8080-exec-943] org.apache.catalina.core.ApplicationContext.log Manager: restart: Reloading web application '/shop'
05-Nov-2018 07:36:34.026 INFO [http-nio-8080-exec-939] org.apache.catalina.core.ApplicationContext.log Manager: list: Listing contexts for virtual host 'localhost'
05-Nov-2018 07:36:34.081 INFO [http-nio-8080-exec-952] org.apache.catalina.core.ApplicationContext.log Manager: restart: Reloading web application '/shop'
05-Nov-2018 07:37:19.953 INFO [http-nio-8080-exec-945] org.apache.catalina.core.ApplicationContext.log Manager: list: Listing contexts for virtual host 'localhost'
05-Nov-2018 07:37:19.962 INFO [http-nio-8080-exec-951] org.apache.catalina.core.ApplicationContext.log Manager: restart: Reloading web application '/shop'
05-Nov-2018 07:37:29.588 INFO [http-nio-8080-exec-950] org.apache.catalina.core.ApplicationContext.log Manager: list: Listing contexts for virtual host 'localhost'
05-Nov-2018 07:37:29.615 INFO [http-nio-8080-exec-953] org.apache.catalina.core.ApplicationContext.log Manager: restart: Reloading web application '/shop'
05-Nov-2018 07:38:02.060 INFO [http-nio-8080-exec-945] org.apache.catalina.core.ApplicationContext.log Manager: list: Listing contexts for virtual host 'localhost'
05-Nov-2018 07:38:02.069 INFO [http-nio-8080-exec-955] org.apache.catalina.core.ApplicationContext.log Manager: restart: Reloading web application '/shop'
05-Nov-2018 07:39:50.772 INFO [http-nio-8080-exec-939] org.apache.catalina.core.ApplicationContext.log Manager: list: Listing contexts for virtual host 'localhost'
05-Nov-2018 07:39:50.822 INFO [http-nio-8080-exec-945] org.apache.catalina.core.ApplicationContext.log Manager: restart: Reloading web application '/shop'
05-Nov-2018 07:48:09.194 INFO [http-nio-8080-exec-966] org.apache.catalina.core.ApplicationContext.log Manager: list: Listing contexts for virtual host 'localhost'
05-Nov-2018 07:48:09.202 INFO [http-nio-8080-exec-967] org.apache.catalina.core.ApplicationContext.log Manager: restart: Reloading web application '/shop'
05-Nov-2018 07:48:15.390 INFO [http-nio-8080-exec-975] org.apache.catalina.core.ApplicationContext.log Manager: list: Listing contexts for virtual host 'localhost'
05-Nov-2018 07:48:15.405 INFO [http-nio-8080-exec-966] org.apache.catalina.core.ApplicationContext.log Manager: restart: Reloading web application '/shop'
05-Nov-2018 07:49:07.989 INFO [http-nio-8080-exec-974] org.apache.catalina.core.ApplicationContext.log Manager: list: Listing contexts for virtual host 'localhost'
05-Nov-2018 07:49:07.997 INFO [http-nio-8080-exec-969] org.apache.catalina.core.ApplicationContext.log Manager: restart: Reloading web application '/shop'
05-Nov-2018 07:49:24.495 INFO [http-nio-8080-exec-971] org.apache.catalina.core.ApplicationContext.log Manager: list: Listing contexts for virtual host 'localhost'
05-Nov-2018 07:49:24.512 INFO [http-nio-8080-exec-965] org.apache.catalina.core.ApplicationContext.log Manager: restart: Reloading web application '/shop'
05-Nov-2018 07:49:56.834 INFO [http-nio-8080-exec-971] org.apache.catalina.core.ApplicationContext.log Manager: list: Listing contexts for virtual host 'localhost'
05-Nov-2018 07:49:56.843 INFO [http-nio-8080-exec-973] org.apache.catalina.core.ApplicationContext.log Manager: restart: Reloading web application '/shop'
05-Nov-2018 07:50:26.301 INFO [http-nio-8080-exec-975] org.apache.catalina.core.ApplicationContext.log Manager: list: Listing contexts for virtual host 'localhost'
05-Nov-2018 07:50:26.315 INFO [http-nio-8080-exec-974] org.apache.catalina.core.ApplicationContext.log Manager: restart: Reloading web application '/shop'
05-Nov-2018 07:51:32.911 INFO [http-nio-8080-exec-980] org.apache.catalina.core.ApplicationContext.log Manager: list: Listing contexts for virtual host 'localhost'
05-Nov-2018 07:51:32.938 INFO [http-nio-8080-exec-984] org.apache.catalina.core.ApplicationContext.log Manager: restart: Reloading web application '/shop'
05-Nov-2018 07:52:49.471 INFO [http-nio-8080-exec-990] org.apache.catalina.core.ApplicationContext.log Manager: list: Listing contexts for virtual host 'localhost'
05-Nov-2018 07:52:49.513 INFO [http-nio-8080-exec-981] org.apache.catalina.core.ApplicationContext.log Manager: restart: Reloading web application '/shop'
05-Nov-2018 07:53:12.661 INFO [http-nio-8080-exec-990] org.apache.catalina.core.ApplicationContext.log Manager: list: Listing contexts for virtual host 'localhost'
05-Nov-2018 07:53:12.674 INFO [http-nio-8080-exec-985] org.apache.catalina.core.ApplicationContext.log Manager: restart: Reloading web application '/shop'
05-Nov-2018 08:17:43.093 INFO [http-nio-8080-exec-994] org.apache.catalina.core.ApplicationContext.log Manager: list: Listing contexts for virtual host 'localhost'
05-Nov-2018 08:17:43.107 INFO [http-nio-8080-exec-995] org.apache.catalina.core.ApplicationContext.log Manager: restart: Reloading web application '/shop'
05-Nov-2018 08:18:26.858 INFO [http-nio-8080-exec-1004] org.apache.catalina.core.ApplicationContext.log Manager: list: Listing contexts for virtual host 'localhost'
05-Nov-2018 08:18:26.871 INFO [http-nio-8080-exec-1000] org.apache.catalina.core.ApplicationContext.log Manager: restart: Reloading web application '/shop'
05-Nov-2018 08:18:41.189 INFO [http-nio-8080-exec-1006] org.apache.catalina.core.ApplicationContext.log Manager: list: Listing contexts for virtual host 'localhost'
05-Nov-2018 08:18:41.242 INFO [http-nio-8080-exec-997] org.apache.catalina.core.ApplicationContext.log Manager: restart: Reloading web application '/shop'
05-Nov-2018 08:26:55.755 INFO [http-nio-8080-exec-1016] org.apache.catalina.core.ApplicationContext.log Manager: list: Listing contexts for virtual host 'localhost'
05-Nov-2018 08:26:55.767 INFO [http-nio-8080-exec-1010] org.apache.catalina.core.ApplicationContext.log Manager: restart: Reloading web application '/shop'
05-Nov-2018 08:27:34.436 INFO [http-nio-8080-exec-1007] org.apache.catalina.core.ApplicationContext.log Manager: list: Listing contexts for virtual host 'localhost'
05-Nov-2018 08:27:34.450 INFO [http-nio-8080-exec-1014] org.apache.catalina.core.ApplicationContext.log Manager: restart: Reloading web application '/shop'
05-Nov-2018 14:53:29.017 INFO [http-nio-8080-exec-1020] org.apache.catalina.core.ApplicationContext.log Manager: list: Listing contexts for virtual host 'localhost'
05-Nov-2018 14:53:29.084 INFO [http-nio-8080-exec-1021] org.apache.catalina.core.ApplicationContext.log Manager: stop: Stopping web application '/shop'
05-Nov-2018 14:53:30.042 INFO [http-nio-8080-exec-1020] org.apache.catalina.core.ApplicationContext.log Manager: start: Starting web application '/shop'
05-Nov-2018 14:54:34.928 INFO [http-nio-8080-exec-1030] org.apache.catalina.core.ApplicationContext.log Manager: list: Listing contexts for virtual host 'localhost'
05-Nov-2018 14:55:01.728 INFO [http-nio-8080-exec-1027] org.apache.catalina.core.ApplicationContext.log Manager: list: Listing contexts for virtual host 'localhost'
05-Nov-2018 14:55:02.807 INFO [http-nio-8080-exec-1031] org.apache.catalina.core.ApplicationContext.log Manager: list: Listing contexts for virtual host 'localhost'
05-Nov-2018 14:55:02.967 INFO [http-nio-8080-exec-1029] org.apache.catalina.core.ApplicationContext.log Manager: list: Listing contexts for virtual host 'localhost'
05-Nov-2018 14:55:03.048 INFO [http-nio-8080-exec-1030] org.apache.catalina.core.ApplicationContext.log Manager: list: Listing contexts for virtual host 'localhost'
05-Nov-2018 14:56:31.026 INFO [http-nio-8080-exec-1029] org.apache.catalina.core.ApplicationContext.log Manager: list: Listing contexts for virtual host 'localhost'
05-Nov-2018 14:56:43.442 INFO [http-nio-8080-exec-1022] org.apache.catalina.core.ApplicationContext.log Manager: list: Listing contexts for virtual host 'localhost'
05-Nov-2018 14:57:22.430 INFO [http-nio-8080-exec-1033] org.apache.catalina.core.ApplicationContext.log Manager: list: Listing contexts for virtual host 'localhost'
05-Nov-2018 14:57:29.420 INFO [http-nio-8080-exec-1031] org.apache.catalina.core.ApplicationContext.log Manager: list: Listing contexts for virtual host 'localhost'
05-Nov-2018 15:35:17.532 INFO [http-nio-8080-exec-1035] org.apache.catalina.core.ApplicationContext.log Manager: list: Listing contexts for virtual host 'localhost'
05-Nov-2018 15:35:32.947 INFO [http-nio-8080-exec-1029] org.apache.catalina.core.ApplicationContext.log Manager: list: Listing contexts for virtual host 'localhost'
05-Nov-2018 15:35:35.551 INFO [http-nio-8080-exec-1038] org.apache.catalina.core.ApplicationContext.log Manager: list: Listing contexts for virtual host 'localhost'
05-Nov-2018 15:39:52.542 INFO [http-nio-8080-exec-1033] org.apache.catalina.core.ApplicationContext.log Manager: list: Listing contexts for virtual host 'localhost'
05-Nov-2018 15:40:55.655 INFO [http-nio-8080-exec-1031] org.apache.catalina.core.ApplicationContext.log Manager: list: Listing contexts for virtual host 'localhost'
05-Nov-2018 15:41:03.370 INFO [http-nio-8080-exec-1038] org.apache.catalina.core.ApplicationContext.log Manager: list: Listing contexts for virtual host 'localhost'
05-Nov-2018 15:41:12.618 INFO [http-nio-8080-exec-1033] org.apache.catalina.core.ApplicationContext.log Manager: list: Listing contexts for virtual host 'localhost'
05-Nov-2018 15:41:26.885 INFO [http-nio-8080-exec-1030] org.apache.catalina.core.ApplicationContext.log Manager: list: Listing contexts for virtual host 'localhost'
05-Nov-2018 15:41:47.160 INFO [http-nio-8080-exec-1036] org.apache.catalina.core.ApplicationContext.log Manager: list: Listing contexts for virtual host 'localhost'
05-Nov-2018 15:42:55.309 INFO [http-nio-8080-exec-1034] org.apache.catalina.core.ApplicationContext.log Manager: list: Listing contexts for virtual host 'localhost'
05-Nov-2018 15:43:18.127 INFO [http-nio-8080-exec-1029] org.apache.catalina.core.ApplicationContext.log Manager: list: Listing contexts for virtual host 'localhost'
05-Nov-2018 16:24:11.138 INFO [http-nio-8080-exec-1035] org.apache.catalina.core.ApplicationContext.log Manager: list: Listing contexts for virtual host 'localhost'
05-Nov-2018 16:24:23.376 INFO [http-nio-8080-exec-1033] org.apache.catalina.core.ApplicationContext.log Manager: list: Listing contexts for virtual host 'localhost'
05-Nov-2018 16:24:30.863 INFO [http-nio-8080-exec-1037] org.apache.catalina.core.ApplicationContext.log Manager: list: Listing contexts for virtual host 'localhost'
05-Nov-2018 16:24:37.827 INFO [http-nio-8080-exec-1033] org.apache.catalina.core.ApplicationContext.log Manager: list: Listing contexts for virtual host 'localhost'
05-Nov-2018 16:24:48.832 INFO [http-nio-8080-exec-1030] org.apache.catalina.core.ApplicationContext.log Manager: list: Listing contexts for virtual host 'localhost'
05-Nov-2018 16:24:52.781 INFO [http-nio-8080-exec-1035] org.apache.catalina.core.ApplicationContext.log Manager: list: Listing contexts for virtual host 'localhost'
05-Nov-2018 16:24:57.292 INFO [http-nio-8080-exec-1036] org.apache.catalina.core.ApplicationContext.log Manager: list: Listing contexts for virtual host 'localhost'
05-Nov-2018 16:25:05.491 INFO [http-nio-8080-exec-1032] org.apache.catalina.core.ApplicationContext.log Manager: list: Listing contexts for virtual host 'localhost'
05-Nov-2018 16:25:07.672 INFO [http-nio-8080-exec-1035] org.apache.catalina.core.ApplicationContext.log Manager: list: Listing contexts for virtual host 'localhost'
05-Nov-2018 16:26:15.246 INFO [http-nio-8080-exec-1030] org.apache.catalina.core.ApplicationContext.log Manager: list: Listing contexts for virtual host 'localhost'
05-Nov-2018 16:26:29.837 INFO [http-nio-8080-exec-1038] org.apache.catalina.core.ApplicationContext.log Manager: list: Listing contexts for virtual host 'localhost'
05-Nov-2018 16:26:38.099 INFO [http-nio-8080-exec-1036] org.apache.catalina.core.ApplicationContext.log Manager: list: Listing contexts for virtual host 'localhost'
05-Nov-2018 16:26:46.615 INFO [http-nio-8080-exec-1037] org.apache.catalina.core.ApplicationContext.log Manager: list: Listing contexts for virtual host 'localhost'
05-Nov-2018 16:26:54.938 INFO [http-nio-8080-exec-1038] org.apache.catalina.core.ApplicationContext.log Manager: list: Listing contexts for virtual host 'localhost'
05-Nov-2018 16:27:11.126 INFO [http-nio-8080-exec-1036] org.apache.catalina.core.ApplicationContext.log Manager: list: Listing contexts for virtual host 'localhost'
05-Nov-2018 16:27:20.733 INFO [http-nio-8080-exec-1034] org.apache.catalina.core.ApplicationContext.log Manager: list: Listing contexts for virtual host 'localhost'
05-Nov-2018 16:27:28.781 INFO [http-nio-8080-exec-1035] org.apache.catalina.core.ApplicationContext.log Manager: list: Listing contexts for virtual host 'localhost'
05-Nov-2018 16:27:45.680 INFO [http-nio-8080-exec-1030] org.apache.catalina.core.ApplicationContext.log Manager: list: Listing contexts for virtual host 'localhost'
05-Nov-2018 16:28:25.573 INFO [http-nio-8080-exec-1038] org.apache.catalina.core.ApplicationContext.log Manager: list: Listing contexts for virtual host 'localhost'
05-Nov-2018 16:35:12.865 INFO [http-nio-8080-exec-1035] org.apache.catalina.core.ApplicationContext.log Manager: list: Listing contexts for virtual host 'localhost'
05-Nov-2018 16:35:57.842 INFO [http-nio-8080-exec-1029] org.apache.catalina.core.ApplicationContext.log Manager: list: Listing contexts for virtual host 'localhost'
05-Nov-2018 16:36:39.453 INFO [http-nio-8080-exec-1038] org.apache.catalina.core.ApplicationContext.log Manager: list: Listing contexts for virtual host 'localhost'
05-Nov-2018 16:37:46.428 INFO [http-nio-8080-exec-1035] org.apache.catalina.core.ApplicationContext.log Manager: list: Listing contexts for virtual host 'localhost'
05-Nov-2018 16:39:09.981 INFO [http-nio-8080-exec-1032] org.apache.catalina.core.ApplicationContext.log Manager: list: Listing contexts for virtual host 'localhost'
05-Nov-2018 16:41:20.585 INFO [http-nio-8080-exec-1034] org.apache.catalina.core.ApplicationContext.log Manager: list: Listing contexts for virtual host 'localhost'
05-Nov-2018 16:41:39.701 INFO [http-nio-8080-exec-1036] org.apache.catalina.core.ApplicationContext.log Manager: list: Listing contexts for virtual host 'localhost'
05-Nov-2018 16:41:54.166 INFO [http-nio-8080-exec-1030] org.apache.catalina.core.ApplicationContext.log Manager: list: Listing contexts for virtual host 'localhost'
05-Nov-2018 16:42:08.755 INFO [http-nio-8080-exec-1034] org.apache.catalina.core.ApplicationContext.log Manager: list: Listing contexts for virtual host 'localhost'
05-Nov-2018 16:42:11.734 INFO [http-nio-8080-exec-1035] org.apache.catalina.core.ApplicationContext.log Manager: list: Listing contexts for virtual host 'localhost'
05-Nov-2018 16:42:15.868 INFO [http-nio-8080-exec-1029] org.apache.catalina.core.ApplicationContext.log Manager: list: Listing contexts for virtual host 'localhost'
05-Nov-2018 16:42:55.314 INFO [http-nio-8080-exec-1038] org.apache.catalina.core.ApplicationContext.log Manager: list: Listing contexts for virtual host 'localhost'
05-Nov-2018 16:42:55.360 INFO [http-nio-8080-exec-1037] org.apache.catalina.core.ApplicationContext.log Manager: restart: Reloading web application '/shop'
05-Nov-2018 16:43:12.893 INFO [http-nio-8080-exec-1036] org.apache.catalina.core.ApplicationContext.log Manager: list: Listing contexts for virtual host 'localhost'
05-Nov-2018 16:43:12.927 INFO [http-nio-8080-exec-1032] org.apache.catalina.core.ApplicationContext.log Manager: restart: Reloading web application '/shop'
05-Nov-2018 16:43:33.924 INFO [http-nio-8080-exec-1030] org.apache.catalina.core.ApplicationContext.log Manager: list: Listing contexts for virtual host 'localhost'
05-Nov-2018 16:43:33.926 INFO [http-nio-8080-exec-1029] org.apache.catalina.core.ApplicationContext.log Manager: list: Listing contexts for virtual host 'localhost'
05-Nov-2018 16:43:34.039 INFO [http-nio-8080-exec-1039] org.apache.catalina.core.ApplicationContext.log Manager: stop: Stopping web application '/shop'
05-Nov-2018 16:43:34.239 INFO [http-nio-8080-exec-1033] org.apache.catalina.core.ApplicationContext.log Manager: start: Starting web application '/shop'
05-Nov-2018 22:28:17.801 INFO [http-nio-8080-exec-1051] org.apache.catalina.core.ApplicationContext.log Manager: list: Listing contexts for virtual host 'localhost'
05-Nov-2018 22:28:17.811 INFO [http-nio-8080-exec-1052] org.apache.catalina.core.ApplicationContext.log Manager: list: Listing contexts for virtual host 'localhost'
05-Nov-2018 22:37:02.106 INFO [http-nio-8080-exec-1043] org.apache.catalina.core.ApplicationContext.log Manager: list: Listing contexts for virtual host 'localhost'
05-Nov-2018 22:37:02.153 INFO [http-nio-8080-exec-1045] org.apache.catalina.core.ApplicationContext.log Manager: list: Listing contexts for virtual host 'localhost'
05-Nov-2018 22:37:02.216 INFO [http-nio-8080-exec-1044] org.apache.catalina.core.ApplicationContext.log Manager: restart: Reloading web application '/WebApplication3'
05-Nov-2018 22:52:39.513 INFO [http-nio-8080-exec-1062] org.apache.catalina.core.ApplicationContext.log Manager: list: Listing contexts for virtual host 'localhost'
05-Nov-2018 22:52:39.517 INFO [http-nio-8080-exec-1053] org.apache.catalina.core.ApplicationContext.log Manager: list: Listing contexts for virtual host 'localhost'
