28-Dec-2018 08:46:35.443 INFO [http-nio-8081-exec-1] org.apache.catalina.core.ApplicationContext.log Manager: init: Associated with Deployer 'Catalina:type=Deployer,host=localhost'
28-Dec-2018 08:46:35.446 INFO [http-nio-8081-exec-1] org.apache.catalina.core.ApplicationContext.log Manager: init: Global resources are available
28-Dec-2018 08:46:37.107 INFO [http-nio-8081-exec-10] org.apache.catalina.core.ApplicationContext.log Manager: list: Listing contexts for virtual host 'localhost'
28-Dec-2018 08:46:37.108 INFO [http-nio-8081-exec-1] org.apache.catalina.core.ApplicationContext.log Manager: list: Listing contexts for virtual host 'localhost'
28-Dec-2018 08:46:37.123 INFO [http-nio-8081-exec-2] org.apache.catalina.core.ApplicationContext.log Manager: list: Listing contexts for virtual host 'localhost'
28-Dec-2018 08:46:37.219 INFO [http-nio-8081-exec-12] org.apache.catalina.core.ApplicationContext.log Manager: undeploy: Undeploying web application at '/WebApplication4'
28-Dec-2018 08:46:37.841 INFO [http-nio-8081-exec-15] org.apache.catalina.core.ApplicationContext.log Manager: install: Installing context configuration at 'file:/C:/Users/ADMINI~1/AppData/Local/Temp/context4402174704344243731.xml'
28-Dec-2018 08:50:13.750 INFO [http-nio-8081-exec-30] org.apache.catalina.core.ApplicationContext.log Manager: list: Listing contexts for virtual host 'localhost'
28-Dec-2018 09:01:24.515 INFO [http-nio-8081-exec-33] org.apache.catalina.core.ApplicationContext.log Manager: list: Listing contexts for virtual host 'localhost'
28-Dec-2018 09:01:33.002 INFO [http-nio-8081-exec-27] org.apache.catalina.core.ApplicationContext.log Manager: list: Listing contexts for virtual host 'localhost'
28-Dec-2018 09:37:30.596 INFO [http-nio-8081-exec-34] org.apache.catalina.core.ApplicationContext.log Manager: list: Listing contexts for virtual host 'localhost'
28-Dec-2018 13:48:51.812 INFO [http-nio-8081-exec-31] org.apache.catalina.core.ApplicationContext.log Manager: list: Listing contexts for virtual host 'localhost'
28-Dec-2018 13:48:51.818 INFO [http-nio-8081-exec-27] org.apache.catalina.core.ApplicationContext.log Manager: list: Listing contexts for virtual host 'localhost'
28-Dec-2018 14:02:31.978 INFO [http-nio-8081-exec-31] org.apache.catalina.core.ApplicationContext.log Manager: list: Listing contexts for virtual host 'localhost'
28-Dec-2018 14:02:37.084 INFO [http-nio-8081-exec-29] org.apache.catalina.core.ApplicationContext.log Manager: list: Listing contexts for virtual host 'localhost'
28-Dec-2018 14:08:34.914 INFO [http-nio-8081-exec-28] org.apache.catalina.core.ApplicationContext.log Manager: list: Listing contexts for virtual host 'localhost'
28-Dec-2018 14:08:34.920 INFO [http-nio-8081-exec-27] org.apache.catalina.core.ApplicationContext.log Manager: list: Listing contexts for virtual host 'localhost'
28-Dec-2018 19:35:50.699 INFO [http-nio-8081-exec-33] org.apache.catalina.core.ApplicationContext.log Manager: list: Listing contexts for virtual host 'localhost'
28-Dec-2018 19:35:50.827 INFO [http-nio-8081-exec-35] org.apache.catalina.core.ApplicationContext.log Manager: list: Listing contexts for virtual host 'localhost'
28-Dec-2018 19:35:51.063 INFO [http-nio-8081-exec-35] org.apache.catalina.core.ApplicationContext.log Manager: list: Listing contexts for virtual host 'localhost'
28-Dec-2018 19:36:56.020 INFO [http-nio-8081-exec-31] org.apache.catalina.core.ApplicationContext.log Manager: list: Listing contexts for virtual host 'localhost'
28-Dec-2018 19:37:13.125 INFO [http-nio-8081-exec-32] org.apache.catalina.core.ApplicationContext.log Manager: list: Listing contexts for virtual host 'localhost'
28-Dec-2018 19:37:27.279 INFO [http-nio-8081-exec-35] org.apache.catalina.core.ApplicationContext.log Manager: list: Listing contexts for virtual host 'localhost'
28-Dec-2018 19:37:41.805 INFO [http-nio-8081-exec-30] org.apache.catalina.core.ApplicationContext.log Manager: list: Listing contexts for virtual host 'localhost'
28-Dec-2018 19:38:49.083 INFO [http-nio-8081-exec-34] org.apache.catalina.core.ApplicationContext.log Manager: list: Listing contexts for virtual host 'localhost'
28-Dec-2018 19:38:53.766 INFO [http-nio-8081-exec-33] org.apache.catalina.core.ApplicationContext.log Manager: list: Listing contexts for virtual host 'localhost'
28-Dec-2018 20:07:24.127 INFO [http-nio-8081-exec-34] org.apache.catalina.core.ApplicationContext.log Manager: list: Listing contexts for virtual host 'localhost'
28-Dec-2018 20:07:24.154 INFO [http-nio-8081-exec-30] org.apache.catalina.core.ApplicationContext.log Manager: list: Listing contexts for virtual host 'localhost'
28-Dec-2018 20:07:24.237 INFO [http-nio-8081-exec-35] org.apache.catalina.core.ApplicationContext.log Manager: install: Installing context configuration at 'file:/C:/Users/ADMINI~1/AppData/Local/Temp/context9171248510381824197.xml'
28-Dec-2018 20:07:24.731 INFO [http-nio-8081-exec-29] org.apache.catalina.core.ApplicationContext.log Manager: start: Starting web application '/Jquery'
28-Dec-2018 20:10:29.306 INFO [http-nio-8081-exec-30] org.apache.catalina.core.ApplicationContext.log Manager: list: Listing contexts for virtual host 'localhost'
28-Dec-2018 20:10:56.922 INFO [http-nio-8081-exec-31] org.apache.catalina.core.ApplicationContext.log Manager: list: Listing contexts for virtual host 'localhost'
28-Dec-2018 20:14:33.701 INFO [http-nio-8081-exec-29] org.apache.catalina.core.ApplicationContext.log Manager: list: Listing contexts for virtual host 'localhost'
28-Dec-2018 20:17:58.070 INFO [http-nio-8081-exec-28] org.apache.catalina.core.ApplicationContext.log Manager: list: Listing contexts for virtual host 'localhost'
28-Dec-2018 20:22:36.081 INFO [http-nio-8081-exec-31] org.apache.catalina.core.ApplicationContext.log Manager: list: Listing contexts for virtual host 'localhost'
28-Dec-2018 20:27:04.603 INFO [http-nio-8081-exec-34] org.apache.catalina.core.ApplicationContext.log Manager: list: Listing contexts for virtual host 'localhost'
28-Dec-2018 20:27:56.175 INFO [http-nio-8081-exec-29] org.apache.catalina.core.ApplicationContext.log Manager: list: Listing contexts for virtual host 'localhost'
28-Dec-2018 20:28:39.042 INFO [http-nio-8081-exec-34] org.apache.catalina.core.ApplicationContext.log Manager: list: Listing contexts for virtual host 'localhost'
28-Dec-2018 20:28:46.704 INFO [http-nio-8081-exec-33] org.apache.catalina.core.ApplicationContext.log Manager: list: Listing contexts for virtual host 'localhost'
28-Dec-2018 20:29:17.627 INFO [http-nio-8081-exec-33] org.apache.catalina.core.ApplicationContext.log Manager: list: Listing contexts for virtual host 'localhost'
28-Dec-2018 20:29:21.279 INFO [http-nio-8081-exec-30] org.apache.catalina.core.ApplicationContext.log Manager: list: Listing contexts for virtual host 'localhost'
28-Dec-2018 20:29:22.990 INFO [http-nio-8081-exec-30] org.apache.catalina.core.ApplicationContext.log Manager: list: Listing contexts for virtual host 'localhost'
28-Dec-2018 20:29:32.857 INFO [http-nio-8081-exec-31] org.apache.catalina.core.ApplicationContext.log Manager: list: Listing contexts for virtual host 'localhost'
28-Dec-2018 20:30:08.641 INFO [http-nio-8081-exec-31] org.apache.catalina.core.ApplicationContext.log Manager: list: Listing contexts for virtual host 'localhost'
28-Dec-2018 20:30:21.178 INFO [http-nio-8081-exec-33] org.apache.catalina.core.ApplicationContext.log Manager: list: Listing contexts for virtual host 'localhost'
28-Dec-2018 20:39:03.955 INFO [http-nio-8081-exec-28] org.apache.catalina.core.ApplicationContext.log Manager: list: Listing contexts for virtual host 'localhost'
28-Dec-2018 20:44:38.637 INFO [http-nio-8081-exec-35] org.apache.catalina.core.ApplicationContext.log Manager: list: Listing contexts for virtual host 'localhost'
28-Dec-2018 20:44:40.466 INFO [http-nio-8081-exec-29] org.apache.catalina.core.ApplicationContext.log Manager: list: Listing contexts for virtual host 'localhost'
28-Dec-2018 20:45:22.759 INFO [http-nio-8081-exec-33] org.apache.catalina.core.ApplicationContext.log Manager: list: Listing contexts for virtual host 'localhost'
28-Dec-2018 20:45:24.557 INFO [http-nio-8081-exec-34] org.apache.catalina.core.ApplicationContext.log Manager: list: Listing contexts for virtual host 'localhost'
28-Dec-2018 20:45:33.077 INFO [http-nio-8081-exec-30] org.apache.catalina.core.ApplicationContext.log Manager: list: Listing contexts for virtual host 'localhost'
28-Dec-2018 20:46:05.760 INFO [http-nio-8081-exec-29] org.apache.catalina.core.ApplicationContext.log Manager: list: Listing contexts for virtual host 'localhost'
28-Dec-2018 20:46:57.733 INFO [http-nio-8081-exec-36] org.apache.catalina.core.ApplicationContext.log Manager: list: Listing contexts for virtual host 'localhost'
28-Dec-2018 20:47:07.603 INFO [http-nio-8081-exec-29] org.apache.catalina.core.ApplicationContext.log Manager: list: Listing contexts for virtual host 'localhost'
28-Dec-2018 20:47:31.096 INFO [http-nio-8081-exec-36] org.apache.catalina.core.ApplicationContext.log Manager: list: Listing contexts for virtual host 'localhost'
28-Dec-2018 20:47:50.720 INFO [http-nio-8081-exec-31] org.apache.catalina.core.ApplicationContext.log Manager: list: Listing contexts for virtual host 'localhost'
28-Dec-2018 20:57:03.011 INFO [http-nio-8081-exec-32] org.apache.catalina.core.ApplicationContext.log Manager: list: Listing contexts for virtual host 'localhost'
28-Dec-2018 20:57:11.310 INFO [http-nio-8081-exec-31] org.apache.catalina.core.ApplicationContext.log Manager: list: Listing contexts for virtual host 'localhost'
28-Dec-2018 20:57:11.926 INFO [http-nio-8081-exec-30] org.apache.catalina.core.ApplicationContext.log Manager: list: Listing contexts for virtual host 'localhost'
28-Dec-2018 20:57:11.945 INFO [http-nio-8081-exec-34] org.apache.catalina.core.ApplicationContext.log Manager: list: Listing contexts for virtual host 'localhost'
28-Dec-2018 20:58:40.985 INFO [http-nio-8081-exec-34] org.apache.catalina.core.ApplicationContext.log Manager: list: Listing contexts for virtual host 'localhost'
28-Dec-2018 20:58:43.043 INFO [http-nio-8081-exec-28] org.apache.catalina.core.ApplicationContext.log Manager: list: Listing contexts for virtual host 'localhost'
28-Dec-2018 20:58:59.451 INFO [http-nio-8081-exec-32] org.apache.catalina.core.ApplicationContext.log Manager: list: Listing contexts for virtual host 'localhost'
28-Dec-2018 20:59:09.363 INFO [http-nio-8081-exec-36] org.apache.catalina.core.ApplicationContext.log Manager: list: Listing contexts for virtual host 'localhost'
