29-Nov-2018 07:24:03.384 INFO [http-nio-8081-exec-552] org.apache.catalina.core.ApplicationContext.log Manager: list: Listing contexts for virtual host 'localhost'
29-Nov-2018 07:24:12.846 INFO [http-nio-8081-exec-549] org.apache.catalina.core.ApplicationContext.log Manager: list: Listing contexts for virtual host 'localhost'
29-Nov-2018 07:26:01.306 INFO [http-nio-8081-exec-549] org.apache.catalina.core.ApplicationContext.log Manager: list: Listing contexts for virtual host 'localhost'
29-Nov-2018 07:26:01.316 INFO [http-nio-8081-exec-547] org.apache.catalina.core.ApplicationContext.log Manager: restart: Reloading web application '/shophouse'
29-Nov-2018 07:26:27.295 INFO [http-nio-8081-exec-556] org.apache.catalina.core.ApplicationContext.log Manager: list: Listing contexts for virtual host 'localhost'
29-Nov-2018 07:26:27.306 INFO [http-nio-8081-exec-552] org.apache.catalina.core.ApplicationContext.log Manager: restart: Reloading web application '/shophouse'
29-Nov-2018 07:26:35.071 INFO [http-nio-8081-exec-549] org.apache.catalina.core.ApplicationContext.log Manager: list: Listing contexts for virtual host 'localhost'
29-Nov-2018 07:26:35.111 INFO [http-nio-8081-exec-551] org.apache.catalina.core.ApplicationContext.log Manager: restart: Reloading web application '/shophouse'
29-Nov-2018 07:27:31.993 INFO [http-nio-8081-exec-548] org.apache.catalina.core.ApplicationContext.log Manager: list: Listing contexts for virtual host 'localhost'
29-Nov-2018 07:27:32.004 INFO [http-nio-8081-exec-558] org.apache.catalina.core.ApplicationContext.log Manager: restart: Reloading web application '/shophouse'
29-Nov-2018 07:27:56.382 INFO [http-nio-8081-exec-562] org.apache.catalina.core.ApplicationContext.log Manager: list: Listing contexts for virtual host 'localhost'
29-Nov-2018 07:27:56.392 INFO [http-nio-8081-exec-550] org.apache.catalina.core.ApplicationContext.log Manager: restart: Reloading web application '/shophouse'
29-Nov-2018 07:28:02.028 INFO [http-nio-8081-exec-549] org.apache.catalina.core.ApplicationContext.log Manager: list: Listing contexts for virtual host 'localhost'
29-Nov-2018 07:28:02.041 INFO [http-nio-8081-exec-555] org.apache.catalina.core.ApplicationContext.log Manager: restart: Reloading web application '/shophouse'
29-Nov-2018 07:29:11.903 INFO [http-nio-8081-exec-557] org.apache.catalina.core.ApplicationContext.log Manager: list: Listing contexts for virtual host 'localhost'
29-Nov-2018 07:29:16.622 INFO [http-nio-8081-exec-549] org.apache.catalina.core.ApplicationContext.log Manager: list: Listing contexts for virtual host 'localhost'
29-Nov-2018 07:32:42.801 INFO [http-nio-8081-exec-571] org.apache.catalina.core.ApplicationContext.log Manager: list: Listing contexts for virtual host 'localhost'
29-Nov-2018 07:32:42.819 INFO [http-nio-8081-exec-569] org.apache.catalina.core.ApplicationContext.log Manager: restart: Reloading web application '/shophouse'
29-Nov-2018 07:32:50.174 INFO [http-nio-8081-exec-571] org.apache.catalina.core.ApplicationContext.log Manager: list: Listing contexts for virtual host 'localhost'
29-Nov-2018 07:32:50.194 INFO [http-nio-8081-exec-574] org.apache.catalina.core.ApplicationContext.log Manager: restart: Reloading web application '/shophouse'
29-Nov-2018 07:33:26.863 INFO [http-nio-8081-exec-583] org.apache.catalina.core.ApplicationContext.log Manager: list: Listing contexts for virtual host 'localhost'
29-Nov-2018 07:33:26.872 INFO [http-nio-8081-exec-570] org.apache.catalina.core.ApplicationContext.log Manager: restart: Reloading web application '/shophouse'
29-Nov-2018 07:33:55.621 INFO [http-nio-8081-exec-586] org.apache.catalina.core.ApplicationContext.log Manager: list: Listing contexts for virtual host 'localhost'
29-Nov-2018 07:33:55.631 INFO [http-nio-8081-exec-577] org.apache.catalina.core.ApplicationContext.log Manager: restart: Reloading web application '/shophouse'
29-Nov-2018 07:34:23.809 INFO [http-nio-8081-exec-592] org.apache.catalina.core.ApplicationContext.log Manager: list: Listing contexts for virtual host 'localhost'
29-Nov-2018 07:34:23.843 INFO [http-nio-8081-exec-594] org.apache.catalina.core.ApplicationContext.log Manager: restart: Reloading web application '/shophouse'
29-Nov-2018 07:35:11.539 INFO [http-nio-8081-exec-599] org.apache.catalina.core.ApplicationContext.log Manager: list: Listing contexts for virtual host 'localhost'
29-Nov-2018 07:35:18.127 INFO [http-nio-8081-exec-600] org.apache.catalina.core.ApplicationContext.log Manager: list: Listing contexts for virtual host 'localhost'
29-Nov-2018 07:38:34.363 INFO [http-nio-8081-exec-604] org.apache.catalina.core.ApplicationContext.log Manager: list: Listing contexts for virtual host 'localhost'
29-Nov-2018 07:39:05.089 INFO [http-nio-8081-exec-607] org.apache.catalina.core.ApplicationContext.log Manager: list: Listing contexts for virtual host 'localhost'
29-Nov-2018 07:40:24.132 INFO [http-nio-8081-exec-603] org.apache.catalina.core.ApplicationContext.log Manager: list: Listing contexts for virtual host 'localhost'
29-Nov-2018 07:40:24.897 INFO [http-nio-8081-exec-608] org.apache.catalina.core.ApplicationContext.log Manager: list: Listing contexts for virtual host 'localhost'
29-Nov-2018 07:40:50.117 INFO [http-nio-8081-exec-607] org.apache.catalina.core.ApplicationContext.log Manager: list: Listing contexts for virtual host 'localhost'
29-Nov-2018 07:40:50.128 INFO [http-nio-8081-exec-606] org.apache.catalina.core.ApplicationContext.log Manager: restart: Reloading web application '/shophouse'
29-Nov-2018 07:41:52.271 INFO [http-nio-8081-exec-608] org.apache.catalina.core.ApplicationContext.log Manager: list: Listing contexts for virtual host 'localhost'
29-Nov-2018 07:41:52.295 INFO [http-nio-8081-exec-598] org.apache.catalina.core.ApplicationContext.log Manager: restart: Reloading web application '/shophouse'
29-Nov-2018 07:42:03.813 INFO [http-nio-8081-exec-614] org.apache.catalina.core.ApplicationContext.log Manager: list: Listing contexts for virtual host 'localhost'
29-Nov-2018 07:42:03.823 INFO [http-nio-8081-exec-605] org.apache.catalina.core.ApplicationContext.log Manager: restart: Reloading web application '/shophouse'
29-Nov-2018 07:43:50.271 INFO [http-nio-8081-exec-617] org.apache.catalina.core.ApplicationContext.log Manager: list: Listing contexts for virtual host 'localhost'
29-Nov-2018 07:43:52.145 INFO [http-nio-8081-exec-620] org.apache.catalina.core.ApplicationContext.log Manager: list: Listing contexts for virtual host 'localhost'
29-Nov-2018 07:43:59.324 INFO [http-nio-8081-exec-616] org.apache.catalina.core.ApplicationContext.log Manager: list: Listing contexts for virtual host 'localhost'
29-Nov-2018 07:45:24.867 INFO [http-nio-8081-exec-615] org.apache.catalina.core.ApplicationContext.log Manager: list: Listing contexts for virtual host 'localhost'
29-Nov-2018 07:45:33.219 INFO [http-nio-8081-exec-619] org.apache.catalina.core.ApplicationContext.log Manager: list: Listing contexts for virtual host 'localhost'
29-Nov-2018 07:45:39.612 INFO [http-nio-8081-exec-621] org.apache.catalina.core.ApplicationContext.log Manager: list: Listing contexts for virtual host 'localhost'
29-Nov-2018 07:45:58.381 INFO [http-nio-8081-exec-615] org.apache.catalina.core.ApplicationContext.log Manager: list: Listing contexts for virtual host 'localhost'
29-Nov-2018 07:46:11.560 INFO [http-nio-8081-exec-620] org.apache.catalina.core.ApplicationContext.log Manager: list: Listing contexts for virtual host 'localhost'
29-Nov-2018 07:46:34.841 INFO [http-nio-8081-exec-619] org.apache.catalina.core.ApplicationContext.log Manager: list: Listing contexts for virtual host 'localhost'
29-Nov-2018 07:46:34.845 INFO [http-nio-8081-exec-623] org.apache.catalina.core.ApplicationContext.log Manager: list: Listing contexts for virtual host 'localhost'
29-Nov-2018 07:46:35.002 INFO [http-nio-8081-exec-616] org.apache.catalina.core.ApplicationContext.log Manager: restart: Reloading web application '/shophouse'
29-Nov-2018 07:47:38.136 INFO [http-nio-8081-exec-617] org.apache.catalina.core.ApplicationContext.log Manager: list: Listing contexts for virtual host 'localhost'
29-Nov-2018 07:47:40.354 INFO [http-nio-8081-exec-625] org.apache.catalina.core.ApplicationContext.log Manager: list: Listing contexts for virtual host 'localhost'
29-Nov-2018 07:47:42.159 INFO [http-nio-8081-exec-628] org.apache.catalina.core.ApplicationContext.log Manager: list: Listing contexts for virtual host 'localhost'
29-Nov-2018 07:48:22.114 INFO [http-nio-8081-exec-626] org.apache.catalina.core.ApplicationContext.log Manager: list: Listing contexts for virtual host 'localhost'
29-Nov-2018 07:48:22.140 INFO [http-nio-8081-exec-629] org.apache.catalina.core.ApplicationContext.log Manager: restart: Reloading web application '/shophouse'
29-Nov-2018 07:50:55.171 INFO [http-nio-8081-exec-635] org.apache.catalina.core.ApplicationContext.log Manager: list: Listing contexts for virtual host 'localhost'
29-Nov-2018 07:51:20.394 INFO [http-nio-8081-exec-641] org.apache.catalina.core.ApplicationContext.log Manager: list: Listing contexts for virtual host 'localhost'
29-Nov-2018 07:51:43.007 INFO [http-nio-8081-exec-638] org.apache.catalina.core.ApplicationContext.log Manager: list: Listing contexts for virtual host 'localhost'
29-Nov-2018 07:51:44.453 INFO [http-nio-8081-exec-643] org.apache.catalina.core.ApplicationContext.log Manager: list: Listing contexts for virtual host 'localhost'
29-Nov-2018 07:52:12.503 INFO [http-nio-8081-exec-638] org.apache.catalina.core.ApplicationContext.log Manager: list: Listing contexts for virtual host 'localhost'
29-Nov-2018 07:56:13.513 INFO [http-nio-8081-exec-639] org.apache.catalina.core.ApplicationContext.log Manager: list: Listing contexts for virtual host 'localhost'
29-Nov-2018 08:00:02.968 INFO [http-nio-8081-exec-637] org.apache.catalina.core.ApplicationContext.log Manager: list: Listing contexts for virtual host 'localhost'
29-Nov-2018 08:00:02.983 INFO [http-nio-8081-exec-643] org.apache.catalina.core.ApplicationContext.log Manager: restart: Reloading web application '/shophouse'
29-Nov-2018 08:00:30.058 INFO [http-nio-8081-exec-647] org.apache.catalina.core.ApplicationContext.log Manager: list: Listing contexts for virtual host 'localhost'
29-Nov-2018 08:00:30.066 INFO [http-nio-8081-exec-644] org.apache.catalina.core.ApplicationContext.log Manager: restart: Reloading web application '/shophouse'
29-Nov-2018 08:03:48.852 INFO [http-nio-8081-exec-658] org.apache.catalina.core.ApplicationContext.log Manager: list: Listing contexts for virtual host 'localhost'
29-Nov-2018 08:03:48.965 INFO [http-nio-8081-exec-657] org.apache.catalina.core.ApplicationContext.log Manager: undeploy: Undeploying web application at '/MuaBanNha'
29-Nov-2018 08:03:49.519 INFO [http-nio-8081-exec-650] org.apache.catalina.core.ApplicationContext.log Manager: install: Installing context configuration at 'file:/C:/Users/ADMINI~1/AppData/Local/Temp/context8019502250543117228.xml'
29-Nov-2018 08:03:50.403 INFO [http-nio-8081-exec-649] org.apache.catalina.core.ApplicationContext.log Manager: start: Starting web application '/MuaBanNha'
29-Nov-2018 08:08:03.879 INFO [http-nio-8081-exec-666] org.apache.catalina.core.ApplicationContext.log Manager: list: Listing contexts for virtual host 'localhost'
29-Nov-2018 08:08:03.892 INFO [http-nio-8081-exec-667] org.apache.catalina.core.ApplicationContext.log Manager: restart: Reloading web application '/shophouse'
29-Nov-2018 08:08:50.059 INFO [http-nio-8081-exec-673] org.apache.catalina.core.ApplicationContext.log Manager: list: Listing contexts for virtual host 'localhost'
29-Nov-2018 08:08:50.071 INFO [http-nio-8081-exec-668] org.apache.catalina.core.ApplicationContext.log Manager: restart: Reloading web application '/shophouse'
29-Nov-2018 08:10:45.415 INFO [http-nio-8081-exec-674] org.apache.catalina.core.ApplicationContext.log Manager: list: Listing contexts for virtual host 'localhost'
29-Nov-2018 08:10:54.919 INFO [http-nio-8081-exec-675] org.apache.catalina.core.ApplicationContext.log Manager: list: Listing contexts for virtual host 'localhost'
29-Nov-2018 08:11:06.183 INFO [http-nio-8081-exec-678] org.apache.catalina.core.ApplicationContext.log Manager: list: Listing contexts for virtual host 'localhost'
29-Nov-2018 08:15:18.580 INFO [http-nio-8081-exec-675] org.apache.catalina.core.ApplicationContext.log Manager: list: Listing contexts for virtual host 'localhost'
29-Nov-2018 08:16:03.285 INFO [http-nio-8081-exec-679] org.apache.catalina.core.ApplicationContext.log Manager: list: Listing contexts for virtual host 'localhost'
29-Nov-2018 08:16:03.305 INFO [http-nio-8081-exec-683] org.apache.catalina.core.ApplicationContext.log Manager: restart: Reloading web application '/shophouse'
29-Nov-2018 08:16:10.604 INFO [http-nio-8081-exec-680] org.apache.catalina.core.ApplicationContext.log Manager: list: Listing contexts for virtual host 'localhost'
29-Nov-2018 08:18:15.217 INFO [http-nio-8081-exec-686] org.apache.catalina.core.ApplicationContext.log Manager: list: Listing contexts for virtual host 'localhost'
29-Nov-2018 08:19:43.293 INFO [http-nio-8081-exec-685] org.apache.catalina.core.ApplicationContext.log Manager: list: Listing contexts for virtual host 'localhost'
29-Nov-2018 08:20:04.012 INFO [http-nio-8081-exec-687] org.apache.catalina.core.ApplicationContext.log Manager: list: Listing contexts for virtual host 'localhost'
29-Nov-2018 08:20:09.902 INFO [http-nio-8081-exec-686] org.apache.catalina.core.ApplicationContext.log Manager: list: Listing contexts for virtual host 'localhost'
29-Nov-2018 08:20:15.345 INFO [http-nio-8081-exec-692] org.apache.catalina.core.ApplicationContext.log Manager: list: Listing contexts for virtual host 'localhost'
29-Nov-2018 08:21:40.129 INFO [http-nio-8081-exec-689] org.apache.catalina.core.ApplicationContext.log Manager: list: Listing contexts for virtual host 'localhost'
29-Nov-2018 08:21:40.156 INFO [http-nio-8081-exec-691] org.apache.catalina.core.ApplicationContext.log Manager: list: Listing contexts for virtual host 'localhost'
29-Nov-2018 08:21:40.306 INFO [http-nio-8081-exec-690] org.apache.catalina.core.ApplicationContext.log Manager: restart: Reloading web application '/shop'
29-Nov-2018 08:22:21.218 INFO [http-nio-8081-exec-696] org.apache.catalina.core.ApplicationContext.log Manager: list: Listing contexts for virtual host 'localhost'
29-Nov-2018 08:23:53.100 INFO [http-nio-8081-exec-694] org.apache.catalina.core.ApplicationContext.log Manager: list: Listing contexts for virtual host 'localhost'
29-Nov-2018 08:23:55.063 INFO [http-nio-8081-exec-697] org.apache.catalina.core.ApplicationContext.log Manager: list: Listing contexts for virtual host 'localhost'
29-Nov-2018 08:24:08.951 INFO [http-nio-8081-exec-699] org.apache.catalina.core.ApplicationContext.log Manager: list: Listing contexts for virtual host 'localhost'
29-Nov-2018 08:24:43.971 INFO [http-nio-8081-exec-700] org.apache.catalina.core.ApplicationContext.log Manager: list: Listing contexts for virtual host 'localhost'
29-Nov-2018 08:25:08.174 INFO [http-nio-8081-exec-701] org.apache.catalina.core.ApplicationContext.log Manager: list: Listing contexts for virtual host 'localhost'
29-Nov-2018 08:25:20.201 INFO [http-nio-8081-exec-697] org.apache.catalina.core.ApplicationContext.log Manager: list: Listing contexts for virtual host 'localhost'
29-Nov-2018 08:25:46.583 INFO [http-nio-8081-exec-699] org.apache.catalina.core.ApplicationContext.log Manager: list: Listing contexts for virtual host 'localhost'
29-Nov-2018 08:25:49.061 INFO [http-nio-8081-exec-694] org.apache.catalina.core.ApplicationContext.log Manager: list: Listing contexts for virtual host 'localhost'
29-Nov-2018 08:25:58.101 INFO [http-nio-8081-exec-697] org.apache.catalina.core.ApplicationContext.log Manager: list: Listing contexts for virtual host 'localhost'
29-Nov-2018 08:26:28.532 INFO [http-nio-8081-exec-696] org.apache.catalina.core.ApplicationContext.log Manager: list: Listing contexts for virtual host 'localhost'
29-Nov-2018 08:26:29.901 INFO [http-nio-8081-exec-698] org.apache.catalina.core.ApplicationContext.log Manager: list: Listing contexts for virtual host 'localhost'
29-Nov-2018 08:28:49.278 INFO [http-nio-8081-exec-697] org.apache.catalina.core.ApplicationContext.log Manager: list: Listing contexts for virtual host 'localhost'
29-Nov-2018 08:28:49.636 INFO [http-nio-8081-exec-701] org.apache.catalina.core.ApplicationContext.log Manager: restart: Reloading web application '/shop'
29-Nov-2018 08:28:58.213 INFO [http-nio-8081-exec-695] org.apache.catalina.core.ApplicationContext.log Manager: list: Listing contexts for virtual host 'localhost'
29-Nov-2018 08:28:58.249 INFO [http-nio-8081-exec-697] org.apache.catalina.core.ApplicationContext.log Manager: restart: Reloading web application '/shop'
29-Nov-2018 08:29:40.016 INFO [http-nio-8081-exec-699] org.apache.catalina.core.ApplicationContext.log Manager: list: Listing contexts for virtual host 'localhost'
29-Nov-2018 08:29:40.028 INFO [http-nio-8081-exec-704] org.apache.catalina.core.ApplicationContext.log Manager: restart: Reloading web application '/shop'
29-Nov-2018 08:31:08.085 INFO [http-nio-8081-exec-696] org.apache.catalina.core.ApplicationContext.log Manager: list: Listing contexts for virtual host 'localhost'
29-Nov-2018 08:31:08.113 INFO [http-nio-8081-exec-709] org.apache.catalina.core.ApplicationContext.log Manager: restart: Reloading web application '/shop'
29-Nov-2018 08:31:16.890 INFO [http-nio-8081-exec-695] org.apache.catalina.core.ApplicationContext.log Manager: list: Listing contexts for virtual host 'localhost'
29-Nov-2018 08:31:16.904 INFO [http-nio-8081-exec-700] org.apache.catalina.core.ApplicationContext.log Manager: restart: Reloading web application '/shop'
29-Nov-2018 08:31:25.921 INFO [http-nio-8081-exec-706] org.apache.catalina.core.ApplicationContext.log Manager: list: Listing contexts for virtual host 'localhost'
29-Nov-2018 08:31:25.957 INFO [http-nio-8081-exec-707] org.apache.catalina.core.ApplicationContext.log Manager: restart: Reloading web application '/shop'
29-Nov-2018 08:31:35.609 INFO [http-nio-8081-exec-703] org.apache.catalina.core.ApplicationContext.log Manager: list: Listing contexts for virtual host 'localhost'
29-Nov-2018 08:31:35.629 INFO [http-nio-8081-exec-711] org.apache.catalina.core.ApplicationContext.log Manager: restart: Reloading web application '/shop'
29-Nov-2018 08:32:15.646 INFO [http-nio-8081-exec-705] org.apache.catalina.core.ApplicationContext.log Manager: list: Listing contexts for virtual host 'localhost'
29-Nov-2018 08:32:15.658 INFO [http-nio-8081-exec-712] org.apache.catalina.core.ApplicationContext.log Manager: restart: Reloading web application '/shop'
29-Nov-2018 08:32:21.675 INFO [http-nio-8081-exec-710] org.apache.catalina.core.ApplicationContext.log Manager: list: Listing contexts for virtual host 'localhost'
29-Nov-2018 08:32:21.687 INFO [http-nio-8081-exec-696] org.apache.catalina.core.ApplicationContext.log Manager: restart: Reloading web application '/shop'
29-Nov-2018 08:32:42.714 INFO [http-nio-8081-exec-718] org.apache.catalina.core.ApplicationContext.log Manager: list: Listing contexts for virtual host 'localhost'
29-Nov-2018 08:32:42.724 INFO [http-nio-8081-exec-715] org.apache.catalina.core.ApplicationContext.log Manager: restart: Reloading web application '/shop'
29-Nov-2018 08:32:48.712 INFO [http-nio-8081-exec-708] org.apache.catalina.core.ApplicationContext.log Manager: list: Listing contexts for virtual host 'localhost'
29-Nov-2018 08:32:48.726 INFO [http-nio-8081-exec-713] org.apache.catalina.core.ApplicationContext.log Manager: restart: Reloading web application '/shop'
29-Nov-2018 08:33:05.797 INFO [http-nio-8081-exec-710] org.apache.catalina.core.ApplicationContext.log Manager: list: Listing contexts for virtual host 'localhost'
29-Nov-2018 08:33:05.815 INFO [http-nio-8081-exec-718] org.apache.catalina.core.ApplicationContext.log Manager: restart: Reloading web application '/shop'
29-Nov-2018 08:33:13.533 INFO [http-nio-8081-exec-705] org.apache.catalina.core.ApplicationContext.log Manager: list: Listing contexts for virtual host 'localhost'
29-Nov-2018 08:33:13.634 INFO [http-nio-8081-exec-716] org.apache.catalina.core.ApplicationContext.log Manager: restart: Reloading web application '/shop'
29-Nov-2018 08:33:19.838 INFO [http-nio-8081-exec-721] org.apache.catalina.core.ApplicationContext.log Manager: list: Listing contexts for virtual host 'localhost'
29-Nov-2018 08:33:19.849 INFO [http-nio-8081-exec-706] org.apache.catalina.core.ApplicationContext.log Manager: restart: Reloading web application '/shop'
29-Nov-2018 08:33:39.486 INFO [http-nio-8081-exec-723] org.apache.catalina.core.ApplicationContext.log Manager: list: Listing contexts for virtual host 'localhost'
29-Nov-2018 08:33:39.499 INFO [http-nio-8081-exec-705] org.apache.catalina.core.ApplicationContext.log Manager: restart: Reloading web application '/shop'
29-Nov-2018 08:33:59.886 INFO [http-nio-8081-exec-723] org.apache.catalina.core.ApplicationContext.log Manager: list: Listing contexts for virtual host 'localhost'
29-Nov-2018 08:33:59.901 INFO [http-nio-8081-exec-724] org.apache.catalina.core.ApplicationContext.log Manager: restart: Reloading web application '/shop'
29-Nov-2018 08:34:38.790 INFO [http-nio-8081-exec-722] org.apache.catalina.core.ApplicationContext.log Manager: list: Listing contexts for virtual host 'localhost'
29-Nov-2018 08:34:38.838 INFO [http-nio-8081-exec-720] org.apache.catalina.core.ApplicationContext.log Manager: restart: Reloading web application '/shop'
29-Nov-2018 08:34:49.634 INFO [http-nio-8081-exec-725] org.apache.catalina.core.ApplicationContext.log Manager: list: Listing contexts for virtual host 'localhost'
29-Nov-2018 08:34:49.648 INFO [http-nio-8081-exec-732] org.apache.catalina.core.ApplicationContext.log Manager: restart: Reloading web application '/shop'
29-Nov-2018 08:35:11.331 INFO [http-nio-8081-exec-721] org.apache.catalina.core.ApplicationContext.log Manager: list: Listing contexts for virtual host 'localhost'
29-Nov-2018 08:35:11.363 INFO [http-nio-8081-exec-725] org.apache.catalina.core.ApplicationContext.log Manager: restart: Reloading web application '/shop'
29-Nov-2018 08:35:27.607 INFO [http-nio-8081-exec-722] org.apache.catalina.core.ApplicationContext.log Manager: list: Listing contexts for virtual host 'localhost'
29-Nov-2018 08:35:27.617 INFO [http-nio-8081-exec-730] org.apache.catalina.core.ApplicationContext.log Manager: restart: Reloading web application '/shop'
29-Nov-2018 08:36:05.050 INFO [http-nio-8081-exec-722] org.apache.catalina.core.ApplicationContext.log Manager: list: Listing contexts for virtual host 'localhost'
29-Nov-2018 08:36:05.062 INFO [http-nio-8081-exec-733] org.apache.catalina.core.ApplicationContext.log Manager: restart: Reloading web application '/shop'
29-Nov-2018 08:36:43.544 INFO [http-nio-8081-exec-740] org.apache.catalina.core.ApplicationContext.log Manager: list: Listing contexts for virtual host 'localhost'
29-Nov-2018 08:36:43.565 INFO [http-nio-8081-exec-738] org.apache.catalina.core.ApplicationContext.log Manager: restart: Reloading web application '/shop'
29-Nov-2018 08:36:50.090 INFO [http-nio-8081-exec-722] org.apache.catalina.core.ApplicationContext.log Manager: list: Listing contexts for virtual host 'localhost'
29-Nov-2018 08:36:50.102 INFO [http-nio-8081-exec-734] org.apache.catalina.core.ApplicationContext.log Manager: restart: Reloading web application '/shop'
29-Nov-2018 08:36:56.889 INFO [http-nio-8081-exec-735] org.apache.catalina.core.ApplicationContext.log Manager: list: Listing contexts for virtual host 'localhost'
29-Nov-2018 08:36:56.899 INFO [http-nio-8081-exec-728] org.apache.catalina.core.ApplicationContext.log Manager: restart: Reloading web application '/shop'
29-Nov-2018 08:37:02.391 INFO [http-nio-8081-exec-721] org.apache.catalina.core.ApplicationContext.log Manager: list: Listing contexts for virtual host 'localhost'
29-Nov-2018 08:37:02.402 INFO [http-nio-8081-exec-741] org.apache.catalina.core.ApplicationContext.log Manager: restart: Reloading web application '/shop'
29-Nov-2018 08:37:39.590 INFO [http-nio-8081-exec-739] org.apache.catalina.core.ApplicationContext.log Manager: list: Listing contexts for virtual host 'localhost'
29-Nov-2018 08:37:39.725 INFO [http-nio-8081-exec-721] org.apache.catalina.core.ApplicationContext.log Manager: restart: Reloading web application '/shop'
29-Nov-2018 08:37:51.394 INFO [http-nio-8081-exec-739] org.apache.catalina.core.ApplicationContext.log Manager: list: Listing contexts for virtual host 'localhost'
29-Nov-2018 08:37:51.457 INFO [http-nio-8081-exec-736] org.apache.catalina.core.ApplicationContext.log Manager: restart: Reloading web application '/shop'
29-Nov-2018 08:38:00.530 INFO [http-nio-8081-exec-748] org.apache.catalina.core.ApplicationContext.log Manager: list: Listing contexts for virtual host 'localhost'
29-Nov-2018 08:38:00.543 INFO [http-nio-8081-exec-744] org.apache.catalina.core.ApplicationContext.log Manager: restart: Reloading web application '/shop'
29-Nov-2018 08:38:09.102 INFO [http-nio-8081-exec-750] org.apache.catalina.core.ApplicationContext.log Manager: list: Listing contexts for virtual host 'localhost'
29-Nov-2018 08:38:09.113 INFO [http-nio-8081-exec-722] org.apache.catalina.core.ApplicationContext.log Manager: restart: Reloading web application '/shop'
29-Nov-2018 08:38:21.328 INFO [http-nio-8081-exec-747] org.apache.catalina.core.ApplicationContext.log Manager: list: Listing contexts for virtual host 'localhost'
29-Nov-2018 08:38:21.339 INFO [http-nio-8081-exec-739] org.apache.catalina.core.ApplicationContext.log Manager: restart: Reloading web application '/shop'
29-Nov-2018 08:38:30.096 INFO [http-nio-8081-exec-753] org.apache.catalina.core.ApplicationContext.log Manager: list: Listing contexts for virtual host 'localhost'
29-Nov-2018 08:38:30.130 INFO [http-nio-8081-exec-751] org.apache.catalina.core.ApplicationContext.log Manager: restart: Reloading web application '/shop'
29-Nov-2018 08:38:39.584 INFO [http-nio-8081-exec-748] org.apache.catalina.core.ApplicationContext.log Manager: list: Listing contexts for virtual host 'localhost'
29-Nov-2018 08:38:39.596 INFO [http-nio-8081-exec-752] org.apache.catalina.core.ApplicationContext.log Manager: restart: Reloading web application '/shop'
29-Nov-2018 08:38:48.306 INFO [http-nio-8081-exec-746] org.apache.catalina.core.ApplicationContext.log Manager: list: Listing contexts for virtual host 'localhost'
29-Nov-2018 08:38:48.318 INFO [http-nio-8081-exec-742] org.apache.catalina.core.ApplicationContext.log Manager: restart: Reloading web application '/shop'
29-Nov-2018 08:38:56.244 INFO [http-nio-8081-exec-747] org.apache.catalina.core.ApplicationContext.log Manager: list: Listing contexts for virtual host 'localhost'
29-Nov-2018 08:38:56.255 INFO [http-nio-8081-exec-755] org.apache.catalina.core.ApplicationContext.log Manager: restart: Reloading web application '/shop'
29-Nov-2018 08:39:04.858 INFO [http-nio-8081-exec-747] org.apache.catalina.core.ApplicationContext.log Manager: list: Listing contexts for virtual host 'localhost'
29-Nov-2018 08:39:04.871 INFO [http-nio-8081-exec-749] org.apache.catalina.core.ApplicationContext.log Manager: restart: Reloading web application '/shop'
29-Nov-2018 08:39:23.671 INFO [http-nio-8081-exec-747] org.apache.catalina.core.ApplicationContext.log Manager: list: Listing contexts for virtual host 'localhost'
29-Nov-2018 08:39:23.683 INFO [http-nio-8081-exec-743] org.apache.catalina.core.ApplicationContext.log Manager: restart: Reloading web application '/shop'
29-Nov-2018 08:39:33.096 INFO [http-nio-8081-exec-758] org.apache.catalina.core.ApplicationContext.log Manager: list: Listing contexts for virtual host 'localhost'
29-Nov-2018 08:39:33.138 INFO [http-nio-8081-exec-753] org.apache.catalina.core.ApplicationContext.log Manager: restart: Reloading web application '/shop'
29-Nov-2018 08:39:56.286 INFO [http-nio-8081-exec-747] org.apache.catalina.core.ApplicationContext.log Manager: list: Listing contexts for virtual host 'localhost'
29-Nov-2018 08:39:56.316 INFO [http-nio-8081-exec-750] org.apache.catalina.core.ApplicationContext.log Manager: restart: Reloading web application '/shop'
29-Nov-2018 08:40:06.896 INFO [http-nio-8081-exec-761] org.apache.catalina.core.ApplicationContext.log Manager: list: Listing contexts for virtual host 'localhost'
29-Nov-2018 08:40:06.919 INFO [http-nio-8081-exec-757] org.apache.catalina.core.ApplicationContext.log Manager: restart: Reloading web application '/shop'
29-Nov-2018 08:40:18.896 INFO [http-nio-8081-exec-756] org.apache.catalina.core.ApplicationContext.log Manager: list: Listing contexts for virtual host 'localhost'
29-Nov-2018 08:40:18.915 INFO [http-nio-8081-exec-760] org.apache.catalina.core.ApplicationContext.log Manager: restart: Reloading web application '/shop'
29-Nov-2018 08:40:37.753 INFO [http-nio-8081-exec-761] org.apache.catalina.core.ApplicationContext.log Manager: list: Listing contexts for virtual host 'localhost'
29-Nov-2018 08:40:37.765 INFO [http-nio-8081-exec-756] org.apache.catalina.core.ApplicationContext.log Manager: restart: Reloading web application '/shop'
29-Nov-2018 08:41:05.528 INFO [http-nio-8081-exec-762] org.apache.catalina.core.ApplicationContext.log Manager: list: Listing contexts for virtual host 'localhost'
29-Nov-2018 08:41:05.539 INFO [http-nio-8081-exec-766] org.apache.catalina.core.ApplicationContext.log Manager: restart: Reloading web application '/shop'
29-Nov-2018 08:41:15.183 INFO [http-nio-8081-exec-770] org.apache.catalina.core.ApplicationContext.log Manager: list: Listing contexts for virtual host 'localhost'
29-Nov-2018 08:41:15.204 INFO [http-nio-8081-exec-764] org.apache.catalina.core.ApplicationContext.log Manager: restart: Reloading web application '/shop'
29-Nov-2018 08:42:27.081 INFO [http-nio-8081-exec-761] org.apache.catalina.core.ApplicationContext.log Manager: list: Listing contexts for virtual host 'localhost'
29-Nov-2018 08:42:27.097 INFO [http-nio-8081-exec-776] org.apache.catalina.core.ApplicationContext.log Manager: restart: Reloading web application '/shop'
29-Nov-2018 08:42:35.499 INFO [http-nio-8081-exec-774] org.apache.catalina.core.ApplicationContext.log Manager: list: Listing contexts for virtual host 'localhost'
29-Nov-2018 08:42:35.509 INFO [http-nio-8081-exec-769] org.apache.catalina.core.ApplicationContext.log Manager: restart: Reloading web application '/shop'
29-Nov-2018 08:43:20.825 INFO [http-nio-8081-exec-773] org.apache.catalina.core.ApplicationContext.log Manager: list: Listing contexts for virtual host 'localhost'
29-Nov-2018 08:43:20.836 INFO [http-nio-8081-exec-761] org.apache.catalina.core.ApplicationContext.log Manager: restart: Reloading web application '/shop'
29-Nov-2018 08:43:35.064 INFO [http-nio-8081-exec-778] org.apache.catalina.core.ApplicationContext.log Manager: list: Listing contexts for virtual host 'localhost'
29-Nov-2018 08:43:35.074 INFO [http-nio-8081-exec-767] org.apache.catalina.core.ApplicationContext.log Manager: restart: Reloading web application '/shop'
29-Nov-2018 08:44:09.964 INFO [http-nio-8081-exec-783] org.apache.catalina.core.ApplicationContext.log Manager: list: Listing contexts for virtual host 'localhost'
29-Nov-2018 08:44:09.975 INFO [http-nio-8081-exec-781] org.apache.catalina.core.ApplicationContext.log Manager: restart: Reloading web application '/shop'
29-Nov-2018 08:44:29.813 INFO [http-nio-8081-exec-782] org.apache.catalina.core.ApplicationContext.log Manager: list: Listing contexts for virtual host 'localhost'
29-Nov-2018 08:44:29.841 INFO [http-nio-8081-exec-780] org.apache.catalina.core.ApplicationContext.log Manager: restart: Reloading web application '/shop'
29-Nov-2018 08:45:56.973 INFO [http-nio-8081-exec-789] org.apache.catalina.core.ApplicationContext.log Manager: list: Listing contexts for virtual host 'localhost'
29-Nov-2018 08:45:56.982 INFO [http-nio-8081-exec-782] org.apache.catalina.core.ApplicationContext.log Manager: restart: Reloading web application '/shop'
29-Nov-2018 08:55:51.767 INFO [http-nio-8081-exec-791] org.apache.catalina.core.ApplicationContext.log Manager: list: Listing contexts for virtual host 'localhost'
29-Nov-2018 08:55:51.785 INFO [http-nio-8081-exec-794] org.apache.catalina.core.ApplicationContext.log Manager: restart: Reloading web application '/shop'
29-Nov-2018 08:59:25.118 INFO [http-nio-8081-exec-806] org.apache.catalina.core.ApplicationContext.log Manager: list: Listing contexts for virtual host 'localhost'
29-Nov-2018 08:59:25.122 INFO [http-nio-8081-exec-791] org.apache.catalina.core.ApplicationContext.log Manager: list: Listing contexts for virtual host 'localhost'
29-Nov-2018 08:59:25.453 INFO [http-nio-8081-exec-807] org.apache.catalina.core.ApplicationContext.log Manager: restart: Reloading web application '/shophouse'
29-Nov-2018 09:31:32.766 INFO [http-nio-8081-exec-813] org.apache.catalina.core.ApplicationContext.log Manager: list: Listing contexts for virtual host 'localhost'
29-Nov-2018 18:31:17.806 INFO [http-nio-8081-exec-7] org.apache.catalina.core.ApplicationContext.log Manager: init: Associated with Deployer 'Catalina:type=Deployer,host=localhost'
29-Nov-2018 18:31:17.806 INFO [http-nio-8081-exec-7] org.apache.catalina.core.ApplicationContext.log Manager: init: Global resources are available
29-Nov-2018 18:31:19.253 INFO [http-nio-8081-exec-9] org.apache.catalina.core.ApplicationContext.log Manager: list: Listing contexts for virtual host 'localhost'
29-Nov-2018 18:31:19.277 INFO [http-nio-8081-exec-5] org.apache.catalina.core.ApplicationContext.log Manager: list: Listing contexts for virtual host 'localhost'
29-Nov-2018 18:31:19.404 INFO [http-nio-8081-exec-1] org.apache.catalina.core.ApplicationContext.log Manager: stop: Stopping web application '/shophouse'
29-Nov-2018 18:31:19.484 INFO [http-nio-8081-exec-2] org.apache.catalina.core.ApplicationContext.log Manager: start: Starting web application '/shophouse'
29-Nov-2018 18:31:49.749 INFO [http-nio-8081-exec-4] org.apache.catalina.core.ApplicationContext.log Manager: list: Listing contexts for virtual host 'localhost'
29-Nov-2018 18:31:49.795 INFO [http-nio-8081-exec-8] org.apache.catalina.core.ApplicationContext.log Manager: stop: Stopping web application '/shophouse'
29-Nov-2018 18:31:49.917 INFO [http-nio-8081-exec-14] org.apache.catalina.core.ApplicationContext.log Manager: start: Starting web application '/shophouse'
29-Nov-2018 18:32:27.496 INFO [49] org.apache.catalina.core.ApplicationContext.log Manager: list: Listing contexts for virtual host 'localhost'
29-Nov-2018 18:32:27.506 INFO [http-nio-8081-exec-16] org.apache.catalina.core.ApplicationContext.log Manager: list: Listing contexts for virtual host 'localhost'
29-Nov-2018 18:32:27.611 INFO [http-nio-8081-exec-4] org.apache.catalina.core.ApplicationContext.log Manager: stop: Stopping web application '/shophouse'
29-Nov-2018 18:32:27.691 INFO [http-nio-8081-exec-16] org.apache.catalina.core.ApplicationContext.log Manager: start: Starting web application '/shophouse'
29-Nov-2018 20:52:55.463 INFO [http-nio-8081-exec-27] org.apache.catalina.core.ApplicationContext.log Manager: list: Listing contexts for virtual host 'localhost'
29-Nov-2018 20:52:55.582 INFO [http-nio-8081-exec-26] org.apache.catalina.core.ApplicationContext.log Manager: undeploy: Undeploying web application at '/QuanLyNhanSuVaTienLuong'
29-Nov-2018 20:52:56.480 INFO [http-nio-8081-exec-25] org.apache.catalina.core.ApplicationContext.log Manager: install: Installing context configuration at 'file:/C:/Users/ADMINI~1/AppData/Local/Temp/context3351081753973875988.xml'
29-Nov-2018 20:52:58.596 INFO [http-nio-8081-exec-31] org.apache.catalina.core.ApplicationContext.log Manager: start: Starting web application '/QuanLyNhanSuVaTienLuong'
29-Nov-2018 20:53:34.848 INFO [http-nio-8081-exec-29] org.apache.catalina.core.ApplicationContext.log Manager: list: Listing contexts for virtual host 'localhost'
29-Nov-2018 21:20:18.802 INFO [http-nio-8081-exec-38] org.apache.catalina.core.ApplicationContext.log Manager: list: Listing contexts for virtual host 'localhost'
29-Nov-2018 21:20:18.862 INFO [http-nio-8081-exec-41] org.apache.catalina.core.ApplicationContext.log Manager: list: Listing contexts for virtual host 'localhost'
29-Nov-2018 21:28:47.274 INFO [http-nio-8081-exec-39] org.apache.catalina.core.ApplicationContext.log Manager: list: Listing contexts for virtual host 'localhost'
29-Nov-2018 21:29:19.299 INFO [http-nio-8081-exec-33] org.apache.catalina.core.ApplicationContext.log Manager: list: Listing contexts for virtual host 'localhost'
