11-Dec-2018 09:47:10.474 INFO [http-nio-8081-exec-1] org.apache.catalina.core.ApplicationContext.log Manager: init: Associated with Deployer 'Catalina:type=Deployer,host=localhost'
11-Dec-2018 09:47:10.475 INFO [http-nio-8081-exec-1] org.apache.catalina.core.ApplicationContext.log Manager: init: Global resources are available
11-Dec-2018 09:47:13.247 INFO [http-nio-8081-exec-1] org.apache.catalina.core.ApplicationContext.log Manager: list: Listing contexts for virtual host 'localhost'
11-Dec-2018 09:47:13.267 INFO [http-nio-8081-exec-10] org.apache.catalina.core.ApplicationContext.log Manager: list: Listing contexts for virtual host 'localhost'
11-Dec-2018 09:47:13.492 INFO [http-nio-8081-exec-11] org.apache.catalina.core.ApplicationContext.log Manager: restart: Reloading web application '/MyShop'
11-Dec-2018 09:48:27.641 INFO [http-nio-8081-exec-20] org.apache.catalina.core.ApplicationContext.log Manager: list: Listing contexts for virtual host 'localhost'
11-Dec-2018 09:48:31.306 INFO [http-nio-8081-exec-18] org.apache.catalina.core.ApplicationContext.log Manager: list: Listing contexts for virtual host 'localhost'
11-Dec-2018 09:49:23.856 INFO [http-nio-8081-exec-20] org.apache.catalina.core.ApplicationContext.log Manager: list: Listing contexts for virtual host 'localhost'
11-Dec-2018 10:45:50.899 INFO [http-nio-8081-exec-17] org.apache.catalina.core.ApplicationContext.log Manager: list: Listing contexts for virtual host 'localhost'
11-Dec-2018 10:47:16.459 INFO [http-nio-8081-exec-22] org.apache.catalina.core.ApplicationContext.log Manager: list: Listing contexts for virtual host 'localhost'
11-Dec-2018 10:47:27.570 INFO [http-nio-8081-exec-19] org.apache.catalina.core.ApplicationContext.log Manager: list: Listing contexts for virtual host 'localhost'
11-Dec-2018 10:47:41.328 INFO [http-nio-8081-exec-17] org.apache.catalina.core.ApplicationContext.log Manager: list: Listing contexts for virtual host 'localhost'
11-Dec-2018 10:47:50.876 INFO [http-nio-8081-exec-22] org.apache.catalina.core.ApplicationContext.log Manager: list: Listing contexts for virtual host 'localhost'
11-Dec-2018 10:49:08.303 INFO [http-nio-8081-exec-24] org.apache.catalina.core.ApplicationContext.log Manager: list: Listing contexts for virtual host 'localhost'
11-Dec-2018 10:49:47.722 INFO [http-nio-8081-exec-20] org.apache.catalina.core.ApplicationContext.log Manager: list: Listing contexts for virtual host 'localhost'
11-Dec-2018 10:50:31.090 INFO [http-nio-8081-exec-18] org.apache.catalina.core.ApplicationContext.log Manager: list: Listing contexts for virtual host 'localhost'
11-Dec-2018 10:51:05.041 INFO [http-nio-8081-exec-20] org.apache.catalina.core.ApplicationContext.log Manager: list: Listing contexts for virtual host 'localhost'
11-Dec-2018 10:51:05.056 INFO [http-nio-8081-exec-18] org.apache.catalina.core.ApplicationContext.log Manager: restart: Reloading web application '/MyShop'
11-Dec-2018 10:51:19.283 INFO [http-nio-8081-exec-17] org.apache.catalina.core.ApplicationContext.log Manager: list: Listing contexts for virtual host 'localhost'
11-Dec-2018 10:51:19.297 INFO [http-nio-8081-exec-22] org.apache.catalina.core.ApplicationContext.log Manager: restart: Reloading web application '/MyShop'
11-Dec-2018 10:51:30.272 INFO [http-nio-8081-exec-24] org.apache.catalina.core.ApplicationContext.log Manager: list: Listing contexts for virtual host 'localhost'
11-Dec-2018 10:51:30.283 INFO [http-nio-8081-exec-26] org.apache.catalina.core.ApplicationContext.log Manager: restart: Reloading web application '/MyShop'
11-Dec-2018 10:51:38.145 INFO [http-nio-8081-exec-28] org.apache.catalina.core.ApplicationContext.log Manager: list: Listing contexts for virtual host 'localhost'
11-Dec-2018 10:51:38.159 INFO [http-nio-8081-exec-16] org.apache.catalina.core.ApplicationContext.log Manager: restart: Reloading web application '/MyShop'
11-Dec-2018 10:52:09.307 INFO [http-nio-8081-exec-32] org.apache.catalina.core.ApplicationContext.log Manager: list: Listing contexts for virtual host 'localhost'
11-Dec-2018 10:52:09.320 INFO [http-nio-8081-exec-29] org.apache.catalina.core.ApplicationContext.log Manager: restart: Reloading web application '/MyShop'
11-Dec-2018 11:20:38.027 INFO [http-nio-8081-exec-35] org.apache.catalina.core.ApplicationContext.log Manager: list: Listing contexts for virtual host 'localhost'
11-Dec-2018 11:20:38.041 INFO [http-nio-8081-exec-36] org.apache.catalina.core.ApplicationContext.log Manager: restart: Reloading web application '/MyShop'
11-Dec-2018 11:24:54.507 INFO [http-nio-8081-exec-50] org.apache.catalina.core.ApplicationContext.log Manager: list: Listing contexts for virtual host 'localhost'
11-Dec-2018 11:24:54.521 INFO [http-nio-8081-exec-47] org.apache.catalina.core.ApplicationContext.log Manager: restart: Reloading web application '/MyShop'
11-Dec-2018 11:30:50.766 INFO [http-nio-8081-exec-55] org.apache.catalina.core.ApplicationContext.log Manager: list: Listing contexts for virtual host 'localhost'
11-Dec-2018 11:31:21.383 INFO [http-nio-8081-exec-61] org.apache.catalina.core.ApplicationContext.log Manager: list: Listing contexts for virtual host 'localhost'
11-Dec-2018 11:31:30.222 INFO [http-nio-8081-exec-58] org.apache.catalina.core.ApplicationContext.log Manager: list: Listing contexts for virtual host 'localhost'
11-Dec-2018 11:31:31.949 INFO [http-nio-8081-exec-57] org.apache.catalina.core.ApplicationContext.log Manager: list: Listing contexts for virtual host 'localhost'
11-Dec-2018 11:32:31.652 INFO [http-nio-8081-exec-61] org.apache.catalina.core.ApplicationContext.log Manager: list: Listing contexts for virtual host 'localhost'
11-Dec-2018 11:32:39.087 INFO [http-nio-8081-exec-62] org.apache.catalina.core.ApplicationContext.log Manager: list: Listing contexts for virtual host 'localhost'
11-Dec-2018 11:32:41.928 INFO [http-nio-8081-exec-59] org.apache.catalina.core.ApplicationContext.log Manager: list: Listing contexts for virtual host 'localhost'
11-Dec-2018 11:32:46.121 INFO [http-nio-8081-exec-53] org.apache.catalina.core.ApplicationContext.log Manager: list: Listing contexts for virtual host 'localhost'
11-Dec-2018 11:32:47.685 INFO [http-nio-8081-exec-59] org.apache.catalina.core.ApplicationContext.log Manager: list: Listing contexts for virtual host 'localhost'
11-Dec-2018 11:34:30.023 INFO [http-nio-8081-exec-53] org.apache.catalina.core.ApplicationContext.log Manager: list: Listing contexts for virtual host 'localhost'
11-Dec-2018 11:34:32.436 INFO [http-nio-8081-exec-56] org.apache.catalina.core.ApplicationContext.log Manager: list: Listing contexts for virtual host 'localhost'
11-Dec-2018 11:36:29.906 INFO [http-nio-8081-exec-54] org.apache.catalina.core.ApplicationContext.log Manager: list: Listing contexts for virtual host 'localhost'
11-Dec-2018 11:37:27.061 INFO [http-nio-8081-exec-62] org.apache.catalina.core.ApplicationContext.log Manager: list: Listing contexts for virtual host 'localhost'
11-Dec-2018 11:37:38.877 INFO [http-nio-8081-exec-58] org.apache.catalina.core.ApplicationContext.log Manager: list: Listing contexts for virtual host 'localhost'
11-Dec-2018 11:38:17.284 INFO [http-nio-8081-exec-53] org.apache.catalina.core.ApplicationContext.log Manager: list: Listing contexts for virtual host 'localhost'
11-Dec-2018 11:38:22.454 INFO [http-nio-8081-exec-57] org.apache.catalina.core.ApplicationContext.log Manager: list: Listing contexts for virtual host 'localhost'
11-Dec-2018 11:39:06.511 INFO [http-nio-8081-exec-54] org.apache.catalina.core.ApplicationContext.log Manager: list: Listing contexts for virtual host 'localhost'
11-Dec-2018 11:39:06.555 INFO [http-nio-8081-exec-59] org.apache.catalina.core.ApplicationContext.log Manager: restart: Reloading web application '/MyShop'
11-Dec-2018 11:39:14.702 INFO [http-nio-8081-exec-56] org.apache.catalina.core.ApplicationContext.log Manager: list: Listing contexts for virtual host 'localhost'
11-Dec-2018 11:39:14.721 INFO [http-nio-8081-exec-55] org.apache.catalina.core.ApplicationContext.log Manager: restart: Reloading web application '/MyShop'
11-Dec-2018 11:39:23.686 INFO [http-nio-8081-exec-63] org.apache.catalina.core.ApplicationContext.log Manager: list: Listing contexts for virtual host 'localhost'
11-Dec-2018 11:39:23.698 INFO [http-nio-8081-exec-62] org.apache.catalina.core.ApplicationContext.log Manager: restart: Reloading web application '/MyShop'
11-Dec-2018 11:39:31.069 INFO [http-nio-8081-exec-54] org.apache.catalina.core.ApplicationContext.log Manager: list: Listing contexts for virtual host 'localhost'
11-Dec-2018 11:39:31.087 INFO [http-nio-8081-exec-60] org.apache.catalina.core.ApplicationContext.log Manager: restart: Reloading web application '/MyShop'
11-Dec-2018 11:39:51.122 INFO [http-nio-8081-exec-53] org.apache.catalina.core.ApplicationContext.log Manager: list: Listing contexts for virtual host 'localhost'
11-Dec-2018 11:39:51.142 INFO [http-nio-8081-exec-58] org.apache.catalina.core.ApplicationContext.log Manager: restart: Reloading web application '/MyShop'
11-Dec-2018 11:40:34.135 INFO [http-nio-8081-exec-54] org.apache.catalina.core.ApplicationContext.log Manager: list: Listing contexts for virtual host 'localhost'
11-Dec-2018 11:40:34.154 INFO [http-nio-8081-exec-66] org.apache.catalina.core.ApplicationContext.log Manager: restart: Reloading web application '/MyShop'
11-Dec-2018 14:35:36.999 INFO [http-nio-8081-exec-71] org.apache.catalina.core.ApplicationContext.log Manager: list: Listing contexts for virtual host 'localhost'
11-Dec-2018 14:35:37.014 INFO [http-nio-8081-exec-72] org.apache.catalina.core.ApplicationContext.log Manager: restart: Reloading web application '/MyShop'
11-Dec-2018 14:35:44.529 INFO [http-nio-8081-exec-74] org.apache.catalina.core.ApplicationContext.log Manager: list: Listing contexts for virtual host 'localhost'
11-Dec-2018 14:35:44.592 INFO [http-nio-8081-exec-71] org.apache.catalina.core.ApplicationContext.log Manager: restart: Reloading web application '/MyShop'
11-Dec-2018 14:35:52.070 INFO [http-nio-8081-exec-63] org.apache.catalina.core.ApplicationContext.log Manager: list: Listing contexts for virtual host 'localhost'
11-Dec-2018 14:35:52.443 INFO [http-nio-8081-exec-76] org.apache.catalina.core.ApplicationContext.log Manager: restart: Reloading web application '/MyShop'
11-Dec-2018 14:36:02.359 INFO [http-nio-8081-exec-70] org.apache.catalina.core.ApplicationContext.log Manager: list: Listing contexts for virtual host 'localhost'
11-Dec-2018 14:36:02.396 INFO [http-nio-8081-exec-57] org.apache.catalina.core.ApplicationContext.log Manager: restart: Reloading web application '/MyShop'
11-Dec-2018 14:36:26.133 INFO [http-nio-8081-exec-69] org.apache.catalina.core.ApplicationContext.log Manager: list: Listing contexts for virtual host 'localhost'
11-Dec-2018 14:36:26.147 INFO [http-nio-8081-exec-77] org.apache.catalina.core.ApplicationContext.log Manager: restart: Reloading web application '/MyShop'
11-Dec-2018 14:37:52.938 INFO [http-nio-8081-exec-75] org.apache.catalina.core.ApplicationContext.log Manager: list: Listing contexts for virtual host 'localhost'
11-Dec-2018 14:37:52.959 INFO [http-nio-8081-exec-86] org.apache.catalina.core.ApplicationContext.log Manager: restart: Reloading web application '/MyShop'
11-Dec-2018 14:38:56.108 INFO [http-nio-8081-exec-85] org.apache.catalina.core.ApplicationContext.log Manager: list: Listing contexts for virtual host 'localhost'
11-Dec-2018 14:38:56.127 INFO [http-nio-8081-exec-88] org.apache.catalina.core.ApplicationContext.log Manager: restart: Reloading web application '/MyShop'
11-Dec-2018 14:41:22.364 INFO [http-nio-8081-exec-91] org.apache.catalina.core.ApplicationContext.log Manager: list: Listing contexts for virtual host 'localhost'
11-Dec-2018 14:41:22.386 INFO [http-nio-8081-exec-81] org.apache.catalina.core.ApplicationContext.log Manager: restart: Reloading web application '/MyShop'
11-Dec-2018 14:41:30.166 INFO [http-nio-8081-exec-92] org.apache.catalina.core.ApplicationContext.log Manager: list: Listing contexts for virtual host 'localhost'
11-Dec-2018 14:41:30.257 INFO [http-nio-8081-exec-83] org.apache.catalina.core.ApplicationContext.log Manager: restart: Reloading web application '/MyShop'
11-Dec-2018 15:33:25.860 INFO [http-nio-8081-exec-100] org.apache.catalina.core.ApplicationContext.log Manager: list: Listing contexts for virtual host 'localhost'
11-Dec-2018 15:33:25.874 INFO [http-nio-8081-exec-99] org.apache.catalina.core.ApplicationContext.log Manager: restart: Reloading web application '/MyShop'
11-Dec-2018 15:36:23.475 INFO [http-nio-8081-exec-107] org.apache.catalina.core.ApplicationContext.log Manager: list: Listing contexts for virtual host 'localhost'
11-Dec-2018 15:36:23.486 INFO [http-nio-8081-exec-108] org.apache.catalina.core.ApplicationContext.log Manager: restart: Reloading web application '/MyShop'
11-Dec-2018 15:40:28.232 INFO [http-nio-8081-exec-114] org.apache.catalina.core.ApplicationContext.log Manager: list: Listing contexts for virtual host 'localhost'
11-Dec-2018 15:40:28.254 INFO [http-nio-8081-exec-115] org.apache.catalina.core.ApplicationContext.log Manager: restart: Reloading web application '/MyShop'
11-Dec-2018 15:40:46.515 INFO [http-nio-8081-exec-121] org.apache.catalina.core.ApplicationContext.log Manager: list: Listing contexts for virtual host 'localhost'
11-Dec-2018 15:40:46.556 INFO [http-nio-8081-exec-118] org.apache.catalina.core.ApplicationContext.log Manager: restart: Reloading web application '/MyShop'
11-Dec-2018 15:41:56.306 INFO [http-nio-8081-exec-119] org.apache.catalina.core.ApplicationContext.log Manager: list: Listing contexts for virtual host 'localhost'
11-Dec-2018 15:41:56.434 INFO [http-nio-8081-exec-123] org.apache.catalina.core.ApplicationContext.log Manager: restart: Reloading web application '/MyShop'
11-Dec-2018 15:42:07.716 INFO [http-nio-8081-exec-116] org.apache.catalina.core.ApplicationContext.log Manager: list: Listing contexts for virtual host 'localhost'
11-Dec-2018 15:42:07.809 INFO [http-nio-8081-exec-117] org.apache.catalina.core.ApplicationContext.log Manager: restart: Reloading web application '/MyShop'
11-Dec-2018 15:42:28.732 INFO [http-nio-8081-exec-112] org.apache.catalina.core.ApplicationContext.log Manager: list: Listing contexts for virtual host 'localhost'
11-Dec-2018 15:42:28.754 INFO [http-nio-8081-exec-128] org.apache.catalina.core.ApplicationContext.log Manager: restart: Reloading web application '/MyShop'
11-Dec-2018 15:43:04.889 INFO [http-nio-8081-exec-124] org.apache.catalina.core.ApplicationContext.log Manager: list: Listing contexts for virtual host 'localhost'
11-Dec-2018 15:43:04.952 INFO [http-nio-8081-exec-113] org.apache.catalina.core.ApplicationContext.log Manager: restart: Reloading web application '/MyShop'
11-Dec-2018 15:43:18.747 INFO [http-nio-8081-exec-124] org.apache.catalina.core.ApplicationContext.log Manager: list: Listing contexts for virtual host 'localhost'
11-Dec-2018 15:43:18.784 INFO [http-nio-8081-exec-121] org.apache.catalina.core.ApplicationContext.log Manager: restart: Reloading web application '/MyShop'
11-Dec-2018 15:43:27.407 INFO [http-nio-8081-exec-131] org.apache.catalina.core.ApplicationContext.log Manager: list: Listing contexts for virtual host 'localhost'
11-Dec-2018 15:43:27.468 INFO [http-nio-8081-exec-112] org.apache.catalina.core.ApplicationContext.log Manager: restart: Reloading web application '/MyShop'
11-Dec-2018 15:43:47.490 INFO [http-nio-8081-exec-129] org.apache.catalina.core.ApplicationContext.log Manager: list: Listing contexts for virtual host 'localhost'
11-Dec-2018 15:43:47.512 INFO [http-nio-8081-exec-133] org.apache.catalina.core.ApplicationContext.log Manager: restart: Reloading web application '/MyShop'
11-Dec-2018 15:44:03.328 INFO [http-nio-8081-exec-129] org.apache.catalina.core.ApplicationContext.log Manager: list: Listing contexts for virtual host 'localhost'
11-Dec-2018 15:44:03.362 INFO [http-nio-8081-exec-134] org.apache.catalina.core.ApplicationContext.log Manager: restart: Reloading web application '/MyShop'
11-Dec-2018 15:44:16.036 INFO [http-nio-8081-exec-126] org.apache.catalina.core.ApplicationContext.log Manager: list: Listing contexts for virtual host 'localhost'
11-Dec-2018 15:44:16.075 INFO [http-nio-8081-exec-132] org.apache.catalina.core.ApplicationContext.log Manager: restart: Reloading web application '/MyShop'
11-Dec-2018 15:44:27.007 INFO [http-nio-8081-exec-138] org.apache.catalina.core.ApplicationContext.log Manager: list: Listing contexts for virtual host 'localhost'
11-Dec-2018 15:44:27.074 INFO [http-nio-8081-exec-137] org.apache.catalina.core.ApplicationContext.log Manager: restart: Reloading web application '/MyShop'
11-Dec-2018 15:44:36.225 INFO [http-nio-8081-exec-126] org.apache.catalina.core.ApplicationContext.log Manager: list: Listing contexts for virtual host 'localhost'
11-Dec-2018 15:44:36.281 INFO [http-nio-8081-exec-138] org.apache.catalina.core.ApplicationContext.log Manager: restart: Reloading web application '/MyShop'
11-Dec-2018 15:44:50.576 INFO [http-nio-8081-exec-131] org.apache.catalina.core.ApplicationContext.log Manager: list: Listing contexts for virtual host 'localhost'
11-Dec-2018 15:44:55.547 INFO [http-nio-8081-exec-140] org.apache.catalina.core.ApplicationContext.log Manager: list: Listing contexts for virtual host 'localhost'
11-Dec-2018 15:44:56.007 INFO [http-nio-8081-exec-142] org.apache.catalina.core.ApplicationContext.log Manager: list: Listing contexts for virtual host 'localhost'
11-Dec-2018 15:44:56.065 INFO [http-nio-8081-exec-131] org.apache.catalina.core.ApplicationContext.log Manager: restart: Reloading web application '/MyShop'
11-Dec-2018 15:45:40.557 INFO [http-nio-8081-exec-143] org.apache.catalina.core.ApplicationContext.log Manager: list: Listing contexts for virtual host 'localhost'
11-Dec-2018 15:45:40.587 INFO [http-nio-8081-exec-129] org.apache.catalina.core.ApplicationContext.log Manager: restart: Reloading web application '/MyShop'
11-Dec-2018 15:45:48.702 INFO [http-nio-8081-exec-126] org.apache.catalina.core.ApplicationContext.log Manager: list: Listing contexts for virtual host 'localhost'
11-Dec-2018 15:45:48.731 INFO [http-nio-8081-exec-142] org.apache.catalina.core.ApplicationContext.log Manager: restart: Reloading web application '/MyShop'
11-Dec-2018 15:45:56.170 INFO [http-nio-8081-exec-141] org.apache.catalina.core.ApplicationContext.log Manager: list: Listing contexts for virtual host 'localhost'
11-Dec-2018 15:45:56.258 INFO [http-nio-8081-exec-145] org.apache.catalina.core.ApplicationContext.log Manager: restart: Reloading web application '/MyShop'
11-Dec-2018 15:47:36.428 INFO [http-nio-8081-exec-144] org.apache.catalina.core.ApplicationContext.log Manager: list: Listing contexts for virtual host 'localhost'
11-Dec-2018 15:47:36.444 INFO [http-nio-8081-exec-151] org.apache.catalina.core.ApplicationContext.log Manager: restart: Reloading web application '/MyShop'
11-Dec-2018 15:47:46.247 INFO [http-nio-8081-exec-130] org.apache.catalina.core.ApplicationContext.log Manager: list: Listing contexts for virtual host 'localhost'
11-Dec-2018 15:47:46.286 INFO [http-nio-8081-exec-149] org.apache.catalina.core.ApplicationContext.log Manager: restart: Reloading web application '/MyShop'
11-Dec-2018 16:00:57.990 INFO [http-nio-8081-exec-155] org.apache.catalina.core.ApplicationContext.log Manager: list: Listing contexts for virtual host 'localhost'
11-Dec-2018 16:00:57.999 INFO [http-nio-8081-exec-156] org.apache.catalina.core.ApplicationContext.log Manager: restart: Reloading web application '/MyShop'
11-Dec-2018 16:01:03.503 INFO [http-nio-8081-exec-155] org.apache.catalina.core.ApplicationContext.log Manager: list: Listing contexts for virtual host 'localhost'
11-Dec-2018 16:01:03.554 INFO [http-nio-8081-exec-160] org.apache.catalina.core.ApplicationContext.log Manager: restart: Reloading web application '/MyShop'
11-Dec-2018 16:02:08.120 INFO [http-nio-8081-exec-153] org.apache.catalina.core.ApplicationContext.log Manager: list: Listing contexts for virtual host 'localhost'
11-Dec-2018 16:02:08.135 INFO [http-nio-8081-exec-157] org.apache.catalina.core.ApplicationContext.log Manager: restart: Reloading web application '/MyShop'
11-Dec-2018 16:05:00.283 INFO [http-nio-8081-exec-153] org.apache.catalina.core.ApplicationContext.log Manager: list: Listing contexts for virtual host 'localhost'
11-Dec-2018 16:05:00.374 INFO [http-nio-8081-exec-161] org.apache.catalina.core.ApplicationContext.log Manager: undeploy: Undeploying web application at '/'
11-Dec-2018 16:05:01.195 INFO [http-nio-8081-exec-166] org.apache.catalina.core.ApplicationContext.log Manager: install: Installing context configuration at 'file:/C:/Users/ADMINI~1/AppData/Local/Temp/context1925151257235652422.xml'
11-Dec-2018 16:05:06.311 INFO [http-nio-8081-exec-172] org.apache.catalina.core.ApplicationContext.log Manager: start: Starting web application '/'
11-Dec-2018 16:05:30.446 INFO [http-nio-8081-exec-167] org.apache.catalina.core.ApplicationContext.log Manager: list: Listing contexts for virtual host 'localhost'
11-Dec-2018 16:05:30.468 INFO [http-nio-8081-exec-172] org.apache.catalina.core.ApplicationContext.log Manager: restart: Reloading web application '/'
11-Dec-2018 16:05:38.203 INFO [http-nio-8081-exec-177] org.apache.catalina.core.ApplicationContext.log Manager: list: Listing contexts for virtual host 'localhost'
11-Dec-2018 16:05:38.241 INFO [http-nio-8081-exec-176] org.apache.catalina.core.ApplicationContext.log Manager: restart: Reloading web application '/'
11-Dec-2018 16:05:45.215 INFO [http-nio-8081-exec-167] org.apache.catalina.core.ApplicationContext.log Manager: list: Listing contexts for virtual host 'localhost'
11-Dec-2018 16:05:45.236 INFO [http-nio-8081-exec-161] org.apache.catalina.core.ApplicationContext.log Manager: restart: Reloading web application '/'
11-Dec-2018 16:05:54.557 INFO [http-nio-8081-exec-177] org.apache.catalina.core.ApplicationContext.log Manager: list: Listing contexts for virtual host 'localhost'
11-Dec-2018 16:05:54.560 INFO [http-nio-8081-exec-164] org.apache.catalina.core.ApplicationContext.log Manager: list: Listing contexts for virtual host 'localhost'
11-Dec-2018 16:05:54.685 INFO [http-nio-8081-exec-167] org.apache.catalina.core.ApplicationContext.log Manager: restart: Reloading web application '/'
11-Dec-2018 17:13:09.787 INFO [http-nio-8081-exec-189] org.apache.catalina.core.ApplicationContext.log Manager: list: Listing contexts for virtual host 'localhost'
11-Dec-2018 17:13:43.764 INFO [http-nio-8081-exec-188] org.apache.catalina.core.ApplicationContext.log Manager: list: Listing contexts for virtual host 'localhost'
11-Dec-2018 17:17:08.711 INFO [http-nio-8081-exec-187] org.apache.catalina.core.ApplicationContext.log Manager: list: Listing contexts for virtual host 'localhost'
11-Dec-2018 17:17:08.725 INFO [http-nio-8081-exec-188] org.apache.catalina.core.ApplicationContext.log Manager: restart: Reloading web application '/MyShop'
11-Dec-2018 17:17:18.998 INFO [http-nio-8081-exec-193] org.apache.catalina.core.ApplicationContext.log Manager: list: Listing contexts for virtual host 'localhost'
11-Dec-2018 17:17:19.068 INFO [http-nio-8081-exec-189] org.apache.catalina.core.ApplicationContext.log Manager: restart: Reloading web application '/MyShop'
11-Dec-2018 17:17:37.937 INFO [http-nio-8081-exec-193] org.apache.catalina.core.ApplicationContext.log Manager: list: Listing contexts for virtual host 'localhost'
11-Dec-2018 17:17:37.948 INFO [http-nio-8081-exec-191] org.apache.catalina.core.ApplicationContext.log Manager: restart: Reloading web application '/MyShop'
11-Dec-2018 17:17:43.768 INFO [http-nio-8081-exec-186] org.apache.catalina.core.ApplicationContext.log Manager: list: Listing contexts for virtual host 'localhost'
11-Dec-2018 17:17:43.779 INFO [http-nio-8081-exec-192] org.apache.catalina.core.ApplicationContext.log Manager: restart: Reloading web application '/MyShop'
11-Dec-2018 17:19:09.024 INFO [317] org.apache.catalina.core.ApplicationContext.log Manager: list: Listing contexts for virtual host 'localhost'
11-Dec-2018 17:19:09.032 INFO [http-nio-8081-exec-194] org.apache.catalina.core.ApplicationContext.log Manager: list: Listing contexts for virtual host 'localhost'
11-Dec-2018 17:19:23.317 INFO [http-nio-8081-exec-205] org.apache.catalina.core.ApplicationContext.log Manager: list: Listing contexts for virtual host 'localhost'
11-Dec-2018 17:19:23.330 INFO [http-nio-8081-exec-206] org.apache.catalina.core.ApplicationContext.log Manager: restart: Reloading web application '/'
11-Dec-2018 17:19:34.944 INFO [http-nio-8081-exec-202] org.apache.catalina.core.ApplicationContext.log Manager: list: Listing contexts for virtual host 'localhost'
11-Dec-2018 17:19:34.948 INFO [http-nio-8081-exec-198] org.apache.catalina.core.ApplicationContext.log Manager: list: Listing contexts for virtual host 'localhost'
11-Dec-2018 17:19:35.073 INFO [http-nio-8081-exec-209] org.apache.catalina.core.ApplicationContext.log Manager: restart: Reloading web application '/'
11-Dec-2018 17:40:08.174 INFO [http-nio-8081-exec-213] org.apache.catalina.core.ApplicationContext.log Manager: list: Listing contexts for virtual host 'localhost'
11-Dec-2018 17:40:08.245 INFO [http-nio-8081-exec-214] org.apache.catalina.core.ApplicationContext.log Manager: restart: Reloading web application '/MyShop'
11-Dec-2018 17:40:21.710 INFO [http-nio-8081-exec-220] org.apache.catalina.core.ApplicationContext.log Manager: list: Listing contexts for virtual host 'localhost'
11-Dec-2018 17:40:21.725 INFO [http-nio-8081-exec-219] org.apache.catalina.core.ApplicationContext.log Manager: restart: Reloading web application '/MyShop'
11-Dec-2018 17:40:31.425 INFO [http-nio-8081-exec-216] org.apache.catalina.core.ApplicationContext.log Manager: list: Listing contexts for virtual host 'localhost'
11-Dec-2018 17:40:31.470 INFO [http-nio-8081-exec-218] org.apache.catalina.core.ApplicationContext.log Manager: restart: Reloading web application '/MyShop'
11-Dec-2018 17:40:52.408 INFO [http-nio-8081-exec-212] org.apache.catalina.core.ApplicationContext.log Manager: list: Listing contexts for virtual host 'localhost'
11-Dec-2018 17:40:52.447 INFO [http-nio-8081-exec-215] org.apache.catalina.core.ApplicationContext.log Manager: restart: Reloading web application '/MyShop'
11-Dec-2018 17:41:03.562 INFO [http-nio-8081-exec-216] org.apache.catalina.core.ApplicationContext.log Manager: list: Listing contexts for virtual host 'localhost'
11-Dec-2018 17:41:03.584 INFO [http-nio-8081-exec-213] org.apache.catalina.core.ApplicationContext.log Manager: restart: Reloading web application '/MyShop'
11-Dec-2018 17:41:17.747 INFO [http-nio-8081-exec-220] org.apache.catalina.core.ApplicationContext.log Manager: list: Listing contexts for virtual host 'localhost'
11-Dec-2018 17:41:17.769 INFO [http-nio-8081-exec-222] org.apache.catalina.core.ApplicationContext.log Manager: restart: Reloading web application '/MyShop'
11-Dec-2018 17:41:24.890 INFO [http-nio-8081-exec-220] org.apache.catalina.core.ApplicationContext.log Manager: list: Listing contexts for virtual host 'localhost'
11-Dec-2018 17:41:24.929 INFO [http-nio-8081-exec-224] org.apache.catalina.core.ApplicationContext.log Manager: restart: Reloading web application '/MyShop'
11-Dec-2018 17:41:34.054 INFO [http-nio-8081-exec-227] org.apache.catalina.core.ApplicationContext.log Manager: list: Listing contexts for virtual host 'localhost'
11-Dec-2018 17:41:34.082 INFO [http-nio-8081-exec-216] org.apache.catalina.core.ApplicationContext.log Manager: restart: Reloading web application '/MyShop'
11-Dec-2018 17:41:57.565 INFO [http-nio-8081-exec-217] org.apache.catalina.core.ApplicationContext.log Manager: list: Listing contexts for virtual host 'localhost'
11-Dec-2018 17:41:57.600 INFO [http-nio-8081-exec-225] org.apache.catalina.core.ApplicationContext.log Manager: restart: Reloading web application '/MyShop'
11-Dec-2018 17:42:25.680 INFO [http-nio-8081-exec-217] org.apache.catalina.core.ApplicationContext.log Manager: list: Listing contexts for virtual host 'localhost'
11-Dec-2018 17:42:25.704 INFO [http-nio-8081-exec-228] org.apache.catalina.core.ApplicationContext.log Manager: restart: Reloading web application '/MyShop'
11-Dec-2018 17:42:33.803 INFO [http-nio-8081-exec-217] org.apache.catalina.core.ApplicationContext.log Manager: list: Listing contexts for virtual host 'localhost'
11-Dec-2018 17:42:33.831 INFO [http-nio-8081-exec-233] org.apache.catalina.core.ApplicationContext.log Manager: restart: Reloading web application '/MyShop'
11-Dec-2018 17:42:42.878 INFO [http-nio-8081-exec-217] org.apache.catalina.core.ApplicationContext.log Manager: list: Listing contexts for virtual host 'localhost'
11-Dec-2018 17:42:42.933 INFO [http-nio-8081-exec-220] org.apache.catalina.core.ApplicationContext.log Manager: restart: Reloading web application '/MyShop'
11-Dec-2018 17:42:51.436 INFO [http-nio-8081-exec-212] org.apache.catalina.core.ApplicationContext.log Manager: list: Listing contexts for virtual host 'localhost'
11-Dec-2018 17:42:51.448 INFO [http-nio-8081-exec-229] org.apache.catalina.core.ApplicationContext.log Manager: restart: Reloading web application '/MyShop'
11-Dec-2018 17:42:58.480 INFO [http-nio-8081-exec-217] org.apache.catalina.core.ApplicationContext.log Manager: list: Listing contexts for virtual host 'localhost'
11-Dec-2018 17:42:58.500 INFO [http-nio-8081-exec-226] org.apache.catalina.core.ApplicationContext.log Manager: restart: Reloading web application '/MyShop'
11-Dec-2018 17:43:05.842 INFO [http-nio-8081-exec-237] org.apache.catalina.core.ApplicationContext.log Manager: list: Listing contexts for virtual host 'localhost'
11-Dec-2018 17:43:05.860 INFO [http-nio-8081-exec-212] org.apache.catalina.core.ApplicationContext.log Manager: restart: Reloading web application '/MyShop'
11-Dec-2018 17:43:18.873 INFO [http-nio-8081-exec-234] org.apache.catalina.core.ApplicationContext.log Manager: list: Listing contexts for virtual host 'localhost'
11-Dec-2018 17:43:18.885 INFO [http-nio-8081-exec-238] org.apache.catalina.core.ApplicationContext.log Manager: restart: Reloading web application '/MyShop'
11-Dec-2018 17:43:34.336 INFO [http-nio-8081-exec-234] org.apache.catalina.core.ApplicationContext.log Manager: list: Listing contexts for virtual host 'localhost'
11-Dec-2018 17:43:34.395 INFO [http-nio-8081-exec-240] org.apache.catalina.core.ApplicationContext.log Manager: restart: Reloading web application '/MyShop'
11-Dec-2018 17:43:46.405 INFO [http-nio-8081-exec-239] org.apache.catalina.core.ApplicationContext.log Manager: list: Listing contexts for virtual host 'localhost'
11-Dec-2018 17:43:46.417 INFO [http-nio-8081-exec-235] org.apache.catalina.core.ApplicationContext.log Manager: restart: Reloading web application '/MyShop'
11-Dec-2018 17:43:55.806 INFO [http-nio-8081-exec-217] org.apache.catalina.core.ApplicationContext.log Manager: list: Listing contexts for virtual host 'localhost'
11-Dec-2018 17:43:55.839 INFO [http-nio-8081-exec-227] org.apache.catalina.core.ApplicationContext.log Manager: restart: Reloading web application '/MyShop'
11-Dec-2018 17:44:11.351 INFO [http-nio-8081-exec-234] org.apache.catalina.core.ApplicationContext.log Manager: list: Listing contexts for virtual host 'localhost'
11-Dec-2018 17:44:11.367 INFO [http-nio-8081-exec-236] org.apache.catalina.core.ApplicationContext.log Manager: restart: Reloading web application '/MyShop'
11-Dec-2018 17:48:52.402 INFO [http-nio-8081-exec-251] org.apache.catalina.core.ApplicationContext.log Manager: list: Listing contexts for virtual host 'localhost'
11-Dec-2018 17:48:52.428 INFO [http-nio-8081-exec-250] org.apache.catalina.core.ApplicationContext.log Manager: restart: Reloading web application '/MyShop'
11-Dec-2018 17:48:59.293 INFO [http-nio-8081-exec-254] org.apache.catalina.core.ApplicationContext.log Manager: list: Listing contexts for virtual host 'localhost'
11-Dec-2018 17:48:59.351 INFO [http-nio-8081-exec-252] org.apache.catalina.core.ApplicationContext.log Manager: restart: Reloading web application '/MyShop'
11-Dec-2018 17:49:06.347 INFO [http-nio-8081-exec-253] org.apache.catalina.core.ApplicationContext.log Manager: list: Listing contexts for virtual host 'localhost'
11-Dec-2018 17:49:06.383 INFO [http-nio-8081-exec-256] org.apache.catalina.core.ApplicationContext.log Manager: restart: Reloading web application '/MyShop'
11-Dec-2018 17:49:13.318 INFO [http-nio-8081-exec-249] org.apache.catalina.core.ApplicationContext.log Manager: list: Listing contexts for virtual host 'localhost'
11-Dec-2018 17:49:13.336 INFO [http-nio-8081-exec-257] org.apache.catalina.core.ApplicationContext.log Manager: restart: Reloading web application '/MyShop'
11-Dec-2018 17:52:57.106 INFO [http-nio-8081-exec-261] org.apache.catalina.core.ApplicationContext.log Manager: list: Listing contexts for virtual host 'localhost'
11-Dec-2018 17:52:57.137 INFO [http-nio-8081-exec-262] org.apache.catalina.core.ApplicationContext.log Manager: restart: Reloading web application '/MyShop'
11-Dec-2018 17:53:10.400 INFO [http-nio-8081-exec-261] org.apache.catalina.core.ApplicationContext.log Manager: list: Listing contexts for virtual host 'localhost'
11-Dec-2018 17:53:10.412 INFO [http-nio-8081-exec-264] org.apache.catalina.core.ApplicationContext.log Manager: restart: Reloading web application '/MyShop'
11-Dec-2018 17:53:26.035 INFO [http-nio-8081-exec-251] org.apache.catalina.core.ApplicationContext.log Manager: list: Listing contexts for virtual host 'localhost'
11-Dec-2018 17:53:26.062 INFO [http-nio-8081-exec-265] org.apache.catalina.core.ApplicationContext.log Manager: restart: Reloading web application '/MyShop'
11-Dec-2018 17:53:47.928 INFO [http-nio-8081-exec-254] org.apache.catalina.core.ApplicationContext.log Manager: list: Listing contexts for virtual host 'localhost'
11-Dec-2018 17:53:47.950 INFO [http-nio-8081-exec-270] org.apache.catalina.core.ApplicationContext.log Manager: restart: Reloading web application '/MyShop'
11-Dec-2018 17:53:59.373 INFO [http-nio-8081-exec-254] org.apache.catalina.core.ApplicationContext.log Manager: list: Listing contexts for virtual host 'localhost'
11-Dec-2018 17:53:59.406 INFO [http-nio-8081-exec-260] org.apache.catalina.core.ApplicationContext.log Manager: restart: Reloading web application '/MyShop'
11-Dec-2018 17:54:05.704 INFO [http-nio-8081-exec-268] org.apache.catalina.core.ApplicationContext.log Manager: list: Listing contexts for virtual host 'localhost'
11-Dec-2018 17:54:05.728 INFO [http-nio-8081-exec-271] org.apache.catalina.core.ApplicationContext.log Manager: restart: Reloading web application '/MyShop'
11-Dec-2018 17:54:11.385 INFO [http-nio-8081-exec-276] org.apache.catalina.core.ApplicationContext.log Manager: list: Listing contexts for virtual host 'localhost'
11-Dec-2018 17:54:11.399 INFO [http-nio-8081-exec-266] org.apache.catalina.core.ApplicationContext.log Manager: restart: Reloading web application '/MyShop'
11-Dec-2018 17:54:18.963 INFO [http-nio-8081-exec-261] org.apache.catalina.core.ApplicationContext.log Manager: list: Listing contexts for virtual host 'localhost'
11-Dec-2018 17:54:18.978 INFO [http-nio-8081-exec-268] org.apache.catalina.core.ApplicationContext.log Manager: restart: Reloading web application '/MyShop'
11-Dec-2018 17:54:30.690 INFO [http-nio-8081-exec-276] org.apache.catalina.core.ApplicationContext.log Manager: list: Listing contexts for virtual host 'localhost'
11-Dec-2018 17:54:30.713 INFO [http-nio-8081-exec-251] org.apache.catalina.core.ApplicationContext.log Manager: restart: Reloading web application '/MyShop'
11-Dec-2018 17:54:36.687 INFO [http-nio-8081-exec-280] org.apache.catalina.core.ApplicationContext.log Manager: list: Listing contexts for virtual host 'localhost'
11-Dec-2018 17:54:36.707 INFO [http-nio-8081-exec-272] org.apache.catalina.core.ApplicationContext.log Manager: restart: Reloading web application '/MyShop'
11-Dec-2018 17:54:43.043 INFO [http-nio-8081-exec-274] org.apache.catalina.core.ApplicationContext.log Manager: list: Listing contexts for virtual host 'localhost'
11-Dec-2018 17:54:43.082 INFO [http-nio-8081-exec-278] org.apache.catalina.core.ApplicationContext.log Manager: restart: Reloading web application '/MyShop'
11-Dec-2018 17:54:49.643 INFO [http-nio-8081-exec-283] org.apache.catalina.core.ApplicationContext.log Manager: list: Listing contexts for virtual host 'localhost'
11-Dec-2018 17:54:49.725 INFO [http-nio-8081-exec-282] org.apache.catalina.core.ApplicationContext.log Manager: restart: Reloading web application '/MyShop'
11-Dec-2018 17:54:55.477 INFO [http-nio-8081-exec-280] org.apache.catalina.core.ApplicationContext.log Manager: list: Listing contexts for virtual host 'localhost'
11-Dec-2018 17:54:55.495 INFO [http-nio-8081-exec-276] org.apache.catalina.core.ApplicationContext.log Manager: restart: Reloading web application '/MyShop'
11-Dec-2018 17:55:02.424 INFO [http-nio-8081-exec-261] org.apache.catalina.core.ApplicationContext.log Manager: list: Listing contexts for virtual host 'localhost'
11-Dec-2018 17:55:02.467 INFO [http-nio-8081-exec-280] org.apache.catalina.core.ApplicationContext.log Manager: restart: Reloading web application '/MyShop'
11-Dec-2018 17:55:09.326 INFO [http-nio-8081-exec-274] org.apache.catalina.core.ApplicationContext.log Manager: list: Listing contexts for virtual host 'localhost'
11-Dec-2018 17:55:09.362 INFO [http-nio-8081-exec-254] org.apache.catalina.core.ApplicationContext.log Manager: restart: Reloading web application '/MyShop'
11-Dec-2018 17:55:16.971 INFO [http-nio-8081-exec-279] org.apache.catalina.core.ApplicationContext.log Manager: list: Listing contexts for virtual host 'localhost'
11-Dec-2018 17:55:17.035 INFO [http-nio-8081-exec-281] org.apache.catalina.core.ApplicationContext.log Manager: restart: Reloading web application '/MyShop'
11-Dec-2018 17:55:23.527 INFO [http-nio-8081-exec-274] org.apache.catalina.core.ApplicationContext.log Manager: list: Listing contexts for virtual host 'localhost'
11-Dec-2018 17:55:23.597 INFO [http-nio-8081-exec-284] org.apache.catalina.core.ApplicationContext.log Manager: restart: Reloading web application '/MyShop'
11-Dec-2018 17:55:34.885 INFO [http-nio-8081-exec-289] org.apache.catalina.core.ApplicationContext.log Manager: list: Listing contexts for virtual host 'localhost'
11-Dec-2018 17:55:34.898 INFO [http-nio-8081-exec-285] org.apache.catalina.core.ApplicationContext.log Manager: restart: Reloading web application '/MyShop'
11-Dec-2018 17:55:52.688 INFO [http-nio-8081-exec-290] org.apache.catalina.core.ApplicationContext.log Manager: list: Listing contexts for virtual host 'localhost'
11-Dec-2018 17:55:52.700 INFO [http-nio-8081-exec-261] org.apache.catalina.core.ApplicationContext.log Manager: restart: Reloading web application '/MyShop'
11-Dec-2018 17:55:59.316 INFO [http-nio-8081-exec-283] org.apache.catalina.core.ApplicationContext.log Manager: list: Listing contexts for virtual host 'localhost'
11-Dec-2018 17:55:59.389 INFO [http-nio-8081-exec-293] org.apache.catalina.core.ApplicationContext.log Manager: restart: Reloading web application '/MyShop'
11-Dec-2018 17:56:13.807 INFO [http-nio-8081-exec-286] org.apache.catalina.core.ApplicationContext.log Manager: list: Listing contexts for virtual host 'localhost'
11-Dec-2018 17:56:13.820 INFO [http-nio-8081-exec-292] org.apache.catalina.core.ApplicationContext.log Manager: restart: Reloading web application '/MyShop'
11-Dec-2018 17:56:19.522 INFO [http-nio-8081-exec-290] org.apache.catalina.core.ApplicationContext.log Manager: list: Listing contexts for virtual host 'localhost'
11-Dec-2018 17:56:19.552 INFO [http-nio-8081-exec-289] org.apache.catalina.core.ApplicationContext.log Manager: restart: Reloading web application '/MyShop'
11-Dec-2018 17:56:28.034 INFO [http-nio-8081-exec-297] org.apache.catalina.core.ApplicationContext.log Manager: list: Listing contexts for virtual host 'localhost'
11-Dec-2018 17:56:28.067 INFO [http-nio-8081-exec-295] org.apache.catalina.core.ApplicationContext.log Manager: restart: Reloading web application '/MyShop'
11-Dec-2018 17:56:45.169 INFO [http-nio-8081-exec-301] org.apache.catalina.core.ApplicationContext.log Manager: list: Listing contexts for virtual host 'localhost'
11-Dec-2018 17:56:45.211 INFO [http-nio-8081-exec-296] org.apache.catalina.core.ApplicationContext.log Manager: restart: Reloading web application '/MyShop'
11-Dec-2018 17:57:13.079 INFO [http-nio-8081-exec-283] org.apache.catalina.core.ApplicationContext.log Manager: list: Listing contexts for virtual host 'localhost'
11-Dec-2018 17:57:13.097 INFO [http-nio-8081-exec-300] org.apache.catalina.core.ApplicationContext.log Manager: restart: Reloading web application '/MyShop'
11-Dec-2018 17:57:19.401 INFO [http-nio-8081-exec-303] org.apache.catalina.core.ApplicationContext.log Manager: list: Listing contexts for virtual host 'localhost'
11-Dec-2018 17:57:19.414 INFO [http-nio-8081-exec-291] org.apache.catalina.core.ApplicationContext.log Manager: restart: Reloading web application '/MyShop'
11-Dec-2018 17:57:50.690 INFO [http-nio-8081-exec-286] org.apache.catalina.core.ApplicationContext.log Manager: list: Listing contexts for virtual host 'localhost'
11-Dec-2018 17:57:50.720 INFO [http-nio-8081-exec-302] org.apache.catalina.core.ApplicationContext.log Manager: restart: Reloading web application '/MyShop'
11-Dec-2018 17:57:59.493 INFO [http-nio-8081-exec-283] org.apache.catalina.core.ApplicationContext.log Manager: list: Listing contexts for virtual host 'localhost'
11-Dec-2018 17:57:59.505 INFO [http-nio-8081-exec-303] org.apache.catalina.core.ApplicationContext.log Manager: restart: Reloading web application '/MyShop'
11-Dec-2018 17:58:07.653 INFO [http-nio-8081-exec-283] org.apache.catalina.core.ApplicationContext.log Manager: list: Listing contexts for virtual host 'localhost'
11-Dec-2018 17:58:07.680 INFO [http-nio-8081-exec-308] org.apache.catalina.core.ApplicationContext.log Manager: restart: Reloading web application '/MyShop'
11-Dec-2018 17:58:13.511 INFO [http-nio-8081-exec-286] org.apache.catalina.core.ApplicationContext.log Manager: list: Listing contexts for virtual host 'localhost'
11-Dec-2018 17:58:13.533 INFO [http-nio-8081-exec-294] org.apache.catalina.core.ApplicationContext.log Manager: restart: Reloading web application '/MyShop'
11-Dec-2018 17:58:19.684 INFO [http-nio-8081-exec-309] org.apache.catalina.core.ApplicationContext.log Manager: list: Listing contexts for virtual host 'localhost'
11-Dec-2018 17:58:19.704 INFO [http-nio-8081-exec-283] org.apache.catalina.core.ApplicationContext.log Manager: restart: Reloading web application '/MyShop'
11-Dec-2018 17:58:25.681 INFO [http-nio-8081-exec-305] org.apache.catalina.core.ApplicationContext.log Manager: list: Listing contexts for virtual host 'localhost'
11-Dec-2018 17:58:25.702 INFO [http-nio-8081-exec-309] org.apache.catalina.core.ApplicationContext.log Manager: restart: Reloading web application '/MyShop'
11-Dec-2018 17:58:31.742 INFO [http-nio-8081-exec-312] org.apache.catalina.core.ApplicationContext.log Manager: list: Listing contexts for virtual host 'localhost'
11-Dec-2018 17:58:31.765 INFO [http-nio-8081-exec-299] org.apache.catalina.core.ApplicationContext.log Manager: restart: Reloading web application '/MyShop'
11-Dec-2018 17:58:38.487 INFO [http-nio-8081-exec-305] org.apache.catalina.core.ApplicationContext.log Manager: list: Listing contexts for virtual host 'localhost'
11-Dec-2018 17:58:38.512 INFO [http-nio-8081-exec-310] org.apache.catalina.core.ApplicationContext.log Manager: restart: Reloading web application '/MyShop'
11-Dec-2018 17:58:46.757 INFO [http-nio-8081-exec-315] org.apache.catalina.core.ApplicationContext.log Manager: list: Listing contexts for virtual host 'localhost'
11-Dec-2018 17:58:46.779 INFO [http-nio-8081-exec-311] org.apache.catalina.core.ApplicationContext.log Manager: restart: Reloading web application '/MyShop'
11-Dec-2018 17:58:53.676 INFO [http-nio-8081-exec-315] org.apache.catalina.core.ApplicationContext.log Manager: list: Listing contexts for virtual host 'localhost'
11-Dec-2018 17:58:53.689 INFO [http-nio-8081-exec-307] org.apache.catalina.core.ApplicationContext.log Manager: restart: Reloading web application '/MyShop'
11-Dec-2018 17:58:59.888 INFO [http-nio-8081-exec-306] org.apache.catalina.core.ApplicationContext.log Manager: list: Listing contexts for virtual host 'localhost'
11-Dec-2018 17:58:59.900 INFO [http-nio-8081-exec-318] org.apache.catalina.core.ApplicationContext.log Manager: restart: Reloading web application '/MyShop'
11-Dec-2018 17:59:05.922 INFO [http-nio-8081-exec-306] org.apache.catalina.core.ApplicationContext.log Manager: list: Listing contexts for virtual host 'localhost'
11-Dec-2018 17:59:05.942 INFO [http-nio-8081-exec-313] org.apache.catalina.core.ApplicationContext.log Manager: restart: Reloading web application '/MyShop'
11-Dec-2018 17:59:21.295 INFO [http-nio-8081-exec-312] org.apache.catalina.core.ApplicationContext.log Manager: list: Listing contexts for virtual host 'localhost'
11-Dec-2018 17:59:21.345 INFO [http-nio-8081-exec-315] org.apache.catalina.core.ApplicationContext.log Manager: restart: Reloading web application '/MyShop'
11-Dec-2018 18:02:03.777 INFO [http-nio-8081-exec-324] org.apache.catalina.core.ApplicationContext.log Manager: list: Listing contexts for virtual host 'localhost'
11-Dec-2018 18:02:03.796 INFO [http-nio-8081-exec-325] org.apache.catalina.core.ApplicationContext.log Manager: restart: Reloading web application '/MyShop'
11-Dec-2018 18:02:12.158 INFO [http-nio-8081-exec-317] org.apache.catalina.core.ApplicationContext.log Manager: list: Listing contexts for virtual host 'localhost'
11-Dec-2018 18:02:12.172 INFO [http-nio-8081-exec-324] org.apache.catalina.core.ApplicationContext.log Manager: restart: Reloading web application '/MyShop'
11-Dec-2018 18:02:29.778 INFO [http-nio-8081-exec-321] org.apache.catalina.core.ApplicationContext.log Manager: list: Listing contexts for virtual host 'localhost'
11-Dec-2018 18:02:29.790 INFO [http-nio-8081-exec-330] org.apache.catalina.core.ApplicationContext.log Manager: restart: Reloading web application '/MyShop'
11-Dec-2018 18:02:36.841 INFO [http-nio-8081-exec-322] org.apache.catalina.core.ApplicationContext.log Manager: list: Listing contexts for virtual host 'localhost'
11-Dec-2018 18:02:36.905 INFO [http-nio-8081-exec-331] org.apache.catalina.core.ApplicationContext.log Manager: restart: Reloading web application '/MyShop'
11-Dec-2018 18:02:43.170 INFO [http-nio-8081-exec-333] org.apache.catalina.core.ApplicationContext.log Manager: list: Listing contexts for virtual host 'localhost'
11-Dec-2018 18:02:43.182 INFO [http-nio-8081-exec-323] org.apache.catalina.core.ApplicationContext.log Manager: restart: Reloading web application '/MyShop'
11-Dec-2018 18:02:50.133 INFO [http-nio-8081-exec-317] org.apache.catalina.core.ApplicationContext.log Manager: list: Listing contexts for virtual host 'localhost'
11-Dec-2018 18:02:50.144 INFO [http-nio-8081-exec-321] org.apache.catalina.core.ApplicationContext.log Manager: restart: Reloading web application '/MyShop'
11-Dec-2018 18:02:55.881 INFO [http-nio-8081-exec-317] org.apache.catalina.core.ApplicationContext.log Manager: list: Listing contexts for virtual host 'localhost'
11-Dec-2018 18:02:55.904 INFO [http-nio-8081-exec-333] org.apache.catalina.core.ApplicationContext.log Manager: restart: Reloading web application '/MyShop'
11-Dec-2018 18:03:03.073 INFO [http-nio-8081-exec-334] org.apache.catalina.core.ApplicationContext.log Manager: list: Listing contexts for virtual host 'localhost'
11-Dec-2018 18:03:03.083 INFO [http-nio-8081-exec-326] org.apache.catalina.core.ApplicationContext.log Manager: restart: Reloading web application '/MyShop'
11-Dec-2018 18:03:09.159 INFO [http-nio-8081-exec-317] org.apache.catalina.core.ApplicationContext.log Manager: list: Listing contexts for virtual host 'localhost'
11-Dec-2018 18:03:09.170 INFO [http-nio-8081-exec-337] org.apache.catalina.core.ApplicationContext.log Manager: restart: Reloading web application '/MyShop'
11-Dec-2018 18:03:33.192 INFO [http-nio-8081-exec-335] org.apache.catalina.core.ApplicationContext.log Manager: list: Listing contexts for virtual host 'localhost'
11-Dec-2018 18:03:33.208 INFO [http-nio-8081-exec-336] org.apache.catalina.core.ApplicationContext.log Manager: restart: Reloading web application '/MyShop'
11-Dec-2018 18:03:39.798 INFO [http-nio-8081-exec-317] org.apache.catalina.core.ApplicationContext.log Manager: list: Listing contexts for virtual host 'localhost'
11-Dec-2018 18:03:39.812 INFO [http-nio-8081-exec-340] org.apache.catalina.core.ApplicationContext.log Manager: restart: Reloading web application '/MyShop'
11-Dec-2018 18:03:46.667 INFO [http-nio-8081-exec-329] org.apache.catalina.core.ApplicationContext.log Manager: list: Listing contexts for virtual host 'localhost'
11-Dec-2018 18:03:46.679 INFO [http-nio-8081-exec-338] org.apache.catalina.core.ApplicationContext.log Manager: restart: Reloading web application '/MyShop'
11-Dec-2018 18:03:53.828 INFO [http-nio-8081-exec-317] org.apache.catalina.core.ApplicationContext.log Manager: list: Listing contexts for virtual host 'localhost'
11-Dec-2018 18:03:53.866 INFO [http-nio-8081-exec-343] org.apache.catalina.core.ApplicationContext.log Manager: restart: Reloading web application '/MyShop'
11-Dec-2018 18:04:00.161 INFO [http-nio-8081-exec-335] org.apache.catalina.core.ApplicationContext.log Manager: list: Listing contexts for virtual host 'localhost'
11-Dec-2018 18:04:00.175 INFO [http-nio-8081-exec-317] org.apache.catalina.core.ApplicationContext.log Manager: restart: Reloading web application '/MyShop'
11-Dec-2018 18:04:06.638 INFO [http-nio-8081-exec-334] org.apache.catalina.core.ApplicationContext.log Manager: list: Listing contexts for virtual host 'localhost'
11-Dec-2018 18:04:06.663 INFO [http-nio-8081-exec-346] org.apache.catalina.core.ApplicationContext.log Manager: restart: Reloading web application '/MyShop'
11-Dec-2018 18:04:14.660 INFO [http-nio-8081-exec-342] org.apache.catalina.core.ApplicationContext.log Manager: list: Listing contexts for virtual host 'localhost'
11-Dec-2018 18:04:14.674 INFO [http-nio-8081-exec-334] org.apache.catalina.core.ApplicationContext.log Manager: restart: Reloading web application '/MyShop'
11-Dec-2018 18:04:26.367 INFO [http-nio-8081-exec-332] org.apache.catalina.core.ApplicationContext.log Manager: list: Listing contexts for virtual host 'localhost'
11-Dec-2018 18:04:26.378 INFO [http-nio-8081-exec-342] org.apache.catalina.core.ApplicationContext.log Manager: restart: Reloading web application '/MyShop'
11-Dec-2018 18:04:32.283 INFO [http-nio-8081-exec-350] org.apache.catalina.core.ApplicationContext.log Manager: list: Listing contexts for virtual host 'localhost'
11-Dec-2018 18:04:32.309 INFO [http-nio-8081-exec-341] org.apache.catalina.core.ApplicationContext.log Manager: restart: Reloading web application '/MyShop'
11-Dec-2018 18:05:01.385 INFO [http-nio-8081-exec-349] org.apache.catalina.core.ApplicationContext.log Manager: list: Listing contexts for virtual host 'localhost'
11-Dec-2018 18:05:01.400 INFO [http-nio-8081-exec-335] org.apache.catalina.core.ApplicationContext.log Manager: restart: Reloading web application '/MyShop'
11-Dec-2018 18:05:09.413 INFO [http-nio-8081-exec-349] org.apache.catalina.core.ApplicationContext.log Manager: list: Listing contexts for virtual host 'localhost'
11-Dec-2018 18:05:09.425 INFO [http-nio-8081-exec-353] org.apache.catalina.core.ApplicationContext.log Manager: restart: Reloading web application '/MyShop'
11-Dec-2018 18:05:15.138 INFO [http-nio-8081-exec-344] org.apache.catalina.core.ApplicationContext.log Manager: list: Listing contexts for virtual host 'localhost'
11-Dec-2018 18:05:15.163 INFO [http-nio-8081-exec-350] org.apache.catalina.core.ApplicationContext.log Manager: restart: Reloading web application '/MyShop'
11-Dec-2018 18:05:21.506 INFO [http-nio-8081-exec-354] org.apache.catalina.core.ApplicationContext.log Manager: list: Listing contexts for virtual host 'localhost'
11-Dec-2018 18:05:21.517 INFO [http-nio-8081-exec-329] org.apache.catalina.core.ApplicationContext.log Manager: restart: Reloading web application '/MyShop'
11-Dec-2018 18:05:30.235 INFO [http-nio-8081-exec-358] org.apache.catalina.core.ApplicationContext.log Manager: list: Listing contexts for virtual host 'localhost'
11-Dec-2018 18:05:30.316 INFO [http-nio-8081-exec-351] org.apache.catalina.core.ApplicationContext.log Manager: restart: Reloading web application '/MyShop'
11-Dec-2018 18:05:45.280 INFO [http-nio-8081-exec-347] org.apache.catalina.core.ApplicationContext.log Manager: list: Listing contexts for virtual host 'localhost'
11-Dec-2018 18:05:45.296 INFO [http-nio-8081-exec-352] org.apache.catalina.core.ApplicationContext.log Manager: restart: Reloading web application '/MyShop'
11-Dec-2018 18:05:53.326 INFO [http-nio-8081-exec-358] org.apache.catalina.core.ApplicationContext.log Manager: list: Listing contexts for virtual host 'localhost'
11-Dec-2018 18:05:53.337 INFO [http-nio-8081-exec-354] org.apache.catalina.core.ApplicationContext.log Manager: restart: Reloading web application '/MyShop'
11-Dec-2018 18:05:59.422 INFO [http-nio-8081-exec-360] org.apache.catalina.core.ApplicationContext.log Manager: list: Listing contexts for virtual host 'localhost'
11-Dec-2018 18:05:59.436 INFO [http-nio-8081-exec-344] org.apache.catalina.core.ApplicationContext.log Manager: restart: Reloading web application '/MyShop'
11-Dec-2018 18:06:57.256 INFO [http-nio-8081-exec-365] org.apache.catalina.core.ApplicationContext.log Manager: list: Listing contexts for virtual host 'localhost'
11-Dec-2018 18:06:57.268 INFO [http-nio-8081-exec-357] org.apache.catalina.core.ApplicationContext.log Manager: restart: Reloading web application '/MyShop'
11-Dec-2018 18:07:03.105 INFO [http-nio-8081-exec-366] org.apache.catalina.core.ApplicationContext.log Manager: list: Listing contexts for virtual host 'localhost'
11-Dec-2018 18:07:03.146 INFO [http-nio-8081-exec-358] org.apache.catalina.core.ApplicationContext.log Manager: restart: Reloading web application '/MyShop'
11-Dec-2018 18:07:09.733 INFO [http-nio-8081-exec-365] org.apache.catalina.core.ApplicationContext.log Manager: list: Listing contexts for virtual host 'localhost'
11-Dec-2018 18:07:09.778 INFO [http-nio-8081-exec-361] org.apache.catalina.core.ApplicationContext.log Manager: restart: Reloading web application '/MyShop'
11-Dec-2018 18:07:26.704 INFO [http-nio-8081-exec-366] org.apache.catalina.core.ApplicationContext.log Manager: list: Listing contexts for virtual host 'localhost'
11-Dec-2018 18:07:26.719 INFO [http-nio-8081-exec-364] org.apache.catalina.core.ApplicationContext.log Manager: restart: Reloading web application '/MyShop'
11-Dec-2018 18:07:33.711 INFO [http-nio-8081-exec-369] org.apache.catalina.core.ApplicationContext.log Manager: list: Listing contexts for virtual host 'localhost'
11-Dec-2018 18:07:33.725 INFO [http-nio-8081-exec-359] org.apache.catalina.core.ApplicationContext.log Manager: restart: Reloading web application '/MyShop'
11-Dec-2018 18:08:04.105 INFO [http-nio-8081-exec-370] org.apache.catalina.core.ApplicationContext.log Manager: list: Listing contexts for virtual host 'localhost'
11-Dec-2018 18:08:04.117 INFO [http-nio-8081-exec-366] org.apache.catalina.core.ApplicationContext.log Manager: restart: Reloading web application '/MyShop'
11-Dec-2018 18:08:52.097 INFO [http-nio-8081-exec-362] org.apache.catalina.core.ApplicationContext.log Manager: list: Listing contexts for virtual host 'localhost'
11-Dec-2018 18:08:52.162 INFO [http-nio-8081-exec-372] org.apache.catalina.core.ApplicationContext.log Manager: restart: Reloading web application '/MyShop'
11-Dec-2018 18:08:59.126 INFO [http-nio-8081-exec-363] org.apache.catalina.core.ApplicationContext.log Manager: list: Listing contexts for virtual host 'localhost'
11-Dec-2018 18:08:59.150 INFO [http-nio-8081-exec-371] org.apache.catalina.core.ApplicationContext.log Manager: restart: Reloading web application '/MyShop'
11-Dec-2018 18:09:15.933 INFO [http-nio-8081-exec-373] org.apache.catalina.core.ApplicationContext.log Manager: list: Listing contexts for virtual host 'localhost'
11-Dec-2018 18:09:15.944 INFO [http-nio-8081-exec-363] org.apache.catalina.core.ApplicationContext.log Manager: restart: Reloading web application '/MyShop'
11-Dec-2018 18:09:32.986 INFO [http-nio-8081-exec-374] org.apache.catalina.core.ApplicationContext.log Manager: list: Listing contexts for virtual host 'localhost'
11-Dec-2018 18:09:32.997 INFO [http-nio-8081-exec-368] org.apache.catalina.core.ApplicationContext.log Manager: restart: Reloading web application '/MyShop'
11-Dec-2018 18:09:54.283 INFO [http-nio-8081-exec-374] org.apache.catalina.core.ApplicationContext.log Manager: list: Listing contexts for virtual host 'localhost'
11-Dec-2018 18:09:54.310 INFO [http-nio-8081-exec-362] org.apache.catalina.core.ApplicationContext.log Manager: restart: Reloading web application '/MyShop'
11-Dec-2018 18:10:06.450 INFO [http-nio-8081-exec-378] org.apache.catalina.core.ApplicationContext.log Manager: list: Listing contexts for virtual host 'localhost'
11-Dec-2018 18:10:06.463 INFO [http-nio-8081-exec-381] org.apache.catalina.core.ApplicationContext.log Manager: restart: Reloading web application '/MyShop'
11-Dec-2018 18:10:13.909 INFO [http-nio-8081-exec-375] org.apache.catalina.core.ApplicationContext.log Manager: list: Listing contexts for virtual host 'localhost'
11-Dec-2018 18:10:13.925 INFO [http-nio-8081-exec-379] org.apache.catalina.core.ApplicationContext.log Manager: restart: Reloading web application '/MyShop'
11-Dec-2018 18:11:13.199 INFO [http-nio-8081-exec-386] org.apache.catalina.core.ApplicationContext.log Manager: list: Listing contexts for virtual host 'localhost'
11-Dec-2018 18:11:13.209 INFO [http-nio-8081-exec-384] org.apache.catalina.core.ApplicationContext.log Manager: restart: Reloading web application '/MyShop'
11-Dec-2018 18:11:18.783 INFO [http-nio-8081-exec-373] org.apache.catalina.core.ApplicationContext.log Manager: list: Listing contexts for virtual host 'localhost'
11-Dec-2018 18:11:18.793 INFO [http-nio-8081-exec-386] org.apache.catalina.core.ApplicationContext.log Manager: restart: Reloading web application '/MyShop'
11-Dec-2018 18:11:24.411 INFO [http-nio-8081-exec-373] org.apache.catalina.core.ApplicationContext.log Manager: list: Listing contexts for virtual host 'localhost'
11-Dec-2018 18:11:24.423 INFO [http-nio-8081-exec-385] org.apache.catalina.core.ApplicationContext.log Manager: restart: Reloading web application '/MyShop'
11-Dec-2018 18:11:37.374 INFO [http-nio-8081-exec-390] org.apache.catalina.core.ApplicationContext.log Manager: list: Listing contexts for virtual host 'localhost'
11-Dec-2018 18:11:37.396 INFO [http-nio-8081-exec-380] org.apache.catalina.core.ApplicationContext.log Manager: restart: Reloading web application '/MyShop'
11-Dec-2018 18:12:20.815 INFO [http-nio-8081-exec-390] org.apache.catalina.core.ApplicationContext.log Manager: list: Listing contexts for virtual host 'localhost'
11-Dec-2018 18:12:20.826 INFO [http-nio-8081-exec-378] org.apache.catalina.core.ApplicationContext.log Manager: restart: Reloading web application '/MyShop'
11-Dec-2018 18:12:30.644 INFO [http-nio-8081-exec-383] org.apache.catalina.core.ApplicationContext.log Manager: list: Listing contexts for virtual host 'localhost'
11-Dec-2018 18:12:30.660 INFO [http-nio-8081-exec-390] org.apache.catalina.core.ApplicationContext.log Manager: restart: Reloading web application '/MyShop'
11-Dec-2018 18:12:38.148 INFO [http-nio-8081-exec-387] org.apache.catalina.core.ApplicationContext.log Manager: list: Listing contexts for virtual host 'localhost'
11-Dec-2018 18:12:38.182 INFO [http-nio-8081-exec-391] org.apache.catalina.core.ApplicationContext.log Manager: restart: Reloading web application '/MyShop'
11-Dec-2018 18:12:44.622 INFO [http-nio-8081-exec-393] org.apache.catalina.core.ApplicationContext.log Manager: list: Listing contexts for virtual host 'localhost'
11-Dec-2018 18:12:44.633 INFO [http-nio-8081-exec-389] org.apache.catalina.core.ApplicationContext.log Manager: restart: Reloading web application '/MyShop'
11-Dec-2018 18:12:51.837 INFO [http-nio-8081-exec-395] org.apache.catalina.core.ApplicationContext.log Manager: list: Listing contexts for virtual host 'localhost'
11-Dec-2018 18:12:51.848 INFO [http-nio-8081-exec-394] org.apache.catalina.core.ApplicationContext.log Manager: restart: Reloading web application '/MyShop'
11-Dec-2018 18:13:07.086 INFO [http-nio-8081-exec-387] org.apache.catalina.core.ApplicationContext.log Manager: list: Listing contexts for virtual host 'localhost'
11-Dec-2018 18:13:07.099 INFO [http-nio-8081-exec-383] org.apache.catalina.core.ApplicationContext.log Manager: restart: Reloading web application '/MyShop'
11-Dec-2018 18:13:29.225 INFO [http-nio-8081-exec-398] org.apache.catalina.core.ApplicationContext.log Manager: list: Listing contexts for virtual host 'localhost'
11-Dec-2018 18:13:29.241 INFO [http-nio-8081-exec-393] org.apache.catalina.core.ApplicationContext.log Manager: restart: Reloading web application '/MyShop'
11-Dec-2018 18:13:39.564 INFO [http-nio-8081-exec-401] org.apache.catalina.core.ApplicationContext.log Manager: list: Listing contexts for virtual host 'localhost'
11-Dec-2018 18:13:39.598 INFO [http-nio-8081-exec-387] org.apache.catalina.core.ApplicationContext.log Manager: restart: Reloading web application '/MyShop'
11-Dec-2018 18:13:49.087 INFO [http-nio-8081-exec-396] org.apache.catalina.core.ApplicationContext.log Manager: list: Listing contexts for virtual host 'localhost'
11-Dec-2018 18:13:49.096 INFO [http-nio-8081-exec-405] org.apache.catalina.core.ApplicationContext.log Manager: restart: Reloading web application '/MyShop'
11-Dec-2018 18:13:55.888 INFO [http-nio-8081-exec-392] org.apache.catalina.core.ApplicationContext.log Manager: list: Listing contexts for virtual host 'localhost'
11-Dec-2018 18:13:55.931 INFO [http-nio-8081-exec-406] org.apache.catalina.core.ApplicationContext.log Manager: restart: Reloading web application '/MyShop'
11-Dec-2018 18:14:04.546 INFO [http-nio-8081-exec-395] org.apache.catalina.core.ApplicationContext.log Manager: list: Listing contexts for virtual host 'localhost'
11-Dec-2018 18:14:04.561 INFO [http-nio-8081-exec-403] org.apache.catalina.core.ApplicationContext.log Manager: restart: Reloading web application '/MyShop'
11-Dec-2018 18:14:33.395 INFO [http-nio-8081-exec-395] org.apache.catalina.core.ApplicationContext.log Manager: list: Listing contexts for virtual host 'localhost'
11-Dec-2018 18:14:33.407 INFO [http-nio-8081-exec-397] org.apache.catalina.core.ApplicationContext.log Manager: restart: Reloading web application '/MyShop'
11-Dec-2018 18:16:29.799 INFO [http-nio-8081-exec-411] org.apache.catalina.core.ApplicationContext.log Manager: list: Listing contexts for virtual host 'localhost'
11-Dec-2018 18:16:29.836 INFO [http-nio-8081-exec-396] org.apache.catalina.core.ApplicationContext.log Manager: restart: Reloading web application '/MyShop'
11-Dec-2018 18:16:36.467 INFO [http-nio-8081-exec-410] org.apache.catalina.core.ApplicationContext.log Manager: list: Listing contexts for virtual host 'localhost'
11-Dec-2018 18:16:36.501 INFO [http-nio-8081-exec-409] org.apache.catalina.core.ApplicationContext.log Manager: restart: Reloading web application '/MyShop'
11-Dec-2018 18:16:41.986 INFO [http-nio-8081-exec-395] org.apache.catalina.core.ApplicationContext.log Manager: list: Listing contexts for virtual host 'localhost'
11-Dec-2018 18:16:41.995 INFO [http-nio-8081-exec-410] org.apache.catalina.core.ApplicationContext.log Manager: restart: Reloading web application '/MyShop'
11-Dec-2018 18:17:03.218 INFO [http-nio-8081-exec-407] org.apache.catalina.core.ApplicationContext.log Manager: list: Listing contexts for virtual host 'localhost'
11-Dec-2018 18:17:03.237 INFO [http-nio-8081-exec-411] org.apache.catalina.core.ApplicationContext.log Manager: restart: Reloading web application '/MyShop'
11-Dec-2018 18:17:09.750 INFO [http-nio-8081-exec-417] org.apache.catalina.core.ApplicationContext.log Manager: list: Listing contexts for virtual host 'localhost'
11-Dec-2018 18:17:09.764 INFO [http-nio-8081-exec-412] org.apache.catalina.core.ApplicationContext.log Manager: restart: Reloading web application '/MyShop'
11-Dec-2018 18:17:20.230 INFO [http-nio-8081-exec-418] org.apache.catalina.core.ApplicationContext.log Manager: list: Listing contexts for virtual host 'localhost'
11-Dec-2018 18:17:20.246 INFO [http-nio-8081-exec-419] org.apache.catalina.core.ApplicationContext.log Manager: restart: Reloading web application '/MyShop'
11-Dec-2018 18:17:35.130 INFO [http-nio-8081-exec-413] org.apache.catalina.core.ApplicationContext.log Manager: list: Listing contexts for virtual host 'localhost'
11-Dec-2018 18:17:35.157 INFO [http-nio-8081-exec-421] org.apache.catalina.core.ApplicationContext.log Manager: restart: Reloading web application '/MyShop'
11-Dec-2018 18:17:42.231 INFO [http-nio-8081-exec-418] org.apache.catalina.core.ApplicationContext.log Manager: list: Listing contexts for virtual host 'localhost'
11-Dec-2018 18:17:42.243 INFO [http-nio-8081-exec-415] org.apache.catalina.core.ApplicationContext.log Manager: restart: Reloading web application '/MyShop'
11-Dec-2018 18:17:49.806 INFO [http-nio-8081-exec-422] org.apache.catalina.core.ApplicationContext.log Manager: list: Listing contexts for virtual host 'localhost'
11-Dec-2018 18:17:49.817 INFO [http-nio-8081-exec-424] org.apache.catalina.core.ApplicationContext.log Manager: restart: Reloading web application '/MyShop'
11-Dec-2018 18:18:22.760 INFO [http-nio-8081-exec-427] org.apache.catalina.core.ApplicationContext.log Manager: list: Listing contexts for virtual host 'localhost'
11-Dec-2018 18:18:22.781 INFO [http-nio-8081-exec-425] org.apache.catalina.core.ApplicationContext.log Manager: restart: Reloading web application '/'
11-Dec-2018 18:18:50.202 INFO [http-nio-8081-exec-422] org.apache.catalina.core.ApplicationContext.log Manager: list: Listing contexts for virtual host 'localhost'
11-Dec-2018 18:18:50.232 INFO [http-nio-8081-exec-426] org.apache.catalina.core.ApplicationContext.log Manager: restart: Reloading web application '/MyShop'
11-Dec-2018 18:18:57.086 INFO [http-nio-8081-exec-413] org.apache.catalina.core.ApplicationContext.log Manager: list: Listing contexts for virtual host 'localhost'
11-Dec-2018 18:18:57.097 INFO [http-nio-8081-exec-427] org.apache.catalina.core.ApplicationContext.log Manager: restart: Reloading web application '/MyShop'
11-Dec-2018 18:20:41.839 INFO [http-nio-8081-exec-432] org.apache.catalina.core.ApplicationContext.log Manager: list: Listing contexts for virtual host 'localhost'
11-Dec-2018 18:20:41.855 INFO [http-nio-8081-exec-413] org.apache.catalina.core.ApplicationContext.log Manager: restart: Reloading web application '/MyShop'
11-Dec-2018 18:20:47.604 INFO [http-nio-8081-exec-431] org.apache.catalina.core.ApplicationContext.log Manager: list: Listing contexts for virtual host 'localhost'
11-Dec-2018 18:20:47.617 INFO [http-nio-8081-exec-422] org.apache.catalina.core.ApplicationContext.log Manager: restart: Reloading web application '/MyShop'
11-Dec-2018 19:36:14.043 INFO [http-nio-8081-exec-438] org.apache.catalina.core.ApplicationContext.log Manager: list: Listing contexts for virtual host 'localhost'
11-Dec-2018 19:36:14.056 INFO [http-nio-8081-exec-439] org.apache.catalina.core.ApplicationContext.log Manager: restart: Reloading web application '/MyShop'
11-Dec-2018 19:36:35.512 INFO [http-nio-8081-exec-431] org.apache.catalina.core.ApplicationContext.log Manager: list: Listing contexts for virtual host 'localhost'
11-Dec-2018 19:36:35.521 INFO [http-nio-8081-exec-440] org.apache.catalina.core.ApplicationContext.log Manager: restart: Reloading web application '/MyShop'
11-Dec-2018 19:36:40.899 INFO [http-nio-8081-exec-438] org.apache.catalina.core.ApplicationContext.log Manager: list: Listing contexts for virtual host 'localhost'
11-Dec-2018 19:36:40.910 INFO [http-nio-8081-exec-441] org.apache.catalina.core.ApplicationContext.log Manager: restart: Reloading web application '/MyShop'
11-Dec-2018 19:36:46.532 INFO [http-nio-8081-exec-435] org.apache.catalina.core.ApplicationContext.log Manager: list: Listing contexts for virtual host 'localhost'
11-Dec-2018 19:36:46.542 INFO [http-nio-8081-exec-438] org.apache.catalina.core.ApplicationContext.log Manager: restart: Reloading web application '/MyShop'
11-Dec-2018 19:36:56.578 INFO [http-nio-8081-exec-431] org.apache.catalina.core.ApplicationContext.log Manager: list: Listing contexts for virtual host 'localhost'
11-Dec-2018 19:36:56.587 INFO [http-nio-8081-exec-418] org.apache.catalina.core.ApplicationContext.log Manager: restart: Reloading web application '/MyShop'
11-Dec-2018 19:37:03.090 INFO [http-nio-8081-exec-431] org.apache.catalina.core.ApplicationContext.log Manager: list: Listing contexts for virtual host 'localhost'
11-Dec-2018 19:37:03.101 INFO [http-nio-8081-exec-434] org.apache.catalina.core.ApplicationContext.log Manager: restart: Reloading web application '/MyShop'
11-Dec-2018 19:37:09.168 INFO [http-nio-8081-exec-445] org.apache.catalina.core.ApplicationContext.log Manager: list: Listing contexts for virtual host 'localhost'
11-Dec-2018 19:37:09.209 INFO [http-nio-8081-exec-442] org.apache.catalina.core.ApplicationContext.log Manager: restart: Reloading web application '/MyShop'
11-Dec-2018 19:37:15.312 INFO [http-nio-8081-exec-448] org.apache.catalina.core.ApplicationContext.log Manager: list: Listing contexts for virtual host 'localhost'
11-Dec-2018 19:37:15.345 INFO [http-nio-8081-exec-444] org.apache.catalina.core.ApplicationContext.log Manager: restart: Reloading web application '/MyShop'
11-Dec-2018 19:37:20.465 INFO [http-nio-8081-exec-435] org.apache.catalina.core.ApplicationContext.log Manager: list: Listing contexts for virtual host 'localhost'
11-Dec-2018 19:37:20.625 INFO [http-nio-8081-exec-445] org.apache.catalina.core.ApplicationContext.log Manager: restart: Reloading web application '/MyShop'
11-Dec-2018 19:37:26.149 INFO [http-nio-8081-exec-450] org.apache.catalina.core.ApplicationContext.log Manager: list: Listing contexts for virtual host 'localhost'
11-Dec-2018 19:37:26.160 INFO [http-nio-8081-exec-435] org.apache.catalina.core.ApplicationContext.log Manager: restart: Reloading web application '/MyShop'
11-Dec-2018 19:37:32.435 INFO [http-nio-8081-exec-448] org.apache.catalina.core.ApplicationContext.log Manager: list: Listing contexts for virtual host 'localhost'
11-Dec-2018 19:37:32.445 INFO [http-nio-8081-exec-431] org.apache.catalina.core.ApplicationContext.log Manager: restart: Reloading web application '/MyShop'
11-Dec-2018 19:37:38.828 INFO [http-nio-8081-exec-447] org.apache.catalina.core.ApplicationContext.log Manager: list: Listing contexts for virtual host 'localhost'
11-Dec-2018 19:37:38.904 INFO [http-nio-8081-exec-446] org.apache.catalina.core.ApplicationContext.log Manager: restart: Reloading web application '/MyShop'
11-Dec-2018 19:37:48.532 INFO [http-nio-8081-exec-449] org.apache.catalina.core.ApplicationContext.log Manager: list: Listing contexts for virtual host 'localhost'
11-Dec-2018 19:37:48.546 INFO [http-nio-8081-exec-450] org.apache.catalina.core.ApplicationContext.log Manager: restart: Reloading web application '/MyShop'
11-Dec-2018 19:37:54.025 INFO [http-nio-8081-exec-447] org.apache.catalina.core.ApplicationContext.log Manager: list: Listing contexts for virtual host 'localhost'
11-Dec-2018 19:37:54.038 INFO [http-nio-8081-exec-452] org.apache.catalina.core.ApplicationContext.log Manager: restart: Reloading web application '/MyShop'
11-Dec-2018 19:38:17.677 INFO [http-nio-8081-exec-443] org.apache.catalina.core.ApplicationContext.log Manager: list: Listing contexts for virtual host 'localhost'
11-Dec-2018 19:38:17.692 INFO [http-nio-8081-exec-447] org.apache.catalina.core.ApplicationContext.log Manager: restart: Reloading web application '/MyShop'
11-Dec-2018 19:38:34.530 INFO [http-nio-8081-exec-460] org.apache.catalina.core.ApplicationContext.log Manager: list: Listing contexts for virtual host 'localhost'
11-Dec-2018 19:38:34.541 INFO [http-nio-8081-exec-449] org.apache.catalina.core.ApplicationContext.log Manager: restart: Reloading web application '/MyShop'
11-Dec-2018 19:38:49.988 INFO [http-nio-8081-exec-459] org.apache.catalina.core.ApplicationContext.log Manager: list: Listing contexts for virtual host 'localhost'
11-Dec-2018 19:38:50.000 INFO [http-nio-8081-exec-460] org.apache.catalina.core.ApplicationContext.log Manager: restart: Reloading web application '/MyShop'
11-Dec-2018 20:38:19.619 INFO [http-nio-8081-exec-465] org.apache.catalina.core.ApplicationContext.log Manager: list: Listing contexts for virtual host 'localhost'
11-Dec-2018 20:38:19.637 INFO [http-nio-8081-exec-464] org.apache.catalina.core.ApplicationContext.log Manager: restart: Reloading web application '/MyShop'
11-Dec-2018 20:38:29.661 INFO [http-nio-8081-exec-466] org.apache.catalina.core.ApplicationContext.log Manager: list: Listing contexts for virtual host 'localhost'
11-Dec-2018 20:38:29.755 INFO [http-nio-8081-exec-463] org.apache.catalina.core.ApplicationContext.log Manager: restart: Reloading web application '/MyShop'
11-Dec-2018 20:39:45.290 INFO [http-nio-8081-exec-469] org.apache.catalina.core.ApplicationContext.log Manager: list: Listing contexts for virtual host 'localhost'
11-Dec-2018 20:39:45.305 INFO [http-nio-8081-exec-475] org.apache.catalina.core.ApplicationContext.log Manager: restart: Reloading web application '/MyShop'
11-Dec-2018 20:39:57.630 INFO [http-nio-8081-exec-477] org.apache.catalina.core.ApplicationContext.log Manager: list: Listing contexts for virtual host 'localhost'
11-Dec-2018 20:39:57.643 INFO [http-nio-8081-exec-472] org.apache.catalina.core.ApplicationContext.log Manager: restart: Reloading web application '/MyShop'
11-Dec-2018 20:40:06.087 INFO [http-nio-8081-exec-470] org.apache.catalina.core.ApplicationContext.log Manager: list: Listing contexts for virtual host 'localhost'
11-Dec-2018 20:40:06.151 INFO [http-nio-8081-exec-473] org.apache.catalina.core.ApplicationContext.log Manager: restart: Reloading web application '/MyShop'
11-Dec-2018 20:40:16.098 INFO [http-nio-8081-exec-462] org.apache.catalina.core.ApplicationContext.log Manager: list: Listing contexts for virtual host 'localhost'
11-Dec-2018 20:40:16.110 INFO [http-nio-8081-exec-469] org.apache.catalina.core.ApplicationContext.log Manager: restart: Reloading web application '/MyShop'
11-Dec-2018 20:40:24.164 INFO [http-nio-8081-exec-471] org.apache.catalina.core.ApplicationContext.log Manager: list: Listing contexts for virtual host 'localhost'
11-Dec-2018 20:40:24.201 INFO [http-nio-8081-exec-478] org.apache.catalina.core.ApplicationContext.log Manager: restart: Reloading web application '/MyShop'
11-Dec-2018 20:40:33.162 INFO [http-nio-8081-exec-476] org.apache.catalina.core.ApplicationContext.log Manager: list: Listing contexts for virtual host 'localhost'
11-Dec-2018 20:40:33.197 INFO [http-nio-8081-exec-480] org.apache.catalina.core.ApplicationContext.log Manager: restart: Reloading web application '/MyShop'
11-Dec-2018 20:40:42.365 INFO [http-nio-8081-exec-462] org.apache.catalina.core.ApplicationContext.log Manager: list: Listing contexts for virtual host 'localhost'
11-Dec-2018 20:40:42.382 INFO [http-nio-8081-exec-471] org.apache.catalina.core.ApplicationContext.log Manager: restart: Reloading web application '/MyShop'
11-Dec-2018 20:40:54.595 INFO [http-nio-8081-exec-477] org.apache.catalina.core.ApplicationContext.log Manager: list: Listing contexts for virtual host 'localhost'
11-Dec-2018 20:40:54.609 INFO [http-nio-8081-exec-476] org.apache.catalina.core.ApplicationContext.log Manager: restart: Reloading web application '/MyShop'
11-Dec-2018 20:41:02.946 INFO [http-nio-8081-exec-474] org.apache.catalina.core.ApplicationContext.log Manager: list: Listing contexts for virtual host 'localhost'
11-Dec-2018 20:41:02.975 INFO [http-nio-8081-exec-482] org.apache.catalina.core.ApplicationContext.log Manager: restart: Reloading web application '/MyShop'
11-Dec-2018 20:41:14.438 INFO [http-nio-8081-exec-483] org.apache.catalina.core.ApplicationContext.log Manager: list: Listing contexts for virtual host 'localhost'
11-Dec-2018 20:41:14.454 INFO [http-nio-8081-exec-462] org.apache.catalina.core.ApplicationContext.log Manager: restart: Reloading web application '/MyShop'
11-Dec-2018 20:41:23.892 INFO [http-nio-8081-exec-481] org.apache.catalina.core.ApplicationContext.log Manager: list: Listing contexts for virtual host 'localhost'
11-Dec-2018 20:41:23.912 INFO [http-nio-8081-exec-485] org.apache.catalina.core.ApplicationContext.log Manager: restart: Reloading web application '/MyShop'
11-Dec-2018 20:41:32.687 INFO [http-nio-8081-exec-481] org.apache.catalina.core.ApplicationContext.log Manager: list: Listing contexts for virtual host 'localhost'
11-Dec-2018 20:41:32.700 INFO [http-nio-8081-exec-477] org.apache.catalina.core.ApplicationContext.log Manager: restart: Reloading web application '/MyShop'
11-Dec-2018 20:41:41.105 INFO [http-nio-8081-exec-487] org.apache.catalina.core.ApplicationContext.log Manager: list: Listing contexts for virtual host 'localhost'
11-Dec-2018 20:41:41.119 INFO [http-nio-8081-exec-486] org.apache.catalina.core.ApplicationContext.log Manager: restart: Reloading web application '/MyShop'
11-Dec-2018 20:41:50.052 INFO [http-nio-8081-exec-487] org.apache.catalina.core.ApplicationContext.log Manager: list: Listing contexts for virtual host 'localhost'
11-Dec-2018 20:41:50.085 INFO [http-nio-8081-exec-489] org.apache.catalina.core.ApplicationContext.log Manager: restart: Reloading web application '/MyShop'
11-Dec-2018 20:42:00.719 INFO [http-nio-8081-exec-488] org.apache.catalina.core.ApplicationContext.log Manager: list: Listing contexts for virtual host 'localhost'
11-Dec-2018 20:42:00.731 INFO [http-nio-8081-exec-474] org.apache.catalina.core.ApplicationContext.log Manager: restart: Reloading web application '/MyShop'
11-Dec-2018 20:42:14.086 INFO [http-nio-8081-exec-487] org.apache.catalina.core.ApplicationContext.log Manager: list: Listing contexts for virtual host 'localhost'
11-Dec-2018 20:42:14.099 INFO [http-nio-8081-exec-490] org.apache.catalina.core.ApplicationContext.log Manager: restart: Reloading web application '/MyShop'
11-Dec-2018 20:42:33.081 INFO [http-nio-8081-exec-491] org.apache.catalina.core.ApplicationContext.log Manager: list: Listing contexts for virtual host 'localhost'
11-Dec-2018 20:42:33.101 INFO [http-nio-8081-exec-495] org.apache.catalina.core.ApplicationContext.log Manager: restart: Reloading web application '/MyShop'
11-Dec-2018 20:42:42.830 INFO [http-nio-8081-exec-493] org.apache.catalina.core.ApplicationContext.log Manager: list: Listing contexts for virtual host 'localhost'
11-Dec-2018 20:42:42.841 INFO [http-nio-8081-exec-492] org.apache.catalina.core.ApplicationContext.log Manager: restart: Reloading web application '/MyShop'
11-Dec-2018 20:42:52.831 INFO [http-nio-8081-exec-493] org.apache.catalina.core.ApplicationContext.log Manager: list: Listing contexts for virtual host 'localhost'
11-Dec-2018 20:42:52.844 INFO [http-nio-8081-exec-497] org.apache.catalina.core.ApplicationContext.log Manager: restart: Reloading web application '/MyShop'
11-Dec-2018 20:43:03.525 INFO [http-nio-8081-exec-499] org.apache.catalina.core.ApplicationContext.log Manager: list: Listing contexts for virtual host 'localhost'
11-Dec-2018 20:43:03.536 INFO [http-nio-8081-exec-494] org.apache.catalina.core.ApplicationContext.log Manager: restart: Reloading web application '/MyShop'
11-Dec-2018 20:43:15.543 INFO [http-nio-8081-exec-488] org.apache.catalina.core.ApplicationContext.log Manager: list: Listing contexts for virtual host 'localhost'
11-Dec-2018 20:43:15.558 INFO [http-nio-8081-exec-493] org.apache.catalina.core.ApplicationContext.log Manager: restart: Reloading web application '/MyShop'
11-Dec-2018 20:43:25.360 INFO [http-nio-8081-exec-502] org.apache.catalina.core.ApplicationContext.log Manager: list: Listing contexts for virtual host 'localhost'
11-Dec-2018 20:43:25.373 INFO [http-nio-8081-exec-503] org.apache.catalina.core.ApplicationContext.log Manager: restart: Reloading web application '/MyShop'
11-Dec-2018 20:43:33.846 INFO [http-nio-8081-exec-484] org.apache.catalina.core.ApplicationContext.log Manager: list: Listing contexts for virtual host 'localhost'
11-Dec-2018 20:43:33.874 INFO [http-nio-8081-exec-505] org.apache.catalina.core.ApplicationContext.log Manager: restart: Reloading web application '/MyShop'
11-Dec-2018 20:43:44.204 INFO [http-nio-8081-exec-496] org.apache.catalina.core.ApplicationContext.log Manager: list: Listing contexts for virtual host 'localhost'
11-Dec-2018 20:43:44.220 INFO [http-nio-8081-exec-504] org.apache.catalina.core.ApplicationContext.log Manager: restart: Reloading web application '/MyShop'
11-Dec-2018 20:43:52.583 INFO [http-nio-8081-exec-484] org.apache.catalina.core.ApplicationContext.log Manager: list: Listing contexts for virtual host 'localhost'
11-Dec-2018 20:43:52.621 INFO [http-nio-8081-exec-496] org.apache.catalina.core.ApplicationContext.log Manager: restart: Reloading web application '/MyShop'
11-Dec-2018 20:44:34.972 INFO [http-nio-8081-exec-502] org.apache.catalina.core.ApplicationContext.log Manager: list: Listing contexts for virtual host 'localhost'
11-Dec-2018 20:44:34.999 INFO [http-nio-8081-exec-514] org.apache.catalina.core.ApplicationContext.log Manager: restart: Reloading web application '/MyShop'
11-Dec-2018 20:44:46.541 INFO [http-nio-8081-exec-484] org.apache.catalina.core.ApplicationContext.log Manager: list: Listing contexts for virtual host 'localhost'
11-Dec-2018 20:44:46.571 INFO [http-nio-8081-exec-509] org.apache.catalina.core.ApplicationContext.log Manager: restart: Reloading web application '/MyShop'
11-Dec-2018 20:45:42.445 INFO [http-nio-8081-exec-508] org.apache.catalina.core.ApplicationContext.log Manager: list: Listing contexts for virtual host 'localhost'
11-Dec-2018 20:45:42.462 INFO [http-nio-8081-exec-515] org.apache.catalina.core.ApplicationContext.log Manager: restart: Reloading web application '/MyShop'
11-Dec-2018 20:45:51.944 INFO [http-nio-8081-exec-501] org.apache.catalina.core.ApplicationContext.log Manager: list: Listing contexts for virtual host 'localhost'
11-Dec-2018 20:45:51.958 INFO [http-nio-8081-exec-517] org.apache.catalina.core.ApplicationContext.log Manager: restart: Reloading web application '/MyShop'
11-Dec-2018 21:57:57.688 INFO [http-nio-8081-exec-518] org.apache.catalina.core.ApplicationContext.log Manager: list: Listing contexts for virtual host 'localhost'
11-Dec-2018 21:57:57.699 INFO [http-nio-8081-exec-521] org.apache.catalina.core.ApplicationContext.log Manager: restart: Reloading web application '/MyShop'
11-Dec-2018 21:58:22.804 INFO [http-nio-8081-exec-523] org.apache.catalina.core.ApplicationContext.log Manager: list: Listing contexts for virtual host 'localhost'
11-Dec-2018 21:58:22.814 INFO [http-nio-8081-exec-511] org.apache.catalina.core.ApplicationContext.log Manager: restart: Reloading web application '/MyShop'
11-Dec-2018 21:58:34.270 INFO [http-nio-8081-exec-523] org.apache.catalina.core.ApplicationContext.log Manager: list: Listing contexts for virtual host 'localhost'
11-Dec-2018 21:58:34.283 INFO [http-nio-8081-exec-522] org.apache.catalina.core.ApplicationContext.log Manager: restart: Reloading web application '/MyShop'
11-Dec-2018 21:58:41.272 INFO [http-nio-8081-exec-525] org.apache.catalina.core.ApplicationContext.log Manager: list: Listing contexts for virtual host 'localhost'
11-Dec-2018 21:58:41.286 INFO [http-nio-8081-exec-513] org.apache.catalina.core.ApplicationContext.log Manager: restart: Reloading web application '/MyShop'
11-Dec-2018 21:58:48.535 INFO [http-nio-8081-exec-527] org.apache.catalina.core.ApplicationContext.log Manager: list: Listing contexts for virtual host 'localhost'
11-Dec-2018 21:58:48.549 INFO [http-nio-8081-exec-520] org.apache.catalina.core.ApplicationContext.log Manager: restart: Reloading web application '/MyShop'
11-Dec-2018 21:58:56.330 INFO [http-nio-8081-exec-523] org.apache.catalina.core.ApplicationContext.log Manager: list: Listing contexts for virtual host 'localhost'
11-Dec-2018 21:58:56.351 INFO [http-nio-8081-exec-510] org.apache.catalina.core.ApplicationContext.log Manager: restart: Reloading web application '/MyShop'
11-Dec-2018 21:59:07.993 INFO [http-nio-8081-exec-531] org.apache.catalina.core.ApplicationContext.log Manager: list: Listing contexts for virtual host 'localhost'
11-Dec-2018 21:59:08.018 INFO [http-nio-8081-exec-523] org.apache.catalina.core.ApplicationContext.log Manager: restart: Reloading web application '/MyShop'
11-Dec-2018 21:59:28.928 INFO [http-nio-8081-exec-532] org.apache.catalina.core.ApplicationContext.log Manager: list: Listing contexts for virtual host 'localhost'
11-Dec-2018 21:59:28.941 INFO [http-nio-8081-exec-528] org.apache.catalina.core.ApplicationContext.log Manager: restart: Reloading web application '/MyShop'
11-Dec-2018 21:59:37.409 INFO [http-nio-8081-exec-526] org.apache.catalina.core.ApplicationContext.log Manager: list: Listing contexts for virtual host 'localhost'
11-Dec-2018 21:59:37.419 INFO [http-nio-8081-exec-518] org.apache.catalina.core.ApplicationContext.log Manager: restart: Reloading web application '/MyShop'
11-Dec-2018 21:59:46.945 INFO [http-nio-8081-exec-527] org.apache.catalina.core.ApplicationContext.log Manager: list: Listing contexts for virtual host 'localhost'
11-Dec-2018 21:59:46.971 INFO [http-nio-8081-exec-532] org.apache.catalina.core.ApplicationContext.log Manager: restart: Reloading web application '/MyShop'
11-Dec-2018 22:01:14.987 INFO [http-nio-8081-exec-533] org.apache.catalina.core.ApplicationContext.log Manager: list: Listing contexts for virtual host 'localhost'
11-Dec-2018 22:01:15.023 INFO [http-nio-8081-exec-542] org.apache.catalina.core.ApplicationContext.log Manager: restart: Reloading web application '/MyShop'
11-Dec-2018 22:01:24.012 INFO [http-nio-8081-exec-544] org.apache.catalina.core.ApplicationContext.log Manager: list: Listing contexts for virtual host 'localhost'
11-Dec-2018 22:01:24.023 INFO [http-nio-8081-exec-536] org.apache.catalina.core.ApplicationContext.log Manager: restart: Reloading web application '/MyShop'
11-Dec-2018 22:03:46.309 INFO [http-nio-8081-exec-545] org.apache.catalina.core.ApplicationContext.log Manager: list: Listing contexts for virtual host 'localhost'
11-Dec-2018 22:03:46.334 INFO [http-nio-8081-exec-546] org.apache.catalina.core.ApplicationContext.log Manager: restart: Reloading web application '/MyShop'
11-Dec-2018 22:04:26.144 INFO [http-nio-8081-exec-547] org.apache.catalina.core.ApplicationContext.log Manager: list: Listing contexts for virtual host 'localhost'
11-Dec-2018 22:04:26.158 INFO [http-nio-8081-exec-550] org.apache.catalina.core.ApplicationContext.log Manager: restart: Reloading web application '/'
11-Dec-2018 22:04:35.967 INFO [http-nio-8081-exec-552] org.apache.catalina.core.ApplicationContext.log Manager: list: Listing contexts for virtual host 'localhost'
11-Dec-2018 22:04:35.977 INFO [http-nio-8081-exec-549] org.apache.catalina.core.ApplicationContext.log Manager: restart: Reloading web application '/MyShop'
11-Dec-2018 22:04:41.767 INFO [http-nio-8081-exec-548] org.apache.catalina.core.ApplicationContext.log Manager: list: Listing contexts for virtual host 'localhost'
11-Dec-2018 22:04:41.804 INFO [http-nio-8081-exec-551] org.apache.catalina.core.ApplicationContext.log Manager: restart: Reloading web application '/'
11-Dec-2018 22:04:56.031 INFO [http-nio-8081-exec-547] org.apache.catalina.core.ApplicationContext.log Manager: list: Listing contexts for virtual host 'localhost'
11-Dec-2018 22:04:56.049 INFO [http-nio-8081-exec-533] org.apache.catalina.core.ApplicationContext.log Manager: restart: Reloading web application '/MyShop'
11-Dec-2018 22:05:05.590 INFO [http-nio-8081-exec-547] org.apache.catalina.core.ApplicationContext.log Manager: list: Listing contexts for virtual host 'localhost'
11-Dec-2018 22:05:05.616 INFO [http-nio-8081-exec-540] org.apache.catalina.core.ApplicationContext.log Manager: restart: Reloading web application '/MyShop'
11-Dec-2018 22:05:11.708 INFO [http-nio-8081-exec-557] org.apache.catalina.core.ApplicationContext.log Manager: list: Listing contexts for virtual host 'localhost'
11-Dec-2018 22:05:11.720 INFO [http-nio-8081-exec-553] org.apache.catalina.core.ApplicationContext.log Manager: restart: Reloading web application '/MyShop'
11-Dec-2018 22:05:30.525 INFO [http-nio-8081-exec-552] org.apache.catalina.core.ApplicationContext.log Manager: list: Listing contexts for virtual host 'localhost'
11-Dec-2018 22:05:35.717 INFO [http-nio-8081-exec-557] org.apache.catalina.core.ApplicationContext.log Manager: list: Listing contexts for virtual host 'localhost'
11-Dec-2018 22:05:35.769 INFO [http-nio-8081-exec-559] org.apache.catalina.core.ApplicationContext.log Manager: restart: Reloading web application '/'
11-Dec-2018 22:05:43.139 INFO [http-nio-8081-exec-562] org.apache.catalina.core.ApplicationContext.log Manager: list: Listing contexts for virtual host 'localhost'
11-Dec-2018 22:05:43.207 INFO [http-nio-8081-exec-563] org.apache.catalina.core.ApplicationContext.log Manager: restart: Reloading web application '/'
11-Dec-2018 22:05:55.649 INFO [739] org.apache.catalina.core.ApplicationContext.log Manager: list: Listing contexts for virtual host 'localhost'
11-Dec-2018 22:05:55.740 INFO [http-nio-8081-exec-552] org.apache.catalina.core.ApplicationContext.log Manager: restart: Reloading web application '/'
11-Dec-2018 22:06:03.938 INFO [http-nio-8081-exec-570] org.apache.catalina.core.ApplicationContext.log Manager: list: Listing contexts for virtual host 'localhost'
11-Dec-2018 22:06:03.963 INFO [http-nio-8081-exec-571] org.apache.catalina.core.ApplicationContext.log Manager: restart: Reloading web application '/'
11-Dec-2018 22:06:25.077 INFO [http-nio-8081-exec-574] org.apache.catalina.core.ApplicationContext.log Manager: list: Listing contexts for virtual host 'localhost'
11-Dec-2018 22:06:25.131 INFO [http-nio-8081-exec-575] org.apache.catalina.core.ApplicationContext.log Manager: restart: Reloading web application '/'
11-Dec-2018 22:06:50.217 INFO [http-nio-8081-exec-576] org.apache.catalina.core.ApplicationContext.log Manager: list: Listing contexts for virtual host 'localhost'
11-Dec-2018 22:06:50.228 INFO [http-nio-8081-exec-568] org.apache.catalina.core.ApplicationContext.log Manager: restart: Reloading web application '/'
11-Dec-2018 22:07:40.522 INFO [http-nio-8081-exec-578] org.apache.catalina.core.ApplicationContext.log Manager: list: Listing contexts for virtual host 'localhost'
11-Dec-2018 22:07:40.531 INFO [http-nio-8081-exec-562] org.apache.catalina.core.ApplicationContext.log Manager: restart: Reloading web application '/'
11-Dec-2018 22:07:45.866 INFO [http-nio-8081-exec-579] org.apache.catalina.core.ApplicationContext.log Manager: list: Listing contexts for virtual host 'localhost'
11-Dec-2018 22:07:45.879 INFO [http-nio-8081-exec-567] org.apache.catalina.core.ApplicationContext.log Manager: restart: Reloading web application '/'
11-Dec-2018 22:07:51.155 INFO [http-nio-8081-exec-581] org.apache.catalina.core.ApplicationContext.log Manager: list: Listing contexts for virtual host 'localhost'
11-Dec-2018 22:07:51.185 INFO [http-nio-8081-exec-573] org.apache.catalina.core.ApplicationContext.log Manager: restart: Reloading web application '/'
11-Dec-2018 22:07:59.063 INFO [http-nio-8081-exec-564] org.apache.catalina.core.ApplicationContext.log Manager: list: Listing contexts for virtual host 'localhost'
11-Dec-2018 22:07:59.088 INFO [http-nio-8081-exec-539] org.apache.catalina.core.ApplicationContext.log Manager: restart: Reloading web application '/'
11-Dec-2018 22:08:04.818 INFO [http-nio-8081-exec-584] org.apache.catalina.core.ApplicationContext.log Manager: list: Listing contexts for virtual host 'localhost'
11-Dec-2018 22:08:04.864 INFO [http-nio-8081-exec-580] org.apache.catalina.core.ApplicationContext.log Manager: restart: Reloading web application '/'
11-Dec-2018 22:08:11.678 INFO [http-nio-8081-exec-583] org.apache.catalina.core.ApplicationContext.log Manager: list: Listing contexts for virtual host 'localhost'
11-Dec-2018 22:08:11.695 INFO [http-nio-8081-exec-585] org.apache.catalina.core.ApplicationContext.log Manager: restart: Reloading web application '/'
11-Dec-2018 22:08:20.889 INFO [http-nio-8081-exec-583] org.apache.catalina.core.ApplicationContext.log Manager: list: Listing contexts for virtual host 'localhost'
11-Dec-2018 22:08:20.903 INFO [http-nio-8081-exec-582] org.apache.catalina.core.ApplicationContext.log Manager: restart: Reloading web application '/'
11-Dec-2018 22:09:07.408 INFO [http-nio-8081-exec-590] org.apache.catalina.core.ApplicationContext.log Manager: list: Listing contexts for virtual host 'localhost'
11-Dec-2018 22:09:07.420 INFO [http-nio-8081-exec-587] org.apache.catalina.core.ApplicationContext.log Manager: restart: Reloading web application '/'
11-Dec-2018 22:09:23.356 INFO [http-nio-8081-exec-577] org.apache.catalina.core.ApplicationContext.log Manager: list: Listing contexts for virtual host 'localhost'
11-Dec-2018 22:09:23.373 INFO [http-nio-8081-exec-591] org.apache.catalina.core.ApplicationContext.log Manager: restart: Reloading web application '/'
11-Dec-2018 22:09:31.658 INFO [http-nio-8081-exec-590] org.apache.catalina.core.ApplicationContext.log Manager: list: Listing contexts for virtual host 'localhost'
11-Dec-2018 22:09:31.670 INFO [http-nio-8081-exec-577] org.apache.catalina.core.ApplicationContext.log Manager: restart: Reloading web application '/'
11-Dec-2018 22:09:37.898 INFO [http-nio-8081-exec-574] org.apache.catalina.core.ApplicationContext.log Manager: list: Listing contexts for virtual host 'localhost'
11-Dec-2018 22:09:37.915 INFO [http-nio-8081-exec-586] org.apache.catalina.core.ApplicationContext.log Manager: restart: Reloading web application '/'
11-Dec-2018 22:09:43.668 INFO [http-nio-8081-exec-596] org.apache.catalina.core.ApplicationContext.log Manager: list: Listing contexts for virtual host 'localhost'
11-Dec-2018 22:09:43.679 INFO [http-nio-8081-exec-584] org.apache.catalina.core.ApplicationContext.log Manager: restart: Reloading web application '/'
11-Dec-2018 22:09:49.829 INFO [http-nio-8081-exec-597] org.apache.catalina.core.ApplicationContext.log Manager: list: Listing contexts for virtual host 'localhost'
11-Dec-2018 22:09:49.839 INFO [http-nio-8081-exec-595] org.apache.catalina.core.ApplicationContext.log Manager: restart: Reloading web application '/'
11-Dec-2018 22:10:13.202 INFO [http-nio-8081-exec-590] org.apache.catalina.core.ApplicationContext.log Manager: list: Listing contexts for virtual host 'localhost'
11-Dec-2018 22:10:13.212 INFO [http-nio-8081-exec-598] org.apache.catalina.core.ApplicationContext.log Manager: restart: Reloading web application '/'
11-Dec-2018 22:10:28.295 INFO [http-nio-8081-exec-590] org.apache.catalina.core.ApplicationContext.log Manager: list: Listing contexts for virtual host 'localhost'
11-Dec-2018 22:10:28.304 INFO [http-nio-8081-exec-574] org.apache.catalina.core.ApplicationContext.log Manager: restart: Reloading web application '/'
11-Dec-2018 22:10:34.258 INFO [http-nio-8081-exec-599] org.apache.catalina.core.ApplicationContext.log Manager: list: Listing contexts for virtual host 'localhost'
11-Dec-2018 22:10:34.353 INFO [http-nio-8081-exec-600] org.apache.catalina.core.ApplicationContext.log Manager: restart: Reloading web application '/'
11-Dec-2018 22:10:43.905 INFO [http-nio-8081-exec-603] org.apache.catalina.core.ApplicationContext.log Manager: list: Listing contexts for virtual host 'localhost'
11-Dec-2018 22:10:43.919 INFO [http-nio-8081-exec-599] org.apache.catalina.core.ApplicationContext.log Manager: restart: Reloading web application '/'
11-Dec-2018 22:10:53.109 INFO [http-nio-8081-exec-602] org.apache.catalina.core.ApplicationContext.log Manager: list: Listing contexts for virtual host 'localhost'
11-Dec-2018 22:10:53.159 INFO [http-nio-8081-exec-590] org.apache.catalina.core.ApplicationContext.log Manager: restart: Reloading web application '/'
11-Dec-2018 22:11:00.626 INFO [http-nio-8081-exec-607] org.apache.catalina.core.ApplicationContext.log Manager: list: Listing contexts for virtual host 'localhost'
11-Dec-2018 22:11:00.642 INFO [http-nio-8081-exec-605] org.apache.catalina.core.ApplicationContext.log Manager: restart: Reloading web application '/'
11-Dec-2018 22:11:06.863 INFO [http-nio-8081-exec-592] org.apache.catalina.core.ApplicationContext.log Manager: list: Listing contexts for virtual host 'localhost'
11-Dec-2018 22:11:06.873 INFO [http-nio-8081-exec-604] org.apache.catalina.core.ApplicationContext.log Manager: restart: Reloading web application '/'
11-Dec-2018 22:11:32.239 INFO [http-nio-8081-exec-601] org.apache.catalina.core.ApplicationContext.log Manager: list: Listing contexts for virtual host 'localhost'
11-Dec-2018 22:11:32.249 INFO [http-nio-8081-exec-602] org.apache.catalina.core.ApplicationContext.log Manager: restart: Reloading web application '/'
11-Dec-2018 22:12:08.830 INFO [http-nio-8081-exec-608] org.apache.catalina.core.ApplicationContext.log Manager: list: Listing contexts for virtual host 'localhost'
11-Dec-2018 22:12:08.862 INFO [http-nio-8081-exec-610] org.apache.catalina.core.ApplicationContext.log Manager: restart: Reloading web application '/'
