28-Nov-2018 11:47:52.439 INFO [http-nio-8081-exec-3] org.apache.catalina.core.ApplicationContext.log Manager: init: Associated with Deployer 'Catalina:type=Deployer,host=localhost'
28-Nov-2018 11:47:52.440 INFO [http-nio-8081-exec-3] org.apache.catalina.core.ApplicationContext.log Manager: init: Global resources are available
28-Nov-2018 11:47:54.341 INFO [http-nio-8081-exec-2] org.apache.catalina.core.ApplicationContext.log Manager: list: Listing contexts for virtual host 'localhost'
28-Nov-2018 11:47:54.390 INFO [http-nio-8081-exec-1] org.apache.catalina.core.ApplicationContext.log Manager: list: Listing contexts for virtual host 'localhost'
28-Nov-2018 11:47:54.456 INFO [http-nio-8081-exec-8] org.apache.catalina.core.ApplicationContext.log Manager: install: Installing context configuration at 'file:/C:/Users/ADMINI~1/AppData/Local/Temp/context5456059407830473780.xml'
28-Nov-2018 11:47:58.879 INFO [http-nio-8081-exec-4] org.apache.catalina.core.ApplicationContext.log Manager: start: Starting web application '/shophouse'
28-Nov-2018 11:49:57.243 INFO [http-nio-8081-exec-3] org.apache.catalina.core.ApplicationContext.log Manager: list: Listing contexts for virtual host 'localhost'
28-Nov-2018 11:49:57.445 INFO [http-nio-8081-exec-2] org.apache.catalina.core.ApplicationContext.log Manager: stop: Stopping web application '/shophouse'
28-Nov-2018 11:49:58.022 INFO [http-nio-8081-exec-12] org.apache.catalina.core.ApplicationContext.log Manager: start: Starting web application '/shophouse'
28-Nov-2018 11:50:44.292 INFO [http-nio-8081-exec-11] org.apache.catalina.core.ApplicationContext.log Manager: list: Listing contexts for virtual host 'localhost'
28-Nov-2018 11:50:44.320 INFO [http-nio-8081-exec-3] org.apache.catalina.core.ApplicationContext.log Manager: restart: Reloading web application '/shophouse'
28-Nov-2018 11:50:49.118 INFO [http-nio-8081-exec-13] org.apache.catalina.core.ApplicationContext.log Manager: list: Listing contexts for virtual host 'localhost'
28-Nov-2018 11:50:49.132 INFO [http-nio-8081-exec-11] org.apache.catalina.core.ApplicationContext.log Manager: restart: Reloading web application '/shophouse'
28-Nov-2018 11:50:53.856 INFO [http-nio-8081-exec-14] org.apache.catalina.core.ApplicationContext.log Manager: list: Listing contexts for virtual host 'localhost'
28-Nov-2018 11:50:53.883 INFO [http-nio-8081-exec-4] org.apache.catalina.core.ApplicationContext.log Manager: restart: Reloading web application '/shophouse'
28-Nov-2018 11:51:02.141 INFO [http-nio-8081-exec-8] org.apache.catalina.core.ApplicationContext.log Manager: list: Listing contexts for virtual host 'localhost'
28-Nov-2018 11:51:02.172 INFO [http-nio-8081-exec-6] org.apache.catalina.core.ApplicationContext.log Manager: restart: Reloading web application '/shophouse'
28-Nov-2018 11:51:16.438 INFO [http-nio-8081-exec-13] org.apache.catalina.core.ApplicationContext.log Manager: list: Listing contexts for virtual host 'localhost'
28-Nov-2018 11:51:16.464 INFO [http-nio-8081-exec-17] org.apache.catalina.core.ApplicationContext.log Manager: restart: Reloading web application '/shophouse'
28-Nov-2018 11:51:24.243 INFO [http-nio-8081-exec-1] org.apache.catalina.core.ApplicationContext.log Manager: list: Listing contexts for virtual host 'localhost'
28-Nov-2018 11:51:24.268 INFO [http-nio-8081-exec-19] org.apache.catalina.core.ApplicationContext.log Manager: restart: Reloading web application '/shophouse'
28-Nov-2018 11:51:37.700 INFO [http-nio-8081-exec-20] org.apache.catalina.core.ApplicationContext.log Manager: list: Listing contexts for virtual host 'localhost'
28-Nov-2018 11:51:37.732 INFO [http-nio-8081-exec-18] org.apache.catalina.core.ApplicationContext.log Manager: restart: Reloading web application '/shophouse'
28-Nov-2018 11:54:00.633 INFO [http-nio-8081-exec-24] org.apache.catalina.core.ApplicationContext.log Manager: list: Listing contexts for virtual host 'localhost'
28-Nov-2018 11:54:00.645 INFO [http-nio-8081-exec-25] org.apache.catalina.core.ApplicationContext.log Manager: restart: Reloading web application '/shophouse'
28-Nov-2018 11:54:11.757 INFO [http-nio-8081-exec-13] org.apache.catalina.core.ApplicationContext.log Manager: list: Listing contexts for virtual host 'localhost'
28-Nov-2018 11:54:11.785 INFO [http-nio-8081-exec-27] org.apache.catalina.core.ApplicationContext.log Manager: restart: Reloading web application '/shophouse'
28-Nov-2018 11:54:25.937 INFO [http-nio-8081-exec-30] org.apache.catalina.core.ApplicationContext.log Manager: list: Listing contexts for virtual host 'localhost'
28-Nov-2018 11:55:09.979 INFO [http-nio-8081-exec-31] org.apache.catalina.core.ApplicationContext.log Manager: list: Listing contexts for virtual host 'localhost'
28-Nov-2018 11:55:09.985 INFO [http-nio-8081-exec-13] org.apache.catalina.core.ApplicationContext.log Manager: list: Listing contexts for virtual host 'localhost'
28-Nov-2018 11:55:10.029 INFO [http-nio-8081-exec-33] org.apache.catalina.core.ApplicationContext.log Manager: stop: Stopping web application '/shophouse'
28-Nov-2018 11:55:10.096 INFO [http-nio-8081-exec-31] org.apache.catalina.core.ApplicationContext.log Manager: start: Starting web application '/shophouse'
28-Nov-2018 11:55:31.164 INFO [http-nio-8081-exec-35] org.apache.catalina.core.ApplicationContext.log Manager: list: Listing contexts for virtual host 'localhost'
28-Nov-2018 11:55:31.188 INFO [http-nio-8081-exec-36] org.apache.catalina.core.ApplicationContext.log Manager: restart: Reloading web application '/shophouse'
28-Nov-2018 11:55:45.848 INFO [72] org.apache.catalina.core.ApplicationContext.log Manager: list: Listing contexts for virtual host 'localhost'
28-Nov-2018 11:55:45.858 INFO [http-nio-8081-exec-29] org.apache.catalina.core.ApplicationContext.log Manager: list: Listing contexts for virtual host 'localhost'
28-Nov-2018 11:55:45.909 INFO [http-nio-8081-exec-35] org.apache.catalina.core.ApplicationContext.log Manager: restart: Reloading web application '/shophouse'
28-Nov-2018 11:57:15.709 INFO [http-nio-8081-exec-48] org.apache.catalina.core.ApplicationContext.log Manager: list: Listing contexts for virtual host 'localhost'
28-Nov-2018 11:57:15.734 INFO [http-nio-8081-exec-47] org.apache.catalina.core.ApplicationContext.log Manager: stop: Stopping web application '/shophouse'
28-Nov-2018 11:57:15.824 INFO [http-nio-8081-exec-50] org.apache.catalina.core.ApplicationContext.log Manager: start: Starting web application '/shophouse'
28-Nov-2018 11:57:20.898 INFO [http-nio-8081-exec-51] org.apache.catalina.core.ApplicationContext.log Manager: list: Listing contexts for virtual host 'localhost'
28-Nov-2018 11:57:20.915 INFO [http-nio-8081-exec-40] org.apache.catalina.core.ApplicationContext.log Manager: stop: Stopping web application '/shophouse'
28-Nov-2018 11:57:20.991 INFO [http-nio-8081-exec-44] org.apache.catalina.core.ApplicationContext.log Manager: start: Starting web application '/shophouse'
28-Nov-2018 11:58:41.826 INFO [http-nio-8081-exec-49] org.apache.catalina.core.ApplicationContext.log Manager: list: Listing contexts for virtual host 'localhost'
28-Nov-2018 11:58:41.831 INFO [http-nio-8081-exec-58] org.apache.catalina.core.ApplicationContext.log Manager: list: Listing contexts for virtual host 'localhost'
28-Nov-2018 11:58:41.878 INFO [http-nio-8081-exec-46] org.apache.catalina.core.ApplicationContext.log Manager: stop: Stopping web application '/shophouse'
28-Nov-2018 11:58:41.941 INFO [http-nio-8081-exec-59] org.apache.catalina.core.ApplicationContext.log Manager: start: Starting web application '/shophouse'
28-Nov-2018 11:59:50.835 INFO [http-nio-8081-exec-63] org.apache.catalina.core.ApplicationContext.log Manager: list: Listing contexts for virtual host 'localhost'
28-Nov-2018 11:59:50.848 INFO [http-nio-8081-exec-67] org.apache.catalina.core.ApplicationContext.log Manager: stop: Stopping web application '/shophouse'
28-Nov-2018 11:59:50.918 INFO [http-nio-8081-exec-63] org.apache.catalina.core.ApplicationContext.log Manager: start: Starting web application '/shophouse'
28-Nov-2018 12:00:25.571 INFO [http-nio-8081-exec-69] org.apache.catalina.core.ApplicationContext.log Manager: list: Listing contexts for virtual host 'localhost'
28-Nov-2018 12:00:25.586 INFO [http-nio-8081-exec-65] org.apache.catalina.core.ApplicationContext.log Manager: stop: Stopping web application '/shophouse'
28-Nov-2018 12:00:25.659 INFO [http-nio-8081-exec-68] org.apache.catalina.core.ApplicationContext.log Manager: start: Starting web application '/shophouse'
28-Nov-2018 14:13:43.672 INFO [http-nio-8081-exec-72] org.apache.catalina.core.ApplicationContext.log Manager: list: Listing contexts for virtual host 'localhost'
28-Nov-2018 14:13:43.703 INFO [http-nio-8081-exec-69] org.apache.catalina.core.ApplicationContext.log Manager: restart: Reloading web application '/shophouse'
28-Nov-2018 14:14:03.242 INFO [http-nio-8081-exec-74] org.apache.catalina.core.ApplicationContext.log Manager: list: Listing contexts for virtual host 'localhost'
28-Nov-2018 14:14:03.256 INFO [http-nio-8081-exec-56] org.apache.catalina.core.ApplicationContext.log Manager: restart: Reloading web application '/shophouse'
28-Nov-2018 14:14:14.933 INFO [http-nio-8081-exec-74] org.apache.catalina.core.ApplicationContext.log Manager: list: Listing contexts for virtual host 'localhost'
28-Nov-2018 14:14:14.947 INFO [http-nio-8081-exec-58] org.apache.catalina.core.ApplicationContext.log Manager: restart: Reloading web application '/shophouse'
28-Nov-2018 14:14:29.041 INFO [http-nio-8081-exec-75] org.apache.catalina.core.ApplicationContext.log Manager: list: Listing contexts for virtual host 'localhost'
28-Nov-2018 14:14:29.047 INFO [http-nio-8081-exec-72] org.apache.catalina.core.ApplicationContext.log Manager: list: Listing contexts for virtual host 'localhost'
28-Nov-2018 14:14:29.111 INFO [http-nio-8081-exec-82] org.apache.catalina.core.ApplicationContext.log Manager: stop: Stopping web application '/shophouse'
28-Nov-2018 14:14:29.182 INFO [http-nio-8081-exec-72] org.apache.catalina.core.ApplicationContext.log Manager: start: Starting web application '/shophouse'
28-Nov-2018 14:15:53.704 INFO [http-nio-8081-exec-86] org.apache.catalina.core.ApplicationContext.log Manager: list: Listing contexts for virtual host 'localhost'
28-Nov-2018 14:15:53.731 INFO [http-nio-8081-exec-81] org.apache.catalina.core.ApplicationContext.log Manager: restart: Reloading web application '/shophouse'
28-Nov-2018 14:15:59.191 INFO [http-nio-8081-exec-90] org.apache.catalina.core.ApplicationContext.log Manager: list: Listing contexts for virtual host 'localhost'
28-Nov-2018 14:15:59.209 INFO [http-nio-8081-exec-71] org.apache.catalina.core.ApplicationContext.log Manager: restart: Reloading web application '/shophouse'
28-Nov-2018 14:16:04.338 INFO [http-nio-8081-exec-92] org.apache.catalina.core.ApplicationContext.log Manager: list: Listing contexts for virtual host 'localhost'
28-Nov-2018 14:16:04.350 INFO [http-nio-8081-exec-91] org.apache.catalina.core.ApplicationContext.log Manager: restart: Reloading web application '/shophouse'
28-Nov-2018 14:16:18.615 INFO [http-nio-8081-exec-96] org.apache.catalina.core.ApplicationContext.log Manager: list: Listing contexts for virtual host 'localhost'
28-Nov-2018 14:16:18.627 INFO [http-nio-8081-exec-94] org.apache.catalina.core.ApplicationContext.log Manager: restart: Reloading web application '/shophouse'
28-Nov-2018 14:16:52.312 INFO [http-nio-8081-exec-88] org.apache.catalina.core.ApplicationContext.log Manager: list: Listing contexts for virtual host 'localhost'
28-Nov-2018 14:16:52.328 INFO [http-nio-8081-exec-85] org.apache.catalina.core.ApplicationContext.log Manager: restart: Reloading web application '/shophouse'
28-Nov-2018 14:17:10.763 INFO [http-nio-8081-exec-100] org.apache.catalina.core.ApplicationContext.log Manager: list: Listing contexts for virtual host 'localhost'
28-Nov-2018 14:17:10.776 INFO [http-nio-8081-exec-97] org.apache.catalina.core.ApplicationContext.log Manager: restart: Reloading web application '/shophouse'
28-Nov-2018 14:26:53.369 INFO [http-nio-8081-exec-101] org.apache.catalina.core.ApplicationContext.log Manager: list: Listing contexts for virtual host 'localhost'
28-Nov-2018 14:26:53.446 INFO [http-nio-8081-exec-102] org.apache.catalina.core.ApplicationContext.log Manager: restart: Reloading web application '/shophouse'
28-Nov-2018 14:27:11.612 INFO [http-nio-8081-exec-109] org.apache.catalina.core.ApplicationContext.log Manager: list: Listing contexts for virtual host 'localhost'
28-Nov-2018 14:27:11.622 INFO [http-nio-8081-exec-107] org.apache.catalina.core.ApplicationContext.log Manager: restart: Reloading web application '/shophouse'
28-Nov-2018 14:27:31.513 INFO [http-nio-8081-exec-103] org.apache.catalina.core.ApplicationContext.log Manager: list: Listing contexts for virtual host 'localhost'
28-Nov-2018 14:27:31.535 INFO [http-nio-8081-exec-101] org.apache.catalina.core.ApplicationContext.log Manager: restart: Reloading web application '/shophouse'
28-Nov-2018 14:27:44.311 INFO [http-nio-8081-exec-109] org.apache.catalina.core.ApplicationContext.log Manager: list: Listing contexts for virtual host 'localhost'
28-Nov-2018 14:27:44.339 INFO [http-nio-8081-exec-116] org.apache.catalina.core.ApplicationContext.log Manager: restart: Reloading web application '/shophouse'
28-Nov-2018 14:28:24.096 INFO [http-nio-8081-exec-104] org.apache.catalina.core.ApplicationContext.log Manager: list: Listing contexts for virtual host 'localhost'
28-Nov-2018 14:28:24.112 INFO [http-nio-8081-exec-103] org.apache.catalina.core.ApplicationContext.log Manager: restart: Reloading web application '/shophouse'
28-Nov-2018 14:28:46.144 INFO [http-nio-8081-exec-120] org.apache.catalina.core.ApplicationContext.log Manager: list: Listing contexts for virtual host 'localhost'
28-Nov-2018 14:28:46.157 INFO [http-nio-8081-exec-113] org.apache.catalina.core.ApplicationContext.log Manager: restart: Reloading web application '/shophouse'
28-Nov-2018 14:28:50.904 INFO [http-nio-8081-exec-117] org.apache.catalina.core.ApplicationContext.log Manager: list: Listing contexts for virtual host 'localhost'
28-Nov-2018 14:28:50.920 INFO [http-nio-8081-exec-104] org.apache.catalina.core.ApplicationContext.log Manager: restart: Reloading web application '/shophouse'
28-Nov-2018 14:29:44.690 INFO [http-nio-8081-exec-120] org.apache.catalina.core.ApplicationContext.log Manager: list: Listing contexts for virtual host 'localhost'
28-Nov-2018 14:29:44.704 INFO [http-nio-8081-exec-118] org.apache.catalina.core.ApplicationContext.log Manager: restart: Reloading web application '/shophouse'
28-Nov-2018 14:29:50.047 INFO [http-nio-8081-exec-119] org.apache.catalina.core.ApplicationContext.log Manager: list: Listing contexts for virtual host 'localhost'
28-Nov-2018 14:29:50.068 INFO [http-nio-8081-exec-123] org.apache.catalina.core.ApplicationContext.log Manager: restart: Reloading web application '/shophouse'
28-Nov-2018 14:32:44.027 INFO [http-nio-8081-exec-126] org.apache.catalina.core.ApplicationContext.log Manager: list: Listing contexts for virtual host 'localhost'
28-Nov-2018 14:32:44.049 INFO [http-nio-8081-exec-127] org.apache.catalina.core.ApplicationContext.log Manager: restart: Reloading web application '/shophouse'
28-Nov-2018 14:32:49.684 INFO [http-nio-8081-exec-122] org.apache.catalina.core.ApplicationContext.log Manager: list: Listing contexts for virtual host 'localhost'
28-Nov-2018 14:32:49.703 INFO [http-nio-8081-exec-105] org.apache.catalina.core.ApplicationContext.log Manager: restart: Reloading web application '/shophouse'
28-Nov-2018 14:33:38.333 INFO [http-nio-8081-exec-122] org.apache.catalina.core.ApplicationContext.log Manager: list: Listing contexts for virtual host 'localhost'
28-Nov-2018 14:33:38.362 INFO [http-nio-8081-exec-115] org.apache.catalina.core.ApplicationContext.log Manager: restart: Reloading web application '/shophouse'
28-Nov-2018 14:33:42.669 INFO [http-nio-8081-exec-130] org.apache.catalina.core.ApplicationContext.log Manager: list: Listing contexts for virtual host 'localhost'
28-Nov-2018 14:33:42.679 INFO [http-nio-8081-exec-126] org.apache.catalina.core.ApplicationContext.log Manager: restart: Reloading web application '/shophouse'
28-Nov-2018 14:34:01.618 INFO [http-nio-8081-exec-136] org.apache.catalina.core.ApplicationContext.log Manager: list: Listing contexts for virtual host 'localhost'
28-Nov-2018 14:34:01.649 INFO [http-nio-8081-exec-119] org.apache.catalina.core.ApplicationContext.log Manager: restart: Reloading web application '/shophouse'
28-Nov-2018 14:34:06.321 INFO [http-nio-8081-exec-133] org.apache.catalina.core.ApplicationContext.log Manager: list: Listing contexts for virtual host 'localhost'
28-Nov-2018 14:34:06.331 INFO [http-nio-8081-exec-132] org.apache.catalina.core.ApplicationContext.log Manager: restart: Reloading web application '/shophouse'
28-Nov-2018 14:34:09.911 INFO [http-nio-8081-exec-136] org.apache.catalina.core.ApplicationContext.log Manager: list: Listing contexts for virtual host 'localhost'
28-Nov-2018 14:34:09.932 INFO [http-nio-8081-exec-135] org.apache.catalina.core.ApplicationContext.log Manager: restart: Reloading web application '/shophouse'
28-Nov-2018 14:34:29.031 INFO [http-nio-8081-exec-138] org.apache.catalina.core.ApplicationContext.log Manager: list: Listing contexts for virtual host 'localhost'
28-Nov-2018 14:34:29.049 INFO [http-nio-8081-exec-134] org.apache.catalina.core.ApplicationContext.log Manager: restart: Reloading web application '/shophouse'
28-Nov-2018 14:34:43.372 INFO [http-nio-8081-exec-130] org.apache.catalina.core.ApplicationContext.log Manager: list: Listing contexts for virtual host 'localhost'
28-Nov-2018 14:34:43.387 INFO [http-nio-8081-exec-138] org.apache.catalina.core.ApplicationContext.log Manager: restart: Reloading web application '/shophouse'
28-Nov-2018 14:36:32.598 INFO [http-nio-8081-exec-146] org.apache.catalina.core.ApplicationContext.log Manager: list: Listing contexts for virtual host 'localhost'
28-Nov-2018 14:36:32.611 INFO [http-nio-8081-exec-129] org.apache.catalina.core.ApplicationContext.log Manager: restart: Reloading web application '/shophouse'
28-Nov-2018 14:36:55.761 INFO [http-nio-8081-exec-143] org.apache.catalina.core.ApplicationContext.log Manager: list: Listing contexts for virtual host 'localhost'
28-Nov-2018 14:36:55.773 INFO [http-nio-8081-exec-141] org.apache.catalina.core.ApplicationContext.log Manager: restart: Reloading web application '/shophouse'
28-Nov-2018 14:37:00.855 INFO [http-nio-8081-exec-139] org.apache.catalina.core.ApplicationContext.log Manager: list: Listing contexts for virtual host 'localhost'
28-Nov-2018 14:37:00.866 INFO [http-nio-8081-exec-145] org.apache.catalina.core.ApplicationContext.log Manager: restart: Reloading web application '/shophouse'
28-Nov-2018 14:37:05.618 INFO [http-nio-8081-exec-122] org.apache.catalina.core.ApplicationContext.log Manager: list: Listing contexts for virtual host 'localhost'
28-Nov-2018 14:37:05.629 INFO [http-nio-8081-exec-125] org.apache.catalina.core.ApplicationContext.log Manager: restart: Reloading web application '/shophouse'
28-Nov-2018 14:37:11.067 INFO [http-nio-8081-exec-122] org.apache.catalina.core.ApplicationContext.log Manager: list: Listing contexts for virtual host 'localhost'
28-Nov-2018 14:37:11.078 INFO [http-nio-8081-exec-147] org.apache.catalina.core.ApplicationContext.log Manager: restart: Reloading web application '/shophouse'
28-Nov-2018 14:37:36.342 INFO [http-nio-8081-exec-151] org.apache.catalina.core.ApplicationContext.log Manager: list: Listing contexts for virtual host 'localhost'
28-Nov-2018 14:37:36.359 INFO [http-nio-8081-exec-150] org.apache.catalina.core.ApplicationContext.log Manager: restart: Reloading web application '/shophouse'
28-Nov-2018 14:37:41.428 INFO [http-nio-8081-exec-151] org.apache.catalina.core.ApplicationContext.log Manager: list: Listing contexts for virtual host 'localhost'
28-Nov-2018 14:37:41.441 INFO [http-nio-8081-exec-137] org.apache.catalina.core.ApplicationContext.log Manager: restart: Reloading web application '/shophouse'
28-Nov-2018 14:38:58.491 INFO [http-nio-8081-exec-155] org.apache.catalina.core.ApplicationContext.log Manager: list: Listing contexts for virtual host 'localhost'
28-Nov-2018 14:38:58.505 INFO [http-nio-8081-exec-148] org.apache.catalina.core.ApplicationContext.log Manager: restart: Reloading web application '/shophouse'
28-Nov-2018 14:39:06.223 INFO [http-nio-8081-exec-155] org.apache.catalina.core.ApplicationContext.log Manager: list: Listing contexts for virtual host 'localhost'
28-Nov-2018 14:39:06.239 INFO [http-nio-8081-exec-144] org.apache.catalina.core.ApplicationContext.log Manager: restart: Reloading web application '/shophouse'
28-Nov-2018 14:39:17.189 INFO [http-nio-8081-exec-159] org.apache.catalina.core.ApplicationContext.log Manager: list: Listing contexts for virtual host 'localhost'
28-Nov-2018 14:39:17.231 INFO [http-nio-8081-exec-155] org.apache.catalina.core.ApplicationContext.log Manager: restart: Reloading web application '/shophouse'
28-Nov-2018 14:39:21.196 INFO [http-nio-8081-exec-151] org.apache.catalina.core.ApplicationContext.log Manager: list: Listing contexts for virtual host 'localhost'
28-Nov-2018 14:39:21.207 INFO [http-nio-8081-exec-152] org.apache.catalina.core.ApplicationContext.log Manager: restart: Reloading web application '/shophouse'
28-Nov-2018 14:39:25.322 INFO [http-nio-8081-exec-139] org.apache.catalina.core.ApplicationContext.log Manager: list: Listing contexts for virtual host 'localhost'
28-Nov-2018 14:39:25.331 INFO [http-nio-8081-exec-161] org.apache.catalina.core.ApplicationContext.log Manager: restart: Reloading web application '/shophouse'
28-Nov-2018 14:39:59.081 INFO [http-nio-8081-exec-159] org.apache.catalina.core.ApplicationContext.log Manager: list: Listing contexts for virtual host 'localhost'
28-Nov-2018 14:39:59.095 INFO [http-nio-8081-exec-162] org.apache.catalina.core.ApplicationContext.log Manager: restart: Reloading web application '/shophouse'
28-Nov-2018 14:44:17.299 INFO [http-nio-8081-exec-171] org.apache.catalina.core.ApplicationContext.log Manager: list: Listing contexts for virtual host 'localhost'
28-Nov-2018 14:44:17.344 INFO [http-nio-8081-exec-174] org.apache.catalina.core.ApplicationContext.log Manager: restart: Reloading web application '/shophouse'
28-Nov-2018 14:44:21.265 INFO [http-nio-8081-exec-169] org.apache.catalina.core.ApplicationContext.log Manager: list: Listing contexts for virtual host 'localhost'
28-Nov-2018 14:44:21.276 INFO [http-nio-8081-exec-157] org.apache.catalina.core.ApplicationContext.log Manager: restart: Reloading web application '/shophouse'
28-Nov-2018 14:44:26.165 INFO [http-nio-8081-exec-176] org.apache.catalina.core.ApplicationContext.log Manager: list: Listing contexts for virtual host 'localhost'
28-Nov-2018 14:44:26.186 INFO [http-nio-8081-exec-170] org.apache.catalina.core.ApplicationContext.log Manager: restart: Reloading web application '/shophouse'
28-Nov-2018 14:55:23.991 INFO [http-nio-8081-exec-179] org.apache.catalina.core.ApplicationContext.log Manager: list: Listing contexts for virtual host 'localhost'
28-Nov-2018 14:55:28.111 INFO [http-nio-8081-exec-184] org.apache.catalina.core.ApplicationContext.log Manager: list: Listing contexts for virtual host 'localhost'
28-Nov-2018 14:55:35.099 INFO [http-nio-8081-exec-183] org.apache.catalina.core.ApplicationContext.log Manager: list: Listing contexts for virtual host 'localhost'
28-Nov-2018 14:55:49.335 INFO [http-nio-8081-exec-180] org.apache.catalina.core.ApplicationContext.log Manager: list: Listing contexts for virtual host 'localhost'
28-Nov-2018 14:55:56.684 INFO [http-nio-8081-exec-187] org.apache.catalina.core.ApplicationContext.log Manager: list: Listing contexts for virtual host 'localhost'
28-Nov-2018 14:56:02.822 INFO [http-nio-8081-exec-183] org.apache.catalina.core.ApplicationContext.log Manager: list: Listing contexts for virtual host 'localhost'
28-Nov-2018 14:56:02.854 INFO [http-nio-8081-exec-182] org.apache.catalina.core.ApplicationContext.log Manager: restart: Reloading web application '/shophouse'
28-Nov-2018 14:56:14.544 INFO [http-nio-8081-exec-183] org.apache.catalina.core.ApplicationContext.log Manager: list: Listing contexts for virtual host 'localhost'
28-Nov-2018 14:56:14.556 INFO [http-nio-8081-exec-181] org.apache.catalina.core.ApplicationContext.log Manager: restart: Reloading web application '/shophouse'
28-Nov-2018 14:56:36.009 INFO [http-nio-8081-exec-191] org.apache.catalina.core.ApplicationContext.log Manager: list: Listing contexts for virtual host 'localhost'
28-Nov-2018 14:56:36.025 INFO [http-nio-8081-exec-183] org.apache.catalina.core.ApplicationContext.log Manager: restart: Reloading web application '/shophouse'
28-Nov-2018 14:56:40.364 INFO [http-nio-8081-exec-192] org.apache.catalina.core.ApplicationContext.log Manager: list: Listing contexts for virtual host 'localhost'
28-Nov-2018 14:56:40.389 INFO [http-nio-8081-exec-179] org.apache.catalina.core.ApplicationContext.log Manager: restart: Reloading web application '/shophouse'
28-Nov-2018 14:56:46.064 INFO [http-nio-8081-exec-186] org.apache.catalina.core.ApplicationContext.log Manager: list: Listing contexts for virtual host 'localhost'
28-Nov-2018 14:56:46.220 INFO [http-nio-8081-exec-192] org.apache.catalina.core.ApplicationContext.log Manager: restart: Reloading web application '/shophouse'
28-Nov-2018 14:56:50.578 INFO [http-nio-8081-exec-188] org.apache.catalina.core.ApplicationContext.log Manager: list: Listing contexts for virtual host 'localhost'
28-Nov-2018 14:56:50.633 INFO [http-nio-8081-exec-186] org.apache.catalina.core.ApplicationContext.log Manager: restart: Reloading web application '/shophouse'
28-Nov-2018 14:56:54.765 INFO [http-nio-8081-exec-191] org.apache.catalina.core.ApplicationContext.log Manager: list: Listing contexts for virtual host 'localhost'
28-Nov-2018 14:56:54.818 INFO [http-nio-8081-exec-193] org.apache.catalina.core.ApplicationContext.log Manager: restart: Reloading web application '/shophouse'
28-Nov-2018 14:56:59.470 INFO [http-nio-8081-exec-180] org.apache.catalina.core.ApplicationContext.log Manager: list: Listing contexts for virtual host 'localhost'
28-Nov-2018 14:56:59.487 INFO [http-nio-8081-exec-185] org.apache.catalina.core.ApplicationContext.log Manager: restart: Reloading web application '/shophouse'
28-Nov-2018 14:57:03.975 INFO [http-nio-8081-exec-180] org.apache.catalina.core.ApplicationContext.log Manager: list: Listing contexts for virtual host 'localhost'
28-Nov-2018 14:57:04.002 INFO [http-nio-8081-exec-195] org.apache.catalina.core.ApplicationContext.log Manager: restart: Reloading web application '/shophouse'
28-Nov-2018 14:57:20.765 INFO [http-nio-8081-exec-200] org.apache.catalina.core.ApplicationContext.log Manager: list: Listing contexts for virtual host 'localhost'
28-Nov-2018 14:57:20.789 INFO [http-nio-8081-exec-189] org.apache.catalina.core.ApplicationContext.log Manager: restart: Reloading web application '/shophouse'
28-Nov-2018 14:58:00.115 INFO [http-nio-8081-exec-190] org.apache.catalina.core.ApplicationContext.log Manager: list: Listing contexts for virtual host 'localhost'
28-Nov-2018 14:58:15.311 INFO [http-nio-8081-exec-203] org.apache.catalina.core.ApplicationContext.log Manager: list: Listing contexts for virtual host 'localhost'
28-Nov-2018 14:58:25.716 INFO [http-nio-8081-exec-196] org.apache.catalina.core.ApplicationContext.log Manager: list: Listing contexts for virtual host 'localhost'
28-Nov-2018 14:58:27.049 INFO [http-nio-8081-exec-203] org.apache.catalina.core.ApplicationContext.log Manager: list: Listing contexts for virtual host 'localhost'
28-Nov-2018 14:58:27.230 INFO [http-nio-8081-exec-204] org.apache.catalina.core.ApplicationContext.log Manager: stop: Stopping web application '/shophouse'
28-Nov-2018 14:58:27.290 INFO [http-nio-8081-exec-196] org.apache.catalina.core.ApplicationContext.log Manager: start: Starting web application '/shophouse'
28-Nov-2018 15:05:54.536 INFO [http-nio-8081-exec-207] org.apache.catalina.core.ApplicationContext.log Manager: list: Listing contexts for virtual host 'localhost'
28-Nov-2018 15:05:54.634 INFO [http-nio-8081-exec-208] org.apache.catalina.core.ApplicationContext.log Manager: restart: Reloading web application '/shophouse'
28-Nov-2018 15:06:05.645 INFO [http-nio-8081-exec-212] org.apache.catalina.core.ApplicationContext.log Manager: list: Listing contexts for virtual host 'localhost'
28-Nov-2018 15:06:05.660 INFO [http-nio-8081-exec-214] org.apache.catalina.core.ApplicationContext.log Manager: restart: Reloading web application '/shophouse'
28-Nov-2018 15:06:14.152 INFO [http-nio-8081-exec-218] org.apache.catalina.core.ApplicationContext.log Manager: list: Listing contexts for virtual host 'localhost'
28-Nov-2018 15:06:15.645 INFO [http-nio-8081-exec-213] org.apache.catalina.core.ApplicationContext.log Manager: list: Listing contexts for virtual host 'localhost'
28-Nov-2018 15:06:15.660 INFO [http-nio-8081-exec-206] org.apache.catalina.core.ApplicationContext.log Manager: restart: Reloading web application '/shophouse'
28-Nov-2018 15:49:34.085 INFO [http-nio-8081-exec-228] org.apache.catalina.core.ApplicationContext.log Manager: list: Listing contexts for virtual host 'localhost'
28-Nov-2018 15:49:34.097 INFO [http-nio-8081-exec-222] org.apache.catalina.core.ApplicationContext.log Manager: restart: Reloading web application '/shophouse'
28-Nov-2018 15:51:17.064 INFO [http-nio-8081-exec-231] org.apache.catalina.core.ApplicationContext.log Manager: list: Listing contexts for virtual host 'localhost'
28-Nov-2018 15:51:17.081 INFO [http-nio-8081-exec-220] org.apache.catalina.core.ApplicationContext.log Manager: restart: Reloading web application '/shophouse'
28-Nov-2018 15:52:03.937 INFO [http-nio-8081-exec-231] org.apache.catalina.core.ApplicationContext.log Manager: list: Listing contexts for virtual host 'localhost'
28-Nov-2018 15:52:03.949 INFO [http-nio-8081-exec-235] org.apache.catalina.core.ApplicationContext.log Manager: restart: Reloading web application '/shophouse'
28-Nov-2018 15:52:08.543 INFO [http-nio-8081-exec-224] org.apache.catalina.core.ApplicationContext.log Manager: list: Listing contexts for virtual host 'localhost'
28-Nov-2018 15:52:08.555 INFO [http-nio-8081-exec-229] org.apache.catalina.core.ApplicationContext.log Manager: restart: Reloading web application '/shophouse'
28-Nov-2018 15:52:26.355 INFO [http-nio-8081-exec-223] org.apache.catalina.core.ApplicationContext.log Manager: list: Listing contexts for virtual host 'localhost'
28-Nov-2018 15:52:26.365 INFO [http-nio-8081-exec-226] org.apache.catalina.core.ApplicationContext.log Manager: restart: Reloading web application '/shophouse'
28-Nov-2018 15:52:31.562 INFO [http-nio-8081-exec-224] org.apache.catalina.core.ApplicationContext.log Manager: list: Listing contexts for virtual host 'localhost'
28-Nov-2018 15:52:31.573 INFO [http-nio-8081-exec-237] org.apache.catalina.core.ApplicationContext.log Manager: restart: Reloading web application '/shophouse'
28-Nov-2018 15:52:36.382 INFO [http-nio-8081-exec-238] org.apache.catalina.core.ApplicationContext.log Manager: list: Listing contexts for virtual host 'localhost'
28-Nov-2018 15:52:36.392 INFO [http-nio-8081-exec-231] org.apache.catalina.core.ApplicationContext.log Manager: restart: Reloading web application '/shophouse'
28-Nov-2018 15:56:28.942 INFO [http-nio-8081-exec-234] org.apache.catalina.core.ApplicationContext.log Manager: list: Listing contexts for virtual host 'localhost'
28-Nov-2018 15:56:28.947 INFO [http-nio-8081-exec-240] org.apache.catalina.core.ApplicationContext.log Manager: list: Listing contexts for virtual host 'localhost'
28-Nov-2018 15:56:29.052 INFO [http-nio-8081-exec-247] org.apache.catalina.core.ApplicationContext.log Manager: stop: Stopping web application '/shophouse'
28-Nov-2018 15:56:29.131 INFO [http-nio-8081-exec-247] org.apache.catalina.core.ApplicationContext.log Manager: start: Starting web application '/shophouse'
28-Nov-2018 15:56:50.213 INFO [http-nio-8081-exec-242] org.apache.catalina.core.ApplicationContext.log Manager: list: Listing contexts for virtual host 'localhost'
28-Nov-2018 15:56:50.321 INFO [http-nio-8081-exec-243] org.apache.catalina.core.ApplicationContext.log Manager: stop: Stopping web application '/shophouse'
28-Nov-2018 15:56:50.475 INFO [http-nio-8081-exec-250] org.apache.catalina.core.ApplicationContext.log Manager: start: Starting web application '/shophouse'
28-Nov-2018 15:56:55.065 INFO [http-nio-8081-exec-248] org.apache.catalina.core.ApplicationContext.log Manager: list: Listing contexts for virtual host 'localhost'
28-Nov-2018 15:56:55.074 INFO [http-nio-8081-exec-243] org.apache.catalina.core.ApplicationContext.log Manager: stop: Stopping web application '/shophouse'
28-Nov-2018 15:56:55.177 INFO [http-nio-8081-exec-246] org.apache.catalina.core.ApplicationContext.log Manager: start: Starting web application '/shophouse'
28-Nov-2018 15:57:14.776 INFO [http-nio-8081-exec-251] org.apache.catalina.core.ApplicationContext.log Manager: list: Listing contexts for virtual host 'localhost'
28-Nov-2018 15:57:14.780 INFO [http-nio-8081-exec-254] org.apache.catalina.core.ApplicationContext.log Manager: list: Listing contexts for virtual host 'localhost'
28-Nov-2018 15:57:14.872 INFO [http-nio-8081-exec-243] org.apache.catalina.core.ApplicationContext.log Manager: stop: Stopping web application '/shophouse'
28-Nov-2018 15:57:14.952 INFO [http-nio-8081-exec-255] org.apache.catalina.core.ApplicationContext.log Manager: start: Starting web application '/shophouse'
28-Nov-2018 15:57:58.171 INFO [http-nio-8081-exec-258] org.apache.catalina.core.ApplicationContext.log Manager: list: Listing contexts for virtual host 'localhost'
28-Nov-2018 16:01:18.612 INFO [http-nio-8081-exec-245] org.apache.catalina.core.ApplicationContext.log Manager: list: Listing contexts for virtual host 'localhost'
28-Nov-2018 16:01:18.616 INFO [http-nio-8081-exec-265] org.apache.catalina.core.ApplicationContext.log Manager: list: Listing contexts for virtual host 'localhost'
28-Nov-2018 16:01:48.435 INFO [http-nio-8081-exec-266] org.apache.catalina.core.ApplicationContext.log Manager: list: Listing contexts for virtual host 'localhost'
28-Nov-2018 16:01:48.439 INFO [http-nio-8081-exec-258] org.apache.catalina.core.ApplicationContext.log Manager: list: Listing contexts for virtual host 'localhost'
28-Nov-2018 16:01:48.548 INFO [http-nio-8081-exec-260] org.apache.catalina.core.ApplicationContext.log Manager: restart: Reloading web application '/shop'
28-Nov-2018 16:02:56.408 INFO [http-nio-8081-exec-270] org.apache.catalina.core.ApplicationContext.log Manager: list: Listing contexts for virtual host 'localhost'
28-Nov-2018 16:02:56.422 INFO [http-nio-8081-exec-274] org.apache.catalina.core.ApplicationContext.log Manager: restart: Reloading web application '/shop'
28-Nov-2018 16:09:05.595 INFO [http-nio-8081-exec-281] org.apache.catalina.core.ApplicationContext.log Manager: list: Listing contexts for virtual host 'localhost'
28-Nov-2018 16:09:05.599 INFO [http-nio-8081-exec-282] org.apache.catalina.core.ApplicationContext.log Manager: list: Listing contexts for virtual host 'localhost'
28-Nov-2018 16:11:21.035 INFO [http-nio-8081-exec-277] org.apache.catalina.core.ApplicationContext.log Manager: list: Listing contexts for virtual host 'localhost'
28-Nov-2018 16:11:21.039 INFO [http-nio-8081-exec-279] org.apache.catalina.core.ApplicationContext.log Manager: list: Listing contexts for virtual host 'localhost'
28-Nov-2018 16:12:33.156 INFO [http-nio-8081-exec-276] org.apache.catalina.core.ApplicationContext.log Manager: list: Listing contexts for virtual host 'localhost'
28-Nov-2018 16:12:33.185 INFO [http-nio-8081-exec-278] org.apache.catalina.core.ApplicationContext.log Manager: restart: Reloading web application '/shophouse'
28-Nov-2018 16:12:47.324 INFO [http-nio-8081-exec-281] org.apache.catalina.core.ApplicationContext.log Manager: list: Listing contexts for virtual host 'localhost'
28-Nov-2018 16:12:47.340 INFO [http-nio-8081-exec-277] org.apache.catalina.core.ApplicationContext.log Manager: stop: Stopping web application '/shophouse'
28-Nov-2018 16:12:47.414 INFO [http-nio-8081-exec-281] org.apache.catalina.core.ApplicationContext.log Manager: start: Starting web application '/shophouse'
28-Nov-2018 16:13:06.972 INFO [http-nio-8081-exec-277] org.apache.catalina.core.ApplicationContext.log Manager: list: Listing contexts for virtual host 'localhost'
28-Nov-2018 16:13:06.976 INFO [http-nio-8081-exec-280] org.apache.catalina.core.ApplicationContext.log Manager: list: Listing contexts for virtual host 'localhost'
28-Nov-2018 16:13:07.059 INFO [http-nio-8081-exec-279] org.apache.catalina.core.ApplicationContext.log Manager: stop: Stopping web application '/shophouse'
28-Nov-2018 16:13:07.130 INFO [http-nio-8081-exec-283] org.apache.catalina.core.ApplicationContext.log Manager: start: Starting web application '/shophouse'
28-Nov-2018 16:13:30.820 INFO [http-nio-8081-exec-285] org.apache.catalina.core.ApplicationContext.log Manager: list: Listing contexts for virtual host 'localhost'
28-Nov-2018 16:13:30.832 INFO [http-nio-8081-exec-282] org.apache.catalina.core.ApplicationContext.log Manager: stop: Stopping web application '/shophouse'
28-Nov-2018 16:13:30.924 INFO [http-nio-8081-exec-282] org.apache.catalina.core.ApplicationContext.log Manager: start: Starting web application '/shophouse'
28-Nov-2018 16:15:20.498 INFO [http-nio-8081-exec-296] org.apache.catalina.core.ApplicationContext.log Manager: list: Listing contexts for virtual host 'localhost'
28-Nov-2018 16:15:21.022 INFO [http-nio-8081-exec-297] org.apache.catalina.core.ApplicationContext.log Manager: list: Listing contexts for virtual host 'localhost'
28-Nov-2018 16:15:21.770 INFO [http-nio-8081-exec-302] org.apache.catalina.core.ApplicationContext.log Manager: list: Listing contexts for virtual host 'localhost'
28-Nov-2018 16:15:21.798 INFO [http-nio-8081-exec-279] org.apache.catalina.core.ApplicationContext.log Manager: restart: Reloading web application '/shophouse'
28-Nov-2018 16:15:30.895 INFO [http-nio-8081-exec-295] org.apache.catalina.core.ApplicationContext.log Manager: list: Listing contexts for virtual host 'localhost'
28-Nov-2018 16:15:32.966 INFO [http-nio-8081-exec-297] org.apache.catalina.core.ApplicationContext.log Manager: list: Listing contexts for virtual host 'localhost'
28-Nov-2018 16:15:32.993 INFO [http-nio-8081-exec-298] org.apache.catalina.core.ApplicationContext.log Manager: restart: Reloading web application '/shophouse'
28-Nov-2018 16:15:40.292 INFO [http-nio-8081-exec-294] org.apache.catalina.core.ApplicationContext.log Manager: list: Listing contexts for virtual host 'localhost'
28-Nov-2018 16:15:40.308 INFO [http-nio-8081-exec-305] org.apache.catalina.core.ApplicationContext.log Manager: restart: Reloading web application '/shophouse'
28-Nov-2018 16:15:45.618 INFO [http-nio-8081-exec-301] org.apache.catalina.core.ApplicationContext.log Manager: list: Listing contexts for virtual host 'localhost'
28-Nov-2018 16:15:45.659 INFO [http-nio-8081-exec-307] org.apache.catalina.core.ApplicationContext.log Manager: restart: Reloading web application '/shophouse'
28-Nov-2018 16:15:51.344 INFO [http-nio-8081-exec-300] org.apache.catalina.core.ApplicationContext.log Manager: list: Listing contexts for virtual host 'localhost'
28-Nov-2018 16:15:51.356 INFO [http-nio-8081-exec-309] org.apache.catalina.core.ApplicationContext.log Manager: restart: Reloading web application '/shophouse'
28-Nov-2018 16:15:56.748 INFO [http-nio-8081-exec-294] org.apache.catalina.core.ApplicationContext.log Manager: list: Listing contexts for virtual host 'localhost'
28-Nov-2018 16:15:56.769 INFO [http-nio-8081-exec-301] org.apache.catalina.core.ApplicationContext.log Manager: restart: Reloading web application '/shophouse'
28-Nov-2018 16:16:26.479 INFO [http-nio-8081-exec-300] org.apache.catalina.core.ApplicationContext.log Manager: list: Listing contexts for virtual host 'localhost'
28-Nov-2018 16:16:26.511 INFO [http-nio-8081-exec-306] org.apache.catalina.core.ApplicationContext.log Manager: restart: Reloading web application '/shophouse'
28-Nov-2018 16:16:32.447 INFO [http-nio-8081-exec-295] org.apache.catalina.core.ApplicationContext.log Manager: list: Listing contexts for virtual host 'localhost'
28-Nov-2018 16:16:32.457 INFO [http-nio-8081-exec-296] org.apache.catalina.core.ApplicationContext.log Manager: restart: Reloading web application '/shophouse'
28-Nov-2018 16:16:42.448 INFO [http-nio-8081-exec-297] org.apache.catalina.core.ApplicationContext.log Manager: list: Listing contexts for virtual host 'localhost'
28-Nov-2018 16:16:42.457 INFO [http-nio-8081-exec-313] org.apache.catalina.core.ApplicationContext.log Manager: restart: Reloading web application '/shophouse'
28-Nov-2018 16:16:46.743 INFO [http-nio-8081-exec-294] org.apache.catalina.core.ApplicationContext.log Manager: list: Listing contexts for virtual host 'localhost'
28-Nov-2018 16:16:46.756 INFO [http-nio-8081-exec-308] org.apache.catalina.core.ApplicationContext.log Manager: restart: Reloading web application '/shophouse'
28-Nov-2018 16:16:51.759 INFO [http-nio-8081-exec-315] org.apache.catalina.core.ApplicationContext.log Manager: list: Listing contexts for virtual host 'localhost'
28-Nov-2018 16:16:51.788 INFO [http-nio-8081-exec-295] org.apache.catalina.core.ApplicationContext.log Manager: restart: Reloading web application '/shophouse'
28-Nov-2018 16:17:09.199 INFO [http-nio-8081-exec-316] org.apache.catalina.core.ApplicationContext.log Manager: list: Listing contexts for virtual host 'localhost'
28-Nov-2018 16:17:09.213 INFO [http-nio-8081-exec-300] org.apache.catalina.core.ApplicationContext.log Manager: restart: Reloading web application '/shophouse'
28-Nov-2018 16:17:13.990 INFO [http-nio-8081-exec-314] org.apache.catalina.core.ApplicationContext.log Manager: list: Listing contexts for virtual host 'localhost'
28-Nov-2018 16:17:14.004 INFO [http-nio-8081-exec-317] org.apache.catalina.core.ApplicationContext.log Manager: restart: Reloading web application '/shophouse'
28-Nov-2018 16:17:41.800 INFO [http-nio-8081-exec-319] org.apache.catalina.core.ApplicationContext.log Manager: list: Listing contexts for virtual host 'localhost'
28-Nov-2018 16:17:41.823 INFO [http-nio-8081-exec-320] org.apache.catalina.core.ApplicationContext.log Manager: restart: Reloading web application '/shophouse'
28-Nov-2018 16:18:28.337 INFO [http-nio-8081-exec-324] org.apache.catalina.core.ApplicationContext.log Manager: list: Listing contexts for virtual host 'localhost'
28-Nov-2018 16:18:28.362 INFO [http-nio-8081-exec-318] org.apache.catalina.core.ApplicationContext.log Manager: restart: Reloading web application '/shophouse'
28-Nov-2018 16:18:54.465 INFO [http-nio-8081-exec-319] org.apache.catalina.core.ApplicationContext.log Manager: list: Listing contexts for virtual host 'localhost'
28-Nov-2018 16:18:54.486 INFO [http-nio-8081-exec-294] org.apache.catalina.core.ApplicationContext.log Manager: restart: Reloading web application '/shophouse'
28-Nov-2018 16:19:03.386 INFO [http-nio-8081-exec-324] org.apache.catalina.core.ApplicationContext.log Manager: list: Listing contexts for virtual host 'localhost'
28-Nov-2018 16:19:03.405 INFO [http-nio-8081-exec-316] org.apache.catalina.core.ApplicationContext.log Manager: restart: Reloading web application '/shophouse'
28-Nov-2018 16:19:30.667 INFO [http-nio-8081-exec-319] org.apache.catalina.core.ApplicationContext.log Manager: list: Listing contexts for virtual host 'localhost'
28-Nov-2018 16:19:30.722 INFO [http-nio-8081-exec-326] org.apache.catalina.core.ApplicationContext.log Manager: restart: Reloading web application '/shophouse'
28-Nov-2018 16:19:59.184 INFO [http-nio-8081-exec-328] org.apache.catalina.core.ApplicationContext.log Manager: list: Listing contexts for virtual host 'localhost'
28-Nov-2018 16:19:59.215 INFO [http-nio-8081-exec-324] org.apache.catalina.core.ApplicationContext.log Manager: restart: Reloading web application '/shophouse'
28-Nov-2018 16:20:04.305 INFO [http-nio-8081-exec-328] org.apache.catalina.core.ApplicationContext.log Manager: list: Listing contexts for virtual host 'localhost'
28-Nov-2018 16:20:04.334 INFO [http-nio-8081-exec-332] org.apache.catalina.core.ApplicationContext.log Manager: restart: Reloading web application '/shophouse'
28-Nov-2018 16:20:09.030 INFO [http-nio-8081-exec-334] org.apache.catalina.core.ApplicationContext.log Manager: list: Listing contexts for virtual host 'localhost'
28-Nov-2018 16:20:09.076 INFO [http-nio-8081-exec-328] org.apache.catalina.core.ApplicationContext.log Manager: restart: Reloading web application '/shophouse'
28-Nov-2018 16:20:30.549 INFO [http-nio-8081-exec-322] org.apache.catalina.core.ApplicationContext.log Manager: list: Listing contexts for virtual host 'localhost'
28-Nov-2018 16:20:30.573 INFO [http-nio-8081-exec-334] org.apache.catalina.core.ApplicationContext.log Manager: restart: Reloading web application '/shophouse'
28-Nov-2018 16:20:56.914 INFO [http-nio-8081-exec-331] org.apache.catalina.core.ApplicationContext.log Manager: list: Listing contexts for virtual host 'localhost'
28-Nov-2018 16:20:56.928 INFO [http-nio-8081-exec-336] org.apache.catalina.core.ApplicationContext.log Manager: restart: Reloading web application '/shophouse'
28-Nov-2018 16:21:21.888 INFO [http-nio-8081-exec-322] org.apache.catalina.core.ApplicationContext.log Manager: list: Listing contexts for virtual host 'localhost'
28-Nov-2018 16:21:21.900 INFO [http-nio-8081-exec-333] org.apache.catalina.core.ApplicationContext.log Manager: restart: Reloading web application '/shophouse'
28-Nov-2018 16:21:27.281 INFO [http-nio-8081-exec-331] org.apache.catalina.core.ApplicationContext.log Manager: list: Listing contexts for virtual host 'localhost'
28-Nov-2018 16:21:27.290 INFO [http-nio-8081-exec-319] org.apache.catalina.core.ApplicationContext.log Manager: restart: Reloading web application '/shophouse'
28-Nov-2018 16:21:45.534 INFO [http-nio-8081-exec-343] org.apache.catalina.core.ApplicationContext.log Manager: list: Listing contexts for virtual host 'localhost'
28-Nov-2018 16:21:45.554 INFO [http-nio-8081-exec-322] org.apache.catalina.core.ApplicationContext.log Manager: restart: Reloading web application '/shophouse'
28-Nov-2018 16:21:51.477 INFO [http-nio-8081-exec-329] org.apache.catalina.core.ApplicationContext.log Manager: list: Listing contexts for virtual host 'localhost'
28-Nov-2018 16:21:51.488 INFO [http-nio-8081-exec-342] org.apache.catalina.core.ApplicationContext.log Manager: restart: Reloading web application '/shophouse'
28-Nov-2018 16:21:59.344 INFO [http-nio-8081-exec-346] org.apache.catalina.core.ApplicationContext.log Manager: list: Listing contexts for virtual host 'localhost'
28-Nov-2018 16:21:59.359 INFO [http-nio-8081-exec-340] org.apache.catalina.core.ApplicationContext.log Manager: restart: Reloading web application '/shophouse'
28-Nov-2018 16:22:25.139 INFO [http-nio-8081-exec-345] org.apache.catalina.core.ApplicationContext.log Manager: list: Listing contexts for virtual host 'localhost'
28-Nov-2018 16:22:25.161 INFO [http-nio-8081-exec-331] org.apache.catalina.core.ApplicationContext.log Manager: restart: Reloading web application '/shophouse'
28-Nov-2018 16:22:30.031 INFO [http-nio-8081-exec-344] org.apache.catalina.core.ApplicationContext.log Manager: list: Listing contexts for virtual host 'localhost'
28-Nov-2018 16:22:30.050 INFO [http-nio-8081-exec-348] org.apache.catalina.core.ApplicationContext.log Manager: restart: Reloading web application '/shophouse'
28-Nov-2018 16:22:54.324 INFO [http-nio-8081-exec-351] org.apache.catalina.core.ApplicationContext.log Manager: list: Listing contexts for virtual host 'localhost'
28-Nov-2018 16:22:54.352 INFO [http-nio-8081-exec-347] org.apache.catalina.core.ApplicationContext.log Manager: restart: Reloading web application '/shophouse'
28-Nov-2018 16:22:59.657 INFO [http-nio-8081-exec-337] org.apache.catalina.core.ApplicationContext.log Manager: list: Listing contexts for virtual host 'localhost'
28-Nov-2018 16:22:59.715 INFO [http-nio-8081-exec-345] org.apache.catalina.core.ApplicationContext.log Manager: restart: Reloading web application '/shophouse'
28-Nov-2018 16:24:00.879 INFO [444] org.apache.catalina.core.ApplicationContext.log Manager: list: Listing contexts for virtual host 'localhost'
28-Nov-2018 16:24:00.900 INFO [http-nio-8081-exec-343] org.apache.catalina.core.ApplicationContext.log Manager: restart: Reloading web application '/shophouse'
28-Nov-2018 16:24:06.467 INFO [http-nio-8081-exec-338] org.apache.catalina.core.ApplicationContext.log Manager: list: Listing contexts for virtual host 'localhost'
28-Nov-2018 16:24:06.513 INFO [http-nio-8081-exec-352] org.apache.catalina.core.ApplicationContext.log Manager: restart: Reloading web application '/shophouse'
28-Nov-2018 16:25:49.970 INFO [http-nio-8081-exec-338] org.apache.catalina.core.ApplicationContext.log Manager: list: Listing contexts for virtual host 'localhost'
28-Nov-2018 16:25:49.979 INFO [http-nio-8081-exec-356] org.apache.catalina.core.ApplicationContext.log Manager: restart: Reloading web application '/shophouse'
28-Nov-2018 16:25:55.774 INFO [http-nio-8081-exec-337] org.apache.catalina.core.ApplicationContext.log Manager: list: Listing contexts for virtual host 'localhost'
28-Nov-2018 16:25:55.786 INFO [http-nio-8081-exec-338] org.apache.catalina.core.ApplicationContext.log Manager: restart: Reloading web application '/shophouse'
28-Nov-2018 16:26:01.675 INFO [http-nio-8081-exec-337] org.apache.catalina.core.ApplicationContext.log Manager: list: Listing contexts for virtual host 'localhost'
28-Nov-2018 16:26:01.691 INFO [http-nio-8081-exec-353] org.apache.catalina.core.ApplicationContext.log Manager: restart: Reloading web application '/shophouse'
28-Nov-2018 16:26:06.949 INFO [http-nio-8081-exec-337] org.apache.catalina.core.ApplicationContext.log Manager: list: Listing contexts for virtual host 'localhost'
28-Nov-2018 16:26:06.958 INFO [http-nio-8081-exec-360] org.apache.catalina.core.ApplicationContext.log Manager: restart: Reloading web application '/shophouse'
28-Nov-2018 16:26:12.425 INFO [http-nio-8081-exec-357] org.apache.catalina.core.ApplicationContext.log Manager: list: Listing contexts for virtual host 'localhost'
28-Nov-2018 16:26:12.434 INFO [http-nio-8081-exec-362] org.apache.catalina.core.ApplicationContext.log Manager: restart: Reloading web application '/shophouse'
28-Nov-2018 16:26:34.831 INFO [http-nio-8081-exec-364] org.apache.catalina.core.ApplicationContext.log Manager: list: Listing contexts for virtual host 'localhost'
28-Nov-2018 16:26:34.847 INFO [http-nio-8081-exec-337] org.apache.catalina.core.ApplicationContext.log Manager: restart: Reloading web application '/shophouse'
28-Nov-2018 16:27:00.106 INFO [http-nio-8081-exec-366] org.apache.catalina.core.ApplicationContext.log Manager: list: Listing contexts for virtual host 'localhost'
28-Nov-2018 16:27:00.125 INFO [http-nio-8081-exec-358] org.apache.catalina.core.ApplicationContext.log Manager: restart: Reloading web application '/shophouse'
28-Nov-2018 16:27:05.155 INFO [http-nio-8081-exec-364] org.apache.catalina.core.ApplicationContext.log Manager: list: Listing contexts for virtual host 'localhost'
28-Nov-2018 16:27:05.166 INFO [http-nio-8081-exec-363] org.apache.catalina.core.ApplicationContext.log Manager: restart: Reloading web application '/shophouse'
28-Nov-2018 16:27:40.677 INFO [http-nio-8081-exec-369] org.apache.catalina.core.ApplicationContext.log Manager: list: Listing contexts for virtual host 'localhost'
28-Nov-2018 16:27:40.688 INFO [http-nio-8081-exec-351] org.apache.catalina.core.ApplicationContext.log Manager: restart: Reloading web application '/shophouse'
28-Nov-2018 16:27:58.514 INFO [http-nio-8081-exec-357] org.apache.catalina.core.ApplicationContext.log Manager: list: Listing contexts for virtual host 'localhost'
28-Nov-2018 16:27:58.530 INFO [http-nio-8081-exec-371] org.apache.catalina.core.ApplicationContext.log Manager: restart: Reloading web application '/shophouse'
28-Nov-2018 16:28:32.595 INFO [http-nio-8081-exec-369] org.apache.catalina.core.ApplicationContext.log Manager: list: Listing contexts for virtual host 'localhost'
28-Nov-2018 16:28:32.606 INFO [http-nio-8081-exec-366] org.apache.catalina.core.ApplicationContext.log Manager: restart: Reloading web application '/shophouse'
28-Nov-2018 16:28:37.937 INFO [http-nio-8081-exec-354] org.apache.catalina.core.ApplicationContext.log Manager: list: Listing contexts for virtual host 'localhost'
28-Nov-2018 16:28:37.946 INFO [http-nio-8081-exec-374] org.apache.catalina.core.ApplicationContext.log Manager: restart: Reloading web application '/shophouse'
28-Nov-2018 16:29:26.062 INFO [http-nio-8081-exec-378] org.apache.catalina.core.ApplicationContext.log Manager: list: Listing contexts for virtual host 'localhost'
28-Nov-2018 16:29:26.072 INFO [http-nio-8081-exec-357] org.apache.catalina.core.ApplicationContext.log Manager: restart: Reloading web application '/shophouse'
28-Nov-2018 16:29:33.046 INFO [http-nio-8081-exec-375] org.apache.catalina.core.ApplicationContext.log Manager: list: Listing contexts for virtual host 'localhost'
28-Nov-2018 16:29:33.065 INFO [http-nio-8081-exec-373] org.apache.catalina.core.ApplicationContext.log Manager: restart: Reloading web application '/shophouse'
28-Nov-2018 16:32:21.536 INFO [http-nio-8081-exec-384] org.apache.catalina.core.ApplicationContext.log Manager: list: Listing contexts for virtual host 'localhost'
28-Nov-2018 16:32:21.551 INFO [http-nio-8081-exec-383] org.apache.catalina.core.ApplicationContext.log Manager: stop: Stopping web application '/shophouse'
28-Nov-2018 16:32:21.654 INFO [http-nio-8081-exec-383] org.apache.catalina.core.ApplicationContext.log Manager: start: Starting web application '/shophouse'
28-Nov-2018 16:49:51.404 INFO [http-nio-8081-exec-388] org.apache.catalina.core.ApplicationContext.log Manager: list: Listing contexts for virtual host 'localhost'
28-Nov-2018 16:49:52.001 INFO [http-nio-8081-exec-389] org.apache.catalina.core.ApplicationContext.log Manager: list: Listing contexts for virtual host 'localhost'
28-Nov-2018 16:49:52.008 INFO [http-nio-8081-exec-390] org.apache.catalina.core.ApplicationContext.log Manager: restart: Reloading web application '/shophouse'
28-Nov-2018 16:50:03.294 INFO [http-nio-8081-exec-396] org.apache.catalina.core.ApplicationContext.log Manager: list: Listing contexts for virtual host 'localhost'
28-Nov-2018 16:50:04.103 INFO [http-nio-8081-exec-398] org.apache.catalina.core.ApplicationContext.log Manager: list: Listing contexts for virtual host 'localhost'
28-Nov-2018 16:50:05.044 INFO [http-nio-8081-exec-393] org.apache.catalina.core.ApplicationContext.log Manager: list: Listing contexts for virtual host 'localhost'
28-Nov-2018 16:50:05.067 INFO [http-nio-8081-exec-389] org.apache.catalina.core.ApplicationContext.log Manager: restart: Reloading web application '/shophouse'
28-Nov-2018 16:50:09.905 INFO [http-nio-8081-exec-399] org.apache.catalina.core.ApplicationContext.log Manager: list: Listing contexts for virtual host 'localhost'
28-Nov-2018 16:50:09.917 INFO [http-nio-8081-exec-391] org.apache.catalina.core.ApplicationContext.log Manager: restart: Reloading web application '/shophouse'
28-Nov-2018 16:50:14.563 INFO [http-nio-8081-exec-399] org.apache.catalina.core.ApplicationContext.log Manager: list: Listing contexts for virtual host 'localhost'
28-Nov-2018 16:50:14.578 INFO [http-nio-8081-exec-388] org.apache.catalina.core.ApplicationContext.log Manager: restart: Reloading web application '/shophouse'
28-Nov-2018 16:50:19.242 INFO [http-nio-8081-exec-395] org.apache.catalina.core.ApplicationContext.log Manager: list: Listing contexts for virtual host 'localhost'
28-Nov-2018 16:50:19.279 INFO [http-nio-8081-exec-397] org.apache.catalina.core.ApplicationContext.log Manager: restart: Reloading web application '/shophouse'
28-Nov-2018 16:50:31.518 INFO [http-nio-8081-exec-393] org.apache.catalina.core.ApplicationContext.log Manager: list: Listing contexts for virtual host 'localhost'
28-Nov-2018 16:50:31.538 INFO [http-nio-8081-exec-395] org.apache.catalina.core.ApplicationContext.log Manager: restart: Reloading web application '/shophouse'
28-Nov-2018 16:50:36.068 INFO [http-nio-8081-exec-402] org.apache.catalina.core.ApplicationContext.log Manager: list: Listing contexts for virtual host 'localhost'
28-Nov-2018 16:50:36.131 INFO [http-nio-8081-exec-403] org.apache.catalina.core.ApplicationContext.log Manager: restart: Reloading web application '/shophouse'
28-Nov-2018 16:51:43.666 INFO [http-nio-8081-exec-410] org.apache.catalina.core.ApplicationContext.log Manager: list: Listing contexts for virtual host 'localhost'
28-Nov-2018 16:51:43.738 INFO [http-nio-8081-exec-398] org.apache.catalina.core.ApplicationContext.log Manager: restart: Reloading web application '/shophouse'
28-Nov-2018 16:51:48.007 INFO [http-nio-8081-exec-408] org.apache.catalina.core.ApplicationContext.log Manager: list: Listing contexts for virtual host 'localhost'
28-Nov-2018 16:51:48.021 INFO [http-nio-8081-exec-402] org.apache.catalina.core.ApplicationContext.log Manager: restart: Reloading web application '/shophouse'
28-Nov-2018 16:51:52.564 INFO [http-nio-8081-exec-411] org.apache.catalina.core.ApplicationContext.log Manager: list: Listing contexts for virtual host 'localhost'
28-Nov-2018 16:51:52.575 INFO [http-nio-8081-exec-400] org.apache.catalina.core.ApplicationContext.log Manager: restart: Reloading web application '/shophouse'
28-Nov-2018 16:52:01.144 INFO [http-nio-8081-exec-406] org.apache.catalina.core.ApplicationContext.log Manager: list: Listing contexts for virtual host 'localhost'
28-Nov-2018 16:52:01.159 INFO [http-nio-8081-exec-412] org.apache.catalina.core.ApplicationContext.log Manager: restart: Reloading web application '/shophouse'
28-Nov-2018 16:52:11.140 INFO [http-nio-8081-exec-410] org.apache.catalina.core.ApplicationContext.log Manager: list: Listing contexts for virtual host 'localhost'
28-Nov-2018 16:52:11.150 INFO [http-nio-8081-exec-393] org.apache.catalina.core.ApplicationContext.log Manager: restart: Reloading web application '/shophouse'
28-Nov-2018 16:52:30.037 INFO [http-nio-8081-exec-410] org.apache.catalina.core.ApplicationContext.log Manager: list: Listing contexts for virtual host 'localhost'
28-Nov-2018 16:52:30.093 INFO [http-nio-8081-exec-416] org.apache.catalina.core.ApplicationContext.log Manager: restart: Reloading web application '/shophouse'
28-Nov-2018 16:53:39.012 INFO [http-nio-8081-exec-406] org.apache.catalina.core.ApplicationContext.log Manager: list: Listing contexts for virtual host 'localhost'
28-Nov-2018 16:53:39.065 INFO [http-nio-8081-exec-422] org.apache.catalina.core.ApplicationContext.log Manager: restart: Reloading web application '/shophouse'
28-Nov-2018 16:53:58.619 INFO [http-nio-8081-exec-406] org.apache.catalina.core.ApplicationContext.log Manager: list: Listing contexts for virtual host 'localhost'
28-Nov-2018 16:53:58.631 INFO [http-nio-8081-exec-420] org.apache.catalina.core.ApplicationContext.log Manager: restart: Reloading web application '/shophouse'
28-Nov-2018 16:54:37.912 INFO [http-nio-8081-exec-426] org.apache.catalina.core.ApplicationContext.log Manager: list: Listing contexts for virtual host 'localhost'
28-Nov-2018 16:54:38.043 INFO [http-nio-8081-exec-423] org.apache.catalina.core.ApplicationContext.log Manager: restart: Reloading web application '/shophouse'
28-Nov-2018 16:55:33.132 INFO [http-nio-8081-exec-426] org.apache.catalina.core.ApplicationContext.log Manager: list: Listing contexts for virtual host 'localhost'
28-Nov-2018 16:55:33.142 INFO [http-nio-8081-exec-424] org.apache.catalina.core.ApplicationContext.log Manager: restart: Reloading web application '/shophouse'
28-Nov-2018 16:56:01.109 INFO [http-nio-8081-exec-430] org.apache.catalina.core.ApplicationContext.log Manager: list: Listing contexts for virtual host 'localhost'
28-Nov-2018 16:56:01.125 INFO [http-nio-8081-exec-427] org.apache.catalina.core.ApplicationContext.log Manager: restart: Reloading web application '/shophouse'
28-Nov-2018 16:56:33.450 INFO [http-nio-8081-exec-411] org.apache.catalina.core.ApplicationContext.log Manager: list: Listing contexts for virtual host 'localhost'
28-Nov-2018 16:56:33.464 INFO [http-nio-8081-exec-430] org.apache.catalina.core.ApplicationContext.log Manager: restart: Reloading web application '/shophouse'
28-Nov-2018 16:56:38.159 INFO [http-nio-8081-exec-426] org.apache.catalina.core.ApplicationContext.log Manager: list: Listing contexts for virtual host 'localhost'
28-Nov-2018 16:56:38.185 INFO [http-nio-8081-exec-408] org.apache.catalina.core.ApplicationContext.log Manager: restart: Reloading web application '/shophouse'
28-Nov-2018 16:56:55.779 INFO [http-nio-8081-exec-435] org.apache.catalina.core.ApplicationContext.log Manager: list: Listing contexts for virtual host 'localhost'
28-Nov-2018 16:56:55.802 INFO [http-nio-8081-exec-429] org.apache.catalina.core.ApplicationContext.log Manager: restart: Reloading web application '/shophouse'
28-Nov-2018 16:57:00.679 INFO [http-nio-8081-exec-434] org.apache.catalina.core.ApplicationContext.log Manager: list: Listing contexts for virtual host 'localhost'
28-Nov-2018 16:57:00.693 INFO [http-nio-8081-exec-426] org.apache.catalina.core.ApplicationContext.log Manager: restart: Reloading web application '/shophouse'
28-Nov-2018 16:57:22.124 INFO [http-nio-8081-exec-433] org.apache.catalina.core.ApplicationContext.log Manager: list: Listing contexts for virtual host 'localhost'
28-Nov-2018 16:57:22.136 INFO [http-nio-8081-exec-432] org.apache.catalina.core.ApplicationContext.log Manager: restart: Reloading web application '/shophouse'
28-Nov-2018 16:57:29.615 INFO [http-nio-8081-exec-407] org.apache.catalina.core.ApplicationContext.log Manager: list: Listing contexts for virtual host 'localhost'
28-Nov-2018 16:57:29.641 INFO [http-nio-8081-exec-425] org.apache.catalina.core.ApplicationContext.log Manager: restart: Reloading web application '/shophouse'
28-Nov-2018 16:57:34.599 INFO [http-nio-8081-exec-440] org.apache.catalina.core.ApplicationContext.log Manager: list: Listing contexts for virtual host 'localhost'
28-Nov-2018 16:57:34.618 INFO [http-nio-8081-exec-433] org.apache.catalina.core.ApplicationContext.log Manager: restart: Reloading web application '/shophouse'
28-Nov-2018 16:58:05.600 INFO [http-nio-8081-exec-443] org.apache.catalina.core.ApplicationContext.log Manager: list: Listing contexts for virtual host 'localhost'
28-Nov-2018 16:58:05.613 INFO [http-nio-8081-exec-439] org.apache.catalina.core.ApplicationContext.log Manager: restart: Reloading web application '/shophouse'
28-Nov-2018 16:59:00.325 INFO [http-nio-8081-exec-445] org.apache.catalina.core.ApplicationContext.log Manager: list: Listing contexts for virtual host 'localhost'
28-Nov-2018 16:59:00.337 INFO [http-nio-8081-exec-442] org.apache.catalina.core.ApplicationContext.log Manager: restart: Reloading web application '/shophouse'
28-Nov-2018 16:59:05.497 INFO [http-nio-8081-exec-435] org.apache.catalina.core.ApplicationContext.log Manager: list: Listing contexts for virtual host 'localhost'
28-Nov-2018 16:59:05.520 INFO [http-nio-8081-exec-443] org.apache.catalina.core.ApplicationContext.log Manager: restart: Reloading web application '/shophouse'
28-Nov-2018 16:59:29.048 INFO [http-nio-8081-exec-444] org.apache.catalina.core.ApplicationContext.log Manager: list: Listing contexts for virtual host 'localhost'
28-Nov-2018 16:59:29.062 INFO [http-nio-8081-exec-446] org.apache.catalina.core.ApplicationContext.log Manager: restart: Reloading web application '/shophouse'
28-Nov-2018 16:59:46.558 INFO [http-nio-8081-exec-450] org.apache.catalina.core.ApplicationContext.log Manager: list: Listing contexts for virtual host 'localhost'
28-Nov-2018 16:59:46.600 INFO [http-nio-8081-exec-411] org.apache.catalina.core.ApplicationContext.log Manager: restart: Reloading web application '/shophouse'
28-Nov-2018 16:59:51.774 INFO [http-nio-8081-exec-447] org.apache.catalina.core.ApplicationContext.log Manager: list: Listing contexts for virtual host 'localhost'
28-Nov-2018 16:59:51.784 INFO [http-nio-8081-exec-450] org.apache.catalina.core.ApplicationContext.log Manager: restart: Reloading web application '/shophouse'
28-Nov-2018 17:00:08.376 INFO [http-nio-8081-exec-453] org.apache.catalina.core.ApplicationContext.log Manager: list: Listing contexts for virtual host 'localhost'
28-Nov-2018 17:00:08.415 INFO [http-nio-8081-exec-437] org.apache.catalina.core.ApplicationContext.log Manager: restart: Reloading web application '/shophouse'
28-Nov-2018 21:45:56.536 INFO [http-nio-8081-exec-455] org.apache.catalina.core.ApplicationContext.log Manager: list: Listing contexts for virtual host 'localhost'
28-Nov-2018 21:45:56.548 INFO [http-nio-8081-exec-457] org.apache.catalina.core.ApplicationContext.log Manager: restart: Reloading web application '/shophouse'
28-Nov-2018 21:47:48.469 INFO [http-nio-8081-exec-467] org.apache.catalina.core.ApplicationContext.log Manager: list: Listing contexts for virtual host 'localhost'
28-Nov-2018 21:47:48.479 INFO [http-nio-8081-exec-459] org.apache.catalina.core.ApplicationContext.log Manager: restart: Reloading web application '/shophouse'
28-Nov-2018 21:48:36.744 INFO [http-nio-8081-exec-469] org.apache.catalina.core.ApplicationContext.log Manager: list: Listing contexts for virtual host 'localhost'
28-Nov-2018 21:48:36.765 INFO [http-nio-8081-exec-456] org.apache.catalina.core.ApplicationContext.log Manager: restart: Reloading web application '/shophouse'
28-Nov-2018 21:48:41.746 INFO [http-nio-8081-exec-468] org.apache.catalina.core.ApplicationContext.log Manager: list: Listing contexts for virtual host 'localhost'
28-Nov-2018 21:48:41.757 INFO [http-nio-8081-exec-467] org.apache.catalina.core.ApplicationContext.log Manager: restart: Reloading web application '/shophouse'
28-Nov-2018 21:48:46.687 INFO [http-nio-8081-exec-463] org.apache.catalina.core.ApplicationContext.log Manager: list: Listing contexts for virtual host 'localhost'
28-Nov-2018 21:48:46.701 INFO [http-nio-8081-exec-469] org.apache.catalina.core.ApplicationContext.log Manager: restart: Reloading web application '/shophouse'
28-Nov-2018 21:49:14.702 INFO [http-nio-8081-exec-471] org.apache.catalina.core.ApplicationContext.log Manager: list: Listing contexts for virtual host 'localhost'
28-Nov-2018 21:49:14.715 INFO [http-nio-8081-exec-464] org.apache.catalina.core.ApplicationContext.log Manager: restart: Reloading web application '/shophouse'
28-Nov-2018 21:49:28.820 INFO [http-nio-8081-exec-461] org.apache.catalina.core.ApplicationContext.log Manager: list: Listing contexts for virtual host 'localhost'
28-Nov-2018 21:49:28.853 INFO [http-nio-8081-exec-455] org.apache.catalina.core.ApplicationContext.log Manager: restart: Reloading web application '/shophouse'
28-Nov-2018 21:50:02.786 INFO [http-nio-8081-exec-454] org.apache.catalina.core.ApplicationContext.log Manager: list: Listing contexts for virtual host 'localhost'
28-Nov-2018 21:50:02.795 INFO [http-nio-8081-exec-471] org.apache.catalina.core.ApplicationContext.log Manager: restart: Reloading web application '/shophouse'
28-Nov-2018 21:50:58.724 INFO [http-nio-8081-exec-461] org.apache.catalina.core.ApplicationContext.log Manager: list: Listing contexts for virtual host 'localhost'
28-Nov-2018 21:50:58.755 INFO [http-nio-8081-exec-474] org.apache.catalina.core.ApplicationContext.log Manager: restart: Reloading web application '/shophouse'
28-Nov-2018 21:51:52.765 INFO [http-nio-8081-exec-454] org.apache.catalina.core.ApplicationContext.log Manager: list: Listing contexts for virtual host 'localhost'
28-Nov-2018 21:51:52.782 INFO [http-nio-8081-exec-476] org.apache.catalina.core.ApplicationContext.log Manager: restart: Reloading web application '/shophouse'
28-Nov-2018 21:54:11.140 INFO [http-nio-8081-exec-482] org.apache.catalina.core.ApplicationContext.log Manager: list: Listing contexts for virtual host 'localhost'
28-Nov-2018 21:54:11.150 INFO [http-nio-8081-exec-483] org.apache.catalina.core.ApplicationContext.log Manager: restart: Reloading web application '/shophouse'
28-Nov-2018 21:54:26.110 INFO [http-nio-8081-exec-482] org.apache.catalina.core.ApplicationContext.log Manager: list: Listing contexts for virtual host 'localhost'
28-Nov-2018 21:54:26.138 INFO [http-nio-8081-exec-468] org.apache.catalina.core.ApplicationContext.log Manager: restart: Reloading web application '/shophouse'
28-Nov-2018 21:54:31.800 INFO [http-nio-8081-exec-478] org.apache.catalina.core.ApplicationContext.log Manager: list: Listing contexts for virtual host 'localhost'
28-Nov-2018 21:54:31.814 INFO [http-nio-8081-exec-484] org.apache.catalina.core.ApplicationContext.log Manager: restart: Reloading web application '/shophouse'
28-Nov-2018 21:54:37.474 INFO [http-nio-8081-exec-482] org.apache.catalina.core.ApplicationContext.log Manager: list: Listing contexts for virtual host 'localhost'
28-Nov-2018 21:54:37.500 INFO [http-nio-8081-exec-478] org.apache.catalina.core.ApplicationContext.log Manager: restart: Reloading web application '/shophouse'
28-Nov-2018 21:54:59.171 INFO [http-nio-8081-exec-489] org.apache.catalina.core.ApplicationContext.log Manager: list: Listing contexts for virtual host 'localhost'
28-Nov-2018 21:54:59.224 INFO [http-nio-8081-exec-490] org.apache.catalina.core.ApplicationContext.log Manager: restart: Reloading web application '/shophouse'
28-Nov-2018 21:55:49.914 INFO [http-nio-8081-exec-494] org.apache.catalina.core.ApplicationContext.log Manager: list: Listing contexts for virtual host 'localhost'
28-Nov-2018 21:55:49.928 INFO [http-nio-8081-exec-492] org.apache.catalina.core.ApplicationContext.log Manager: restart: Reloading web application '/shophouse'
28-Nov-2018 21:56:57.997 INFO [http-nio-8081-exec-496] org.apache.catalina.core.ApplicationContext.log Manager: list: Listing contexts for virtual host 'localhost'
28-Nov-2018 21:56:58.020 INFO [http-nio-8081-exec-482] org.apache.catalina.core.ApplicationContext.log Manager: restart: Reloading web application '/shophouse'
28-Nov-2018 21:57:10.728 INFO [http-nio-8081-exec-500] org.apache.catalina.core.ApplicationContext.log Manager: list: Listing contexts for virtual host 'localhost'
28-Nov-2018 21:57:10.744 INFO [http-nio-8081-exec-486] org.apache.catalina.core.ApplicationContext.log Manager: restart: Reloading web application '/shophouse'
28-Nov-2018 21:57:18.943 INFO [http-nio-8081-exec-499] org.apache.catalina.core.ApplicationContext.log Manager: list: Listing contexts for virtual host 'localhost'
28-Nov-2018 21:57:18.953 INFO [http-nio-8081-exec-461] org.apache.catalina.core.ApplicationContext.log Manager: restart: Reloading web application '/shophouse'
28-Nov-2018 22:03:07.444 INFO [http-nio-8081-exec-503] org.apache.catalina.core.ApplicationContext.log Manager: list: Listing contexts for virtual host 'localhost'
28-Nov-2018 22:04:40.698 INFO [http-nio-8081-exec-511] org.apache.catalina.core.ApplicationContext.log Manager: list: Listing contexts for virtual host 'localhost'
28-Nov-2018 22:04:48.902 INFO [http-nio-8081-exec-509] org.apache.catalina.core.ApplicationContext.log Manager: list: Listing contexts for virtual host 'localhost'
28-Nov-2018 22:05:02.806 INFO [http-nio-8081-exec-505] org.apache.catalina.core.ApplicationContext.log Manager: list: Listing contexts for virtual host 'localhost'
28-Nov-2018 22:09:28.623 INFO [http-nio-8081-exec-511] org.apache.catalina.core.ApplicationContext.log Manager: list: Listing contexts for virtual host 'localhost'
28-Nov-2018 22:09:28.632 INFO [http-nio-8081-exec-512] org.apache.catalina.core.ApplicationContext.log Manager: restart: Reloading web application '/shophouse'
28-Nov-2018 22:09:34.989 INFO [http-nio-8081-exec-506] org.apache.catalina.core.ApplicationContext.log Manager: list: Listing contexts for virtual host 'localhost'
28-Nov-2018 22:09:35.034 INFO [http-nio-8081-exec-504] org.apache.catalina.core.ApplicationContext.log Manager: restart: Reloading web application '/shophouse'
28-Nov-2018 22:09:45.060 INFO [http-nio-8081-exec-510] org.apache.catalina.core.ApplicationContext.log Manager: list: Listing contexts for virtual host 'localhost'
28-Nov-2018 22:09:45.070 INFO [http-nio-8081-exec-513] org.apache.catalina.core.ApplicationContext.log Manager: restart: Reloading web application '/shophouse'
28-Nov-2018 22:11:17.320 INFO [http-nio-8081-exec-507] org.apache.catalina.core.ApplicationContext.log Manager: list: Listing contexts for virtual host 'localhost'
28-Nov-2018 22:11:35.699 INFO [http-nio-8081-exec-515] org.apache.catalina.core.ApplicationContext.log Manager: list: Listing contexts for virtual host 'localhost'
28-Nov-2018 22:12:13.741 INFO [http-nio-8081-exec-511] org.apache.catalina.core.ApplicationContext.log Manager: list: Listing contexts for virtual host 'localhost'
28-Nov-2018 22:12:13.750 INFO [http-nio-8081-exec-521] org.apache.catalina.core.ApplicationContext.log Manager: restart: Reloading web application '/shophouse'
28-Nov-2018 22:12:49.038 INFO [http-nio-8081-exec-523] org.apache.catalina.core.ApplicationContext.log Manager: list: Listing contexts for virtual host 'localhost'
28-Nov-2018 22:12:49.056 INFO [http-nio-8081-exec-519] org.apache.catalina.core.ApplicationContext.log Manager: restart: Reloading web application '/shophouse'
28-Nov-2018 22:13:49.812 INFO [http-nio-8081-exec-517] org.apache.catalina.core.ApplicationContext.log Manager: list: Listing contexts for virtual host 'localhost'
28-Nov-2018 22:13:56.416 INFO [http-nio-8081-exec-523] org.apache.catalina.core.ApplicationContext.log Manager: list: Listing contexts for virtual host 'localhost'
28-Nov-2018 22:13:56.424 INFO [http-nio-8081-exec-517] org.apache.catalina.core.ApplicationContext.log Manager: restart: Reloading web application '/shophouse'
28-Nov-2018 22:14:20.457 INFO [http-nio-8081-exec-518] org.apache.catalina.core.ApplicationContext.log Manager: list: Listing contexts for virtual host 'localhost'
28-Nov-2018 22:14:36.006 INFO [http-nio-8081-exec-529] org.apache.catalina.core.ApplicationContext.log Manager: list: Listing contexts for virtual host 'localhost'
28-Nov-2018 22:14:45.981 INFO [http-nio-8081-exec-523] org.apache.catalina.core.ApplicationContext.log Manager: list: Listing contexts for virtual host 'localhost'
28-Nov-2018 22:15:03.055 INFO [http-nio-8081-exec-515] org.apache.catalina.core.ApplicationContext.log Manager: list: Listing contexts for virtual host 'localhost'
28-Nov-2018 22:15:14.463 INFO [http-nio-8081-exec-528] org.apache.catalina.core.ApplicationContext.log Manager: list: Listing contexts for virtual host 'localhost'
28-Nov-2018 22:16:06.368 INFO [http-nio-8081-exec-523] org.apache.catalina.core.ApplicationContext.log Manager: list: Listing contexts for virtual host 'localhost'
28-Nov-2018 22:16:06.373 INFO [http-nio-8081-exec-534] org.apache.catalina.core.ApplicationContext.log Manager: list: Listing contexts for virtual host 'localhost'
28-Nov-2018 22:16:06.563 INFO [http-nio-8081-exec-527] org.apache.catalina.core.ApplicationContext.log Manager: stop: Stopping web application '/shophouse'
28-Nov-2018 22:16:06.642 INFO [http-nio-8081-exec-536] org.apache.catalina.core.ApplicationContext.log Manager: start: Starting web application '/shophouse'
28-Nov-2018 22:16:37.465 INFO [http-nio-8081-exec-530] org.apache.catalina.core.ApplicationContext.log Manager: list: Listing contexts for virtual host 'localhost'
28-Nov-2018 22:16:45.736 INFO [http-nio-8081-exec-530] org.apache.catalina.core.ApplicationContext.log Manager: list: Listing contexts for virtual host 'localhost'
28-Nov-2018 22:16:47.794 INFO [http-nio-8081-exec-531] org.apache.catalina.core.ApplicationContext.log Manager: list: Listing contexts for virtual host 'localhost'
28-Nov-2018 22:18:47.100 INFO [http-nio-8081-exec-537] org.apache.catalina.core.ApplicationContext.log Manager: list: Listing contexts for virtual host 'localhost'
28-Nov-2018 22:19:19.815 INFO [http-nio-8081-exec-541] org.apache.catalina.core.ApplicationContext.log Manager: list: Listing contexts for virtual host 'localhost'
28-Nov-2018 22:19:31.809 INFO [http-nio-8081-exec-546] org.apache.catalina.core.ApplicationContext.log Manager: list: Listing contexts for virtual host 'localhost'
28-Nov-2018 22:19:45.776 INFO [http-nio-8081-exec-541] org.apache.catalina.core.ApplicationContext.log Manager: list: Listing contexts for virtual host 'localhost'
28-Nov-2018 22:19:49.598 INFO [http-nio-8081-exec-539] org.apache.catalina.core.ApplicationContext.log Manager: list: Listing contexts for virtual host 'localhost'
28-Nov-2018 22:20:23.237 INFO [http-nio-8081-exec-542] org.apache.catalina.core.ApplicationContext.log Manager: list: Listing contexts for virtual host 'localhost'
28-Nov-2018 22:20:40.226 INFO [http-nio-8081-exec-544] org.apache.catalina.core.ApplicationContext.log Manager: list: Listing contexts for virtual host 'localhost'
28-Nov-2018 22:20:51.804 INFO [http-nio-8081-exec-545] org.apache.catalina.core.ApplicationContext.log Manager: list: Listing contexts for virtual host 'localhost'
28-Nov-2018 22:21:10.360 INFO [http-nio-8081-exec-538] org.apache.catalina.core.ApplicationContext.log Manager: list: Listing contexts for virtual host 'localhost'
28-Nov-2018 22:21:25.069 INFO [http-nio-8081-exec-545] org.apache.catalina.core.ApplicationContext.log Manager: list: Listing contexts for virtual host 'localhost'
28-Nov-2018 22:22:04.141 INFO [http-nio-8081-exec-542] org.apache.catalina.core.ApplicationContext.log Manager: list: Listing contexts for virtual host 'localhost'
28-Nov-2018 22:22:04.154 INFO [http-nio-8081-exec-546] org.apache.catalina.core.ApplicationContext.log Manager: restart: Reloading web application '/shophouse'
28-Nov-2018 22:22:10.635 INFO [http-nio-8081-exec-542] org.apache.catalina.core.ApplicationContext.log Manager: list: Listing contexts for virtual host 'localhost'
