13-Dec-2018 07:14:08.049 INFO [http-nio-8081-exec-166] org.apache.catalina.core.ApplicationContext.log Manager: list: Listing contexts for virtual host 'localhost'
13-Dec-2018 07:14:08.062 INFO [http-nio-8081-exec-167] org.apache.catalina.core.ApplicationContext.log Manager: restart: Reloading web application '/MyShop'
13-Dec-2018 07:15:03.875 INFO [http-nio-8081-exec-166] org.apache.catalina.core.ApplicationContext.log Manager: list: Listing contexts for virtual host 'localhost'
13-Dec-2018 07:15:03.885 INFO [http-nio-8081-exec-139] org.apache.catalina.core.ApplicationContext.log Manager: restart: Reloading web application '/MyShop'
13-Dec-2018 07:16:25.972 INFO [http-nio-8081-exec-173] org.apache.catalina.core.ApplicationContext.log Manager: list: Listing contexts for virtual host 'localhost'
13-Dec-2018 07:16:25.992 INFO [http-nio-8081-exec-172] org.apache.catalina.core.ApplicationContext.log Manager: restart: Reloading web application '/MyShop'
13-Dec-2018 07:16:45.969 INFO [http-nio-8081-exec-173] org.apache.catalina.core.ApplicationContext.log Manager: list: Listing contexts for virtual host 'localhost'
13-Dec-2018 07:16:45.979 INFO [http-nio-8081-exec-168] org.apache.catalina.core.ApplicationContext.log Manager: restart: Reloading web application '/MyShop'
13-Dec-2018 07:20:01.589 INFO [http-nio-8081-exec-181] org.apache.catalina.core.ApplicationContext.log Manager: list: Listing contexts for virtual host 'localhost'
13-Dec-2018 07:20:01.599 INFO [http-nio-8081-exec-182] org.apache.catalina.core.ApplicationContext.log Manager: restart: Reloading web application '/MyShop'
13-Dec-2018 07:20:08.776 INFO [http-nio-8081-exec-180] org.apache.catalina.core.ApplicationContext.log Manager: list: Listing contexts for virtual host 'localhost'
13-Dec-2018 07:20:08.790 INFO [http-nio-8081-exec-183] org.apache.catalina.core.ApplicationContext.log Manager: restart: Reloading web application '/MyShop'
13-Dec-2018 07:20:15.249 INFO [http-nio-8081-exec-181] org.apache.catalina.core.ApplicationContext.log Manager: list: Listing contexts for virtual host 'localhost'
13-Dec-2018 07:20:15.281 INFO [http-nio-8081-exec-185] org.apache.catalina.core.ApplicationContext.log Manager: restart: Reloading web application '/MyShop'
13-Dec-2018 07:21:24.580 INFO [http-nio-8081-exec-188] org.apache.catalina.core.ApplicationContext.log Manager: list: Listing contexts for virtual host 'localhost'
13-Dec-2018 07:21:24.601 INFO [http-nio-8081-exec-193] org.apache.catalina.core.ApplicationContext.log Manager: restart: Reloading web application '/MyShop'
13-Dec-2018 07:21:29.301 INFO [http-nio-8081-exec-192] org.apache.catalina.core.ApplicationContext.log Manager: list: Listing contexts for virtual host 'localhost'
13-Dec-2018 07:21:29.314 INFO [http-nio-8081-exec-190] org.apache.catalina.core.ApplicationContext.log Manager: restart: Reloading web application '/MyShop'
13-Dec-2018 07:21:49.148 INFO [http-nio-8081-exec-189] org.apache.catalina.core.ApplicationContext.log Manager: list: Listing contexts for virtual host 'localhost'
13-Dec-2018 07:21:49.159 INFO [http-nio-8081-exec-179] org.apache.catalina.core.ApplicationContext.log Manager: restart: Reloading web application '/MyShop'
13-Dec-2018 07:21:54.256 INFO [http-nio-8081-exec-187] org.apache.catalina.core.ApplicationContext.log Manager: list: Listing contexts for virtual host 'localhost'
13-Dec-2018 07:21:54.298 INFO [http-nio-8081-exec-188] org.apache.catalina.core.ApplicationContext.log Manager: restart: Reloading web application '/MyShop'
13-Dec-2018 07:22:08.886 INFO [http-nio-8081-exec-197] org.apache.catalina.core.ApplicationContext.log Manager: list: Listing contexts for virtual host 'localhost'
13-Dec-2018 07:22:08.900 INFO [http-nio-8081-exec-196] org.apache.catalina.core.ApplicationContext.log Manager: restart: Reloading web application '/MyShop'
13-Dec-2018 07:22:56.053 INFO [http-nio-8081-exec-194] org.apache.catalina.core.ApplicationContext.log Manager: list: Listing contexts for virtual host 'localhost'
13-Dec-2018 07:22:56.069 INFO [http-nio-8081-exec-195] org.apache.catalina.core.ApplicationContext.log Manager: restart: Reloading web application '/MyShop'
13-Dec-2018 07:23:02.199 INFO [http-nio-8081-exec-200] org.apache.catalina.core.ApplicationContext.log Manager: list: Listing contexts for virtual host 'localhost'
13-Dec-2018 07:23:02.308 INFO [http-nio-8081-exec-201] org.apache.catalina.core.ApplicationContext.log Manager: restart: Reloading web application '/MyShop'
13-Dec-2018 07:23:20.479 INFO [http-nio-8081-exec-198] org.apache.catalina.core.ApplicationContext.log Manager: list: Listing contexts for virtual host 'localhost'
13-Dec-2018 07:23:20.490 INFO [http-nio-8081-exec-204] org.apache.catalina.core.ApplicationContext.log Manager: restart: Reloading web application '/MyShop'
13-Dec-2018 07:23:30.434 INFO [http-nio-8081-exec-206] org.apache.catalina.core.ApplicationContext.log Manager: list: Listing contexts for virtual host 'localhost'
13-Dec-2018 07:23:30.447 INFO [http-nio-8081-exec-187] org.apache.catalina.core.ApplicationContext.log Manager: restart: Reloading web application '/MyShop'
13-Dec-2018 07:25:56.565 INFO [http-nio-8081-exec-208] org.apache.catalina.core.ApplicationContext.log Manager: list: Listing contexts for virtual host 'localhost'
13-Dec-2018 07:25:56.579 INFO [http-nio-8081-exec-203] org.apache.catalina.core.ApplicationContext.log Manager: restart: Reloading web application '/MyShop'
13-Dec-2018 07:26:30.304 INFO [http-nio-8081-exec-210] org.apache.catalina.core.ApplicationContext.log Manager: list: Listing contexts for virtual host 'localhost'
13-Dec-2018 07:26:30.319 INFO [http-nio-8081-exec-208] org.apache.catalina.core.ApplicationContext.log Manager: restart: Reloading web application '/MyShop'
13-Dec-2018 07:26:57.611 INFO [http-nio-8081-exec-214] org.apache.catalina.core.ApplicationContext.log Manager: list: Listing contexts for virtual host 'localhost'
13-Dec-2018 07:26:57.622 INFO [http-nio-8081-exec-211] org.apache.catalina.core.ApplicationContext.log Manager: restart: Reloading web application '/MyShop'
13-Dec-2018 07:27:20.169 INFO [http-nio-8081-exec-216] org.apache.catalina.core.ApplicationContext.log Manager: list: Listing contexts for virtual host 'localhost'
13-Dec-2018 07:27:20.207 INFO [http-nio-8081-exec-212] org.apache.catalina.core.ApplicationContext.log Manager: restart: Reloading web application '/MyShop'
13-Dec-2018 07:27:29.892 INFO [http-nio-8081-exec-220] org.apache.catalina.core.ApplicationContext.log Manager: list: Listing contexts for virtual host 'localhost'
13-Dec-2018 07:27:29.917 INFO [http-nio-8081-exec-217] org.apache.catalina.core.ApplicationContext.log Manager: restart: Reloading web application '/MyShop'
13-Dec-2018 07:27:48.222 INFO [http-nio-8081-exec-222] org.apache.catalina.core.ApplicationContext.log Manager: list: Listing contexts for virtual host 'localhost'
13-Dec-2018 07:27:48.233 INFO [http-nio-8081-exec-214] org.apache.catalina.core.ApplicationContext.log Manager: restart: Reloading web application '/MyShop'
13-Dec-2018 07:28:39.233 INFO [http-nio-8081-exec-220] org.apache.catalina.core.ApplicationContext.log Manager: list: Listing contexts for virtual host 'localhost'
13-Dec-2018 07:28:39.254 INFO [http-nio-8081-exec-221] org.apache.catalina.core.ApplicationContext.log Manager: restart: Reloading web application '/MyShop'
13-Dec-2018 07:28:50.153 INFO [http-nio-8081-exec-215] org.apache.catalina.core.ApplicationContext.log Manager: list: Listing contexts for virtual host 'localhost'
13-Dec-2018 07:28:50.164 INFO [http-nio-8081-exec-210] org.apache.catalina.core.ApplicationContext.log Manager: restart: Reloading web application '/MyShop'
13-Dec-2018 07:29:32.242 INFO [http-nio-8081-exec-228] org.apache.catalina.core.ApplicationContext.log Manager: list: Listing contexts for virtual host 'localhost'
13-Dec-2018 07:29:39.911 INFO [http-nio-8081-exec-219] org.apache.catalina.core.ApplicationContext.log Manager: list: Listing contexts for virtual host 'localhost'
13-Dec-2018 07:30:22.935 INFO [http-nio-8081-exec-222] org.apache.catalina.core.ApplicationContext.log Manager: list: Listing contexts for virtual host 'localhost'
13-Dec-2018 07:31:02.378 INFO [http-nio-8081-exec-226] org.apache.catalina.core.ApplicationContext.log Manager: list: Listing contexts for virtual host 'localhost'
13-Dec-2018 07:31:52.780 INFO [http-nio-8081-exec-229] org.apache.catalina.core.ApplicationContext.log Manager: list: Listing contexts for virtual host 'localhost'
13-Dec-2018 07:32:01.556 INFO [http-nio-8081-exec-230] org.apache.catalina.core.ApplicationContext.log Manager: list: Listing contexts for virtual host 'localhost'
13-Dec-2018 07:33:57.927 INFO [http-nio-8081-exec-233] org.apache.catalina.core.ApplicationContext.log Manager: list: Listing contexts for virtual host 'localhost'
13-Dec-2018 07:33:57.939 INFO [http-nio-8081-exec-235] org.apache.catalina.core.ApplicationContext.log Manager: restart: Reloading web application '/MyShop'
13-Dec-2018 07:34:08.707 INFO [http-nio-8081-exec-236] org.apache.catalina.core.ApplicationContext.log Manager: list: Listing contexts for virtual host 'localhost'
13-Dec-2018 07:34:08.719 INFO [http-nio-8081-exec-232] org.apache.catalina.core.ApplicationContext.log Manager: restart: Reloading web application '/MyShop'
13-Dec-2018 07:34:13.493 INFO [http-nio-8081-exec-238] org.apache.catalina.core.ApplicationContext.log Manager: list: Listing contexts for virtual host 'localhost'
13-Dec-2018 07:34:13.504 INFO [http-nio-8081-exec-236] org.apache.catalina.core.ApplicationContext.log Manager: restart: Reloading web application '/MyShop'
13-Dec-2018 07:35:49.377 INFO [http-nio-8081-exec-227] org.apache.catalina.core.ApplicationContext.log Manager: list: Listing contexts for virtual host 'localhost'
13-Dec-2018 07:35:49.389 INFO [http-nio-8081-exec-243] org.apache.catalina.core.ApplicationContext.log Manager: restart: Reloading web application '/MyShop'
13-Dec-2018 07:37:22.066 INFO [http-nio-8081-exec-245] org.apache.catalina.core.ApplicationContext.log Manager: list: Listing contexts for virtual host 'localhost'
13-Dec-2018 07:37:36.024 INFO [http-nio-8081-exec-228] org.apache.catalina.core.ApplicationContext.log Manager: list: Listing contexts for virtual host 'localhost'
13-Dec-2018 07:37:36.034 INFO [http-nio-8081-exec-233] org.apache.catalina.core.ApplicationContext.log Manager: restart: Reloading web application '/MyShop'
13-Dec-2018 07:37:50.722 INFO [http-nio-8081-exec-241] org.apache.catalina.core.ApplicationContext.log Manager: list: Listing contexts for virtual host 'localhost'
13-Dec-2018 07:37:50.736 INFO [http-nio-8081-exec-247] org.apache.catalina.core.ApplicationContext.log Manager: restart: Reloading web application '/MyShop'
13-Dec-2018 07:38:43.195 INFO [http-nio-8081-exec-246] org.apache.catalina.core.ApplicationContext.log Manager: list: Listing contexts for virtual host 'localhost'
13-Dec-2018 07:38:43.206 INFO [http-nio-8081-exec-250] org.apache.catalina.core.ApplicationContext.log Manager: restart: Reloading web application '/MyShop'
13-Dec-2018 07:39:16.944 INFO [http-nio-8081-exec-241] org.apache.catalina.core.ApplicationContext.log Manager: list: Listing contexts for virtual host 'localhost'
13-Dec-2018 07:39:16.954 INFO [http-nio-8081-exec-227] org.apache.catalina.core.ApplicationContext.log Manager: restart: Reloading web application '/MyShop'
13-Dec-2018 07:39:26.547 INFO [http-nio-8081-exec-251] org.apache.catalina.core.ApplicationContext.log Manager: list: Listing contexts for virtual host 'localhost'
13-Dec-2018 07:39:26.564 INFO [http-nio-8081-exec-248] org.apache.catalina.core.ApplicationContext.log Manager: restart: Reloading web application '/MyShop'
13-Dec-2018 07:41:03.637 INFO [http-nio-8081-exec-260] org.apache.catalina.core.ApplicationContext.log Manager: list: Listing contexts for virtual host 'localhost'
13-Dec-2018 07:41:03.647 INFO [http-nio-8081-exec-255] org.apache.catalina.core.ApplicationContext.log Manager: restart: Reloading web application '/MyShop'
13-Dec-2018 07:43:34.579 INFO [http-nio-8081-exec-270] org.apache.catalina.core.ApplicationContext.log Manager: list: Listing contexts for virtual host 'localhost'
13-Dec-2018 07:43:34.611 INFO [http-nio-8081-exec-273] org.apache.catalina.core.ApplicationContext.log Manager: restart: Reloading web application '/MyShop'
13-Dec-2018 07:43:43.869 INFO [http-nio-8081-exec-275] org.apache.catalina.core.ApplicationContext.log Manager: list: Listing contexts for virtual host 'localhost'
13-Dec-2018 07:43:43.884 INFO [http-nio-8081-exec-265] org.apache.catalina.core.ApplicationContext.log Manager: restart: Reloading web application '/MyShop'
13-Dec-2018 07:44:23.703 INFO [http-nio-8081-exec-271] org.apache.catalina.core.ApplicationContext.log Manager: list: Listing contexts for virtual host 'localhost'
13-Dec-2018 07:44:23.744 INFO [http-nio-8081-exec-270] org.apache.catalina.core.ApplicationContext.log Manager: restart: Reloading web application '/MyShop'
13-Dec-2018 07:44:31.101 INFO [http-nio-8081-exec-278] org.apache.catalina.core.ApplicationContext.log Manager: list: Listing contexts for virtual host 'localhost'
13-Dec-2018 07:44:31.111 INFO [http-nio-8081-exec-268] org.apache.catalina.core.ApplicationContext.log Manager: restart: Reloading web application '/MyShop'
13-Dec-2018 07:44:35.867 INFO [http-nio-8081-exec-272] org.apache.catalina.core.ApplicationContext.log Manager: list: Listing contexts for virtual host 'localhost'
13-Dec-2018 07:44:35.878 INFO [http-nio-8081-exec-275] org.apache.catalina.core.ApplicationContext.log Manager: restart: Reloading web application '/MyShop'
13-Dec-2018 07:44:57.019 INFO [http-nio-8081-exec-283] org.apache.catalina.core.ApplicationContext.log Manager: list: Listing contexts for virtual host 'localhost'
13-Dec-2018 07:44:57.037 INFO [http-nio-8081-exec-274] org.apache.catalina.core.ApplicationContext.log Manager: restart: Reloading web application '/MyShop'
13-Dec-2018 07:45:30.337 INFO [http-nio-8081-exec-272] org.apache.catalina.core.ApplicationContext.log Manager: list: Listing contexts for virtual host 'localhost'
13-Dec-2018 07:45:30.347 INFO [http-nio-8081-exec-283] org.apache.catalina.core.ApplicationContext.log Manager: restart: Reloading web application '/MyShop'
13-Dec-2018 07:46:15.549 INFO [http-nio-8081-exec-281] org.apache.catalina.core.ApplicationContext.log Manager: list: Listing contexts for virtual host 'localhost'
13-Dec-2018 07:46:15.559 INFO [http-nio-8081-exec-267] org.apache.catalina.core.ApplicationContext.log Manager: restart: Reloading web application '/MyShop'
13-Dec-2018 07:46:25.029 INFO [http-nio-8081-exec-282] org.apache.catalina.core.ApplicationContext.log Manager: list: Listing contexts for virtual host 'localhost'
13-Dec-2018 07:46:25.076 INFO [http-nio-8081-exec-279] org.apache.catalina.core.ApplicationContext.log Manager: restart: Reloading web application '/MyShop'
13-Dec-2018 07:46:41.905 INFO [http-nio-8081-exec-291] org.apache.catalina.core.ApplicationContext.log Manager: list: Listing contexts for virtual host 'localhost'
13-Dec-2018 07:46:41.915 INFO [http-nio-8081-exec-288] org.apache.catalina.core.ApplicationContext.log Manager: restart: Reloading web application '/MyShop'
13-Dec-2018 07:46:57.803 INFO [http-nio-8081-exec-284] org.apache.catalina.core.ApplicationContext.log Manager: list: Listing contexts for virtual host 'localhost'
13-Dec-2018 07:46:57.839 INFO [http-nio-8081-exec-266] org.apache.catalina.core.ApplicationContext.log Manager: restart: Reloading web application '/MyShop'
13-Dec-2018 07:47:16.310 INFO [http-nio-8081-exec-295] org.apache.catalina.core.ApplicationContext.log Manager: list: Listing contexts for virtual host 'localhost'
13-Dec-2018 07:47:16.321 INFO [http-nio-8081-exec-291] org.apache.catalina.core.ApplicationContext.log Manager: restart: Reloading web application '/MyShop'
13-Dec-2018 07:50:21.020 INFO [http-nio-8081-exec-301] org.apache.catalina.core.ApplicationContext.log Manager: list: Listing contexts for virtual host 'localhost'
13-Dec-2018 07:50:21.020 INFO [http-nio-8081-exec-299] org.apache.catalina.core.ApplicationContext.log Manager: restart: Reloading web application '/MyShop'
13-Dec-2018 07:50:34.550 INFO [http-nio-8081-exec-307] org.apache.catalina.core.ApplicationContext.log Manager: list: Listing contexts for virtual host 'localhost'
13-Dec-2018 07:50:34.572 INFO [http-nio-8081-exec-305] org.apache.catalina.core.ApplicationContext.log Manager: restart: Reloading web application '/MyShop'
13-Dec-2018 07:50:39.392 INFO [http-nio-8081-exec-302] org.apache.catalina.core.ApplicationContext.log Manager: list: Listing contexts for virtual host 'localhost'
13-Dec-2018 07:50:39.408 INFO [http-nio-8081-exec-297] org.apache.catalina.core.ApplicationContext.log Manager: restart: Reloading web application '/MyShop'
13-Dec-2018 07:50:44.157 INFO [http-nio-8081-exec-296] org.apache.catalina.core.ApplicationContext.log Manager: list: Listing contexts for virtual host 'localhost'
13-Dec-2018 07:50:44.189 INFO [http-nio-8081-exec-304] org.apache.catalina.core.ApplicationContext.log Manager: restart: Reloading web application '/MyShop'
13-Dec-2018 07:50:56.743 INFO [http-nio-8081-exec-307] org.apache.catalina.core.ApplicationContext.log Manager: list: Listing contexts for virtual host 'localhost'
13-Dec-2018 07:50:56.781 INFO [http-nio-8081-exec-309] org.apache.catalina.core.ApplicationContext.log Manager: restart: Reloading web application '/MyShop'
13-Dec-2018 07:52:26.920 INFO [http-nio-8081-exec-312] org.apache.catalina.core.ApplicationContext.log Manager: list: Listing contexts for virtual host 'localhost'
13-Dec-2018 07:52:26.936 INFO [http-nio-8081-exec-307] org.apache.catalina.core.ApplicationContext.log Manager: restart: Reloading web application '/MyShop'
13-Dec-2018 07:52:32.022 INFO [http-nio-8081-exec-302] org.apache.catalina.core.ApplicationContext.log Manager: list: Listing contexts for virtual host 'localhost'
13-Dec-2018 07:52:32.040 INFO [http-nio-8081-exec-306] org.apache.catalina.core.ApplicationContext.log Manager: restart: Reloading web application '/MyShop'
13-Dec-2018 07:53:14.976 INFO [http-nio-8081-exec-296] org.apache.catalina.core.ApplicationContext.log Manager: list: Listing contexts for virtual host 'localhost'
13-Dec-2018 07:53:14.976 INFO [http-nio-8081-exec-316] org.apache.catalina.core.ApplicationContext.log Manager: restart: Reloading web application '/MyShop'
13-Dec-2018 07:53:20.501 INFO [http-nio-8081-exec-303] org.apache.catalina.core.ApplicationContext.log Manager: list: Listing contexts for virtual host 'localhost'
13-Dec-2018 07:53:20.539 INFO [http-nio-8081-exec-312] org.apache.catalina.core.ApplicationContext.log Manager: restart: Reloading web application '/MyShop'
13-Dec-2018 07:54:22.931 INFO [http-nio-8081-exec-323] org.apache.catalina.core.ApplicationContext.log Manager: list: Listing contexts for virtual host 'localhost'
13-Dec-2018 07:54:22.931 INFO [http-nio-8081-exec-321] org.apache.catalina.core.ApplicationContext.log Manager: restart: Reloading web application '/MyShop'
13-Dec-2018 07:54:31.063 INFO [http-nio-8081-exec-325] org.apache.catalina.core.ApplicationContext.log Manager: list: Listing contexts for virtual host 'localhost'
13-Dec-2018 07:54:31.065 INFO [http-nio-8081-exec-319] org.apache.catalina.core.ApplicationContext.log Manager: restart: Reloading web application '/MyShop'
13-Dec-2018 07:54:38.592 INFO [http-nio-8081-exec-323] org.apache.catalina.core.ApplicationContext.log Manager: list: Listing contexts for virtual host 'localhost'
13-Dec-2018 07:54:38.592 INFO [http-nio-8081-exec-324] org.apache.catalina.core.ApplicationContext.log Manager: restart: Reloading web application '/MyShop'
13-Dec-2018 07:54:51.248 INFO [http-nio-8081-exec-302] org.apache.catalina.core.ApplicationContext.log Manager: list: Listing contexts for virtual host 'localhost'
13-Dec-2018 07:54:51.248 INFO [http-nio-8081-exec-317] org.apache.catalina.core.ApplicationContext.log Manager: restart: Reloading web application '/MyShop'
13-Dec-2018 07:56:04.057 INFO [http-nio-8081-exec-330] org.apache.catalina.core.ApplicationContext.log Manager: list: Listing contexts for virtual host 'localhost'
13-Dec-2018 07:56:04.066 INFO [http-nio-8081-exec-302] org.apache.catalina.core.ApplicationContext.log Manager: restart: Reloading web application '/MyShop'
13-Dec-2018 07:56:21.245 INFO [http-nio-8081-exec-330] org.apache.catalina.core.ApplicationContext.log Manager: list: Listing contexts for virtual host 'localhost'
13-Dec-2018 07:56:21.355 INFO [http-nio-8081-exec-326] org.apache.catalina.core.ApplicationContext.log Manager: restart: Reloading web application '/MyShop'
13-Dec-2018 07:56:26.311 INFO [http-nio-8081-exec-330] org.apache.catalina.core.ApplicationContext.log Manager: list: Listing contexts for virtual host 'localhost'
13-Dec-2018 07:56:26.327 INFO [http-nio-8081-exec-332] org.apache.catalina.core.ApplicationContext.log Manager: restart: Reloading web application '/MyShop'
13-Dec-2018 07:56:59.657 INFO [http-nio-8081-exec-296] org.apache.catalina.core.ApplicationContext.log Manager: list: Listing contexts for virtual host 'localhost'
13-Dec-2018 07:56:59.672 INFO [http-nio-8081-exec-334] org.apache.catalina.core.ApplicationContext.log Manager: restart: Reloading web application '/MyShop'
13-Dec-2018 07:57:21.477 INFO [http-nio-8081-exec-338] org.apache.catalina.core.ApplicationContext.log Manager: list: Listing contexts for virtual host 'localhost'
13-Dec-2018 07:57:21.664 INFO [http-nio-8081-exec-330] org.apache.catalina.core.ApplicationContext.log Manager: restart: Reloading web application '/MyShop'
13-Dec-2018 07:58:49.674 INFO [http-nio-8081-exec-341] org.apache.catalina.core.ApplicationContext.log Manager: list: Listing contexts for virtual host 'localhost'
13-Dec-2018 07:58:49.690 INFO [http-nio-8081-exec-333] org.apache.catalina.core.ApplicationContext.log Manager: restart: Reloading web application '/MyShop'
13-Dec-2018 07:59:01.207 INFO [http-nio-8081-exec-346] org.apache.catalina.core.ApplicationContext.log Manager: list: Listing contexts for virtual host 'localhost'
13-Dec-2018 07:59:01.222 INFO [http-nio-8081-exec-328] org.apache.catalina.core.ApplicationContext.log Manager: restart: Reloading web application '/MyShop'
13-Dec-2018 07:59:32.525 INFO [http-nio-8081-exec-338] org.apache.catalina.core.ApplicationContext.log Manager: list: Listing contexts for virtual host 'localhost'
13-Dec-2018 07:59:32.544 INFO [http-nio-8081-exec-331] org.apache.catalina.core.ApplicationContext.log Manager: restart: Reloading web application '/MyShop'
13-Dec-2018 07:59:37.256 INFO [http-nio-8081-exec-341] org.apache.catalina.core.ApplicationContext.log Manager: list: Listing contexts for virtual host 'localhost'
13-Dec-2018 07:59:37.303 INFO [http-nio-8081-exec-349] org.apache.catalina.core.ApplicationContext.log Manager: restart: Reloading web application '/MyShop'
13-Dec-2018 07:59:54.660 INFO [http-nio-8081-exec-343] org.apache.catalina.core.ApplicationContext.log Manager: list: Listing contexts for virtual host 'localhost'
13-Dec-2018 07:59:54.675 INFO [http-nio-8081-exec-341] org.apache.catalina.core.ApplicationContext.log Manager: restart: Reloading web application '/MyShop'
13-Dec-2018 08:00:14.255 INFO [http-nio-8081-exec-353] org.apache.catalina.core.ApplicationContext.log Manager: list: Listing contexts for virtual host 'localhost'
13-Dec-2018 08:00:14.271 INFO [http-nio-8081-exec-347] org.apache.catalina.core.ApplicationContext.log Manager: restart: Reloading web application '/MyShop'
13-Dec-2018 08:00:19.039 INFO [http-nio-8081-exec-344] org.apache.catalina.core.ApplicationContext.log Manager: list: Listing contexts for virtual host 'localhost'
13-Dec-2018 08:00:19.054 INFO [http-nio-8081-exec-351] org.apache.catalina.core.ApplicationContext.log Manager: restart: Reloading web application '/MyShop'
13-Dec-2018 08:02:56.025 INFO [http-nio-8081-exec-357] org.apache.catalina.core.ApplicationContext.log Manager: list: Listing contexts for virtual host 'localhost'
13-Dec-2018 08:02:56.029 INFO [http-nio-8081-exec-363] org.apache.catalina.core.ApplicationContext.log Manager: list: Listing contexts for virtual host 'localhost'
13-Dec-2018 08:02:56.170 INFO [http-nio-8081-exec-358] org.apache.catalina.core.ApplicationContext.log Manager: restart: Reloading web application '/'
13-Dec-2018 08:04:45.985 INFO [http-nio-8081-exec-367] org.apache.catalina.core.ApplicationContext.log Manager: list: Listing contexts for virtual host 'localhost'
13-Dec-2018 08:04:45.989 INFO [http-nio-8081-exec-368] org.apache.catalina.core.ApplicationContext.log Manager: list: Listing contexts for virtual host 'localhost'
13-Dec-2018 08:04:46.091 INFO [http-nio-8081-exec-369] org.apache.catalina.core.ApplicationContext.log Manager: restart: Reloading web application '/MyShop'
13-Dec-2018 08:09:52.559 INFO [http-nio-8081-exec-379] org.apache.catalina.core.ApplicationContext.log Manager: list: Listing contexts for virtual host 'localhost'
13-Dec-2018 08:09:52.568 INFO [http-nio-8081-exec-380] org.apache.catalina.core.ApplicationContext.log Manager: restart: Reloading web application '/'
13-Dec-2018 08:09:58.537 INFO [http-nio-8081-exec-378] org.apache.catalina.core.ApplicationContext.log Manager: list: Listing contexts for virtual host 'localhost'
13-Dec-2018 08:09:58.561 INFO [http-nio-8081-exec-379] org.apache.catalina.core.ApplicationContext.log Manager: restart: Reloading web application '/'
13-Dec-2018 08:10:07.462 INFO [http-nio-8081-exec-381] org.apache.catalina.core.ApplicationContext.log Manager: list: Listing contexts for virtual host 'localhost'
13-Dec-2018 08:10:07.479 INFO [http-nio-8081-exec-385] org.apache.catalina.core.ApplicationContext.log Manager: restart: Reloading web application '/'
13-Dec-2018 10:00:02.677 INFO [http-nio-8081-exec-395] org.apache.catalina.core.ApplicationContext.log Manager: list: Listing contexts for virtual host 'localhost'
13-Dec-2018 10:00:02.681 INFO [http-nio-8081-exec-396] org.apache.catalina.core.ApplicationContext.log Manager: list: Listing contexts for virtual host 'localhost'
13-Dec-2018 10:00:02.848 INFO [http-nio-8081-exec-397] org.apache.catalina.core.ApplicationContext.log Manager: restart: Reloading web application '/MuaBanNha'
13-Dec-2018 10:04:39.309 INFO [http-nio-8081-exec-401] org.apache.catalina.core.ApplicationContext.log Manager: list: Listing contexts for virtual host 'localhost'
13-Dec-2018 10:12:25.670 INFO [http-nio-8081-exec-407] org.apache.catalina.core.ApplicationContext.log Manager: list: Listing contexts for virtual host 'localhost'
13-Dec-2018 10:12:34.242 INFO [http-nio-8081-exec-403] org.apache.catalina.core.ApplicationContext.log Manager: list: Listing contexts for virtual host 'localhost'
13-Dec-2018 10:12:39.180 INFO [http-nio-8081-exec-405] org.apache.catalina.core.ApplicationContext.log Manager: list: Listing contexts for virtual host 'localhost'
13-Dec-2018 10:12:46.567 INFO [http-nio-8081-exec-406] org.apache.catalina.core.ApplicationContext.log Manager: list: Listing contexts for virtual host 'localhost'
13-Dec-2018 10:12:51.427 INFO [http-nio-8081-exec-399] org.apache.catalina.core.ApplicationContext.log Manager: list: Listing contexts for virtual host 'localhost'
13-Dec-2018 10:13:05.653 INFO [http-nio-8081-exec-402] org.apache.catalina.core.ApplicationContext.log Manager: list: Listing contexts for virtual host 'localhost'
13-Dec-2018 10:13:25.939 INFO [http-nio-8081-exec-406] org.apache.catalina.core.ApplicationContext.log Manager: list: Listing contexts for virtual host 'localhost'
13-Dec-2018 10:13:26.242 INFO [http-nio-8081-exec-408] org.apache.catalina.core.ApplicationContext.log Manager: list: Listing contexts for virtual host 'localhost'
13-Dec-2018 10:15:46.742 INFO [http-nio-8081-exec-404] org.apache.catalina.core.ApplicationContext.log Manager: list: Listing contexts for virtual host 'localhost'
13-Dec-2018 10:15:55.209 INFO [http-nio-8081-exec-408] org.apache.catalina.core.ApplicationContext.log Manager: list: Listing contexts for virtual host 'localhost'
13-Dec-2018 11:31:43.597 INFO [http-nio-8081-exec-405] org.apache.catalina.core.ApplicationContext.log Manager: list: Listing contexts for virtual host 'localhost'
13-Dec-2018 11:35:12.927 INFO [http-nio-8081-exec-407] org.apache.catalina.core.ApplicationContext.log Manager: list: Listing contexts for virtual host 'localhost'
13-Dec-2018 11:35:58.932 INFO [http-nio-8081-exec-404] org.apache.catalina.core.ApplicationContext.log Manager: list: Listing contexts for virtual host 'localhost'
13-Dec-2018 11:36:00.806 INFO [http-nio-8081-exec-400] org.apache.catalina.core.ApplicationContext.log Manager: list: Listing contexts for virtual host 'localhost'
13-Dec-2018 11:36:24.242 INFO [http-nio-8081-exec-408] org.apache.catalina.core.ApplicationContext.log Manager: list: Listing contexts for virtual host 'localhost'
13-Dec-2018 11:36:27.268 INFO [http-nio-8081-exec-407] org.apache.catalina.core.ApplicationContext.log Manager: list: Listing contexts for virtual host 'localhost'
13-Dec-2018 11:37:43.020 INFO [http-nio-8081-exec-400] org.apache.catalina.core.ApplicationContext.log Manager: list: Listing contexts for virtual host 'localhost'
13-Dec-2018 11:37:46.232 INFO [http-nio-8081-exec-401] org.apache.catalina.core.ApplicationContext.log Manager: list: Listing contexts for virtual host 'localhost'
13-Dec-2018 11:40:26.463 INFO [http-nio-8081-exec-399] org.apache.catalina.core.ApplicationContext.log Manager: list: Listing contexts for virtual host 'localhost'
13-Dec-2018 11:40:28.338 INFO [http-nio-8081-exec-406] org.apache.catalina.core.ApplicationContext.log Manager: list: Listing contexts for virtual host 'localhost'
13-Dec-2018 11:40:35.770 INFO [http-nio-8081-exec-400] org.apache.catalina.core.ApplicationContext.log Manager: list: Listing contexts for virtual host 'localhost'
13-Dec-2018 11:40:41.244 INFO [http-nio-8081-exec-403] org.apache.catalina.core.ApplicationContext.log Manager: list: Listing contexts for virtual host 'localhost'
13-Dec-2018 11:41:05.966 INFO [http-nio-8081-exec-402] org.apache.catalina.core.ApplicationContext.log Manager: list: Listing contexts for virtual host 'localhost'
13-Dec-2018 11:41:08.871 INFO [http-nio-8081-exec-404] org.apache.catalina.core.ApplicationContext.log Manager: list: Listing contexts for virtual host 'localhost'
13-Dec-2018 11:42:23.528 INFO [http-nio-8081-exec-406] org.apache.catalina.core.ApplicationContext.log Manager: list: Listing contexts for virtual host 'localhost'
13-Dec-2018 11:42:26.475 INFO [http-nio-8081-exec-404] org.apache.catalina.core.ApplicationContext.log Manager: list: Listing contexts for virtual host 'localhost'
13-Dec-2018 11:43:18.871 INFO [http-nio-8081-exec-401] org.apache.catalina.core.ApplicationContext.log Manager: list: Listing contexts for virtual host 'localhost'
13-Dec-2018 11:43:28.138 INFO [http-nio-8081-exec-400] org.apache.catalina.core.ApplicationContext.log Manager: list: Listing contexts for virtual host 'localhost'
13-Dec-2018 13:25:39.878 INFO [http-nio-8081-exec-407] org.apache.catalina.core.ApplicationContext.log Manager: list: Listing contexts for virtual host 'localhost'
13-Dec-2018 13:25:44.483 INFO [http-nio-8081-exec-404] org.apache.catalina.core.ApplicationContext.log Manager: list: Listing contexts for virtual host 'localhost'
13-Dec-2018 13:27:25.382 INFO [http-nio-8081-exec-405] org.apache.catalina.core.ApplicationContext.log Manager: list: Listing contexts for virtual host 'localhost'
13-Dec-2018 13:28:11.450 INFO [http-nio-8081-exec-404] org.apache.catalina.core.ApplicationContext.log Manager: list: Listing contexts for virtual host 'localhost'
13-Dec-2018 13:28:16.948 INFO [http-nio-8081-exec-407] org.apache.catalina.core.ApplicationContext.log Manager: list: Listing contexts for virtual host 'localhost'
13-Dec-2018 13:28:34.765 INFO [http-nio-8081-exec-402] org.apache.catalina.core.ApplicationContext.log Manager: list: Listing contexts for virtual host 'localhost'
13-Dec-2018 13:28:52.466 INFO [http-nio-8081-exec-403] org.apache.catalina.core.ApplicationContext.log Manager: list: Listing contexts for virtual host 'localhost'
13-Dec-2018 13:29:38.611 INFO [http-nio-8081-exec-404] org.apache.catalina.core.ApplicationContext.log Manager: list: Listing contexts for virtual host 'localhost'
13-Dec-2018 13:30:14.689 INFO [http-nio-8081-exec-405] org.apache.catalina.core.ApplicationContext.log Manager: list: Listing contexts for virtual host 'localhost'
13-Dec-2018 13:31:41.450 INFO [http-nio-8081-exec-407] org.apache.catalina.core.ApplicationContext.log Manager: list: Listing contexts for virtual host 'localhost'
13-Dec-2018 13:31:47.503 INFO [http-nio-8081-exec-403] org.apache.catalina.core.ApplicationContext.log Manager: list: Listing contexts for virtual host 'localhost'
13-Dec-2018 13:32:26.954 INFO [http-nio-8081-exec-404] org.apache.catalina.core.ApplicationContext.log Manager: list: Listing contexts for virtual host 'localhost'
13-Dec-2018 13:32:54.926 INFO [http-nio-8081-exec-401] org.apache.catalina.core.ApplicationContext.log Manager: list: Listing contexts for virtual host 'localhost'
13-Dec-2018 13:32:54.929 INFO [http-nio-8081-exec-406] org.apache.catalina.core.ApplicationContext.log Manager: list: Listing contexts for virtual host 'localhost'
13-Dec-2018 13:33:11.754 INFO [http-nio-8081-exec-405] org.apache.catalina.core.ApplicationContext.log Manager: list: Listing contexts for virtual host 'localhost'
13-Dec-2018 13:33:26.808 INFO [http-nio-8081-exec-401] org.apache.catalina.core.ApplicationContext.log Manager: list: Listing contexts for virtual host 'localhost'
13-Dec-2018 13:33:39.342 INFO [http-nio-8081-exec-406] org.apache.catalina.core.ApplicationContext.log Manager: list: Listing contexts for virtual host 'localhost'
13-Dec-2018 13:33:47.691 INFO [http-nio-8081-exec-405] org.apache.catalina.core.ApplicationContext.log Manager: list: Listing contexts for virtual host 'localhost'
13-Dec-2018 13:34:11.210 INFO [http-nio-8081-exec-407] org.apache.catalina.core.ApplicationContext.log Manager: list: Listing contexts for virtual host 'localhost'
13-Dec-2018 13:34:17.480 INFO [http-nio-8081-exec-399] org.apache.catalina.core.ApplicationContext.log Manager: list: Listing contexts for virtual host 'localhost'
13-Dec-2018 13:34:21.850 INFO [http-nio-8081-exec-401] org.apache.catalina.core.ApplicationContext.log Manager: list: Listing contexts for virtual host 'localhost'
13-Dec-2018 13:35:04.324 INFO [http-nio-8081-exec-405] org.apache.catalina.core.ApplicationContext.log Manager: list: Listing contexts for virtual host 'localhost'
13-Dec-2018 13:35:33.486 INFO [http-nio-8081-exec-408] org.apache.catalina.core.ApplicationContext.log Manager: list: Listing contexts for virtual host 'localhost'
13-Dec-2018 13:35:41.600 INFO [http-nio-8081-exec-406] org.apache.catalina.core.ApplicationContext.log Manager: list: Listing contexts for virtual host 'localhost'
13-Dec-2018 13:35:51.276 INFO [http-nio-8081-exec-399] org.apache.catalina.core.ApplicationContext.log Manager: list: Listing contexts for virtual host 'localhost'
13-Dec-2018 13:38:13.217 INFO [http-nio-8081-exec-401] org.apache.catalina.core.ApplicationContext.log Manager: list: Listing contexts for virtual host 'localhost'
13-Dec-2018 13:38:23.017 INFO [http-nio-8081-exec-399] org.apache.catalina.core.ApplicationContext.log Manager: list: Listing contexts for virtual host 'localhost'
13-Dec-2018 13:38:34.480 INFO [http-nio-8081-exec-403] org.apache.catalina.core.ApplicationContext.log Manager: list: Listing contexts for virtual host 'localhost'
13-Dec-2018 13:38:38.915 INFO [http-nio-8081-exec-399] org.apache.catalina.core.ApplicationContext.log Manager: list: Listing contexts for virtual host 'localhost'
13-Dec-2018 13:38:57.418 INFO [http-nio-8081-exec-400] org.apache.catalina.core.ApplicationContext.log Manager: list: Listing contexts for virtual host 'localhost'
13-Dec-2018 13:47:18.805 INFO [http-nio-8081-exec-405] org.apache.catalina.core.ApplicationContext.log Manager: list: Listing contexts for virtual host 'localhost'
13-Dec-2018 14:33:21.565 INFO [http-nio-8081-exec-406] org.apache.catalina.core.ApplicationContext.log Manager: list: Listing contexts for virtual host 'localhost'
13-Dec-2018 14:33:21.574 INFO [http-nio-8081-exec-401] org.apache.catalina.core.ApplicationContext.log Manager: list: Listing contexts for virtual host 'localhost'
13-Dec-2018 14:33:22.169 INFO [http-nio-8081-exec-404] org.apache.catalina.core.ApplicationContext.log Manager: restart: Reloading web application '/QuanLyNhanSuVaTienLuong'
13-Dec-2018 14:36:02.926 INFO [http-nio-8081-exec-409] org.apache.catalina.core.ApplicationContext.log Manager: list: Listing contexts for virtual host 'localhost'
13-Dec-2018 14:37:05.446 INFO [http-nio-8081-exec-417] org.apache.catalina.core.ApplicationContext.log Manager: list: Listing contexts for virtual host 'localhost'
13-Dec-2018 14:38:01.129 INFO [http-nio-8081-exec-413] org.apache.catalina.core.ApplicationContext.log Manager: list: Listing contexts for virtual host 'localhost'
13-Dec-2018 14:38:20.555 INFO [http-nio-8081-exec-412] org.apache.catalina.core.ApplicationContext.log Manager: list: Listing contexts for virtual host 'localhost'
13-Dec-2018 14:39:01.279 INFO [http-nio-8081-exec-415] org.apache.catalina.core.ApplicationContext.log Manager: list: Listing contexts for virtual host 'localhost'
13-Dec-2018 14:39:19.637 INFO [http-nio-8081-exec-416] org.apache.catalina.core.ApplicationContext.log Manager: list: Listing contexts for virtual host 'localhost'
13-Dec-2018 14:39:27.297 INFO [http-nio-8081-exec-409] org.apache.catalina.core.ApplicationContext.log Manager: list: Listing contexts for virtual host 'localhost'
13-Dec-2018 14:39:39.333 INFO [http-nio-8081-exec-416] org.apache.catalina.core.ApplicationContext.log Manager: list: Listing contexts for virtual host 'localhost'
13-Dec-2018 14:39:54.953 INFO [http-nio-8081-exec-412] org.apache.catalina.core.ApplicationContext.log Manager: list: Listing contexts for virtual host 'localhost'
13-Dec-2018 14:40:11.213 INFO [http-nio-8081-exec-410] org.apache.catalina.core.ApplicationContext.log Manager: list: Listing contexts for virtual host 'localhost'
13-Dec-2018 14:40:32.519 INFO [http-nio-8081-exec-416] org.apache.catalina.core.ApplicationContext.log Manager: list: Listing contexts for virtual host 'localhost'
13-Dec-2018 14:40:41.917 INFO [http-nio-8081-exec-410] org.apache.catalina.core.ApplicationContext.log Manager: list: Listing contexts for virtual host 'localhost'
13-Dec-2018 14:40:48.882 INFO [http-nio-8081-exec-418] org.apache.catalina.core.ApplicationContext.log Manager: list: Listing contexts for virtual host 'localhost'
13-Dec-2018 14:41:31.254 INFO [http-nio-8081-exec-409] org.apache.catalina.core.ApplicationContext.log Manager: list: Listing contexts for virtual host 'localhost'
13-Dec-2018 14:42:01.251 INFO [http-nio-8081-exec-417] org.apache.catalina.core.ApplicationContext.log Manager: list: Listing contexts for virtual host 'localhost'
13-Dec-2018 14:42:11.513 INFO [http-nio-8081-exec-415] org.apache.catalina.core.ApplicationContext.log Manager: list: Listing contexts for virtual host 'localhost'
13-Dec-2018 14:43:52.351 INFO [http-nio-8081-exec-409] org.apache.catalina.core.ApplicationContext.log Manager: list: Listing contexts for virtual host 'localhost'
13-Dec-2018 14:44:02.600 INFO [http-nio-8081-exec-414] org.apache.catalina.core.ApplicationContext.log Manager: list: Listing contexts for virtual host 'localhost'
13-Dec-2018 14:44:20.644 INFO [http-nio-8081-exec-415] org.apache.catalina.core.ApplicationContext.log Manager: list: Listing contexts for virtual host 'localhost'
13-Dec-2018 14:44:33.757 INFO [http-nio-8081-exec-412] org.apache.catalina.core.ApplicationContext.log Manager: list: Listing contexts for virtual host 'localhost'
13-Dec-2018 14:46:36.836 INFO [http-nio-8081-exec-417] org.apache.catalina.core.ApplicationContext.log Manager: list: Listing contexts for virtual host 'localhost'
13-Dec-2018 14:48:11.793 INFO [http-nio-8081-exec-418] org.apache.catalina.core.ApplicationContext.log Manager: list: Listing contexts for virtual host 'localhost'
13-Dec-2018 14:48:11.796 INFO [http-nio-8081-exec-415] org.apache.catalina.core.ApplicationContext.log Manager: list: Listing contexts for virtual host 'localhost'
13-Dec-2018 14:48:48.045 INFO [http-nio-8081-exec-412] org.apache.catalina.core.ApplicationContext.log Manager: list: Listing contexts for virtual host 'localhost'
13-Dec-2018 14:48:57.321 INFO [http-nio-8081-exec-418] org.apache.catalina.core.ApplicationContext.log Manager: list: Listing contexts for virtual host 'localhost'
13-Dec-2018 14:49:51.532 INFO [http-nio-8081-exec-412] org.apache.catalina.core.ApplicationContext.log Manager: list: Listing contexts for virtual host 'localhost'
13-Dec-2018 14:50:27.779 INFO [http-nio-8081-exec-410] org.apache.catalina.core.ApplicationContext.log Manager: list: Listing contexts for virtual host 'localhost'
13-Dec-2018 14:51:46.585 INFO [http-nio-8081-exec-415] org.apache.catalina.core.ApplicationContext.log Manager: list: Listing contexts for virtual host 'localhost'
13-Dec-2018 14:52:25.295 INFO [http-nio-8081-exec-418] org.apache.catalina.core.ApplicationContext.log Manager: list: Listing contexts for virtual host 'localhost'
13-Dec-2018 14:53:27.114 INFO [http-nio-8081-exec-409] org.apache.catalina.core.ApplicationContext.log Manager: list: Listing contexts for virtual host 'localhost'
13-Dec-2018 14:53:36.541 INFO [http-nio-8081-exec-415] org.apache.catalina.core.ApplicationContext.log Manager: list: Listing contexts for virtual host 'localhost'
13-Dec-2018 14:53:44.933 INFO [http-nio-8081-exec-413] org.apache.catalina.core.ApplicationContext.log Manager: list: Listing contexts for virtual host 'localhost'
13-Dec-2018 14:54:28.165 INFO [http-nio-8081-exec-414] org.apache.catalina.core.ApplicationContext.log Manager: list: Listing contexts for virtual host 'localhost'
13-Dec-2018 14:54:33.381 INFO [http-nio-8081-exec-415] org.apache.catalina.core.ApplicationContext.log Manager: list: Listing contexts for virtual host 'localhost'
13-Dec-2018 14:54:36.440 INFO [http-nio-8081-exec-413] org.apache.catalina.core.ApplicationContext.log Manager: list: Listing contexts for virtual host 'localhost'
13-Dec-2018 14:54:39.573 INFO [http-nio-8081-exec-410] org.apache.catalina.core.ApplicationContext.log Manager: list: Listing contexts for virtual host 'localhost'
13-Dec-2018 14:54:40.597 INFO [http-nio-8081-exec-413] org.apache.catalina.core.ApplicationContext.log Manager: list: Listing contexts for virtual host 'localhost'
13-Dec-2018 14:54:42.723 INFO [http-nio-8081-exec-416] org.apache.catalina.core.ApplicationContext.log Manager: list: Listing contexts for virtual host 'localhost'
13-Dec-2018 14:54:44.797 INFO [http-nio-8081-exec-414] org.apache.catalina.core.ApplicationContext.log Manager: list: Listing contexts for virtual host 'localhost'
13-Dec-2018 14:55:14.497 INFO [http-nio-8081-exec-416] org.apache.catalina.core.ApplicationContext.log Manager: list: Listing contexts for virtual host 'localhost'
13-Dec-2018 14:57:21.532 INFO [http-nio-8081-exec-418] org.apache.catalina.core.ApplicationContext.log Manager: list: Listing contexts for virtual host 'localhost'
13-Dec-2018 14:57:38.941 INFO [http-nio-8081-exec-417] org.apache.catalina.core.ApplicationContext.log Manager: list: Listing contexts for virtual host 'localhost'
13-Dec-2018 14:58:00.049 INFO [http-nio-8081-exec-413] org.apache.catalina.core.ApplicationContext.log Manager: list: Listing contexts for virtual host 'localhost'
13-Dec-2018 14:58:10.133 INFO [http-nio-8081-exec-415] org.apache.catalina.core.ApplicationContext.log Manager: list: Listing contexts for virtual host 'localhost'
13-Dec-2018 14:58:10.159 INFO [http-nio-8081-exec-414] org.apache.catalina.core.ApplicationContext.log Manager: undeploy: Undeploying web application at '/MuaBanNha'
13-Dec-2018 14:59:37.139 INFO [http-nio-8081-exec-420] org.apache.catalina.core.ApplicationContext.log Manager: list: Listing contexts for virtual host 'localhost'
13-Dec-2018 14:59:47.118 INFO [http-nio-8081-exec-417] org.apache.catalina.core.ApplicationContext.log Manager: list: Listing contexts for virtual host 'localhost'
13-Dec-2018 15:00:03.843 INFO [http-nio-8081-exec-424] org.apache.catalina.core.ApplicationContext.log Manager: list: Listing contexts for virtual host 'localhost'
13-Dec-2018 15:00:03.887 INFO [http-nio-8081-exec-426] org.apache.catalina.core.ApplicationContext.log Manager: list: Listing contexts for virtual host 'localhost'
13-Dec-2018 15:00:04.025 INFO [http-nio-8081-exec-421] org.apache.catalina.core.ApplicationContext.log Manager: install: Installing context configuration at 'file:/C:/Users/ADMINI~1/AppData/Local/Temp/context1550187760963126349.xml'
13-Dec-2018 15:00:04.985 INFO [http-nio-8081-exec-425] org.apache.catalina.core.ApplicationContext.log Manager: start: Starting web application '/MuaBanNha'
13-Dec-2018 15:00:24.430 INFO [http-nio-8081-exec-427] org.apache.catalina.core.ApplicationContext.log Manager: list: Listing contexts for virtual host 'localhost'
13-Dec-2018 15:02:15.478 INFO [http-nio-8081-exec-426] org.apache.catalina.core.ApplicationContext.log Manager: list: Listing contexts for virtual host 'localhost'
13-Dec-2018 15:02:32.293 INFO [http-nio-8081-exec-427] org.apache.catalina.core.ApplicationContext.log Manager: list: Listing contexts for virtual host 'localhost'
13-Dec-2018 15:02:43.908 INFO [http-nio-8081-exec-420] org.apache.catalina.core.ApplicationContext.log Manager: list: Listing contexts for virtual host 'localhost'
13-Dec-2018 15:02:46.121 INFO [http-nio-8081-exec-427] org.apache.catalina.core.ApplicationContext.log Manager: list: Listing contexts for virtual host 'localhost'
13-Dec-2018 15:02:48.405 INFO [http-nio-8081-exec-421] org.apache.catalina.core.ApplicationContext.log Manager: list: Listing contexts for virtual host 'localhost'
13-Dec-2018 15:02:52.898 INFO [http-nio-8081-exec-419] org.apache.catalina.core.ApplicationContext.log Manager: list: Listing contexts for virtual host 'localhost'
13-Dec-2018 15:02:54.728 INFO [http-nio-8081-exec-426] org.apache.catalina.core.ApplicationContext.log Manager: list: Listing contexts for virtual host 'localhost'
13-Dec-2018 15:02:55.390 INFO [http-nio-8081-exec-421] org.apache.catalina.core.ApplicationContext.log Manager: list: Listing contexts for virtual host 'localhost'
13-Dec-2018 15:02:57.923 INFO [http-nio-8081-exec-425] org.apache.catalina.core.ApplicationContext.log Manager: list: Listing contexts for virtual host 'localhost'
13-Dec-2018 15:02:59.565 INFO [http-nio-8081-exec-421] org.apache.catalina.core.ApplicationContext.log Manager: list: Listing contexts for virtual host 'localhost'
13-Dec-2018 15:03:00.252 INFO [http-nio-8081-exec-424] org.apache.catalina.core.ApplicationContext.log Manager: list: Listing contexts for virtual host 'localhost'
13-Dec-2018 15:03:02.496 INFO [http-nio-8081-exec-421] org.apache.catalina.core.ApplicationContext.log Manager: list: Listing contexts for virtual host 'localhost'
13-Dec-2018 15:03:05.094 INFO [http-nio-8081-exec-427] org.apache.catalina.core.ApplicationContext.log Manager: list: Listing contexts for virtual host 'localhost'
13-Dec-2018 15:03:05.655 INFO [http-nio-8081-exec-428] org.apache.catalina.core.ApplicationContext.log Manager: list: Listing contexts for virtual host 'localhost'
13-Dec-2018 15:03:29.175 INFO [http-nio-8081-exec-423] org.apache.catalina.core.ApplicationContext.log Manager: list: Listing contexts for virtual host 'localhost'
13-Dec-2018 15:03:35.513 INFO [http-nio-8081-exec-424] org.apache.catalina.core.ApplicationContext.log Manager: list: Listing contexts for virtual host 'localhost'
13-Dec-2018 15:04:47.437 INFO [http-nio-8081-exec-427] org.apache.catalina.core.ApplicationContext.log Manager: list: Listing contexts for virtual host 'localhost'
13-Dec-2018 15:05:28.163 INFO [http-nio-8081-exec-426] org.apache.catalina.core.ApplicationContext.log Manager: list: Listing contexts for virtual host 'localhost'
13-Dec-2018 15:05:36.605 INFO [http-nio-8081-exec-425] org.apache.catalina.core.ApplicationContext.log Manager: list: Listing contexts for virtual host 'localhost'
13-Dec-2018 15:08:16.697 INFO [http-nio-8081-exec-419] org.apache.catalina.core.ApplicationContext.log Manager: list: Listing contexts for virtual host 'localhost'
13-Dec-2018 15:08:31.932 INFO [http-nio-8081-exec-428] org.apache.catalina.core.ApplicationContext.log Manager: list: Listing contexts for virtual host 'localhost'
13-Dec-2018 15:09:54.350 INFO [http-nio-8081-exec-428] org.apache.catalina.core.ApplicationContext.log Manager: list: Listing contexts for virtual host 'localhost'
13-Dec-2018 15:10:19.909 INFO [http-nio-8081-exec-424] org.apache.catalina.core.ApplicationContext.log Manager: list: Listing contexts for virtual host 'localhost'
13-Dec-2018 15:11:14.829 INFO [http-nio-8081-exec-424] org.apache.catalina.core.ApplicationContext.log Manager: list: Listing contexts for virtual host 'localhost'
13-Dec-2018 15:12:16.523 INFO [http-nio-8081-exec-425] org.apache.catalina.core.ApplicationContext.log Manager: list: Listing contexts for virtual host 'localhost'
13-Dec-2018 15:12:21.718 INFO [http-nio-8081-exec-428] org.apache.catalina.core.ApplicationContext.log Manager: list: Listing contexts for virtual host 'localhost'
13-Dec-2018 15:12:31.547 INFO [http-nio-8081-exec-427] org.apache.catalina.core.ApplicationContext.log Manager: list: Listing contexts for virtual host 'localhost'
13-Dec-2018 15:13:34.726 INFO [http-nio-8081-exec-427] org.apache.catalina.core.ApplicationContext.log Manager: list: Listing contexts for virtual host 'localhost'
13-Dec-2018 15:15:04.580 INFO [http-nio-8081-exec-421] org.apache.catalina.core.ApplicationContext.log Manager: list: Listing contexts for virtual host 'localhost'
13-Dec-2018 15:16:35.352 INFO [http-nio-8081-exec-426] org.apache.catalina.core.ApplicationContext.log Manager: list: Listing contexts for virtual host 'localhost'
13-Dec-2018 15:17:17.405 INFO [http-nio-8081-exec-425] org.apache.catalina.core.ApplicationContext.log Manager: list: Listing contexts for virtual host 'localhost'
13-Dec-2018 15:18:53.441 INFO [http-nio-8081-exec-422] org.apache.catalina.core.ApplicationContext.log Manager: list: Listing contexts for virtual host 'localhost'
13-Dec-2018 15:19:07.984 INFO [http-nio-8081-exec-426] org.apache.catalina.core.ApplicationContext.log Manager: list: Listing contexts for virtual host 'localhost'
13-Dec-2018 15:19:28.575 INFO [http-nio-8081-exec-427] org.apache.catalina.core.ApplicationContext.log Manager: list: Listing contexts for virtual host 'localhost'
13-Dec-2018 15:21:53.274 INFO [http-nio-8081-exec-424] org.apache.catalina.core.ApplicationContext.log Manager: list: Listing contexts for virtual host 'localhost'
13-Dec-2018 15:23:10.880 INFO [http-nio-8081-exec-420] org.apache.catalina.core.ApplicationContext.log Manager: list: Listing contexts for virtual host 'localhost'
13-Dec-2018 15:24:23.245 INFO [http-nio-8081-exec-425] org.apache.catalina.core.ApplicationContext.log Manager: list: Listing contexts for virtual host 'localhost'
13-Dec-2018 15:25:36.372 INFO [http-nio-8081-exec-425] org.apache.catalina.core.ApplicationContext.log Manager: list: Listing contexts for virtual host 'localhost'
13-Dec-2018 15:26:27.604 INFO [http-nio-8081-exec-426] org.apache.catalina.core.ApplicationContext.log Manager: list: Listing contexts for virtual host 'localhost'
13-Dec-2018 15:26:46.504 INFO [http-nio-8081-exec-422] org.apache.catalina.core.ApplicationContext.log Manager: list: Listing contexts for virtual host 'localhost'
13-Dec-2018 15:27:06.458 INFO [http-nio-8081-exec-424] org.apache.catalina.core.ApplicationContext.log Manager: list: Listing contexts for virtual host 'localhost'
13-Dec-2018 15:32:10.385 INFO [http-nio-8081-exec-423] org.apache.catalina.core.ApplicationContext.log Manager: list: Listing contexts for virtual host 'localhost'
13-Dec-2018 15:32:18.313 INFO [http-nio-8081-exec-422] org.apache.catalina.core.ApplicationContext.log Manager: list: Listing contexts for virtual host 'localhost'
13-Dec-2018 16:28:09.728 INFO [http-nio-8081-exec-427] org.apache.catalina.core.ApplicationContext.log Manager: list: Listing contexts for virtual host 'localhost'
13-Dec-2018 16:28:41.670 INFO [http-nio-8081-exec-421] org.apache.catalina.core.ApplicationContext.log Manager: list: Listing contexts for virtual host 'localhost'
13-Dec-2018 16:29:17.983 INFO [http-nio-8081-exec-425] org.apache.catalina.core.ApplicationContext.log Manager: list: Listing contexts for virtual host 'localhost'
13-Dec-2018 16:29:50.167 INFO [http-nio-8081-exec-428] org.apache.catalina.core.ApplicationContext.log Manager: list: Listing contexts for virtual host 'localhost'
13-Dec-2018 16:31:34.381 INFO [http-nio-8081-exec-425] org.apache.catalina.core.ApplicationContext.log Manager: list: Listing contexts for virtual host 'localhost'
13-Dec-2018 16:31:36.950 INFO [http-nio-8081-exec-420] org.apache.catalina.core.ApplicationContext.log Manager: list: Listing contexts for virtual host 'localhost'
13-Dec-2018 16:31:42.394 INFO [http-nio-8081-exec-419] org.apache.catalina.core.ApplicationContext.log Manager: list: Listing contexts for virtual host 'localhost'
13-Dec-2018 16:31:57.536 INFO [http-nio-8081-exec-421] org.apache.catalina.core.ApplicationContext.log Manager: list: Listing contexts for virtual host 'localhost'
13-Dec-2018 16:32:00.049 INFO [http-nio-8081-exec-422] org.apache.catalina.core.ApplicationContext.log Manager: list: Listing contexts for virtual host 'localhost'
13-Dec-2018 16:32:08.981 INFO [http-nio-8081-exec-428] org.apache.catalina.core.ApplicationContext.log Manager: list: Listing contexts for virtual host 'localhost'
13-Dec-2018 16:32:13.009 INFO [http-nio-8081-exec-424] org.apache.catalina.core.ApplicationContext.log Manager: list: Listing contexts for virtual host 'localhost'
13-Dec-2018 16:33:32.384 INFO [http-nio-8081-exec-423] org.apache.catalina.core.ApplicationContext.log Manager: list: Listing contexts for virtual host 'localhost'
13-Dec-2018 16:33:48.020 INFO [http-nio-8081-exec-420] org.apache.catalina.core.ApplicationContext.log Manager: list: Listing contexts for virtual host 'localhost'
13-Dec-2018 16:33:59.731 INFO [http-nio-8081-exec-422] org.apache.catalina.core.ApplicationContext.log Manager: list: Listing contexts for virtual host 'localhost'
13-Dec-2018 16:34:43.682 INFO [http-nio-8081-exec-428] org.apache.catalina.core.ApplicationContext.log Manager: list: Listing contexts for virtual host 'localhost'
13-Dec-2018 16:34:53.403 INFO [http-nio-8081-exec-426] org.apache.catalina.core.ApplicationContext.log Manager: list: Listing contexts for virtual host 'localhost'
13-Dec-2018 16:35:01.745 INFO [http-nio-8081-exec-421] org.apache.catalina.core.ApplicationContext.log Manager: list: Listing contexts for virtual host 'localhost'
13-Dec-2018 16:35:23.344 INFO [http-nio-8081-exec-428] org.apache.catalina.core.ApplicationContext.log Manager: list: Listing contexts for virtual host 'localhost'
13-Dec-2018 16:35:55.878 INFO [http-nio-8081-exec-419] org.apache.catalina.core.ApplicationContext.log Manager: list: Listing contexts for virtual host 'localhost'
13-Dec-2018 16:36:24.698 INFO [http-nio-8081-exec-428] org.apache.catalina.core.ApplicationContext.log Manager: list: Listing contexts for virtual host 'localhost'
13-Dec-2018 16:37:26.056 INFO [http-nio-8081-exec-425] org.apache.catalina.core.ApplicationContext.log Manager: list: Listing contexts for virtual host 'localhost'
13-Dec-2018 16:37:36.250 INFO [http-nio-8081-exec-423] org.apache.catalina.core.ApplicationContext.log Manager: list: Listing contexts for virtual host 'localhost'
13-Dec-2018 16:38:05.457 INFO [http-nio-8081-exec-420] org.apache.catalina.core.ApplicationContext.log Manager: list: Listing contexts for virtual host 'localhost'
13-Dec-2018 16:38:10.175 INFO [http-nio-8081-exec-419] org.apache.catalina.core.ApplicationContext.log Manager: list: Listing contexts for virtual host 'localhost'
13-Dec-2018 16:38:22.683 INFO [http-nio-8081-exec-427] org.apache.catalina.core.ApplicationContext.log Manager: list: Listing contexts for virtual host 'localhost'
13-Dec-2018 16:38:33.682 INFO [http-nio-8081-exec-420] org.apache.catalina.core.ApplicationContext.log Manager: list: Listing contexts for virtual host 'localhost'
13-Dec-2018 16:40:45.968 INFO [http-nio-8081-exec-420] org.apache.catalina.core.ApplicationContext.log Manager: list: Listing contexts for virtual host 'localhost'
13-Dec-2018 16:42:48.772 INFO [http-nio-8081-exec-419] org.apache.catalina.core.ApplicationContext.log Manager: list: Listing contexts for virtual host 'localhost'
13-Dec-2018 17:28:05.262 INFO [http-nio-8081-exec-428] org.apache.catalina.core.ApplicationContext.log Manager: list: Listing contexts for virtual host 'localhost'
13-Dec-2018 17:28:06.468 INFO [http-nio-8081-exec-422] org.apache.catalina.core.ApplicationContext.log Manager: list: Listing contexts for virtual host 'localhost'
13-Dec-2018 17:28:33.877 INFO [http-nio-8081-exec-425] org.apache.catalina.core.ApplicationContext.log Manager: list: Listing contexts for virtual host 'localhost'
13-Dec-2018 17:29:27.022 INFO [http-nio-8081-exec-423] org.apache.catalina.core.ApplicationContext.log Manager: list: Listing contexts for virtual host 'localhost'
13-Dec-2018 17:29:52.709 INFO [http-nio-8081-exec-426] org.apache.catalina.core.ApplicationContext.log Manager: list: Listing contexts for virtual host 'localhost'
13-Dec-2018 17:33:38.558 INFO [http-nio-8081-exec-419] org.apache.catalina.core.ApplicationContext.log Manager: list: Listing contexts for virtual host 'localhost'
13-Dec-2018 17:33:46.613 INFO [http-nio-8081-exec-420] org.apache.catalina.core.ApplicationContext.log Manager: list: Listing contexts for virtual host 'localhost'
13-Dec-2018 17:34:14.176 INFO [http-nio-8081-exec-425] org.apache.catalina.core.ApplicationContext.log Manager: list: Listing contexts for virtual host 'localhost'
13-Dec-2018 17:34:19.623 INFO [http-nio-8081-exec-423] org.apache.catalina.core.ApplicationContext.log Manager: list: Listing contexts for virtual host 'localhost'
13-Dec-2018 17:34:38.697 INFO [http-nio-8081-exec-420] org.apache.catalina.core.ApplicationContext.log Manager: list: Listing contexts for virtual host 'localhost'
13-Dec-2018 17:35:04.398 INFO [http-nio-8081-exec-419] org.apache.catalina.core.ApplicationContext.log Manager: list: Listing contexts for virtual host 'localhost'
13-Dec-2018 17:35:12.444 INFO [http-nio-8081-exec-423] org.apache.catalina.core.ApplicationContext.log Manager: list: Listing contexts for virtual host 'localhost'
13-Dec-2018 17:35:27.050 INFO [http-nio-8081-exec-428] org.apache.catalina.core.ApplicationContext.log Manager: list: Listing contexts for virtual host 'localhost'
13-Dec-2018 17:35:29.160 INFO [http-nio-8081-exec-426] org.apache.catalina.core.ApplicationContext.log Manager: list: Listing contexts for virtual host 'localhost'
13-Dec-2018 17:35:31.732 INFO [http-nio-8081-exec-421] org.apache.catalina.core.ApplicationContext.log Manager: list: Listing contexts for virtual host 'localhost'
13-Dec-2018 17:35:37.943 INFO [http-nio-8081-exec-419] org.apache.catalina.core.ApplicationContext.log Manager: list: Listing contexts for virtual host 'localhost'
13-Dec-2018 17:35:58.553 INFO [http-nio-8081-exec-423] org.apache.catalina.core.ApplicationContext.log Manager: list: Listing contexts for virtual host 'localhost'
13-Dec-2018 17:36:16.680 INFO [http-nio-8081-exec-425] org.apache.catalina.core.ApplicationContext.log Manager: list: Listing contexts for virtual host 'localhost'
13-Dec-2018 17:36:29.962 INFO [http-nio-8081-exec-424] org.apache.catalina.core.ApplicationContext.log Manager: list: Listing contexts for virtual host 'localhost'
13-Dec-2018 17:36:33.007 INFO [http-nio-8081-exec-421] org.apache.catalina.core.ApplicationContext.log Manager: list: Listing contexts for virtual host 'localhost'
13-Dec-2018 17:37:05.166 INFO [http-nio-8081-exec-425] org.apache.catalina.core.ApplicationContext.log Manager: list: Listing contexts for virtual host 'localhost'
13-Dec-2018 17:37:11.575 INFO [http-nio-8081-exec-426] org.apache.catalina.core.ApplicationContext.log Manager: list: Listing contexts for virtual host 'localhost'
13-Dec-2018 17:37:24.486 INFO [http-nio-8081-exec-421] org.apache.catalina.core.ApplicationContext.log Manager: list: Listing contexts for virtual host 'localhost'
13-Dec-2018 17:37:26.757 INFO [http-nio-8081-exec-419] org.apache.catalina.core.ApplicationContext.log Manager: list: Listing contexts for virtual host 'localhost'
13-Dec-2018 17:37:38.008 INFO [http-nio-8081-exec-424] org.apache.catalina.core.ApplicationContext.log Manager: list: Listing contexts for virtual host 'localhost'
13-Dec-2018 17:37:45.294 INFO [http-nio-8081-exec-427] org.apache.catalina.core.ApplicationContext.log Manager: list: Listing contexts for virtual host 'localhost'
13-Dec-2018 17:37:58.663 INFO [http-nio-8081-exec-428] org.apache.catalina.core.ApplicationContext.log Manager: list: Listing contexts for virtual host 'localhost'
13-Dec-2018 17:38:18.488 INFO [http-nio-8081-exec-424] org.apache.catalina.core.ApplicationContext.log Manager: list: Listing contexts for virtual host 'localhost'
13-Dec-2018 17:38:21.635 INFO [http-nio-8081-exec-422] org.apache.catalina.core.ApplicationContext.log Manager: list: Listing contexts for virtual host 'localhost'
13-Dec-2018 17:39:45.825 INFO [http-nio-8081-exec-419] org.apache.catalina.core.ApplicationContext.log Manager: list: Listing contexts for virtual host 'localhost'
13-Dec-2018 17:40:18.911 INFO [http-nio-8081-exec-420] org.apache.catalina.core.ApplicationContext.log Manager: list: Listing contexts for virtual host 'localhost'
13-Dec-2018 17:40:43.320 INFO [http-nio-8081-exec-425] org.apache.catalina.core.ApplicationContext.log Manager: list: Listing contexts for virtual host 'localhost'
13-Dec-2018 17:41:05.171 INFO [http-nio-8081-exec-424] org.apache.catalina.core.ApplicationContext.log Manager: list: Listing contexts for virtual host 'localhost'
13-Dec-2018 17:41:29.807 INFO [http-nio-8081-exec-423] org.apache.catalina.core.ApplicationContext.log Manager: list: Listing contexts for virtual host 'localhost'
13-Dec-2018 17:41:33.568 INFO [http-nio-8081-exec-422] org.apache.catalina.core.ApplicationContext.log Manager: list: Listing contexts for virtual host 'localhost'
13-Dec-2018 17:42:36.012 INFO [http-nio-8081-exec-420] org.apache.catalina.core.ApplicationContext.log Manager: list: Listing contexts for virtual host 'localhost'
13-Dec-2018 17:44:26.134 INFO [http-nio-8081-exec-421] org.apache.catalina.core.ApplicationContext.log Manager: list: Listing contexts for virtual host 'localhost'
13-Dec-2018 17:44:28.731 INFO [http-nio-8081-exec-427] org.apache.catalina.core.ApplicationContext.log Manager: list: Listing contexts for virtual host 'localhost'
13-Dec-2018 17:44:56.938 INFO [http-nio-8081-exec-420] org.apache.catalina.core.ApplicationContext.log Manager: list: Listing contexts for virtual host 'localhost'
13-Dec-2018 17:45:03.793 INFO [http-nio-8081-exec-421] org.apache.catalina.core.ApplicationContext.log Manager: list: Listing contexts for virtual host 'localhost'
13-Dec-2018 17:45:07.215 INFO [http-nio-8081-exec-428] org.apache.catalina.core.ApplicationContext.log Manager: list: Listing contexts for virtual host 'localhost'
13-Dec-2018 17:45:25.645 INFO [http-nio-8081-exec-423] org.apache.catalina.core.ApplicationContext.log Manager: list: Listing contexts for virtual host 'localhost'
13-Dec-2018 17:45:47.703 INFO [http-nio-8081-exec-425] org.apache.catalina.core.ApplicationContext.log Manager: list: Listing contexts for virtual host 'localhost'
13-Dec-2018 17:46:15.975 INFO [http-nio-8081-exec-427] org.apache.catalina.core.ApplicationContext.log Manager: list: Listing contexts for virtual host 'localhost'
13-Dec-2018 17:46:21.131 INFO [http-nio-8081-exec-420] org.apache.catalina.core.ApplicationContext.log Manager: list: Listing contexts for virtual host 'localhost'
13-Dec-2018 17:46:55.833 INFO [http-nio-8081-exec-426] org.apache.catalina.core.ApplicationContext.log Manager: list: Listing contexts for virtual host 'localhost'
13-Dec-2018 17:46:59.251 INFO [http-nio-8081-exec-419] org.apache.catalina.core.ApplicationContext.log Manager: list: Listing contexts for virtual host 'localhost'
13-Dec-2018 17:47:11.899 INFO [http-nio-8081-exec-422] org.apache.catalina.core.ApplicationContext.log Manager: list: Listing contexts for virtual host 'localhost'
13-Dec-2018 17:47:31.061 INFO [http-nio-8081-exec-424] org.apache.catalina.core.ApplicationContext.log Manager: list: Listing contexts for virtual host 'localhost'
13-Dec-2018 17:47:38.632 INFO [http-nio-8081-exec-428] org.apache.catalina.core.ApplicationContext.log Manager: list: Listing contexts for virtual host 'localhost'
13-Dec-2018 19:22:36.740 INFO [http-nio-8081-exec-423] org.apache.catalina.core.ApplicationContext.log Manager: list: Listing contexts for virtual host 'localhost'
13-Dec-2018 19:22:46.147 INFO [http-nio-8081-exec-426] org.apache.catalina.core.ApplicationContext.log Manager: list: Listing contexts for virtual host 'localhost'
13-Dec-2018 19:23:53.204 INFO [http-nio-8081-exec-420] org.apache.catalina.core.ApplicationContext.log Manager: list: Listing contexts for virtual host 'localhost'
13-Dec-2018 19:24:01.528 INFO [http-nio-8081-exec-426] org.apache.catalina.core.ApplicationContext.log Manager: list: Listing contexts for virtual host 'localhost'
13-Dec-2018 19:24:32.697 INFO [http-nio-8081-exec-419] org.apache.catalina.core.ApplicationContext.log Manager: list: Listing contexts for virtual host 'localhost'
13-Dec-2018 19:25:57.973 INFO [http-nio-8081-exec-421] org.apache.catalina.core.ApplicationContext.log Manager: list: Listing contexts for virtual host 'localhost'
13-Dec-2018 19:27:18.766 INFO [http-nio-8081-exec-427] org.apache.catalina.core.ApplicationContext.log Manager: list: Listing contexts for virtual host 'localhost'
13-Dec-2018 19:27:37.947 INFO [http-nio-8081-exec-421] org.apache.catalina.core.ApplicationContext.log Manager: list: Listing contexts for virtual host 'localhost'
13-Dec-2018 19:33:39.768 INFO [http-nio-8081-exec-424] org.apache.catalina.core.ApplicationContext.log Manager: list: Listing contexts for virtual host 'localhost'
13-Dec-2018 19:33:39.812 INFO [http-nio-8081-exec-426] org.apache.catalina.core.ApplicationContext.log Manager: restart: Reloading web application '/MuaBanNha'
13-Dec-2018 19:33:58.030 INFO [http-nio-8081-exec-425] org.apache.catalina.core.ApplicationContext.log Manager: list: Listing contexts for virtual host 'localhost'
13-Dec-2018 19:33:58.058 INFO [http-nio-8081-exec-421] org.apache.catalina.core.ApplicationContext.log Manager: restart: Reloading web application '/MuaBanNha'
13-Dec-2018 19:33:59.799 INFO [http-nio-8081-exec-430] org.apache.catalina.core.ApplicationContext.log Manager: list: Listing contexts for virtual host 'localhost'
13-Dec-2018 19:33:59.825 INFO [http-nio-8081-exec-420] org.apache.catalina.core.ApplicationContext.log Manager: restart: Reloading web application '/MuaBanNha'
13-Dec-2018 19:34:58.349 INFO [http-nio-8081-exec-432] org.apache.catalina.core.ApplicationContext.log Manager: list: Listing contexts for virtual host 'localhost'
13-Dec-2018 19:34:58.382 INFO [http-nio-8081-exec-425] org.apache.catalina.core.ApplicationContext.log Manager: restart: Reloading web application '/MuaBanNha'
13-Dec-2018 19:35:27.994 INFO [http-nio-8081-exec-430] org.apache.catalina.core.ApplicationContext.log Manager: list: Listing contexts for virtual host 'localhost'
13-Dec-2018 19:35:28.015 INFO [http-nio-8081-exec-419] org.apache.catalina.core.ApplicationContext.log Manager: restart: Reloading web application '/MuaBanNha'
13-Dec-2018 19:35:43.839 INFO [http-nio-8081-exec-434] org.apache.catalina.core.ApplicationContext.log Manager: list: Listing contexts for virtual host 'localhost'
13-Dec-2018 19:35:43.885 INFO [http-nio-8081-exec-434] org.apache.catalina.core.ApplicationContext.log Manager: restart: Reloading web application '/MuaBanNha'
13-Dec-2018 19:35:46.495 INFO [http-nio-8081-exec-427] org.apache.catalina.core.ApplicationContext.log Manager: list: Listing contexts for virtual host 'localhost'
13-Dec-2018 19:35:46.532 INFO [http-nio-8081-exec-421] org.apache.catalina.core.ApplicationContext.log Manager: restart: Reloading web application '/MuaBanNha'
13-Dec-2018 19:35:58.018 INFO [http-nio-8081-exec-432] org.apache.catalina.core.ApplicationContext.log Manager: list: Listing contexts for virtual host 'localhost'
13-Dec-2018 19:35:58.038 INFO [http-nio-8081-exec-427] org.apache.catalina.core.ApplicationContext.log Manager: restart: Reloading web application '/MuaBanNha'
13-Dec-2018 19:36:25.754 INFO [http-nio-8081-exec-419] org.apache.catalina.core.ApplicationContext.log Manager: list: Listing contexts for virtual host 'localhost'
13-Dec-2018 19:36:25.772 INFO [http-nio-8081-exec-426] org.apache.catalina.core.ApplicationContext.log Manager: restart: Reloading web application '/MuaBanNha'
13-Dec-2018 19:36:41.570 INFO [http-nio-8081-exec-439] org.apache.catalina.core.ApplicationContext.log Manager: list: Listing contexts for virtual host 'localhost'
13-Dec-2018 19:36:41.606 INFO [http-nio-8081-exec-432] org.apache.catalina.core.ApplicationContext.log Manager: restart: Reloading web application '/MuaBanNha'
13-Dec-2018 19:37:16.755 INFO [http-nio-8081-exec-435] org.apache.catalina.core.ApplicationContext.log Manager: list: Listing contexts for virtual host 'localhost'
13-Dec-2018 19:37:16.782 INFO [http-nio-8081-exec-425] org.apache.catalina.core.ApplicationContext.log Manager: restart: Reloading web application '/MuaBanNha'
13-Dec-2018 19:37:17.327 INFO [http-nio-8081-exec-419] org.apache.catalina.core.ApplicationContext.log Manager: list: Listing contexts for virtual host 'localhost'
13-Dec-2018 19:37:17.374 INFO [http-nio-8081-exec-426] org.apache.catalina.core.ApplicationContext.log Manager: restart: Reloading web application '/MuaBanNha'
13-Dec-2018 19:37:26.650 INFO [http-nio-8081-exec-435] org.apache.catalina.core.ApplicationContext.log Manager: list: Listing contexts for virtual host 'localhost'
13-Dec-2018 19:37:26.708 INFO [http-nio-8081-exec-438] org.apache.catalina.core.ApplicationContext.log Manager: restart: Reloading web application '/MuaBanNha'
13-Dec-2018 19:38:21.408 INFO [http-nio-8081-exec-419] org.apache.catalina.core.ApplicationContext.log Manager: list: Listing contexts for virtual host 'localhost'
13-Dec-2018 19:38:21.441 INFO [http-nio-8081-exec-439] org.apache.catalina.core.ApplicationContext.log Manager: restart: Reloading web application '/MuaBanNha'
13-Dec-2018 19:40:01.745 INFO [http-nio-8081-exec-443] org.apache.catalina.core.ApplicationContext.log Manager: list: Listing contexts for virtual host 'localhost'
13-Dec-2018 19:40:01.771 INFO [http-nio-8081-exec-435] org.apache.catalina.core.ApplicationContext.log Manager: restart: Reloading web application '/MuaBanNha'
13-Dec-2018 19:40:13.689 INFO [http-nio-8081-exec-425] org.apache.catalina.core.ApplicationContext.log Manager: list: Listing contexts for virtual host 'localhost'
13-Dec-2018 19:40:13.740 INFO [http-nio-8081-exec-442] org.apache.catalina.core.ApplicationContext.log Manager: restart: Reloading web application '/MuaBanNha'
13-Dec-2018 19:40:25.083 INFO [http-nio-8081-exec-432] org.apache.catalina.core.ApplicationContext.log Manager: list: Listing contexts for virtual host 'localhost'
13-Dec-2018 19:40:25.107 INFO [http-nio-8081-exec-447] org.apache.catalina.core.ApplicationContext.log Manager: restart: Reloading web application '/MuaBanNha'
13-Dec-2018 19:42:13.454 INFO [http-nio-8081-exec-450] org.apache.catalina.core.ApplicationContext.log Manager: list: Listing contexts for virtual host 'localhost'
13-Dec-2018 19:42:13.472 INFO [http-nio-8081-exec-448] org.apache.catalina.core.ApplicationContext.log Manager: restart: Reloading web application '/MuaBanNha'
13-Dec-2018 19:42:15.164 INFO [http-nio-8081-exec-432] org.apache.catalina.core.ApplicationContext.log Manager: list: Listing contexts for virtual host 'localhost'
13-Dec-2018 19:42:15.187 INFO [http-nio-8081-exec-447] org.apache.catalina.core.ApplicationContext.log Manager: restart: Reloading web application '/MuaBanNha'
13-Dec-2018 19:42:27.029 INFO [http-nio-8081-exec-440] org.apache.catalina.core.ApplicationContext.log Manager: list: Listing contexts for virtual host 'localhost'
13-Dec-2018 19:42:27.050 INFO [http-nio-8081-exec-432] org.apache.catalina.core.ApplicationContext.log Manager: restart: Reloading web application '/MuaBanNha'
13-Dec-2018 19:42:28.257 INFO [http-nio-8081-exec-442] org.apache.catalina.core.ApplicationContext.log Manager: list: Listing contexts for virtual host 'localhost'
13-Dec-2018 19:42:28.275 INFO [http-nio-8081-exec-449] org.apache.catalina.core.ApplicationContext.log Manager: restart: Reloading web application '/MuaBanNha'
13-Dec-2018 19:42:34.568 INFO [http-nio-8081-exec-443] org.apache.catalina.core.ApplicationContext.log Manager: list: Listing contexts for virtual host 'localhost'
13-Dec-2018 19:42:34.588 INFO [http-nio-8081-exec-435] org.apache.catalina.core.ApplicationContext.log Manager: restart: Reloading web application '/MuaBanNha'
13-Dec-2018 19:43:08.039 INFO [http-nio-8081-exec-451] org.apache.catalina.core.ApplicationContext.log Manager: list: Listing contexts for virtual host 'localhost'
13-Dec-2018 19:43:08.061 INFO [http-nio-8081-exec-432] org.apache.catalina.core.ApplicationContext.log Manager: restart: Reloading web application '/MuaBanNha'
13-Dec-2018 19:44:07.517 INFO [http-nio-8081-exec-454] org.apache.catalina.core.ApplicationContext.log Manager: list: Listing contexts for virtual host 'localhost'
13-Dec-2018 19:44:07.540 INFO [http-nio-8081-exec-443] org.apache.catalina.core.ApplicationContext.log Manager: restart: Reloading web application '/MuaBanNha'
13-Dec-2018 19:44:23.406 INFO [http-nio-8081-exec-432] org.apache.catalina.core.ApplicationContext.log Manager: list: Listing contexts for virtual host 'localhost'
13-Dec-2018 19:44:23.448 INFO [http-nio-8081-exec-447] org.apache.catalina.core.ApplicationContext.log Manager: restart: Reloading web application '/MuaBanNha'
13-Dec-2018 19:44:36.775 INFO [http-nio-8081-exec-458] org.apache.catalina.core.ApplicationContext.log Manager: list: Listing contexts for virtual host 'localhost'
13-Dec-2018 19:44:36.800 INFO [http-nio-8081-exec-451] org.apache.catalina.core.ApplicationContext.log Manager: restart: Reloading web application '/MuaBanNha'
13-Dec-2018 19:44:44.753 INFO [http-nio-8081-exec-432] org.apache.catalina.core.ApplicationContext.log Manager: list: Listing contexts for virtual host 'localhost'
13-Dec-2018 19:44:44.774 INFO [http-nio-8081-exec-447] org.apache.catalina.core.ApplicationContext.log Manager: restart: Reloading web application '/MuaBanNha'
13-Dec-2018 19:45:08.510 INFO [http-nio-8081-exec-432] org.apache.catalina.core.ApplicationContext.log Manager: list: Listing contexts for virtual host 'localhost'
13-Dec-2018 19:45:08.532 INFO [http-nio-8081-exec-454] org.apache.catalina.core.ApplicationContext.log Manager: restart: Reloading web application '/MuaBanNha'
13-Dec-2018 19:45:24.276 INFO [http-nio-8081-exec-451] org.apache.catalina.core.ApplicationContext.log Manager: list: Listing contexts for virtual host 'localhost'
13-Dec-2018 19:45:24.307 INFO [http-nio-8081-exec-461] org.apache.catalina.core.ApplicationContext.log Manager: restart: Reloading web application '/MuaBanNha'
13-Dec-2018 19:45:24.812 INFO [http-nio-8081-exec-460] org.apache.catalina.core.ApplicationContext.log Manager: list: Listing contexts for virtual host 'localhost'
13-Dec-2018 19:45:24.830 INFO [http-nio-8081-exec-432] org.apache.catalina.core.ApplicationContext.log Manager: restart: Reloading web application '/MuaBanNha'
13-Dec-2018 19:46:01.776 INFO [http-nio-8081-exec-463] org.apache.catalina.core.ApplicationContext.log Manager: list: Listing contexts for virtual host 'localhost'
13-Dec-2018 19:46:01.801 INFO [http-nio-8081-exec-456] org.apache.catalina.core.ApplicationContext.log Manager: restart: Reloading web application '/MuaBanNha'
13-Dec-2018 19:46:13.311 INFO [http-nio-8081-exec-425] org.apache.catalina.core.ApplicationContext.log Manager: list: Listing contexts for virtual host 'localhost'
13-Dec-2018 19:46:13.332 INFO [http-nio-8081-exec-442] org.apache.catalina.core.ApplicationContext.log Manager: restart: Reloading web application '/MuaBanNha'
13-Dec-2018 19:46:16.403 INFO [http-nio-8081-exec-451] org.apache.catalina.core.ApplicationContext.log Manager: list: Listing contexts for virtual host 'localhost'
13-Dec-2018 19:46:16.423 INFO [http-nio-8081-exec-454] org.apache.catalina.core.ApplicationContext.log Manager: restart: Reloading web application '/MuaBanNha'
13-Dec-2018 19:46:25.103 INFO [http-nio-8081-exec-466] org.apache.catalina.core.ApplicationContext.log Manager: list: Listing contexts for virtual host 'localhost'
13-Dec-2018 19:46:25.124 INFO [http-nio-8081-exec-463] org.apache.catalina.core.ApplicationContext.log Manager: restart: Reloading web application '/MuaBanNha'
13-Dec-2018 19:47:01.484 INFO [http-nio-8081-exec-442] org.apache.catalina.core.ApplicationContext.log Manager: list: Listing contexts for virtual host 'localhost'
13-Dec-2018 19:47:01.507 INFO [http-nio-8081-exec-464] org.apache.catalina.core.ApplicationContext.log Manager: restart: Reloading web application '/MuaBanNha'
13-Dec-2018 19:47:14.362 INFO [http-nio-8081-exec-456] org.apache.catalina.core.ApplicationContext.log Manager: list: Listing contexts for virtual host 'localhost'
13-Dec-2018 19:47:14.391 INFO [http-nio-8081-exec-466] org.apache.catalina.core.ApplicationContext.log Manager: restart: Reloading web application '/MuaBanNha'
13-Dec-2018 19:48:36.220 INFO [http-nio-8081-exec-465] org.apache.catalina.core.ApplicationContext.log Manager: list: Listing contexts for virtual host 'localhost'
13-Dec-2018 19:48:36.254 INFO [http-nio-8081-exec-469] org.apache.catalina.core.ApplicationContext.log Manager: restart: Reloading web application '/MuaBanNha'
13-Dec-2018 19:50:18.201 INFO [http-nio-8081-exec-474] org.apache.catalina.core.ApplicationContext.log Manager: list: Listing contexts for virtual host 'localhost'
13-Dec-2018 19:50:18.227 INFO [http-nio-8081-exec-475] org.apache.catalina.core.ApplicationContext.log Manager: restart: Reloading web application '/MuaBanNha'
13-Dec-2018 19:51:10.063 INFO [http-nio-8081-exec-462] org.apache.catalina.core.ApplicationContext.log Manager: list: Listing contexts for virtual host 'localhost'
13-Dec-2018 19:51:10.086 INFO [http-nio-8081-exec-472] org.apache.catalina.core.ApplicationContext.log Manager: restart: Reloading web application '/MuaBanNha'
13-Dec-2018 19:51:34.118 INFO [http-nio-8081-exec-454] org.apache.catalina.core.ApplicationContext.log Manager: list: Listing contexts for virtual host 'localhost'
13-Dec-2018 19:51:34.144 INFO [http-nio-8081-exec-471] org.apache.catalina.core.ApplicationContext.log Manager: restart: Reloading web application '/MuaBanNha'
13-Dec-2018 19:51:43.804 INFO [http-nio-8081-exec-462] org.apache.catalina.core.ApplicationContext.log Manager: list: Listing contexts for virtual host 'localhost'
13-Dec-2018 19:51:43.827 INFO [http-nio-8081-exec-472] org.apache.catalina.core.ApplicationContext.log Manager: restart: Reloading web application '/MuaBanNha'
13-Dec-2018 19:51:48.024 INFO [http-nio-8081-exec-475] org.apache.catalina.core.ApplicationContext.log Manager: list: Listing contexts for virtual host 'localhost'
13-Dec-2018 19:51:48.046 INFO [http-nio-8081-exec-474] org.apache.catalina.core.ApplicationContext.log Manager: restart: Reloading web application '/MuaBanNha'
13-Dec-2018 19:52:21.174 INFO [http-nio-8081-exec-483] org.apache.catalina.core.ApplicationContext.log Manager: list: Listing contexts for virtual host 'localhost'
13-Dec-2018 19:52:21.207 INFO [http-nio-8081-exec-481] org.apache.catalina.core.ApplicationContext.log Manager: restart: Reloading web application '/MuaBanNha'
13-Dec-2018 19:53:21.373 INFO [http-nio-8081-exec-486] org.apache.catalina.core.ApplicationContext.log Manager: list: Listing contexts for virtual host 'localhost'
13-Dec-2018 19:53:21.395 INFO [http-nio-8081-exec-488] org.apache.catalina.core.ApplicationContext.log Manager: restart: Reloading web application '/MuaBanNha'
13-Dec-2018 19:54:08.915 INFO [http-nio-8081-exec-485] org.apache.catalina.core.ApplicationContext.log Manager: list: Listing contexts for virtual host 'localhost'
13-Dec-2018 19:54:08.937 INFO [http-nio-8081-exec-483] org.apache.catalina.core.ApplicationContext.log Manager: restart: Reloading web application '/MuaBanNha'
13-Dec-2018 19:54:42.168 INFO [http-nio-8081-exec-491] org.apache.catalina.core.ApplicationContext.log Manager: list: Listing contexts for virtual host 'localhost'
13-Dec-2018 19:54:42.194 INFO [http-nio-8081-exec-472] org.apache.catalina.core.ApplicationContext.log Manager: restart: Reloading web application '/MuaBanNha'
13-Dec-2018 19:55:04.121 INFO [http-nio-8081-exec-491] org.apache.catalina.core.ApplicationContext.log Manager: list: Listing contexts for virtual host 'localhost'
13-Dec-2018 19:55:55.726 INFO [http-nio-8081-exec-492] org.apache.catalina.core.ApplicationContext.log Manager: list: Listing contexts for virtual host 'localhost'
13-Dec-2018 19:55:55.760 INFO [http-nio-8081-exec-487] org.apache.catalina.core.ApplicationContext.log Manager: restart: Reloading web application '/MuaBanNha'
13-Dec-2018 19:56:19.769 INFO [http-nio-8081-exec-493] org.apache.catalina.core.ApplicationContext.log Manager: list: Listing contexts for virtual host 'localhost'
13-Dec-2018 19:56:19.788 INFO [http-nio-8081-exec-492] org.apache.catalina.core.ApplicationContext.log Manager: restart: Reloading web application '/MuaBanNha'
13-Dec-2018 19:58:36.590 INFO [http-nio-8081-exec-498] org.apache.catalina.core.ApplicationContext.log Manager: list: Listing contexts for virtual host 'localhost'
13-Dec-2018 19:58:36.610 INFO [http-nio-8081-exec-485] org.apache.catalina.core.ApplicationContext.log Manager: restart: Reloading web application '/MuaBanNha'
13-Dec-2018 20:00:22.170 INFO [http-nio-8081-exec-497] org.apache.catalina.core.ApplicationContext.log Manager: list: Listing contexts for virtual host 'localhost'
13-Dec-2018 20:00:22.250 INFO [http-nio-8081-exec-491] org.apache.catalina.core.ApplicationContext.log Manager: restart: Reloading web application '/MuaBanNha'
13-Dec-2018 20:01:09.124 INFO [http-nio-8081-exec-487] org.apache.catalina.core.ApplicationContext.log Manager: list: Listing contexts for virtual host 'localhost'
13-Dec-2018 20:01:09.146 INFO [http-nio-8081-exec-500] org.apache.catalina.core.ApplicationContext.log Manager: restart: Reloading web application '/MuaBanNha'
13-Dec-2018 20:01:12.510 INFO [http-nio-8081-exec-485] org.apache.catalina.core.ApplicationContext.log Manager: list: Listing contexts for virtual host 'localhost'
13-Dec-2018 20:01:12.534 INFO [http-nio-8081-exec-492] org.apache.catalina.core.ApplicationContext.log Manager: restart: Reloading web application '/MuaBanNha'
13-Dec-2018 20:15:21.382 INFO [http-nio-8081-exec-504] org.apache.catalina.core.ApplicationContext.log Manager: list: Listing contexts for virtual host 'localhost'
13-Dec-2018 20:15:21.461 INFO [http-nio-8081-exec-505] org.apache.catalina.core.ApplicationContext.log Manager: restart: Reloading web application '/MuaBanNha'
13-Dec-2018 20:17:28.983 INFO [http-nio-8081-exec-515] org.apache.catalina.core.ApplicationContext.log Manager: list: Listing contexts for virtual host 'localhost'
13-Dec-2018 20:17:29.007 INFO [http-nio-8081-exec-511] org.apache.catalina.core.ApplicationContext.log Manager: restart: Reloading web application '/MuaBanNha'
13-Dec-2018 20:21:45.099 INFO [http-nio-8081-exec-518] org.apache.catalina.core.ApplicationContext.log Manager: list: Listing contexts for virtual host 'localhost'
13-Dec-2018 20:21:45.130 INFO [http-nio-8081-exec-520] org.apache.catalina.core.ApplicationContext.log Manager: restart: Reloading web application '/MuaBanNha'
13-Dec-2018 20:22:10.603 INFO [http-nio-8081-exec-522] org.apache.catalina.core.ApplicationContext.log Manager: list: Listing contexts for virtual host 'localhost'
13-Dec-2018 20:22:10.637 INFO [http-nio-8081-exec-513] org.apache.catalina.core.ApplicationContext.log Manager: restart: Reloading web application '/MuaBanNha'
13-Dec-2018 20:22:17.345 INFO [http-nio-8081-exec-521] org.apache.catalina.core.ApplicationContext.log Manager: list: Listing contexts for virtual host 'localhost'
13-Dec-2018 20:22:17.397 INFO [http-nio-8081-exec-519] org.apache.catalina.core.ApplicationContext.log Manager: restart: Reloading web application '/MuaBanNha'
13-Dec-2018 20:22:19.222 INFO [http-nio-8081-exec-513] org.apache.catalina.core.ApplicationContext.log Manager: list: Listing contexts for virtual host 'localhost'
13-Dec-2018 20:22:19.261 INFO [http-nio-8081-exec-523] org.apache.catalina.core.ApplicationContext.log Manager: restart: Reloading web application '/MuaBanNha'
13-Dec-2018 20:22:24.002 INFO [http-nio-8081-exec-524] org.apache.catalina.core.ApplicationContext.log Manager: list: Listing contexts for virtual host 'localhost'
13-Dec-2018 20:22:24.032 INFO [http-nio-8081-exec-519] org.apache.catalina.core.ApplicationContext.log Manager: restart: Reloading web application '/MuaBanNha'
13-Dec-2018 20:22:30.262 INFO [http-nio-8081-exec-525] org.apache.catalina.core.ApplicationContext.log Manager: list: Listing contexts for virtual host 'localhost'
13-Dec-2018 20:22:30.297 INFO [http-nio-8081-exec-516] org.apache.catalina.core.ApplicationContext.log Manager: restart: Reloading web application '/MuaBanNha'
13-Dec-2018 20:22:45.802 INFO [http-nio-8081-exec-523] org.apache.catalina.core.ApplicationContext.log Manager: list: Listing contexts for virtual host 'localhost'
13-Dec-2018 20:22:45.832 INFO [http-nio-8081-exec-509] org.apache.catalina.core.ApplicationContext.log Manager: restart: Reloading web application '/MuaBanNha'
13-Dec-2018 20:22:58.628 INFO [http-nio-8081-exec-511] org.apache.catalina.core.ApplicationContext.log Manager: list: Listing contexts for virtual host 'localhost'
13-Dec-2018 20:22:58.674 INFO [http-nio-8081-exec-516] org.apache.catalina.core.ApplicationContext.log Manager: restart: Reloading web application '/MuaBanNha'
13-Dec-2018 20:24:13.577 INFO [http-nio-8081-exec-511] org.apache.catalina.core.ApplicationContext.log Manager: list: Listing contexts for virtual host 'localhost'
13-Dec-2018 20:24:31.811 INFO [http-nio-8081-exec-530] org.apache.catalina.core.ApplicationContext.log Manager: list: Listing contexts for virtual host 'localhost'
13-Dec-2018 20:29:33.574 INFO [http-nio-8081-exec-532] org.apache.catalina.core.ApplicationContext.log Manager: list: Listing contexts for virtual host 'localhost'
13-Dec-2018 20:29:33.608 INFO [http-nio-8081-exec-537] org.apache.catalina.core.ApplicationContext.log Manager: restart: Reloading web application '/MuaBanNha'
13-Dec-2018 20:29:54.221 INFO [http-nio-8081-exec-535] org.apache.catalina.core.ApplicationContext.log Manager: list: Listing contexts for virtual host 'localhost'
13-Dec-2018 20:29:54.256 INFO [http-nio-8081-exec-534] org.apache.catalina.core.ApplicationContext.log Manager: restart: Reloading web application '/MuaBanNha'
13-Dec-2018 20:30:15.822 INFO [http-nio-8081-exec-532] org.apache.catalina.core.ApplicationContext.log Manager: list: Listing contexts for virtual host 'localhost'
13-Dec-2018 20:30:15.854 INFO [http-nio-8081-exec-538] org.apache.catalina.core.ApplicationContext.log Manager: restart: Reloading web application '/MuaBanNha'
13-Dec-2018 20:31:10.522 INFO [http-nio-8081-exec-535] org.apache.catalina.core.ApplicationContext.log Manager: list: Listing contexts for virtual host 'localhost'
13-Dec-2018 20:31:10.588 INFO [http-nio-8081-exec-532] org.apache.catalina.core.ApplicationContext.log Manager: restart: Reloading web application '/MuaBanNha'
13-Dec-2018 20:31:47.039 INFO [http-nio-8081-exec-533] org.apache.catalina.core.ApplicationContext.log Manager: list: Listing contexts for virtual host 'localhost'
13-Dec-2018 20:31:47.068 INFO [http-nio-8081-exec-539] org.apache.catalina.core.ApplicationContext.log Manager: restart: Reloading web application '/MuaBanNha'
13-Dec-2018 20:32:44.985 INFO [http-nio-8081-exec-543] org.apache.catalina.core.ApplicationContext.log Manager: list: Listing contexts for virtual host 'localhost'
13-Dec-2018 20:32:45.063 INFO [http-nio-8081-exec-538] org.apache.catalina.core.ApplicationContext.log Manager: restart: Reloading web application '/MuaBanNha'
13-Dec-2018 20:48:07.162 INFO [http-nio-8081-exec-549] org.apache.catalina.core.ApplicationContext.log Manager: list: Listing contexts for virtual host 'localhost'
13-Dec-2018 20:48:07.199 INFO [http-nio-8081-exec-546] org.apache.catalina.core.ApplicationContext.log Manager: restart: Reloading web application '/MuaBanNha'
13-Dec-2018 20:48:16.489 INFO [http-nio-8081-exec-553] org.apache.catalina.core.ApplicationContext.log Manager: list: Listing contexts for virtual host 'localhost'
13-Dec-2018 20:48:16.521 INFO [http-nio-8081-exec-548] org.apache.catalina.core.ApplicationContext.log Manager: restart: Reloading web application '/MuaBanNha'
13-Dec-2018 20:48:19.864 INFO [http-nio-8081-exec-556] org.apache.catalina.core.ApplicationContext.log Manager: list: Listing contexts for virtual host 'localhost'
13-Dec-2018 20:48:19.905 INFO [http-nio-8081-exec-551] org.apache.catalina.core.ApplicationContext.log Manager: restart: Reloading web application '/MuaBanNha'
13-Dec-2018 20:51:50.377 INFO [http-nio-8081-exec-560] org.apache.catalina.core.ApplicationContext.log Manager: list: Listing contexts for virtual host 'localhost'
13-Dec-2018 20:51:50.411 INFO [http-nio-8081-exec-561] org.apache.catalina.core.ApplicationContext.log Manager: restart: Reloading web application '/MuaBanNha'
13-Dec-2018 20:51:56.548 INFO [http-nio-8081-exec-559] org.apache.catalina.core.ApplicationContext.log Manager: list: Listing contexts for virtual host 'localhost'
13-Dec-2018 20:51:56.587 INFO [http-nio-8081-exec-555] org.apache.catalina.core.ApplicationContext.log Manager: restart: Reloading web application '/MuaBanNha'
13-Dec-2018 20:51:59.759 INFO [http-nio-8081-exec-563] org.apache.catalina.core.ApplicationContext.log Manager: list: Listing contexts for virtual host 'localhost'
13-Dec-2018 20:51:59.794 INFO [http-nio-8081-exec-564] org.apache.catalina.core.ApplicationContext.log Manager: restart: Reloading web application '/MuaBanNha'
13-Dec-2018 20:52:57.004 INFO [http-nio-8081-exec-569] org.apache.catalina.core.ApplicationContext.log Manager: list: Listing contexts for virtual host 'localhost'
13-Dec-2018 20:52:57.042 INFO [http-nio-8081-exec-568] org.apache.catalina.core.ApplicationContext.log Manager: restart: Reloading web application '/MuaBanNha'
