16-Dec-2018 09:10:03.804 INFO [http-nio-8081-exec-286] org.apache.catalina.core.ApplicationContext.log Manager: list: Listing contexts for virtual host 'localhost'
16-Dec-2018 09:10:05.748 INFO [http-nio-8081-exec-285] org.apache.catalina.core.ApplicationContext.log Manager: list: Listing contexts for virtual host 'localhost'
16-Dec-2018 09:10:08.681 INFO [http-nio-8081-exec-287] org.apache.catalina.core.ApplicationContext.log Manager: list: Listing contexts for virtual host 'localhost'
16-Dec-2018 09:11:55.271 INFO [http-nio-8081-exec-286] org.apache.catalina.core.ApplicationContext.log Manager: list: Listing contexts for virtual host 'localhost'
16-Dec-2018 09:14:29.953 INFO [http-nio-8081-exec-286] org.apache.catalina.core.ApplicationContext.log Manager: list: Listing contexts for virtual host 'localhost'
16-Dec-2018 09:14:44.179 INFO [http-nio-8081-exec-285] org.apache.catalina.core.ApplicationContext.log Manager: list: Listing contexts for virtual host 'localhost'
16-Dec-2018 09:14:45.573 INFO [http-nio-8081-exec-291] org.apache.catalina.core.ApplicationContext.log Manager: list: Listing contexts for virtual host 'localhost'
16-Dec-2018 09:15:12.403 INFO [http-nio-8081-exec-286] org.apache.catalina.core.ApplicationContext.log Manager: list: Listing contexts for virtual host 'localhost'
16-Dec-2018 09:15:24.747 INFO [http-nio-8081-exec-292] org.apache.catalina.core.ApplicationContext.log Manager: list: Listing contexts for virtual host 'localhost'
16-Dec-2018 09:15:37.162 INFO [http-nio-8081-exec-291] org.apache.catalina.core.ApplicationContext.log Manager: list: Listing contexts for virtual host 'localhost'
16-Dec-2018 09:16:10.827 INFO [http-nio-8081-exec-286] org.apache.catalina.core.ApplicationContext.log Manager: list: Listing contexts for virtual host 'localhost'
16-Dec-2018 09:16:28.127 INFO [http-nio-8081-exec-292] org.apache.catalina.core.ApplicationContext.log Manager: list: Listing contexts for virtual host 'localhost'
16-Dec-2018 09:17:13.265 INFO [http-nio-8081-exec-290] org.apache.catalina.core.ApplicationContext.log Manager: list: Listing contexts for virtual host 'localhost'
16-Dec-2018 09:21:03.030 INFO [http-nio-8081-exec-290] org.apache.catalina.core.ApplicationContext.log Manager: list: Listing contexts for virtual host 'localhost'
16-Dec-2018 09:24:41.710 INFO [http-nio-8081-exec-288] org.apache.catalina.core.ApplicationContext.log Manager: list: Listing contexts for virtual host 'localhost'
16-Dec-2018 09:24:44.587 INFO [http-nio-8081-exec-292] org.apache.catalina.core.ApplicationContext.log Manager: list: Listing contexts for virtual host 'localhost'
16-Dec-2018 09:24:56.568 INFO [http-nio-8081-exec-293] org.apache.catalina.core.ApplicationContext.log Manager: list: Listing contexts for virtual host 'localhost'
16-Dec-2018 09:25:45.734 INFO [http-nio-8081-exec-288] org.apache.catalina.core.ApplicationContext.log Manager: list: Listing contexts for virtual host 'localhost'
16-Dec-2018 09:25:48.040 INFO [http-nio-8081-exec-292] org.apache.catalina.core.ApplicationContext.log Manager: list: Listing contexts for virtual host 'localhost'
16-Dec-2018 09:25:58.890 INFO [http-nio-8081-exec-293] org.apache.catalina.core.ApplicationContext.log Manager: list: Listing contexts for virtual host 'localhost'
16-Dec-2018 10:24:49.375 INFO [http-nio-8081-exec-285] org.apache.catalina.core.ApplicationContext.log Manager: list: Listing contexts for virtual host 'localhost'
16-Dec-2018 10:28:18.422 INFO [http-nio-8081-exec-290] org.apache.catalina.core.ApplicationContext.log Manager: list: Listing contexts for virtual host 'localhost'
16-Dec-2018 10:28:35.763 INFO [http-nio-8081-exec-293] org.apache.catalina.core.ApplicationContext.log Manager: list: Listing contexts for virtual host 'localhost'
16-Dec-2018 10:29:17.885 INFO [http-nio-8081-exec-288] org.apache.catalina.core.ApplicationContext.log Manager: list: Listing contexts for virtual host 'localhost'
16-Dec-2018 10:29:30.880 INFO [http-nio-8081-exec-291] org.apache.catalina.core.ApplicationContext.log Manager: list: Listing contexts for virtual host 'localhost'
16-Dec-2018 10:29:30.884 INFO [http-nio-8081-exec-287] org.apache.catalina.core.ApplicationContext.log Manager: list: Listing contexts for virtual host 'localhost'
16-Dec-2018 10:29:31.198 INFO [http-nio-8081-exec-286] org.apache.catalina.core.ApplicationContext.log Manager: restart: Reloading web application '/MuaBanNha'
16-Dec-2018 10:29:48.771 INFO [http-nio-8081-exec-288] org.apache.catalina.core.ApplicationContext.log Manager: list: Listing contexts for virtual host 'localhost'
16-Dec-2018 10:30:20.930 INFO [http-nio-8081-exec-297] org.apache.catalina.core.ApplicationContext.log Manager: list: Listing contexts for virtual host 'localhost'
16-Dec-2018 10:31:07.533 INFO [http-nio-8081-exec-289] org.apache.catalina.core.ApplicationContext.log Manager: list: Listing contexts for virtual host 'localhost'
16-Dec-2018 10:31:16.163 INFO [http-nio-8081-exec-299] org.apache.catalina.core.ApplicationContext.log Manager: list: Listing contexts for virtual host 'localhost'
16-Dec-2018 10:31:35.704 INFO [http-nio-8081-exec-296] org.apache.catalina.core.ApplicationContext.log Manager: list: Listing contexts for virtual host 'localhost'
16-Dec-2018 10:32:03.886 INFO [http-nio-8081-exec-301] org.apache.catalina.core.ApplicationContext.log Manager: list: Listing contexts for virtual host 'localhost'
16-Dec-2018 10:33:22.592 INFO [http-nio-8081-exec-301] org.apache.catalina.core.ApplicationContext.log Manager: list: Listing contexts for virtual host 'localhost'
16-Dec-2018 10:33:56.399 INFO [http-nio-8081-exec-296] org.apache.catalina.core.ApplicationContext.log Manager: list: Listing contexts for virtual host 'localhost'
16-Dec-2018 10:34:45.954 INFO [http-nio-8081-exec-304] org.apache.catalina.core.ApplicationContext.log Manager: list: Listing contexts for virtual host 'localhost'
16-Dec-2018 10:36:45.128 INFO [http-nio-8081-exec-301] org.apache.catalina.core.ApplicationContext.log Manager: list: Listing contexts for virtual host 'localhost'
16-Dec-2018 10:36:52.565 INFO [http-nio-8081-exec-302] org.apache.catalina.core.ApplicationContext.log Manager: list: Listing contexts for virtual host 'localhost'
16-Dec-2018 10:37:26.806 INFO [http-nio-8081-exec-297] org.apache.catalina.core.ApplicationContext.log Manager: list: Listing contexts for virtual host 'localhost'
16-Dec-2018 10:37:44.712 INFO [http-nio-8081-exec-295] org.apache.catalina.core.ApplicationContext.log Manager: list: Listing contexts for virtual host 'localhost'
16-Dec-2018 10:37:59.966 INFO [http-nio-8081-exec-298] org.apache.catalina.core.ApplicationContext.log Manager: list: Listing contexts for virtual host 'localhost'
16-Dec-2018 10:37:59.969 INFO [http-nio-8081-exec-301] org.apache.catalina.core.ApplicationContext.log Manager: list: Listing contexts for virtual host 'localhost'
16-Dec-2018 10:38:11.911 INFO [http-nio-8081-exec-303] org.apache.catalina.core.ApplicationContext.log Manager: list: Listing contexts for virtual host 'localhost'
16-Dec-2018 10:38:13.774 INFO [http-nio-8081-exec-302] org.apache.catalina.core.ApplicationContext.log Manager: list: Listing contexts for virtual host 'localhost'
16-Dec-2018 10:38:23.592 INFO [http-nio-8081-exec-299] org.apache.catalina.core.ApplicationContext.log Manager: list: Listing contexts for virtual host 'localhost'
16-Dec-2018 10:38:23.595 INFO [http-nio-8081-exec-297] org.apache.catalina.core.ApplicationContext.log Manager: list: Listing contexts for virtual host 'localhost'
16-Dec-2018 10:38:51.172 INFO [http-nio-8081-exec-295] org.apache.catalina.core.ApplicationContext.log Manager: list: Listing contexts for virtual host 'localhost'
16-Dec-2018 10:41:28.093 INFO [http-nio-8081-exec-298] org.apache.catalina.core.ApplicationContext.log Manager: list: Listing contexts for virtual host 'localhost'
16-Dec-2018 10:41:28.098 INFO [http-nio-8081-exec-301] org.apache.catalina.core.ApplicationContext.log Manager: list: Listing contexts for virtual host 'localhost'
16-Dec-2018 10:41:36.746 INFO [http-nio-8081-exec-301] org.apache.catalina.core.ApplicationContext.log Manager: list: Listing contexts for virtual host 'localhost'
16-Dec-2018 10:41:57.377 INFO [http-nio-8081-exec-299] org.apache.catalina.core.ApplicationContext.log Manager: list: Listing contexts for virtual host 'localhost'
16-Dec-2018 10:42:17.229 INFO [http-nio-8081-exec-303] org.apache.catalina.core.ApplicationContext.log Manager: list: Listing contexts for virtual host 'localhost'
16-Dec-2018 10:42:58.101 INFO [http-nio-8081-exec-302] org.apache.catalina.core.ApplicationContext.log Manager: list: Listing contexts for virtual host 'localhost'
16-Dec-2018 10:43:11.984 INFO [http-nio-8081-exec-300] org.apache.catalina.core.ApplicationContext.log Manager: list: Listing contexts for virtual host 'localhost'
16-Dec-2018 14:57:32.265 INFO [http-nio-8081-exec-303] org.apache.catalina.core.ApplicationContext.log Manager: list: Listing contexts for virtual host 'localhost'
16-Dec-2018 14:58:13.686 INFO [http-nio-8081-exec-296] org.apache.catalina.core.ApplicationContext.log Manager: list: Listing contexts for virtual host 'localhost'
16-Dec-2018 14:58:31.584 INFO [http-nio-8081-exec-301] org.apache.catalina.core.ApplicationContext.log Manager: list: Listing contexts for virtual host 'localhost'
16-Dec-2018 14:59:12.984 INFO [http-nio-8081-exec-299] org.apache.catalina.core.ApplicationContext.log Manager: list: Listing contexts for virtual host 'localhost'
16-Dec-2018 14:59:44.561 INFO [http-nio-8081-exec-304] org.apache.catalina.core.ApplicationContext.log Manager: list: Listing contexts for virtual host 'localhost'
16-Dec-2018 14:59:58.028 INFO [http-nio-8081-exec-302] org.apache.catalina.core.ApplicationContext.log Manager: list: Listing contexts for virtual host 'localhost'
16-Dec-2018 15:00:08.370 INFO [http-nio-8081-exec-303] org.apache.catalina.core.ApplicationContext.log Manager: list: Listing contexts for virtual host 'localhost'
16-Dec-2018 15:05:19.829 INFO [http-nio-8081-exec-298] org.apache.catalina.core.ApplicationContext.log Manager: list: Listing contexts for virtual host 'localhost'
16-Dec-2018 15:06:05.154 INFO [http-nio-8081-exec-302] org.apache.catalina.core.ApplicationContext.log Manager: list: Listing contexts for virtual host 'localhost'
16-Dec-2018 15:06:16.019 INFO [http-nio-8081-exec-303] org.apache.catalina.core.ApplicationContext.log Manager: list: Listing contexts for virtual host 'localhost'
16-Dec-2018 15:06:23.162 INFO [http-nio-8081-exec-301] org.apache.catalina.core.ApplicationContext.log Manager: list: Listing contexts for virtual host 'localhost'
16-Dec-2018 15:07:39.683 INFO [http-nio-8081-exec-296] org.apache.catalina.core.ApplicationContext.log Manager: list: Listing contexts for virtual host 'localhost'
16-Dec-2018 15:07:48.561 INFO [http-nio-8081-exec-298] org.apache.catalina.core.ApplicationContext.log Manager: list: Listing contexts for virtual host 'localhost'
16-Dec-2018 15:08:01.295 INFO [http-nio-8081-exec-303] org.apache.catalina.core.ApplicationContext.log Manager: list: Listing contexts for virtual host 'localhost'
16-Dec-2018 15:09:10.907 INFO [http-nio-8081-exec-297] org.apache.catalina.core.ApplicationContext.log Manager: list: Listing contexts for virtual host 'localhost'
16-Dec-2018 15:09:44.146 INFO [http-nio-8081-exec-296] org.apache.catalina.core.ApplicationContext.log Manager: list: Listing contexts for virtual host 'localhost'
16-Dec-2018 15:10:48.242 INFO [http-nio-8081-exec-302] org.apache.catalina.core.ApplicationContext.log Manager: list: Listing contexts for virtual host 'localhost'
16-Dec-2018 15:11:13.230 INFO [http-nio-8081-exec-298] org.apache.catalina.core.ApplicationContext.log Manager: list: Listing contexts for virtual host 'localhost'
16-Dec-2018 15:13:10.021 INFO [http-nio-8081-exec-301] org.apache.catalina.core.ApplicationContext.log Manager: list: Listing contexts for virtual host 'localhost'
16-Dec-2018 15:13:27.834 INFO [http-nio-8081-exec-303] org.apache.catalina.core.ApplicationContext.log Manager: list: Listing contexts for virtual host 'localhost'
16-Dec-2018 17:40:08.731 INFO [http-nio-8081-exec-303] org.apache.catalina.core.ApplicationContext.log Manager: list: Listing contexts for virtual host 'localhost'
16-Dec-2018 17:40:26.233 INFO [http-nio-8081-exec-301] org.apache.catalina.core.ApplicationContext.log Manager: list: Listing contexts for virtual host 'localhost'
16-Dec-2018 17:41:29.737 INFO [http-nio-8081-exec-295] org.apache.catalina.core.ApplicationContext.log Manager: list: Listing contexts for virtual host 'localhost'
16-Dec-2018 17:41:33.243 INFO [http-nio-8081-exec-297] org.apache.catalina.core.ApplicationContext.log Manager: list: Listing contexts for virtual host 'localhost'
16-Dec-2018 17:41:45.589 INFO [http-nio-8081-exec-303] org.apache.catalina.core.ApplicationContext.log Manager: list: Listing contexts for virtual host 'localhost'
16-Dec-2018 17:41:45.592 INFO [http-nio-8081-exec-304] org.apache.catalina.core.ApplicationContext.log Manager: list: Listing contexts for virtual host 'localhost'
16-Dec-2018 17:42:08.715 INFO [http-nio-8081-exec-303] org.apache.catalina.core.ApplicationContext.log Manager: list: Listing contexts for virtual host 'localhost'
16-Dec-2018 17:42:24.920 INFO [http-nio-8081-exec-296] org.apache.catalina.core.ApplicationContext.log Manager: list: Listing contexts for virtual host 'localhost'
16-Dec-2018 17:42:36.731 INFO [http-nio-8081-exec-299] org.apache.catalina.core.ApplicationContext.log Manager: list: Listing contexts for virtual host 'localhost'
16-Dec-2018 17:42:36.734 INFO [http-nio-8081-exec-297] org.apache.catalina.core.ApplicationContext.log Manager: list: Listing contexts for virtual host 'localhost'
16-Dec-2018 17:42:45.468 INFO [http-nio-8081-exec-300] org.apache.catalina.core.ApplicationContext.log Manager: list: Listing contexts for virtual host 'localhost'
16-Dec-2018 17:42:55.940 INFO [http-nio-8081-exec-297] org.apache.catalina.core.ApplicationContext.log Manager: list: Listing contexts for virtual host 'localhost'
16-Dec-2018 17:43:07.828 INFO [http-nio-8081-exec-295] org.apache.catalina.core.ApplicationContext.log Manager: list: Listing contexts for virtual host 'localhost'
16-Dec-2018 17:43:12.053 INFO [http-nio-8081-exec-300] org.apache.catalina.core.ApplicationContext.log Manager: list: Listing contexts for virtual host 'localhost'
16-Dec-2018 17:43:48.154 INFO [http-nio-8081-exec-296] org.apache.catalina.core.ApplicationContext.log Manager: list: Listing contexts for virtual host 'localhost'
16-Dec-2018 17:43:58.425 INFO [http-nio-8081-exec-304] org.apache.catalina.core.ApplicationContext.log Manager: list: Listing contexts for virtual host 'localhost'
16-Dec-2018 17:44:00.824 INFO [http-nio-8081-exec-303] org.apache.catalina.core.ApplicationContext.log Manager: list: Listing contexts for virtual host 'localhost'
16-Dec-2018 17:44:07.826 INFO [http-nio-8081-exec-303] org.apache.catalina.core.ApplicationContext.log Manager: list: Listing contexts for virtual host 'localhost'
16-Dec-2018 17:44:21.333 INFO [http-nio-8081-exec-302] org.apache.catalina.core.ApplicationContext.log Manager: list: Listing contexts for virtual host 'localhost'
16-Dec-2018 17:44:27.337 INFO [http-nio-8081-exec-297] org.apache.catalina.core.ApplicationContext.log Manager: list: Listing contexts for virtual host 'localhost'
16-Dec-2018 17:44:53.471 INFO [http-nio-8081-exec-302] org.apache.catalina.core.ApplicationContext.log Manager: list: Listing contexts for virtual host 'localhost'
16-Dec-2018 17:44:53.474 INFO [http-nio-8081-exec-296] org.apache.catalina.core.ApplicationContext.log Manager: list: Listing contexts for virtual host 'localhost'
16-Dec-2018 17:45:20.816 INFO [http-nio-8081-exec-299] org.apache.catalina.core.ApplicationContext.log Manager: list: Listing contexts for virtual host 'localhost'
16-Dec-2018 17:45:54.283 INFO [http-nio-8081-exec-300] org.apache.catalina.core.ApplicationContext.log Manager: list: Listing contexts for virtual host 'localhost'
16-Dec-2018 17:46:08.398 INFO [http-nio-8081-exec-301] org.apache.catalina.core.ApplicationContext.log Manager: list: Listing contexts for virtual host 'localhost'
16-Dec-2018 17:47:13.913 INFO [http-nio-8081-exec-304] org.apache.catalina.core.ApplicationContext.log Manager: list: Listing contexts for virtual host 'localhost'
16-Dec-2018 17:47:25.361 INFO [http-nio-8081-exec-299] org.apache.catalina.core.ApplicationContext.log Manager: list: Listing contexts for virtual host 'localhost'
16-Dec-2018 17:48:10.316 INFO [http-nio-8081-exec-296] org.apache.catalina.core.ApplicationContext.log Manager: list: Listing contexts for virtual host 'localhost'
16-Dec-2018 17:49:55.706 INFO [http-nio-8081-exec-303] org.apache.catalina.core.ApplicationContext.log Manager: list: Listing contexts for virtual host 'localhost'
16-Dec-2018 17:51:47.930 INFO [http-nio-8081-exec-300] org.apache.catalina.core.ApplicationContext.log Manager: list: Listing contexts for virtual host 'localhost'
16-Dec-2018 17:52:22.840 INFO [http-nio-8081-exec-299] org.apache.catalina.core.ApplicationContext.log Manager: list: Listing contexts for virtual host 'localhost'
16-Dec-2018 17:52:35.937 INFO [http-nio-8081-exec-301] org.apache.catalina.core.ApplicationContext.log Manager: list: Listing contexts for virtual host 'localhost'
16-Dec-2018 17:54:11.755 INFO [http-nio-8081-exec-297] org.apache.catalina.core.ApplicationContext.log Manager: list: Listing contexts for virtual host 'localhost'
16-Dec-2018 17:54:11.816 INFO [http-nio-8081-exec-295] org.apache.catalina.core.ApplicationContext.log Manager: undeploy: Undeploying web application at '/MuaBanNha'
16-Dec-2018 17:54:31.654 INFO [http-nio-8081-exec-300] org.apache.catalina.core.ApplicationContext.log Manager: list: Listing contexts for virtual host 'localhost'
16-Dec-2018 17:54:31.657 INFO [http-nio-8081-exec-299] org.apache.catalina.core.ApplicationContext.log Manager: list: Listing contexts for virtual host 'localhost'
16-Dec-2018 17:54:31.756 INFO [http-nio-8081-exec-305] org.apache.catalina.core.ApplicationContext.log Manager: install: Installing context configuration at 'file:/C:/Users/ADMINI~1/AppData/Local/Temp/context6355298260065107933.xml'
16-Dec-2018 17:54:32.876 INFO [http-nio-8081-exec-306] org.apache.catalina.core.ApplicationContext.log Manager: start: Starting web application '/MuaBanNha'
16-Dec-2018 17:55:35.894 INFO [http-nio-8081-exec-304] org.apache.catalina.core.ApplicationContext.log Manager: list: Listing contexts for virtual host 'localhost'
16-Dec-2018 17:58:20.528 INFO [http-nio-8081-exec-312] org.apache.catalina.core.ApplicationContext.log Manager: list: Listing contexts for virtual host 'localhost'
16-Dec-2018 17:58:36.243 INFO [http-nio-8081-exec-309] org.apache.catalina.core.ApplicationContext.log Manager: list: Listing contexts for virtual host 'localhost'
16-Dec-2018 17:58:53.018 INFO [http-nio-8081-exec-312] org.apache.catalina.core.ApplicationContext.log Manager: list: Listing contexts for virtual host 'localhost'
16-Dec-2018 18:02:26.174 INFO [http-nio-8081-exec-310] org.apache.catalina.core.ApplicationContext.log Manager: list: Listing contexts for virtual host 'localhost'
16-Dec-2018 18:06:21.797 INFO [http-nio-8081-exec-307] org.apache.catalina.core.ApplicationContext.log Manager: list: Listing contexts for virtual host 'localhost'
16-Dec-2018 18:06:38.553 INFO [http-nio-8081-exec-311] org.apache.catalina.core.ApplicationContext.log Manager: list: Listing contexts for virtual host 'localhost'
16-Dec-2018 18:07:07.576 INFO [http-nio-8081-exec-314] org.apache.catalina.core.ApplicationContext.log Manager: list: Listing contexts for virtual host 'localhost'
16-Dec-2018 18:10:03.296 INFO [http-nio-8081-exec-307] org.apache.catalina.core.ApplicationContext.log Manager: list: Listing contexts for virtual host 'localhost'
16-Dec-2018 18:10:57.898 INFO [http-nio-8081-exec-309] org.apache.catalina.core.ApplicationContext.log Manager: list: Listing contexts for virtual host 'localhost'
16-Dec-2018 19:08:59.560 INFO [http-nio-8081-exec-308] org.apache.catalina.core.ApplicationContext.log Manager: list: Listing contexts for virtual host 'localhost'
16-Dec-2018 19:09:29.267 INFO [http-nio-8081-exec-313] org.apache.catalina.core.ApplicationContext.log Manager: list: Listing contexts for virtual host 'localhost'
16-Dec-2018 19:26:56.245 INFO [http-nio-8081-exec-312] org.apache.catalina.core.ApplicationContext.log Manager: list: Listing contexts for virtual host 'localhost'
16-Dec-2018 19:27:03.152 INFO [http-nio-8081-exec-311] org.apache.catalina.core.ApplicationContext.log Manager: list: Listing contexts for virtual host 'localhost'
16-Dec-2018 19:32:57.047 INFO [http-nio-8081-exec-314] org.apache.catalina.core.ApplicationContext.log Manager: list: Listing contexts for virtual host 'localhost'
16-Dec-2018 19:33:11.987 INFO [http-nio-8081-exec-312] org.apache.catalina.core.ApplicationContext.log Manager: list: Listing contexts for virtual host 'localhost'
16-Dec-2018 19:33:44.229 INFO [http-nio-8081-exec-310] org.apache.catalina.core.ApplicationContext.log Manager: list: Listing contexts for virtual host 'localhost'
16-Dec-2018 19:35:26.923 INFO [http-nio-8081-exec-314] org.apache.catalina.core.ApplicationContext.log Manager: list: Listing contexts for virtual host 'localhost'
16-Dec-2018 19:36:27.322 INFO [http-nio-8081-exec-306] org.apache.catalina.core.ApplicationContext.log Manager: list: Listing contexts for virtual host 'localhost'
16-Dec-2018 19:38:13.047 INFO [http-nio-8081-exec-307] org.apache.catalina.core.ApplicationContext.log Manager: list: Listing contexts for virtual host 'localhost'
16-Dec-2018 19:40:21.318 INFO [http-nio-8081-exec-314] org.apache.catalina.core.ApplicationContext.log Manager: list: Listing contexts for virtual host 'localhost'
16-Dec-2018 19:40:32.784 INFO [http-nio-8081-exec-306] org.apache.catalina.core.ApplicationContext.log Manager: list: Listing contexts for virtual host 'localhost'
16-Dec-2018 19:41:46.060 INFO [http-nio-8081-exec-307] org.apache.catalina.core.ApplicationContext.log Manager: list: Listing contexts for virtual host 'localhost'
16-Dec-2018 19:46:32.156 INFO [http-nio-8081-exec-312] org.apache.catalina.core.ApplicationContext.log Manager: list: Listing contexts for virtual host 'localhost'
16-Dec-2018 19:47:04.238 INFO [http-nio-8081-exec-308] org.apache.catalina.core.ApplicationContext.log Manager: list: Listing contexts for virtual host 'localhost'
16-Dec-2018 19:47:19.848 INFO [http-nio-8081-exec-305] org.apache.catalina.core.ApplicationContext.log Manager: list: Listing contexts for virtual host 'localhost'
16-Dec-2018 19:47:29.657 INFO [http-nio-8081-exec-306] org.apache.catalina.core.ApplicationContext.log Manager: list: Listing contexts for virtual host 'localhost'
16-Dec-2018 19:47:33.771 INFO [http-nio-8081-exec-308] org.apache.catalina.core.ApplicationContext.log Manager: list: Listing contexts for virtual host 'localhost'
16-Dec-2018 19:47:51.234 INFO [http-nio-8081-exec-311] org.apache.catalina.core.ApplicationContext.log Manager: list: Listing contexts for virtual host 'localhost'
16-Dec-2018 19:49:18.799 INFO [http-nio-8081-exec-311] org.apache.catalina.core.ApplicationContext.log Manager: list: Listing contexts for virtual host 'localhost'
16-Dec-2018 19:50:11.445 INFO [http-nio-8081-exec-312] org.apache.catalina.core.ApplicationContext.log Manager: list: Listing contexts for virtual host 'localhost'
16-Dec-2018 19:50:45.077 INFO [http-nio-8081-exec-313] org.apache.catalina.core.ApplicationContext.log Manager: list: Listing contexts for virtual host 'localhost'
16-Dec-2018 19:51:22.028 INFO [http-nio-8081-exec-305] org.apache.catalina.core.ApplicationContext.log Manager: list: Listing contexts for virtual host 'localhost'
16-Dec-2018 19:55:48.514 INFO [http-nio-8081-exec-307] org.apache.catalina.core.ApplicationContext.log Manager: list: Listing contexts for virtual host 'localhost'
16-Dec-2018 19:56:10.900 INFO [http-nio-8081-exec-313] org.apache.catalina.core.ApplicationContext.log Manager: list: Listing contexts for virtual host 'localhost'
16-Dec-2018 19:56:57.368 INFO [http-nio-8081-exec-309] org.apache.catalina.core.ApplicationContext.log Manager: list: Listing contexts for virtual host 'localhost'
16-Dec-2018 19:57:41.100 INFO [http-nio-8081-exec-306] org.apache.catalina.core.ApplicationContext.log Manager: list: Listing contexts for virtual host 'localhost'
16-Dec-2018 19:58:03.645 INFO [http-nio-8081-exec-314] org.apache.catalina.core.ApplicationContext.log Manager: list: Listing contexts for virtual host 'localhost'
16-Dec-2018 19:58:38.045 INFO [http-nio-8081-exec-309] org.apache.catalina.core.ApplicationContext.log Manager: list: Listing contexts for virtual host 'localhost'
16-Dec-2018 19:59:04.939 INFO [http-nio-8081-exec-313] org.apache.catalina.core.ApplicationContext.log Manager: list: Listing contexts for virtual host 'localhost'
16-Dec-2018 19:59:25.295 INFO [http-nio-8081-exec-311] org.apache.catalina.core.ApplicationContext.log Manager: list: Listing contexts for virtual host 'localhost'
16-Dec-2018 20:00:20.808 INFO [http-nio-8081-exec-309] org.apache.catalina.core.ApplicationContext.log Manager: list: Listing contexts for virtual host 'localhost'
16-Dec-2018 20:04:01.143 INFO [http-nio-8081-exec-308] org.apache.catalina.core.ApplicationContext.log Manager: list: Listing contexts for virtual host 'localhost'
16-Dec-2018 20:04:08.198 INFO [http-nio-8081-exec-306] org.apache.catalina.core.ApplicationContext.log Manager: list: Listing contexts for virtual host 'localhost'
16-Dec-2018 20:07:11.697 INFO [http-nio-8081-exec-313] org.apache.catalina.core.ApplicationContext.log Manager: list: Listing contexts for virtual host 'localhost'
16-Dec-2018 20:07:22.891 INFO [http-nio-8081-exec-307] org.apache.catalina.core.ApplicationContext.log Manager: list: Listing contexts for virtual host 'localhost'
16-Dec-2018 20:08:15.072 INFO [http-nio-8081-exec-312] org.apache.catalina.core.ApplicationContext.log Manager: list: Listing contexts for virtual host 'localhost'
16-Dec-2018 20:09:13.895 INFO [http-nio-8081-exec-308] org.apache.catalina.core.ApplicationContext.log Manager: list: Listing contexts for virtual host 'localhost'
16-Dec-2018 20:09:27.866 INFO [http-nio-8081-exec-306] org.apache.catalina.core.ApplicationContext.log Manager: list: Listing contexts for virtual host 'localhost'
16-Dec-2018 20:09:35.265 INFO [http-nio-8081-exec-314] org.apache.catalina.core.ApplicationContext.log Manager: list: Listing contexts for virtual host 'localhost'
16-Dec-2018 20:10:46.220 INFO [http-nio-8081-exec-308] org.apache.catalina.core.ApplicationContext.log Manager: list: Listing contexts for virtual host 'localhost'
16-Dec-2018 20:11:50.747 INFO [http-nio-8081-exec-309] org.apache.catalina.core.ApplicationContext.log Manager: list: Listing contexts for virtual host 'localhost'
16-Dec-2018 20:12:01.188 INFO [http-nio-8081-exec-310] org.apache.catalina.core.ApplicationContext.log Manager: list: Listing contexts for virtual host 'localhost'
16-Dec-2018 20:12:56.303 INFO [http-nio-8081-exec-308] org.apache.catalina.core.ApplicationContext.log Manager: list: Listing contexts for virtual host 'localhost'
16-Dec-2018 20:13:43.660 INFO [http-nio-8081-exec-308] org.apache.catalina.core.ApplicationContext.log Manager: list: Listing contexts for virtual host 'localhost'
16-Dec-2018 20:14:53.426 INFO [http-nio-8081-exec-306] org.apache.catalina.core.ApplicationContext.log Manager: list: Listing contexts for virtual host 'localhost'
16-Dec-2018 20:14:56.768 INFO [http-nio-8081-exec-314] org.apache.catalina.core.ApplicationContext.log Manager: list: Listing contexts for virtual host 'localhost'
16-Dec-2018 20:15:38.466 INFO [http-nio-8081-exec-307] org.apache.catalina.core.ApplicationContext.log Manager: list: Listing contexts for virtual host 'localhost'
16-Dec-2018 20:15:45.963 INFO [http-nio-8081-exec-308] org.apache.catalina.core.ApplicationContext.log Manager: list: Listing contexts for virtual host 'localhost'
16-Dec-2018 20:20:07.563 INFO [http-nio-8081-exec-312] org.apache.catalina.core.ApplicationContext.log Manager: list: Listing contexts for virtual host 'localhost'
16-Dec-2018 20:21:30.440 INFO [http-nio-8081-exec-306] org.apache.catalina.core.ApplicationContext.log Manager: list: Listing contexts for virtual host 'localhost'
16-Dec-2018 20:21:30.517 INFO [http-nio-8081-exec-308] org.apache.catalina.core.ApplicationContext.log Manager: restart: Reloading web application '/MuaBanNha'
16-Dec-2018 20:22:02.135 INFO [http-nio-8081-exec-318] org.apache.catalina.core.ApplicationContext.log Manager: list: Listing contexts for virtual host 'localhost'
16-Dec-2018 20:22:02.170 INFO [http-nio-8081-exec-314] org.apache.catalina.core.ApplicationContext.log Manager: restart: Reloading web application '/MuaBanNha'
16-Dec-2018 20:22:04.780 INFO [http-nio-8081-exec-318] org.apache.catalina.core.ApplicationContext.log Manager: list: Listing contexts for virtual host 'localhost'
16-Dec-2018 20:22:04.831 INFO [http-nio-8081-exec-305] org.apache.catalina.core.ApplicationContext.log Manager: restart: Reloading web application '/MuaBanNha'
16-Dec-2018 20:22:12.156 INFO [http-nio-8081-exec-315] org.apache.catalina.core.ApplicationContext.log Manager: list: Listing contexts for virtual host 'localhost'
16-Dec-2018 20:22:12.187 INFO [http-nio-8081-exec-306] org.apache.catalina.core.ApplicationContext.log Manager: restart: Reloading web application '/MuaBanNha'
16-Dec-2018 20:22:16.710 INFO [http-nio-8081-exec-321] org.apache.catalina.core.ApplicationContext.log Manager: list: Listing contexts for virtual host 'localhost'
16-Dec-2018 20:22:16.740 INFO [http-nio-8081-exec-318] org.apache.catalina.core.ApplicationContext.log Manager: restart: Reloading web application '/MuaBanNha'
16-Dec-2018 20:22:49.843 INFO [http-nio-8081-exec-320] org.apache.catalina.core.ApplicationContext.log Manager: list: Listing contexts for virtual host 'localhost'
16-Dec-2018 20:22:49.875 INFO [http-nio-8081-exec-317] org.apache.catalina.core.ApplicationContext.log Manager: restart: Reloading web application '/MuaBanNha'
16-Dec-2018 20:22:56.340 INFO [http-nio-8081-exec-314] org.apache.catalina.core.ApplicationContext.log Manager: list: Listing contexts for virtual host 'localhost'
16-Dec-2018 20:22:56.368 INFO [http-nio-8081-exec-321] org.apache.catalina.core.ApplicationContext.log Manager: restart: Reloading web application '/MuaBanNha'
16-Dec-2018 20:23:04.838 INFO [http-nio-8081-exec-325] org.apache.catalina.core.ApplicationContext.log Manager: list: Listing contexts for virtual host 'localhost'
16-Dec-2018 20:23:04.891 INFO [http-nio-8081-exec-323] org.apache.catalina.core.ApplicationContext.log Manager: restart: Reloading web application '/MuaBanNha'
16-Dec-2018 20:23:22.268 INFO [http-nio-8081-exec-316] org.apache.catalina.core.ApplicationContext.log Manager: list: Listing contexts for virtual host 'localhost'
16-Dec-2018 20:23:45.145 INFO [http-nio-8081-exec-325] org.apache.catalina.core.ApplicationContext.log Manager: list: Listing contexts for virtual host 'localhost'
16-Dec-2018 20:24:06.166 INFO [http-nio-8081-exec-322] org.apache.catalina.core.ApplicationContext.log Manager: list: Listing contexts for virtual host 'localhost'
16-Dec-2018 20:24:17.001 INFO [http-nio-8081-exec-331] org.apache.catalina.core.ApplicationContext.log Manager: list: Listing contexts for virtual host 'localhost'
16-Dec-2018 20:24:48.912 INFO [http-nio-8081-exec-326] org.apache.catalina.core.ApplicationContext.log Manager: list: Listing contexts for virtual host 'localhost'
16-Dec-2018 20:24:55.998 INFO [http-nio-8081-exec-329] org.apache.catalina.core.ApplicationContext.log Manager: list: Listing contexts for virtual host 'localhost'
16-Dec-2018 20:25:30.760 INFO [http-nio-8081-exec-330] org.apache.catalina.core.ApplicationContext.log Manager: list: Listing contexts for virtual host 'localhost'
16-Dec-2018 20:25:45.430 INFO [http-nio-8081-exec-332] org.apache.catalina.core.ApplicationContext.log Manager: list: Listing contexts for virtual host 'localhost'
16-Dec-2018 20:26:42.705 INFO [http-nio-8081-exec-331] org.apache.catalina.core.ApplicationContext.log Manager: list: Listing contexts for virtual host 'localhost'
16-Dec-2018 20:30:32.769 INFO [http-nio-8081-exec-328] org.apache.catalina.core.ApplicationContext.log Manager: list: Listing contexts for virtual host 'localhost'
16-Dec-2018 20:33:11.333 INFO [http-nio-8081-exec-329] org.apache.catalina.core.ApplicationContext.log Manager: list: Listing contexts for virtual host 'localhost'
16-Dec-2018 20:33:42.351 INFO [http-nio-8081-exec-334] org.apache.catalina.core.ApplicationContext.log Manager: list: Listing contexts for virtual host 'localhost'
16-Dec-2018 20:33:44.145 INFO [http-nio-8081-exec-332] org.apache.catalina.core.ApplicationContext.log Manager: list: Listing contexts for virtual host 'localhost'
16-Dec-2018 20:33:55.560 INFO [http-nio-8081-exec-328] org.apache.catalina.core.ApplicationContext.log Manager: list: Listing contexts for virtual host 'localhost'
16-Dec-2018 20:33:57.743 INFO [http-nio-8081-exec-330] org.apache.catalina.core.ApplicationContext.log Manager: list: Listing contexts for virtual host 'localhost'
16-Dec-2018 20:34:25.962 INFO [http-nio-8081-exec-331] org.apache.catalina.core.ApplicationContext.log Manager: list: Listing contexts for virtual host 'localhost'
16-Dec-2018 20:34:38.880 INFO [http-nio-8081-exec-334] org.apache.catalina.core.ApplicationContext.log Manager: list: Listing contexts for virtual host 'localhost'
16-Dec-2018 20:35:10.616 INFO [http-nio-8081-exec-332] org.apache.catalina.core.ApplicationContext.log Manager: list: Listing contexts for virtual host 'localhost'
16-Dec-2018 20:36:06.855 INFO [http-nio-8081-exec-328] org.apache.catalina.core.ApplicationContext.log Manager: list: Listing contexts for virtual host 'localhost'
16-Dec-2018 20:36:31.387 INFO [http-nio-8081-exec-327] org.apache.catalina.core.ApplicationContext.log Manager: list: Listing contexts for virtual host 'localhost'
16-Dec-2018 20:37:01.665 INFO [http-nio-8081-exec-332] org.apache.catalina.core.ApplicationContext.log Manager: list: Listing contexts for virtual host 'localhost'
16-Dec-2018 20:37:22.793 INFO [http-nio-8081-exec-331] org.apache.catalina.core.ApplicationContext.log Manager: list: Listing contexts for virtual host 'localhost'
16-Dec-2018 20:38:54.234 INFO [http-nio-8081-exec-330] org.apache.catalina.core.ApplicationContext.log Manager: list: Listing contexts for virtual host 'localhost'
16-Dec-2018 20:39:47.660 INFO [http-nio-8081-exec-335] org.apache.catalina.core.ApplicationContext.log Manager: list: Listing contexts for virtual host 'localhost'
16-Dec-2018 20:40:32.134 INFO [http-nio-8081-exec-333] org.apache.catalina.core.ApplicationContext.log Manager: list: Listing contexts for virtual host 'localhost'
16-Dec-2018 20:41:07.742 INFO [http-nio-8081-exec-328] org.apache.catalina.core.ApplicationContext.log Manager: list: Listing contexts for virtual host 'localhost'
16-Dec-2018 20:54:18.631 INFO [http-nio-8081-exec-326] org.apache.catalina.core.ApplicationContext.log Manager: list: Listing contexts for virtual host 'localhost'
16-Dec-2018 20:58:49.685 INFO [http-nio-8081-exec-333] org.apache.catalina.core.ApplicationContext.log Manager: list: Listing contexts for virtual host 'localhost'
16-Dec-2018 20:59:28.736 INFO [http-nio-8081-exec-330] org.apache.catalina.core.ApplicationContext.log Manager: list: Listing contexts for virtual host 'localhost'
16-Dec-2018 21:01:34.394 INFO [http-nio-8081-exec-334] org.apache.catalina.core.ApplicationContext.log Manager: list: Listing contexts for virtual host 'localhost'
16-Dec-2018 21:02:14.329 INFO [http-nio-8081-exec-328] org.apache.catalina.core.ApplicationContext.log Manager: list: Listing contexts for virtual host 'localhost'
16-Dec-2018 21:02:14.396 INFO [http-nio-8081-exec-329] org.apache.catalina.core.ApplicationContext.log Manager: restart: Reloading web application '/MuaBanNha'
16-Dec-2018 21:02:15.426 INFO [http-nio-8081-exec-332] org.apache.catalina.core.ApplicationContext.log Manager: list: Listing contexts for virtual host 'localhost'
16-Dec-2018 21:02:15.478 INFO [http-nio-8081-exec-330] org.apache.catalina.core.ApplicationContext.log Manager: restart: Reloading web application '/MuaBanNha'
16-Dec-2018 21:02:17.673 INFO [http-nio-8081-exec-328] org.apache.catalina.core.ApplicationContext.log Manager: list: Listing contexts for virtual host 'localhost'
16-Dec-2018 21:02:17.705 INFO [http-nio-8081-exec-335] org.apache.catalina.core.ApplicationContext.log Manager: restart: Reloading web application '/MuaBanNha'
16-Dec-2018 21:02:32.083 INFO [http-nio-8081-exec-333] org.apache.catalina.core.ApplicationContext.log Manager: list: Listing contexts for virtual host 'localhost'
16-Dec-2018 21:02:32.109 INFO [http-nio-8081-exec-330] org.apache.catalina.core.ApplicationContext.log Manager: restart: Reloading web application '/MuaBanNha'
16-Dec-2018 21:03:20.273 INFO [http-nio-8081-exec-333] org.apache.catalina.core.ApplicationContext.log Manager: list: Listing contexts for virtual host 'localhost'
16-Dec-2018 21:03:20.305 INFO [http-nio-8081-exec-328] org.apache.catalina.core.ApplicationContext.log Manager: restart: Reloading web application '/MuaBanNha'
16-Dec-2018 21:09:00.768 INFO [http-nio-8081-exec-343] org.apache.catalina.core.ApplicationContext.log Manager: list: Listing contexts for virtual host 'localhost'
16-Dec-2018 21:09:00.806 INFO [http-nio-8081-exec-342] org.apache.catalina.core.ApplicationContext.log Manager: restart: Reloading web application '/MuaBanNha'
16-Dec-2018 21:13:39.537 INFO [http-nio-8081-exec-352] org.apache.catalina.core.ApplicationContext.log Manager: list: Listing contexts for virtual host 'localhost'
16-Dec-2018 21:13:39.571 INFO [http-nio-8081-exec-353] org.apache.catalina.core.ApplicationContext.log Manager: restart: Reloading web application '/MuaBanNha'
16-Dec-2018 21:13:58.523 INFO [http-nio-8081-exec-359] org.apache.catalina.core.ApplicationContext.log Manager: list: Listing contexts for virtual host 'localhost'
16-Dec-2018 21:13:58.572 INFO [http-nio-8081-exec-355] org.apache.catalina.core.ApplicationContext.log Manager: restart: Reloading web application '/MuaBanNha'
16-Dec-2018 21:14:01.329 INFO [http-nio-8081-exec-354] org.apache.catalina.core.ApplicationContext.log Manager: list: Listing contexts for virtual host 'localhost'
16-Dec-2018 21:14:01.357 INFO [http-nio-8081-exec-359] org.apache.catalina.core.ApplicationContext.log Manager: restart: Reloading web application '/MuaBanNha'
16-Dec-2018 21:17:23.906 INFO [http-nio-8081-exec-362] org.apache.catalina.core.ApplicationContext.log Manager: list: Listing contexts for virtual host 'localhost'
16-Dec-2018 21:17:23.937 INFO [http-nio-8081-exec-363] org.apache.catalina.core.ApplicationContext.log Manager: restart: Reloading web application '/MuaBanNha'
16-Dec-2018 21:17:48.893 INFO [http-nio-8081-exec-361] org.apache.catalina.core.ApplicationContext.log Manager: list: Listing contexts for virtual host 'localhost'
16-Dec-2018 21:17:48.926 INFO [http-nio-8081-exec-354] org.apache.catalina.core.ApplicationContext.log Manager: restart: Reloading web application '/MuaBanNha'
16-Dec-2018 21:18:00.618 INFO [http-nio-8081-exec-348] org.apache.catalina.core.ApplicationContext.log Manager: list: Listing contexts for virtual host 'localhost'
16-Dec-2018 21:18:00.654 INFO [http-nio-8081-exec-364] org.apache.catalina.core.ApplicationContext.log Manager: restart: Reloading web application '/MuaBanNha'
16-Dec-2018 21:18:01.979 INFO [http-nio-8081-exec-348] org.apache.catalina.core.ApplicationContext.log Manager: list: Listing contexts for virtual host 'localhost'
16-Dec-2018 21:18:02.011 INFO [http-nio-8081-exec-363] org.apache.catalina.core.ApplicationContext.log Manager: restart: Reloading web application '/MuaBanNha'
16-Dec-2018 21:18:22.826 INFO [http-nio-8081-exec-355] org.apache.catalina.core.ApplicationContext.log Manager: list: Listing contexts for virtual host 'localhost'
16-Dec-2018 21:18:22.863 INFO [http-nio-8081-exec-364] org.apache.catalina.core.ApplicationContext.log Manager: restart: Reloading web application '/MuaBanNha'
16-Dec-2018 21:19:11.229 INFO [http-nio-8081-exec-367] org.apache.catalina.core.ApplicationContext.log Manager: list: Listing contexts for virtual host 'localhost'
16-Dec-2018 21:19:11.260 INFO [http-nio-8081-exec-354] org.apache.catalina.core.ApplicationContext.log Manager: restart: Reloading web application '/MuaBanNha'
16-Dec-2018 21:20:50.401 INFO [http-nio-8081-exec-368] org.apache.catalina.core.ApplicationContext.log Manager: list: Listing contexts for virtual host 'localhost'
16-Dec-2018 21:20:50.430 INFO [http-nio-8081-exec-355] org.apache.catalina.core.ApplicationContext.log Manager: restart: Reloading web application '/MuaBanNha'
16-Dec-2018 21:20:59.166 INFO [http-nio-8081-exec-365] org.apache.catalina.core.ApplicationContext.log Manager: list: Listing contexts for virtual host 'localhost'
16-Dec-2018 21:20:59.197 INFO [http-nio-8081-exec-368] org.apache.catalina.core.ApplicationContext.log Manager: restart: Reloading web application '/MuaBanNha'
16-Dec-2018 21:21:01.313 INFO [http-nio-8081-exec-372] org.apache.catalina.core.ApplicationContext.log Manager: list: Listing contexts for virtual host 'localhost'
16-Dec-2018 21:21:01.419 INFO [http-nio-8081-exec-365] org.apache.catalina.core.ApplicationContext.log Manager: restart: Reloading web application '/MuaBanNha'
16-Dec-2018 21:21:08.589 INFO [http-nio-8081-exec-368] org.apache.catalina.core.ApplicationContext.log Manager: list: Listing contexts for virtual host 'localhost'
16-Dec-2018 21:21:08.619 INFO [http-nio-8081-exec-371] org.apache.catalina.core.ApplicationContext.log Manager: restart: Reloading web application '/MuaBanNha'
16-Dec-2018 21:21:42.531 INFO [http-nio-8081-exec-368] org.apache.catalina.core.ApplicationContext.log Manager: list: Listing contexts for virtual host 'localhost'
16-Dec-2018 21:21:42.560 INFO [http-nio-8081-exec-372] org.apache.catalina.core.ApplicationContext.log Manager: restart: Reloading web application '/MuaBanNha'
16-Dec-2018 21:22:05.653 INFO [http-nio-8081-exec-375] org.apache.catalina.core.ApplicationContext.log Manager: list: Listing contexts for virtual host 'localhost'
16-Dec-2018 21:22:05.679 INFO [http-nio-8081-exec-371] org.apache.catalina.core.ApplicationContext.log Manager: restart: Reloading web application '/MuaBanNha'
16-Dec-2018 21:36:57.455 INFO [http-nio-8081-exec-378] org.apache.catalina.core.ApplicationContext.log Manager: list: Listing contexts for virtual host 'localhost'
16-Dec-2018 21:43:52.461 INFO [http-nio-8081-exec-385] org.apache.catalina.core.ApplicationContext.log Manager: list: Listing contexts for virtual host 'localhost'
16-Dec-2018 21:43:52.489 INFO [http-nio-8081-exec-386] org.apache.catalina.core.ApplicationContext.log Manager: restart: Reloading web application '/MuaBanNha'
16-Dec-2018 21:44:03.499 INFO [http-nio-8081-exec-384] org.apache.catalina.core.ApplicationContext.log Manager: list: Listing contexts for virtual host 'localhost'
16-Dec-2018 21:44:03.545 INFO [http-nio-8081-exec-380] org.apache.catalina.core.ApplicationContext.log Manager: restart: Reloading web application '/MuaBanNha'
16-Dec-2018 21:44:15.502 INFO [http-nio-8081-exec-384] org.apache.catalina.core.ApplicationContext.log Manager: list: Listing contexts for virtual host 'localhost'
16-Dec-2018 21:44:15.531 INFO [http-nio-8081-exec-382] org.apache.catalina.core.ApplicationContext.log Manager: restart: Reloading web application '/MuaBanNha'
16-Dec-2018 21:46:24.819 INFO [http-nio-8081-exec-383] org.apache.catalina.core.ApplicationContext.log Manager: list: Listing contexts for virtual host 'localhost'
16-Dec-2018 21:46:24.853 INFO [http-nio-8081-exec-378] org.apache.catalina.core.ApplicationContext.log Manager: restart: Reloading web application '/MuaBanNha'
16-Dec-2018 21:47:36.270 INFO [http-nio-8081-exec-384] org.apache.catalina.core.ApplicationContext.log Manager: list: Listing contexts for virtual host 'localhost'
16-Dec-2018 21:47:36.298 INFO [http-nio-8081-exec-380] org.apache.catalina.core.ApplicationContext.log Manager: restart: Reloading web application '/MuaBanNha'
16-Dec-2018 21:48:19.249 INFO [http-nio-8081-exec-394] org.apache.catalina.core.ApplicationContext.log Manager: list: Listing contexts for virtual host 'localhost'
16-Dec-2018 21:48:19.282 INFO [http-nio-8081-exec-384] org.apache.catalina.core.ApplicationContext.log Manager: restart: Reloading web application '/MuaBanNha'
16-Dec-2018 21:48:26.437 INFO [http-nio-8081-exec-391] org.apache.catalina.core.ApplicationContext.log Manager: list: Listing contexts for virtual host 'localhost'
16-Dec-2018 21:48:26.490 INFO [http-nio-8081-exec-393] org.apache.catalina.core.ApplicationContext.log Manager: restart: Reloading web application '/MuaBanNha'
