25-Dec-2018 06:36:38.374 INFO [http-nio-8081-exec-45] org.apache.catalina.core.ApplicationContext.log Manager: init: Associated with Deployer 'Catalina:type=Deployer,host=localhost'
25-Dec-2018 06:36:38.374 INFO [http-nio-8081-exec-45] org.apache.catalina.core.ApplicationContext.log Manager: init: Global resources are available
25-Dec-2018 06:36:40.462 INFO [http-nio-8081-exec-38] org.apache.catalina.core.ApplicationContext.log Manager: list: Listing contexts for virtual host 'localhost'
25-Dec-2018 06:36:40.477 INFO [http-nio-8081-exec-10] org.apache.catalina.core.ApplicationContext.log Manager: list: Listing contexts for virtual host 'localhost'
25-Dec-2018 06:36:40.793 INFO [http-nio-8081-exec-36] org.apache.catalina.core.ApplicationContext.log Manager: restart: Reloading web application '/MuaBanNha'
25-Dec-2018 07:22:10.712 INFO [http-nio-8081-exec-60] org.apache.catalina.core.ApplicationContext.log Manager: list: Listing contexts for virtual host 'localhost'
25-Dec-2018 07:22:10.721 INFO [http-nio-8081-exec-57] org.apache.catalina.core.ApplicationContext.log Manager: list: Listing contexts for virtual host 'localhost'
25-Dec-2018 07:22:10.919 INFO [http-nio-8081-exec-52] org.apache.catalina.core.ApplicationContext.log Manager: restart: Reloading web application '/MyShop'
25-Dec-2018 07:23:44.202 INFO [http-nio-8081-exec-66] org.apache.catalina.core.ApplicationContext.log Manager: list: Listing contexts for virtual host 'localhost'
25-Dec-2018 07:23:44.223 INFO [http-nio-8081-exec-65] org.apache.catalina.core.ApplicationContext.log Manager: restart: Reloading web application '/MyShop'
25-Dec-2018 07:25:04.917 INFO [http-nio-8081-exec-64] org.apache.catalina.core.ApplicationContext.log Manager: list: Listing contexts for virtual host 'localhost'
25-Dec-2018 07:25:04.969 INFO [http-nio-8081-exec-61] org.apache.catalina.core.ApplicationContext.log Manager: restart: Reloading web application '/MyShop'
25-Dec-2018 07:25:10.928 INFO [http-nio-8081-exec-73] org.apache.catalina.core.ApplicationContext.log Manager: list: Listing contexts for virtual host 'localhost'
25-Dec-2018 07:25:10.987 INFO [http-nio-8081-exec-72] org.apache.catalina.core.ApplicationContext.log Manager: restart: Reloading web application '/MyShop'
25-Dec-2018 07:25:17.128 INFO [http-nio-8081-exec-64] org.apache.catalina.core.ApplicationContext.log Manager: list: Listing contexts for virtual host 'localhost'
25-Dec-2018 07:25:17.204 INFO [http-nio-8081-exec-66] org.apache.catalina.core.ApplicationContext.log Manager: restart: Reloading web application '/MyShop'
25-Dec-2018 07:25:23.790 INFO [http-nio-8081-exec-67] org.apache.catalina.core.ApplicationContext.log Manager: list: Listing contexts for virtual host 'localhost'
25-Dec-2018 07:25:23.803 INFO [http-nio-8081-exec-73] org.apache.catalina.core.ApplicationContext.log Manager: restart: Reloading web application '/MyShop'
25-Dec-2018 07:25:29.444 INFO [http-nio-8081-exec-68] org.apache.catalina.core.ApplicationContext.log Manager: list: Listing contexts for virtual host 'localhost'
25-Dec-2018 07:25:29.466 INFO [http-nio-8081-exec-63] org.apache.catalina.core.ApplicationContext.log Manager: restart: Reloading web application '/MyShop'
25-Dec-2018 07:25:39.938 INFO [http-nio-8081-exec-68] org.apache.catalina.core.ApplicationContext.log Manager: list: Listing contexts for virtual host 'localhost'
25-Dec-2018 07:25:39.951 INFO [http-nio-8081-exec-75] org.apache.catalina.core.ApplicationContext.log Manager: restart: Reloading web application '/MyShop'
25-Dec-2018 07:26:36.806 INFO [http-nio-8081-exec-74] org.apache.catalina.core.ApplicationContext.log Manager: list: Listing contexts for virtual host 'localhost'
25-Dec-2018 07:26:36.820 INFO [http-nio-8081-exec-71] org.apache.catalina.core.ApplicationContext.log Manager: restart: Reloading web application '/MyShop'
25-Dec-2018 07:26:42.772 INFO [http-nio-8081-exec-67] org.apache.catalina.core.ApplicationContext.log Manager: list: Listing contexts for virtual host 'localhost'
25-Dec-2018 07:26:42.809 INFO [http-nio-8081-exec-80] org.apache.catalina.core.ApplicationContext.log Manager: restart: Reloading web application '/MyShop'
25-Dec-2018 07:26:55.401 INFO [http-nio-8081-exec-79] org.apache.catalina.core.ApplicationContext.log Manager: list: Listing contexts for virtual host 'localhost'
25-Dec-2018 07:26:55.417 INFO [http-nio-8081-exec-77] org.apache.catalina.core.ApplicationContext.log Manager: restart: Reloading web application '/MyShop'
25-Dec-2018 07:27:05.312 INFO [http-nio-8081-exec-74] org.apache.catalina.core.ApplicationContext.log Manager: list: Listing contexts for virtual host 'localhost'
25-Dec-2018 07:27:05.329 INFO [http-nio-8081-exec-85] org.apache.catalina.core.ApplicationContext.log Manager: restart: Reloading web application '/MyShop'
25-Dec-2018 07:27:48.252 INFO [http-nio-8081-exec-87] org.apache.catalina.core.ApplicationContext.log Manager: list: Listing contexts for virtual host 'localhost'
25-Dec-2018 07:27:48.292 INFO [http-nio-8081-exec-84] org.apache.catalina.core.ApplicationContext.log Manager: restart: Reloading web application '/MyShop'
25-Dec-2018 07:28:12.081 INFO [http-nio-8081-exec-74] org.apache.catalina.core.ApplicationContext.log Manager: list: Listing contexts for virtual host 'localhost'
25-Dec-2018 07:28:12.103 INFO [http-nio-8081-exec-89] org.apache.catalina.core.ApplicationContext.log Manager: restart: Reloading web application '/MyShop'
25-Dec-2018 07:28:27.650 INFO [http-nio-8081-exec-74] org.apache.catalina.core.ApplicationContext.log Manager: list: Listing contexts for virtual host 'localhost'
25-Dec-2018 07:28:27.662 INFO [http-nio-8081-exec-87] org.apache.catalina.core.ApplicationContext.log Manager: restart: Reloading web application '/MyShop'
25-Dec-2018 07:28:49.259 INFO [http-nio-8081-exec-86] org.apache.catalina.core.ApplicationContext.log Manager: list: Listing contexts for virtual host 'localhost'
25-Dec-2018 07:28:49.445 INFO [http-nio-8081-exec-91] org.apache.catalina.core.ApplicationContext.log Manager: restart: Reloading web application '/MyShop'
25-Dec-2018 07:29:00.410 INFO [http-nio-8081-exec-95] org.apache.catalina.core.ApplicationContext.log Manager: list: Listing contexts for virtual host 'localhost'
25-Dec-2018 07:29:00.421 INFO [http-nio-8081-exec-68] org.apache.catalina.core.ApplicationContext.log Manager: restart: Reloading web application '/MyShop'
25-Dec-2018 07:29:07.559 INFO [http-nio-8081-exec-86] org.apache.catalina.core.ApplicationContext.log Manager: list: Listing contexts for virtual host 'localhost'
25-Dec-2018 07:29:07.573 INFO [http-nio-8081-exec-88] org.apache.catalina.core.ApplicationContext.log Manager: restart: Reloading web application '/MyShop'
25-Dec-2018 07:29:17.553 INFO [http-nio-8081-exec-67] org.apache.catalina.core.ApplicationContext.log Manager: list: Listing contexts for virtual host 'localhost'
25-Dec-2018 07:29:17.571 INFO [http-nio-8081-exec-94] org.apache.catalina.core.ApplicationContext.log Manager: restart: Reloading web application '/MyShop'
25-Dec-2018 07:29:23.589 INFO [http-nio-8081-exec-79] org.apache.catalina.core.ApplicationContext.log Manager: list: Listing contexts for virtual host 'localhost'
25-Dec-2018 07:29:23.602 INFO [http-nio-8081-exec-67] org.apache.catalina.core.ApplicationContext.log Manager: restart: Reloading web application '/MyShop'
25-Dec-2018 07:29:49.631 INFO [http-nio-8081-exec-96] org.apache.catalina.core.ApplicationContext.log Manager: list: Listing contexts for virtual host 'localhost'
25-Dec-2018 07:29:49.650 INFO [http-nio-8081-exec-100] org.apache.catalina.core.ApplicationContext.log Manager: restart: Reloading web application '/MyShop'
25-Dec-2018 07:30:15.307 INFO [http-nio-8081-exec-93] org.apache.catalina.core.ApplicationContext.log Manager: list: Listing contexts for virtual host 'localhost'
25-Dec-2018 07:30:15.320 INFO [http-nio-8081-exec-101] org.apache.catalina.core.ApplicationContext.log Manager: restart: Reloading web application '/MyShop'
25-Dec-2018 07:30:31.499 INFO [http-nio-8081-exec-98] org.apache.catalina.core.ApplicationContext.log Manager: list: Listing contexts for virtual host 'localhost'
25-Dec-2018 07:30:31.511 INFO [http-nio-8081-exec-103] org.apache.catalina.core.ApplicationContext.log Manager: restart: Reloading web application '/MyShop'
25-Dec-2018 07:30:36.485 INFO [http-nio-8081-exec-106] org.apache.catalina.core.ApplicationContext.log Manager: list: Listing contexts for virtual host 'localhost'
25-Dec-2018 07:30:36.501 INFO [http-nio-8081-exec-93] org.apache.catalina.core.ApplicationContext.log Manager: restart: Reloading web application '/MyShop'
25-Dec-2018 07:30:51.566 INFO [http-nio-8081-exec-107] org.apache.catalina.core.ApplicationContext.log Manager: list: Listing contexts for virtual host 'localhost'
25-Dec-2018 07:30:51.581 INFO [http-nio-8081-exec-81] org.apache.catalina.core.ApplicationContext.log Manager: restart: Reloading web application '/MyShop'
25-Dec-2018 07:31:46.613 INFO [http-nio-8081-exec-111] org.apache.catalina.core.ApplicationContext.log Manager: list: Listing contexts for virtual host 'localhost'
25-Dec-2018 07:31:46.625 INFO [http-nio-8081-exec-107] org.apache.catalina.core.ApplicationContext.log Manager: restart: Reloading web application '/MyShop'
25-Dec-2018 07:33:00.182 INFO [http-nio-8081-exec-106] org.apache.catalina.core.ApplicationContext.log Manager: list: Listing contexts for virtual host 'localhost'
25-Dec-2018 07:33:00.213 INFO [http-nio-8081-exec-115] org.apache.catalina.core.ApplicationContext.log Manager: restart: Reloading web application '/MyShop'
25-Dec-2018 07:33:05.467 INFO [http-nio-8081-exec-104] org.apache.catalina.core.ApplicationContext.log Manager: list: Listing contexts for virtual host 'localhost'
25-Dec-2018 07:33:05.480 INFO [http-nio-8081-exec-114] org.apache.catalina.core.ApplicationContext.log Manager: restart: Reloading web application '/MyShop'
25-Dec-2018 07:33:27.376 INFO [http-nio-8081-exec-118] org.apache.catalina.core.ApplicationContext.log Manager: list: Listing contexts for virtual host 'localhost'
25-Dec-2018 07:33:27.387 INFO [http-nio-8081-exec-119] org.apache.catalina.core.ApplicationContext.log Manager: restart: Reloading web application '/MyShop'
25-Dec-2018 07:33:33.029 INFO [http-nio-8081-exec-96] org.apache.catalina.core.ApplicationContext.log Manager: list: Listing contexts for virtual host 'localhost'
25-Dec-2018 07:33:33.055 INFO [http-nio-8081-exec-116] org.apache.catalina.core.ApplicationContext.log Manager: restart: Reloading web application '/MyShop'
25-Dec-2018 07:33:37.819 INFO [http-nio-8081-exec-97] org.apache.catalina.core.ApplicationContext.log Manager: list: Listing contexts for virtual host 'localhost'
25-Dec-2018 07:33:37.861 INFO [http-nio-8081-exec-96] org.apache.catalina.core.ApplicationContext.log Manager: restart: Reloading web application '/MyShop'
25-Dec-2018 07:33:43.146 INFO [http-nio-8081-exec-122] org.apache.catalina.core.ApplicationContext.log Manager: list: Listing contexts for virtual host 'localhost'
25-Dec-2018 07:33:43.161 INFO [http-nio-8081-exec-118] org.apache.catalina.core.ApplicationContext.log Manager: restart: Reloading web application '/MyShop'
25-Dec-2018 07:33:51.843 INFO [http-nio-8081-exec-111] org.apache.catalina.core.ApplicationContext.log Manager: list: Listing contexts for virtual host 'localhost'
25-Dec-2018 07:33:51.852 INFO [http-nio-8081-exec-112] org.apache.catalina.core.ApplicationContext.log Manager: restart: Reloading web application '/MyShop'
25-Dec-2018 07:38:13.730 INFO [http-nio-8081-exec-125] org.apache.catalina.core.ApplicationContext.log Manager: list: Listing contexts for virtual host 'localhost'
25-Dec-2018 07:38:13.742 INFO [http-nio-8081-exec-127] org.apache.catalina.core.ApplicationContext.log Manager: restart: Reloading web application '/MyShop'
25-Dec-2018 07:38:32.329 INFO [http-nio-8081-exec-120] org.apache.catalina.core.ApplicationContext.log Manager: list: Listing contexts for virtual host 'localhost'
25-Dec-2018 07:38:32.346 INFO [http-nio-8081-exec-126] org.apache.catalina.core.ApplicationContext.log Manager: restart: Reloading web application '/MyShop'
25-Dec-2018 07:38:37.247 INFO [http-nio-8081-exec-120] org.apache.catalina.core.ApplicationContext.log Manager: list: Listing contexts for virtual host 'localhost'
25-Dec-2018 07:38:37.389 INFO [http-nio-8081-exec-135] org.apache.catalina.core.ApplicationContext.log Manager: restart: Reloading web application '/MyShop'
25-Dec-2018 07:41:47.607 INFO [http-nio-8081-exec-138] org.apache.catalina.core.ApplicationContext.log Manager: list: Listing contexts for virtual host 'localhost'
25-Dec-2018 07:41:47.618 INFO [http-nio-8081-exec-140] org.apache.catalina.core.ApplicationContext.log Manager: restart: Reloading web application '/MyShop'
25-Dec-2018 07:41:52.433 INFO [http-nio-8081-exec-129] org.apache.catalina.core.ApplicationContext.log Manager: list: Listing contexts for virtual host 'localhost'
25-Dec-2018 07:41:52.444 INFO [http-nio-8081-exec-138] org.apache.catalina.core.ApplicationContext.log Manager: restart: Reloading web application '/MyShop'
25-Dec-2018 07:42:14.269 INFO [http-nio-8081-exec-141] org.apache.catalina.core.ApplicationContext.log Manager: list: Listing contexts for virtual host 'localhost'
25-Dec-2018 07:42:14.288 INFO [http-nio-8081-exec-139] org.apache.catalina.core.ApplicationContext.log Manager: restart: Reloading web application '/MyShop'
25-Dec-2018 07:42:19.446 INFO [http-nio-8081-exec-145] org.apache.catalina.core.ApplicationContext.log Manager: list: Listing contexts for virtual host 'localhost'
25-Dec-2018 07:42:19.460 INFO [http-nio-8081-exec-129] org.apache.catalina.core.ApplicationContext.log Manager: restart: Reloading web application '/MyShop'
25-Dec-2018 07:42:29.712 INFO [http-nio-8081-exec-141] org.apache.catalina.core.ApplicationContext.log Manager: list: Listing contexts for virtual host 'localhost'
25-Dec-2018 07:42:29.727 INFO [http-nio-8081-exec-143] org.apache.catalina.core.ApplicationContext.log Manager: restart: Reloading web application '/MyShop'
25-Dec-2018 07:42:34.373 INFO [http-nio-8081-exec-147] org.apache.catalina.core.ApplicationContext.log Manager: list: Listing contexts for virtual host 'localhost'
25-Dec-2018 07:42:34.384 INFO [http-nio-8081-exec-146] org.apache.catalina.core.ApplicationContext.log Manager: restart: Reloading web application '/MyShop'
25-Dec-2018 07:44:19.186 INFO [http-nio-8081-exec-155] org.apache.catalina.core.ApplicationContext.log Manager: list: Listing contexts for virtual host 'localhost'
25-Dec-2018 07:44:19.213 INFO [http-nio-8081-exec-151] org.apache.catalina.core.ApplicationContext.log Manager: restart: Reloading web application '/MyShop'
25-Dec-2018 07:46:21.486 INFO [http-nio-8081-exec-158] org.apache.catalina.core.ApplicationContext.log Manager: list: Listing contexts for virtual host 'localhost'
25-Dec-2018 07:46:21.499 INFO [http-nio-8081-exec-160] org.apache.catalina.core.ApplicationContext.log Manager: restart: Reloading web application '/MyShop'
25-Dec-2018 07:46:49.814 INFO [http-nio-8081-exec-158] org.apache.catalina.core.ApplicationContext.log Manager: list: Listing contexts for virtual host 'localhost'
25-Dec-2018 07:46:49.829 INFO [http-nio-8081-exec-152] org.apache.catalina.core.ApplicationContext.log Manager: restart: Reloading web application '/MyShop'
25-Dec-2018 07:46:59.294 INFO [http-nio-8081-exec-162] org.apache.catalina.core.ApplicationContext.log Manager: list: Listing contexts for virtual host 'localhost'
25-Dec-2018 07:46:59.306 INFO [http-nio-8081-exec-161] org.apache.catalina.core.ApplicationContext.log Manager: restart: Reloading web application '/MyShop'
25-Dec-2018 07:47:19.537 INFO [http-nio-8081-exec-162] org.apache.catalina.core.ApplicationContext.log Manager: list: Listing contexts for virtual host 'localhost'
25-Dec-2018 07:47:19.567 INFO [http-nio-8081-exec-141] org.apache.catalina.core.ApplicationContext.log Manager: restart: Reloading web application '/'
25-Dec-2018 07:47:28.127 INFO [http-nio-8081-exec-158] org.apache.catalina.core.ApplicationContext.log Manager: list: Listing contexts for virtual host 'localhost'
25-Dec-2018 07:47:28.155 INFO [http-nio-8081-exec-166] org.apache.catalina.core.ApplicationContext.log Manager: restart: Reloading web application '/'
25-Dec-2018 07:47:38.242 INFO [http-nio-8081-exec-154] org.apache.catalina.core.ApplicationContext.log Manager: list: Listing contexts for virtual host 'localhost'
25-Dec-2018 07:47:38.277 INFO [http-nio-8081-exec-167] org.apache.catalina.core.ApplicationContext.log Manager: restart: Reloading web application '/MyShop'
25-Dec-2018 07:47:45.805 INFO [http-nio-8081-exec-169] org.apache.catalina.core.ApplicationContext.log Manager: list: Listing contexts for virtual host 'localhost'
25-Dec-2018 07:47:45.819 INFO [http-nio-8081-exec-157] org.apache.catalina.core.ApplicationContext.log Manager: restart: Reloading web application '/MyShop'
25-Dec-2018 07:49:18.959 INFO [http-nio-8081-exec-175] org.apache.catalina.core.ApplicationContext.log Manager: list: Listing contexts for virtual host 'localhost'
25-Dec-2018 07:49:18.979 INFO [http-nio-8081-exec-162] org.apache.catalina.core.ApplicationContext.log Manager: restart: Reloading web application '/MyShop'
25-Dec-2018 07:49:24.308 INFO [http-nio-8081-exec-164] org.apache.catalina.core.ApplicationContext.log Manager: list: Listing contexts for virtual host 'localhost'
25-Dec-2018 07:49:24.319 INFO [http-nio-8081-exec-154] org.apache.catalina.core.ApplicationContext.log Manager: restart: Reloading web application '/MyShop'
25-Dec-2018 07:49:32.679 INFO [http-nio-8081-exec-178] org.apache.catalina.core.ApplicationContext.log Manager: list: Listing contexts for virtual host 'localhost'
25-Dec-2018 07:49:32.755 INFO [http-nio-8081-exec-176] org.apache.catalina.core.ApplicationContext.log Manager: restart: Reloading web application '/MyShop'
25-Dec-2018 07:49:46.199 INFO [http-nio-8081-exec-158] org.apache.catalina.core.ApplicationContext.log Manager: list: Listing contexts for virtual host 'localhost'
25-Dec-2018 07:49:46.214 INFO [http-nio-8081-exec-171] org.apache.catalina.core.ApplicationContext.log Manager: restart: Reloading web application '/MyShop'
25-Dec-2018 07:50:08.600 INFO [http-nio-8081-exec-173] org.apache.catalina.core.ApplicationContext.log Manager: list: Listing contexts for virtual host 'localhost'
25-Dec-2018 07:50:08.611 INFO [http-nio-8081-exec-180] org.apache.catalina.core.ApplicationContext.log Manager: restart: Reloading web application '/MyShop'
25-Dec-2018 07:50:25.831 INFO [http-nio-8081-exec-164] org.apache.catalina.core.ApplicationContext.log Manager: list: Listing contexts for virtual host 'localhost'
25-Dec-2018 07:50:25.872 INFO [http-nio-8081-exec-181] org.apache.catalina.core.ApplicationContext.log Manager: restart: Reloading web application '/MyShop'
25-Dec-2018 07:50:31.285 INFO [http-nio-8081-exec-158] org.apache.catalina.core.ApplicationContext.log Manager: list: Listing contexts for virtual host 'localhost'
25-Dec-2018 07:50:31.307 INFO [http-nio-8081-exec-164] org.apache.catalina.core.ApplicationContext.log Manager: restart: Reloading web application '/MyShop'
25-Dec-2018 07:50:36.398 INFO [http-nio-8081-exec-179] org.apache.catalina.core.ApplicationContext.log Manager: list: Listing contexts for virtual host 'localhost'
25-Dec-2018 07:50:36.444 INFO [http-nio-8081-exec-172] org.apache.catalina.core.ApplicationContext.log Manager: restart: Reloading web application '/MyShop'
25-Dec-2018 07:50:41.815 INFO [http-nio-8081-exec-179] org.apache.catalina.core.ApplicationContext.log Manager: list: Listing contexts for virtual host 'localhost'
25-Dec-2018 07:50:41.839 INFO [http-nio-8081-exec-184] org.apache.catalina.core.ApplicationContext.log Manager: restart: Reloading web application '/MyShop'
25-Dec-2018 09:18:17.124 INFO [http-nio-8081-exec-190] org.apache.catalina.core.ApplicationContext.log Manager: list: Listing contexts for virtual host 'localhost'
25-Dec-2018 09:18:17.140 INFO [http-nio-8081-exec-191] org.apache.catalina.core.ApplicationContext.log Manager: restart: Reloading web application '/MyShop'
25-Dec-2018 09:18:22.284 INFO [http-nio-8081-exec-197] org.apache.catalina.core.ApplicationContext.log Manager: list: Listing contexts for virtual host 'localhost'
25-Dec-2018 09:18:22.306 INFO [http-nio-8081-exec-193] org.apache.catalina.core.ApplicationContext.log Manager: restart: Reloading web application '/MyShop'
25-Dec-2018 09:20:49.165 INFO [http-nio-8081-exec-200] org.apache.catalina.core.ApplicationContext.log Manager: list: Listing contexts for virtual host 'localhost'
25-Dec-2018 09:20:49.180 INFO [http-nio-8081-exec-201] org.apache.catalina.core.ApplicationContext.log Manager: restart: Reloading web application '/MyShop'
25-Dec-2018 09:22:26.864 INFO [http-nio-8081-exec-192] org.apache.catalina.core.ApplicationContext.log Manager: list: Listing contexts for virtual host 'localhost'
25-Dec-2018 09:22:26.905 INFO [http-nio-8081-exec-202] org.apache.catalina.core.ApplicationContext.log Manager: restart: Reloading web application '/MyShop'
25-Dec-2018 09:23:28.245 INFO [http-nio-8081-exec-192] org.apache.catalina.core.ApplicationContext.log Manager: list: Listing contexts for virtual host 'localhost'
25-Dec-2018 09:23:28.311 INFO [http-nio-8081-exec-211] org.apache.catalina.core.ApplicationContext.log Manager: restart: Reloading web application '/MyShop'
25-Dec-2018 09:24:28.951 INFO [http-nio-8081-exec-206] org.apache.catalina.core.ApplicationContext.log Manager: list: Listing contexts for virtual host 'localhost'
25-Dec-2018 09:24:28.971 INFO [http-nio-8081-exec-204] org.apache.catalina.core.ApplicationContext.log Manager: restart: Reloading web application '/MyShop'
25-Dec-2018 09:26:07.972 INFO [http-nio-8081-exec-215] org.apache.catalina.core.ApplicationContext.log Manager: list: Listing contexts for virtual host 'localhost'
25-Dec-2018 09:26:08.017 INFO [http-nio-8081-exec-209] org.apache.catalina.core.ApplicationContext.log Manager: restart: Reloading web application '/MyShop'
25-Dec-2018 09:26:13.129 INFO [http-nio-8081-exec-206] org.apache.catalina.core.ApplicationContext.log Manager: list: Listing contexts for virtual host 'localhost'
25-Dec-2018 09:26:13.142 INFO [http-nio-8081-exec-213] org.apache.catalina.core.ApplicationContext.log Manager: restart: Reloading web application '/MyShop'
25-Dec-2018 09:26:18.543 INFO [http-nio-8081-exec-216] org.apache.catalina.core.ApplicationContext.log Manager: list: Listing contexts for virtual host 'localhost'
25-Dec-2018 09:26:18.560 INFO [http-nio-8081-exec-218] org.apache.catalina.core.ApplicationContext.log Manager: restart: Reloading web application '/MyShop'
25-Dec-2018 09:26:40.734 INFO [http-nio-8081-exec-208] org.apache.catalina.core.ApplicationContext.log Manager: list: Listing contexts for virtual host 'localhost'
25-Dec-2018 09:26:40.750 INFO [http-nio-8081-exec-205] org.apache.catalina.core.ApplicationContext.log Manager: restart: Reloading web application '/MyShop'
25-Dec-2018 09:27:15.437 INFO [http-nio-8081-exec-214] org.apache.catalina.core.ApplicationContext.log Manager: list: Listing contexts for virtual host 'localhost'
25-Dec-2018 09:27:15.449 INFO [http-nio-8081-exec-221] org.apache.catalina.core.ApplicationContext.log Manager: stop: Stopping web application '/MyShop'
25-Dec-2018 09:27:15.527 INFO [http-nio-8081-exec-214] org.apache.catalina.core.ApplicationContext.log Manager: start: Starting web application '/MyShop'
25-Dec-2018 09:27:41.226 INFO [http-nio-8081-exec-216] org.apache.catalina.core.ApplicationContext.log Manager: list: Listing contexts for virtual host 'localhost'
25-Dec-2018 09:27:41.237 INFO [http-nio-8081-exec-219] org.apache.catalina.core.ApplicationContext.log Manager: stop: Stopping web application '/MyShop'
25-Dec-2018 09:27:41.272 INFO [http-nio-8081-exec-224] org.apache.catalina.core.ApplicationContext.log Manager: start: Starting web application '/MyShop'
25-Dec-2018 09:28:02.474 INFO [http-nio-8081-exec-220] org.apache.catalina.core.ApplicationContext.log Manager: list: Listing contexts for virtual host 'localhost'
25-Dec-2018 09:28:02.491 INFO [http-nio-8081-exec-223] org.apache.catalina.core.ApplicationContext.log Manager: restart: Reloading web application '/MyShop'
25-Dec-2018 09:28:37.052 INFO [http-nio-8081-exec-229] org.apache.catalina.core.ApplicationContext.log Manager: list: Listing contexts for virtual host 'localhost'
25-Dec-2018 09:28:37.067 INFO [http-nio-8081-exec-217] org.apache.catalina.core.ApplicationContext.log Manager: restart: Reloading web application '/MyShop'
25-Dec-2018 09:28:51.742 INFO [http-nio-8081-exec-231] org.apache.catalina.core.ApplicationContext.log Manager: list: Listing contexts for virtual host 'localhost'
25-Dec-2018 09:28:51.753 INFO [http-nio-8081-exec-222] org.apache.catalina.core.ApplicationContext.log Manager: restart: Reloading web application '/MyShop'
25-Dec-2018 09:28:56.598 INFO [http-nio-8081-exec-229] org.apache.catalina.core.ApplicationContext.log Manager: list: Listing contexts for virtual host 'localhost'
25-Dec-2018 09:28:56.618 INFO [http-nio-8081-exec-208] org.apache.catalina.core.ApplicationContext.log Manager: restart: Reloading web application '/MyShop'
25-Dec-2018 09:29:49.748 INFO [http-nio-8081-exec-216] org.apache.catalina.core.ApplicationContext.log Manager: list: Listing contexts for virtual host 'localhost'
25-Dec-2018 09:29:49.762 INFO [http-nio-8081-exec-232] org.apache.catalina.core.ApplicationContext.log Manager: restart: Reloading web application '/MyShop'
25-Dec-2018 09:30:59.392 INFO [http-nio-8081-exec-227] org.apache.catalina.core.ApplicationContext.log Manager: list: Listing contexts for virtual host 'localhost'
25-Dec-2018 09:30:59.445 INFO [http-nio-8081-exec-238] org.apache.catalina.core.ApplicationContext.log Manager: restart: Reloading web application '/MyShop'
25-Dec-2018 09:31:04.283 INFO [http-nio-8081-exec-239] org.apache.catalina.core.ApplicationContext.log Manager: list: Listing contexts for virtual host 'localhost'
25-Dec-2018 09:31:04.294 INFO [http-nio-8081-exec-236] org.apache.catalina.core.ApplicationContext.log Manager: restart: Reloading web application '/MyShop'
25-Dec-2018 09:31:18.269 INFO [http-nio-8081-exec-227] org.apache.catalina.core.ApplicationContext.log Manager: list: Listing contexts for virtual host 'localhost'
25-Dec-2018 09:31:18.279 INFO [http-nio-8081-exec-235] org.apache.catalina.core.ApplicationContext.log Manager: restart: Reloading web application '/MyShop'
25-Dec-2018 09:31:30.844 INFO [http-nio-8081-exec-239] org.apache.catalina.core.ApplicationContext.log Manager: list: Listing contexts for virtual host 'localhost'
25-Dec-2018 09:31:30.870 INFO [http-nio-8081-exec-216] org.apache.catalina.core.ApplicationContext.log Manager: restart: Reloading web application '/MyShop'
25-Dec-2018 09:31:35.650 INFO [http-nio-8081-exec-227] org.apache.catalina.core.ApplicationContext.log Manager: list: Listing contexts for virtual host 'localhost'
25-Dec-2018 09:31:35.669 INFO [http-nio-8081-exec-243] org.apache.catalina.core.ApplicationContext.log Manager: restart: Reloading web application '/MyShop'
25-Dec-2018 09:32:19.644 INFO [http-nio-8081-exec-225] org.apache.catalina.core.ApplicationContext.log Manager: list: Listing contexts for virtual host 'localhost'
25-Dec-2018 09:32:19.666 INFO [http-nio-8081-exec-234] org.apache.catalina.core.ApplicationContext.log Manager: restart: Reloading web application '/MyShop'
25-Dec-2018 09:32:27.615 INFO [http-nio-8081-exec-237] org.apache.catalina.core.ApplicationContext.log Manager: list: Listing contexts for virtual host 'localhost'
25-Dec-2018 09:32:27.626 INFO [http-nio-8081-exec-244] org.apache.catalina.core.ApplicationContext.log Manager: restart: Reloading web application '/MyShop'
25-Dec-2018 09:36:12.405 INFO [http-nio-8081-exec-250] org.apache.catalina.core.ApplicationContext.log Manager: list: Listing contexts for virtual host 'localhost'
25-Dec-2018 09:36:12.415 INFO [http-nio-8081-exec-251] org.apache.catalina.core.ApplicationContext.log Manager: restart: Reloading web application '/MyShop'
25-Dec-2018 09:36:37.580 INFO [http-nio-8081-exec-255] org.apache.catalina.core.ApplicationContext.log Manager: list: Listing contexts for virtual host 'localhost'
25-Dec-2018 09:36:37.591 INFO [http-nio-8081-exec-256] org.apache.catalina.core.ApplicationContext.log Manager: restart: Reloading web application '/MyShop'
25-Dec-2018 09:40:15.061 INFO [http-nio-8081-exec-259] org.apache.catalina.core.ApplicationContext.log Manager: list: Listing contexts for virtual host 'localhost'
25-Dec-2018 09:40:57.131 INFO [http-nio-8081-exec-265] org.apache.catalina.core.ApplicationContext.log Manager: list: Listing contexts for virtual host 'localhost'
25-Dec-2018 09:40:57.139 INFO [http-nio-8081-exec-267] org.apache.catalina.core.ApplicationContext.log Manager: list: Listing contexts for virtual host 'localhost'
25-Dec-2018 09:40:57.417 INFO [http-nio-8081-exec-266] org.apache.catalina.core.ApplicationContext.log Manager: stop: Stopping web application '/MyShop'
25-Dec-2018 09:40:58.049 INFO [http-nio-8081-exec-262] org.apache.catalina.core.ApplicationContext.log Manager: start: Starting web application '/MyShop'
25-Dec-2018 09:45:25.447 INFO [http-nio-8081-exec-270] org.apache.catalina.core.ApplicationContext.log Manager: list: Listing contexts for virtual host 'localhost'
25-Dec-2018 09:45:25.600 INFO [http-nio-8081-exec-272] org.apache.catalina.core.ApplicationContext.log Manager: restart: Reloading web application '/MyShop'
25-Dec-2018 09:45:36.581 INFO [http-nio-8081-exec-275] org.apache.catalina.core.ApplicationContext.log Manager: list: Listing contexts for virtual host 'localhost'
25-Dec-2018 09:45:36.594 INFO [http-nio-8081-exec-271] org.apache.catalina.core.ApplicationContext.log Manager: restart: Reloading web application '/MyShop'
25-Dec-2018 09:46:25.415 INFO [http-nio-8081-exec-276] org.apache.catalina.core.ApplicationContext.log Manager: list: Listing contexts for virtual host 'localhost'
25-Dec-2018 09:46:25.419 INFO [http-nio-8081-exec-270] org.apache.catalina.core.ApplicationContext.log Manager: list: Listing contexts for virtual host 'localhost'
25-Dec-2018 09:46:25.516 INFO [http-nio-8081-exec-274] org.apache.catalina.core.ApplicationContext.log Manager: undeploy: Undeploying web application at '/'
25-Dec-2018 09:46:26.957 INFO [http-nio-8081-exec-283] org.apache.catalina.core.ApplicationContext.log Manager: install: Installing context configuration at 'file:/C:/Users/ADMINI~1/AppData/Local/Temp/context5568672056756020485.xml'
25-Dec-2018 09:46:33.390 INFO [http-nio-8081-exec-282] org.apache.catalina.core.ApplicationContext.log Manager: start: Starting web application '/'
25-Dec-2018 09:50:24.141 INFO [http-nio-8081-exec-288] org.apache.catalina.core.ApplicationContext.log Manager: list: Listing contexts for virtual host 'localhost'
25-Dec-2018 09:50:24.150 INFO [http-nio-8081-exec-284] org.apache.catalina.core.ApplicationContext.log Manager: restart: Reloading web application '/'
25-Dec-2018 17:11:51.079 INFO [http-nio-8081-exec-21] org.apache.catalina.core.ApplicationContext.log Manager: init: Associated with Deployer 'Catalina:type=Deployer,host=localhost'
25-Dec-2018 17:11:51.079 INFO [http-nio-8081-exec-21] org.apache.catalina.core.ApplicationContext.log Manager: init: Global resources are available
25-Dec-2018 17:11:55.551 INFO [http-nio-8081-exec-22] org.apache.catalina.core.ApplicationContext.log Manager: list: Listing contexts for virtual host 'localhost'
25-Dec-2018 17:11:55.565 INFO [http-nio-8081-exec-32] org.apache.catalina.core.ApplicationContext.log Manager: list: Listing contexts for virtual host 'localhost'
25-Dec-2018 17:11:55.880 INFO [http-nio-8081-exec-28] org.apache.catalina.core.ApplicationContext.log Manager: restart: Reloading web application '/MyShop'
25-Dec-2018 17:13:40.094 INFO [http-nio-8081-exec-39] org.apache.catalina.core.ApplicationContext.log Manager: list: Listing contexts for virtual host 'localhost'
25-Dec-2018 17:13:48.406 INFO [http-nio-8081-exec-41] org.apache.catalina.core.ApplicationContext.log Manager: list: Listing contexts for virtual host 'localhost'
25-Dec-2018 17:14:03.641 INFO [http-nio-8081-exec-48] org.apache.catalina.core.ApplicationContext.log Manager: list: Listing contexts for virtual host 'localhost'
25-Dec-2018 17:14:03.658 INFO [http-nio-8081-exec-41] org.apache.catalina.core.ApplicationContext.log Manager: restart: Reloading web application '/MyShop'
25-Dec-2018 17:14:11.996 INFO [http-nio-8081-exec-47] org.apache.catalina.core.ApplicationContext.log Manager: list: Listing contexts for virtual host 'localhost'
25-Dec-2018 17:14:12.060 INFO [http-nio-8081-exec-40] org.apache.catalina.core.ApplicationContext.log Manager: restart: Reloading web application '/MyShop'
25-Dec-2018 17:14:19.598 INFO [http-nio-8081-exec-46] org.apache.catalina.core.ApplicationContext.log Manager: list: Listing contexts for virtual host 'localhost'
25-Dec-2018 17:14:19.624 INFO [http-nio-8081-exec-39] org.apache.catalina.core.ApplicationContext.log Manager: restart: Reloading web application '/MyShop'
25-Dec-2018 17:14:42.158 INFO [http-nio-8081-exec-46] org.apache.catalina.core.ApplicationContext.log Manager: list: Listing contexts for virtual host 'localhost'
25-Dec-2018 17:14:53.006 INFO [http-nio-8081-exec-55] org.apache.catalina.core.ApplicationContext.log Manager: list: Listing contexts for virtual host 'localhost'
25-Dec-2018 17:15:01.642 INFO [http-nio-8081-exec-53] org.apache.catalina.core.ApplicationContext.log Manager: list: Listing contexts for virtual host 'localhost'
25-Dec-2018 17:15:20.489 INFO [http-nio-8081-exec-46] org.apache.catalina.core.ApplicationContext.log Manager: list: Listing contexts for virtual host 'localhost'
25-Dec-2018 17:15:43.671 INFO [http-nio-8081-exec-55] org.apache.catalina.core.ApplicationContext.log Manager: list: Listing contexts for virtual host 'localhost'
25-Dec-2018 17:15:57.260 INFO [http-nio-8081-exec-58] org.apache.catalina.core.ApplicationContext.log Manager: list: Listing contexts for virtual host 'localhost'
25-Dec-2018 17:16:56.843 INFO [http-nio-8081-exec-54] org.apache.catalina.core.ApplicationContext.log Manager: list: Listing contexts for virtual host 'localhost'
25-Dec-2018 17:17:16.285 INFO [http-nio-8081-exec-60] org.apache.catalina.core.ApplicationContext.log Manager: list: Listing contexts for virtual host 'localhost'
25-Dec-2018 17:17:20.982 INFO [http-nio-8081-exec-61] org.apache.catalina.core.ApplicationContext.log Manager: list: Listing contexts for virtual host 'localhost'
25-Dec-2018 17:17:29.941 INFO [http-nio-8081-exec-62] org.apache.catalina.core.ApplicationContext.log Manager: list: Listing contexts for virtual host 'localhost'
25-Dec-2018 17:17:44.399 INFO [http-nio-8081-exec-60] org.apache.catalina.core.ApplicationContext.log Manager: list: Listing contexts for virtual host 'localhost'
25-Dec-2018 17:17:44.454 INFO [http-nio-8081-exec-55] org.apache.catalina.core.ApplicationContext.log Manager: restart: Reloading web application '/MyShop'
25-Dec-2018 17:17:51.993 INFO [http-nio-8081-exec-56] org.apache.catalina.core.ApplicationContext.log Manager: list: Listing contexts for virtual host 'localhost'
25-Dec-2018 17:17:52.004 INFO [http-nio-8081-exec-60] org.apache.catalina.core.ApplicationContext.log Manager: restart: Reloading web application '/MyShop'
25-Dec-2018 17:18:04.494 INFO [http-nio-8081-exec-57] org.apache.catalina.core.ApplicationContext.log Manager: list: Listing contexts for virtual host 'localhost'
25-Dec-2018 17:18:04.526 INFO [http-nio-8081-exec-61] org.apache.catalina.core.ApplicationContext.log Manager: restart: Reloading web application '/MyShop'
25-Dec-2018 17:18:14.074 INFO [http-nio-8081-exec-56] org.apache.catalina.core.ApplicationContext.log Manager: list: Listing contexts for virtual host 'localhost'
25-Dec-2018 17:18:14.102 INFO [http-nio-8081-exec-65] org.apache.catalina.core.ApplicationContext.log Manager: restart: Reloading web application '/MyShop'
25-Dec-2018 17:21:31.002 INFO [http-nio-8081-exec-71] org.apache.catalina.core.ApplicationContext.log Manager: list: Listing contexts for virtual host 'localhost'
25-Dec-2018 17:22:03.402 INFO [http-nio-8081-exec-76] org.apache.catalina.core.ApplicationContext.log Manager: list: Listing contexts for virtual host 'localhost'
25-Dec-2018 17:22:03.425 INFO [http-nio-8081-exec-70] org.apache.catalina.core.ApplicationContext.log Manager: restart: Reloading web application '/MyShop'
25-Dec-2018 17:22:35.858 INFO [http-nio-8081-exec-72] org.apache.catalina.core.ApplicationContext.log Manager: list: Listing contexts for virtual host 'localhost'
25-Dec-2018 17:22:43.243 INFO [http-nio-8081-exec-82] org.apache.catalina.core.ApplicationContext.log Manager: list: Listing contexts for virtual host 'localhost'
25-Dec-2018 17:23:07.240 INFO [http-nio-8081-exec-84] org.apache.catalina.core.ApplicationContext.log Manager: list: Listing contexts for virtual host 'localhost'
25-Dec-2018 17:23:07.252 INFO [http-nio-8081-exec-83] org.apache.catalina.core.ApplicationContext.log Manager: restart: Reloading web application '/MyShop'
25-Dec-2018 17:23:12.528 INFO [http-nio-8081-exec-80] org.apache.catalina.core.ApplicationContext.log Manager: list: Listing contexts for virtual host 'localhost'
25-Dec-2018 17:23:12.565 INFO [http-nio-8081-exec-85] org.apache.catalina.core.ApplicationContext.log Manager: restart: Reloading web application '/MyShop'
25-Dec-2018 17:23:32.647 INFO [http-nio-8081-exec-87] org.apache.catalina.core.ApplicationContext.log Manager: list: Listing contexts for virtual host 'localhost'
25-Dec-2018 17:24:07.021 INFO [http-nio-8081-exec-92] org.apache.catalina.core.ApplicationContext.log Manager: list: Listing contexts for virtual host 'localhost'
25-Dec-2018 17:24:07.028 INFO [137] org.apache.catalina.core.ApplicationContext.log Manager: list: Listing contexts for virtual host 'localhost'
25-Dec-2018 17:24:07.248 INFO [http-nio-8081-exec-90] org.apache.catalina.core.ApplicationContext.log Manager: restart: Reloading web application '/MyShop'
25-Dec-2018 17:27:47.012 INFO [http-nio-8081-exec-98] org.apache.catalina.core.ApplicationContext.log Manager: list: Listing contexts for virtual host 'localhost'
25-Dec-2018 17:28:21.258 INFO [http-nio-8081-exec-102] org.apache.catalina.core.ApplicationContext.log Manager: list: Listing contexts for virtual host 'localhost'
25-Dec-2018 17:28:34.553 INFO [http-nio-8081-exec-99] org.apache.catalina.core.ApplicationContext.log Manager: list: Listing contexts for virtual host 'localhost'
25-Dec-2018 17:28:54.352 INFO [http-nio-8081-exec-104] org.apache.catalina.core.ApplicationContext.log Manager: list: Listing contexts for virtual host 'localhost'
25-Dec-2018 17:28:54.357 INFO [http-nio-8081-exec-103] org.apache.catalina.core.ApplicationContext.log Manager: list: Listing contexts for virtual host 'localhost'
25-Dec-2018 17:30:09.149 INFO [http-nio-8081-exec-99] org.apache.catalina.core.ApplicationContext.log Manager: list: Listing contexts for virtual host 'localhost'
25-Dec-2018 17:30:13.552 INFO [http-nio-8081-exec-96] org.apache.catalina.core.ApplicationContext.log Manager: list: Listing contexts for virtual host 'localhost'
25-Dec-2018 17:32:28.530 INFO [http-nio-8081-exec-98] org.apache.catalina.core.ApplicationContext.log Manager: list: Listing contexts for virtual host 'localhost'
25-Dec-2018 17:32:33.643 INFO [http-nio-8081-exec-96] org.apache.catalina.core.ApplicationContext.log Manager: list: Listing contexts for virtual host 'localhost'
25-Dec-2018 17:32:49.360 INFO [http-nio-8081-exec-99] org.apache.catalina.core.ApplicationContext.log Manager: list: Listing contexts for virtual host 'localhost'
25-Dec-2018 17:32:49.394 INFO [http-nio-8081-exec-104] org.apache.catalina.core.ApplicationContext.log Manager: undeploy: Undeploying web application at '/MyShop'
25-Dec-2018 17:34:21.333 INFO [http-nio-8081-exec-99] org.apache.catalina.core.ApplicationContext.log Manager: list: Listing contexts for virtual host 'localhost'
25-Dec-2018 17:35:46.343 INFO [http-nio-8081-exec-111] org.apache.catalina.core.ApplicationContext.log Manager: list: Listing contexts for virtual host 'localhost'
25-Dec-2018 17:35:46.347 INFO [http-nio-8081-exec-103] org.apache.catalina.core.ApplicationContext.log Manager: list: Listing contexts for virtual host 'localhost'
25-Dec-2018 17:35:46.410 INFO [http-nio-8081-exec-112] org.apache.catalina.core.ApplicationContext.log Manager: install: Installing context configuration at 'file:/C:/Users/ADMINI~1/AppData/Local/Temp/context6767222281940021017.xml'
25-Dec-2018 17:35:52.245 INFO [155] org.apache.catalina.core.ApplicationContext.log Manager: start: Starting web application '/MyShop'
25-Dec-2018 17:36:21.646 INFO [http-nio-8081-exec-107] org.apache.catalina.core.ApplicationContext.log Manager: list: Listing contexts for virtual host 'localhost'
25-Dec-2018 17:36:32.497 INFO [http-nio-8081-exec-107] org.apache.catalina.core.ApplicationContext.log Manager: list: Listing contexts for virtual host 'localhost'
25-Dec-2018 17:36:32.501 INFO [http-nio-8081-exec-111] org.apache.catalina.core.ApplicationContext.log Manager: list: Listing contexts for virtual host 'localhost'
25-Dec-2018 17:38:11.872 INFO [http-nio-8081-exec-112] org.apache.catalina.core.ApplicationContext.log Manager: list: Listing contexts for virtual host 'localhost'
25-Dec-2018 17:38:11.882 INFO [http-nio-8081-exec-113] org.apache.catalina.core.ApplicationContext.log Manager: undeploy: Undeploying web application at '/MyShop'
25-Dec-2018 17:38:26.429 INFO [http-nio-8081-exec-109] org.apache.catalina.core.ApplicationContext.log Manager: list: Listing contexts for virtual host 'localhost'
25-Dec-2018 17:38:26.434 INFO [http-nio-8081-exec-105] org.apache.catalina.core.ApplicationContext.log Manager: list: Listing contexts for virtual host 'localhost'
25-Dec-2018 17:38:26.464 INFO [http-nio-8081-exec-115] org.apache.catalina.core.ApplicationContext.log Manager: install: Installing context configuration at 'file:/C:/Users/ADMINI~1/AppData/Local/Temp/context427673869066309170.xml'
25-Dec-2018 17:38:31.412 INFO [http-nio-8081-exec-116] org.apache.catalina.core.ApplicationContext.log Manager: start: Starting web application '/MyShop'
25-Dec-2018 17:38:44.431 INFO [http-nio-8081-exec-119] org.apache.catalina.core.ApplicationContext.log Manager: list: Listing contexts for virtual host 'localhost'
25-Dec-2018 17:38:44.435 INFO [http-nio-8081-exec-111] org.apache.catalina.core.ApplicationContext.log Manager: list: Listing contexts for virtual host 'localhost'
