24-Dec-2018 07:29:33.978 INFO [http-nio-8081-exec-29] org.apache.catalina.core.ApplicationContext.log Manager: list: Listing contexts for virtual host 'localhost'
24-Dec-2018 07:29:34.005 INFO [http-nio-8081-exec-31] org.apache.catalina.core.ApplicationContext.log Manager: restart: Reloading web application '/MuaBanNha'
24-Dec-2018 07:44:26.344 INFO [http-nio-8081-exec-40] org.apache.catalina.core.ApplicationContext.log Manager: list: Listing contexts for virtual host 'localhost'
24-Dec-2018 07:47:23.789 INFO [http-nio-8081-exec-42] org.apache.catalina.core.ApplicationContext.log Manager: list: Listing contexts for virtual host 'localhost'
24-Dec-2018 07:47:23.855 INFO [http-nio-8081-exec-46] org.apache.catalina.core.ApplicationContext.log Manager: restart: Reloading web application '/MuaBanNha'
24-Dec-2018 07:47:24.538 INFO [http-nio-8081-exec-47] org.apache.catalina.core.ApplicationContext.log Manager: list: Listing contexts for virtual host 'localhost'
24-Dec-2018 07:47:24.562 INFO [http-nio-8081-exec-48] org.apache.catalina.core.ApplicationContext.log Manager: restart: Reloading web application '/MuaBanNha'
24-Dec-2018 07:47:26.168 INFO [http-nio-8081-exec-42] org.apache.catalina.core.ApplicationContext.log Manager: list: Listing contexts for virtual host 'localhost'
24-Dec-2018 07:47:26.212 INFO [http-nio-8081-exec-41] org.apache.catalina.core.ApplicationContext.log Manager: restart: Reloading web application '/MuaBanNha'
24-Dec-2018 07:48:57.031 INFO [http-nio-8081-exec-47] org.apache.catalina.core.ApplicationContext.log Manager: list: Listing contexts for virtual host 'localhost'
24-Dec-2018 07:48:57.055 INFO [http-nio-8081-exec-45] org.apache.catalina.core.ApplicationContext.log Manager: restart: Reloading web application '/MuaBanNha'
24-Dec-2018 07:48:57.734 INFO [http-nio-8081-exec-44] org.apache.catalina.core.ApplicationContext.log Manager: list: Listing contexts for virtual host 'localhost'
24-Dec-2018 07:48:57.756 INFO [http-nio-8081-exec-50] org.apache.catalina.core.ApplicationContext.log Manager: restart: Reloading web application '/MuaBanNha'
24-Dec-2018 07:49:35.269 INFO [http-nio-8081-exec-39] org.apache.catalina.core.ApplicationContext.log Manager: list: Listing contexts for virtual host 'localhost'
24-Dec-2018 07:49:35.364 INFO [http-nio-8081-exec-47] org.apache.catalina.core.ApplicationContext.log Manager: restart: Reloading web application '/MuaBanNha'
24-Dec-2018 07:50:48.015 INFO [http-nio-8081-exec-49] org.apache.catalina.core.ApplicationContext.log Manager: list: Listing contexts for virtual host 'localhost'
24-Dec-2018 07:50:48.040 INFO [http-nio-8081-exec-51] org.apache.catalina.core.ApplicationContext.log Manager: restart: Reloading web application '/MuaBanNha'
24-Dec-2018 07:51:07.313 INFO [http-nio-8081-exec-45] org.apache.catalina.core.ApplicationContext.log Manager: list: Listing contexts for virtual host 'localhost'
24-Dec-2018 07:51:07.460 INFO [http-nio-8081-exec-47] org.apache.catalina.core.ApplicationContext.log Manager: restart: Reloading web application '/MuaBanNha'
24-Dec-2018 07:51:34.543 INFO [http-nio-8081-exec-44] org.apache.catalina.core.ApplicationContext.log Manager: list: Listing contexts for virtual host 'localhost'
24-Dec-2018 07:51:34.570 INFO [http-nio-8081-exec-55] org.apache.catalina.core.ApplicationContext.log Manager: restart: Reloading web application '/MuaBanNha'
24-Dec-2018 07:52:24.616 INFO [http-nio-8081-exec-51] org.apache.catalina.core.ApplicationContext.log Manager: list: Listing contexts for virtual host 'localhost'
24-Dec-2018 07:54:21.646 INFO [http-nio-8081-exec-61] org.apache.catalina.core.ApplicationContext.log Manager: list: Listing contexts for virtual host 'localhost'
24-Dec-2018 07:54:44.695 INFO [http-nio-8081-exec-55] org.apache.catalina.core.ApplicationContext.log Manager: list: Listing contexts for virtual host 'localhost'
24-Dec-2018 07:54:48.232 INFO [http-nio-8081-exec-58] org.apache.catalina.core.ApplicationContext.log Manager: list: Listing contexts for virtual host 'localhost'
24-Dec-2018 07:55:41.405 INFO [http-nio-8081-exec-59] org.apache.catalina.core.ApplicationContext.log Manager: list: Listing contexts for virtual host 'localhost'
24-Dec-2018 07:56:31.108 INFO [http-nio-8081-exec-65] org.apache.catalina.core.ApplicationContext.log Manager: list: Listing contexts for virtual host 'localhost'
24-Dec-2018 07:56:31.141 INFO [http-nio-8081-exec-67] org.apache.catalina.core.ApplicationContext.log Manager: restart: Reloading web application '/MuaBanNha'
24-Dec-2018 07:56:37.841 INFO [http-nio-8081-exec-65] org.apache.catalina.core.ApplicationContext.log Manager: list: Listing contexts for virtual host 'localhost'
24-Dec-2018 07:56:37.865 INFO [http-nio-8081-exec-62] org.apache.catalina.core.ApplicationContext.log Manager: restart: Reloading web application '/MuaBanNha'
24-Dec-2018 07:57:43.209 INFO [http-nio-8081-exec-72] org.apache.catalina.core.ApplicationContext.log Manager: list: Listing contexts for virtual host 'localhost'
24-Dec-2018 07:57:43.230 INFO [http-nio-8081-exec-70] org.apache.catalina.core.ApplicationContext.log Manager: restart: Reloading web application '/MuaBanNha'
24-Dec-2018 07:58:15.855 INFO [http-nio-8081-exec-76] org.apache.catalina.core.ApplicationContext.log Manager: list: Listing contexts for virtual host 'localhost'
24-Dec-2018 08:20:41.466 INFO [http-nio-8081-exec-17] org.apache.catalina.core.ApplicationContext.log Manager: init: Associated with Deployer 'Catalina:type=Deployer,host=localhost'
24-Dec-2018 08:20:41.466 INFO [http-nio-8081-exec-17] org.apache.catalina.core.ApplicationContext.log Manager: init: Global resources are available
24-Dec-2018 08:20:43.122 INFO [http-nio-8081-exec-7] org.apache.catalina.core.ApplicationContext.log Manager: list: Listing contexts for virtual host 'localhost'
24-Dec-2018 08:20:43.180 INFO [http-nio-8081-exec-5] org.apache.catalina.core.ApplicationContext.log Manager: list: Listing contexts for virtual host 'localhost'
24-Dec-2018 11:34:06.450 INFO [http-nio-8081-exec-22] org.apache.catalina.core.ApplicationContext.log Manager: list: Listing contexts for virtual host 'localhost'
24-Dec-2018 11:34:07.069 INFO [http-nio-8081-exec-18] org.apache.catalina.core.ApplicationContext.log Manager: list: Listing contexts for virtual host 'localhost'
24-Dec-2018 11:34:34.958 INFO [http-nio-8081-exec-20] org.apache.catalina.core.ApplicationContext.log Manager: list: Listing contexts for virtual host 'localhost'
24-Dec-2018 11:35:56.406 INFO [http-nio-8081-exec-18] org.apache.catalina.core.ApplicationContext.log Manager: list: Listing contexts for virtual host 'localhost'
24-Dec-2018 11:36:04.719 INFO [http-nio-8081-exec-1] org.apache.catalina.core.ApplicationContext.log Manager: list: Listing contexts for virtual host 'localhost'
24-Dec-2018 11:36:18.632 INFO [http-nio-8081-exec-10] org.apache.catalina.core.ApplicationContext.log Manager: list: Listing contexts for virtual host 'localhost'
24-Dec-2018 11:36:24.736 INFO [http-nio-8081-exec-11] org.apache.catalina.core.ApplicationContext.log Manager: list: Listing contexts for virtual host 'localhost'
24-Dec-2018 11:37:03.278 INFO [http-nio-8081-exec-1] org.apache.catalina.core.ApplicationContext.log Manager: list: Listing contexts for virtual host 'localhost'
24-Dec-2018 11:37:24.389 INFO [http-nio-8081-exec-18] org.apache.catalina.core.ApplicationContext.log Manager: list: Listing contexts for virtual host 'localhost'
24-Dec-2018 11:37:32.723 INFO [http-nio-8081-exec-7] org.apache.catalina.core.ApplicationContext.log Manager: list: Listing contexts for virtual host 'localhost'
24-Dec-2018 11:37:45.968 INFO [http-nio-8081-exec-19] org.apache.catalina.core.ApplicationContext.log Manager: list: Listing contexts for virtual host 'localhost'
24-Dec-2018 11:37:54.289 INFO [http-nio-8081-exec-11] org.apache.catalina.core.ApplicationContext.log Manager: list: Listing contexts for virtual host 'localhost'
24-Dec-2018 11:38:18.024 INFO [http-nio-8081-exec-1] org.apache.catalina.core.ApplicationContext.log Manager: list: Listing contexts for virtual host 'localhost'
24-Dec-2018 11:38:41.006 INFO [http-nio-8081-exec-20] org.apache.catalina.core.ApplicationContext.log Manager: list: Listing contexts for virtual host 'localhost'
24-Dec-2018 11:38:51.440 INFO [http-nio-8081-exec-1] org.apache.catalina.core.ApplicationContext.log Manager: list: Listing contexts for virtual host 'localhost'
24-Dec-2018 11:38:52.376 INFO [http-nio-8081-exec-22] org.apache.catalina.core.ApplicationContext.log Manager: list: Listing contexts for virtual host 'localhost'
24-Dec-2018 11:39:22.866 INFO [http-nio-8081-exec-4] org.apache.catalina.core.ApplicationContext.log Manager: list: Listing contexts for virtual host 'localhost'
24-Dec-2018 11:39:31.771 INFO [http-nio-8081-exec-19] org.apache.catalina.core.ApplicationContext.log Manager: list: Listing contexts for virtual host 'localhost'
24-Dec-2018 11:39:31.842 INFO [http-nio-8081-exec-4] org.apache.catalina.core.ApplicationContext.log Manager: list: Listing contexts for virtual host 'localhost'
24-Dec-2018 11:40:14.328 INFO [http-nio-8081-exec-17] org.apache.catalina.core.ApplicationContext.log Manager: list: Listing contexts for virtual host 'localhost'
24-Dec-2018 11:41:07.734 INFO [http-nio-8081-exec-19] org.apache.catalina.core.ApplicationContext.log Manager: list: Listing contexts for virtual host 'localhost'
24-Dec-2018 11:41:20.080 INFO [http-nio-8081-exec-11] org.apache.catalina.core.ApplicationContext.log Manager: list: Listing contexts for virtual host 'localhost'
24-Dec-2018 11:41:30.952 INFO [http-nio-8081-exec-20] org.apache.catalina.core.ApplicationContext.log Manager: list: Listing contexts for virtual host 'localhost'
24-Dec-2018 15:07:58.503 INFO [http-nio-8081-exec-11] org.apache.catalina.core.ApplicationContext.log Manager: list: Listing contexts for virtual host 'localhost'
24-Dec-2018 15:08:17.644 INFO [http-nio-8081-exec-4] org.apache.catalina.core.ApplicationContext.log Manager: list: Listing contexts for virtual host 'localhost'
24-Dec-2018 15:09:13.366 INFO [http-nio-8081-exec-10] org.apache.catalina.core.ApplicationContext.log Manager: list: Listing contexts for virtual host 'localhost'
24-Dec-2018 15:09:21.345 INFO [http-nio-8081-exec-18] org.apache.catalina.core.ApplicationContext.log Manager: list: Listing contexts for virtual host 'localhost'
24-Dec-2018 15:09:25.028 INFO [http-nio-8081-exec-18] org.apache.catalina.core.ApplicationContext.log Manager: list: Listing contexts for virtual host 'localhost'
24-Dec-2018 15:09:33.925 INFO [http-nio-8081-exec-10] org.apache.catalina.core.ApplicationContext.log Manager: list: Listing contexts for virtual host 'localhost'
24-Dec-2018 15:12:51.247 INFO [http-nio-8081-exec-22] org.apache.catalina.core.ApplicationContext.log Manager: list: Listing contexts for virtual host 'localhost'
24-Dec-2018 15:13:07.724 INFO [http-nio-8081-exec-10] org.apache.catalina.core.ApplicationContext.log Manager: list: Listing contexts for virtual host 'localhost'
24-Dec-2018 15:13:45.971 INFO [http-nio-8081-exec-22] org.apache.catalina.core.ApplicationContext.log Manager: list: Listing contexts for virtual host 'localhost'
24-Dec-2018 15:14:01.849 INFO [http-nio-8081-exec-17] org.apache.catalina.core.ApplicationContext.log Manager: list: Listing contexts for virtual host 'localhost'
24-Dec-2018 15:14:18.891 INFO [http-nio-8081-exec-22] org.apache.catalina.core.ApplicationContext.log Manager: list: Listing contexts for virtual host 'localhost'
24-Dec-2018 15:17:58.637 INFO [http-nio-8081-exec-1] org.apache.catalina.core.ApplicationContext.log Manager: list: Listing contexts for virtual host 'localhost'
24-Dec-2018 15:21:34.135 INFO [http-nio-8081-exec-22] org.apache.catalina.core.ApplicationContext.log Manager: list: Listing contexts for virtual host 'localhost'
24-Dec-2018 15:22:24.141 INFO [http-nio-8081-exec-10] org.apache.catalina.core.ApplicationContext.log Manager: list: Listing contexts for virtual host 'localhost'
24-Dec-2018 15:24:13.786 INFO [http-nio-8081-exec-1] org.apache.catalina.core.ApplicationContext.log Manager: list: Listing contexts for virtual host 'localhost'
24-Dec-2018 15:24:31.977 INFO [http-nio-8081-exec-10] org.apache.catalina.core.ApplicationContext.log Manager: list: Listing contexts for virtual host 'localhost'
24-Dec-2018 15:24:42.711 INFO [http-nio-8081-exec-11] org.apache.catalina.core.ApplicationContext.log Manager: list: Listing contexts for virtual host 'localhost'
24-Dec-2018 15:25:10.342 INFO [http-nio-8081-exec-4] org.apache.catalina.core.ApplicationContext.log Manager: list: Listing contexts for virtual host 'localhost'
24-Dec-2018 15:31:02.398 INFO [http-nio-8081-exec-1] org.apache.catalina.core.ApplicationContext.log Manager: list: Listing contexts for virtual host 'localhost'
24-Dec-2018 15:31:10.991 INFO [http-nio-8081-exec-4] org.apache.catalina.core.ApplicationContext.log Manager: list: Listing contexts for virtual host 'localhost'
24-Dec-2018 15:34:57.381 INFO [http-nio-8081-exec-4] org.apache.catalina.core.ApplicationContext.log Manager: list: Listing contexts for virtual host 'localhost'
24-Dec-2018 15:35:52.453 INFO [http-nio-8081-exec-7] org.apache.catalina.core.ApplicationContext.log Manager: list: Listing contexts for virtual host 'localhost'
24-Dec-2018 15:35:55.430 INFO [http-nio-8081-exec-10] org.apache.catalina.core.ApplicationContext.log Manager: list: Listing contexts for virtual host 'localhost'
24-Dec-2018 15:36:09.006 INFO [http-nio-8081-exec-4] org.apache.catalina.core.ApplicationContext.log Manager: list: Listing contexts for virtual host 'localhost'
24-Dec-2018 15:36:10.213 INFO [http-nio-8081-exec-17] org.apache.catalina.core.ApplicationContext.log Manager: list: Listing contexts for virtual host 'localhost'
24-Dec-2018 15:36:15.875 INFO [http-nio-8081-exec-7] org.apache.catalina.core.ApplicationContext.log Manager: list: Listing contexts for virtual host 'localhost'
24-Dec-2018 15:36:17.256 INFO [http-nio-8081-exec-11] org.apache.catalina.core.ApplicationContext.log Manager: list: Listing contexts for virtual host 'localhost'
24-Dec-2018 15:36:38.397 INFO [http-nio-8081-exec-22] org.apache.catalina.core.ApplicationContext.log Manager: list: Listing contexts for virtual host 'localhost'
24-Dec-2018 15:37:06.424 INFO [http-nio-8081-exec-7] org.apache.catalina.core.ApplicationContext.log Manager: list: Listing contexts for virtual host 'localhost'
24-Dec-2018 15:37:19.469 INFO [http-nio-8081-exec-4] org.apache.catalina.core.ApplicationContext.log Manager: list: Listing contexts for virtual host 'localhost'
24-Dec-2018 15:37:24.281 INFO [http-nio-8081-exec-7] org.apache.catalina.core.ApplicationContext.log Manager: list: Listing contexts for virtual host 'localhost'
24-Dec-2018 15:37:31.278 INFO [http-nio-8081-exec-18] org.apache.catalina.core.ApplicationContext.log Manager: list: Listing contexts for virtual host 'localhost'
24-Dec-2018 15:37:56.665 INFO [http-nio-8081-exec-7] org.apache.catalina.core.ApplicationContext.log Manager: list: Listing contexts for virtual host 'localhost'
24-Dec-2018 15:38:06.657 INFO [http-nio-8081-exec-17] org.apache.catalina.core.ApplicationContext.log Manager: list: Listing contexts for virtual host 'localhost'
24-Dec-2018 15:39:10.408 INFO [http-nio-8081-exec-19] org.apache.catalina.core.ApplicationContext.log Manager: list: Listing contexts for virtual host 'localhost'
24-Dec-2018 15:39:16.402 INFO [http-nio-8081-exec-18] org.apache.catalina.core.ApplicationContext.log Manager: list: Listing contexts for virtual host 'localhost'
24-Dec-2018 15:39:25.488 INFO [http-nio-8081-exec-22] org.apache.catalina.core.ApplicationContext.log Manager: list: Listing contexts for virtual host 'localhost'
24-Dec-2018 15:57:12.706 INFO [http-nio-8081-exec-4] org.apache.catalina.core.ApplicationContext.log Manager: list: Listing contexts for virtual host 'localhost'
24-Dec-2018 15:57:22.164 INFO [http-nio-8081-exec-17] org.apache.catalina.core.ApplicationContext.log Manager: list: Listing contexts for virtual host 'localhost'
24-Dec-2018 15:57:24.723 INFO [http-nio-8081-exec-18] org.apache.catalina.core.ApplicationContext.log Manager: list: Listing contexts for virtual host 'localhost'
24-Dec-2018 15:58:36.953 INFO [http-nio-8081-exec-20] org.apache.catalina.core.ApplicationContext.log Manager: list: Listing contexts for virtual host 'localhost'
24-Dec-2018 15:59:01.200 INFO [http-nio-8081-exec-10] org.apache.catalina.core.ApplicationContext.log Manager: list: Listing contexts for virtual host 'localhost'
24-Dec-2018 15:59:05.110 INFO [http-nio-8081-exec-20] org.apache.catalina.core.ApplicationContext.log Manager: list: Listing contexts for virtual host 'localhost'
24-Dec-2018 16:02:27.825 INFO [http-nio-8081-exec-10] org.apache.catalina.core.ApplicationContext.log Manager: list: Listing contexts for virtual host 'localhost'
24-Dec-2018 16:02:35.382 INFO [http-nio-8081-exec-18] org.apache.catalina.core.ApplicationContext.log Manager: list: Listing contexts for virtual host 'localhost'
24-Dec-2018 16:02:47.595 INFO [http-nio-8081-exec-22] org.apache.catalina.core.ApplicationContext.log Manager: list: Listing contexts for virtual host 'localhost'
24-Dec-2018 16:03:03.273 INFO [http-nio-8081-exec-7] org.apache.catalina.core.ApplicationContext.log Manager: list: Listing contexts for virtual host 'localhost'
24-Dec-2018 16:03:20.946 INFO [http-nio-8081-exec-18] org.apache.catalina.core.ApplicationContext.log Manager: list: Listing contexts for virtual host 'localhost'
24-Dec-2018 16:03:33.482 INFO [http-nio-8081-exec-1] org.apache.catalina.core.ApplicationContext.log Manager: list: Listing contexts for virtual host 'localhost'
24-Dec-2018 16:03:39.434 INFO [http-nio-8081-exec-7] org.apache.catalina.core.ApplicationContext.log Manager: list: Listing contexts for virtual host 'localhost'
24-Dec-2018 16:04:20.626 INFO [http-nio-8081-exec-22] org.apache.catalina.core.ApplicationContext.log Manager: list: Listing contexts for virtual host 'localhost'
24-Dec-2018 16:04:38.347 INFO [http-nio-8081-exec-7] org.apache.catalina.core.ApplicationContext.log Manager: list: Listing contexts for virtual host 'localhost'
24-Dec-2018 16:04:46.432 INFO [http-nio-8081-exec-11] org.apache.catalina.core.ApplicationContext.log Manager: list: Listing contexts for virtual host 'localhost'
24-Dec-2018 16:06:52.134 INFO [http-nio-8081-exec-1] org.apache.catalina.core.ApplicationContext.log Manager: list: Listing contexts for virtual host 'localhost'
24-Dec-2018 16:07:02.456 INFO [http-nio-8081-exec-4] org.apache.catalina.core.ApplicationContext.log Manager: list: Listing contexts for virtual host 'localhost'
24-Dec-2018 16:07:12.754 INFO [http-nio-8081-exec-7] org.apache.catalina.core.ApplicationContext.log Manager: list: Listing contexts for virtual host 'localhost'
24-Dec-2018 16:07:24.623 INFO [http-nio-8081-exec-22] org.apache.catalina.core.ApplicationContext.log Manager: list: Listing contexts for virtual host 'localhost'
24-Dec-2018 16:07:37.779 INFO [http-nio-8081-exec-19] org.apache.catalina.core.ApplicationContext.log Manager: list: Listing contexts for virtual host 'localhost'
24-Dec-2018 16:07:39.128 INFO [http-nio-8081-exec-18] org.apache.catalina.core.ApplicationContext.log Manager: list: Listing contexts for virtual host 'localhost'
24-Dec-2018 16:07:46.903 INFO [http-nio-8081-exec-10] org.apache.catalina.core.ApplicationContext.log Manager: list: Listing contexts for virtual host 'localhost'
24-Dec-2018 16:08:11.085 INFO [http-nio-8081-exec-4] org.apache.catalina.core.ApplicationContext.log Manager: list: Listing contexts for virtual host 'localhost'
24-Dec-2018 16:08:27.662 INFO [http-nio-8081-exec-4] org.apache.catalina.core.ApplicationContext.log Manager: list: Listing contexts for virtual host 'localhost'
24-Dec-2018 16:08:32.167 INFO [http-nio-8081-exec-18] org.apache.catalina.core.ApplicationContext.log Manager: list: Listing contexts for virtual host 'localhost'
24-Dec-2018 16:08:39.253 INFO [http-nio-8081-exec-11] org.apache.catalina.core.ApplicationContext.log Manager: list: Listing contexts for virtual host 'localhost'
24-Dec-2018 16:09:06.419 INFO [http-nio-8081-exec-4] org.apache.catalina.core.ApplicationContext.log Manager: list: Listing contexts for virtual host 'localhost'
24-Dec-2018 16:09:39.816 INFO [http-nio-8081-exec-22] org.apache.catalina.core.ApplicationContext.log Manager: list: Listing contexts for virtual host 'localhost'
24-Dec-2018 16:10:03.254 INFO [http-nio-8081-exec-18] org.apache.catalina.core.ApplicationContext.log Manager: list: Listing contexts for virtual host 'localhost'
24-Dec-2018 16:10:46.424 INFO [http-nio-8081-exec-18] org.apache.catalina.core.ApplicationContext.log Manager: list: Listing contexts for virtual host 'localhost'
24-Dec-2018 16:10:58.565 INFO [http-nio-8081-exec-1] org.apache.catalina.core.ApplicationContext.log Manager: list: Listing contexts for virtual host 'localhost'
24-Dec-2018 16:11:03.769 INFO [http-nio-8081-exec-4] org.apache.catalina.core.ApplicationContext.log Manager: list: Listing contexts for virtual host 'localhost'
24-Dec-2018 16:11:15.592 INFO [http-nio-8081-exec-10] org.apache.catalina.core.ApplicationContext.log Manager: list: Listing contexts for virtual host 'localhost'
24-Dec-2018 16:20:53.668 INFO [http-nio-8081-exec-17] org.apache.catalina.core.ApplicationContext.log Manager: list: Listing contexts for virtual host 'localhost'
24-Dec-2018 16:21:09.639 INFO [http-nio-8081-exec-18] org.apache.catalina.core.ApplicationContext.log Manager: list: Listing contexts for virtual host 'localhost'
24-Dec-2018 16:21:21.996 INFO [http-nio-8081-exec-11] org.apache.catalina.core.ApplicationContext.log Manager: list: Listing contexts for virtual host 'localhost'
24-Dec-2018 16:21:26.784 INFO [http-nio-8081-exec-18] org.apache.catalina.core.ApplicationContext.log Manager: list: Listing contexts for virtual host 'localhost'
24-Dec-2018 16:21:38.829 INFO [http-nio-8081-exec-22] org.apache.catalina.core.ApplicationContext.log Manager: list: Listing contexts for virtual host 'localhost'
24-Dec-2018 16:23:20.967 INFO [http-nio-8081-exec-20] org.apache.catalina.core.ApplicationContext.log Manager: list: Listing contexts for virtual host 'localhost'
24-Dec-2018 16:24:07.647 INFO [http-nio-8081-exec-18] org.apache.catalina.core.ApplicationContext.log Manager: list: Listing contexts for virtual host 'localhost'
24-Dec-2018 16:24:09.458 INFO [http-nio-8081-exec-19] org.apache.catalina.core.ApplicationContext.log Manager: list: Listing contexts for virtual host 'localhost'
24-Dec-2018 16:24:10.993 INFO [http-nio-8081-exec-7] org.apache.catalina.core.ApplicationContext.log Manager: list: Listing contexts for virtual host 'localhost'
24-Dec-2018 16:25:01.621 INFO [http-nio-8081-exec-10] org.apache.catalina.core.ApplicationContext.log Manager: list: Listing contexts for virtual host 'localhost'
24-Dec-2018 16:25:32.275 INFO [http-nio-8081-exec-20] org.apache.catalina.core.ApplicationContext.log Manager: list: Listing contexts for virtual host 'localhost'
24-Dec-2018 16:25:39.000 INFO [http-nio-8081-exec-1] org.apache.catalina.core.ApplicationContext.log Manager: list: Listing contexts for virtual host 'localhost'
24-Dec-2018 16:25:47.859 INFO [http-nio-8081-exec-10] org.apache.catalina.core.ApplicationContext.log Manager: list: Listing contexts for virtual host 'localhost'
24-Dec-2018 16:25:55.824 INFO [http-nio-8081-exec-4] org.apache.catalina.core.ApplicationContext.log Manager: list: Listing contexts for virtual host 'localhost'
24-Dec-2018 16:27:06.143 INFO [http-nio-8081-exec-18] org.apache.catalina.core.ApplicationContext.log Manager: list: Listing contexts for virtual host 'localhost'
24-Dec-2018 16:28:05.663 INFO [http-nio-8081-exec-20] org.apache.catalina.core.ApplicationContext.log Manager: list: Listing contexts for virtual host 'localhost'
24-Dec-2018 16:28:11.682 INFO [http-nio-8081-exec-19] org.apache.catalina.core.ApplicationContext.log Manager: list: Listing contexts for virtual host 'localhost'
24-Dec-2018 16:28:14.131 INFO [http-nio-8081-exec-7] org.apache.catalina.core.ApplicationContext.log Manager: list: Listing contexts for virtual host 'localhost'
24-Dec-2018 16:28:41.531 INFO [http-nio-8081-exec-19] org.apache.catalina.core.ApplicationContext.log Manager: list: Listing contexts for virtual host 'localhost'
24-Dec-2018 16:29:04.027 INFO [http-nio-8081-exec-20] org.apache.catalina.core.ApplicationContext.log Manager: list: Listing contexts for virtual host 'localhost'
24-Dec-2018 16:29:33.119 INFO [http-nio-8081-exec-18] org.apache.catalina.core.ApplicationContext.log Manager: list: Listing contexts for virtual host 'localhost'
24-Dec-2018 16:31:53.402 INFO [http-nio-8081-exec-19] org.apache.catalina.core.ApplicationContext.log Manager: list: Listing contexts for virtual host 'localhost'
24-Dec-2018 16:32:38.675 INFO [http-nio-8081-exec-17] org.apache.catalina.core.ApplicationContext.log Manager: list: Listing contexts for virtual host 'localhost'
24-Dec-2018 16:32:47.103 INFO [http-nio-8081-exec-4] org.apache.catalina.core.ApplicationContext.log Manager: list: Listing contexts for virtual host 'localhost'
24-Dec-2018 16:32:56.012 INFO [http-nio-8081-exec-19] org.apache.catalina.core.ApplicationContext.log Manager: list: Listing contexts for virtual host 'localhost'
24-Dec-2018 16:33:31.119 INFO [http-nio-8081-exec-20] org.apache.catalina.core.ApplicationContext.log Manager: list: Listing contexts for virtual host 'localhost'
24-Dec-2018 16:33:34.575 INFO [http-nio-8081-exec-1] org.apache.catalina.core.ApplicationContext.log Manager: list: Listing contexts for virtual host 'localhost'
24-Dec-2018 16:33:41.019 INFO [http-nio-8081-exec-19] org.apache.catalina.core.ApplicationContext.log Manager: list: Listing contexts for virtual host 'localhost'
24-Dec-2018 16:34:01.850 INFO [http-nio-8081-exec-17] org.apache.catalina.core.ApplicationContext.log Manager: list: Listing contexts for virtual host 'localhost'
24-Dec-2018 16:34:13.469 INFO [http-nio-8081-exec-10] org.apache.catalina.core.ApplicationContext.log Manager: list: Listing contexts for virtual host 'localhost'
24-Dec-2018 16:34:37.974 INFO [http-nio-8081-exec-17] org.apache.catalina.core.ApplicationContext.log Manager: list: Listing contexts for virtual host 'localhost'
24-Dec-2018 16:34:55.728 INFO [http-nio-8081-exec-10] org.apache.catalina.core.ApplicationContext.log Manager: list: Listing contexts for virtual host 'localhost'
24-Dec-2018 16:35:14.935 INFO [http-nio-8081-exec-22] org.apache.catalina.core.ApplicationContext.log Manager: list: Listing contexts for virtual host 'localhost'
24-Dec-2018 16:35:16.499 INFO [http-nio-8081-exec-19] org.apache.catalina.core.ApplicationContext.log Manager: list: Listing contexts for virtual host 'localhost'
24-Dec-2018 16:35:39.250 INFO [http-nio-8081-exec-1] org.apache.catalina.core.ApplicationContext.log Manager: list: Listing contexts for virtual host 'localhost'
24-Dec-2018 16:35:43.315 INFO [http-nio-8081-exec-10] org.apache.catalina.core.ApplicationContext.log Manager: list: Listing contexts for virtual host 'localhost'
24-Dec-2018 16:35:53.683 INFO [http-nio-8081-exec-22] org.apache.catalina.core.ApplicationContext.log Manager: list: Listing contexts for virtual host 'localhost'
24-Dec-2018 16:36:08.052 INFO [http-nio-8081-exec-4] org.apache.catalina.core.ApplicationContext.log Manager: list: Listing contexts for virtual host 'localhost'
24-Dec-2018 16:38:08.904 INFO [http-nio-8081-exec-19] org.apache.catalina.core.ApplicationContext.log Manager: list: Listing contexts for virtual host 'localhost'
24-Dec-2018 16:39:41.739 INFO [http-nio-8081-exec-17] org.apache.catalina.core.ApplicationContext.log Manager: list: Listing contexts for virtual host 'localhost'
24-Dec-2018 16:39:52.289 INFO [http-nio-8081-exec-19] org.apache.catalina.core.ApplicationContext.log Manager: list: Listing contexts for virtual host 'localhost'
24-Dec-2018 16:40:35.639 INFO [http-nio-8081-exec-20] org.apache.catalina.core.ApplicationContext.log Manager: list: Listing contexts for virtual host 'localhost'
24-Dec-2018 16:41:07.196 INFO [http-nio-8081-exec-1] org.apache.catalina.core.ApplicationContext.log Manager: list: Listing contexts for virtual host 'localhost'
24-Dec-2018 16:41:09.233 INFO [http-nio-8081-exec-20] org.apache.catalina.core.ApplicationContext.log Manager: list: Listing contexts for virtual host 'localhost'
24-Dec-2018 16:41:11.396 INFO [http-nio-8081-exec-10] org.apache.catalina.core.ApplicationContext.log Manager: list: Listing contexts for virtual host 'localhost'
24-Dec-2018 16:41:14.553 INFO [http-nio-8081-exec-11] org.apache.catalina.core.ApplicationContext.log Manager: list: Listing contexts for virtual host 'localhost'
24-Dec-2018 16:41:37.573 INFO [http-nio-8081-exec-1] org.apache.catalina.core.ApplicationContext.log Manager: list: Listing contexts for virtual host 'localhost'
24-Dec-2018 16:41:52.140 INFO [http-nio-8081-exec-4] org.apache.catalina.core.ApplicationContext.log Manager: list: Listing contexts for virtual host 'localhost'
24-Dec-2018 16:42:05.585 INFO [http-nio-8081-exec-22] org.apache.catalina.core.ApplicationContext.log Manager: list: Listing contexts for virtual host 'localhost'
24-Dec-2018 16:42:07.596 INFO [http-nio-8081-exec-18] org.apache.catalina.core.ApplicationContext.log Manager: list: Listing contexts for virtual host 'localhost'
24-Dec-2018 16:42:15.170 INFO [http-nio-8081-exec-11] org.apache.catalina.core.ApplicationContext.log Manager: list: Listing contexts for virtual host 'localhost'
24-Dec-2018 16:42:38.986 INFO [http-nio-8081-exec-10] org.apache.catalina.core.ApplicationContext.log Manager: list: Listing contexts for virtual host 'localhost'
24-Dec-2018 16:44:23.820 INFO [http-nio-8081-exec-22] org.apache.catalina.core.ApplicationContext.log Manager: list: Listing contexts for virtual host 'localhost'
24-Dec-2018 16:44:31.879 INFO [http-nio-8081-exec-1] org.apache.catalina.core.ApplicationContext.log Manager: list: Listing contexts for virtual host 'localhost'
24-Dec-2018 16:46:03.562 INFO [http-nio-8081-exec-22] org.apache.catalina.core.ApplicationContext.log Manager: list: Listing contexts for virtual host 'localhost'
24-Dec-2018 16:46:09.587 INFO [http-nio-8081-exec-17] org.apache.catalina.core.ApplicationContext.log Manager: list: Listing contexts for virtual host 'localhost'
24-Dec-2018 17:29:06.197 INFO [http-nio-8081-exec-19] org.apache.catalina.core.ApplicationContext.log Manager: list: Listing contexts for virtual host 'localhost'
24-Dec-2018 17:30:33.561 INFO [http-nio-8081-exec-20] org.apache.catalina.core.ApplicationContext.log Manager: list: Listing contexts for virtual host 'localhost'
24-Dec-2018 17:31:04.637 INFO [http-nio-8081-exec-11] org.apache.catalina.core.ApplicationContext.log Manager: list: Listing contexts for virtual host 'localhost'
24-Dec-2018 18:27:20.317 INFO [http-nio-8081-exec-18] org.apache.catalina.core.ApplicationContext.log Manager: list: Listing contexts for virtual host 'localhost'
24-Dec-2018 18:27:22.001 INFO [http-nio-8081-exec-10] org.apache.catalina.core.ApplicationContext.log Manager: list: Listing contexts for virtual host 'localhost'
24-Dec-2018 18:27:25.043 INFO [http-nio-8081-exec-22] org.apache.catalina.core.ApplicationContext.log Manager: list: Listing contexts for virtual host 'localhost'
24-Dec-2018 18:27:30.706 INFO [http-nio-8081-exec-20] org.apache.catalina.core.ApplicationContext.log Manager: list: Listing contexts for virtual host 'localhost'
24-Dec-2018 18:27:45.092 INFO [http-nio-8081-exec-4] org.apache.catalina.core.ApplicationContext.log Manager: list: Listing contexts for virtual host 'localhost'
24-Dec-2018 18:27:51.649 INFO [http-nio-8081-exec-11] org.apache.catalina.core.ApplicationContext.log Manager: list: Listing contexts for virtual host 'localhost'
24-Dec-2018 18:29:12.724 INFO [http-nio-8081-exec-20] org.apache.catalina.core.ApplicationContext.log Manager: list: Listing contexts for virtual host 'localhost'
24-Dec-2018 18:29:28.246 INFO [http-nio-8081-exec-19] org.apache.catalina.core.ApplicationContext.log Manager: list: Listing contexts for virtual host 'localhost'
24-Dec-2018 18:30:49.900 INFO [http-nio-8081-exec-22] org.apache.catalina.core.ApplicationContext.log Manager: list: Listing contexts for virtual host 'localhost'
24-Dec-2018 18:30:58.121 INFO [http-nio-8081-exec-18] org.apache.catalina.core.ApplicationContext.log Manager: list: Listing contexts for virtual host 'localhost'
24-Dec-2018 18:31:09.153 INFO [http-nio-8081-exec-1] org.apache.catalina.core.ApplicationContext.log Manager: list: Listing contexts for virtual host 'localhost'
24-Dec-2018 18:31:50.858 INFO [http-nio-8081-exec-7] org.apache.catalina.core.ApplicationContext.log Manager: list: Listing contexts for virtual host 'localhost'
24-Dec-2018 18:32:59.876 INFO [http-nio-8081-exec-4] org.apache.catalina.core.ApplicationContext.log Manager: list: Listing contexts for virtual host 'localhost'
24-Dec-2018 18:34:37.971 INFO [http-nio-8081-exec-22] org.apache.catalina.core.ApplicationContext.log Manager: list: Listing contexts for virtual host 'localhost'
24-Dec-2018 18:36:28.876 INFO [http-nio-8081-exec-4] org.apache.catalina.core.ApplicationContext.log Manager: list: Listing contexts for virtual host 'localhost'
24-Dec-2018 18:36:34.199 INFO [http-nio-8081-exec-19] org.apache.catalina.core.ApplicationContext.log Manager: list: Listing contexts for virtual host 'localhost'
24-Dec-2018 18:36:54.061 INFO [http-nio-8081-exec-10] org.apache.catalina.core.ApplicationContext.log Manager: list: Listing contexts for virtual host 'localhost'
24-Dec-2018 19:14:05.944 INFO [http-nio-8081-exec-19] org.apache.catalina.core.ApplicationContext.log Manager: list: Listing contexts for virtual host 'localhost'
24-Dec-2018 19:14:22.374 INFO [http-nio-8081-exec-18] org.apache.catalina.core.ApplicationContext.log Manager: list: Listing contexts for virtual host 'localhost'
24-Dec-2018 19:14:28.180 INFO [http-nio-8081-exec-20] org.apache.catalina.core.ApplicationContext.log Manager: list: Listing contexts for virtual host 'localhost'
24-Dec-2018 19:14:41.503 INFO [http-nio-8081-exec-11] org.apache.catalina.core.ApplicationContext.log Manager: list: Listing contexts for virtual host 'localhost'
24-Dec-2018 19:14:47.668 INFO [http-nio-8081-exec-7] org.apache.catalina.core.ApplicationContext.log Manager: list: Listing contexts for virtual host 'localhost'
24-Dec-2018 19:14:54.455 INFO [http-nio-8081-exec-20] org.apache.catalina.core.ApplicationContext.log Manager: list: Listing contexts for virtual host 'localhost'
24-Dec-2018 19:15:14.174 INFO [http-nio-8081-exec-11] org.apache.catalina.core.ApplicationContext.log Manager: list: Listing contexts for virtual host 'localhost'
24-Dec-2018 19:16:13.426 INFO [http-nio-8081-exec-7] org.apache.catalina.core.ApplicationContext.log Manager: list: Listing contexts for virtual host 'localhost'
24-Dec-2018 19:16:41.120 INFO [http-nio-8081-exec-22] org.apache.catalina.core.ApplicationContext.log Manager: list: Listing contexts for virtual host 'localhost'
24-Dec-2018 19:17:29.152 INFO [http-nio-8081-exec-7] org.apache.catalina.core.ApplicationContext.log Manager: list: Listing contexts for virtual host 'localhost'
24-Dec-2018 19:17:55.337 INFO [http-nio-8081-exec-10] org.apache.catalina.core.ApplicationContext.log Manager: list: Listing contexts for virtual host 'localhost'
24-Dec-2018 19:17:55.337 INFO [http-nio-8081-exec-22] org.apache.catalina.core.ApplicationContext.log Manager: list: Listing contexts for virtual host 'localhost'
24-Dec-2018 19:21:30.412 INFO [http-nio-8081-exec-44] org.apache.catalina.core.ApplicationContext.log Manager: init: Associated with Deployer 'Catalina:type=Deployer,host=localhost'
24-Dec-2018 19:21:30.413 INFO [http-nio-8081-exec-44] org.apache.catalina.core.ApplicationContext.log Manager: init: Global resources are available
24-Dec-2018 19:21:33.220 INFO [http-nio-8081-exec-1] org.apache.catalina.core.ApplicationContext.log Manager: list: Listing contexts for virtual host 'localhost'
24-Dec-2018 19:21:33.227 INFO [http-nio-8081-exec-2] org.apache.catalina.core.ApplicationContext.log Manager: list: Listing contexts for virtual host 'localhost'
24-Dec-2018 19:34:51.484 INFO [http-nio-8081-exec-26] org.apache.catalina.core.ApplicationContext.log Manager: list: Listing contexts for virtual host 'localhost'
24-Dec-2018 19:34:51.504 INFO [http-nio-8081-exec-24] org.apache.catalina.core.ApplicationContext.log Manager: restart: Reloading web application '/MyShop'
24-Dec-2018 19:59:09.116 INFO [http-nio-8081-exec-52] org.apache.catalina.core.ApplicationContext.log Manager: list: Listing contexts for virtual host 'localhost'
24-Dec-2018 19:59:09.185 INFO [http-nio-8081-exec-54] org.apache.catalina.core.ApplicationContext.log Manager: undeploy: Undeploying web application at '/'
24-Dec-2018 20:15:33.591 INFO [http-nio-8081-exec-61] org.apache.catalina.core.ApplicationContext.log Manager: list: Listing contexts for virtual host 'localhost'
24-Dec-2018 20:15:33.654 INFO [http-nio-8081-exec-62] org.apache.catalina.core.ApplicationContext.log Manager: list: Listing contexts for virtual host 'localhost'
24-Dec-2018 20:15:33.879 INFO [http-nio-8081-exec-63] org.apache.catalina.core.ApplicationContext.log Manager: install: Installing context configuration at 'file:/C:/Users/ADMINI~1/AppData/Local/Temp/context818577342100177488.xml'
24-Dec-2018 20:15:46.333 INFO [http-nio-8081-exec-64] org.apache.catalina.core.ApplicationContext.log Manager: start: Starting web application '/'
24-Dec-2018 20:21:36.037 INFO [http-nio-8081-exec-63] org.apache.catalina.core.ApplicationContext.log Manager: list: Listing contexts for virtual host 'localhost'
24-Dec-2018 20:21:36.078 INFO [http-nio-8081-exec-57] org.apache.catalina.core.ApplicationContext.log Manager: restart: Reloading web application '/'
24-Dec-2018 20:21:44.182 INFO [http-nio-8081-exec-59] org.apache.catalina.core.ApplicationContext.log Manager: list: Listing contexts for virtual host 'localhost'
24-Dec-2018 20:21:44.242 INFO [http-nio-8081-exec-65] org.apache.catalina.core.ApplicationContext.log Manager: restart: Reloading web application '/'
24-Dec-2018 20:22:12.405 INFO [http-nio-8081-exec-67] org.apache.catalina.core.ApplicationContext.log Manager: list: Listing contexts for virtual host 'localhost'
24-Dec-2018 20:22:12.438 INFO [http-nio-8081-exec-69] org.apache.catalina.core.ApplicationContext.log Manager: restart: Reloading web application '/'
24-Dec-2018 20:23:25.418 INFO [http-nio-8081-exec-73] org.apache.catalina.core.ApplicationContext.log Manager: list: Listing contexts for virtual host 'localhost'
24-Dec-2018 20:23:25.455 INFO [http-nio-8081-exec-62] org.apache.catalina.core.ApplicationContext.log Manager: restart: Reloading web application '/'
24-Dec-2018 20:23:34.192 INFO [http-nio-8081-exec-70] org.apache.catalina.core.ApplicationContext.log Manager: list: Listing contexts for virtual host 'localhost'
24-Dec-2018 20:23:34.203 INFO [http-nio-8081-exec-72] org.apache.catalina.core.ApplicationContext.log Manager: restart: Reloading web application '/'
24-Dec-2018 20:25:45.272 INFO [http-nio-8081-exec-79] org.apache.catalina.core.ApplicationContext.log Manager: list: Listing contexts for virtual host 'localhost'
24-Dec-2018 20:25:45.294 INFO [http-nio-8081-exec-80] org.apache.catalina.core.ApplicationContext.log Manager: restart: Reloading web application '/'
24-Dec-2018 20:25:50.596 INFO [http-nio-8081-exec-77] org.apache.catalina.core.ApplicationContext.log Manager: list: Listing contexts for virtual host 'localhost'
24-Dec-2018 20:25:50.611 INFO [http-nio-8081-exec-82] org.apache.catalina.core.ApplicationContext.log Manager: restart: Reloading web application '/'
24-Dec-2018 20:26:06.750 INFO [http-nio-8081-exec-78] org.apache.catalina.core.ApplicationContext.log Manager: list: Listing contexts for virtual host 'localhost'
24-Dec-2018 20:26:06.791 INFO [http-nio-8081-exec-76] org.apache.catalina.core.ApplicationContext.log Manager: restart: Reloading web application '/'
24-Dec-2018 20:26:12.526 INFO [http-nio-8081-exec-83] org.apache.catalina.core.ApplicationContext.log Manager: list: Listing contexts for virtual host 'localhost'
24-Dec-2018 20:26:12.574 INFO [http-nio-8081-exec-86] org.apache.catalina.core.ApplicationContext.log Manager: restart: Reloading web application '/'
24-Dec-2018 20:27:03.155 INFO [http-nio-8081-exec-77] org.apache.catalina.core.ApplicationContext.log Manager: list: Listing contexts for virtual host 'localhost'
24-Dec-2018 20:27:03.166 INFO [http-nio-8081-exec-83] org.apache.catalina.core.ApplicationContext.log Manager: restart: Reloading web application '/'
24-Dec-2018 20:27:09.319 INFO [http-nio-8081-exec-77] org.apache.catalina.core.ApplicationContext.log Manager: list: Listing contexts for virtual host 'localhost'
24-Dec-2018 20:27:09.338 INFO [http-nio-8081-exec-88] org.apache.catalina.core.ApplicationContext.log Manager: restart: Reloading web application '/'
24-Dec-2018 20:27:17.195 INFO [http-nio-8081-exec-89] org.apache.catalina.core.ApplicationContext.log Manager: list: Listing contexts for virtual host 'localhost'
24-Dec-2018 20:27:17.313 INFO [http-nio-8081-exec-70] org.apache.catalina.core.ApplicationContext.log Manager: restart: Reloading web application '/'
24-Dec-2018 20:27:29.954 INFO [http-nio-8081-exec-93] org.apache.catalina.core.ApplicationContext.log Manager: list: Listing contexts for virtual host 'localhost'
24-Dec-2018 20:27:29.970 INFO [http-nio-8081-exec-89] org.apache.catalina.core.ApplicationContext.log Manager: restart: Reloading web application '/'
24-Dec-2018 20:30:58.869 INFO [http-nio-8081-exec-97] org.apache.catalina.core.ApplicationContext.log Manager: list: Listing contexts for virtual host 'localhost'
24-Dec-2018 20:31:31.751 INFO [http-nio-8081-exec-100] org.apache.catalina.core.ApplicationContext.log Manager: list: Listing contexts for virtual host 'localhost'
24-Dec-2018 20:32:14.738 INFO [http-nio-8081-exec-97] org.apache.catalina.core.ApplicationContext.log Manager: list: Listing contexts for virtual host 'localhost'
24-Dec-2018 20:32:15.677 INFO [http-nio-8081-exec-94] org.apache.catalina.core.ApplicationContext.log Manager: list: Listing contexts for virtual host 'localhost'
24-Dec-2018 20:32:25.182 INFO [http-nio-8081-exec-96] org.apache.catalina.core.ApplicationContext.log Manager: list: Listing contexts for virtual host 'localhost'
24-Dec-2018 20:32:46.573 INFO [http-nio-8081-exec-95] org.apache.catalina.core.ApplicationContext.log Manager: list: Listing contexts for virtual host 'localhost'
24-Dec-2018 20:32:47.674 INFO [http-nio-8081-exec-102] org.apache.catalina.core.ApplicationContext.log Manager: list: Listing contexts for virtual host 'localhost'
24-Dec-2018 20:32:50.509 INFO [http-nio-8081-exec-100] org.apache.catalina.core.ApplicationContext.log Manager: list: Listing contexts for virtual host 'localhost'
24-Dec-2018 20:32:54.198 INFO [http-nio-8081-exec-103] org.apache.catalina.core.ApplicationContext.log Manager: list: Listing contexts for virtual host 'localhost'
24-Dec-2018 20:33:05.699 INFO [http-nio-8081-exec-99] org.apache.catalina.core.ApplicationContext.log Manager: list: Listing contexts for virtual host 'localhost'
24-Dec-2018 20:33:05.712 INFO [http-nio-8081-exec-102] org.apache.catalina.core.ApplicationContext.log Manager: restart: Reloading web application '/MyShop'
24-Dec-2018 20:33:18.877 INFO [http-nio-8081-exec-105] org.apache.catalina.core.ApplicationContext.log Manager: list: Listing contexts for virtual host 'localhost'
24-Dec-2018 20:33:18.888 INFO [http-nio-8081-exec-97] org.apache.catalina.core.ApplicationContext.log Manager: restart: Reloading web application '/MyShop'
24-Dec-2018 20:33:40.617 INFO [http-nio-8081-exec-107] org.apache.catalina.core.ApplicationContext.log Manager: list: Listing contexts for virtual host 'localhost'
24-Dec-2018 20:33:40.643 INFO [http-nio-8081-exec-99] org.apache.catalina.core.ApplicationContext.log Manager: restart: Reloading web application '/MyShop'
24-Dec-2018 20:33:57.589 INFO [http-nio-8081-exec-109] org.apache.catalina.core.ApplicationContext.log Manager: list: Listing contexts for virtual host 'localhost'
24-Dec-2018 20:33:57.603 INFO [http-nio-8081-exec-105] org.apache.catalina.core.ApplicationContext.log Manager: restart: Reloading web application '/MyShop'
24-Dec-2018 20:34:10.294 INFO [http-nio-8081-exec-98] org.apache.catalina.core.ApplicationContext.log Manager: list: Listing contexts for virtual host 'localhost'
24-Dec-2018 20:34:10.348 INFO [http-nio-8081-exec-107] org.apache.catalina.core.ApplicationContext.log Manager: restart: Reloading web application '/MyShop'
24-Dec-2018 20:34:18.506 INFO [http-nio-8081-exec-109] org.apache.catalina.core.ApplicationContext.log Manager: list: Listing contexts for virtual host 'localhost'
24-Dec-2018 20:34:18.556 INFO [http-nio-8081-exec-110] org.apache.catalina.core.ApplicationContext.log Manager: restart: Reloading web application '/MyShop'
24-Dec-2018 20:34:25.270 INFO [http-nio-8081-exec-114] org.apache.catalina.core.ApplicationContext.log Manager: list: Listing contexts for virtual host 'localhost'
24-Dec-2018 20:34:25.317 INFO [http-nio-8081-exec-106] org.apache.catalina.core.ApplicationContext.log Manager: restart: Reloading web application '/MyShop'
24-Dec-2018 20:35:31.162 INFO [http-nio-8081-exec-120] org.apache.catalina.core.ApplicationContext.log Manager: list: Listing contexts for virtual host 'localhost'
24-Dec-2018 20:35:31.188 INFO [http-nio-8081-exec-112] org.apache.catalina.core.ApplicationContext.log Manager: restart: Reloading web application '/MyShop'
24-Dec-2018 20:35:38.141 INFO [http-nio-8081-exec-103] org.apache.catalina.core.ApplicationContext.log Manager: list: Listing contexts for virtual host 'localhost'
24-Dec-2018 20:35:38.160 INFO [http-nio-8081-exec-113] org.apache.catalina.core.ApplicationContext.log Manager: restart: Reloading web application '/MyShop'
24-Dec-2018 20:35:51.354 INFO [http-nio-8081-exec-103] org.apache.catalina.core.ApplicationContext.log Manager: list: Listing contexts for virtual host 'localhost'
24-Dec-2018 20:35:51.389 INFO [http-nio-8081-exec-115] org.apache.catalina.core.ApplicationContext.log Manager: restart: Reloading web application '/MyShop'
24-Dec-2018 20:36:18.932 INFO [http-nio-8081-exec-103] org.apache.catalina.core.ApplicationContext.log Manager: list: Listing contexts for virtual host 'localhost'
24-Dec-2018 20:36:18.944 INFO [http-nio-8081-exec-116] org.apache.catalina.core.ApplicationContext.log Manager: restart: Reloading web application '/MyShop'
24-Dec-2018 20:36:54.631 INFO [http-nio-8081-exec-127] org.apache.catalina.core.ApplicationContext.log Manager: list: Listing contexts for virtual host 'localhost'
24-Dec-2018 20:36:54.672 INFO [http-nio-8081-exec-108] org.apache.catalina.core.ApplicationContext.log Manager: restart: Reloading web application '/MyShop'
24-Dec-2018 20:37:00.760 INFO [http-nio-8081-exec-125] org.apache.catalina.core.ApplicationContext.log Manager: list: Listing contexts for virtual host 'localhost'
24-Dec-2018 20:37:00.777 INFO [http-nio-8081-exec-121] org.apache.catalina.core.ApplicationContext.log Manager: restart: Reloading web application '/MyShop'
24-Dec-2018 20:37:34.435 INFO [http-nio-8081-exec-126] org.apache.catalina.core.ApplicationContext.log Manager: list: Listing contexts for virtual host 'localhost'
24-Dec-2018 20:37:34.446 INFO [http-nio-8081-exec-125] org.apache.catalina.core.ApplicationContext.log Manager: restart: Reloading web application '/MyShop'
24-Dec-2018 20:38:33.408 INFO [http-nio-8081-exec-130] org.apache.catalina.core.ApplicationContext.log Manager: list: Listing contexts for virtual host 'localhost'
24-Dec-2018 20:38:33.425 INFO [http-nio-8081-exec-122] org.apache.catalina.core.ApplicationContext.log Manager: restart: Reloading web application '/MyShop'
24-Dec-2018 20:38:52.714 INFO [http-nio-8081-exec-118] org.apache.catalina.core.ApplicationContext.log Manager: list: Listing contexts for virtual host 'localhost'
24-Dec-2018 20:38:52.727 INFO [http-nio-8081-exec-124] org.apache.catalina.core.ApplicationContext.log Manager: restart: Reloading web application '/MyShop'
24-Dec-2018 20:50:05.893 INFO [http-nio-8081-exec-136] org.apache.catalina.core.ApplicationContext.log Manager: list: Listing contexts for virtual host 'localhost'
24-Dec-2018 20:50:55.530 INFO [http-nio-8081-exec-142] org.apache.catalina.core.ApplicationContext.log Manager: list: Listing contexts for virtual host 'localhost'
24-Dec-2018 20:50:56.235 INFO [http-nio-8081-exec-135] org.apache.catalina.core.ApplicationContext.log Manager: list: Listing contexts for virtual host 'localhost'
24-Dec-2018 20:51:11.188 INFO [http-nio-8081-exec-140] org.apache.catalina.core.ApplicationContext.log Manager: list: Listing contexts for virtual host 'localhost'
24-Dec-2018 20:51:21.098 INFO [http-nio-8081-exec-137] org.apache.catalina.core.ApplicationContext.log Manager: list: Listing contexts for virtual host 'localhost'
24-Dec-2018 20:57:08.313 INFO [http-nio-8081-exec-142] org.apache.catalina.core.ApplicationContext.log Manager: list: Listing contexts for virtual host 'localhost'
24-Dec-2018 20:57:19.213 INFO [http-nio-8081-exec-138] org.apache.catalina.core.ApplicationContext.log Manager: list: Listing contexts for virtual host 'localhost'
24-Dec-2018 20:57:27.370 INFO [http-nio-8081-exec-144] org.apache.catalina.core.ApplicationContext.log Manager: list: Listing contexts for virtual host 'localhost'
24-Dec-2018 21:02:39.455 INFO [http-nio-8081-exec-143] org.apache.catalina.core.ApplicationContext.log Manager: list: Listing contexts for virtual host 'localhost'
24-Dec-2018 21:02:42.610 INFO [http-nio-8081-exec-138] org.apache.catalina.core.ApplicationContext.log Manager: list: Listing contexts for virtual host 'localhost'
24-Dec-2018 21:07:57.947 INFO [http-nio-8081-exec-144] org.apache.catalina.core.ApplicationContext.log Manager: list: Listing contexts for virtual host 'localhost'
24-Dec-2018 21:07:57.997 INFO [http-nio-8081-exec-139] org.apache.catalina.core.ApplicationContext.log Manager: restart: Reloading web application '/'
24-Dec-2018 21:08:14.733 INFO [http-nio-8081-exec-136] org.apache.catalina.core.ApplicationContext.log Manager: list: Listing contexts for virtual host 'localhost'
24-Dec-2018 21:08:14.803 INFO [http-nio-8081-exec-143] org.apache.catalina.core.ApplicationContext.log Manager: restart: Reloading web application '/'
24-Dec-2018 21:14:59.592 INFO [http-nio-8081-exec-146] org.apache.catalina.core.ApplicationContext.log Manager: list: Listing contexts for virtual host 'localhost'
24-Dec-2018 21:15:00.989 INFO [http-nio-8081-exec-149] org.apache.catalina.core.ApplicationContext.log Manager: list: Listing contexts for virtual host 'localhost'
24-Dec-2018 21:15:57.648 INFO [http-nio-8081-exec-146] org.apache.catalina.core.ApplicationContext.log Manager: list: Listing contexts for virtual host 'localhost'
24-Dec-2018 21:16:38.851 INFO [http-nio-8081-exec-152] org.apache.catalina.core.ApplicationContext.log Manager: list: Listing contexts for virtual host 'localhost'
24-Dec-2018 21:16:41.949 INFO [http-nio-8081-exec-149] org.apache.catalina.core.ApplicationContext.log Manager: list: Listing contexts for virtual host 'localhost'
24-Dec-2018 21:16:43.463 INFO [http-nio-8081-exec-150] org.apache.catalina.core.ApplicationContext.log Manager: list: Listing contexts for virtual host 'localhost'
24-Dec-2018 21:17:20.933 INFO [http-nio-8081-exec-149] org.apache.catalina.core.ApplicationContext.log Manager: list: Listing contexts for virtual host 'localhost'
24-Dec-2018 21:17:27.802 INFO [http-nio-8081-exec-154] org.apache.catalina.core.ApplicationContext.log Manager: list: Listing contexts for virtual host 'localhost'
24-Dec-2018 21:17:53.391 INFO [http-nio-8081-exec-152] org.apache.catalina.core.ApplicationContext.log Manager: list: Listing contexts for virtual host 'localhost'
24-Dec-2018 21:17:54.775 INFO [http-nio-8081-exec-154] org.apache.catalina.core.ApplicationContext.log Manager: list: Listing contexts for virtual host 'localhost'
24-Dec-2018 21:18:22.306 INFO [http-nio-8081-exec-152] org.apache.catalina.core.ApplicationContext.log Manager: list: Listing contexts for virtual host 'localhost'
24-Dec-2018 21:18:52.605 INFO [http-nio-8081-exec-155] org.apache.catalina.core.ApplicationContext.log Manager: list: Listing contexts for virtual host 'localhost'
24-Dec-2018 21:18:53.528 INFO [http-nio-8081-exec-147] org.apache.catalina.core.ApplicationContext.log Manager: list: Listing contexts for virtual host 'localhost'
24-Dec-2018 21:19:33.498 INFO [http-nio-8081-exec-153] org.apache.catalina.core.ApplicationContext.log Manager: list: Listing contexts for virtual host 'localhost'
24-Dec-2018 21:19:43.662 INFO [http-nio-8081-exec-151] org.apache.catalina.core.ApplicationContext.log Manager: list: Listing contexts for virtual host 'localhost'
24-Dec-2018 21:20:15.866 INFO [http-nio-8081-exec-149] org.apache.catalina.core.ApplicationContext.log Manager: list: Listing contexts for virtual host 'localhost'
24-Dec-2018 21:20:23.757 INFO [http-nio-8081-exec-152] org.apache.catalina.core.ApplicationContext.log Manager: list: Listing contexts for virtual host 'localhost'
24-Dec-2018 21:20:33.164 INFO [http-nio-8081-exec-146] org.apache.catalina.core.ApplicationContext.log Manager: list: Listing contexts for virtual host 'localhost'
24-Dec-2018 21:21:06.476 INFO [http-nio-8081-exec-153] org.apache.catalina.core.ApplicationContext.log Manager: list: Listing contexts for virtual host 'localhost'
24-Dec-2018 21:22:54.302 INFO [http-nio-8081-exec-151] org.apache.catalina.core.ApplicationContext.log Manager: list: Listing contexts for virtual host 'localhost'
24-Dec-2018 21:23:02.966 INFO [http-nio-8081-exec-149] org.apache.catalina.core.ApplicationContext.log Manager: list: Listing contexts for virtual host 'localhost'
24-Dec-2018 21:25:03.509 INFO [http-nio-8081-exec-150] org.apache.catalina.core.ApplicationContext.log Manager: list: Listing contexts for virtual host 'localhost'
24-Dec-2018 21:25:26.006 INFO [http-nio-8081-exec-148] org.apache.catalina.core.ApplicationContext.log Manager: list: Listing contexts for virtual host 'localhost'
