19-Dec-2018 07:30:35.688 INFO [http-nio-8081-exec-87] org.apache.catalina.core.ApplicationContext.log Manager: list: Listing contexts for virtual host 'localhost'
19-Dec-2018 07:32:51.670 INFO [http-nio-8081-exec-94] org.apache.catalina.core.ApplicationContext.log Manager: list: Listing contexts for virtual host 'localhost'
19-Dec-2018 07:32:51.718 INFO [http-nio-8081-exec-86] org.apache.catalina.core.ApplicationContext.log Manager: restart: Reloading web application '/MuaBanNha'
19-Dec-2018 07:33:32.039 INFO [http-nio-8081-exec-90] org.apache.catalina.core.ApplicationContext.log Manager: list: Listing contexts for virtual host 'localhost'
19-Dec-2018 07:33:32.075 INFO [http-nio-8081-exec-92] org.apache.catalina.core.ApplicationContext.log Manager: restart: Reloading web application '/MuaBanNha'
19-Dec-2018 07:59:24.054 INFO [http-nio-8081-exec-97] org.apache.catalina.core.ApplicationContext.log Manager: list: Listing contexts for virtual host 'localhost'
19-Dec-2018 07:59:24.090 INFO [http-nio-8081-exec-98] org.apache.catalina.core.ApplicationContext.log Manager: restart: Reloading web application '/MuaBanNha'
19-Dec-2018 08:52:24.638 INFO [http-nio-8081-exec-108] org.apache.catalina.core.ApplicationContext.log Manager: list: Listing contexts for virtual host 'localhost'
19-Dec-2018 08:52:28.531 INFO [http-nio-8081-exec-110] org.apache.catalina.core.ApplicationContext.log Manager: list: Listing contexts for virtual host 'localhost'
19-Dec-2018 08:53:22.708 INFO [http-nio-8081-exec-107] org.apache.catalina.core.ApplicationContext.log Manager: list: Listing contexts for virtual host 'localhost'
19-Dec-2018 08:53:22.745 INFO [http-nio-8081-exec-114] org.apache.catalina.core.ApplicationContext.log Manager: restart: Reloading web application '/MuaBanNha'
19-Dec-2018 08:53:25.328 INFO [http-nio-8081-exec-113] org.apache.catalina.core.ApplicationContext.log Manager: list: Listing contexts for virtual host 'localhost'
19-Dec-2018 08:53:25.369 INFO [http-nio-8081-exec-107] org.apache.catalina.core.ApplicationContext.log Manager: restart: Reloading web application '/MuaBanNha'
19-Dec-2018 08:54:15.029 INFO [http-nio-8081-exec-109] org.apache.catalina.core.ApplicationContext.log Manager: list: Listing contexts for virtual host 'localhost'
19-Dec-2018 08:54:15.084 INFO [http-nio-8081-exec-116] org.apache.catalina.core.ApplicationContext.log Manager: restart: Reloading web application '/MuaBanNha'
19-Dec-2018 08:54:23.538 INFO [http-nio-8081-exec-120] org.apache.catalina.core.ApplicationContext.log Manager: list: Listing contexts for virtual host 'localhost'
19-Dec-2018 08:54:23.578 INFO [http-nio-8081-exec-118] org.apache.catalina.core.ApplicationContext.log Manager: restart: Reloading web application '/MuaBanNha'
19-Dec-2018 08:54:24.585 INFO [http-nio-8081-exec-112] org.apache.catalina.core.ApplicationContext.log Manager: list: Listing contexts for virtual host 'localhost'
19-Dec-2018 08:54:24.615 INFO [http-nio-8081-exec-116] org.apache.catalina.core.ApplicationContext.log Manager: restart: Reloading web application '/MuaBanNha'
19-Dec-2018 08:54:32.648 INFO [http-nio-8081-exec-119] org.apache.catalina.core.ApplicationContext.log Manager: list: Listing contexts for virtual host 'localhost'
19-Dec-2018 08:54:32.699 INFO [http-nio-8081-exec-115] org.apache.catalina.core.ApplicationContext.log Manager: restart: Reloading web application '/MuaBanNha'
19-Dec-2018 08:55:00.824 INFO [http-nio-8081-exec-119] org.apache.catalina.core.ApplicationContext.log Manager: list: Listing contexts for virtual host 'localhost'
19-Dec-2018 08:55:00.867 INFO [http-nio-8081-exec-122] org.apache.catalina.core.ApplicationContext.log Manager: restart: Reloading web application '/MuaBanNha'
19-Dec-2018 08:55:01.638 INFO [http-nio-8081-exec-117] org.apache.catalina.core.ApplicationContext.log Manager: list: Listing contexts for virtual host 'localhost'
19-Dec-2018 08:55:01.675 INFO [http-nio-8081-exec-112] org.apache.catalina.core.ApplicationContext.log Manager: restart: Reloading web application '/MuaBanNha'
19-Dec-2018 08:55:16.503 INFO [http-nio-8081-exec-115] org.apache.catalina.core.ApplicationContext.log Manager: list: Listing contexts for virtual host 'localhost'
19-Dec-2018 08:55:16.540 INFO [http-nio-8081-exec-116] org.apache.catalina.core.ApplicationContext.log Manager: restart: Reloading web application '/MuaBanNha'
19-Dec-2018 08:55:40.222 INFO [http-nio-8081-exec-115] org.apache.catalina.core.ApplicationContext.log Manager: list: Listing contexts for virtual host 'localhost'
19-Dec-2018 08:55:40.267 INFO [http-nio-8081-exec-122] org.apache.catalina.core.ApplicationContext.log Manager: restart: Reloading web application '/MuaBanNha'
19-Dec-2018 08:57:55.730 INFO [http-nio-8081-exec-109] org.apache.catalina.core.ApplicationContext.log Manager: list: Listing contexts for virtual host 'localhost'
19-Dec-2018 08:57:55.773 INFO [http-nio-8081-exec-126] org.apache.catalina.core.ApplicationContext.log Manager: restart: Reloading web application '/MuaBanNha'
19-Dec-2018 08:57:56.473 INFO [http-nio-8081-exec-129] org.apache.catalina.core.ApplicationContext.log Manager: list: Listing contexts for virtual host 'localhost'
19-Dec-2018 08:57:56.531 INFO [http-nio-8081-exec-128] org.apache.catalina.core.ApplicationContext.log Manager: restart: Reloading web application '/MuaBanNha'
19-Dec-2018 08:58:05.022 INFO [http-nio-8081-exec-124] org.apache.catalina.core.ApplicationContext.log Manager: list: Listing contexts for virtual host 'localhost'
19-Dec-2018 08:59:01.062 INFO [http-nio-8081-exec-132] org.apache.catalina.core.ApplicationContext.log Manager: list: Listing contexts for virtual host 'localhost'
19-Dec-2018 09:00:28.915 INFO [http-nio-8081-exec-131] org.apache.catalina.core.ApplicationContext.log Manager: list: Listing contexts for virtual host 'localhost'
19-Dec-2018 09:00:40.810 INFO [http-nio-8081-exec-138] org.apache.catalina.core.ApplicationContext.log Manager: list: Listing contexts for virtual host 'localhost'
19-Dec-2018 09:00:41.557 INFO [http-nio-8081-exec-139] org.apache.catalina.core.ApplicationContext.log Manager: list: Listing contexts for virtual host 'localhost'
19-Dec-2018 09:01:00.050 INFO [http-nio-8081-exec-138] org.apache.catalina.core.ApplicationContext.log Manager: list: Listing contexts for virtual host 'localhost'
19-Dec-2018 09:01:33.285 INFO [http-nio-8081-exec-132] org.apache.catalina.core.ApplicationContext.log Manager: list: Listing contexts for virtual host 'localhost'
19-Dec-2018 09:02:38.479 INFO [http-nio-8081-exec-139] org.apache.catalina.core.ApplicationContext.log Manager: list: Listing contexts for virtual host 'localhost'
19-Dec-2018 09:08:06.310 INFO [http-nio-8081-exec-140] org.apache.catalina.core.ApplicationContext.log Manager: list: Listing contexts for virtual host 'localhost'
19-Dec-2018 09:08:38.716 INFO [http-nio-8081-exec-131] org.apache.catalina.core.ApplicationContext.log Manager: list: Listing contexts for virtual host 'localhost'
19-Dec-2018 09:08:45.373 INFO [http-nio-8081-exec-133] org.apache.catalina.core.ApplicationContext.log Manager: list: Listing contexts for virtual host 'localhost'
19-Dec-2018 09:09:02.106 INFO [http-nio-8081-exec-140] org.apache.catalina.core.ApplicationContext.log Manager: list: Listing contexts for virtual host 'localhost'
19-Dec-2018 09:10:57.204 INFO [http-nio-8081-exec-133] org.apache.catalina.core.ApplicationContext.log Manager: list: Listing contexts for virtual host 'localhost'
19-Dec-2018 09:10:57.243 INFO [http-nio-8081-exec-139] org.apache.catalina.core.ApplicationContext.log Manager: restart: Reloading web application '/MuaBanNha'
19-Dec-2018 09:10:58.936 INFO [http-nio-8081-exec-137] org.apache.catalina.core.ApplicationContext.log Manager: list: Listing contexts for virtual host 'localhost'
19-Dec-2018 09:10:58.969 INFO [http-nio-8081-exec-140] org.apache.catalina.core.ApplicationContext.log Manager: restart: Reloading web application '/MuaBanNha'
19-Dec-2018 09:11:20.239 INFO [http-nio-8081-exec-137] org.apache.catalina.core.ApplicationContext.log Manager: list: Listing contexts for virtual host 'localhost'
19-Dec-2018 09:11:20.276 INFO [http-nio-8081-exec-142] org.apache.catalina.core.ApplicationContext.log Manager: restart: Reloading web application '/MuaBanNha'
19-Dec-2018 09:12:50.442 INFO [http-nio-8081-exec-138] org.apache.catalina.core.ApplicationContext.log Manager: list: Listing contexts for virtual host 'localhost'
19-Dec-2018 09:13:35.942 INFO [http-nio-8081-exec-141] org.apache.catalina.core.ApplicationContext.log Manager: list: Listing contexts for virtual host 'localhost'
19-Dec-2018 09:14:23.951 INFO [http-nio-8081-exec-140] org.apache.catalina.core.ApplicationContext.log Manager: list: Listing contexts for virtual host 'localhost'
19-Dec-2018 09:14:43.686 INFO [http-nio-8081-exec-144] org.apache.catalina.core.ApplicationContext.log Manager: list: Listing contexts for virtual host 'localhost'
19-Dec-2018 09:15:07.919 INFO [http-nio-8081-exec-138] org.apache.catalina.core.ApplicationContext.log Manager: list: Listing contexts for virtual host 'localhost'
19-Dec-2018 09:15:29.207 INFO [http-nio-8081-exec-149] org.apache.catalina.core.ApplicationContext.log Manager: list: Listing contexts for virtual host 'localhost'
19-Dec-2018 09:16:56.062 INFO [http-nio-8081-exec-144] org.apache.catalina.core.ApplicationContext.log Manager: list: Listing contexts for virtual host 'localhost'
19-Dec-2018 09:17:01.289 INFO [http-nio-8081-exec-153] org.apache.catalina.core.ApplicationContext.log Manager: list: Listing contexts for virtual host 'localhost'
19-Dec-2018 09:17:18.818 INFO [http-nio-8081-exec-149] org.apache.catalina.core.ApplicationContext.log Manager: list: Listing contexts for virtual host 'localhost'
19-Dec-2018 09:17:38.552 INFO [http-nio-8081-exec-147] org.apache.catalina.core.ApplicationContext.log Manager: list: Listing contexts for virtual host 'localhost'
19-Dec-2018 09:17:41.114 INFO [http-nio-8081-exec-147] org.apache.catalina.core.ApplicationContext.log Manager: list: Listing contexts for virtual host 'localhost'
19-Dec-2018 09:24:40.190 INFO [http-nio-8081-exec-151] org.apache.catalina.core.ApplicationContext.log Manager: list: Listing contexts for virtual host 'localhost'
19-Dec-2018 09:25:54.197 INFO [http-nio-8081-exec-149] org.apache.catalina.core.ApplicationContext.log Manager: list: Listing contexts for virtual host 'localhost'
19-Dec-2018 09:27:01.031 INFO [http-nio-8081-exec-145] org.apache.catalina.core.ApplicationContext.log Manager: list: Listing contexts for virtual host 'localhost'
19-Dec-2018 09:27:01.071 INFO [http-nio-8081-exec-147] org.apache.catalina.core.ApplicationContext.log Manager: restart: Reloading web application '/MuaBanNha'
19-Dec-2018 09:27:10.002 INFO [http-nio-8081-exec-150] org.apache.catalina.core.ApplicationContext.log Manager: list: Listing contexts for virtual host 'localhost'
19-Dec-2018 09:27:10.038 INFO [http-nio-8081-exec-151] org.apache.catalina.core.ApplicationContext.log Manager: restart: Reloading web application '/MuaBanNha'
19-Dec-2018 09:27:29.346 INFO [http-nio-8081-exec-146] org.apache.catalina.core.ApplicationContext.log Manager: list: Listing contexts for virtual host 'localhost'
19-Dec-2018 09:27:29.381 INFO [http-nio-8081-exec-148] org.apache.catalina.core.ApplicationContext.log Manager: restart: Reloading web application '/MuaBanNha'
19-Dec-2018 09:27:38.488 INFO [http-nio-8081-exec-157] org.apache.catalina.core.ApplicationContext.log Manager: list: Listing contexts for virtual host 'localhost'
19-Dec-2018 09:27:38.520 INFO [http-nio-8081-exec-150] org.apache.catalina.core.ApplicationContext.log Manager: restart: Reloading web application '/MuaBanNha'
19-Dec-2018 09:27:42.057 INFO [http-nio-8081-exec-148] org.apache.catalina.core.ApplicationContext.log Manager: list: Listing contexts for virtual host 'localhost'
19-Dec-2018 09:27:42.093 INFO [http-nio-8081-exec-153] org.apache.catalina.core.ApplicationContext.log Manager: restart: Reloading web application '/MuaBanNha'
19-Dec-2018 09:27:49.865 INFO [http-nio-8081-exec-155] org.apache.catalina.core.ApplicationContext.log Manager: list: Listing contexts for virtual host 'localhost'
19-Dec-2018 09:27:50.067 INFO [http-nio-8081-exec-156] org.apache.catalina.core.ApplicationContext.log Manager: restart: Reloading web application '/MuaBanNha'
19-Dec-2018 09:29:53.916 INFO [http-nio-8081-exec-160] org.apache.catalina.core.ApplicationContext.log Manager: list: Listing contexts for virtual host 'localhost'
19-Dec-2018 09:30:09.992 INFO [http-nio-8081-exec-149] org.apache.catalina.core.ApplicationContext.log Manager: list: Listing contexts for virtual host 'localhost'
19-Dec-2018 09:30:17.523 INFO [http-nio-8081-exec-163] org.apache.catalina.core.ApplicationContext.log Manager: list: Listing contexts for virtual host 'localhost'
19-Dec-2018 09:30:27.113 INFO [http-nio-8081-exec-166] org.apache.catalina.core.ApplicationContext.log Manager: list: Listing contexts for virtual host 'localhost'
19-Dec-2018 09:30:32.337 INFO [http-nio-8081-exec-167] org.apache.catalina.core.ApplicationContext.log Manager: list: Listing contexts for virtual host 'localhost'
19-Dec-2018 09:30:39.989 INFO [http-nio-8081-exec-163] org.apache.catalina.core.ApplicationContext.log Manager: list: Listing contexts for virtual host 'localhost'
19-Dec-2018 09:31:15.450 INFO [http-nio-8081-exec-160] org.apache.catalina.core.ApplicationContext.log Manager: list: Listing contexts for virtual host 'localhost'
19-Dec-2018 09:31:37.367 INFO [http-nio-8081-exec-167] org.apache.catalina.core.ApplicationContext.log Manager: list: Listing contexts for virtual host 'localhost'
19-Dec-2018 09:31:40.998 INFO [http-nio-8081-exec-169] org.apache.catalina.core.ApplicationContext.log Manager: list: Listing contexts for virtual host 'localhost'
19-Dec-2018 09:32:24.026 INFO [http-nio-8081-exec-164] org.apache.catalina.core.ApplicationContext.log Manager: list: Listing contexts for virtual host 'localhost'
19-Dec-2018 09:47:17.265 INFO [http-nio-8081-exec-161] org.apache.catalina.core.ApplicationContext.log Manager: list: Listing contexts for virtual host 'localhost'
19-Dec-2018 09:49:51.110 INFO [http-nio-8081-exec-164] org.apache.catalina.core.ApplicationContext.log Manager: list: Listing contexts for virtual host 'localhost'
19-Dec-2018 09:50:07.491 INFO [http-nio-8081-exec-166] org.apache.catalina.core.ApplicationContext.log Manager: list: Listing contexts for virtual host 'localhost'
19-Dec-2018 09:54:21.643 INFO [http-nio-8081-exec-167] org.apache.catalina.core.ApplicationContext.log Manager: list: Listing contexts for virtual host 'localhost'
19-Dec-2018 09:54:29.248 INFO [http-nio-8081-exec-162] org.apache.catalina.core.ApplicationContext.log Manager: list: Listing contexts for virtual host 'localhost'
19-Dec-2018 09:54:47.996 INFO [http-nio-8081-exec-160] org.apache.catalina.core.ApplicationContext.log Manager: list: Listing contexts for virtual host 'localhost'
19-Dec-2018 09:54:56.714 INFO [http-nio-8081-exec-161] org.apache.catalina.core.ApplicationContext.log Manager: list: Listing contexts for virtual host 'localhost'
19-Dec-2018 09:54:58.307 INFO [http-nio-8081-exec-166] org.apache.catalina.core.ApplicationContext.log Manager: list: Listing contexts for virtual host 'localhost'
19-Dec-2018 09:55:00.449 INFO [http-nio-8081-exec-165] org.apache.catalina.core.ApplicationContext.log Manager: list: Listing contexts for virtual host 'localhost'
19-Dec-2018 09:55:08.543 INFO [http-nio-8081-exec-160] org.apache.catalina.core.ApplicationContext.log Manager: list: Listing contexts for virtual host 'localhost'
19-Dec-2018 09:56:16.109 INFO [http-nio-8081-exec-162] org.apache.catalina.core.ApplicationContext.log Manager: list: Listing contexts for virtual host 'localhost'
19-Dec-2018 09:56:39.524 INFO [http-nio-8081-exec-164] org.apache.catalina.core.ApplicationContext.log Manager: list: Listing contexts for virtual host 'localhost'
19-Dec-2018 09:56:48.755 INFO [http-nio-8081-exec-169] org.apache.catalina.core.ApplicationContext.log Manager: list: Listing contexts for virtual host 'localhost'
19-Dec-2018 09:57:05.707 INFO [http-nio-8081-exec-163] org.apache.catalina.core.ApplicationContext.log Manager: list: Listing contexts for virtual host 'localhost'
19-Dec-2018 09:57:25.082 INFO [http-nio-8081-exec-168] org.apache.catalina.core.ApplicationContext.log Manager: list: Listing contexts for virtual host 'localhost'
19-Dec-2018 09:57:43.012 INFO [http-nio-8081-exec-162] org.apache.catalina.core.ApplicationContext.log Manager: list: Listing contexts for virtual host 'localhost'
19-Dec-2018 09:57:54.803 INFO [http-nio-8081-exec-165] org.apache.catalina.core.ApplicationContext.log Manager: list: Listing contexts for virtual host 'localhost'
19-Dec-2018 09:58:45.426 INFO [http-nio-8081-exec-166] org.apache.catalina.core.ApplicationContext.log Manager: list: Listing contexts for virtual host 'localhost'
19-Dec-2018 09:59:23.509 INFO [http-nio-8081-exec-169] org.apache.catalina.core.ApplicationContext.log Manager: list: Listing contexts for virtual host 'localhost'
19-Dec-2018 10:00:03.372 INFO [http-nio-8081-exec-164] org.apache.catalina.core.ApplicationContext.log Manager: list: Listing contexts for virtual host 'localhost'
19-Dec-2018 10:00:13.405 INFO [http-nio-8081-exec-165] org.apache.catalina.core.ApplicationContext.log Manager: list: Listing contexts for virtual host 'localhost'
19-Dec-2018 10:00:52.155 INFO [http-nio-8081-exec-161] org.apache.catalina.core.ApplicationContext.log Manager: list: Listing contexts for virtual host 'localhost'
19-Dec-2018 10:01:01.650 INFO [http-nio-8081-exec-168] org.apache.catalina.core.ApplicationContext.log Manager: list: Listing contexts for virtual host 'localhost'
19-Dec-2018 10:02:18.933 INFO [http-nio-8081-exec-162] org.apache.catalina.core.ApplicationContext.log Manager: list: Listing contexts for virtual host 'localhost'
19-Dec-2018 10:02:22.461 INFO [http-nio-8081-exec-169] org.apache.catalina.core.ApplicationContext.log Manager: list: Listing contexts for virtual host 'localhost'
19-Dec-2018 10:02:58.519 INFO [http-nio-8081-exec-165] org.apache.catalina.core.ApplicationContext.log Manager: list: Listing contexts for virtual host 'localhost'
19-Dec-2018 10:03:01.303 INFO [http-nio-8081-exec-160] org.apache.catalina.core.ApplicationContext.log Manager: list: Listing contexts for virtual host 'localhost'
19-Dec-2018 10:11:34.635 INFO [http-nio-8081-exec-165] org.apache.catalina.core.ApplicationContext.log Manager: list: Listing contexts for virtual host 'localhost'
19-Dec-2018 10:12:02.043 INFO [http-nio-8081-exec-169] org.apache.catalina.core.ApplicationContext.log Manager: list: Listing contexts for virtual host 'localhost'
19-Dec-2018 10:12:47.171 INFO [http-nio-8081-exec-166] org.apache.catalina.core.ApplicationContext.log Manager: list: Listing contexts for virtual host 'localhost'
19-Dec-2018 10:13:00.591 INFO [http-nio-8081-exec-162] org.apache.catalina.core.ApplicationContext.log Manager: list: Listing contexts for virtual host 'localhost'
19-Dec-2018 10:13:14.573 INFO [http-nio-8081-exec-163] org.apache.catalina.core.ApplicationContext.log Manager: list: Listing contexts for virtual host 'localhost'
19-Dec-2018 10:13:56.596 INFO [http-nio-8081-exec-166] org.apache.catalina.core.ApplicationContext.log Manager: list: Listing contexts for virtual host 'localhost'
19-Dec-2018 10:14:11.223 INFO [http-nio-8081-exec-167] org.apache.catalina.core.ApplicationContext.log Manager: list: Listing contexts for virtual host 'localhost'
19-Dec-2018 10:14:20.730 INFO [http-nio-8081-exec-164] org.apache.catalina.core.ApplicationContext.log Manager: list: Listing contexts for virtual host 'localhost'
19-Dec-2018 10:14:29.120 INFO [http-nio-8081-exec-162] org.apache.catalina.core.ApplicationContext.log Manager: list: Listing contexts for virtual host 'localhost'
19-Dec-2018 10:14:40.664 INFO [http-nio-8081-exec-160] org.apache.catalina.core.ApplicationContext.log Manager: list: Listing contexts for virtual host 'localhost'
19-Dec-2018 10:15:39.009 INFO [http-nio-8081-exec-164] org.apache.catalina.core.ApplicationContext.log Manager: list: Listing contexts for virtual host 'localhost'
19-Dec-2018 10:15:39.042 INFO [http-nio-8081-exec-161] org.apache.catalina.core.ApplicationContext.log Manager: restart: Reloading web application '/MuaBanNha'
19-Dec-2018 10:17:09.319 INFO [http-nio-8081-exec-171] org.apache.catalina.core.ApplicationContext.log Manager: list: Listing contexts for virtual host 'localhost'
19-Dec-2018 10:17:09.365 INFO [http-nio-8081-exec-173] org.apache.catalina.core.ApplicationContext.log Manager: restart: Reloading web application '/MuaBanNha'
19-Dec-2018 10:17:37.381 INFO [http-nio-8081-exec-178] org.apache.catalina.core.ApplicationContext.log Manager: list: Listing contexts for virtual host 'localhost'
19-Dec-2018 10:17:37.448 INFO [http-nio-8081-exec-170] org.apache.catalina.core.ApplicationContext.log Manager: restart: Reloading web application '/MuaBanNha'
19-Dec-2018 10:17:49.567 INFO [http-nio-8081-exec-172] org.apache.catalina.core.ApplicationContext.log Manager: list: Listing contexts for virtual host 'localhost'
19-Dec-2018 10:17:49.678 INFO [http-nio-8081-exec-178] org.apache.catalina.core.ApplicationContext.log Manager: restart: Reloading web application '/MuaBanNha'
19-Dec-2018 10:19:02.456 INFO [http-nio-8081-exec-183] org.apache.catalina.core.ApplicationContext.log Manager: list: Listing contexts for virtual host 'localhost'
19-Dec-2018 10:19:02.501 INFO [http-nio-8081-exec-187] org.apache.catalina.core.ApplicationContext.log Manager: restart: Reloading web application '/MuaBanNha'
19-Dec-2018 10:19:27.787 INFO [http-nio-8081-exec-191] org.apache.catalina.core.ApplicationContext.log Manager: list: Listing contexts for virtual host 'localhost'
19-Dec-2018 10:19:27.813 INFO [http-nio-8081-exec-188] org.apache.catalina.core.ApplicationContext.log Manager: restart: Reloading web application '/MuaBanNha'
19-Dec-2018 10:19:55.413 INFO [http-nio-8081-exec-190] org.apache.catalina.core.ApplicationContext.log Manager: list: Listing contexts for virtual host 'localhost'
19-Dec-2018 10:19:55.452 INFO [http-nio-8081-exec-193] org.apache.catalina.core.ApplicationContext.log Manager: restart: Reloading web application '/MuaBanNha'
19-Dec-2018 10:20:26.688 INFO [http-nio-8081-exec-195] org.apache.catalina.core.ApplicationContext.log Manager: list: Listing contexts for virtual host 'localhost'
19-Dec-2018 10:20:26.731 INFO [http-nio-8081-exec-184] org.apache.catalina.core.ApplicationContext.log Manager: restart: Reloading web application '/MuaBanNha'
19-Dec-2018 10:20:39.499 INFO [http-nio-8081-exec-182] org.apache.catalina.core.ApplicationContext.log Manager: list: Listing contexts for virtual host 'localhost'
19-Dec-2018 10:20:39.533 INFO [http-nio-8081-exec-189] org.apache.catalina.core.ApplicationContext.log Manager: restart: Reloading web application '/MuaBanNha'
19-Dec-2018 10:21:02.586 INFO [http-nio-8081-exec-192] org.apache.catalina.core.ApplicationContext.log Manager: list: Listing contexts for virtual host 'localhost'
19-Dec-2018 10:21:02.612 INFO [http-nio-8081-exec-194] org.apache.catalina.core.ApplicationContext.log Manager: restart: Reloading web application '/MuaBanNha'
19-Dec-2018 10:21:38.777 INFO [http-nio-8081-exec-192] org.apache.catalina.core.ApplicationContext.log Manager: list: Listing contexts for virtual host 'localhost'
19-Dec-2018 10:21:38.812 INFO [http-nio-8081-exec-195] org.apache.catalina.core.ApplicationContext.log Manager: restart: Reloading web application '/MuaBanNha'
19-Dec-2018 10:22:43.632 INFO [http-nio-8081-exec-200] org.apache.catalina.core.ApplicationContext.log Manager: list: Listing contexts for virtual host 'localhost'
19-Dec-2018 10:22:43.668 INFO [http-nio-8081-exec-184] org.apache.catalina.core.ApplicationContext.log Manager: restart: Reloading web application '/MuaBanNha'
19-Dec-2018 10:23:03.063 INFO [http-nio-8081-exec-203] org.apache.catalina.core.ApplicationContext.log Manager: list: Listing contexts for virtual host 'localhost'
19-Dec-2018 10:23:03.101 INFO [http-nio-8081-exec-202] org.apache.catalina.core.ApplicationContext.log Manager: restart: Reloading web application '/MuaBanNha'
19-Dec-2018 10:23:08.157 INFO [http-nio-8081-exec-201] org.apache.catalina.core.ApplicationContext.log Manager: list: Listing contexts for virtual host 'localhost'
19-Dec-2018 10:23:08.207 INFO [http-nio-8081-exec-194] org.apache.catalina.core.ApplicationContext.log Manager: restart: Reloading web application '/MuaBanNha'
19-Dec-2018 10:26:05.412 INFO [http-nio-8081-exec-212] org.apache.catalina.core.ApplicationContext.log Manager: list: Listing contexts for virtual host 'localhost'
19-Dec-2018 10:26:05.438 INFO [http-nio-8081-exec-214] org.apache.catalina.core.ApplicationContext.log Manager: restart: Reloading web application '/MuaBanNha'
19-Dec-2018 10:26:17.021 INFO [http-nio-8081-exec-206] org.apache.catalina.core.ApplicationContext.log Manager: list: Listing contexts for virtual host 'localhost'
19-Dec-2018 10:26:17.053 INFO [http-nio-8081-exec-210] org.apache.catalina.core.ApplicationContext.log Manager: restart: Reloading web application '/MuaBanNha'
19-Dec-2018 10:26:21.829 INFO [http-nio-8081-exec-208] org.apache.catalina.core.ApplicationContext.log Manager: list: Listing contexts for virtual host 'localhost'
19-Dec-2018 10:26:21.889 INFO [http-nio-8081-exec-215] org.apache.catalina.core.ApplicationContext.log Manager: restart: Reloading web application '/MuaBanNha'
19-Dec-2018 10:26:25.570 INFO [http-nio-8081-exec-213] org.apache.catalina.core.ApplicationContext.log Manager: list: Listing contexts for virtual host 'localhost'
19-Dec-2018 10:26:25.748 INFO [http-nio-8081-exec-208] org.apache.catalina.core.ApplicationContext.log Manager: restart: Reloading web application '/MuaBanNha'
19-Dec-2018 10:27:05.749 INFO [http-nio-8081-exec-215] org.apache.catalina.core.ApplicationContext.log Manager: list: Listing contexts for virtual host 'localhost'
19-Dec-2018 10:27:05.784 INFO [http-nio-8081-exec-209] org.apache.catalina.core.ApplicationContext.log Manager: restart: Reloading web application '/MuaBanNha'
19-Dec-2018 10:27:08.720 INFO [http-nio-8081-exec-211] org.apache.catalina.core.ApplicationContext.log Manager: list: Listing contexts for virtual host 'localhost'
19-Dec-2018 10:27:08.756 INFO [http-nio-8081-exec-215] org.apache.catalina.core.ApplicationContext.log Manager: restart: Reloading web application '/MuaBanNha'
19-Dec-2018 10:27:38.277 INFO [http-nio-8081-exec-219] org.apache.catalina.core.ApplicationContext.log Manager: list: Listing contexts for virtual host 'localhost'
19-Dec-2018 10:27:38.311 INFO [http-nio-8081-exec-209] org.apache.catalina.core.ApplicationContext.log Manager: restart: Reloading web application '/MuaBanNha'
19-Dec-2018 10:27:56.272 INFO [http-nio-8081-exec-219] org.apache.catalina.core.ApplicationContext.log Manager: list: Listing contexts for virtual host 'localhost'
19-Dec-2018 10:27:56.306 INFO [http-nio-8081-exec-215] org.apache.catalina.core.ApplicationContext.log Manager: restart: Reloading web application '/MuaBanNha'
19-Dec-2018 10:29:12.980 INFO [http-nio-8081-exec-221] org.apache.catalina.core.ApplicationContext.log Manager: list: Listing contexts for virtual host 'localhost'
19-Dec-2018 10:29:13.022 INFO [http-nio-8081-exec-206] org.apache.catalina.core.ApplicationContext.log Manager: restart: Reloading web application '/MuaBanNha'
19-Dec-2018 10:30:21.595 INFO [http-nio-8081-exec-224] org.apache.catalina.core.ApplicationContext.log Manager: list: Listing contexts for virtual host 'localhost'
19-Dec-2018 10:30:21.637 INFO [http-nio-8081-exec-209] org.apache.catalina.core.ApplicationContext.log Manager: restart: Reloading web application '/MuaBanNha'
19-Dec-2018 10:30:44.122 INFO [http-nio-8081-exec-213] org.apache.catalina.core.ApplicationContext.log Manager: list: Listing contexts for virtual host 'localhost'
19-Dec-2018 10:30:44.159 INFO [http-nio-8081-exec-226] org.apache.catalina.core.ApplicationContext.log Manager: restart: Reloading web application '/MuaBanNha'
19-Dec-2018 10:31:25.144 INFO [http-nio-8081-exec-229] org.apache.catalina.core.ApplicationContext.log Manager: list: Listing contexts for virtual host 'localhost'
19-Dec-2018 10:31:25.201 INFO [http-nio-8081-exec-213] org.apache.catalina.core.ApplicationContext.log Manager: restart: Reloading web application '/MuaBanNha'
19-Dec-2018 10:31:25.699 INFO [http-nio-8081-exec-223] org.apache.catalina.core.ApplicationContext.log Manager: list: Listing contexts for virtual host 'localhost'
19-Dec-2018 10:31:25.720 INFO [http-nio-8081-exec-206] org.apache.catalina.core.ApplicationContext.log Manager: restart: Reloading web application '/MuaBanNha'
19-Dec-2018 10:31:36.218 INFO [http-nio-8081-exec-231] org.apache.catalina.core.ApplicationContext.log Manager: list: Listing contexts for virtual host 'localhost'
19-Dec-2018 10:31:36.255 INFO [http-nio-8081-exec-226] org.apache.catalina.core.ApplicationContext.log Manager: restart: Reloading web application '/MuaBanNha'
19-Dec-2018 10:31:36.782 INFO [http-nio-8081-exec-231] org.apache.catalina.core.ApplicationContext.log Manager: list: Listing contexts for virtual host 'localhost'
19-Dec-2018 10:31:36.803 INFO [http-nio-8081-exec-229] org.apache.catalina.core.ApplicationContext.log Manager: restart: Reloading web application '/MuaBanNha'
19-Dec-2018 10:31:40.557 INFO [http-nio-8081-exec-230] org.apache.catalina.core.ApplicationContext.log Manager: list: Listing contexts for virtual host 'localhost'
19-Dec-2018 10:31:40.595 INFO [http-nio-8081-exec-223] org.apache.catalina.core.ApplicationContext.log Manager: restart: Reloading web application '/MuaBanNha'
19-Dec-2018 10:32:06.741 INFO [http-nio-8081-exec-219] org.apache.catalina.core.ApplicationContext.log Manager: list: Listing contexts for virtual host 'localhost'
19-Dec-2018 10:32:06.770 INFO [http-nio-8081-exec-230] org.apache.catalina.core.ApplicationContext.log Manager: restart: Reloading web application '/MuaBanNha'
19-Dec-2018 10:33:08.238 INFO [http-nio-8081-exec-225] org.apache.catalina.core.ApplicationContext.log Manager: list: Listing contexts for virtual host 'localhost'
19-Dec-2018 10:33:08.276 INFO [http-nio-8081-exec-219] org.apache.catalina.core.ApplicationContext.log Manager: restart: Reloading web application '/MuaBanNha'
19-Dec-2018 10:33:08.859 INFO [http-nio-8081-exec-233] org.apache.catalina.core.ApplicationContext.log Manager: list: Listing contexts for virtual host 'localhost'
19-Dec-2018 10:33:08.892 INFO [http-nio-8081-exec-223] org.apache.catalina.core.ApplicationContext.log Manager: restart: Reloading web application '/MuaBanNha'
19-Dec-2018 10:33:16.921 INFO [http-nio-8081-exec-235] org.apache.catalina.core.ApplicationContext.log Manager: list: Listing contexts for virtual host 'localhost'
19-Dec-2018 10:33:16.948 INFO [http-nio-8081-exec-236] org.apache.catalina.core.ApplicationContext.log Manager: restart: Reloading web application '/MuaBanNha'
19-Dec-2018 10:33:17.321 INFO [http-nio-8081-exec-238] org.apache.catalina.core.ApplicationContext.log Manager: list: Listing contexts for virtual host 'localhost'
19-Dec-2018 10:33:17.372 INFO [http-nio-8081-exec-235] org.apache.catalina.core.ApplicationContext.log Manager: restart: Reloading web application '/MuaBanNha'
19-Dec-2018 10:33:24.050 INFO [http-nio-8081-exec-237] org.apache.catalina.core.ApplicationContext.log Manager: list: Listing contexts for virtual host 'localhost'
19-Dec-2018 10:33:24.105 INFO [http-nio-8081-exec-225] org.apache.catalina.core.ApplicationContext.log Manager: restart: Reloading web application '/MuaBanNha'
19-Dec-2018 10:33:24.568 INFO [http-nio-8081-exec-239] org.apache.catalina.core.ApplicationContext.log Manager: list: Listing contexts for virtual host 'localhost'
19-Dec-2018 10:33:24.594 INFO [http-nio-8081-exec-235] org.apache.catalina.core.ApplicationContext.log Manager: restart: Reloading web application '/MuaBanNha'
19-Dec-2018 10:34:39.364 INFO [http-nio-8081-exec-237] org.apache.catalina.core.ApplicationContext.log Manager: list: Listing contexts for virtual host 'localhost'
19-Dec-2018 10:34:39.403 INFO [http-nio-8081-exec-225] org.apache.catalina.core.ApplicationContext.log Manager: restart: Reloading web application '/MuaBanNha'
19-Dec-2018 10:34:42.061 INFO [http-nio-8081-exec-236] org.apache.catalina.core.ApplicationContext.log Manager: list: Listing contexts for virtual host 'localhost'
19-Dec-2018 10:34:42.114 INFO [http-nio-8081-exec-240] org.apache.catalina.core.ApplicationContext.log Manager: restart: Reloading web application '/MuaBanNha'
19-Dec-2018 10:35:01.064 INFO [http-nio-8081-exec-241] org.apache.catalina.core.ApplicationContext.log Manager: list: Listing contexts for virtual host 'localhost'
19-Dec-2018 10:35:01.100 INFO [http-nio-8081-exec-238] org.apache.catalina.core.ApplicationContext.log Manager: restart: Reloading web application '/MuaBanNha'
19-Dec-2018 10:35:13.758 INFO [http-nio-8081-exec-245] org.apache.catalina.core.ApplicationContext.log Manager: list: Listing contexts for virtual host 'localhost'
19-Dec-2018 10:35:13.786 INFO [http-nio-8081-exec-243] org.apache.catalina.core.ApplicationContext.log Manager: restart: Reloading web application '/MuaBanNha'
19-Dec-2018 10:35:51.690 INFO [http-nio-8081-exec-238] org.apache.catalina.core.ApplicationContext.log Manager: list: Listing contexts for virtual host 'localhost'
19-Dec-2018 10:35:51.849 INFO [http-nio-8081-exec-241] org.apache.catalina.core.ApplicationContext.log Manager: restart: Reloading web application '/MuaBanNha'
19-Dec-2018 10:35:52.778 INFO [http-nio-8081-exec-236] org.apache.catalina.core.ApplicationContext.log Manager: list: Listing contexts for virtual host 'localhost'
19-Dec-2018 10:35:52.824 INFO [http-nio-8081-exec-238] org.apache.catalina.core.ApplicationContext.log Manager: restart: Reloading web application '/MuaBanNha'
19-Dec-2018 10:35:56.072 INFO [http-nio-8081-exec-242] org.apache.catalina.core.ApplicationContext.log Manager: list: Listing contexts for virtual host 'localhost'
19-Dec-2018 10:35:56.154 INFO [http-nio-8081-exec-248] org.apache.catalina.core.ApplicationContext.log Manager: restart: Reloading web application '/MuaBanNha'
19-Dec-2018 10:35:58.043 INFO [http-nio-8081-exec-238] org.apache.catalina.core.ApplicationContext.log Manager: list: Listing contexts for virtual host 'localhost'
19-Dec-2018 10:35:58.073 INFO [http-nio-8081-exec-244] org.apache.catalina.core.ApplicationContext.log Manager: restart: Reloading web application '/MuaBanNha'
19-Dec-2018 10:36:30.243 INFO [http-nio-8081-exec-247] org.apache.catalina.core.ApplicationContext.log Manager: list: Listing contexts for virtual host 'localhost'
19-Dec-2018 10:36:30.272 INFO [http-nio-8081-exec-237] org.apache.catalina.core.ApplicationContext.log Manager: restart: Reloading web application '/MuaBanNha'
19-Dec-2018 10:36:37.569 INFO [http-nio-8081-exec-244] org.apache.catalina.core.ApplicationContext.log Manager: list: Listing contexts for virtual host 'localhost'
19-Dec-2018 10:36:37.599 INFO [http-nio-8081-exec-248] org.apache.catalina.core.ApplicationContext.log Manager: restart: Reloading web application '/MuaBanNha'
19-Dec-2018 10:36:57.643 INFO [http-nio-8081-exec-247] org.apache.catalina.core.ApplicationContext.log Manager: list: Listing contexts for virtual host 'localhost'
19-Dec-2018 10:36:57.675 INFO [http-nio-8081-exec-237] org.apache.catalina.core.ApplicationContext.log Manager: restart: Reloading web application '/MuaBanNha'
19-Dec-2018 10:48:56.020 INFO [http-nio-8081-exec-261] org.apache.catalina.core.ApplicationContext.log Manager: list: Listing contexts for virtual host 'localhost'
19-Dec-2018 10:48:56.065 INFO [http-nio-8081-exec-257] org.apache.catalina.core.ApplicationContext.log Manager: restart: Reloading web application '/MuaBanNha'
19-Dec-2018 10:49:26.941 INFO [http-nio-8081-exec-267] org.apache.catalina.core.ApplicationContext.log Manager: list: Listing contexts for virtual host 'localhost'
19-Dec-2018 10:49:26.972 INFO [http-nio-8081-exec-254] org.apache.catalina.core.ApplicationContext.log Manager: restart: Reloading web application '/MuaBanNha'
19-Dec-2018 10:49:29.700 INFO [http-nio-8081-exec-267] org.apache.catalina.core.ApplicationContext.log Manager: list: Listing contexts for virtual host 'localhost'
19-Dec-2018 10:49:29.747 INFO [http-nio-8081-exec-262] org.apache.catalina.core.ApplicationContext.log Manager: restart: Reloading web application '/MuaBanNha'
19-Dec-2018 14:25:16.694 INFO [http-nio-8081-exec-276] org.apache.catalina.core.ApplicationContext.log Manager: list: Listing contexts for virtual host 'localhost'
19-Dec-2018 14:25:19.493 INFO [http-nio-8081-exec-270] org.apache.catalina.core.ApplicationContext.log Manager: list: Listing contexts for virtual host 'localhost'
19-Dec-2018 14:25:26.077 INFO [http-nio-8081-exec-271] org.apache.catalina.core.ApplicationContext.log Manager: list: Listing contexts for virtual host 'localhost'
19-Dec-2018 14:28:43.103 INFO [http-nio-8081-exec-276] org.apache.catalina.core.ApplicationContext.log Manager: list: Listing contexts for virtual host 'localhost'
19-Dec-2018 14:28:43.183 INFO [http-nio-8081-exec-278] org.apache.catalina.core.ApplicationContext.log Manager: restart: Reloading web application '/MuaBanNha'
19-Dec-2018 14:35:55.586 INFO [http-nio-8081-exec-287] org.apache.catalina.core.ApplicationContext.log Manager: list: Listing contexts for virtual host 'localhost'
19-Dec-2018 14:50:19.871 INFO [http-nio-8081-exec-283] org.apache.catalina.core.ApplicationContext.log Manager: list: Listing contexts for virtual host 'localhost'
19-Dec-2018 14:50:19.915 INFO [http-nio-8081-exec-282] org.apache.catalina.core.ApplicationContext.log Manager: restart: Reloading web application '/MuaBanNha'
19-Dec-2018 14:50:50.500 INFO [http-nio-8081-exec-281] org.apache.catalina.core.ApplicationContext.log Manager: list: Listing contexts for virtual host 'localhost'
19-Dec-2018 14:50:51.568 INFO [http-nio-8081-exec-286] org.apache.catalina.core.ApplicationContext.log Manager: list: Listing contexts for virtual host 'localhost'
19-Dec-2018 14:51:01.130 INFO [http-nio-8081-exec-280] org.apache.catalina.core.ApplicationContext.log Manager: list: Listing contexts for virtual host 'localhost'
19-Dec-2018 14:51:01.422 INFO [http-nio-8081-exec-292] org.apache.catalina.core.ApplicationContext.log Manager: list: Listing contexts for virtual host 'localhost'
19-Dec-2018 14:51:40.487 INFO [http-nio-8081-exec-290] org.apache.catalina.core.ApplicationContext.log Manager: list: Listing contexts for virtual host 'localhost'
19-Dec-2018 14:52:47.088 INFO [http-nio-8081-exec-296] org.apache.catalina.core.ApplicationContext.log Manager: list: Listing contexts for virtual host 'localhost'
19-Dec-2018 20:57:04.882 INFO [http-nio-8081-exec-21] org.apache.catalina.core.ApplicationContext.log Manager: init: Associated with Deployer 'Catalina:type=Deployer,host=localhost'
19-Dec-2018 20:57:04.883 INFO [http-nio-8081-exec-21] org.apache.catalina.core.ApplicationContext.log Manager: init: Global resources are available
19-Dec-2018 20:57:10.181 INFO [http-nio-8081-exec-36] org.apache.catalina.core.ApplicationContext.log Manager: list: Listing contexts for virtual host 'localhost'
19-Dec-2018 20:57:10.205 INFO [http-nio-8081-exec-15] org.apache.catalina.core.ApplicationContext.log Manager: list: Listing contexts for virtual host 'localhost'
19-Dec-2018 20:57:10.575 INFO [http-nio-8081-exec-37] org.apache.catalina.core.ApplicationContext.log Manager: undeploy: Undeploying web application at '/MuaBanNha'
19-Dec-2018 20:57:11.536 INFO [http-nio-8081-exec-1] org.apache.catalina.core.ApplicationContext.log Manager: install: Installing context configuration at 'file:/C:/Users/ADMINI~1/AppData/Local/Temp/context3180992637893512287.xml'
19-Dec-2018 21:36:08.659 INFO [http-nio-8081-exec-34] org.apache.catalina.core.ApplicationContext.log Manager: init: Associated with Deployer 'Catalina:type=Deployer,host=localhost'
19-Dec-2018 21:36:08.659 INFO [http-nio-8081-exec-34] org.apache.catalina.core.ApplicationContext.log Manager: init: Global resources are available
19-Dec-2018 21:36:14.085 INFO [http-nio-8081-exec-33] org.apache.catalina.core.ApplicationContext.log Manager: list: Listing contexts for virtual host 'localhost'
19-Dec-2018 21:36:14.105 INFO [http-nio-8081-exec-20] org.apache.catalina.core.ApplicationContext.log Manager: list: Listing contexts for virtual host 'localhost'
19-Dec-2018 21:45:22.101 INFO [http-nio-8081-exec-20] org.apache.catalina.core.ApplicationContext.log Manager: list: Listing contexts for virtual host 'localhost'
19-Dec-2018 21:45:22.108 INFO [http-nio-8081-exec-34] org.apache.catalina.core.ApplicationContext.log Manager: list: Listing contexts for virtual host 'localhost'
19-Dec-2018 21:52:49.036 INFO [http-nio-8081-exec-26] org.apache.catalina.core.ApplicationContext.log Manager: list: Listing contexts for virtual host 'localhost'
19-Dec-2018 21:52:49.495 INFO [http-nio-8081-exec-2] org.apache.catalina.core.ApplicationContext.log Manager: restart: Reloading web application '/MuaBanNha'
19-Dec-2018 21:53:01.985 INFO [http-nio-8081-exec-43] org.apache.catalina.core.ApplicationContext.log Manager: list: Listing contexts for virtual host 'localhost'
19-Dec-2018 21:53:02.115 INFO [http-nio-8081-exec-34] org.apache.catalina.core.ApplicationContext.log Manager: restart: Reloading web application '/MuaBanNha'
19-Dec-2018 21:53:04.149 INFO [http-nio-8081-exec-42] org.apache.catalina.core.ApplicationContext.log Manager: list: Listing contexts for virtual host 'localhost'
19-Dec-2018 21:53:36.205 INFO [http-nio-8081-exec-43] org.apache.catalina.core.ApplicationContext.log Manager: list: Listing contexts for virtual host 'localhost'
19-Dec-2018 21:53:36.315 INFO [http-nio-8081-exec-20] org.apache.catalina.core.ApplicationContext.log Manager: restart: Reloading web application '/MuaBanNha'
19-Dec-2018 21:53:38.608 INFO [http-nio-8081-exec-24] org.apache.catalina.core.ApplicationContext.log Manager: list: Listing contexts for virtual host 'localhost'
19-Dec-2018 21:53:38.815 INFO [http-nio-8081-exec-44] org.apache.catalina.core.ApplicationContext.log Manager: restart: Reloading web application '/MuaBanNha'
19-Dec-2018 21:53:57.200 INFO [http-nio-8081-exec-42] org.apache.catalina.core.ApplicationContext.log Manager: list: Listing contexts for virtual host 'localhost'
19-Dec-2018 21:53:57.291 INFO [http-nio-8081-exec-31] org.apache.catalina.core.ApplicationContext.log Manager: restart: Reloading web application '/MuaBanNha'
19-Dec-2018 21:54:03.235 INFO [http-nio-8081-exec-43] org.apache.catalina.core.ApplicationContext.log Manager: list: Listing contexts for virtual host 'localhost'
19-Dec-2018 21:54:03.346 INFO [http-nio-8081-exec-47] org.apache.catalina.core.ApplicationContext.log Manager: restart: Reloading web application '/MuaBanNha'
19-Dec-2018 21:54:15.801 INFO [http-nio-8081-exec-5] org.apache.catalina.core.ApplicationContext.log Manager: list: Listing contexts for virtual host 'localhost'
19-Dec-2018 21:54:15.901 INFO [http-nio-8081-exec-49] org.apache.catalina.core.ApplicationContext.log Manager: restart: Reloading web application '/MuaBanNha'
19-Dec-2018 21:55:05.741 INFO [http-nio-8081-exec-54] org.apache.catalina.core.ApplicationContext.log Manager: list: Listing contexts for virtual host 'localhost'
19-Dec-2018 21:55:05.873 INFO [http-nio-8081-exec-52] org.apache.catalina.core.ApplicationContext.log Manager: restart: Reloading web application '/MuaBanNha'
19-Dec-2018 22:01:25.550 INFO [http-nio-8081-exec-56] org.apache.catalina.core.ApplicationContext.log Manager: list: Listing contexts for virtual host 'localhost'
19-Dec-2018 22:01:25.675 INFO [http-nio-8081-exec-57] org.apache.catalina.core.ApplicationContext.log Manager: restart: Reloading web application '/MuaBanNha'
19-Dec-2018 22:01:33.635 INFO [http-nio-8081-exec-61] org.apache.catalina.core.ApplicationContext.log Manager: list: Listing contexts for virtual host 'localhost'
19-Dec-2018 22:01:33.858 INFO [http-nio-8081-exec-63] org.apache.catalina.core.ApplicationContext.log Manager: restart: Reloading web application '/MuaBanNha'
19-Dec-2018 22:07:26.757 INFO [http-nio-8081-exec-68] org.apache.catalina.core.ApplicationContext.log Manager: list: Listing contexts for virtual host 'localhost'
19-Dec-2018 22:07:26.923 INFO [http-nio-8081-exec-69] org.apache.catalina.core.ApplicationContext.log Manager: restart: Reloading web application '/MuaBanNha'
19-Dec-2018 22:07:30.130 INFO [http-nio-8081-exec-68] org.apache.catalina.core.ApplicationContext.log Manager: list: Listing contexts for virtual host 'localhost'
19-Dec-2018 22:07:30.250 INFO [http-nio-8081-exec-75] org.apache.catalina.core.ApplicationContext.log Manager: restart: Reloading web application '/MuaBanNha'
19-Dec-2018 22:08:12.269 INFO [http-nio-8081-exec-76] org.apache.catalina.core.ApplicationContext.log Manager: list: Listing contexts for virtual host 'localhost'
19-Dec-2018 22:08:12.357 INFO [http-nio-8081-exec-68] org.apache.catalina.core.ApplicationContext.log Manager: restart: Reloading web application '/MuaBanNha'
19-Dec-2018 22:09:04.626 INFO [http-nio-8081-exec-74] org.apache.catalina.core.ApplicationContext.log Manager: list: Listing contexts for virtual host 'localhost'
19-Dec-2018 22:09:04.708 INFO [http-nio-8081-exec-79] org.apache.catalina.core.ApplicationContext.log Manager: restart: Reloading web application '/MuaBanNha'
19-Dec-2018 22:09:09.851 INFO [http-nio-8081-exec-70] org.apache.catalina.core.ApplicationContext.log Manager: list: Listing contexts for virtual host 'localhost'
19-Dec-2018 22:09:09.931 INFO [http-nio-8081-exec-76] org.apache.catalina.core.ApplicationContext.log Manager: restart: Reloading web application '/MuaBanNha'
19-Dec-2018 22:10:29.981 INFO [http-nio-8081-exec-87] org.apache.catalina.core.ApplicationContext.log Manager: list: Listing contexts for virtual host 'localhost'
19-Dec-2018 22:10:30.144 INFO [http-nio-8081-exec-82] org.apache.catalina.core.ApplicationContext.log Manager: restart: Reloading web application '/MuaBanNha'
19-Dec-2018 22:12:45.666 INFO [http-nio-8081-exec-90] org.apache.catalina.core.ApplicationContext.log Manager: list: Listing contexts for virtual host 'localhost'
19-Dec-2018 22:12:45.782 INFO [http-nio-8081-exec-93] org.apache.catalina.core.ApplicationContext.log Manager: restart: Reloading web application '/MuaBanNha'
19-Dec-2018 22:17:32.771 INFO [http-nio-8081-exec-95] org.apache.catalina.core.ApplicationContext.log Manager: list: Listing contexts for virtual host 'localhost'
19-Dec-2018 22:17:32.854 INFO [http-nio-8081-exec-96] org.apache.catalina.core.ApplicationContext.log Manager: restart: Reloading web application '/MuaBanNha'
