21-Dec-2018 07:06:17.971 INFO [http-nio-8081-exec-793] org.apache.catalina.core.ApplicationContext.log Manager: list: Listing contexts for virtual host 'localhost'
21-Dec-2018 07:09:06.825 INFO [http-nio-8081-exec-800] org.apache.catalina.core.ApplicationContext.log Manager: list: Listing contexts for virtual host 'localhost'
21-Dec-2018 07:13:21.892 INFO [http-nio-8081-exec-800] org.apache.catalina.core.ApplicationContext.log Manager: list: Listing contexts for virtual host 'localhost'
21-Dec-2018 07:13:40.765 INFO [http-nio-8081-exec-797] org.apache.catalina.core.ApplicationContext.log Manager: list: Listing contexts for virtual host 'localhost'
21-Dec-2018 07:13:49.914 INFO [http-nio-8081-exec-794] org.apache.catalina.core.ApplicationContext.log Manager: list: Listing contexts for virtual host 'localhost'
21-Dec-2018 07:14:33.953 INFO [http-nio-8081-exec-794] org.apache.catalina.core.ApplicationContext.log Manager: list: Listing contexts for virtual host 'localhost'
21-Dec-2018 07:14:33.957 INFO [http-nio-8081-exec-798] org.apache.catalina.core.ApplicationContext.log Manager: list: Listing contexts for virtual host 'localhost'
21-Dec-2018 07:14:35.172 INFO [http-nio-8081-exec-802] org.apache.catalina.core.ApplicationContext.log Manager: restart: Reloading web application '/MuaBanNha'
21-Dec-2018 07:15:51.257 INFO [http-nio-8081-exec-809] org.apache.catalina.core.ApplicationContext.log Manager: list: Listing contexts for virtual host 'localhost'
21-Dec-2018 07:16:00.588 INFO [http-nio-8081-exec-810] org.apache.catalina.core.ApplicationContext.log Manager: list: Listing contexts for virtual host 'localhost'
21-Dec-2018 07:16:03.100 INFO [http-nio-8081-exec-804] org.apache.catalina.core.ApplicationContext.log Manager: list: Listing contexts for virtual host 'localhost'
21-Dec-2018 07:16:13.767 INFO [http-nio-8081-exec-803] org.apache.catalina.core.ApplicationContext.log Manager: list: Listing contexts for virtual host 'localhost'
21-Dec-2018 07:21:38.619 INFO [http-nio-8081-exec-805] org.apache.catalina.core.ApplicationContext.log Manager: list: Listing contexts for virtual host 'localhost'
21-Dec-2018 07:24:46.866 INFO [http-nio-8081-exec-806] org.apache.catalina.core.ApplicationContext.log Manager: list: Listing contexts for virtual host 'localhost'
21-Dec-2018 07:24:49.111 INFO [http-nio-8081-exec-810] org.apache.catalina.core.ApplicationContext.log Manager: list: Listing contexts for virtual host 'localhost'
21-Dec-2018 07:26:13.272 INFO [http-nio-8081-exec-805] org.apache.catalina.core.ApplicationContext.log Manager: list: Listing contexts for virtual host 'localhost'
21-Dec-2018 07:38:54.678 INFO [http-nio-8081-exec-811] org.apache.catalina.core.ApplicationContext.log Manager: list: Listing contexts for virtual host 'localhost'
21-Dec-2018 07:39:20.446 INFO [http-nio-8081-exec-805] org.apache.catalina.core.ApplicationContext.log Manager: list: Listing contexts for virtual host 'localhost'
21-Dec-2018 07:39:36.686 INFO [http-nio-8081-exec-806] org.apache.catalina.core.ApplicationContext.log Manager: list: Listing contexts for virtual host 'localhost'
21-Dec-2018 07:39:36.693 INFO [http-nio-8081-exec-803] org.apache.catalina.core.ApplicationContext.log Manager: list: Listing contexts for virtual host 'localhost'
21-Dec-2018 10:26:19.183 INFO [http-nio-8081-exec-809] org.apache.catalina.core.ApplicationContext.log Manager: list: Listing contexts for virtual host 'localhost'
21-Dec-2018 10:26:19.613 INFO [http-nio-8081-exec-812] org.apache.catalina.core.ApplicationContext.log Manager: restart: Reloading web application '/MuaBanNha'
21-Dec-2018 10:26:30.491 INFO [http-nio-8081-exec-803] org.apache.catalina.core.ApplicationContext.log Manager: list: Listing contexts for virtual host 'localhost'
21-Dec-2018 10:26:30.611 INFO [http-nio-8081-exec-805] org.apache.catalina.core.ApplicationContext.log Manager: restart: Reloading web application '/MuaBanNha'
21-Dec-2018 10:26:32.206 INFO [http-nio-8081-exec-809] org.apache.catalina.core.ApplicationContext.log Manager: list: Listing contexts for virtual host 'localhost'
21-Dec-2018 10:26:54.819 INFO [http-nio-8081-exec-806] org.apache.catalina.core.ApplicationContext.log Manager: list: Listing contexts for virtual host 'localhost'
21-Dec-2018 10:27:33.088 INFO [http-nio-8081-exec-808] org.apache.catalina.core.ApplicationContext.log Manager: list: Listing contexts for virtual host 'localhost'
21-Dec-2018 10:40:58.715 INFO [http-nio-8081-exec-819] org.apache.catalina.core.ApplicationContext.log Manager: list: Listing contexts for virtual host 'localhost'
21-Dec-2018 10:40:58.945 INFO [http-nio-8081-exec-817] org.apache.catalina.core.ApplicationContext.log Manager: restart: Reloading web application '/MuaBanNha'
21-Dec-2018 10:41:06.757 INFO [http-nio-8081-exec-822] org.apache.catalina.core.ApplicationContext.log Manager: list: Listing contexts for virtual host 'localhost'
21-Dec-2018 10:41:06.925 INFO [http-nio-8081-exec-820] org.apache.catalina.core.ApplicationContext.log Manager: restart: Reloading web application '/MuaBanNha'
21-Dec-2018 10:41:09.508 INFO [http-nio-8081-exec-815] org.apache.catalina.core.ApplicationContext.log Manager: list: Listing contexts for virtual host 'localhost'
21-Dec-2018 11:29:46.966 INFO [http-nio-8081-exec-829] org.apache.catalina.core.ApplicationContext.log Manager: list: Listing contexts for virtual host 'localhost'
21-Dec-2018 11:29:47.167 INFO [http-nio-8081-exec-836] org.apache.catalina.core.ApplicationContext.log Manager: undeploy: Undeploying web application at '/WebApplication2'
21-Dec-2018 11:30:33.235 INFO [http-nio-8081-exec-837] org.apache.catalina.core.ApplicationContext.log Manager: list: Listing contexts for virtual host 'localhost'
21-Dec-2018 11:30:33.261 INFO [http-nio-8081-exec-838] org.apache.catalina.core.ApplicationContext.log Manager: list: Listing contexts for virtual host 'localhost'
21-Dec-2018 11:30:33.409 INFO [http-nio-8081-exec-835] org.apache.catalina.core.ApplicationContext.log Manager: install: Installing context configuration at 'file:/C:/Users/ADMINI~1/AppData/Local/Temp/context1006869747088469784.xml'
21-Dec-2018 11:30:37.582 INFO [http-nio-8081-exec-839] org.apache.catalina.core.ApplicationContext.log Manager: start: Starting web application '/WebApplication2'
21-Dec-2018 11:31:47.060 INFO [http-nio-8081-exec-838] org.apache.catalina.core.ApplicationContext.log Manager: list: Listing contexts for virtual host 'localhost'
21-Dec-2018 11:32:04.452 INFO [http-nio-8081-exec-845] org.apache.catalina.core.ApplicationContext.log Manager: list: Listing contexts for virtual host 'localhost'
21-Dec-2018 11:32:04.476 INFO [http-nio-8081-exec-837] org.apache.catalina.core.ApplicationContext.log Manager: restart: Reloading web application '/WebApplication2'
21-Dec-2018 11:32:08.542 INFO [http-nio-8081-exec-840] org.apache.catalina.core.ApplicationContext.log Manager: list: Listing contexts for virtual host 'localhost'
21-Dec-2018 11:32:08.593 INFO [http-nio-8081-exec-839] org.apache.catalina.core.ApplicationContext.log Manager: restart: Reloading web application '/WebApplication2'
21-Dec-2018 11:32:14.902 INFO [http-nio-8081-exec-844] org.apache.catalina.core.ApplicationContext.log Manager: list: Listing contexts for virtual host 'localhost'
21-Dec-2018 11:32:15.002 INFO [http-nio-8081-exec-849] org.apache.catalina.core.ApplicationContext.log Manager: restart: Reloading web application '/WebApplication2'
21-Dec-2018 11:32:18.288 INFO [http-nio-8081-exec-840] org.apache.catalina.core.ApplicationContext.log Manager: list: Listing contexts for virtual host 'localhost'
21-Dec-2018 11:32:18.340 INFO [http-nio-8081-exec-850] org.apache.catalina.core.ApplicationContext.log Manager: restart: Reloading web application '/WebApplication2'
21-Dec-2018 11:33:37.651 INFO [http-nio-8081-exec-853] org.apache.catalina.core.ApplicationContext.log Manager: list: Listing contexts for virtual host 'localhost'
21-Dec-2018 11:33:37.773 INFO [http-nio-8081-exec-855] org.apache.catalina.core.ApplicationContext.log Manager: restart: Reloading web application '/WebApplication2'
21-Dec-2018 11:33:44.370 INFO [http-nio-8081-exec-852] org.apache.catalina.core.ApplicationContext.log Manager: list: Listing contexts for virtual host 'localhost'
21-Dec-2018 11:33:45.933 INFO [http-nio-8081-exec-858] org.apache.catalina.core.ApplicationContext.log Manager: list: Listing contexts for virtual host 'localhost'
21-Dec-2018 11:33:45.968 INFO [http-nio-8081-exec-854] org.apache.catalina.core.ApplicationContext.log Manager: restart: Reloading web application '/WebApplication2'
21-Dec-2018 13:38:46.631 INFO [http-nio-8081-exec-868] org.apache.catalina.core.ApplicationContext.log Manager: list: Listing contexts for virtual host 'localhost'
21-Dec-2018 13:40:12.876 INFO [http-nio-8081-exec-865] org.apache.catalina.core.ApplicationContext.log Manager: list: Listing contexts for virtual host 'localhost'
21-Dec-2018 13:40:12.919 INFO [http-nio-8081-exec-864] org.apache.catalina.core.ApplicationContext.log Manager: restart: Reloading web application '/WebApplication2'
21-Dec-2018 13:40:30.789 INFO [http-nio-8081-exec-873] org.apache.catalina.core.ApplicationContext.log Manager: list: Listing contexts for virtual host 'localhost'
21-Dec-2018 13:40:30.867 INFO [http-nio-8081-exec-871] org.apache.catalina.core.ApplicationContext.log Manager: list: Listing contexts for virtual host 'localhost'
21-Dec-2018 13:40:31.598 INFO [http-nio-8081-exec-865] org.apache.catalina.core.ApplicationContext.log Manager: list: Listing contexts for virtual host 'localhost'
21-Dec-2018 13:46:03.676 INFO [http-nio-8081-exec-871] org.apache.catalina.core.ApplicationContext.log Manager: list: Listing contexts for virtual host 'localhost'
21-Dec-2018 13:46:03.697 INFO [http-nio-8081-exec-874] org.apache.catalina.core.ApplicationContext.log Manager: restart: Reloading web application '/WebApplication2'
21-Dec-2018 13:53:06.468 INFO [http-nio-8081-exec-883] org.apache.catalina.core.ApplicationContext.log Manager: list: Listing contexts for virtual host 'localhost'
21-Dec-2018 13:55:50.979 INFO [http-nio-8081-exec-889] org.apache.catalina.core.ApplicationContext.log Manager: list: Listing contexts for virtual host 'localhost'
21-Dec-2018 13:56:08.305 INFO [http-nio-8081-exec-890] org.apache.catalina.core.ApplicationContext.log Manager: list: Listing contexts for virtual host 'localhost'
21-Dec-2018 13:56:08.308 INFO [http-nio-8081-exec-882] org.apache.catalina.core.ApplicationContext.log Manager: list: Listing contexts for virtual host 'localhost'
21-Dec-2018 13:56:09.401 INFO [http-nio-8081-exec-883] org.apache.catalina.core.ApplicationContext.log Manager: restart: Reloading web application '/MuaBanNha'
21-Dec-2018 13:57:40.590 INFO [http-nio-8081-exec-891] org.apache.catalina.core.ApplicationContext.log Manager: list: Listing contexts for virtual host 'localhost'
21-Dec-2018 13:57:40.594 INFO [http-nio-8081-exec-893] org.apache.catalina.core.ApplicationContext.log Manager: list: Listing contexts for virtual host 'localhost'
21-Dec-2018 13:59:31.794 INFO [http-nio-8081-exec-899] org.apache.catalina.core.ApplicationContext.log Manager: list: Listing contexts for virtual host 'localhost'
21-Dec-2018 13:59:48.380 INFO [http-nio-8081-exec-897] org.apache.catalina.core.ApplicationContext.log Manager: list: Listing contexts for virtual host 'localhost'
21-Dec-2018 14:01:53.935 INFO [http-nio-8081-exec-897] org.apache.catalina.core.ApplicationContext.log Manager: list: Listing contexts for virtual host 'localhost'
21-Dec-2018 14:01:53.940 INFO [http-nio-8081-exec-891] org.apache.catalina.core.ApplicationContext.log Manager: list: Listing contexts for virtual host 'localhost'
21-Dec-2018 14:01:54.143 INFO [http-nio-8081-exec-896] org.apache.catalina.core.ApplicationContext.log Manager: restart: Reloading web application '/WebApplication2'
21-Dec-2018 14:02:32.556 INFO [http-nio-8081-exec-895] org.apache.catalina.core.ApplicationContext.log Manager: list: Listing contexts for virtual host 'localhost'
21-Dec-2018 14:02:32.593 INFO [http-nio-8081-exec-900] org.apache.catalina.core.ApplicationContext.log Manager: restart: Reloading web application '/WebApplication2'
21-Dec-2018 14:02:54.051 INFO [http-nio-8081-exec-897] org.apache.catalina.core.ApplicationContext.log Manager: list: Listing contexts for virtual host 'localhost'
21-Dec-2018 14:02:54.540 INFO [http-nio-8081-exec-906] org.apache.catalina.core.ApplicationContext.log Manager: list: Listing contexts for virtual host 'localhost'
21-Dec-2018 14:03:12.531 INFO [http-nio-8081-exec-900] org.apache.catalina.core.ApplicationContext.log Manager: list: Listing contexts for virtual host 'localhost'
21-Dec-2018 14:03:12.537 INFO [http-nio-8081-exec-898] org.apache.catalina.core.ApplicationContext.log Manager: list: Listing contexts for virtual host 'localhost'
21-Dec-2018 14:03:12.828 INFO [http-nio-8081-exec-893] org.apache.catalina.core.ApplicationContext.log Manager: restart: Reloading web application '/WebApplication2'
21-Dec-2018 14:06:15.388 INFO [http-nio-8081-exec-911] org.apache.catalina.core.ApplicationContext.log Manager: list: Listing contexts for virtual host 'localhost'
21-Dec-2018 14:06:15.518 INFO [http-nio-8081-exec-912] org.apache.catalina.core.ApplicationContext.log Manager: restart: Reloading web application '/MuaBanNha'
21-Dec-2018 14:06:18.012 INFO [http-nio-8081-exec-918] org.apache.catalina.core.ApplicationContext.log Manager: list: Listing contexts for virtual host 'localhost'
21-Dec-2018 14:06:18.107 INFO [http-nio-8081-exec-911] org.apache.catalina.core.ApplicationContext.log Manager: restart: Reloading web application '/MuaBanNha'
21-Dec-2018 14:06:23.113 INFO [http-nio-8081-exec-915] org.apache.catalina.core.ApplicationContext.log Manager: list: Listing contexts for virtual host 'localhost'
21-Dec-2018 14:06:23.198 INFO [http-nio-8081-exec-918] org.apache.catalina.core.ApplicationContext.log Manager: restart: Reloading web application '/MuaBanNha'
21-Dec-2018 14:06:48.539 INFO [http-nio-8081-exec-919] org.apache.catalina.core.ApplicationContext.log Manager: list: Listing contexts for virtual host 'localhost'
21-Dec-2018 14:06:48.558 INFO [http-nio-8081-exec-914] org.apache.catalina.core.ApplicationContext.log Manager: restart: Reloading web application '/WebApplication2'
21-Dec-2018 14:06:55.193 INFO [http-nio-8081-exec-923] org.apache.catalina.core.ApplicationContext.log Manager: list: Listing contexts for virtual host 'localhost'
21-Dec-2018 14:06:55.220 INFO [http-nio-8081-exec-910] org.apache.catalina.core.ApplicationContext.log Manager: restart: Reloading web application '/WebApplication2'
21-Dec-2018 14:07:03.274 INFO [http-nio-8081-exec-925] org.apache.catalina.core.ApplicationContext.log Manager: list: Listing contexts for virtual host 'localhost'
21-Dec-2018 14:07:03.390 INFO [http-nio-8081-exec-920] org.apache.catalina.core.ApplicationContext.log Manager: restart: Reloading web application '/MuaBanNha'
21-Dec-2018 14:07:27.570 INFO [http-nio-8081-exec-916] org.apache.catalina.core.ApplicationContext.log Manager: list: Listing contexts for virtual host 'localhost'
21-Dec-2018 14:07:27.676 INFO [http-nio-8081-exec-926] org.apache.catalina.core.ApplicationContext.log Manager: restart: Reloading web application '/MuaBanNha'
21-Dec-2018 14:07:49.381 INFO [http-nio-8081-exec-927] org.apache.catalina.core.ApplicationContext.log Manager: list: Listing contexts for virtual host 'localhost'
21-Dec-2018 14:07:49.476 INFO [http-nio-8081-exec-910] org.apache.catalina.core.ApplicationContext.log Manager: restart: Reloading web application '/MuaBanNha'
21-Dec-2018 14:07:57.322 INFO [http-nio-8081-exec-930] org.apache.catalina.core.ApplicationContext.log Manager: list: Listing contexts for virtual host 'localhost'
21-Dec-2018 14:07:57.427 INFO [http-nio-8081-exec-928] org.apache.catalina.core.ApplicationContext.log Manager: restart: Reloading web application '/MuaBanNha'
21-Dec-2018 14:07:59.155 INFO [http-nio-8081-exec-925] org.apache.catalina.core.ApplicationContext.log Manager: list: Listing contexts for virtual host 'localhost'
21-Dec-2018 14:08:06.556 INFO [http-nio-8081-exec-934] org.apache.catalina.core.ApplicationContext.log Manager: list: Listing contexts for virtual host 'localhost'
21-Dec-2018 14:08:06.642 INFO [http-nio-8081-exec-933] org.apache.catalina.core.ApplicationContext.log Manager: restart: Reloading web application '/MuaBanNha'
21-Dec-2018 14:08:27.983 INFO [http-nio-8081-exec-931] org.apache.catalina.core.ApplicationContext.log Manager: list: Listing contexts for virtual host 'localhost'
21-Dec-2018 14:08:28.131 INFO [http-nio-8081-exec-915] org.apache.catalina.core.ApplicationContext.log Manager: restart: Reloading web application '/MuaBanNha'
21-Dec-2018 14:11:13.351 INFO [http-nio-8081-exec-938] org.apache.catalina.core.ApplicationContext.log Manager: list: Listing contexts for virtual host 'localhost'
21-Dec-2018 14:11:13.467 INFO [http-nio-8081-exec-939] org.apache.catalina.core.ApplicationContext.log Manager: restart: Reloading web application '/MuaBanNha'
21-Dec-2018 14:12:01.083 INFO [http-nio-8081-exec-934] org.apache.catalina.core.ApplicationContext.log Manager: list: Listing contexts for virtual host 'localhost'
21-Dec-2018 14:12:01.310 INFO [http-nio-8081-exec-937] org.apache.catalina.core.ApplicationContext.log Manager: restart: Reloading web application '/MuaBanNha'
21-Dec-2018 14:12:24.409 INFO [http-nio-8081-exec-943] org.apache.catalina.core.ApplicationContext.log Manager: list: Listing contexts for virtual host 'localhost'
21-Dec-2018 14:12:24.498 INFO [http-nio-8081-exec-934] org.apache.catalina.core.ApplicationContext.log Manager: restart: Reloading web application '/MuaBanNha'
21-Dec-2018 14:12:55.269 INFO [http-nio-8081-exec-932] org.apache.catalina.core.ApplicationContext.log Manager: list: Listing contexts for virtual host 'localhost'
21-Dec-2018 14:12:55.355 INFO [http-nio-8081-exec-942] org.apache.catalina.core.ApplicationContext.log Manager: restart: Reloading web application '/MuaBanNha'
21-Dec-2018 14:13:03.668 INFO [http-nio-8081-exec-932] org.apache.catalina.core.ApplicationContext.log Manager: list: Listing contexts for virtual host 'localhost'
21-Dec-2018 14:13:03.768 INFO [http-nio-8081-exec-947] org.apache.catalina.core.ApplicationContext.log Manager: restart: Reloading web application '/MuaBanNha'
21-Dec-2018 14:15:31.913 INFO [http-nio-8081-exec-943] org.apache.catalina.core.ApplicationContext.log Manager: list: Listing contexts for virtual host 'localhost'
21-Dec-2018 14:15:32.015 INFO [http-nio-8081-exec-929] org.apache.catalina.core.ApplicationContext.log Manager: restart: Reloading web application '/MuaBanNha'
21-Dec-2018 14:16:15.910 INFO [http-nio-8081-exec-962] org.apache.catalina.core.ApplicationContext.log Manager: list: Listing contexts for virtual host 'localhost'
21-Dec-2018 14:16:16.055 INFO [http-nio-8081-exec-961] org.apache.catalina.core.ApplicationContext.log Manager: restart: Reloading web application '/MuaBanNha'
21-Dec-2018 14:16:34.636 INFO [http-nio-8081-exec-962] org.apache.catalina.core.ApplicationContext.log Manager: list: Listing contexts for virtual host 'localhost'
21-Dec-2018 14:16:34.759 INFO [http-nio-8081-exec-963] org.apache.catalina.core.ApplicationContext.log Manager: restart: Reloading web application '/MuaBanNha'
21-Dec-2018 14:17:27.603 INFO [http-nio-8081-exec-973] org.apache.catalina.core.ApplicationContext.log Manager: list: Listing contexts for virtual host 'localhost'
21-Dec-2018 14:17:28.226 INFO [http-nio-8081-exec-974] org.apache.catalina.core.ApplicationContext.log Manager: restart: Reloading web application '/MuaBanNha'
21-Dec-2018 14:18:18.908 INFO [http-nio-8081-exec-975] org.apache.catalina.core.ApplicationContext.log Manager: list: Listing contexts for virtual host 'localhost'
21-Dec-2018 14:18:19.019 INFO [http-nio-8081-exec-973] org.apache.catalina.core.ApplicationContext.log Manager: restart: Reloading web application '/MuaBanNha'
21-Dec-2018 14:20:10.958 INFO [http-nio-8081-exec-986] org.apache.catalina.core.ApplicationContext.log Manager: list: Listing contexts for virtual host 'localhost'
21-Dec-2018 14:20:11.091 INFO [http-nio-8081-exec-985] org.apache.catalina.core.ApplicationContext.log Manager: restart: Reloading web application '/MuaBanNha'
21-Dec-2018 14:21:39.491 INFO [http-nio-8081-exec-991] org.apache.catalina.core.ApplicationContext.log Manager: list: Listing contexts for virtual host 'localhost'
21-Dec-2018 14:21:39.591 INFO [http-nio-8081-exec-989] org.apache.catalina.core.ApplicationContext.log Manager: restart: Reloading web application '/MuaBanNha'
21-Dec-2018 14:22:08.811 INFO [http-nio-8081-exec-981] org.apache.catalina.core.ApplicationContext.log Manager: list: Listing contexts for virtual host 'localhost'
21-Dec-2018 14:22:08.926 INFO [http-nio-8081-exec-988] org.apache.catalina.core.ApplicationContext.log Manager: restart: Reloading web application '/MuaBanNha'
21-Dec-2018 14:22:32.090 INFO [http-nio-8081-exec-999] org.apache.catalina.core.ApplicationContext.log Manager: list: Listing contexts for virtual host 'localhost'
21-Dec-2018 14:22:32.235 INFO [http-nio-8081-exec-997] org.apache.catalina.core.ApplicationContext.log Manager: restart: Reloading web application '/MuaBanNha'
21-Dec-2018 14:23:01.699 INFO [http-nio-8081-exec-979] org.apache.catalina.core.ApplicationContext.log Manager: list: Listing contexts for virtual host 'localhost'
21-Dec-2018 14:23:01.800 INFO [http-nio-8081-exec-999] org.apache.catalina.core.ApplicationContext.log Manager: restart: Reloading web application '/MuaBanNha'
21-Dec-2018 14:23:07.206 INFO [http-nio-8081-exec-981] org.apache.catalina.core.ApplicationContext.log Manager: list: Listing contexts for virtual host 'localhost'
21-Dec-2018 14:23:07.323 INFO [http-nio-8081-exec-998] org.apache.catalina.core.ApplicationContext.log Manager: restart: Reloading web application '/MuaBanNha'
21-Dec-2018 14:23:57.202 INFO [http-nio-8081-exec-981] org.apache.catalina.core.ApplicationContext.log Manager: list: Listing contexts for virtual host 'localhost'
21-Dec-2018 14:23:57.378 INFO [http-nio-8081-exec-1002] org.apache.catalina.core.ApplicationContext.log Manager: restart: Reloading web application '/MuaBanNha'
21-Dec-2018 14:24:08.473 INFO [http-nio-8081-exec-981] org.apache.catalina.core.ApplicationContext.log Manager: list: Listing contexts for virtual host 'localhost'
21-Dec-2018 14:24:08.575 INFO [http-nio-8081-exec-996] org.apache.catalina.core.ApplicationContext.log Manager: restart: Reloading web application '/MuaBanNha'
21-Dec-2018 14:25:02.858 INFO [http-nio-8081-exec-993] org.apache.catalina.core.ApplicationContext.log Manager: list: Listing contexts for virtual host 'localhost'
21-Dec-2018 14:25:02.965 INFO [http-nio-8081-exec-1003] org.apache.catalina.core.ApplicationContext.log Manager: restart: Reloading web application '/MuaBanNha'
21-Dec-2018 14:25:13.861 INFO [http-nio-8081-exec-1001] org.apache.catalina.core.ApplicationContext.log Manager: list: Listing contexts for virtual host 'localhost'
21-Dec-2018 14:25:13.973 INFO [http-nio-8081-exec-1011] org.apache.catalina.core.ApplicationContext.log Manager: restart: Reloading web application '/MuaBanNha'
21-Dec-2018 14:25:36.076 INFO [http-nio-8081-exec-1006] org.apache.catalina.core.ApplicationContext.log Manager: list: Listing contexts for virtual host 'localhost'
21-Dec-2018 14:25:36.178 INFO [http-nio-8081-exec-993] org.apache.catalina.core.ApplicationContext.log Manager: restart: Reloading web application '/MuaBanNha'
21-Dec-2018 14:26:06.684 INFO [http-nio-8081-exec-1004] org.apache.catalina.core.ApplicationContext.log Manager: list: Listing contexts for virtual host 'localhost'
21-Dec-2018 14:27:45.046 INFO [http-nio-8081-exec-1014] org.apache.catalina.core.ApplicationContext.log Manager: list: Listing contexts for virtual host 'localhost'
21-Dec-2018 14:27:45.158 INFO [http-nio-8081-exec-1016] org.apache.catalina.core.ApplicationContext.log Manager: restart: Reloading web application '/MuaBanNha'
21-Dec-2018 14:30:10.588 INFO [http-nio-8081-exec-1024] org.apache.catalina.core.ApplicationContext.log Manager: list: Listing contexts for virtual host 'localhost'
21-Dec-2018 14:30:10.803 INFO [http-nio-8081-exec-1025] org.apache.catalina.core.ApplicationContext.log Manager: restart: Reloading web application '/MuaBanNha'
21-Dec-2018 14:30:26.669 INFO [http-nio-8081-exec-1028] org.apache.catalina.core.ApplicationContext.log Manager: list: Listing contexts for virtual host 'localhost'
21-Dec-2018 14:30:26.779 INFO [http-nio-8081-exec-1022] org.apache.catalina.core.ApplicationContext.log Manager: restart: Reloading web application '/MuaBanNha'
21-Dec-2018 14:30:51.093 INFO [http-nio-8081-exec-1032] org.apache.catalina.core.ApplicationContext.log Manager: list: Listing contexts for virtual host 'localhost'
21-Dec-2018 14:30:51.265 INFO [http-nio-8081-exec-1026] org.apache.catalina.core.ApplicationContext.log Manager: restart: Reloading web application '/MuaBanNha'
21-Dec-2018 14:31:30.385 INFO [http-nio-8081-exec-1043] org.apache.catalina.core.ApplicationContext.log Manager: list: Listing contexts for virtual host 'localhost'
21-Dec-2018 14:31:30.471 INFO [http-nio-8081-exec-1038] org.apache.catalina.core.ApplicationContext.log Manager: restart: Reloading web application '/MuaBanNha'
21-Dec-2018 14:33:40.831 INFO [http-nio-8081-exec-1047] org.apache.catalina.core.ApplicationContext.log Manager: list: Listing contexts for virtual host 'localhost'
21-Dec-2018 14:33:40.938 INFO [http-nio-8081-exec-1048] org.apache.catalina.core.ApplicationContext.log Manager: restart: Reloading web application '/MuaBanNha'
21-Dec-2018 14:35:08.225 INFO [http-nio-8081-exec-1058] org.apache.catalina.core.ApplicationContext.log Manager: list: Listing contexts for virtual host 'localhost'
21-Dec-2018 14:35:08.347 INFO [http-nio-8081-exec-1053] org.apache.catalina.core.ApplicationContext.log Manager: restart: Reloading web application '/MuaBanNha'
21-Dec-2018 14:35:30.773 INFO [http-nio-8081-exec-1057] org.apache.catalina.core.ApplicationContext.log Manager: list: Listing contexts for virtual host 'localhost'
21-Dec-2018 14:35:30.962 INFO [http-nio-8081-exec-1054] org.apache.catalina.core.ApplicationContext.log Manager: restart: Reloading web application '/MuaBanNha'
21-Dec-2018 14:35:39.799 INFO [http-nio-8081-exec-1062] org.apache.catalina.core.ApplicationContext.log Manager: list: Listing contexts for virtual host 'localhost'
21-Dec-2018 14:35:48.253 INFO [http-nio-8081-exec-1066] org.apache.catalina.core.ApplicationContext.log Manager: list: Listing contexts for virtual host 'localhost'
21-Dec-2018 14:36:01.409 INFO [http-nio-8081-exec-1064] org.apache.catalina.core.ApplicationContext.log Manager: list: Listing contexts for virtual host 'localhost'
21-Dec-2018 14:36:10.886 INFO [http-nio-8081-exec-1062] org.apache.catalina.core.ApplicationContext.log Manager: list: Listing contexts for virtual host 'localhost'
21-Dec-2018 14:36:22.844 INFO [http-nio-8081-exec-1057] org.apache.catalina.core.ApplicationContext.log Manager: list: Listing contexts for virtual host 'localhost'
21-Dec-2018 14:36:22.953 INFO [http-nio-8081-exec-1070] org.apache.catalina.core.ApplicationContext.log Manager: restart: Reloading web application '/MuaBanNha'
21-Dec-2018 14:36:30.476 INFO [http-nio-8081-exec-1069] org.apache.catalina.core.ApplicationContext.log Manager: list: Listing contexts for virtual host 'localhost'
21-Dec-2018 14:36:30.562 INFO [http-nio-8081-exec-1062] org.apache.catalina.core.ApplicationContext.log Manager: restart: Reloading web application '/MuaBanNha'
21-Dec-2018 14:38:15.877 INFO [http-nio-8081-exec-1074] org.apache.catalina.core.ApplicationContext.log Manager: list: Listing contexts for virtual host 'localhost'
21-Dec-2018 14:38:15.975 INFO [http-nio-8081-exec-1076] org.apache.catalina.core.ApplicationContext.log Manager: restart: Reloading web application '/MuaBanNha'
21-Dec-2018 14:38:19.050 INFO [http-nio-8081-exec-1069] org.apache.catalina.core.ApplicationContext.log Manager: list: Listing contexts for virtual host 'localhost'
21-Dec-2018 14:38:19.158 INFO [http-nio-8081-exec-1074] org.apache.catalina.core.ApplicationContext.log Manager: restart: Reloading web application '/MuaBanNha'
21-Dec-2018 14:40:13.622 INFO [http-nio-8081-exec-1082] org.apache.catalina.core.ApplicationContext.log Manager: list: Listing contexts for virtual host 'localhost'
21-Dec-2018 14:40:13.766 INFO [http-nio-8081-exec-1085] org.apache.catalina.core.ApplicationContext.log Manager: restart: Reloading web application '/MuaBanNha'
21-Dec-2018 14:40:18.844 INFO [http-nio-8081-exec-1084] org.apache.catalina.core.ApplicationContext.log Manager: list: Listing contexts for virtual host 'localhost'
21-Dec-2018 14:40:18.965 INFO [http-nio-8081-exec-1082] org.apache.catalina.core.ApplicationContext.log Manager: restart: Reloading web application '/MuaBanNha'
21-Dec-2018 14:44:52.436 INFO [http-nio-8081-exec-1089] org.apache.catalina.core.ApplicationContext.log Manager: list: Listing contexts for virtual host 'localhost'
21-Dec-2018 14:44:52.522 INFO [http-nio-8081-exec-1090] org.apache.catalina.core.ApplicationContext.log Manager: restart: Reloading web application '/MuaBanNha'
21-Dec-2018 14:46:12.756 INFO [http-nio-8081-exec-1099] org.apache.catalina.core.ApplicationContext.log Manager: list: Listing contexts for virtual host 'localhost'
21-Dec-2018 14:46:12.865 INFO [http-nio-8081-exec-1100] org.apache.catalina.core.ApplicationContext.log Manager: restart: Reloading web application '/MuaBanNha'
21-Dec-2018 14:46:34.799 INFO [http-nio-8081-exec-1099] org.apache.catalina.core.ApplicationContext.log Manager: list: Listing contexts for virtual host 'localhost'
21-Dec-2018 14:46:42.146 INFO [http-nio-8081-exec-1104] org.apache.catalina.core.ApplicationContext.log Manager: list: Listing contexts for virtual host 'localhost'
21-Dec-2018 14:46:44.165 INFO [http-nio-8081-exec-1105] org.apache.catalina.core.ApplicationContext.log Manager: list: Listing contexts for virtual host 'localhost'
21-Dec-2018 14:47:08.079 INFO [http-nio-8081-exec-1105] org.apache.catalina.core.ApplicationContext.log Manager: list: Listing contexts for virtual host 'localhost'
21-Dec-2018 14:47:08.083 INFO [http-nio-8081-exec-1091] org.apache.catalina.core.ApplicationContext.log Manager: list: Listing contexts for virtual host 'localhost'
21-Dec-2018 14:47:09.022 INFO [http-nio-8081-exec-1107] org.apache.catalina.core.ApplicationContext.log Manager: restart: Reloading web application '/MuaBanNha'
21-Dec-2018 14:47:52.952 INFO [http-nio-8081-exec-1108] org.apache.catalina.core.ApplicationContext.log Manager: list: Listing contexts for virtual host 'localhost'
21-Dec-2018 14:47:52.954 INFO [http-nio-8081-exec-1101] org.apache.catalina.core.ApplicationContext.log Manager: list: Listing contexts for virtual host 'localhost'
21-Dec-2018 14:47:53.172 INFO [http-nio-8081-exec-1112] org.apache.catalina.core.ApplicationContext.log Manager: restart: Reloading web application '/WebApplication2'
21-Dec-2018 14:48:22.339 INFO [http-nio-8081-exec-1105] org.apache.catalina.core.ApplicationContext.log Manager: list: Listing contexts for virtual host 'localhost'
21-Dec-2018 14:48:22.371 INFO [http-nio-8081-exec-1101] org.apache.catalina.core.ApplicationContext.log Manager: restart: Reloading web application '/WebApplication2'
21-Dec-2018 14:48:26.132 INFO [http-nio-8081-exec-1105] org.apache.catalina.core.ApplicationContext.log Manager: list: Listing contexts for virtual host 'localhost'
21-Dec-2018 14:48:26.191 INFO [http-nio-8081-exec-1115] org.apache.catalina.core.ApplicationContext.log Manager: restart: Reloading web application '/WebApplication2'
21-Dec-2018 14:48:35.760 INFO [http-nio-8081-exec-1101] org.apache.catalina.core.ApplicationContext.log Manager: list: Listing contexts for virtual host 'localhost'
21-Dec-2018 14:48:35.780 INFO [http-nio-8081-exec-1121] org.apache.catalina.core.ApplicationContext.log Manager: restart: Reloading web application '/WebApplication2'
21-Dec-2018 14:48:40.296 INFO [http-nio-8081-exec-1105] org.apache.catalina.core.ApplicationContext.log Manager: list: Listing contexts for virtual host 'localhost'
21-Dec-2018 14:48:40.314 INFO [http-nio-8081-exec-1120] org.apache.catalina.core.ApplicationContext.log Manager: restart: Reloading web application '/WebApplication2'
21-Dec-2018 14:48:47.512 INFO [http-nio-8081-exec-1126] org.apache.catalina.core.ApplicationContext.log Manager: list: Listing contexts for virtual host 'localhost'
21-Dec-2018 14:48:47.531 INFO [http-nio-8081-exec-1105] org.apache.catalina.core.ApplicationContext.log Manager: restart: Reloading web application '/WebApplication2'
21-Dec-2018 14:48:51.679 INFO [http-nio-8081-exec-1126] org.apache.catalina.core.ApplicationContext.log Manager: list: Listing contexts for virtual host 'localhost'
21-Dec-2018 14:48:51.800 INFO [http-nio-8081-exec-1118] org.apache.catalina.core.ApplicationContext.log Manager: restart: Reloading web application '/WebApplication2'
21-Dec-2018 14:50:55.565 INFO [http-nio-8081-exec-1131] org.apache.catalina.core.ApplicationContext.log Manager: list: Listing contexts for virtual host 'localhost'
21-Dec-2018 14:50:55.655 INFO [http-nio-8081-exec-1133] org.apache.catalina.core.ApplicationContext.log Manager: restart: Reloading web application '/MuaBanNha'
21-Dec-2018 14:51:01.162 INFO [http-nio-8081-exec-1135] org.apache.catalina.core.ApplicationContext.log Manager: list: Listing contexts for virtual host 'localhost'
21-Dec-2018 14:51:01.267 INFO [http-nio-8081-exec-1136] org.apache.catalina.core.ApplicationContext.log Manager: restart: Reloading web application '/MuaBanNha'
21-Dec-2018 14:56:29.486 INFO [http-nio-8081-exec-1143] org.apache.catalina.core.ApplicationContext.log Manager: list: Listing contexts for virtual host 'localhost'
21-Dec-2018 14:56:29.581 INFO [http-nio-8081-exec-1141] org.apache.catalina.core.ApplicationContext.log Manager: restart: Reloading web application '/MuaBanNha'
21-Dec-2018 14:58:24.385 INFO [http-nio-8081-exec-1154] org.apache.catalina.core.ApplicationContext.log Manager: list: Listing contexts for virtual host 'localhost'
21-Dec-2018 14:58:24.479 INFO [http-nio-8081-exec-1153] org.apache.catalina.core.ApplicationContext.log Manager: restart: Reloading web application '/MuaBanNha'
21-Dec-2018 14:59:02.847 INFO [http-nio-8081-exec-1150] org.apache.catalina.core.ApplicationContext.log Manager: list: Listing contexts for virtual host 'localhost'
21-Dec-2018 14:59:02.938 INFO [http-nio-8081-exec-1154] org.apache.catalina.core.ApplicationContext.log Manager: restart: Reloading web application '/MuaBanNha'
21-Dec-2018 14:59:11.453 INFO [http-nio-8081-exec-1151] org.apache.catalina.core.ApplicationContext.log Manager: list: Listing contexts for virtual host 'localhost'
21-Dec-2018 14:59:11.594 INFO [http-nio-8081-exec-1162] org.apache.catalina.core.ApplicationContext.log Manager: restart: Reloading web application '/MuaBanNha'
21-Dec-2018 14:59:21.210 INFO [http-nio-8081-exec-1161] org.apache.catalina.core.ApplicationContext.log Manager: list: Listing contexts for virtual host 'localhost'
21-Dec-2018 14:59:21.301 INFO [http-nio-8081-exec-1157] org.apache.catalina.core.ApplicationContext.log Manager: restart: Reloading web application '/MuaBanNha'
21-Dec-2018 15:00:37.789 INFO [http-nio-8081-exec-1169] org.apache.catalina.core.ApplicationContext.log Manager: list: Listing contexts for virtual host 'localhost'
21-Dec-2018 15:00:37.952 INFO [http-nio-8081-exec-1167] org.apache.catalina.core.ApplicationContext.log Manager: restart: Reloading web application '/MuaBanNha'
21-Dec-2018 17:03:28.421 INFO [http-nio-8081-exec-9] org.apache.catalina.core.ApplicationContext.log Manager: init: Associated with Deployer 'Catalina:type=Deployer,host=localhost'
21-Dec-2018 17:03:28.421 INFO [http-nio-8081-exec-9] org.apache.catalina.core.ApplicationContext.log Manager: init: Global resources are available
21-Dec-2018 17:03:29.852 INFO [http-nio-8081-exec-11] org.apache.catalina.core.ApplicationContext.log Manager: list: Listing contexts for virtual host 'localhost'
21-Dec-2018 17:03:29.875 INFO [http-nio-8081-exec-4] org.apache.catalina.core.ApplicationContext.log Manager: list: Listing contexts for virtual host 'localhost'
21-Dec-2018 17:03:30.112 INFO [http-nio-8081-exec-13] org.apache.catalina.core.ApplicationContext.log Manager: restart: Reloading web application '/MuaBanNha'
21-Dec-2018 17:04:50.114 INFO [http-nio-8081-exec-28] org.apache.catalina.core.ApplicationContext.log Manager: list: Listing contexts for virtual host 'localhost'
21-Dec-2018 17:05:15.324 INFO [http-nio-8081-exec-28] org.apache.catalina.core.ApplicationContext.log Manager: list: Listing contexts for virtual host 'localhost'
21-Dec-2018 17:05:15.370 INFO [http-nio-8081-exec-2] org.apache.catalina.core.ApplicationContext.log Manager: restart: Reloading web application '/WebApplication2'
21-Dec-2018 17:05:16.182 INFO [http-nio-8081-exec-28] org.apache.catalina.core.ApplicationContext.log Manager: list: Listing contexts for virtual host 'localhost'
21-Dec-2018 17:05:16.197 INFO [http-nio-8081-exec-3] org.apache.catalina.core.ApplicationContext.log Manager: restart: Reloading web application '/WebApplication2'
21-Dec-2018 17:05:18.038 INFO [http-nio-8081-exec-24] org.apache.catalina.core.ApplicationContext.log Manager: list: Listing contexts for virtual host 'localhost'
21-Dec-2018 17:05:18.054 INFO [http-nio-8081-exec-26] org.apache.catalina.core.ApplicationContext.log Manager: restart: Reloading web application '/WebApplication2'
21-Dec-2018 17:05:32.749 INFO [http-nio-8081-exec-32] org.apache.catalina.core.ApplicationContext.log Manager: list: Listing contexts for virtual host 'localhost'
21-Dec-2018 17:05:32.764 INFO [http-nio-8081-exec-33] org.apache.catalina.core.ApplicationContext.log Manager: restart: Reloading web application '/WebApplication2'
21-Dec-2018 17:05:50.314 INFO [http-nio-8081-exec-34] org.apache.catalina.core.ApplicationContext.log Manager: list: Listing contexts for virtual host 'localhost'
21-Dec-2018 17:05:50.330 INFO [http-nio-8081-exec-30] org.apache.catalina.core.ApplicationContext.log Manager: restart: Reloading web application '/WebApplication2'
21-Dec-2018 17:06:14.401 INFO [http-nio-8081-exec-31] org.apache.catalina.core.ApplicationContext.log Manager: list: Listing contexts for virtual host 'localhost'
21-Dec-2018 17:06:14.416 INFO [http-nio-8081-exec-34] org.apache.catalina.core.ApplicationContext.log Manager: restart: Reloading web application '/WebApplication2'
21-Dec-2018 17:06:25.149 INFO [http-nio-8081-exec-34] org.apache.catalina.core.ApplicationContext.log Manager: list: Listing contexts for virtual host 'localhost'
21-Dec-2018 17:06:25.181 INFO [http-nio-8081-exec-31] org.apache.catalina.core.ApplicationContext.log Manager: restart: Reloading web application '/WebApplication2'
21-Dec-2018 17:06:51.170 INFO [http-nio-8081-exec-31] org.apache.catalina.core.ApplicationContext.log Manager: list: Listing contexts for virtual host 'localhost'
21-Dec-2018 17:06:51.186 INFO [http-nio-8081-exec-34] org.apache.catalina.core.ApplicationContext.log Manager: restart: Reloading web application '/WebApplication2'
21-Dec-2018 17:07:39.148 INFO [http-nio-8081-exec-34] org.apache.catalina.core.ApplicationContext.log Manager: list: Listing contexts for virtual host 'localhost'
21-Dec-2018 17:07:39.164 INFO [http-nio-8081-exec-36] org.apache.catalina.core.ApplicationContext.log Manager: restart: Reloading web application '/WebApplication2'
21-Dec-2018 17:07:57.726 INFO [http-nio-8081-exec-36] org.apache.catalina.core.ApplicationContext.log Manager: list: Listing contexts for virtual host 'localhost'
21-Dec-2018 17:07:57.742 INFO [http-nio-8081-exec-33] org.apache.catalina.core.ApplicationContext.log Manager: restart: Reloading web application '/WebApplication2'
21-Dec-2018 17:09:01.452 INFO [http-nio-8081-exec-34] org.apache.catalina.core.ApplicationContext.log Manager: list: Listing contexts for virtual host 'localhost'
21-Dec-2018 17:09:01.484 INFO [http-nio-8081-exec-28] org.apache.catalina.core.ApplicationContext.log Manager: restart: Reloading web application '/WebApplication2'
21-Dec-2018 17:09:26.762 INFO [http-nio-8081-exec-36] org.apache.catalina.core.ApplicationContext.log Manager: list: Listing contexts for virtual host 'localhost'
21-Dec-2018 17:09:26.965 INFO [http-nio-8081-exec-2] org.apache.catalina.core.ApplicationContext.log Manager: restart: Reloading web application '/WebApplication2'
21-Dec-2018 17:09:28.026 INFO [http-nio-8081-exec-43] org.apache.catalina.core.ApplicationContext.log Manager: list: Listing contexts for virtual host 'localhost'
21-Dec-2018 17:09:28.041 INFO [http-nio-8081-exec-4] org.apache.catalina.core.ApplicationContext.log Manager: restart: Reloading web application '/WebApplication2'
21-Dec-2018 17:09:35.638 INFO [http-nio-8081-exec-42] org.apache.catalina.core.ApplicationContext.log Manager: list: Listing contexts for virtual host 'localhost'
21-Dec-2018 17:09:40.662 INFO [http-nio-8081-exec-28] org.apache.catalina.core.ApplicationContext.log Manager: list: Listing contexts for virtual host 'localhost'
21-Dec-2018 17:09:55.279 INFO [http-nio-8081-exec-47] org.apache.catalina.core.ApplicationContext.log Manager: list: Listing contexts for virtual host 'localhost'
21-Dec-2018 17:09:58.461 INFO [http-nio-8081-exec-48] org.apache.catalina.core.ApplicationContext.log Manager: list: Listing contexts for virtual host 'localhost'
21-Dec-2018 17:10:12.923 INFO [http-nio-8081-exec-47] org.apache.catalina.core.ApplicationContext.log Manager: list: Listing contexts for virtual host 'localhost'
21-Dec-2018 17:10:34.953 INFO [http-nio-8081-exec-44] org.apache.catalina.core.ApplicationContext.log Manager: list: Listing contexts for virtual host 'localhost'
21-Dec-2018 17:10:34.953 INFO [http-nio-8081-exec-28] org.apache.catalina.core.ApplicationContext.log Manager: list: Listing contexts for virtual host 'localhost'
21-Dec-2018 17:10:35.078 INFO [http-nio-8081-exec-48] org.apache.catalina.core.ApplicationContext.log Manager: restart: Reloading web application '/WebApplication2'
21-Dec-2018 17:11:51.302 INFO [http-nio-8081-exec-53] org.apache.catalina.core.ApplicationContext.log Manager: list: Listing contexts for virtual host 'localhost'
21-Dec-2018 17:11:56.465 INFO [http-nio-8081-exec-59] org.apache.catalina.core.ApplicationContext.log Manager: list: Listing contexts for virtual host 'localhost'
21-Dec-2018 17:12:00.798 INFO [http-nio-8081-exec-59] org.apache.catalina.core.ApplicationContext.log Manager: list: Listing contexts for virtual host 'localhost'
21-Dec-2018 17:12:00.798 INFO [http-nio-8081-exec-58] org.apache.catalina.core.ApplicationContext.log Manager: list: Listing contexts for virtual host 'localhost'
21-Dec-2018 17:12:09.058 INFO [http-nio-8081-exec-55] org.apache.catalina.core.ApplicationContext.log Manager: list: Listing contexts for virtual host 'localhost'
21-Dec-2018 17:12:19.244 INFO [http-nio-8081-exec-54] org.apache.catalina.core.ApplicationContext.log Manager: list: Listing contexts for virtual host 'localhost'
21-Dec-2018 17:13:35.736 INFO [http-nio-8081-exec-53] org.apache.catalina.core.ApplicationContext.log Manager: list: Listing contexts for virtual host 'localhost'
21-Dec-2018 17:13:35.752 INFO [http-nio-8081-exec-56] org.apache.catalina.core.ApplicationContext.log Manager: restart: Reloading web application '/WebApplication2'
21-Dec-2018 17:13:37.810 INFO [http-nio-8081-exec-58] org.apache.catalina.core.ApplicationContext.log Manager: list: Listing contexts for virtual host 'localhost'
21-Dec-2018 17:13:37.824 INFO [http-nio-8081-exec-54] org.apache.catalina.core.ApplicationContext.log Manager: restart: Reloading web application '/WebApplication2'
21-Dec-2018 17:14:04.223 INFO [http-nio-8081-exec-53] org.apache.catalina.core.ApplicationContext.log Manager: list: Listing contexts for virtual host 'localhost'
21-Dec-2018 17:14:04.248 INFO [http-nio-8081-exec-62] org.apache.catalina.core.ApplicationContext.log Manager: restart: Reloading web application '/WebApplication2'
21-Dec-2018 17:14:18.608 INFO [http-nio-8081-exec-54] org.apache.catalina.core.ApplicationContext.log Manager: list: Listing contexts for virtual host 'localhost'
21-Dec-2018 17:14:18.622 INFO [http-nio-8081-exec-58] org.apache.catalina.core.ApplicationContext.log Manager: restart: Reloading web application '/WebApplication2'
21-Dec-2018 17:14:19.417 INFO [http-nio-8081-exec-64] org.apache.catalina.core.ApplicationContext.log Manager: list: Listing contexts for virtual host 'localhost'
21-Dec-2018 17:14:19.430 INFO [http-nio-8081-exec-54] org.apache.catalina.core.ApplicationContext.log Manager: restart: Reloading web application '/WebApplication2'
21-Dec-2018 17:14:20.677 INFO [http-nio-8081-exec-57] org.apache.catalina.core.ApplicationContext.log Manager: list: Listing contexts for virtual host 'localhost'
21-Dec-2018 17:14:20.694 INFO [http-nio-8081-exec-53] org.apache.catalina.core.ApplicationContext.log Manager: restart: Reloading web application '/WebApplication2'
21-Dec-2018 17:15:18.786 INFO [http-nio-8081-exec-62] org.apache.catalina.core.ApplicationContext.log Manager: list: Listing contexts for virtual host 'localhost'
21-Dec-2018 17:15:18.806 INFO [http-nio-8081-exec-59] org.apache.catalina.core.ApplicationContext.log Manager: restart: Reloading web application '/WebApplication2'
21-Dec-2018 17:15:49.502 INFO [http-nio-8081-exec-65] org.apache.catalina.core.ApplicationContext.log Manager: list: Listing contexts for virtual host 'localhost'
21-Dec-2018 17:15:49.513 INFO [http-nio-8081-exec-62] org.apache.catalina.core.ApplicationContext.log Manager: restart: Reloading web application '/WebApplication2'
21-Dec-2018 17:16:35.368 INFO [http-nio-8081-exec-70] org.apache.catalina.core.ApplicationContext.log Manager: list: Listing contexts for virtual host 'localhost'
21-Dec-2018 17:16:35.402 INFO [http-nio-8081-exec-69] org.apache.catalina.core.ApplicationContext.log Manager: restart: Reloading web application '/WebApplication2'
21-Dec-2018 17:16:41.836 INFO [http-nio-8081-exec-62] org.apache.catalina.core.ApplicationContext.log Manager: list: Listing contexts for virtual host 'localhost'
21-Dec-2018 17:16:41.847 INFO [http-nio-8081-exec-70] org.apache.catalina.core.ApplicationContext.log Manager: restart: Reloading web application '/WebApplication2'
21-Dec-2018 17:17:08.838 INFO [http-nio-8081-exec-62] org.apache.catalina.core.ApplicationContext.log Manager: list: Listing contexts for virtual host 'localhost'
21-Dec-2018 17:17:08.851 INFO [http-nio-8081-exec-69] org.apache.catalina.core.ApplicationContext.log Manager: restart: Reloading web application '/WebApplication2'
21-Dec-2018 17:17:33.179 INFO [http-nio-8081-exec-70] org.apache.catalina.core.ApplicationContext.log Manager: list: Listing contexts for virtual host 'localhost'
21-Dec-2018 17:17:33.195 INFO [http-nio-8081-exec-59] org.apache.catalina.core.ApplicationContext.log Manager: restart: Reloading web application '/WebApplication2'
21-Dec-2018 17:17:43.231 INFO [http-nio-8081-exec-73] org.apache.catalina.core.ApplicationContext.log Manager: list: Listing contexts for virtual host 'localhost'
21-Dec-2018 17:17:43.263 INFO [http-nio-8081-exec-62] org.apache.catalina.core.ApplicationContext.log Manager: restart: Reloading web application '/WebApplication2'
21-Dec-2018 17:17:45.736 INFO [http-nio-8081-exec-75] org.apache.catalina.core.ApplicationContext.log Manager: list: Listing contexts for virtual host 'localhost'
21-Dec-2018 17:17:45.757 INFO [http-nio-8081-exec-52] org.apache.catalina.core.ApplicationContext.log Manager: restart: Reloading web application '/WebApplication2'
21-Dec-2018 17:18:16.220 INFO [http-nio-8081-exec-74] org.apache.catalina.core.ApplicationContext.log Manager: list: Listing contexts for virtual host 'localhost'
21-Dec-2018 17:18:16.232 INFO [http-nio-8081-exec-62] org.apache.catalina.core.ApplicationContext.log Manager: restart: Reloading web application '/WebApplication2'
21-Dec-2018 17:18:23.847 INFO [http-nio-8081-exec-57] org.apache.catalina.core.ApplicationContext.log Manager: list: Listing contexts for virtual host 'localhost'
21-Dec-2018 17:18:23.861 INFO [http-nio-8081-exec-76] org.apache.catalina.core.ApplicationContext.log Manager: restart: Reloading web application '/WebApplication2'
21-Dec-2018 17:18:26.594 INFO [http-nio-8081-exec-62] org.apache.catalina.core.ApplicationContext.log Manager: list: Listing contexts for virtual host 'localhost'
21-Dec-2018 17:18:26.605 INFO [http-nio-8081-exec-70] org.apache.catalina.core.ApplicationContext.log Manager: restart: Reloading web application '/WebApplication2'
21-Dec-2018 17:18:32.138 INFO [http-nio-8081-exec-74] org.apache.catalina.core.ApplicationContext.log Manager: list: Listing contexts for virtual host 'localhost'
21-Dec-2018 17:18:32.149 INFO [http-nio-8081-exec-78] org.apache.catalina.core.ApplicationContext.log Manager: restart: Reloading web application '/WebApplication2'
21-Dec-2018 17:18:38.459 INFO [http-nio-8081-exec-80] org.apache.catalina.core.ApplicationContext.log Manager: list: Listing contexts for virtual host 'localhost'
21-Dec-2018 17:18:38.476 INFO [http-nio-8081-exec-79] org.apache.catalina.core.ApplicationContext.log Manager: restart: Reloading web application '/WebApplication2'
21-Dec-2018 17:18:56.808 INFO [http-nio-8081-exec-80] org.apache.catalina.core.ApplicationContext.log Manager: list: Listing contexts for virtual host 'localhost'
21-Dec-2018 17:18:56.821 INFO [http-nio-8081-exec-76] org.apache.catalina.core.ApplicationContext.log Manager: restart: Reloading web application '/WebApplication2'
21-Dec-2018 17:19:08.297 INFO [http-nio-8081-exec-82] org.apache.catalina.core.ApplicationContext.log Manager: list: Listing contexts for virtual host 'localhost'
21-Dec-2018 17:19:08.327 INFO [http-nio-8081-exec-57] org.apache.catalina.core.ApplicationContext.log Manager: restart: Reloading web application '/WebApplication2'
21-Dec-2018 17:19:35.136 INFO [http-nio-8081-exec-78] org.apache.catalina.core.ApplicationContext.log Manager: list: Listing contexts for virtual host 'localhost'
21-Dec-2018 17:19:35.150 INFO [http-nio-8081-exec-74] org.apache.catalina.core.ApplicationContext.log Manager: restart: Reloading web application '/WebApplication2'
21-Dec-2018 17:19:43.729 INFO [http-nio-8081-exec-67] org.apache.catalina.core.ApplicationContext.log Manager: list: Listing contexts for virtual host 'localhost'
21-Dec-2018 17:19:43.739 INFO [http-nio-8081-exec-79] org.apache.catalina.core.ApplicationContext.log Manager: restart: Reloading web application '/WebApplication2'
21-Dec-2018 17:19:46.241 INFO [http-nio-8081-exec-78] org.apache.catalina.core.ApplicationContext.log Manager: list: Listing contexts for virtual host 'localhost'
21-Dec-2018 17:19:46.252 INFO [http-nio-8081-exec-81] org.apache.catalina.core.ApplicationContext.log Manager: restart: Reloading web application '/WebApplication2'
21-Dec-2018 17:19:55.791 INFO [http-nio-8081-exec-62] org.apache.catalina.core.ApplicationContext.log Manager: list: Listing contexts for virtual host 'localhost'
21-Dec-2018 17:19:57.406 INFO [http-nio-8081-exec-81] org.apache.catalina.core.ApplicationContext.log Manager: list: Listing contexts for virtual host 'localhost'
21-Dec-2018 17:20:05.682 INFO [http-nio-8081-exec-62] org.apache.catalina.core.ApplicationContext.log Manager: list: Listing contexts for virtual host 'localhost'
21-Dec-2018 17:20:05.771 INFO [http-nio-8081-exec-86] org.apache.catalina.core.ApplicationContext.log Manager: restart: Reloading web application '/WebApplication2'
21-Dec-2018 17:20:08.259 INFO [http-nio-8081-exec-81] org.apache.catalina.core.ApplicationContext.log Manager: list: Listing contexts for virtual host 'localhost'
21-Dec-2018 17:20:08.275 INFO [http-nio-8081-exec-85] org.apache.catalina.core.ApplicationContext.log Manager: restart: Reloading web application '/WebApplication2'
21-Dec-2018 17:20:08.749 INFO [http-nio-8081-exec-79] org.apache.catalina.core.ApplicationContext.log Manager: list: Listing contexts for virtual host 'localhost'
21-Dec-2018 17:20:18.925 INFO [http-nio-8081-exec-90] org.apache.catalina.core.ApplicationContext.log Manager: list: Listing contexts for virtual host 'localhost'
21-Dec-2018 17:20:22.859 INFO [http-nio-8081-exec-78] org.apache.catalina.core.ApplicationContext.log Manager: list: Listing contexts for virtual host 'localhost'
21-Dec-2018 17:20:40.674 INFO [http-nio-8081-exec-87] org.apache.catalina.core.ApplicationContext.log Manager: list: Listing contexts for virtual host 'localhost'
21-Dec-2018 17:20:58.247 INFO [http-nio-8081-exec-81] org.apache.catalina.core.ApplicationContext.log Manager: list: Listing contexts for virtual host 'localhost'
21-Dec-2018 17:21:01.890 INFO [http-nio-8081-exec-92] org.apache.catalina.core.ApplicationContext.log Manager: list: Listing contexts for virtual host 'localhost'
21-Dec-2018 17:21:08.825 INFO [http-nio-8081-exec-91] org.apache.catalina.core.ApplicationContext.log Manager: list: Listing contexts for virtual host 'localhost'
21-Dec-2018 17:21:08.831 INFO [http-nio-8081-exec-95] org.apache.catalina.core.ApplicationContext.log Manager: list: Listing contexts for virtual host 'localhost'
21-Dec-2018 17:21:08.879 INFO [http-nio-8081-exec-94] org.apache.catalina.core.ApplicationContext.log Manager: restart: Reloading web application '/WebApplication2'
21-Dec-2018 17:21:46.132 INFO [http-nio-8081-exec-101] org.apache.catalina.core.ApplicationContext.log Manager: list: Listing contexts for virtual host 'localhost'
21-Dec-2018 17:21:46.147 INFO [http-nio-8081-exec-93] org.apache.catalina.core.ApplicationContext.log Manager: restart: Reloading web application '/WebApplication2'
21-Dec-2018 17:21:52.559 INFO [137] org.apache.catalina.core.ApplicationContext.log Manager: list: Listing contexts for virtual host 'localhost'
21-Dec-2018 17:21:52.563 INFO [http-nio-8081-exec-95] org.apache.catalina.core.ApplicationContext.log Manager: list: Listing contexts for virtual host 'localhost'
21-Dec-2018 17:21:52.634 INFO [http-nio-8081-exec-98] org.apache.catalina.core.ApplicationContext.log Manager: restart: Reloading web application '/WebApplication2'
21-Dec-2018 17:22:33.830 INFO [http-nio-8081-exec-104] org.apache.catalina.core.ApplicationContext.log Manager: list: Listing contexts for virtual host 'localhost'
21-Dec-2018 17:24:32.043 INFO [http-nio-8081-exec-105] org.apache.catalina.core.ApplicationContext.log Manager: list: Listing contexts for virtual host 'localhost'
21-Dec-2018 17:24:32.055 INFO [http-nio-8081-exec-106] org.apache.catalina.core.ApplicationContext.log Manager: restart: Reloading web application '/WebApplication2'
21-Dec-2018 17:24:45.790 INFO [http-nio-8081-exec-108] org.apache.catalina.core.ApplicationContext.log Manager: list: Listing contexts for virtual host 'localhost'
21-Dec-2018 17:24:45.812 INFO [http-nio-8081-exec-109] org.apache.catalina.core.ApplicationContext.log Manager: restart: Reloading web application '/WebApplication2'
21-Dec-2018 17:24:56.577 INFO [http-nio-8081-exec-105] org.apache.catalina.core.ApplicationContext.log Manager: list: Listing contexts for virtual host 'localhost'
21-Dec-2018 17:27:20.799 INFO [http-nio-8081-exec-122] org.apache.catalina.core.ApplicationContext.log Manager: list: Listing contexts for virtual host 'localhost'
21-Dec-2018 17:27:20.837 INFO [http-nio-8081-exec-119] org.apache.catalina.core.ApplicationContext.log Manager: restart: Reloading web application '/WebApplication2'
21-Dec-2018 17:27:47.414 INFO [http-nio-8081-exec-121] org.apache.catalina.core.ApplicationContext.log Manager: list: Listing contexts for virtual host 'localhost'
21-Dec-2018 17:27:47.427 INFO [http-nio-8081-exec-118] org.apache.catalina.core.ApplicationContext.log Manager: restart: Reloading web application '/WebApplication2'
21-Dec-2018 17:27:52.693 INFO [http-nio-8081-exec-123] org.apache.catalina.core.ApplicationContext.log Manager: list: Listing contexts for virtual host 'localhost'
21-Dec-2018 17:27:52.707 INFO [http-nio-8081-exec-115] org.apache.catalina.core.ApplicationContext.log Manager: restart: Reloading web application '/WebApplication2'
21-Dec-2018 17:28:01.435 INFO [http-nio-8081-exec-117] org.apache.catalina.core.ApplicationContext.log Manager: list: Listing contexts for virtual host 'localhost'
21-Dec-2018 17:28:01.446 INFO [http-nio-8081-exec-124] org.apache.catalina.core.ApplicationContext.log Manager: restart: Reloading web application '/WebApplication2'
21-Dec-2018 17:28:13.061 INFO [http-nio-8081-exec-115] org.apache.catalina.core.ApplicationContext.log Manager: list: Listing contexts for virtual host 'localhost'
21-Dec-2018 17:28:13.087 INFO [http-nio-8081-exec-120] org.apache.catalina.core.ApplicationContext.log Manager: restart: Reloading web application '/WebApplication2'
21-Dec-2018 17:28:59.011 INFO [174] org.apache.catalina.core.ApplicationContext.log Manager: list: Listing contexts for virtual host 'localhost'
21-Dec-2018 17:28:59.062 INFO [http-nio-8081-exec-121] org.apache.catalina.core.ApplicationContext.log Manager: list: Listing contexts for virtual host 'localhost'
21-Dec-2018 17:28:59.130 INFO [http-nio-8081-exec-114] org.apache.catalina.core.ApplicationContext.log Manager: restart: Reloading web application '/WebApplication2'
21-Dec-2018 17:30:38.282 INFO [http-nio-8081-exec-134] org.apache.catalina.core.ApplicationContext.log Manager: list: Listing contexts for virtual host 'localhost'
21-Dec-2018 17:30:38.295 INFO [http-nio-8081-exec-135] org.apache.catalina.core.ApplicationContext.log Manager: restart: Reloading web application '/WebApplication2'
21-Dec-2018 17:31:21.167 INFO [http-nio-8081-exec-138] org.apache.catalina.core.ApplicationContext.log Manager: list: Listing contexts for virtual host 'localhost'
21-Dec-2018 17:31:21.180 INFO [http-nio-8081-exec-131] org.apache.catalina.core.ApplicationContext.log Manager: restart: Reloading web application '/WebApplication2'
21-Dec-2018 17:31:29.512 INFO [http-nio-8081-exec-140] org.apache.catalina.core.ApplicationContext.log Manager: list: Listing contexts for virtual host 'localhost'
21-Dec-2018 17:31:29.525 INFO [http-nio-8081-exec-134] org.apache.catalina.core.ApplicationContext.log Manager: restart: Reloading web application '/WebApplication2'
21-Dec-2018 17:31:31.468 INFO [http-nio-8081-exec-136] org.apache.catalina.core.ApplicationContext.log Manager: list: Listing contexts for virtual host 'localhost'
21-Dec-2018 17:31:31.479 INFO [http-nio-8081-exec-138] org.apache.catalina.core.ApplicationContext.log Manager: restart: Reloading web application '/WebApplication2'
21-Dec-2018 17:31:57.810 INFO [http-nio-8081-exec-131] org.apache.catalina.core.ApplicationContext.log Manager: list: Listing contexts for virtual host 'localhost'
21-Dec-2018 17:31:57.821 INFO [http-nio-8081-exec-136] org.apache.catalina.core.ApplicationContext.log Manager: restart: Reloading web application '/WebApplication2'
21-Dec-2018 17:32:02.413 INFO [http-nio-8081-exec-142] org.apache.catalina.core.ApplicationContext.log Manager: list: Listing contexts for virtual host 'localhost'
21-Dec-2018 17:32:02.429 INFO [http-nio-8081-exec-138] org.apache.catalina.core.ApplicationContext.log Manager: restart: Reloading web application '/WebApplication2'
21-Dec-2018 17:32:03.271 INFO [http-nio-8081-exec-132] org.apache.catalina.core.ApplicationContext.log Manager: list: Listing contexts for virtual host 'localhost'
21-Dec-2018 17:32:03.288 INFO [http-nio-8081-exec-135] org.apache.catalina.core.ApplicationContext.log Manager: restart: Reloading web application '/WebApplication2'
21-Dec-2018 17:32:37.504 INFO [http-nio-8081-exec-144] org.apache.catalina.core.ApplicationContext.log Manager: list: Listing contexts for virtual host 'localhost'
21-Dec-2018 17:32:37.523 INFO [http-nio-8081-exec-146] org.apache.catalina.core.ApplicationContext.log Manager: restart: Reloading web application '/WebApplication2'
21-Dec-2018 17:32:40.553 INFO [http-nio-8081-exec-144] org.apache.catalina.core.ApplicationContext.log Manager: list: Listing contexts for virtual host 'localhost'
21-Dec-2018 17:32:40.567 INFO [http-nio-8081-exec-132] org.apache.catalina.core.ApplicationContext.log Manager: restart: Reloading web application '/WebApplication2'
21-Dec-2018 17:32:53.689 INFO [http-nio-8081-exec-142] org.apache.catalina.core.ApplicationContext.log Manager: list: Listing contexts for virtual host 'localhost'
21-Dec-2018 17:32:53.720 INFO [http-nio-8081-exec-138] org.apache.catalina.core.ApplicationContext.log Manager: restart: Reloading web application '/WebApplication2'
21-Dec-2018 17:33:01.895 INFO [http-nio-8081-exec-132] org.apache.catalina.core.ApplicationContext.log Manager: list: Listing contexts for virtual host 'localhost'
21-Dec-2018 17:33:01.920 INFO [http-nio-8081-exec-144] org.apache.catalina.core.ApplicationContext.log Manager: restart: Reloading web application '/WebApplication2'
21-Dec-2018 17:33:22.121 INFO [http-nio-8081-exec-145] org.apache.catalina.core.ApplicationContext.log Manager: list: Listing contexts for virtual host 'localhost'
21-Dec-2018 17:33:22.147 INFO [http-nio-8081-exec-149] org.apache.catalina.core.ApplicationContext.log Manager: restart: Reloading web application '/WebApplication2'
21-Dec-2018 17:34:10.052 INFO [http-nio-8081-exec-147] org.apache.catalina.core.ApplicationContext.log Manager: list: Listing contexts for virtual host 'localhost'
21-Dec-2018 17:34:10.084 INFO [http-nio-8081-exec-132] org.apache.catalina.core.ApplicationContext.log Manager: restart: Reloading web application '/WebApplication2'
21-Dec-2018 17:34:52.100 INFO [http-nio-8081-exec-149] org.apache.catalina.core.ApplicationContext.log Manager: list: Listing contexts for virtual host 'localhost'
21-Dec-2018 17:34:52.114 INFO [http-nio-8081-exec-145] org.apache.catalina.core.ApplicationContext.log Manager: restart: Reloading web application '/WebApplication2'
21-Dec-2018 17:34:57.583 INFO [http-nio-8081-exec-146] org.apache.catalina.core.ApplicationContext.log Manager: list: Listing contexts for virtual host 'localhost'
21-Dec-2018 17:34:57.596 INFO [http-nio-8081-exec-136] org.apache.catalina.core.ApplicationContext.log Manager: restart: Reloading web application '/WebApplication2'
21-Dec-2018 17:35:33.098 INFO [http-nio-8081-exec-145] org.apache.catalina.core.ApplicationContext.log Manager: list: Listing contexts for virtual host 'localhost'
21-Dec-2018 17:35:33.107 INFO [http-nio-8081-exec-152] org.apache.catalina.core.ApplicationContext.log Manager: restart: Reloading web application '/WebApplication2'
21-Dec-2018 17:35:38.523 INFO [http-nio-8081-exec-147] org.apache.catalina.core.ApplicationContext.log Manager: list: Listing contexts for virtual host 'localhost'
21-Dec-2018 17:35:38.541 INFO [http-nio-8081-exec-132] org.apache.catalina.core.ApplicationContext.log Manager: restart: Reloading web application '/WebApplication2'
21-Dec-2018 17:35:48.023 INFO [http-nio-8081-exec-149] org.apache.catalina.core.ApplicationContext.log Manager: list: Listing contexts for virtual host 'localhost'
21-Dec-2018 17:36:38.170 INFO [http-nio-8081-exec-155] org.apache.catalina.core.ApplicationContext.log Manager: list: Listing contexts for virtual host 'localhost'
21-Dec-2018 17:36:38.231 INFO [http-nio-8081-exec-154] org.apache.catalina.core.ApplicationContext.log Manager: restart: Reloading web application '/WebApplication2'
21-Dec-2018 17:36:59.655 INFO [http-nio-8081-exec-156] org.apache.catalina.core.ApplicationContext.log Manager: list: Listing contexts for virtual host 'localhost'
21-Dec-2018 17:36:59.668 INFO [http-nio-8081-exec-145] org.apache.catalina.core.ApplicationContext.log Manager: restart: Reloading web application '/WebApplication2'
21-Dec-2018 17:37:02.889 INFO [http-nio-8081-exec-146] org.apache.catalina.core.ApplicationContext.log Manager: list: Listing contexts for virtual host 'localhost'
21-Dec-2018 17:37:02.899 INFO [http-nio-8081-exec-155] org.apache.catalina.core.ApplicationContext.log Manager: restart: Reloading web application '/WebApplication2'
21-Dec-2018 17:37:05.572 INFO [http-nio-8081-exec-158] org.apache.catalina.core.ApplicationContext.log Manager: list: Listing contexts for virtual host 'localhost'
21-Dec-2018 17:37:05.583 INFO [http-nio-8081-exec-159] org.apache.catalina.core.ApplicationContext.log Manager: restart: Reloading web application '/WebApplication2'
21-Dec-2018 17:37:16.645 INFO [http-nio-8081-exec-161] org.apache.catalina.core.ApplicationContext.log Manager: list: Listing contexts for virtual host 'localhost'
21-Dec-2018 17:37:16.656 INFO [http-nio-8081-exec-160] org.apache.catalina.core.ApplicationContext.log Manager: restart: Reloading web application '/WebApplication2'
21-Dec-2018 17:37:18.594 INFO [http-nio-8081-exec-155] org.apache.catalina.core.ApplicationContext.log Manager: list: Listing contexts for virtual host 'localhost'
21-Dec-2018 17:37:18.620 INFO [http-nio-8081-exec-154] org.apache.catalina.core.ApplicationContext.log Manager: restart: Reloading web application '/WebApplication2'
21-Dec-2018 17:37:20.341 INFO [http-nio-8081-exec-156] org.apache.catalina.core.ApplicationContext.log Manager: list: Listing contexts for virtual host 'localhost'
21-Dec-2018 17:37:20.363 INFO [http-nio-8081-exec-145] org.apache.catalina.core.ApplicationContext.log Manager: restart: Reloading web application '/WebApplication2'
21-Dec-2018 17:37:28.848 INFO [http-nio-8081-exec-163] org.apache.catalina.core.ApplicationContext.log Manager: list: Listing contexts for virtual host 'localhost'
21-Dec-2018 17:39:06.598 INFO [http-nio-8081-exec-165] org.apache.catalina.core.ApplicationContext.log Manager: list: Listing contexts for virtual host 'localhost'
21-Dec-2018 17:39:06.608 INFO [http-nio-8081-exec-166] org.apache.catalina.core.ApplicationContext.log Manager: restart: Reloading web application '/WebApplication2'
21-Dec-2018 17:39:18.223 INFO [http-nio-8081-exec-156] org.apache.catalina.core.ApplicationContext.log Manager: list: Listing contexts for virtual host 'localhost'
21-Dec-2018 17:39:18.234 INFO [http-nio-8081-exec-145] org.apache.catalina.core.ApplicationContext.log Manager: restart: Reloading web application '/WebApplication2'
21-Dec-2018 17:39:22.235 INFO [http-nio-8081-exec-163] org.apache.catalina.core.ApplicationContext.log Manager: list: Listing contexts for virtual host 'localhost'
21-Dec-2018 17:39:37.222 INFO [http-nio-8081-exec-156] org.apache.catalina.core.ApplicationContext.log Manager: list: Listing contexts for virtual host 'localhost'
21-Dec-2018 17:39:37.236 INFO [http-nio-8081-exec-164] org.apache.catalina.core.ApplicationContext.log Manager: restart: Reloading web application '/WebApplication2'
21-Dec-2018 17:39:43.475 INFO [http-nio-8081-exec-170] org.apache.catalina.core.ApplicationContext.log Manager: list: Listing contexts for virtual host 'localhost'
21-Dec-2018 17:39:43.490 INFO [http-nio-8081-exec-156] org.apache.catalina.core.ApplicationContext.log Manager: restart: Reloading web application '/WebApplication2'
21-Dec-2018 17:39:44.919 INFO [http-nio-8081-exec-168] org.apache.catalina.core.ApplicationContext.log Manager: list: Listing contexts for virtual host 'localhost'
21-Dec-2018 17:39:44.931 INFO [http-nio-8081-exec-171] org.apache.catalina.core.ApplicationContext.log Manager: restart: Reloading web application '/WebApplication2'
21-Dec-2018 17:39:58.320 INFO [213] org.apache.catalina.core.ApplicationContext.log Manager: list: Listing contexts for virtual host 'localhost'
21-Dec-2018 17:39:58.336 INFO [http-nio-8081-exec-163] org.apache.catalina.core.ApplicationContext.log Manager: list: Listing contexts for virtual host 'localhost'
21-Dec-2018 17:39:58.382 INFO [http-nio-8081-exec-166] org.apache.catalina.core.ApplicationContext.log Manager: restart: Reloading web application '/WebApplication2'
21-Dec-2018 17:41:39.858 INFO [http-nio-8081-exec-179] org.apache.catalina.core.ApplicationContext.log Manager: list: Listing contexts for virtual host 'localhost'
21-Dec-2018 17:41:39.874 INFO [http-nio-8081-exec-175] org.apache.catalina.core.ApplicationContext.log Manager: restart: Reloading web application '/WebApplication2'
21-Dec-2018 17:46:41.894 INFO [http-nio-8081-exec-185] org.apache.catalina.core.ApplicationContext.log Manager: list: Listing contexts for virtual host 'localhost'
21-Dec-2018 17:46:41.907 INFO [http-nio-8081-exec-190] org.apache.catalina.core.ApplicationContext.log Manager: restart: Reloading web application '/WebApplication2'
21-Dec-2018 17:47:46.210 INFO [http-nio-8081-exec-185] org.apache.catalina.core.ApplicationContext.log Manager: list: Listing contexts for virtual host 'localhost'
21-Dec-2018 17:47:46.225 INFO [http-nio-8081-exec-194] org.apache.catalina.core.ApplicationContext.log Manager: restart: Reloading web application '/WebApplication2'
21-Dec-2018 17:47:50.254 INFO [http-nio-8081-exec-196] org.apache.catalina.core.ApplicationContext.log Manager: list: Listing contexts for virtual host 'localhost'
21-Dec-2018 17:47:50.269 INFO [http-nio-8081-exec-197] org.apache.catalina.core.ApplicationContext.log Manager: restart: Reloading web application '/WebApplication2'
21-Dec-2018 17:47:57.946 INFO [http-nio-8081-exec-198] org.apache.catalina.core.ApplicationContext.log Manager: list: Listing contexts for virtual host 'localhost'
21-Dec-2018 17:47:57.968 INFO [http-nio-8081-exec-197] org.apache.catalina.core.ApplicationContext.log Manager: restart: Reloading web application '/WebApplication2'
21-Dec-2018 17:48:12.245 INFO [http-nio-8081-exec-201] org.apache.catalina.core.ApplicationContext.log Manager: list: Listing contexts for virtual host 'localhost'
21-Dec-2018 17:48:12.261 INFO [http-nio-8081-exec-185] org.apache.catalina.core.ApplicationContext.log Manager: restart: Reloading web application '/WebApplication2'
21-Dec-2018 19:05:12.291 INFO [http-nio-8081-exec-209] org.apache.catalina.core.ApplicationContext.log Manager: list: Listing contexts for virtual host 'localhost'
21-Dec-2018 19:05:12.304 INFO [http-nio-8081-exec-210] org.apache.catalina.core.ApplicationContext.log Manager: restart: Reloading web application '/WebApplication2'
21-Dec-2018 19:05:49.600 INFO [http-nio-8081-exec-204] org.apache.catalina.core.ApplicationContext.log Manager: list: Listing contexts for virtual host 'localhost'
21-Dec-2018 19:05:49.631 INFO [http-nio-8081-exec-215] org.apache.catalina.core.ApplicationContext.log Manager: restart: Reloading web application '/MuaBanNha'
21-Dec-2018 19:05:51.946 INFO [http-nio-8081-exec-216] org.apache.catalina.core.ApplicationContext.log Manager: list: Listing contexts for virtual host 'localhost'
21-Dec-2018 19:05:51.962 INFO [http-nio-8081-exec-217] org.apache.catalina.core.ApplicationContext.log Manager: restart: Reloading web application '/MuaBanNha'
21-Dec-2018 19:07:42.476 INFO [http-nio-8081-exec-214] org.apache.catalina.core.ApplicationContext.log Manager: list: Listing contexts for virtual host 'localhost'
21-Dec-2018 19:07:42.492 INFO [http-nio-8081-exec-185] org.apache.catalina.core.ApplicationContext.log Manager: restart: Reloading web application '/MuaBanNha'
21-Dec-2018 19:08:17.428 INFO [http-nio-8081-exec-211] org.apache.catalina.core.ApplicationContext.log Manager: list: Listing contexts for virtual host 'localhost'
21-Dec-2018 19:08:17.444 INFO [http-nio-8081-exec-221] org.apache.catalina.core.ApplicationContext.log Manager: restart: Reloading web application '/MuaBanNha'
21-Dec-2018 19:08:53.136 INFO [http-nio-8081-exec-214] org.apache.catalina.core.ApplicationContext.log Manager: list: Listing contexts for virtual host 'localhost'
21-Dec-2018 19:08:53.167 INFO [http-nio-8081-exec-218] org.apache.catalina.core.ApplicationContext.log Manager: restart: Reloading web application '/MuaBanNha'
21-Dec-2018 19:08:54.859 INFO [http-nio-8081-exec-220] org.apache.catalina.core.ApplicationContext.log Manager: list: Listing contexts for virtual host 'localhost'
21-Dec-2018 19:08:54.875 INFO [http-nio-8081-exec-223] org.apache.catalina.core.ApplicationContext.log Manager: restart: Reloading web application '/MuaBanNha'
21-Dec-2018 19:09:15.089 INFO [http-nio-8081-exec-211] org.apache.catalina.core.ApplicationContext.log Manager: list: Listing contexts for virtual host 'localhost'
21-Dec-2018 19:09:15.120 INFO [http-nio-8081-exec-221] org.apache.catalina.core.ApplicationContext.log Manager: restart: Reloading web application '/MuaBanNha'
21-Dec-2018 19:09:37.711 INFO [http-nio-8081-exec-225] org.apache.catalina.core.ApplicationContext.log Manager: list: Listing contexts for virtual host 'localhost'
21-Dec-2018 19:09:37.726 INFO [http-nio-8081-exec-226] org.apache.catalina.core.ApplicationContext.log Manager: restart: Reloading web application '/MuaBanNha'
21-Dec-2018 19:09:41.215 INFO [http-nio-8081-exec-227] org.apache.catalina.core.ApplicationContext.log Manager: list: Listing contexts for virtual host 'localhost'
21-Dec-2018 19:09:41.245 INFO [http-nio-8081-exec-222] org.apache.catalina.core.ApplicationContext.log Manager: restart: Reloading web application '/MuaBanNha'
21-Dec-2018 19:10:08.813 INFO [http-nio-8081-exec-221] org.apache.catalina.core.ApplicationContext.log Manager: list: Listing contexts for virtual host 'localhost'
21-Dec-2018 19:10:08.828 INFO [http-nio-8081-exec-228] org.apache.catalina.core.ApplicationContext.log Manager: restart: Reloading web application '/MuaBanNha'
21-Dec-2018 19:10:20.749 INFO [http-nio-8081-exec-229] org.apache.catalina.core.ApplicationContext.log Manager: list: Listing contexts for virtual host 'localhost'
21-Dec-2018 19:10:20.781 INFO [http-nio-8081-exec-226] org.apache.catalina.core.ApplicationContext.log Manager: restart: Reloading web application '/MuaBanNha'
21-Dec-2018 19:10:36.060 INFO [http-nio-8081-exec-221] org.apache.catalina.core.ApplicationContext.log Manager: list: Listing contexts for virtual host 'localhost'
21-Dec-2018 19:10:36.092 INFO [http-nio-8081-exec-211] org.apache.catalina.core.ApplicationContext.log Manager: restart: Reloading web application '/MuaBanNha'
21-Dec-2018 19:11:04.019 INFO [http-nio-8081-exec-214] org.apache.catalina.core.ApplicationContext.log Manager: list: Listing contexts for virtual host 'localhost'
21-Dec-2018 19:11:04.030 INFO [http-nio-8081-exec-231] org.apache.catalina.core.ApplicationContext.log Manager: restart: Reloading web application '/MuaBanNha'
21-Dec-2018 19:11:57.962 INFO [http-nio-8081-exec-211] org.apache.catalina.core.ApplicationContext.log Manager: list: Listing contexts for virtual host 'localhost'
21-Dec-2018 19:11:57.982 INFO [http-nio-8081-exec-214] org.apache.catalina.core.ApplicationContext.log Manager: restart: Reloading web application '/MuaBanNha'
21-Dec-2018 19:12:23.481 INFO [http-nio-8081-exec-226] org.apache.catalina.core.ApplicationContext.log Manager: list: Listing contexts for virtual host 'localhost'
21-Dec-2018 19:12:23.485 INFO [http-nio-8081-exec-222] org.apache.catalina.core.ApplicationContext.log Manager: list: Listing contexts for virtual host 'localhost'
21-Dec-2018 19:12:23.710 INFO [http-nio-8081-exec-233] org.apache.catalina.core.ApplicationContext.log Manager: restart: Reloading web application '/MuaBanNha'
21-Dec-2018 19:13:08.390 INFO [http-nio-8081-exec-237] org.apache.catalina.core.ApplicationContext.log Manager: list: Listing contexts for virtual host 'localhost'
21-Dec-2018 19:13:08.411 INFO [http-nio-8081-exec-234] org.apache.catalina.core.ApplicationContext.log Manager: restart: Reloading web application '/MuaBanNha'
21-Dec-2018 19:13:43.092 INFO [http-nio-8081-exec-240] org.apache.catalina.core.ApplicationContext.log Manager: list: Listing contexts for virtual host 'localhost'
21-Dec-2018 19:13:43.113 INFO [http-nio-8081-exec-238] org.apache.catalina.core.ApplicationContext.log Manager: restart: Reloading web application '/MuaBanNha'
21-Dec-2018 19:14:01.090 INFO [http-nio-8081-exec-240] org.apache.catalina.core.ApplicationContext.log Manager: list: Listing contexts for virtual host 'localhost'
21-Dec-2018 19:14:01.111 INFO [http-nio-8081-exec-242] org.apache.catalina.core.ApplicationContext.log Manager: restart: Reloading web application '/MuaBanNha'
21-Dec-2018 19:14:28.205 INFO [http-nio-8081-exec-238] org.apache.catalina.core.ApplicationContext.log Manager: list: Listing contexts for virtual host 'localhost'
21-Dec-2018 19:14:28.227 INFO [http-nio-8081-exec-244] org.apache.catalina.core.ApplicationContext.log Manager: restart: Reloading web application '/MuaBanNha'
21-Dec-2018 19:14:41.953 INFO [http-nio-8081-exec-239] org.apache.catalina.core.ApplicationContext.log Manager: list: Listing contexts for virtual host 'localhost'
21-Dec-2018 19:15:36.542 INFO [http-nio-8081-exec-249] org.apache.catalina.core.ApplicationContext.log Manager: list: Listing contexts for virtual host 'localhost'
21-Dec-2018 19:15:36.574 INFO [http-nio-8081-exec-251] org.apache.catalina.core.ApplicationContext.log Manager: restart: Reloading web application '/MuaBanNha'
21-Dec-2018 19:16:08.181 INFO [http-nio-8081-exec-240] org.apache.catalina.core.ApplicationContext.log Manager: list: Listing contexts for virtual host 'localhost'
21-Dec-2018 19:16:08.201 INFO [http-nio-8081-exec-251] org.apache.catalina.core.ApplicationContext.log Manager: restart: Reloading web application '/MuaBanNha'
21-Dec-2018 19:19:14.688 INFO [http-nio-8081-exec-258] org.apache.catalina.core.ApplicationContext.log Manager: list: Listing contexts for virtual host 'localhost'
21-Dec-2018 19:19:14.715 INFO [http-nio-8081-exec-265] org.apache.catalina.core.ApplicationContext.log Manager: restart: Reloading web application '/MuaBanNha'
21-Dec-2018 19:22:26.729 INFO [http-nio-8081-exec-271] org.apache.catalina.core.ApplicationContext.log Manager: list: Listing contexts for virtual host 'localhost'
21-Dec-2018 19:22:26.753 INFO [http-nio-8081-exec-270] org.apache.catalina.core.ApplicationContext.log Manager: restart: Reloading web application '/MuaBanNha'
21-Dec-2018 19:22:51.796 INFO [http-nio-8081-exec-273] org.apache.catalina.core.ApplicationContext.log Manager: list: Listing contexts for virtual host 'localhost'
21-Dec-2018 19:22:51.823 INFO [http-nio-8081-exec-267] org.apache.catalina.core.ApplicationContext.log Manager: restart: Reloading web application '/MuaBanNha'
21-Dec-2018 19:24:29.232 INFO [http-nio-8081-exec-272] org.apache.catalina.core.ApplicationContext.log Manager: list: Listing contexts for virtual host 'localhost'
21-Dec-2018 19:25:05.898 INFO [http-nio-8081-exec-281] org.apache.catalina.core.ApplicationContext.log Manager: list: Listing contexts for virtual host 'localhost'
21-Dec-2018 19:57:57.356 INFO [http-nio-8081-exec-284] org.apache.catalina.core.ApplicationContext.log Manager: list: Listing contexts for virtual host 'localhost'
21-Dec-2018 19:58:36.309 INFO [http-nio-8081-exec-285] org.apache.catalina.core.ApplicationContext.log Manager: list: Listing contexts for virtual host 'localhost'
21-Dec-2018 19:59:18.356 INFO [http-nio-8081-exec-287] org.apache.catalina.core.ApplicationContext.log Manager: list: Listing contexts for virtual host 'localhost'
21-Dec-2018 20:01:29.845 INFO [http-nio-8081-exec-279] org.apache.catalina.core.ApplicationContext.log Manager: list: Listing contexts for virtual host 'localhost'
21-Dec-2018 20:02:19.037 INFO [http-nio-8081-exec-287] org.apache.catalina.core.ApplicationContext.log Manager: list: Listing contexts for virtual host 'localhost'
21-Dec-2018 20:03:30.319 INFO [http-nio-8081-exec-279] org.apache.catalina.core.ApplicationContext.log Manager: list: Listing contexts for virtual host 'localhost'
21-Dec-2018 20:03:43.083 INFO [http-nio-8081-exec-286] org.apache.catalina.core.ApplicationContext.log Manager: list: Listing contexts for virtual host 'localhost'
21-Dec-2018 20:04:48.741 INFO [http-nio-8081-exec-285] org.apache.catalina.core.ApplicationContext.log Manager: list: Listing contexts for virtual host 'localhost'
21-Dec-2018 20:11:25.545 INFO [http-nio-8081-exec-285] org.apache.catalina.core.ApplicationContext.log Manager: list: Listing contexts for virtual host 'localhost'
21-Dec-2018 20:11:25.588 INFO [http-nio-8081-exec-287] org.apache.catalina.core.ApplicationContext.log Manager: restart: Reloading web application '/MuaBanNha'
21-Dec-2018 20:13:42.662 INFO [http-nio-8081-exec-291] org.apache.catalina.core.ApplicationContext.log Manager: list: Listing contexts for virtual host 'localhost'
21-Dec-2018 20:13:42.792 INFO [http-nio-8081-exec-281] org.apache.catalina.core.ApplicationContext.log Manager: restart: Reloading web application '/MuaBanNha'
21-Dec-2018 20:13:44.621 INFO [http-nio-8081-exec-284] org.apache.catalina.core.ApplicationContext.log Manager: list: Listing contexts for virtual host 'localhost'
21-Dec-2018 20:13:44.681 INFO [http-nio-8081-exec-294] org.apache.catalina.core.ApplicationContext.log Manager: restart: Reloading web application '/MuaBanNha'
21-Dec-2018 20:14:03.318 INFO [http-nio-8081-exec-292] org.apache.catalina.core.ApplicationContext.log Manager: list: Listing contexts for virtual host 'localhost'
21-Dec-2018 20:14:03.358 INFO [http-nio-8081-exec-295] org.apache.catalina.core.ApplicationContext.log Manager: restart: Reloading web application '/MuaBanNha'
21-Dec-2018 20:14:04.865 INFO [http-nio-8081-exec-281] org.apache.catalina.core.ApplicationContext.log Manager: list: Listing contexts for virtual host 'localhost'
21-Dec-2018 20:14:04.946 INFO [http-nio-8081-exec-283] org.apache.catalina.core.ApplicationContext.log Manager: restart: Reloading web application '/MuaBanNha'
21-Dec-2018 20:19:25.198 INFO [http-nio-8081-exec-300] org.apache.catalina.core.ApplicationContext.log Manager: list: Listing contexts for virtual host 'localhost'
21-Dec-2018 20:19:25.259 INFO [http-nio-8081-exec-301] org.apache.catalina.core.ApplicationContext.log Manager: restart: Reloading web application '/MuaBanNha'
21-Dec-2018 20:19:26.012 INFO [http-nio-8081-exec-291] org.apache.catalina.core.ApplicationContext.log Manager: list: Listing contexts for virtual host 'localhost'
21-Dec-2018 20:19:26.054 INFO [http-nio-8081-exec-294] org.apache.catalina.core.ApplicationContext.log Manager: restart: Reloading web application '/MuaBanNha'
21-Dec-2018 20:20:56.267 INFO [http-nio-8081-exec-282] org.apache.catalina.core.ApplicationContext.log Manager: list: Listing contexts for virtual host 'localhost'
21-Dec-2018 20:20:56.304 INFO [http-nio-8081-exec-298] org.apache.catalina.core.ApplicationContext.log Manager: restart: Reloading web application '/MuaBanNha'
21-Dec-2018 20:20:59.496 INFO [http-nio-8081-exec-299] org.apache.catalina.core.ApplicationContext.log Manager: list: Listing contexts for virtual host 'localhost'
21-Dec-2018 20:20:59.541 INFO [http-nio-8081-exec-306] org.apache.catalina.core.ApplicationContext.log Manager: restart: Reloading web application '/MuaBanNha'
21-Dec-2018 20:21:04.875 INFO [http-nio-8081-exec-304] org.apache.catalina.core.ApplicationContext.log Manager: list: Listing contexts for virtual host 'localhost'
21-Dec-2018 20:21:04.913 INFO [http-nio-8081-exec-305] org.apache.catalina.core.ApplicationContext.log Manager: restart: Reloading web application '/MuaBanNha'
21-Dec-2018 20:21:18.494 INFO [http-nio-8081-exec-308] org.apache.catalina.core.ApplicationContext.log Manager: list: Listing contexts for virtual host 'localhost'
21-Dec-2018 20:21:18.596 INFO [http-nio-8081-exec-282] org.apache.catalina.core.ApplicationContext.log Manager: restart: Reloading web application '/MuaBanNha'
21-Dec-2018 20:21:24.752 INFO [http-nio-8081-exec-308] org.apache.catalina.core.ApplicationContext.log Manager: list: Listing contexts for virtual host 'localhost'
21-Dec-2018 20:21:24.784 INFO [http-nio-8081-exec-305] org.apache.catalina.core.ApplicationContext.log Manager: restart: Reloading web application '/MuaBanNha'
21-Dec-2018 20:23:23.946 INFO [http-nio-8081-exec-304] org.apache.catalina.core.ApplicationContext.log Manager: list: Listing contexts for virtual host 'localhost'
21-Dec-2018 20:23:24.026 INFO [http-nio-8081-exec-313] org.apache.catalina.core.ApplicationContext.log Manager: restart: Reloading web application '/MuaBanNha'
21-Dec-2018 20:23:25.550 INFO [http-nio-8081-exec-309] org.apache.catalina.core.ApplicationContext.log Manager: list: Listing contexts for virtual host 'localhost'
21-Dec-2018 20:23:25.589 INFO [http-nio-8081-exec-310] org.apache.catalina.core.ApplicationContext.log Manager: restart: Reloading web application '/MuaBanNha'
21-Dec-2018 20:23:58.931 INFO [http-nio-8081-exec-305] org.apache.catalina.core.ApplicationContext.log Manager: list: Listing contexts for virtual host 'localhost'
21-Dec-2018 20:23:58.967 INFO [http-nio-8081-exec-312] org.apache.catalina.core.ApplicationContext.log Manager: restart: Reloading web application '/MuaBanNha'
21-Dec-2018 20:24:12.134 INFO [http-nio-8081-exec-309] org.apache.catalina.core.ApplicationContext.log Manager: list: Listing contexts for virtual host 'localhost'
21-Dec-2018 20:24:12.177 INFO [http-nio-8081-exec-305] org.apache.catalina.core.ApplicationContext.log Manager: restart: Reloading web application '/MuaBanNha'
21-Dec-2018 20:24:12.811 INFO [http-nio-8081-exec-317] org.apache.catalina.core.ApplicationContext.log Manager: list: Listing contexts for virtual host 'localhost'
21-Dec-2018 20:24:12.831 INFO [http-nio-8081-exec-314] org.apache.catalina.core.ApplicationContext.log Manager: restart: Reloading web application '/MuaBanNha'
21-Dec-2018 20:24:16.189 INFO [http-nio-8081-exec-310] org.apache.catalina.core.ApplicationContext.log Manager: list: Listing contexts for virtual host 'localhost'
21-Dec-2018 20:24:16.253 INFO [http-nio-8081-exec-317] org.apache.catalina.core.ApplicationContext.log Manager: restart: Reloading web application '/MuaBanNha'
21-Dec-2018 20:24:23.085 INFO [http-nio-8081-exec-312] org.apache.catalina.core.ApplicationContext.log Manager: list: Listing contexts for virtual host 'localhost'
21-Dec-2018 20:24:23.133 INFO [http-nio-8081-exec-315] org.apache.catalina.core.ApplicationContext.log Manager: restart: Reloading web application '/MuaBanNha'
21-Dec-2018 20:24:35.513 INFO [http-nio-8081-exec-320] org.apache.catalina.core.ApplicationContext.log Manager: list: Listing contexts for virtual host 'localhost'
21-Dec-2018 20:24:35.549 INFO [http-nio-8081-exec-291] org.apache.catalina.core.ApplicationContext.log Manager: restart: Reloading web application '/MuaBanNha'
21-Dec-2018 20:24:36.086 INFO [http-nio-8081-exec-317] org.apache.catalina.core.ApplicationContext.log Manager: list: Listing contexts for virtual host 'localhost'
21-Dec-2018 20:24:36.115 INFO [http-nio-8081-exec-321] org.apache.catalina.core.ApplicationContext.log Manager: restart: Reloading web application '/MuaBanNha'
21-Dec-2018 20:27:37.551 INFO [http-nio-8081-exec-326] org.apache.catalina.core.ApplicationContext.log Manager: list: Listing contexts for virtual host 'localhost'
21-Dec-2018 20:27:37.594 INFO [http-nio-8081-exec-325] org.apache.catalina.core.ApplicationContext.log Manager: restart: Reloading web application '/MuaBanNha'
21-Dec-2018 20:27:51.813 INFO [http-nio-8081-exec-305] org.apache.catalina.core.ApplicationContext.log Manager: list: Listing contexts for virtual host 'localhost'
21-Dec-2018 20:27:51.844 INFO [http-nio-8081-exec-327] org.apache.catalina.core.ApplicationContext.log Manager: restart: Reloading web application '/MuaBanNha'
21-Dec-2018 20:28:13.010 INFO [http-nio-8081-exec-325] org.apache.catalina.core.ApplicationContext.log Manager: list: Listing contexts for virtual host 'localhost'
21-Dec-2018 20:28:13.038 INFO [http-nio-8081-exec-312] org.apache.catalina.core.ApplicationContext.log Manager: restart: Reloading web application '/MuaBanNha'
21-Dec-2018 20:28:42.777 INFO [http-nio-8081-exec-327] org.apache.catalina.core.ApplicationContext.log Manager: list: Listing contexts for virtual host 'localhost'
21-Dec-2018 20:28:42.813 INFO [http-nio-8081-exec-325] org.apache.catalina.core.ApplicationContext.log Manager: restart: Reloading web application '/MuaBanNha'
21-Dec-2018 20:28:43.467 INFO [http-nio-8081-exec-327] org.apache.catalina.core.ApplicationContext.log Manager: list: Listing contexts for virtual host 'localhost'
21-Dec-2018 20:28:43.488 INFO [http-nio-8081-exec-305] org.apache.catalina.core.ApplicationContext.log Manager: restart: Reloading web application '/MuaBanNha'
21-Dec-2018 20:28:44.585 INFO [http-nio-8081-exec-324] org.apache.catalina.core.ApplicationContext.log Manager: list: Listing contexts for virtual host 'localhost'
21-Dec-2018 20:28:44.622 INFO [http-nio-8081-exec-325] org.apache.catalina.core.ApplicationContext.log Manager: restart: Reloading web application '/MuaBanNha'
21-Dec-2018 20:29:02.138 INFO [http-nio-8081-exec-312] org.apache.catalina.core.ApplicationContext.log Manager: list: Listing contexts for virtual host 'localhost'
21-Dec-2018 20:29:02.189 INFO [http-nio-8081-exec-328] org.apache.catalina.core.ApplicationContext.log Manager: restart: Reloading web application '/MuaBanNha'
21-Dec-2018 20:29:14.491 INFO [http-nio-8081-exec-332] org.apache.catalina.core.ApplicationContext.log Manager: list: Listing contexts for virtual host 'localhost'
21-Dec-2018 20:29:14.567 INFO [http-nio-8081-exec-312] org.apache.catalina.core.ApplicationContext.log Manager: restart: Reloading web application '/MuaBanNha'
21-Dec-2018 20:29:27.931 INFO [http-nio-8081-exec-327] org.apache.catalina.core.ApplicationContext.log Manager: list: Listing contexts for virtual host 'localhost'
21-Dec-2018 20:29:27.984 INFO [http-nio-8081-exec-328] org.apache.catalina.core.ApplicationContext.log Manager: restart: Reloading web application '/MuaBanNha'
21-Dec-2018 20:29:50.115 INFO [http-nio-8081-exec-312] org.apache.catalina.core.ApplicationContext.log Manager: list: Listing contexts for virtual host 'localhost'
21-Dec-2018 20:29:50.145 INFO [http-nio-8081-exec-331] org.apache.catalina.core.ApplicationContext.log Manager: restart: Reloading web application '/MuaBanNha'
21-Dec-2018 20:30:18.563 INFO [http-nio-8081-exec-324] org.apache.catalina.core.ApplicationContext.log Manager: list: Listing contexts for virtual host 'localhost'
21-Dec-2018 20:30:18.594 INFO [http-nio-8081-exec-329] org.apache.catalina.core.ApplicationContext.log Manager: restart: Reloading web application '/MuaBanNha'
21-Dec-2018 20:32:17.990 INFO [http-nio-8081-exec-331] org.apache.catalina.core.ApplicationContext.log Manager: list: Listing contexts for virtual host 'localhost'
21-Dec-2018 20:32:18.014 INFO [http-nio-8081-exec-328] org.apache.catalina.core.ApplicationContext.log Manager: restart: Reloading web application '/MuaBanNha'
21-Dec-2018 20:33:25.527 INFO [http-nio-8081-exec-320] org.apache.catalina.core.ApplicationContext.log Manager: list: Listing contexts for virtual host 'localhost'
21-Dec-2018 20:33:25.557 INFO [http-nio-8081-exec-340] org.apache.catalina.core.ApplicationContext.log Manager: restart: Reloading web application '/MuaBanNha'
21-Dec-2018 20:36:46.498 INFO [http-nio-8081-exec-347] org.apache.catalina.core.ApplicationContext.log Manager: list: Listing contexts for virtual host 'localhost'
21-Dec-2018 20:36:51.633 INFO [http-nio-8081-exec-333] org.apache.catalina.core.ApplicationContext.log Manager: list: Listing contexts for virtual host 'localhost'
21-Dec-2018 20:37:30.633 INFO [http-nio-8081-exec-328] org.apache.catalina.core.ApplicationContext.log Manager: list: Listing contexts for virtual host 'localhost'
21-Dec-2018 20:38:18.210 INFO [http-nio-8081-exec-345] org.apache.catalina.core.ApplicationContext.log Manager: list: Listing contexts for virtual host 'localhost'
21-Dec-2018 20:38:48.660 INFO [http-nio-8081-exec-350] org.apache.catalina.core.ApplicationContext.log Manager: list: Listing contexts for virtual host 'localhost'
