14-Jun-2020 09:10:57.896 WARNING [main] org.apache.catalina.core.AprLifecycleListener.init The APR based Apache Tomcat Native library failed to load. The error reported was [D:\apache-tomcat-8.5.34\bin\tcnative-1.dll: Can't load AMD 64-bit .dll on a IA 32-bit platform]
 java.lang.UnsatisfiedLinkError: D:\apache-tomcat-8.5.34\bin\tcnative-1.dll: Can't load AMD 64-bit .dll on a IA 32-bit platform
	at java.lang.ClassLoader$NativeLibrary.load(Native Method)
	at java.lang.ClassLoader.loadLibrary0(ClassLoader.java:1941)
	at java.lang.ClassLoader.loadLibrary(ClassLoader.java:1857)
	at java.lang.Runtime.loadLibrary0(Runtime.java:870)
	at java.lang.System.loadLibrary(System.java:1122)
	at org.apache.tomcat.jni.Library.<init>(Library.java:42)
	at org.apache.tomcat.jni.Library.initialize(Library.java:178)
	at org.apache.catalina.core.AprLifecycleListener.init(AprLifecycleListener.java:198)
	at org.apache.catalina.core.AprLifecycleListener.isAprAvailable(AprLifecycleListener.java:107)
	at org.apache.catalina.connector.Connector.setProtocol(Connector.java:582)
	at org.apache.catalina.connector.Connector.<init>(Connector.java:74)
	at org.apache.catalina.startup.ConnectorCreateRule.begin(ConnectorCreateRule.java:64)
	at org.apache.tomcat.util.digester.Digester.startElement(Digester.java:1250)
	at com.sun.org.apache.xerces.internal.parsers.AbstractSAXParser.startElement(AbstractSAXParser.java:509)
	at com.sun.org.apache.xerces.internal.parsers.AbstractXMLDocumentParser.emptyElement(AbstractXMLDocumentParser.java:182)
	at com.sun.org.apache.xerces.internal.impl.XMLDocumentFragmentScannerImpl.scanStartElement(XMLDocumentFragmentScannerImpl.java:1339)
	at com.sun.org.apache.xerces.internal.impl.XMLDocumentFragmentScannerImpl$FragmentContentDriver.next(XMLDocumentFragmentScannerImpl.java:2784)
	at com.sun.org.apache.xerces.internal.impl.XMLDocumentScannerImpl.next(XMLDocumentScannerImpl.java:602)
	at com.sun.org.apache.xerces.internal.impl.XMLDocumentFragmentScannerImpl.scanDocument(XMLDocumentFragmentScannerImpl.java:505)
	at com.sun.org.apache.xerces.internal.parsers.XML11Configuration.parse(XML11Configuration.java:841)
	at com.sun.org.apache.xerces.internal.parsers.XML11Configuration.parse(XML11Configuration.java:770)
	at com.sun.org.apache.xerces.internal.parsers.XMLParser.parse(XMLParser.java:141)
	at com.sun.org.apache.xerces.internal.parsers.AbstractSAXParser.parse(AbstractSAXParser.java:1213)
	at com.sun.org.apache.xerces.internal.jaxp.SAXParserImpl$JAXPSAXParser.parse(SAXParserImpl.java:643)
	at org.apache.tomcat.util.digester.Digester.parse(Digester.java:1518)
	at org.apache.catalina.startup.Catalina.load(Catalina.java:604)
	at org.apache.catalina.startup.Catalina.load(Catalina.java:655)
	at sun.reflect.NativeMethodAccessorImpl.invoke0(Native Method)
	at sun.reflect.NativeMethodAccessorImpl.invoke(NativeMethodAccessorImpl.java:62)
	at sun.reflect.DelegatingMethodAccessorImpl.invoke(DelegatingMethodAccessorImpl.java:43)
	at java.lang.reflect.Method.invoke(Method.java:498)
	at org.apache.catalina.startup.Bootstrap.load(Bootstrap.java:309)
	at org.apache.catalina.startup.Bootstrap.main(Bootstrap.java:492)

14-Jun-2020 09:10:58.311 INFO [main] org.apache.catalina.startup.VersionLoggerListener.log Server version:        Apache Tomcat/8.5.34
14-Jun-2020 09:10:58.311 INFO [main] org.apache.catalina.startup.VersionLoggerListener.log Server built:          Sep 4 2018 22:28:22 UTC
14-Jun-2020 09:10:58.311 INFO [main] org.apache.catalina.startup.VersionLoggerListener.log Server number:         8.5.34.0
14-Jun-2020 09:10:58.312 INFO [main] org.apache.catalina.startup.VersionLoggerListener.log OS Name:               Windows 10
14-Jun-2020 09:10:58.312 INFO [main] org.apache.catalina.startup.VersionLoggerListener.log OS Version:            10.0
14-Jun-2020 09:10:58.312 INFO [main] org.apache.catalina.startup.VersionLoggerListener.log Architecture:          x86
14-Jun-2020 09:10:58.312 INFO [main] org.apache.catalina.startup.VersionLoggerListener.log Java Home:             C:\Program Files (x86)\Java\jdk1.8.0_144\jre
14-Jun-2020 09:10:58.312 INFO [main] org.apache.catalina.startup.VersionLoggerListener.log JVM Version:           1.8.0_144-b01
14-Jun-2020 09:10:58.312 INFO [main] org.apache.catalina.startup.VersionLoggerListener.log JVM Vendor:            Oracle Corporation
14-Jun-2020 09:10:58.313 INFO [main] org.apache.catalina.startup.VersionLoggerListener.log CATALINA_BASE:         D:\apache-tomcat-8.5.34
14-Jun-2020 09:10:58.313 INFO [main] org.apache.catalina.startup.VersionLoggerListener.log CATALINA_HOME:         D:\apache-tomcat-8.5.34
14-Jun-2020 09:10:58.313 INFO [main] org.apache.catalina.startup.VersionLoggerListener.log Command line argument: -Djava.util.logging.config.file=D:\apache-tomcat-8.5.34\conf\logging.properties
14-Jun-2020 09:10:58.313 INFO [main] org.apache.catalina.startup.VersionLoggerListener.log Command line argument: -Djava.util.logging.manager=org.apache.juli.ClassLoaderLogManager
14-Jun-2020 09:10:58.313 INFO [main] org.apache.catalina.startup.VersionLoggerListener.log Command line argument: -Dhttp.nonProxyHosts=localhost|127.0.0.1|DESKTOP-RE3N2QM
14-Jun-2020 09:10:58.313 INFO [main] org.apache.catalina.startup.VersionLoggerListener.log Command line argument: -Djdk.tls.ephemeralDHKeySize=2048
14-Jun-2020 09:10:58.313 INFO [main] org.apache.catalina.startup.VersionLoggerListener.log Command line argument: -Djava.protocol.handler.pkgs=org.apache.catalina.webresources
14-Jun-2020 09:10:58.314 INFO [main] org.apache.catalina.startup.VersionLoggerListener.log Command line argument: -Dignore.endorsed.dirs=
14-Jun-2020 09:10:58.314 INFO [main] org.apache.catalina.startup.VersionLoggerListener.log Command line argument: -Dcatalina.base=D:\apache-tomcat-8.5.34
14-Jun-2020 09:10:58.320 INFO [main] org.apache.catalina.startup.VersionLoggerListener.log Command line argument: -Dcatalina.home=D:\apache-tomcat-8.5.34
14-Jun-2020 09:10:58.321 INFO [main] org.apache.catalina.startup.VersionLoggerListener.log Command line argument: -Djava.io.tmpdir=D:\apache-tomcat-8.5.34\temp
14-Jun-2020 09:10:58.745 INFO [main] org.apache.coyote.AbstractProtocol.init Initializing ProtocolHandler ["http-nio-8082"]
14-Jun-2020 09:10:59.466 INFO [main] org.apache.tomcat.util.net.NioSelectorPool.getSharedSelector Using a shared selector for servlet write/read
14-Jun-2020 09:10:59.500 INFO [main] org.apache.coyote.AbstractProtocol.init Initializing ProtocolHandler ["ajp-nio-8009"]
14-Jun-2020 09:10:59.502 INFO [main] org.apache.tomcat.util.net.NioSelectorPool.getSharedSelector Using a shared selector for servlet write/read
14-Jun-2020 09:10:59.502 INFO [main] org.apache.catalina.startup.Catalina.load Initialization processed in 2786 ms
14-Jun-2020 09:10:59.574 INFO [main] org.apache.catalina.core.StandardService.startInternal Starting service [Catalina]
14-Jun-2020 09:10:59.574 INFO [main] org.apache.catalina.core.StandardEngine.startInternal Starting Servlet Engine: Apache Tomcat/8.5.34
14-Jun-2020 09:10:59.601 INFO [localhost-startStop-1] org.apache.catalina.startup.HostConfig.deployDescriptor Deploying configuration descriptor [D:\apache-tomcat-8.5.34\conf\Catalina\localhost\MuaBanNha.xml]
14-Jun-2020 09:11:02.264 INFO [localhost-startStop-1] org.apache.jasper.servlet.TldScanner.scanJars At least one JAR was scanned for TLDs yet contained no TLDs. Enable debug logging for this logger for a complete list of JARs that were scanned but no TLDs were found in them. Skipping unneeded JARs during scanning can improve startup time and JSP compilation time.
14-Jun-2020 09:11:02.406 INFO [localhost-startStop-1] org.apache.catalina.startup.HostConfig.deployDescriptor Deployment of configuration descriptor [D:\apache-tomcat-8.5.34\conf\Catalina\localhost\MuaBanNha.xml] has finished in [2,805] ms
14-Jun-2020 09:11:02.407 INFO [localhost-startStop-1] org.apache.catalina.startup.HostConfig.deployDirectory Deploying web application directory [D:\apache-tomcat-8.5.34\webapps\docs]
14-Jun-2020 09:11:02.502 INFO [localhost-startStop-1] org.apache.catalina.startup.HostConfig.deployDirectory Deployment of web application directory [D:\apache-tomcat-8.5.34\webapps\docs] has finished in [95] ms
14-Jun-2020 09:11:02.506 INFO [localhost-startStop-1] org.apache.catalina.startup.HostConfig.deployDirectory Deploying web application directory [D:\apache-tomcat-8.5.34\webapps\examples]
14-Jun-2020 09:11:05.822 INFO [localhost-startStop-1] org.apache.catalina.startup.HostConfig.deployDirectory Deployment of web application directory [D:\apache-tomcat-8.5.34\webapps\examples] has finished in [3,320] ms
14-Jun-2020 09:11:05.825 INFO [localhost-startStop-1] org.apache.catalina.startup.HostConfig.deployDirectory Deploying web application directory [D:\apache-tomcat-8.5.34\webapps\host-manager]
14-Jun-2020 09:11:06.078 INFO [localhost-startStop-1] org.apache.catalina.startup.HostConfig.deployDirectory Deployment of web application directory [D:\apache-tomcat-8.5.34\webapps\host-manager] has finished in [252] ms
14-Jun-2020 09:11:06.080 INFO [localhost-startStop-1] org.apache.catalina.startup.HostConfig.deployDirectory Deploying web application directory [D:\apache-tomcat-8.5.34\webapps\manager]
14-Jun-2020 09:11:06.314 INFO [localhost-startStop-1] org.apache.catalina.startup.HostConfig.deployDirectory Deployment of web application directory [D:\apache-tomcat-8.5.34\webapps\manager] has finished in [234] ms
14-Jun-2020 09:11:06.314 INFO [localhost-startStop-1] org.apache.catalina.startup.HostConfig.deployDirectory Deploying web application directory [D:\apache-tomcat-8.5.34\webapps\ROOT]
14-Jun-2020 09:11:06.415 INFO [localhost-startStop-1] org.apache.catalina.startup.HostConfig.deployDirectory Deployment of web application directory [D:\apache-tomcat-8.5.34\webapps\ROOT] has finished in [101] ms
14-Jun-2020 09:11:06.438 INFO [main] org.apache.coyote.AbstractProtocol.start Starting ProtocolHandler ["http-nio-8082"]
14-Jun-2020 09:11:06.481 INFO [main] org.apache.coyote.AbstractProtocol.start Starting ProtocolHandler ["ajp-nio-8009"]
14-Jun-2020 09:11:06.509 INFO [main] org.apache.catalina.startup.Catalina.start Server startup in 7006 ms
14-Jun-2020 09:11:20.332 INFO [http-nio-8082-exec-6] org.apache.catalina.core.StandardContext.reload Reloading Context with name [/MuaBanNha] has started
14-Jun-2020 09:11:21.056 INFO [http-nio-8082-exec-6] org.apache.jasper.servlet.TldScanner.scanJars At least one JAR was scanned for TLDs yet contained no TLDs. Enable debug logging for this logger for a complete list of JARs that were scanned but no TLDs were found in them. Skipping unneeded JARs during scanning can improve startup time and JSP compilation time.
14-Jun-2020 09:11:21.078 INFO [http-nio-8082-exec-6] org.apache.catalina.core.StandardContext.reload Reloading Context with name [/MuaBanNha] is completed
14-Jun-2020 09:20:09.731 INFO [http-nio-8082-exec-14] org.apache.catalina.core.StandardContext.reload Reloading Context with name [/MuaBanNha] has started
14-Jun-2020 09:20:09.749 WARNING [http-nio-8082-exec-14] org.apache.catalina.loader.WebappClassLoaderBase.clearReferencesJdbc The web application [MuaBanNha] registered the JDBC driver [com.mysql.jdbc.Driver] but failed to unregister it when the web application was stopped. To prevent a memory leak, the JDBC Driver has been forcibly unregistered.
14-Jun-2020 09:20:09.763 WARNING [http-nio-8082-exec-14] org.apache.catalina.loader.WebappClassLoaderBase.clearReferencesThreads The web application [MuaBanNha] appears to have started a thread named [MySQL Statement Cancellation Timer] but has failed to stop it. This is very likely to create a memory leak. Stack trace of thread:
 java.lang.Object.wait(Native Method)
 java.lang.Object.wait(Object.java:502)
 java.util.TimerThread.mainLoop(Timer.java:526)
 java.util.TimerThread.run(Timer.java:505)
14-Jun-2020 09:20:11.842 INFO [http-nio-8082-exec-14] org.apache.jasper.servlet.TldScanner.scanJars At least one JAR was scanned for TLDs yet contained no TLDs. Enable debug logging for this logger for a complete list of JARs that were scanned but no TLDs were found in them. Skipping unneeded JARs during scanning can improve startup time and JSP compilation time.
14-Jun-2020 09:20:11.940 INFO [http-nio-8082-exec-14] org.apache.catalina.core.StandardContext.reload Reloading Context with name [/MuaBanNha] is completed
14-Jun-2020 09:20:46.577 INFO [http-nio-8082-exec-13] org.apache.catalina.core.StandardContext.reload Reloading Context with name [/MuaBanNha] has started
14-Jun-2020 09:20:47.293 INFO [http-nio-8082-exec-13] org.apache.jasper.servlet.TldScanner.scanJars At least one JAR was scanned for TLDs yet contained no TLDs. Enable debug logging for this logger for a complete list of JARs that were scanned but no TLDs were found in them. Skipping unneeded JARs during scanning can improve startup time and JSP compilation time.
14-Jun-2020 09:20:47.308 INFO [http-nio-8082-exec-13] org.apache.catalina.core.StandardContext.reload Reloading Context with name [/MuaBanNha] is completed
14-Jun-2020 09:21:14.082 INFO [http-nio-8082-exec-16] org.apache.catalina.core.StandardContext.reload Reloading Context with name [/MuaBanNha] has started
14-Jun-2020 09:21:14.576 INFO [http-nio-8082-exec-16] org.apache.jasper.servlet.TldScanner.scanJars At least one JAR was scanned for TLDs yet contained no TLDs. Enable debug logging for this logger for a complete list of JARs that were scanned but no TLDs were found in them. Skipping unneeded JARs during scanning can improve startup time and JSP compilation time.
14-Jun-2020 09:21:14.589 INFO [http-nio-8082-exec-16] org.apache.catalina.core.StandardContext.reload Reloading Context with name [/MuaBanNha] is completed
14-Jun-2020 09:21:38.662 INFO [http-nio-8082-exec-19] org.apache.catalina.core.StandardContext.reload Reloading Context with name [/MuaBanNha] has started
14-Jun-2020 09:21:39.117 INFO [http-nio-8082-exec-19] org.apache.jasper.servlet.TldScanner.scanJars At least one JAR was scanned for TLDs yet contained no TLDs. Enable debug logging for this logger for a complete list of JARs that were scanned but no TLDs were found in them. Skipping unneeded JARs during scanning can improve startup time and JSP compilation time.
14-Jun-2020 09:21:39.141 INFO [http-nio-8082-exec-19] org.apache.catalina.core.StandardContext.reload Reloading Context with name [/MuaBanNha] is completed
14-Jun-2020 09:21:53.106 INFO [http-nio-8082-exec-16] org.apache.catalina.core.StandardContext.reload Reloading Context with name [/MuaBanNha] has started
14-Jun-2020 09:21:54.109 INFO [http-nio-8082-exec-16] org.apache.jasper.servlet.TldScanner.scanJars At least one JAR was scanned for TLDs yet contained no TLDs. Enable debug logging for this logger for a complete list of JARs that were scanned but no TLDs were found in them. Skipping unneeded JARs during scanning can improve startup time and JSP compilation time.
14-Jun-2020 09:21:54.141 INFO [http-nio-8082-exec-16] org.apache.catalina.core.StandardContext.reload Reloading Context with name [/MuaBanNha] is completed
14-Jun-2020 09:25:10.396 INFO [http-nio-8082-exec-28] org.apache.catalina.core.StandardContext.reload Reloading Context with name [/MuaBanNha] has started
14-Jun-2020 09:25:11.385 INFO [http-nio-8082-exec-28] org.apache.jasper.servlet.TldScanner.scanJars At least one JAR was scanned for TLDs yet contained no TLDs. Enable debug logging for this logger for a complete list of JARs that were scanned but no TLDs were found in them. Skipping unneeded JARs during scanning can improve startup time and JSP compilation time.
14-Jun-2020 09:25:11.406 INFO [http-nio-8082-exec-28] org.apache.catalina.core.StandardContext.reload Reloading Context with name [/MuaBanNha] is completed
14-Jun-2020 09:38:04.568 INFO [http-nio-8082-exec-38] org.apache.catalina.core.StandardContext.reload Reloading Context with name [/MuaBanNha] has started
14-Jun-2020 09:38:04.606 WARNING [http-nio-8082-exec-38] org.apache.catalina.loader.WebappClassLoaderBase.clearReferencesJdbc The web application [MuaBanNha] registered the JDBC driver [com.mysql.jdbc.Driver] but failed to unregister it when the web application was stopped. To prevent a memory leak, the JDBC Driver has been forcibly unregistered.
14-Jun-2020 09:38:04.609 WARNING [http-nio-8082-exec-38] org.apache.catalina.loader.WebappClassLoaderBase.clearReferencesThreads The web application [MuaBanNha] appears to have started a thread named [MySQL Statement Cancellation Timer] but has failed to stop it. This is very likely to create a memory leak. Stack trace of thread:
 java.lang.Object.wait(Native Method)
 java.lang.Object.wait(Object.java:502)
 java.util.TimerThread.mainLoop(Timer.java:526)
 java.util.TimerThread.run(Timer.java:505)
14-Jun-2020 09:38:06.714 INFO [http-nio-8082-exec-38] org.apache.jasper.servlet.TldScanner.scanJars At least one JAR was scanned for TLDs yet contained no TLDs. Enable debug logging for this logger for a complete list of JARs that were scanned but no TLDs were found in them. Skipping unneeded JARs during scanning can improve startup time and JSP compilation time.
14-Jun-2020 09:38:06.809 INFO [http-nio-8082-exec-38] org.apache.catalina.core.StandardContext.reload Reloading Context with name [/MuaBanNha] is completed
14-Jun-2020 10:29:30.999 INFO [http-nio-8082-exec-46] org.apache.catalina.core.StandardContext.reload Reloading Context with name [/MuaBanNha] has started
14-Jun-2020 10:29:31.026 WARNING [http-nio-8082-exec-46] org.apache.catalina.loader.WebappClassLoaderBase.clearReferencesJdbc The web application [MuaBanNha] registered the JDBC driver [com.mysql.jdbc.Driver] but failed to unregister it when the web application was stopped. To prevent a memory leak, the JDBC Driver has been forcibly unregistered.
14-Jun-2020 10:29:31.027 WARNING [http-nio-8082-exec-46] org.apache.catalina.loader.WebappClassLoaderBase.clearReferencesThreads The web application [MuaBanNha] appears to have started a thread named [MySQL Statement Cancellation Timer] but has failed to stop it. This is very likely to create a memory leak. Stack trace of thread:
 java.lang.Object.wait(Native Method)
 java.lang.Object.wait(Object.java:502)
 java.util.TimerThread.mainLoop(Timer.java:526)
 java.util.TimerThread.run(Timer.java:505)
14-Jun-2020 10:29:31.944 INFO [http-nio-8082-exec-46] org.apache.jasper.servlet.TldScanner.scanJars At least one JAR was scanned for TLDs yet contained no TLDs. Enable debug logging for this logger for a complete list of JARs that were scanned but no TLDs were found in them. Skipping unneeded JARs during scanning can improve startup time and JSP compilation time.
14-Jun-2020 10:29:31.962 INFO [http-nio-8082-exec-46] org.apache.catalina.core.StandardContext.reload Reloading Context with name [/MuaBanNha] is completed
14-Jun-2020 14:38:21.636 WARNING [http-nio-8082-exec-63] org.apache.catalina.loader.WebappClassLoaderBase.clearReferencesJdbc The web application [MuaBanNha] registered the JDBC driver [com.mysql.jdbc.Driver] but failed to unregister it when the web application was stopped. To prevent a memory leak, the JDBC Driver has been forcibly unregistered.
14-Jun-2020 14:38:21.637 WARNING [http-nio-8082-exec-63] org.apache.catalina.loader.WebappClassLoaderBase.clearReferencesJdbc The web application [MuaBanNha] registered the JDBC driver [com.mysql.jdbc.Driver] but failed to unregister it when the web application was stopped. To prevent a memory leak, the JDBC Driver has been forcibly unregistered.
14-Jun-2020 14:38:21.638 WARNING [http-nio-8082-exec-63] org.apache.catalina.loader.WebappClassLoaderBase.clearReferencesThreads The web application [MuaBanNha] appears to have started a thread named [MySQL Statement Cancellation Timer] but has failed to stop it. This is very likely to create a memory leak. Stack trace of thread:
 java.lang.Object.wait(Native Method)
 java.lang.Object.wait(Object.java:502)
 java.util.TimerThread.mainLoop(Timer.java:526)
 java.util.TimerThread.run(Timer.java:505)
14-Jun-2020 14:38:22.168 INFO [http-nio-8082-exec-63] org.apache.catalina.startup.HostConfig.undeploy Undeploying context [/MuaBanNha]
14-Jun-2020 14:39:07.307 INFO [main] org.apache.catalina.core.StandardServer.await A valid shutdown command was received via the shutdown port. Stopping the Server instance.
14-Jun-2020 14:39:07.312 INFO [main] org.apache.coyote.AbstractProtocol.pause Pausing ProtocolHandler ["http-nio-8082"]
14-Jun-2020 14:39:08.948 INFO [main] org.apache.coyote.AbstractProtocol.pause Pausing ProtocolHandler ["ajp-nio-8009"]
14-Jun-2020 14:39:09.955 INFO [main] org.apache.catalina.core.StandardService.stopInternal Stopping service [Catalina]
14-Jun-2020 14:39:10.048 INFO [main] org.apache.coyote.AbstractProtocol.stop Stopping ProtocolHandler ["http-nio-8082"]
14-Jun-2020 14:39:10.070 INFO [main] org.apache.coyote.AbstractProtocol.stop Stopping ProtocolHandler ["ajp-nio-8009"]
14-Jun-2020 14:39:10.073 INFO [main] org.apache.coyote.AbstractProtocol.destroy Destroying ProtocolHandler ["http-nio-8082"]
14-Jun-2020 14:39:10.078 INFO [main] org.apache.coyote.AbstractProtocol.destroy Destroying ProtocolHandler ["ajp-nio-8009"]
