13-Jun-2020 11:37:43.144 WARNING [main] org.apache.catalina.core.AprLifecycleListener.init The APR based Apache Tomcat Native library failed to load. The error reported was [D:\apache-tomcat-8.5.34\bin\tcnative-1.dll: Can't load AMD 64-bit .dll on a IA 32-bit platform]
 java.lang.UnsatisfiedLinkError: D:\apache-tomcat-8.5.34\bin\tcnative-1.dll: Can't load AMD 64-bit .dll on a IA 32-bit platform
	at java.lang.ClassLoader$NativeLibrary.load(Native Method)
	at java.lang.ClassLoader.loadLibrary0(ClassLoader.java:1941)
	at java.lang.ClassLoader.loadLibrary(ClassLoader.java:1857)
	at java.lang.Runtime.loadLibrary0(Runtime.java:870)
	at java.lang.System.loadLibrary(System.java:1122)
	at org.apache.tomcat.jni.Library.<init>(Library.java:42)
	at org.apache.tomcat.jni.Library.initialize(Library.java:178)
	at org.apache.catalina.core.AprLifecycleListener.init(AprLifecycleListener.java:198)
	at org.apache.catalina.core.AprLifecycleListener.isAprAvailable(AprLifecycleListener.java:107)
	at org.apache.catalina.connector.Connector.setProtocol(Connector.java:582)
	at org.apache.catalina.connector.Connector.<init>(Connector.java:74)
	at org.apache.catalina.startup.ConnectorCreateRule.begin(ConnectorCreateRule.java:64)
	at org.apache.tomcat.util.digester.Digester.startElement(Digester.java:1250)
	at com.sun.org.apache.xerces.internal.parsers.AbstractSAXParser.startElement(AbstractSAXParser.java:509)
	at com.sun.org.apache.xerces.internal.parsers.AbstractXMLDocumentParser.emptyElement(AbstractXMLDocumentParser.java:182)
	at com.sun.org.apache.xerces.internal.impl.XMLDocumentFragmentScannerImpl.scanStartElement(XMLDocumentFragmentScannerImpl.java:1339)
	at com.sun.org.apache.xerces.internal.impl.XMLDocumentFragmentScannerImpl$FragmentContentDriver.next(XMLDocumentFragmentScannerImpl.java:2784)
	at com.sun.org.apache.xerces.internal.impl.XMLDocumentScannerImpl.next(XMLDocumentScannerImpl.java:602)
	at com.sun.org.apache.xerces.internal.impl.XMLDocumentFragmentScannerImpl.scanDocument(XMLDocumentFragmentScannerImpl.java:505)
	at com.sun.org.apache.xerces.internal.parsers.XML11Configuration.parse(XML11Configuration.java:841)
	at com.sun.org.apache.xerces.internal.parsers.XML11Configuration.parse(XML11Configuration.java:770)
	at com.sun.org.apache.xerces.internal.parsers.XMLParser.parse(XMLParser.java:141)
	at com.sun.org.apache.xerces.internal.parsers.AbstractSAXParser.parse(AbstractSAXParser.java:1213)
	at com.sun.org.apache.xerces.internal.jaxp.SAXParserImpl$JAXPSAXParser.parse(SAXParserImpl.java:643)
	at org.apache.tomcat.util.digester.Digester.parse(Digester.java:1518)
	at org.apache.catalina.startup.Catalina.load(Catalina.java:604)
	at org.apache.catalina.startup.Catalina.load(Catalina.java:655)
	at sun.reflect.NativeMethodAccessorImpl.invoke0(Native Method)
	at sun.reflect.NativeMethodAccessorImpl.invoke(NativeMethodAccessorImpl.java:62)
	at sun.reflect.DelegatingMethodAccessorImpl.invoke(DelegatingMethodAccessorImpl.java:43)
	at java.lang.reflect.Method.invoke(Method.java:498)
	at org.apache.catalina.startup.Bootstrap.load(Bootstrap.java:309)
	at org.apache.catalina.startup.Bootstrap.main(Bootstrap.java:492)

13-Jun-2020 11:37:44.167 INFO [main] org.apache.catalina.startup.VersionLoggerListener.log Server version:        Apache Tomcat/8.5.34
13-Jun-2020 11:37:44.168 INFO [main] org.apache.catalina.startup.VersionLoggerListener.log Server built:          Sep 4 2018 22:28:22 UTC
13-Jun-2020 11:37:44.168 INFO [main] org.apache.catalina.startup.VersionLoggerListener.log Server number:         8.5.34.0
13-Jun-2020 11:37:44.170 INFO [main] org.apache.catalina.startup.VersionLoggerListener.log OS Name:               Windows 10
13-Jun-2020 11:37:44.173 INFO [main] org.apache.catalina.startup.VersionLoggerListener.log OS Version:            10.0
13-Jun-2020 11:37:44.173 INFO [main] org.apache.catalina.startup.VersionLoggerListener.log Architecture:          x86
13-Jun-2020 11:37:44.173 INFO [main] org.apache.catalina.startup.VersionLoggerListener.log Java Home:             C:\Program Files (x86)\Java\jdk1.8.0_144\jre
13-Jun-2020 11:37:44.173 INFO [main] org.apache.catalina.startup.VersionLoggerListener.log JVM Version:           1.8.0_144-b01
13-Jun-2020 11:37:44.174 INFO [main] org.apache.catalina.startup.VersionLoggerListener.log JVM Vendor:            Oracle Corporation
13-Jun-2020 11:37:44.174 INFO [main] org.apache.catalina.startup.VersionLoggerListener.log CATALINA_BASE:         D:\apache-tomcat-8.5.34
13-Jun-2020 11:37:44.174 INFO [main] org.apache.catalina.startup.VersionLoggerListener.log CATALINA_HOME:         D:\apache-tomcat-8.5.34
13-Jun-2020 11:37:44.175 INFO [main] org.apache.catalina.startup.VersionLoggerListener.log Command line argument: -Djava.util.logging.config.file=D:\apache-tomcat-8.5.34\conf\logging.properties
13-Jun-2020 11:37:44.175 INFO [main] org.apache.catalina.startup.VersionLoggerListener.log Command line argument: -Djava.util.logging.manager=org.apache.juli.ClassLoaderLogManager
13-Jun-2020 11:37:44.175 INFO [main] org.apache.catalina.startup.VersionLoggerListener.log Command line argument: -Dhttp.nonProxyHosts=localhost|127.0.0.1|DESKTOP-RE3N2QM
13-Jun-2020 11:37:44.176 INFO [main] org.apache.catalina.startup.VersionLoggerListener.log Command line argument: -Djdk.tls.ephemeralDHKeySize=2048
13-Jun-2020 11:37:44.176 INFO [main] org.apache.catalina.startup.VersionLoggerListener.log Command line argument: -Djava.protocol.handler.pkgs=org.apache.catalina.webresources
13-Jun-2020 11:37:44.177 INFO [main] org.apache.catalina.startup.VersionLoggerListener.log Command line argument: -Dignore.endorsed.dirs=
13-Jun-2020 11:37:44.177 INFO [main] org.apache.catalina.startup.VersionLoggerListener.log Command line argument: -Dcatalina.base=D:\apache-tomcat-8.5.34
13-Jun-2020 11:37:44.178 INFO [main] org.apache.catalina.startup.VersionLoggerListener.log Command line argument: -Dcatalina.home=D:\apache-tomcat-8.5.34
13-Jun-2020 11:37:44.178 INFO [main] org.apache.catalina.startup.VersionLoggerListener.log Command line argument: -Djava.io.tmpdir=D:\apache-tomcat-8.5.34\temp
13-Jun-2020 11:37:45.466 INFO [main] org.apache.coyote.AbstractProtocol.init Initializing ProtocolHandler ["http-nio-8082"]
13-Jun-2020 11:37:48.189 INFO [main] org.apache.tomcat.util.net.NioSelectorPool.getSharedSelector Using a shared selector for servlet write/read
13-Jun-2020 11:37:48.283 INFO [main] org.apache.coyote.AbstractProtocol.init Initializing ProtocolHandler ["ajp-nio-8009"]
13-Jun-2020 11:37:48.289 INFO [main] org.apache.tomcat.util.net.NioSelectorPool.getSharedSelector Using a shared selector for servlet write/read
13-Jun-2020 11:37:48.290 INFO [main] org.apache.catalina.startup.Catalina.load Initialization processed in 8647 ms
13-Jun-2020 11:37:48.452 INFO [main] org.apache.catalina.core.StandardService.startInternal Starting service [Catalina]
13-Jun-2020 11:37:48.461 INFO [main] org.apache.catalina.core.StandardEngine.startInternal Starting Servlet Engine: Apache Tomcat/8.5.34
13-Jun-2020 11:37:48.528 INFO [localhost-startStop-1] org.apache.catalina.startup.HostConfig.deployDescriptor Deploying configuration descriptor [D:\apache-tomcat-8.5.34\conf\Catalina\localhost\MuaBanNha.xml]
13-Jun-2020 11:37:52.684 INFO [localhost-startStop-1] org.apache.jasper.servlet.TldScanner.scanJars At least one JAR was scanned for TLDs yet contained no TLDs. Enable debug logging for this logger for a complete list of JARs that were scanned but no TLDs were found in them. Skipping unneeded JARs during scanning can improve startup time and JSP compilation time.
13-Jun-2020 11:37:52.922 INFO [localhost-startStop-1] org.apache.catalina.startup.HostConfig.deployDescriptor Deployment of configuration descriptor [D:\apache-tomcat-8.5.34\conf\Catalina\localhost\MuaBanNha.xml] has finished in [4,392] ms
13-Jun-2020 11:37:52.925 INFO [localhost-startStop-1] org.apache.catalina.startup.HostConfig.deployDirectory Deploying web application directory [D:\apache-tomcat-8.5.34\webapps\docs]
13-Jun-2020 11:37:53.067 INFO [localhost-startStop-1] org.apache.catalina.startup.HostConfig.deployDirectory Deployment of web application directory [D:\apache-tomcat-8.5.34\webapps\docs] has finished in [142] ms
13-Jun-2020 11:37:53.068 INFO [localhost-startStop-1] org.apache.catalina.startup.HostConfig.deployDirectory Deploying web application directory [D:\apache-tomcat-8.5.34\webapps\examples]
13-Jun-2020 11:37:58.657 INFO [localhost-startStop-1] org.apache.catalina.startup.HostConfig.deployDirectory Deployment of web application directory [D:\apache-tomcat-8.5.34\webapps\examples] has finished in [5,589] ms
13-Jun-2020 11:37:58.657 INFO [localhost-startStop-1] org.apache.catalina.startup.HostConfig.deployDirectory Deploying web application directory [D:\apache-tomcat-8.5.34\webapps\host-manager]
13-Jun-2020 11:37:58.824 INFO [localhost-startStop-1] org.apache.catalina.startup.HostConfig.deployDirectory Deployment of web application directory [D:\apache-tomcat-8.5.34\webapps\host-manager] has finished in [166] ms
13-Jun-2020 11:37:58.824 INFO [localhost-startStop-1] org.apache.catalina.startup.HostConfig.deployDirectory Deploying web application directory [D:\apache-tomcat-8.5.34\webapps\manager]
13-Jun-2020 11:37:58.934 INFO [localhost-startStop-1] org.apache.catalina.startup.HostConfig.deployDirectory Deployment of web application directory [D:\apache-tomcat-8.5.34\webapps\manager] has finished in [109] ms
13-Jun-2020 11:37:58.934 INFO [localhost-startStop-1] org.apache.catalina.startup.HostConfig.deployDirectory Deploying web application directory [D:\apache-tomcat-8.5.34\webapps\ROOT]
13-Jun-2020 11:37:59.002 INFO [localhost-startStop-1] org.apache.catalina.startup.HostConfig.deployDirectory Deployment of web application directory [D:\apache-tomcat-8.5.34\webapps\ROOT] has finished in [68] ms
13-Jun-2020 11:37:59.011 INFO [main] org.apache.coyote.AbstractProtocol.start Starting ProtocolHandler ["http-nio-8082"]
13-Jun-2020 11:37:59.039 INFO [main] org.apache.coyote.AbstractProtocol.start Starting ProtocolHandler ["ajp-nio-8009"]
13-Jun-2020 11:37:59.047 INFO [main] org.apache.catalina.startup.Catalina.start Server startup in 10757 ms
13-Jun-2020 11:38:31.165 INFO [http-nio-8082-exec-1] org.apache.catalina.startup.HostConfig.undeploy Undeploying context [/MuaBanNha]
13-Jun-2020 11:38:31.241 INFO [http-nio-8082-exec-8] org.apache.catalina.startup.HostConfig.deployDescriptor Deploying configuration descriptor [D:\apache-tomcat-8.5.34\conf\Catalina\localhost\MuaBanNha.xml]
13-Jun-2020 11:38:31.573 INFO [http-nio-8082-exec-8] org.apache.jasper.servlet.TldScanner.scanJars At least one JAR was scanned for TLDs yet contained no TLDs. Enable debug logging for this logger for a complete list of JARs that were scanned but no TLDs were found in them. Skipping unneeded JARs during scanning can improve startup time and JSP compilation time.
13-Jun-2020 11:38:31.589 INFO [http-nio-8082-exec-8] org.apache.catalina.startup.HostConfig.deployDescriptor Deployment of configuration descriptor [D:\apache-tomcat-8.5.34\conf\Catalina\localhost\MuaBanNha.xml] has finished in [349] ms
13-Jun-2020 12:48:25.723 INFO [http-nio-8082-exec-13] org.apache.catalina.core.StandardContext.reload Reloading Context with name [/MuaBanNha] has started
13-Jun-2020 12:48:25.739 WARNING [http-nio-8082-exec-13] org.apache.catalina.loader.WebappClassLoaderBase.clearReferencesJdbc The web application [MuaBanNha] registered the JDBC driver [com.mysql.jdbc.Driver] but failed to unregister it when the web application was stopped. To prevent a memory leak, the JDBC Driver has been forcibly unregistered.
13-Jun-2020 12:48:25.739 WARNING [http-nio-8082-exec-13] org.apache.catalina.loader.WebappClassLoaderBase.clearReferencesJdbc The web application [MuaBanNha] registered the JDBC driver [com.mysql.jdbc.Driver] but failed to unregister it when the web application was stopped. To prevent a memory leak, the JDBC Driver has been forcibly unregistered.
13-Jun-2020 12:48:25.739 WARNING [http-nio-8082-exec-13] org.apache.catalina.loader.WebappClassLoaderBase.clearReferencesJdbc The web application [MuaBanNha] registered the JDBC driver [com.mysql.jdbc.Driver] but failed to unregister it when the web application was stopped. To prevent a memory leak, the JDBC Driver has been forcibly unregistered.
13-Jun-2020 12:48:25.739 WARNING [http-nio-8082-exec-13] org.apache.catalina.loader.WebappClassLoaderBase.clearReferencesJdbc The web application [MuaBanNha] registered the JDBC driver [com.mysql.jdbc.Driver] but failed to unregister it when the web application was stopped. To prevent a memory leak, the JDBC Driver has been forcibly unregistered.
13-Jun-2020 12:48:25.739 WARNING [http-nio-8082-exec-13] org.apache.catalina.loader.WebappClassLoaderBase.clearReferencesJdbc The web application [MuaBanNha] registered the JDBC driver [com.mysql.jdbc.Driver] but failed to unregister it when the web application was stopped. To prevent a memory leak, the JDBC Driver has been forcibly unregistered.
13-Jun-2020 12:48:25.739 WARNING [http-nio-8082-exec-13] org.apache.catalina.loader.WebappClassLoaderBase.clearReferencesThreads The web application [MuaBanNha] appears to have started a thread named [MySQL Statement Cancellation Timer] but has failed to stop it. This is very likely to create a memory leak. Stack trace of thread:
 java.lang.Object.wait(Native Method)
 java.lang.Object.wait(Object.java:502)
 java.util.TimerThread.mainLoop(Timer.java:526)
 java.util.TimerThread.run(Timer.java:505)
13-Jun-2020 12:48:26.688 INFO [http-nio-8082-exec-13] org.apache.jasper.servlet.TldScanner.scanJars At least one JAR was scanned for TLDs yet contained no TLDs. Enable debug logging for this logger for a complete list of JARs that were scanned but no TLDs were found in them. Skipping unneeded JARs during scanning can improve startup time and JSP compilation time.
13-Jun-2020 12:48:26.710 INFO [http-nio-8082-exec-13] org.apache.catalina.core.StandardContext.reload Reloading Context with name [/MuaBanNha] is completed
13-Jun-2020 12:48:27.042 INFO [http-nio-8082-exec-17] org.apache.catalina.core.StandardContext.reload Reloading Context with name [/MuaBanNha] has started
13-Jun-2020 12:48:27.244 INFO [http-nio-8082-exec-17] org.apache.jasper.servlet.TldScanner.scanJars At least one JAR was scanned for TLDs yet contained no TLDs. Enable debug logging for this logger for a complete list of JARs that were scanned but no TLDs were found in them. Skipping unneeded JARs during scanning can improve startup time and JSP compilation time.
13-Jun-2020 12:48:27.244 INFO [http-nio-8082-exec-17] org.apache.catalina.core.StandardContext.reload Reloading Context with name [/MuaBanNha] is completed
13-Jun-2020 12:57:41.672 INFO [http-nio-8082-exec-25] org.apache.catalina.core.StandardContext.reload Reloading Context with name [/MuaBanNha] has started
13-Jun-2020 12:57:41.679 WARNING [http-nio-8082-exec-25] org.apache.catalina.loader.WebappClassLoaderBase.clearReferencesJdbc The web application [MuaBanNha] registered the JDBC driver [com.mysql.jdbc.Driver] but failed to unregister it when the web application was stopped. To prevent a memory leak, the JDBC Driver has been forcibly unregistered.
13-Jun-2020 12:57:41.679 WARNING [http-nio-8082-exec-25] org.apache.catalina.loader.WebappClassLoaderBase.clearReferencesThreads The web application [MuaBanNha] appears to have started a thread named [MySQL Statement Cancellation Timer] but has failed to stop it. This is very likely to create a memory leak. Stack trace of thread:
 java.lang.Object.wait(Native Method)
 java.lang.Object.wait(Object.java:502)
 java.util.TimerThread.mainLoop(Timer.java:526)
 java.util.TimerThread.run(Timer.java:505)
13-Jun-2020 12:57:41.910 INFO [http-nio-8082-exec-25] org.apache.jasper.servlet.TldScanner.scanJars At least one JAR was scanned for TLDs yet contained no TLDs. Enable debug logging for this logger for a complete list of JARs that were scanned but no TLDs were found in them. Skipping unneeded JARs during scanning can improve startup time and JSP compilation time.
13-Jun-2020 12:57:41.923 INFO [http-nio-8082-exec-25] org.apache.catalina.core.StandardContext.reload Reloading Context with name [/MuaBanNha] is completed
13-Jun-2020 12:57:42.245 INFO [http-nio-8082-exec-27] org.apache.catalina.core.StandardContext.reload Reloading Context with name [/MuaBanNha] has started
13-Jun-2020 12:57:42.461 INFO [http-nio-8082-exec-27] org.apache.jasper.servlet.TldScanner.scanJars At least one JAR was scanned for TLDs yet contained no TLDs. Enable debug logging for this logger for a complete list of JARs that were scanned but no TLDs were found in them. Skipping unneeded JARs during scanning can improve startup time and JSP compilation time.
13-Jun-2020 12:57:42.469 INFO [http-nio-8082-exec-27] org.apache.catalina.core.StandardContext.reload Reloading Context with name [/MuaBanNha] is completed
13-Jun-2020 12:58:55.744 INFO [http-nio-8082-exec-28] org.apache.catalina.core.StandardContext.reload Reloading Context with name [/MuaBanNha] has started
13-Jun-2020 12:58:55.944 INFO [http-nio-8082-exec-28] org.apache.jasper.servlet.TldScanner.scanJars At least one JAR was scanned for TLDs yet contained no TLDs. Enable debug logging for this logger for a complete list of JARs that were scanned but no TLDs were found in them. Skipping unneeded JARs during scanning can improve startup time and JSP compilation time.
13-Jun-2020 12:58:55.960 INFO [http-nio-8082-exec-28] org.apache.catalina.core.StandardContext.reload Reloading Context with name [/MuaBanNha] is completed
13-Jun-2020 12:58:55.998 INFO [http-nio-8082-exec-31] org.apache.catalina.core.StandardContext.reload Reloading Context with name [/MuaBanNha] has started
13-Jun-2020 12:58:56.198 INFO [http-nio-8082-exec-31] org.apache.jasper.servlet.TldScanner.scanJars At least one JAR was scanned for TLDs yet contained no TLDs. Enable debug logging for this logger for a complete list of JARs that were scanned but no TLDs were found in them. Skipping unneeded JARs during scanning can improve startup time and JSP compilation time.
13-Jun-2020 12:58:56.198 INFO [http-nio-8082-exec-31] org.apache.catalina.core.StandardContext.reload Reloading Context with name [/MuaBanNha] is completed
13-Jun-2020 12:59:36.446 INFO [http-nio-8082-exec-23] org.apache.catalina.core.StandardContext.reload Reloading Context with name [/MuaBanNha] has started
13-Jun-2020 12:59:36.646 INFO [http-nio-8082-exec-23] org.apache.jasper.servlet.TldScanner.scanJars At least one JAR was scanned for TLDs yet contained no TLDs. Enable debug logging for this logger for a complete list of JARs that were scanned but no TLDs were found in them. Skipping unneeded JARs during scanning can improve startup time and JSP compilation time.
13-Jun-2020 12:59:36.646 INFO [http-nio-8082-exec-23] org.apache.catalina.core.StandardContext.reload Reloading Context with name [/MuaBanNha] is completed
13-Jun-2020 12:59:36.978 INFO [http-nio-8082-exec-28] org.apache.catalina.core.StandardContext.reload Reloading Context with name [/MuaBanNha] has started
13-Jun-2020 12:59:37.179 INFO [http-nio-8082-exec-28] org.apache.jasper.servlet.TldScanner.scanJars At least one JAR was scanned for TLDs yet contained no TLDs. Enable debug logging for this logger for a complete list of JARs that were scanned but no TLDs were found in them. Skipping unneeded JARs during scanning can improve startup time and JSP compilation time.
13-Jun-2020 12:59:37.194 INFO [http-nio-8082-exec-28] org.apache.catalina.core.StandardContext.reload Reloading Context with name [/MuaBanNha] is completed
13-Jun-2020 13:00:08.725 INFO [http-nio-8082-exec-23] org.apache.catalina.core.StandardContext.reload Reloading Context with name [/MuaBanNha] has started
13-Jun-2020 13:00:08.926 INFO [http-nio-8082-exec-23] org.apache.jasper.servlet.TldScanner.scanJars At least one JAR was scanned for TLDs yet contained no TLDs. Enable debug logging for this logger for a complete list of JARs that were scanned but no TLDs were found in them. Skipping unneeded JARs during scanning can improve startup time and JSP compilation time.
13-Jun-2020 13:00:08.942 INFO [http-nio-8082-exec-23] org.apache.catalina.core.StandardContext.reload Reloading Context with name [/MuaBanNha] is completed
13-Jun-2020 13:00:09.254 INFO [http-nio-8082-exec-27] org.apache.catalina.core.StandardContext.reload Reloading Context with name [/MuaBanNha] has started
13-Jun-2020 13:00:09.427 INFO [http-nio-8082-exec-27] org.apache.jasper.servlet.TldScanner.scanJars At least one JAR was scanned for TLDs yet contained no TLDs. Enable debug logging for this logger for a complete list of JARs that were scanned but no TLDs were found in them. Skipping unneeded JARs during scanning can improve startup time and JSP compilation time.
13-Jun-2020 13:00:09.442 INFO [http-nio-8082-exec-27] org.apache.catalina.core.StandardContext.reload Reloading Context with name [/MuaBanNha] is completed
13-Jun-2020 13:00:39.399 INFO [http-nio-8082-exec-23] org.apache.catalina.core.StandardContext.reload Reloading Context with name [/MuaBanNha] has started
13-Jun-2020 13:00:39.584 INFO [http-nio-8082-exec-23] org.apache.jasper.servlet.TldScanner.scanJars At least one JAR was scanned for TLDs yet contained no TLDs. Enable debug logging for this logger for a complete list of JARs that were scanned but no TLDs were found in them. Skipping unneeded JARs during scanning can improve startup time and JSP compilation time.
13-Jun-2020 13:00:39.584 INFO [http-nio-8082-exec-23] org.apache.catalina.core.StandardContext.reload Reloading Context with name [/MuaBanNha] is completed
13-Jun-2020 13:01:00.654 INFO [http-nio-8082-exec-34] org.apache.catalina.core.StandardContext.reload Reloading Context with name [/MuaBanNha] has started
13-Jun-2020 13:01:00.839 INFO [http-nio-8082-exec-34] org.apache.jasper.servlet.TldScanner.scanJars At least one JAR was scanned for TLDs yet contained no TLDs. Enable debug logging for this logger for a complete list of JARs that were scanned but no TLDs were found in them. Skipping unneeded JARs during scanning can improve startup time and JSP compilation time.
13-Jun-2020 13:01:00.839 INFO [http-nio-8082-exec-34] org.apache.catalina.core.StandardContext.reload Reloading Context with name [/MuaBanNha] is completed
13-Jun-2020 13:04:10.651 INFO [http-nio-8082-exec-27] org.apache.catalina.core.StandardContext.reload Reloading Context with name [/MuaBanNha] has started
13-Jun-2020 13:04:10.830 INFO [http-nio-8082-exec-27] org.apache.jasper.servlet.TldScanner.scanJars At least one JAR was scanned for TLDs yet contained no TLDs. Enable debug logging for this logger for a complete list of JARs that were scanned but no TLDs were found in them. Skipping unneeded JARs during scanning can improve startup time and JSP compilation time.
13-Jun-2020 13:04:10.830 INFO [http-nio-8082-exec-27] org.apache.catalina.core.StandardContext.reload Reloading Context with name [/MuaBanNha] is completed
13-Jun-2020 13:06:11.349 INFO [http-nio-8082-exec-51] org.apache.catalina.core.StandardContext.reload Reloading Context with name [/MuaBanNha] has started
13-Jun-2020 13:06:11.358 WARNING [http-nio-8082-exec-51] org.apache.catalina.loader.WebappClassLoaderBase.clearReferencesJdbc The web application [MuaBanNha] registered the JDBC driver [com.mysql.jdbc.Driver] but failed to unregister it when the web application was stopped. To prevent a memory leak, the JDBC Driver has been forcibly unregistered.
13-Jun-2020 13:06:11.359 WARNING [http-nio-8082-exec-51] org.apache.catalina.loader.WebappClassLoaderBase.clearReferencesThreads The web application [MuaBanNha] appears to have started a thread named [MySQL Statement Cancellation Timer] but has failed to stop it. This is very likely to create a memory leak. Stack trace of thread:
 java.lang.Object.wait(Native Method)
 java.lang.Object.wait(Object.java:502)
 java.util.TimerThread.mainLoop(Timer.java:526)
 java.util.TimerThread.run(Timer.java:505)
13-Jun-2020 13:06:11.552 INFO [http-nio-8082-exec-51] org.apache.jasper.servlet.TldScanner.scanJars At least one JAR was scanned for TLDs yet contained no TLDs. Enable debug logging for this logger for a complete list of JARs that were scanned but no TLDs were found in them. Skipping unneeded JARs during scanning can improve startup time and JSP compilation time.
13-Jun-2020 13:06:11.567 INFO [http-nio-8082-exec-51] org.apache.catalina.core.StandardContext.reload Reloading Context with name [/MuaBanNha] is completed
13-Jun-2020 13:09:53.173 INFO [http-nio-8082-exec-53] org.apache.catalina.core.StandardContext.reload Reloading Context with name [/MuaBanNha] has started
13-Jun-2020 13:09:53.173 WARNING [http-nio-8082-exec-53] org.apache.catalina.loader.WebappClassLoaderBase.clearReferencesJdbc The web application [MuaBanNha] registered the JDBC driver [com.mysql.jdbc.Driver] but failed to unregister it when the web application was stopped. To prevent a memory leak, the JDBC Driver has been forcibly unregistered.
13-Jun-2020 13:09:53.173 WARNING [http-nio-8082-exec-53] org.apache.catalina.loader.WebappClassLoaderBase.clearReferencesThreads The web application [MuaBanNha] appears to have started a thread named [MySQL Statement Cancellation Timer] but has failed to stop it. This is very likely to create a memory leak. Stack trace of thread:
 java.lang.Object.wait(Native Method)
 java.lang.Object.wait(Object.java:502)
 java.util.TimerThread.mainLoop(Timer.java:526)
 java.util.TimerThread.run(Timer.java:505)
13-Jun-2020 13:09:53.411 INFO [http-nio-8082-exec-53] org.apache.jasper.servlet.TldScanner.scanJars At least one JAR was scanned for TLDs yet contained no TLDs. Enable debug logging for this logger for a complete list of JARs that were scanned but no TLDs were found in them. Skipping unneeded JARs during scanning can improve startup time and JSP compilation time.
13-Jun-2020 13:09:53.411 INFO [http-nio-8082-exec-53] org.apache.catalina.core.StandardContext.reload Reloading Context with name [/MuaBanNha] is completed
13-Jun-2020 13:15:09.626 INFO [http-nio-8082-exec-66] org.apache.catalina.core.StandardContext.reload Reloading Context with name [/MuaBanNha] has started
13-Jun-2020 13:15:09.632 WARNING [http-nio-8082-exec-66] org.apache.catalina.loader.WebappClassLoaderBase.clearReferencesJdbc The web application [MuaBanNha] registered the JDBC driver [com.mysql.jdbc.Driver] but failed to unregister it when the web application was stopped. To prevent a memory leak, the JDBC Driver has been forcibly unregistered.
13-Jun-2020 13:15:09.633 WARNING [http-nio-8082-exec-66] org.apache.catalina.loader.WebappClassLoaderBase.clearReferencesThreads The web application [MuaBanNha] appears to have started a thread named [MySQL Statement Cancellation Timer] but has failed to stop it. This is very likely to create a memory leak. Stack trace of thread:
 java.lang.Object.wait(Native Method)
 java.lang.Object.wait(Object.java:502)
 java.util.TimerThread.mainLoop(Timer.java:526)
 java.util.TimerThread.run(Timer.java:505)
13-Jun-2020 13:15:09.906 INFO [http-nio-8082-exec-66] org.apache.jasper.servlet.TldScanner.scanJars At least one JAR was scanned for TLDs yet contained no TLDs. Enable debug logging for this logger for a complete list of JARs that were scanned but no TLDs were found in them. Skipping unneeded JARs during scanning can improve startup time and JSP compilation time.
13-Jun-2020 13:15:09.922 INFO [http-nio-8082-exec-66] org.apache.catalina.core.StandardContext.reload Reloading Context with name [/MuaBanNha] is completed
13-Jun-2020 13:16:39.602 INFO [http-nio-8082-exec-67] org.apache.catalina.core.StandardContext.reload Reloading Context with name [/MuaBanNha] has started
13-Jun-2020 13:16:39.808 INFO [http-nio-8082-exec-67] org.apache.jasper.servlet.TldScanner.scanJars At least one JAR was scanned for TLDs yet contained no TLDs. Enable debug logging for this logger for a complete list of JARs that were scanned but no TLDs were found in them. Skipping unneeded JARs during scanning can improve startup time and JSP compilation time.
13-Jun-2020 13:16:39.815 INFO [http-nio-8082-exec-67] org.apache.catalina.core.StandardContext.reload Reloading Context with name [/MuaBanNha] is completed
13-Jun-2020 14:03:48.429 INFO [http-nio-8082-exec-81] org.apache.catalina.core.StandardContext.reload Reloading Context with name [/MuaBanNha] has started
13-Jun-2020 14:03:48.445 WARNING [http-nio-8082-exec-81] org.apache.catalina.loader.WebappClassLoaderBase.clearReferencesJdbc The web application [MuaBanNha] registered the JDBC driver [com.mysql.jdbc.Driver] but failed to unregister it when the web application was stopped. To prevent a memory leak, the JDBC Driver has been forcibly unregistered.
13-Jun-2020 14:03:48.445 WARNING [http-nio-8082-exec-81] org.apache.catalina.loader.WebappClassLoaderBase.clearReferencesThreads The web application [MuaBanNha] appears to have started a thread named [MySQL Statement Cancellation Timer] but has failed to stop it. This is very likely to create a memory leak. Stack trace of thread:
 java.lang.Object.wait(Native Method)
 java.lang.Object.wait(Object.java:502)
 java.util.TimerThread.mainLoop(Timer.java:526)
 java.util.TimerThread.run(Timer.java:505)
13-Jun-2020 14:03:48.745 INFO [http-nio-8082-exec-81] org.apache.jasper.servlet.TldScanner.scanJars At least one JAR was scanned for TLDs yet contained no TLDs. Enable debug logging for this logger for a complete list of JARs that were scanned but no TLDs were found in them. Skipping unneeded JARs during scanning can improve startup time and JSP compilation time.
13-Jun-2020 14:03:48.761 INFO [http-nio-8082-exec-81] org.apache.catalina.core.StandardContext.reload Reloading Context with name [/MuaBanNha] is completed
13-Jun-2020 14:03:49.156 INFO [http-nio-8082-exec-86] org.apache.catalina.core.StandardContext.reload Reloading Context with name [/MuaBanNha] has started
13-Jun-2020 14:03:49.416 INFO [http-nio-8082-exec-86] org.apache.jasper.servlet.TldScanner.scanJars At least one JAR was scanned for TLDs yet contained no TLDs. Enable debug logging for this logger for a complete list of JARs that were scanned but no TLDs were found in them. Skipping unneeded JARs during scanning can improve startup time and JSP compilation time.
13-Jun-2020 14:03:49.431 INFO [http-nio-8082-exec-86] org.apache.catalina.core.StandardContext.reload Reloading Context with name [/MuaBanNha] is completed
13-Jun-2020 14:24:29.427 INFO [main] org.apache.catalina.core.StandardServer.await A valid shutdown command was received via the shutdown port. Stopping the Server instance.
13-Jun-2020 14:24:29.428 INFO [main] org.apache.coyote.AbstractProtocol.pause Pausing ProtocolHandler ["http-nio-8082"]
13-Jun-2020 14:24:29.760 INFO [main] org.apache.coyote.AbstractProtocol.pause Pausing ProtocolHandler ["ajp-nio-8009"]
13-Jun-2020 14:24:30.087 INFO [main] org.apache.catalina.core.StandardService.stopInternal Stopping service [Catalina]
13-Jun-2020 14:24:30.103 WARNING [localhost-startStop-2] org.apache.catalina.loader.WebappClassLoaderBase.clearReferencesJdbc The web application [MuaBanNha] registered the JDBC driver [com.mysql.jdbc.Driver] but failed to unregister it when the web application was stopped. To prevent a memory leak, the JDBC Driver has been forcibly unregistered.
13-Jun-2020 14:24:30.103 WARNING [localhost-startStop-2] org.apache.catalina.loader.WebappClassLoaderBase.clearReferencesThreads The web application [MuaBanNha] appears to have started a thread named [MySQL Statement Cancellation Timer] but has failed to stop it. This is very likely to create a memory leak. Stack trace of thread:
 java.lang.Object.wait(Native Method)
 java.lang.Object.wait(Object.java:502)
 java.util.TimerThread.mainLoop(Timer.java:526)
 java.util.TimerThread.run(Timer.java:505)
13-Jun-2020 14:24:30.113 INFO [main] org.apache.coyote.AbstractProtocol.stop Stopping ProtocolHandler ["http-nio-8082"]
13-Jun-2020 14:24:30.115 INFO [main] org.apache.coyote.AbstractProtocol.stop Stopping ProtocolHandler ["ajp-nio-8009"]
13-Jun-2020 14:24:30.116 INFO [main] org.apache.coyote.AbstractProtocol.destroy Destroying ProtocolHandler ["http-nio-8082"]
13-Jun-2020 14:24:30.117 INFO [main] org.apache.coyote.AbstractProtocol.destroy Destroying ProtocolHandler ["ajp-nio-8009"]
