20-Jun-2020 10:49:01.184 INFO [http-nio-8082-exec-5] org.apache.catalina.core.ApplicationContext.log Manager: init: Associated with Deployer 'Catalina:type=Deployer,host=localhost'
20-Jun-2020 10:49:01.184 INFO [http-nio-8082-exec-5] org.apache.catalina.core.ApplicationContext.log Manager: init: Global resources are available
20-Jun-2020 10:49:07.397 INFO [http-nio-8082-exec-9] org.apache.catalina.core.ApplicationContext.log Manager: list: Listing contexts for virtual host 'localhost'
20-Jun-2020 10:49:07.426 INFO [http-nio-8082-exec-1] org.apache.catalina.core.ApplicationContext.log Manager: list: Listing contexts for virtual host 'localhost'
20-Jun-2020 10:49:07.500 INFO [http-nio-8082-exec-3] org.apache.catalina.core.ApplicationContext.log Manager: install: Installing context configuration at 'file:/C:/Users/Hp/AppData/Local/Temp/context2981243152440208485.xml'
20-Jun-2020 10:49:09.655 INFO [http-nio-8082-exec-2] org.apache.catalina.core.ApplicationContext.log Manager: start: Starting web application '/ThuCung'
20-Jun-2020 10:55:22.259 INFO [http-nio-8082-exec-10] org.apache.catalina.core.ApplicationContext.log Manager: list: Listing contexts for virtual host 'localhost'
20-Jun-2020 10:55:25.389 INFO [http-nio-8082-exec-3] org.apache.catalina.core.ApplicationContext.log Manager: list: Listing contexts for virtual host 'localhost'
20-Jun-2020 10:55:25.396 INFO [http-nio-8082-exec-5] org.apache.catalina.core.ApplicationContext.log Manager: list: Listing contexts for virtual host 'localhost'
20-Jun-2020 10:56:59.868 INFO [http-nio-8082-exec-10] org.apache.catalina.core.ApplicationContext.log Manager: list: Listing contexts for virtual host 'localhost'
20-Jun-2020 10:57:00.537 INFO [http-nio-8082-exec-1] org.apache.catalina.core.ApplicationContext.log Manager: list: Listing contexts for virtual host 'localhost'
20-Jun-2020 10:57:00.598 INFO [http-nio-8082-exec-5] org.apache.catalina.core.ApplicationContext.log Manager: undeploy: Undeploying web application at '/ThuCung'
20-Jun-2020 10:57:12.793 INFO [http-nio-8082-exec-12] org.apache.catalina.core.ApplicationContext.log Manager: list: Listing contexts for virtual host 'localhost'
20-Jun-2020 10:57:12.798 INFO [http-nio-8082-exec-6] org.apache.catalina.core.ApplicationContext.log Manager: list: Listing contexts for virtual host 'localhost'
20-Jun-2020 10:57:12.867 INFO [http-nio-8082-exec-4] org.apache.catalina.core.ApplicationContext.log Manager: install: Installing context configuration at 'file:/C:/Users/Hp/AppData/Local/Temp/context6129772376765705522.xml'
20-Jun-2020 10:57:14.898 INFO [http-nio-8082-exec-3] org.apache.catalina.core.ApplicationContext.log Manager: start: Starting web application '/ThuCung'
20-Jun-2020 10:59:12.129 INFO [http-nio-8082-exec-11] org.apache.catalina.core.ApplicationContext.log Manager: list: Listing contexts for virtual host 'localhost'
20-Jun-2020 10:59:15.003 INFO [http-nio-8082-exec-17] org.apache.catalina.core.ApplicationContext.log Manager: list: Listing contexts for virtual host 'localhost'
20-Jun-2020 10:59:15.032 INFO [http-nio-8082-exec-19] org.apache.catalina.core.ApplicationContext.log Manager: list: Listing contexts for virtual host 'localhost'
20-Jun-2020 11:01:09.346 INFO [http-nio-8082-exec-12] org.apache.catalina.core.ApplicationContext.log Manager: list: Listing contexts for virtual host 'localhost'
20-Jun-2020 11:01:10.813 INFO [http-nio-8082-exec-13] org.apache.catalina.core.ApplicationContext.log Manager: list: Listing contexts for virtual host 'localhost'
20-Jun-2020 11:01:10.815 INFO [http-nio-8082-exec-17] org.apache.catalina.core.ApplicationContext.log Manager: list: Listing contexts for virtual host 'localhost'
20-Jun-2020 11:03:20.587 INFO [http-nio-8082-exec-18] org.apache.catalina.core.ApplicationContext.log Manager: list: Listing contexts for virtual host 'localhost'
20-Jun-2020 11:03:20.595 INFO [http-nio-8082-exec-16] org.apache.catalina.core.ApplicationContext.log Manager: restart: Reloading web application '/ThuCung'
20-Jun-2020 11:03:29.158 INFO [http-nio-8082-exec-12] org.apache.catalina.core.ApplicationContext.log Manager: list: Listing contexts for virtual host 'localhost'
20-Jun-2020 11:03:29.158 INFO [http-nio-8082-exec-17] org.apache.catalina.core.ApplicationContext.log Manager: restart: Reloading web application '/ThuCung'
20-Jun-2020 11:03:29.461 INFO [http-nio-8082-exec-19] org.apache.catalina.core.ApplicationContext.log Manager: list: Listing contexts for virtual host 'localhost'
20-Jun-2020 11:03:29.464 INFO [http-nio-8082-exec-13] org.apache.catalina.core.ApplicationContext.log Manager: list: Listing contexts for virtual host 'localhost'
20-Jun-2020 11:03:29.528 INFO [http-nio-8082-exec-20] org.apache.catalina.core.ApplicationContext.log Manager: restart: Reloading web application '/ThuCung'
20-Jun-2020 11:05:32.109 INFO [http-nio-8082-exec-26] org.apache.catalina.core.ApplicationContext.log Manager: list: Listing contexts for virtual host 'localhost'
20-Jun-2020 11:05:32.852 INFO [http-nio-8082-exec-32] org.apache.catalina.core.ApplicationContext.log Manager: list: Listing contexts for virtual host 'localhost'
20-Jun-2020 11:05:32.854 INFO [http-nio-8082-exec-29] org.apache.catalina.core.ApplicationContext.log Manager: list: Listing contexts for virtual host 'localhost'
20-Jun-2020 11:05:33.178 INFO [http-nio-8082-exec-29] org.apache.catalina.core.ApplicationContext.log Manager: list: Listing contexts for virtual host 'localhost'
20-Jun-2020 11:06:04.089 INFO [http-nio-8082-exec-25] org.apache.catalina.core.ApplicationContext.log Manager: list: Listing contexts for virtual host 'localhost'
20-Jun-2020 11:07:18.396 INFO [http-nio-8082-exec-28] org.apache.catalina.core.ApplicationContext.log Manager: list: Listing contexts for virtual host 'localhost'
20-Jun-2020 11:09:58.827 INFO [http-nio-8082-exec-26] org.apache.catalina.core.ApplicationContext.log Manager: list: Listing contexts for virtual host 'localhost'
20-Jun-2020 11:10:00.187 INFO [http-nio-8082-exec-32] org.apache.catalina.core.ApplicationContext.log Manager: list: Listing contexts for virtual host 'localhost'
20-Jun-2020 11:10:00.189 INFO [http-nio-8082-exec-27] org.apache.catalina.core.ApplicationContext.log Manager: list: Listing contexts for virtual host 'localhost'
20-Jun-2020 11:10:00.528 INFO [http-nio-8082-exec-28] org.apache.catalina.core.ApplicationContext.log Manager: list: Listing contexts for virtual host 'localhost'
20-Jun-2020 11:14:37.983 INFO [http-nio-8082-exec-30] org.apache.catalina.core.ApplicationContext.log Manager: list: Listing contexts for virtual host 'localhost'
20-Jun-2020 11:14:37.983 INFO [http-nio-8082-exec-29] org.apache.catalina.core.ApplicationContext.log Manager: list: Listing contexts for virtual host 'localhost'
20-Jun-2020 11:47:28.167 INFO [http-nio-8082-exec-28] org.apache.catalina.core.ApplicationContext.log Manager: list: Listing contexts for virtual host 'localhost'
20-Jun-2020 11:47:28.180 INFO [http-nio-8082-exec-32] org.apache.catalina.core.ApplicationContext.log Manager: undeploy: Undeploying web application at '/ThuCung'
20-Jun-2020 11:47:33.062 INFO [http-nio-8082-exec-33] org.apache.catalina.core.ApplicationContext.log Manager: list: Listing contexts for virtual host 'localhost'
20-Jun-2020 11:47:33.394 INFO [http-nio-8082-exec-30] org.apache.catalina.core.ApplicationContext.log Manager: list: Listing contexts for virtual host 'localhost'
20-Jun-2020 11:47:56.718 INFO [http-nio-8082-exec-36] org.apache.catalina.core.ApplicationContext.log Manager: list: Listing contexts for virtual host 'localhost'
20-Jun-2020 11:47:56.720 INFO [http-nio-8082-exec-34] org.apache.catalina.core.ApplicationContext.log Manager: list: Listing contexts for virtual host 'localhost'
20-Jun-2020 11:47:56.732 INFO [http-nio-8082-exec-28] org.apache.catalina.core.ApplicationContext.log Manager: install: Installing context configuration at 'file:/C:/Users/Hp/AppData/Local/Temp/context8330079398459816184.xml'
20-Jun-2020 11:47:57.143 INFO [http-nio-8082-exec-31] org.apache.catalina.core.ApplicationContext.log Manager: start: Starting web application '/ThuCung'
20-Jun-2020 11:49:03.901 INFO [http-nio-8082-exec-29] org.apache.catalina.core.ApplicationContext.log Manager: list: Listing contexts for virtual host 'localhost'
20-Jun-2020 11:49:03.907 INFO [http-nio-8082-exec-35] org.apache.catalina.core.ApplicationContext.log Manager: undeploy: Undeploying web application at '/ThuCung'
20-Jun-2020 11:49:05.790 INFO [http-nio-8082-exec-36] org.apache.catalina.core.ApplicationContext.log Manager: list: Listing contexts for virtual host 'localhost'
20-Jun-2020 11:49:06.118 INFO [http-nio-8082-exec-38] org.apache.catalina.core.ApplicationContext.log Manager: list: Listing contexts for virtual host 'localhost'
20-Jun-2020 11:49:07.603 INFO [http-nio-8082-exec-38] org.apache.catalina.core.ApplicationContext.log Manager: list: Listing contexts for virtual host 'localhost'
20-Jun-2020 11:49:07.606 INFO [http-nio-8082-exec-36] org.apache.catalina.core.ApplicationContext.log Manager: list: Listing contexts for virtual host 'localhost'
20-Jun-2020 11:49:07.619 INFO [http-nio-8082-exec-41] org.apache.catalina.core.ApplicationContext.log Manager: install: Installing context configuration at 'file:/C:/Users/Hp/AppData/Local/Temp/context3209813777984554722.xml'
20-Jun-2020 11:49:08.034 INFO [http-nio-8082-exec-35] org.apache.catalina.core.ApplicationContext.log Manager: start: Starting web application '/ThuCung'
20-Jun-2020 12:24:51.901 INFO [http-nio-8082-exec-42] org.apache.catalina.core.ApplicationContext.log Manager: list: Listing contexts for virtual host 'localhost'
20-Jun-2020 12:25:51.756 INFO [http-nio-8082-exec-48] org.apache.catalina.core.ApplicationContext.log Manager: list: Listing contexts for virtual host 'localhost'
20-Jun-2020 12:25:51.771 INFO [http-nio-8082-exec-43] org.apache.catalina.core.ApplicationContext.log Manager: restart: Reloading web application '/ThuCung'
20-Jun-2020 12:25:55.926 INFO [http-nio-8082-exec-51] org.apache.catalina.core.ApplicationContext.log Manager: list: Listing contexts for virtual host 'localhost'
20-Jun-2020 12:25:55.935 INFO [http-nio-8082-exec-50] org.apache.catalina.core.ApplicationContext.log Manager: list: Listing contexts for virtual host 'localhost'
20-Jun-2020 12:25:56.025 INFO [http-nio-8082-exec-45] org.apache.catalina.core.ApplicationContext.log Manager: restart: Reloading web application '/ThuCung'
20-Jun-2020 12:27:22.839 INFO [http-nio-8082-exec-57] org.apache.catalina.core.ApplicationContext.log Manager: list: Listing contexts for virtual host 'localhost'
20-Jun-2020 12:27:22.879 INFO [http-nio-8082-exec-59] org.apache.catalina.core.ApplicationContext.log Manager: undeploy: Undeploying web application at '/ThuCung'
20-Jun-2020 12:29:22.430 INFO [http-nio-8082-exec-63] org.apache.catalina.core.ApplicationContext.log Manager: list: Listing contexts for virtual host 'localhost'
20-Jun-2020 12:29:28.788 INFO [http-nio-8082-exec-66] org.apache.catalina.core.ApplicationContext.log Manager: list: Listing contexts for virtual host 'localhost'
20-Jun-2020 12:29:28.792 INFO [http-nio-8082-exec-67] org.apache.catalina.core.ApplicationContext.log Manager: list: Listing contexts for virtual host 'localhost'
20-Jun-2020 12:29:28.804 INFO [http-nio-8082-exec-62] org.apache.catalina.core.ApplicationContext.log Manager: install: Installing context configuration at 'file:/C:/Users/Hp/AppData/Local/Temp/context1300061971549832843.xml'
20-Jun-2020 12:29:29.263 INFO [http-nio-8082-exec-56] org.apache.catalina.core.ApplicationContext.log Manager: start: Starting web application '/ThuCung'
20-Jun-2020 12:34:50.186 INFO [http-nio-8082-exec-70] org.apache.catalina.core.ApplicationContext.log Manager: list: Listing contexts for virtual host 'localhost'
20-Jun-2020 12:34:50.197 INFO [http-nio-8082-exec-71] org.apache.catalina.core.ApplicationContext.log Manager: restart: Reloading web application '/ThuCung'
20-Jun-2020 12:39:21.023 INFO [http-nio-8082-exec-82] org.apache.catalina.core.ApplicationContext.log Manager: list: Listing contexts for virtual host 'localhost'
20-Jun-2020 12:39:27.132 INFO [http-nio-8082-exec-76] org.apache.catalina.core.ApplicationContext.log Manager: list: Listing contexts for virtual host 'localhost'
20-Jun-2020 12:39:27.141 INFO [http-nio-8082-exec-74] org.apache.catalina.core.ApplicationContext.log Manager: undeploy: Undeploying web application at '/ThuCung'
20-Jun-2020 12:39:27.322 INFO [http-nio-8082-exec-81] org.apache.catalina.core.ApplicationContext.log Manager: list: Listing contexts for virtual host 'localhost'
20-Jun-2020 12:39:27.684 INFO [http-nio-8082-exec-78] org.apache.catalina.core.ApplicationContext.log Manager: restart: Reloading web application '/ThuCung'
20-Jun-2020 12:39:30.076 INFO [http-nio-8082-exec-78] org.apache.catalina.core.ApplicationContext.log Manager: list: Listing contexts for virtual host 'localhost'
20-Jun-2020 12:39:30.081 INFO [http-nio-8082-exec-76] org.apache.catalina.core.ApplicationContext.log Manager: list: Listing contexts for virtual host 'localhost'
20-Jun-2020 12:39:30.092 INFO [http-nio-8082-exec-77] org.apache.catalina.core.ApplicationContext.log Manager: install: Installing context configuration at 'file:/C:/Users/Hp/AppData/Local/Temp/context4207572234730271129.xml'
20-Jun-2020 12:39:30.539 INFO [http-nio-8082-exec-75] org.apache.catalina.core.ApplicationContext.log Manager: start: Starting web application '/ThuCung'
20-Jun-2020 12:40:13.376 INFO [http-nio-8082-exec-84] org.apache.catalina.core.ApplicationContext.log Manager: list: Listing contexts for virtual host 'localhost'
20-Jun-2020 12:40:13.383 INFO [http-nio-8082-exec-81] org.apache.catalina.core.ApplicationContext.log Manager: undeploy: Undeploying web application at '/ThuCung'
20-Jun-2020 16:22:14.930 INFO [http-nio-8082-exec-5] org.apache.catalina.core.ApplicationContext.log Manager: init: Associated with Deployer 'Catalina:type=Deployer,host=localhost'
20-Jun-2020 16:22:14.930 INFO [http-nio-8082-exec-5] org.apache.catalina.core.ApplicationContext.log Manager: init: Global resources are available
20-Jun-2020 16:22:18.808 INFO [http-nio-8082-exec-1] org.apache.catalina.core.ApplicationContext.log Manager: list: Listing contexts for virtual host 'localhost'
20-Jun-2020 16:22:18.808 INFO [http-nio-8082-exec-2] org.apache.catalina.core.ApplicationContext.log Manager: list: Listing contexts for virtual host 'localhost'
20-Jun-2020 16:22:18.839 INFO [http-nio-8082-exec-4] org.apache.catalina.core.ApplicationContext.log Manager: install: Installing context configuration at 'file:/C:/Users/Hp/AppData/Local/Temp/context3071927937698930352.xml'
20-Jun-2020 16:22:19.240 INFO [http-nio-8082-exec-3] org.apache.catalina.core.ApplicationContext.log Manager: start: Starting web application '/ThuCung'
20-Jun-2020 16:23:31.428 INFO [http-nio-8082-exec-10] org.apache.catalina.core.ApplicationContext.log Manager: list: Listing contexts for virtual host 'localhost'
20-Jun-2020 16:23:31.428 INFO [http-nio-8082-exec-4] org.apache.catalina.core.ApplicationContext.log Manager: list: Listing contexts for virtual host 'localhost'
20-Jun-2020 16:25:41.497 INFO [http-nio-8082-exec-3] org.apache.catalina.core.ApplicationContext.log Manager: list: Listing contexts for virtual host 'localhost'
20-Jun-2020 16:25:41.497 INFO [http-nio-8082-exec-8] org.apache.catalina.core.ApplicationContext.log Manager: undeploy: Undeploying web application at '/ThuCung'
20-Jun-2020 16:25:59.435 INFO [http-nio-8082-exec-13] org.apache.catalina.core.ApplicationContext.log Manager: list: Listing contexts for virtual host 'localhost'
20-Jun-2020 16:25:59.435 INFO [http-nio-8082-exec-11] org.apache.catalina.core.ApplicationContext.log Manager: list: Listing contexts for virtual host 'localhost'
20-Jun-2020 16:25:59.453 INFO [http-nio-8082-exec-10] org.apache.catalina.core.ApplicationContext.log Manager: install: Installing context configuration at 'file:/C:/Users/Hp/AppData/Local/Temp/context7009313298032509498.xml'
20-Jun-2020 16:25:59.832 INFO [http-nio-8082-exec-6] org.apache.catalina.core.ApplicationContext.log Manager: start: Starting web application '/ThuCung'
20-Jun-2020 16:37:04.818 INFO [http-nio-8082-exec-19] org.apache.catalina.core.ApplicationContext.log Manager: list: Listing contexts for virtual host 'localhost'
20-Jun-2020 16:37:14.939 INFO [http-nio-8082-exec-18] org.apache.catalina.core.ApplicationContext.log Manager: list: Listing contexts for virtual host 'localhost'
20-Jun-2020 16:37:14.939 INFO [http-nio-8082-exec-12] org.apache.catalina.core.ApplicationContext.log Manager: list: Listing contexts for virtual host 'localhost'
20-Jun-2020 16:42:42.171 INFO [http-nio-8082-exec-13] org.apache.catalina.core.ApplicationContext.log Manager: list: Listing contexts for virtual host 'localhost'
20-Jun-2020 16:47:47.605 INFO [http-nio-8082-exec-17] org.apache.catalina.core.ApplicationContext.log Manager: list: Listing contexts for virtual host 'localhost'
20-Jun-2020 16:48:11.827 INFO [http-nio-8082-exec-13] org.apache.catalina.core.ApplicationContext.log Manager: list: Listing contexts for virtual host 'localhost'
20-Jun-2020 16:48:30.882 INFO [http-nio-8082-exec-17] org.apache.catalina.core.ApplicationContext.log Manager: list: Listing contexts for virtual host 'localhost'
20-Jun-2020 16:48:30.882 INFO [http-nio-8082-exec-11] org.apache.catalina.core.ApplicationContext.log Manager: list: Listing contexts for virtual host 'localhost'
20-Jun-2020 16:51:51.426 INFO [http-nio-8082-exec-12] org.apache.catalina.core.ApplicationContext.log Manager: list: Listing contexts for virtual host 'localhost'
20-Jun-2020 16:51:57.221 INFO [http-nio-8082-exec-17] org.apache.catalina.core.ApplicationContext.log Manager: list: Listing contexts for virtual host 'localhost'
20-Jun-2020 16:51:57.237 INFO [http-nio-8082-exec-15] org.apache.catalina.core.ApplicationContext.log Manager: list: Listing contexts for virtual host 'localhost'
20-Jun-2020 17:02:32.042 INFO [http-nio-8082-exec-15] org.apache.catalina.core.ApplicationContext.log Manager: list: Listing contexts for virtual host 'localhost'
20-Jun-2020 17:02:34.114 INFO [http-nio-8082-exec-14] org.apache.catalina.core.ApplicationContext.log Manager: list: Listing contexts for virtual host 'localhost'
20-Jun-2020 17:02:34.130 INFO [http-nio-8082-exec-20] org.apache.catalina.core.ApplicationContext.log Manager: list: Listing contexts for virtual host 'localhost'
20-Jun-2020 17:03:42.909 INFO [http-nio-8082-exec-13] org.apache.catalina.core.ApplicationContext.log Manager: list: Listing contexts for virtual host 'localhost'
20-Jun-2020 17:03:46.822 INFO [http-nio-8082-exec-11] org.apache.catalina.core.ApplicationContext.log Manager: list: Listing contexts for virtual host 'localhost'
20-Jun-2020 17:03:46.837 INFO [http-nio-8082-exec-14] org.apache.catalina.core.ApplicationContext.log Manager: undeploy: Undeploying web application at '/ThuCung'
20-Jun-2020 17:03:50.168 INFO [http-nio-8082-exec-21] org.apache.catalina.core.ApplicationContext.log Manager: list: Listing contexts for virtual host 'localhost'
20-Jun-2020 17:03:50.168 INFO [http-nio-8082-exec-22] org.apache.catalina.core.ApplicationContext.log Manager: list: Listing contexts for virtual host 'localhost'
20-Jun-2020 17:03:50.183 INFO [http-nio-8082-exec-13] org.apache.catalina.core.ApplicationContext.log Manager: install: Installing context configuration at 'file:/C:/Users/Hp/AppData/Local/Temp/context4777711739267356729.xml'
20-Jun-2020 17:03:50.622 INFO [http-nio-8082-exec-19] org.apache.catalina.core.ApplicationContext.log Manager: start: Starting web application '/ThuCung'
20-Jun-2020 17:13:56.730 INFO [http-nio-8082-exec-23] org.apache.catalina.core.ApplicationContext.log Manager: list: Listing contexts for virtual host 'localhost'
20-Jun-2020 17:13:57.053 INFO [http-nio-8082-exec-24] org.apache.catalina.core.ApplicationContext.log Manager: list: Listing contexts for virtual host 'localhost'
20-Jun-2020 17:13:59.125 INFO [http-nio-8082-exec-25] org.apache.catalina.core.ApplicationContext.log Manager: list: Listing contexts for virtual host 'localhost'
20-Jun-2020 17:13:59.125 INFO [http-nio-8082-exec-24] org.apache.catalina.core.ApplicationContext.log Manager: list: Listing contexts for virtual host 'localhost'
20-Jun-2020 17:14:09.647 INFO [http-nio-8082-exec-28] org.apache.catalina.core.ApplicationContext.log Manager: list: Listing contexts for virtual host 'localhost'
20-Jun-2020 17:14:09.647 INFO [http-nio-8082-exec-23] org.apache.catalina.core.ApplicationContext.log Manager: undeploy: Undeploying web application at '/ThuCung'
20-Jun-2020 17:14:12.607 INFO [http-nio-8082-exec-31] org.apache.catalina.core.ApplicationContext.log Manager: list: Listing contexts for virtual host 'localhost'
20-Jun-2020 17:14:12.607 INFO [http-nio-8082-exec-24] org.apache.catalina.core.ApplicationContext.log Manager: list: Listing contexts for virtual host 'localhost'
20-Jun-2020 17:14:12.623 INFO [http-nio-8082-exec-28] org.apache.catalina.core.ApplicationContext.log Manager: install: Installing context configuration at 'file:/C:/Users/Hp/AppData/Local/Temp/context4192462701166015088.xml'
20-Jun-2020 17:14:13.008 INFO [http-nio-8082-exec-22] org.apache.catalina.core.ApplicationContext.log Manager: start: Starting web application '/ThuCung'
20-Jun-2020 17:17:17.393 INFO [http-nio-8082-exec-32] org.apache.catalina.core.ApplicationContext.log Manager: list: Listing contexts for virtual host 'localhost'
20-Jun-2020 17:17:18.448 INFO [http-nio-8082-exec-35] org.apache.catalina.core.ApplicationContext.log Manager: list: Listing contexts for virtual host 'localhost'
20-Jun-2020 17:17:19.180 INFO [http-nio-8082-exec-37] org.apache.catalina.core.ApplicationContext.log Manager: list: Listing contexts for virtual host 'localhost'
20-Jun-2020 17:17:19.180 INFO [http-nio-8082-exec-34] org.apache.catalina.core.ApplicationContext.log Manager: list: Listing contexts for virtual host 'localhost'
20-Jun-2020 17:17:26.927 INFO [http-nio-8082-exec-35] org.apache.catalina.core.ApplicationContext.log Manager: list: Listing contexts for virtual host 'localhost'
20-Jun-2020 17:17:26.942 INFO [http-nio-8082-exec-33] org.apache.catalina.core.ApplicationContext.log Manager: undeploy: Undeploying web application at '/ThuCung'
20-Jun-2020 17:17:30.085 INFO [http-nio-8082-exec-41] org.apache.catalina.core.ApplicationContext.log Manager: list: Listing contexts for virtual host 'localhost'
20-Jun-2020 17:17:30.085 INFO [http-nio-8082-exec-35] org.apache.catalina.core.ApplicationContext.log Manager: list: Listing contexts for virtual host 'localhost'
20-Jun-2020 17:17:30.085 INFO [http-nio-8082-exec-38] org.apache.catalina.core.ApplicationContext.log Manager: install: Installing context configuration at 'file:/C:/Users/Hp/AppData/Local/Temp/context9195719266503916254.xml'
20-Jun-2020 17:17:30.470 INFO [http-nio-8082-exec-31] org.apache.catalina.core.ApplicationContext.log Manager: start: Starting web application '/ThuCung'
20-Jun-2020 17:20:12.398 INFO [http-nio-8082-exec-47] org.apache.catalina.core.ApplicationContext.log Manager: list: Listing contexts for virtual host 'localhost'
20-Jun-2020 17:20:50.923 INFO [http-nio-8082-exec-48] org.apache.catalina.core.ApplicationContext.log Manager: list: Listing contexts for virtual host 'localhost'
20-Jun-2020 17:20:51.942 INFO [http-nio-8082-exec-48] org.apache.catalina.core.ApplicationContext.log Manager: list: Listing contexts for virtual host 'localhost'
20-Jun-2020 17:20:52.681 INFO [http-nio-8082-exec-42] org.apache.catalina.core.ApplicationContext.log Manager: list: Listing contexts for virtual host 'localhost'
20-Jun-2020 17:20:52.697 INFO [http-nio-8082-exec-45] org.apache.catalina.core.ApplicationContext.log Manager: list: Listing contexts for virtual host 'localhost'
20-Jun-2020 17:21:40.145 INFO [http-nio-8082-exec-47] org.apache.catalina.core.ApplicationContext.log Manager: list: Listing contexts for virtual host 'localhost'
20-Jun-2020 17:21:54.877 INFO [http-nio-8082-exec-50] org.apache.catalina.core.ApplicationContext.log Manager: list: Listing contexts for virtual host 'localhost'
20-Jun-2020 17:21:55.679 INFO [http-nio-8082-exec-47] org.apache.catalina.core.ApplicationContext.log Manager: list: Listing contexts for virtual host 'localhost'
20-Jun-2020 17:21:55.679 INFO [http-nio-8082-exec-49] org.apache.catalina.core.ApplicationContext.log Manager: list: Listing contexts for virtual host 'localhost'
20-Jun-2020 17:22:56.770 INFO [http-nio-8082-exec-45] org.apache.catalina.core.ApplicationContext.log Manager: list: Listing contexts for virtual host 'localhost'
20-Jun-2020 17:23:40.280 INFO [http-nio-8082-exec-44] org.apache.catalina.core.ApplicationContext.log Manager: list: Listing contexts for virtual host 'localhost'
20-Jun-2020 17:23:40.280 INFO [http-nio-8082-exec-48] org.apache.catalina.core.ApplicationContext.log Manager: list: Listing contexts for virtual host 'localhost'
20-Jun-2020 17:23:46.886 INFO [http-nio-8082-exec-44] org.apache.catalina.core.ApplicationContext.log Manager: list: Listing contexts for virtual host 'localhost'
20-Jun-2020 17:23:46.886 INFO [http-nio-8082-exec-42] org.apache.catalina.core.ApplicationContext.log Manager: undeploy: Undeploying web application at '/ThuCung'
20-Jun-2020 17:23:49.353 INFO [http-nio-8082-exec-51] org.apache.catalina.core.ApplicationContext.log Manager: list: Listing contexts for virtual host 'localhost'
20-Jun-2020 17:23:49.368 INFO [http-nio-8082-exec-52] org.apache.catalina.core.ApplicationContext.log Manager: list: Listing contexts for virtual host 'localhost'
20-Jun-2020 17:23:49.375 INFO [http-nio-8082-exec-46] org.apache.catalina.core.ApplicationContext.log Manager: install: Installing context configuration at 'file:/C:/Users/Hp/AppData/Local/Temp/context8674870774008768851.xml'
20-Jun-2020 17:23:49.776 INFO [http-nio-8082-exec-41] org.apache.catalina.core.ApplicationContext.log Manager: start: Starting web application '/ThuCung'
20-Jun-2020 17:25:47.331 INFO [http-nio-8082-exec-52] org.apache.catalina.core.ApplicationContext.log Manager: list: Listing contexts for virtual host 'localhost'
20-Jun-2020 17:27:35.700 INFO [http-nio-8082-exec-55] org.apache.catalina.core.ApplicationContext.log Manager: list: Listing contexts for virtual host 'localhost'
20-Jun-2020 17:29:21.970 INFO [http-nio-8082-exec-60] org.apache.catalina.core.ApplicationContext.log Manager: list: Listing contexts for virtual host 'localhost'
20-Jun-2020 17:30:01.013 INFO [http-nio-8082-exec-54] org.apache.catalina.core.ApplicationContext.log Manager: list: Listing contexts for virtual host 'localhost'
20-Jun-2020 17:30:42.816 INFO [http-nio-8082-exec-53] org.apache.catalina.core.ApplicationContext.log Manager: list: Listing contexts for virtual host 'localhost'
20-Jun-2020 17:31:50.995 INFO [http-nio-8082-exec-57] org.apache.catalina.core.ApplicationContext.log Manager: list: Listing contexts for virtual host 'localhost'
20-Jun-2020 17:32:22.109 INFO [http-nio-8082-exec-58] org.apache.catalina.core.ApplicationContext.log Manager: list: Listing contexts for virtual host 'localhost'
20-Jun-2020 17:32:33.960 INFO [http-nio-8082-exec-56] org.apache.catalina.core.ApplicationContext.log Manager: list: Listing contexts for virtual host 'localhost'
20-Jun-2020 17:32:33.960 INFO [http-nio-8082-exec-59] org.apache.catalina.core.ApplicationContext.log Manager: undeploy: Undeploying web application at '/ThuCung'
20-Jun-2020 17:32:36.373 INFO [http-nio-8082-exec-57] org.apache.catalina.core.ApplicationContext.log Manager: list: Listing contexts for virtual host 'localhost'
20-Jun-2020 17:32:36.373 INFO [http-nio-8082-exec-60] org.apache.catalina.core.ApplicationContext.log Manager: list: Listing contexts for virtual host 'localhost'
20-Jun-2020 17:32:36.389 INFO [http-nio-8082-exec-55] org.apache.catalina.core.ApplicationContext.log Manager: install: Installing context configuration at 'file:/C:/Users/Hp/AppData/Local/Temp/context7021345831456031904.xml'
20-Jun-2020 17:32:36.821 INFO [http-nio-8082-exec-54] org.apache.catalina.core.ApplicationContext.log Manager: start: Starting web application '/ThuCung'
20-Jun-2020 17:33:12.542 INFO [http-nio-8082-exec-62] org.apache.catalina.core.ApplicationContext.log Manager: list: Listing contexts for virtual host 'localhost'
20-Jun-2020 17:34:40.967 INFO [http-nio-8082-exec-68] org.apache.catalina.core.ApplicationContext.log Manager: list: Listing contexts for virtual host 'localhost'
20-Jun-2020 17:34:45.786 INFO [http-nio-8082-exec-62] org.apache.catalina.core.ApplicationContext.log Manager: list: Listing contexts for virtual host 'localhost'
20-Jun-2020 17:34:45.786 INFO [http-nio-8082-exec-69] org.apache.catalina.core.ApplicationContext.log Manager: undeploy: Undeploying web application at '/ThuCung'
20-Jun-2020 17:35:59.200 INFO [http-nio-8082-exec-73] org.apache.catalina.core.ApplicationContext.log Manager: list: Listing contexts for virtual host 'localhost'
20-Jun-2020 17:36:19.326 INFO [http-nio-8082-exec-73] org.apache.catalina.core.ApplicationContext.log Manager: list: Listing contexts for virtual host 'localhost'
20-Jun-2020 17:36:21.982 INFO [http-nio-8082-exec-65] org.apache.catalina.core.ApplicationContext.log Manager: list: Listing contexts for virtual host 'localhost'
20-Jun-2020 17:36:21.997 INFO [http-nio-8082-exec-72] org.apache.catalina.core.ApplicationContext.log Manager: list: Listing contexts for virtual host 'localhost'
20-Jun-2020 17:36:21.997 INFO [http-nio-8082-exec-77] org.apache.catalina.core.ApplicationContext.log Manager: install: Installing context configuration at 'file:/C:/Users/Hp/AppData/Local/Temp/context8723747581931724631.xml'
20-Jun-2020 17:36:22.367 INFO [http-nio-8082-exec-68] org.apache.catalina.core.ApplicationContext.log Manager: start: Starting web application '/ThuCung'
20-Jun-2020 17:37:09.929 INFO [http-nio-8082-exec-77] org.apache.catalina.core.ApplicationContext.log Manager: list: Listing contexts for virtual host 'localhost'
20-Jun-2020 17:37:12.350 INFO [http-nio-8082-exec-77] org.apache.catalina.core.ApplicationContext.log Manager: list: Listing contexts for virtual host 'localhost'
20-Jun-2020 17:37:12.350 INFO [http-nio-8082-exec-75] org.apache.catalina.core.ApplicationContext.log Manager: undeploy: Undeploying web application at '/ThuCung'
20-Jun-2020 17:37:22.347 INFO [http-nio-8082-exec-82] org.apache.catalina.core.ApplicationContext.log Manager: list: Listing contexts for virtual host 'localhost'
20-Jun-2020 17:37:22.363 INFO [http-nio-8082-exec-73] org.apache.catalina.core.ApplicationContext.log Manager: list: Listing contexts for virtual host 'localhost'
20-Jun-2020 17:37:22.363 INFO [http-nio-8082-exec-77] org.apache.catalina.core.ApplicationContext.log Manager: install: Installing context configuration at 'file:/C:/Users/Hp/AppData/Local/Temp/context5473156446305301543.xml'
20-Jun-2020 17:37:22.748 INFO [http-nio-8082-exec-76] org.apache.catalina.core.ApplicationContext.log Manager: start: Starting web application '/ThuCung'
20-Jun-2020 17:39:31.486 INFO [http-nio-8082-exec-83] org.apache.catalina.core.ApplicationContext.log Manager: list: Listing contexts for virtual host 'localhost'
20-Jun-2020 17:39:37.196 INFO [http-nio-8082-exec-85] org.apache.catalina.core.ApplicationContext.log Manager: list: Listing contexts for virtual host 'localhost'
20-Jun-2020 17:39:37.196 INFO [http-nio-8082-exec-81] org.apache.catalina.core.ApplicationContext.log Manager: undeploy: Undeploying web application at '/ThuCung'
20-Jun-2020 17:39:45.465 INFO [http-nio-8082-exec-90] org.apache.catalina.core.ApplicationContext.log Manager: list: Listing contexts for virtual host 'localhost'
20-Jun-2020 17:39:45.465 INFO [http-nio-8082-exec-89] org.apache.catalina.core.ApplicationContext.log Manager: list: Listing contexts for virtual host 'localhost'
20-Jun-2020 17:39:45.465 INFO [http-nio-8082-exec-82] org.apache.catalina.core.ApplicationContext.log Manager: install: Installing context configuration at 'file:/C:/Users/Hp/AppData/Local/Temp/context461925241434182219.xml'
20-Jun-2020 17:39:45.828 INFO [http-nio-8082-exec-83] org.apache.catalina.core.ApplicationContext.log Manager: start: Starting web application '/ThuCung'
20-Jun-2020 17:40:52.068 INFO [http-nio-8082-exec-95] org.apache.catalina.core.ApplicationContext.log Manager: list: Listing contexts for virtual host 'localhost'
20-Jun-2020 17:45:38.606 INFO [http-nio-8082-exec-100] org.apache.catalina.core.ApplicationContext.log Manager: list: Listing contexts for virtual host 'localhost'
20-Jun-2020 17:45:42.275 INFO [http-nio-8082-exec-94] org.apache.catalina.core.ApplicationContext.log Manager: list: Listing contexts for virtual host 'localhost'
20-Jun-2020 17:45:42.275 INFO [http-nio-8082-exec-98] org.apache.catalina.core.ApplicationContext.log Manager: undeploy: Undeploying web application at '/ThuCung'
20-Jun-2020 17:45:45.606 INFO [http-nio-8082-exec-95] org.apache.catalina.core.ApplicationContext.log Manager: list: Listing contexts for virtual host 'localhost'
20-Jun-2020 17:45:45.606 INFO [http-nio-8082-exec-96] org.apache.catalina.core.ApplicationContext.log Manager: list: Listing contexts for virtual host 'localhost'
20-Jun-2020 17:45:45.622 INFO [http-nio-8082-exec-92] org.apache.catalina.core.ApplicationContext.log Manager: install: Installing context configuration at 'file:/C:/Users/Hp/AppData/Local/Temp/context1407284278220795124.xml'
20-Jun-2020 17:45:45.997 INFO [http-nio-8082-exec-94] org.apache.catalina.core.ApplicationContext.log Manager: start: Starting web application '/ThuCung'
20-Jun-2020 17:50:08.343 INFO [http-nio-8082-exec-110] org.apache.catalina.core.ApplicationContext.log Manager: list: Listing contexts for virtual host 'localhost'
20-Jun-2020 17:50:10.434 INFO [http-nio-8082-exec-110] org.apache.catalina.core.ApplicationContext.log Manager: list: Listing contexts for virtual host 'localhost'
20-Jun-2020 17:50:10.450 INFO [http-nio-8082-exec-106] org.apache.catalina.core.ApplicationContext.log Manager: undeploy: Undeploying web application at '/ThuCung'
20-Jun-2020 17:50:13.407 INFO [http-nio-8082-exec-101] org.apache.catalina.core.ApplicationContext.log Manager: list: Listing contexts for virtual host 'localhost'
20-Jun-2020 17:50:13.407 INFO [http-nio-8082-exec-104] org.apache.catalina.core.ApplicationContext.log Manager: list: Listing contexts for virtual host 'localhost'
20-Jun-2020 17:50:13.423 INFO [http-nio-8082-exec-103] org.apache.catalina.core.ApplicationContext.log Manager: install: Installing context configuration at 'file:/C:/Users/Hp/AppData/Local/Temp/context2488966590572183591.xml'
20-Jun-2020 17:50:13.839 INFO [http-nio-8082-exec-109] org.apache.catalina.core.ApplicationContext.log Manager: start: Starting web application '/ThuCung'
20-Jun-2020 17:51:57.664 INFO [http-nio-8082-exec-112] org.apache.catalina.core.ApplicationContext.log Manager: list: Listing contexts for virtual host 'localhost'
20-Jun-2020 17:54:17.897 INFO [http-nio-8082-exec-113] org.apache.catalina.core.ApplicationContext.log Manager: list: Listing contexts for virtual host 'localhost'
20-Jun-2020 17:54:32.313 INFO [http-nio-8082-exec-115] org.apache.catalina.core.ApplicationContext.log Manager: list: Listing contexts for virtual host 'localhost'
20-Jun-2020 17:54:57.941 INFO [http-nio-8082-exec-112] org.apache.catalina.core.ApplicationContext.log Manager: list: Listing contexts for virtual host 'localhost'
20-Jun-2020 17:54:57.946 INFO [http-nio-8082-exec-111] org.apache.catalina.core.ApplicationContext.log Manager: undeploy: Undeploying web application at '/ThuCung'
20-Jun-2020 17:55:00.745 INFO [http-nio-8082-exec-122] org.apache.catalina.core.ApplicationContext.log Manager: list: Listing contexts for virtual host 'localhost'
20-Jun-2020 17:55:00.748 INFO [http-nio-8082-exec-120] org.apache.catalina.core.ApplicationContext.log Manager: list: Listing contexts for virtual host 'localhost'
20-Jun-2020 17:55:00.758 INFO [http-nio-8082-exec-117] org.apache.catalina.core.ApplicationContext.log Manager: install: Installing context configuration at 'file:/C:/Users/Hp/AppData/Local/Temp/context8332095638446379764.xml'
20-Jun-2020 17:55:01.178 INFO [http-nio-8082-exec-114] org.apache.catalina.core.ApplicationContext.log Manager: start: Starting web application '/ThuCung'
20-Jun-2020 17:55:36.270 INFO [http-nio-8082-exec-122] org.apache.catalina.core.ApplicationContext.log Manager: list: Listing contexts for virtual host 'localhost'
20-Jun-2020 17:58:27.321 INFO [http-nio-8082-exec-124] org.apache.catalina.core.ApplicationContext.log Manager: list: Listing contexts for virtual host 'localhost'
20-Jun-2020 17:58:27.321 INFO [http-nio-8082-exec-130] org.apache.catalina.core.ApplicationContext.log Manager: undeploy: Undeploying web application at '/ThuCung'
20-Jun-2020 17:58:29.890 INFO [http-nio-8082-exec-131] org.apache.catalina.core.ApplicationContext.log Manager: list: Listing contexts for virtual host 'localhost'
20-Jun-2020 17:58:29.890 INFO [http-nio-8082-exec-125] org.apache.catalina.core.ApplicationContext.log Manager: list: Listing contexts for virtual host 'localhost'
20-Jun-2020 17:58:29.905 INFO [http-nio-8082-exec-124] org.apache.catalina.core.ApplicationContext.log Manager: install: Installing context configuration at 'file:/C:/Users/Hp/AppData/Local/Temp/context7225999530493111228.xml'
20-Jun-2020 17:58:30.259 INFO [http-nio-8082-exec-122] org.apache.catalina.core.ApplicationContext.log Manager: start: Starting web application '/ThuCung'
20-Jun-2020 18:00:57.376 INFO [http-nio-8082-exec-140] org.apache.catalina.core.ApplicationContext.log Manager: list: Listing contexts for virtual host 'localhost'
20-Jun-2020 18:00:57.376 INFO [http-nio-8082-exec-139] org.apache.catalina.core.ApplicationContext.log Manager: undeploy: Undeploying web application at '/ThuCung'
20-Jun-2020 18:04:17.256 INFO [http-nio-8082-exec-4] org.apache.catalina.core.ApplicationContext.log Manager: init: Associated with Deployer 'Catalina:type=Deployer,host=localhost'
20-Jun-2020 18:04:17.256 INFO [http-nio-8082-exec-4] org.apache.catalina.core.ApplicationContext.log Manager: init: Global resources are available
20-Jun-2020 18:04:21.848 INFO [http-nio-8082-exec-10] org.apache.catalina.core.ApplicationContext.log Manager: list: Listing contexts for virtual host 'localhost'
20-Jun-2020 18:04:21.848 INFO [http-nio-8082-exec-1] org.apache.catalina.core.ApplicationContext.log Manager: list: Listing contexts for virtual host 'localhost'
20-Jun-2020 18:04:21.863 INFO [http-nio-8082-exec-5] org.apache.catalina.core.ApplicationContext.log Manager: install: Installing context configuration at 'file:/C:/Users/Hp/AppData/Local/Temp/context2150023115747599201.xml'
20-Jun-2020 18:04:22.248 INFO [http-nio-8082-exec-3] org.apache.catalina.core.ApplicationContext.log Manager: start: Starting web application '/ThuCung'
20-Jun-2020 18:12:33.126 INFO [http-nio-8082-exec-8] org.apache.catalina.core.ApplicationContext.log Manager: list: Listing contexts for virtual host 'localhost'
20-Jun-2020 18:12:33.142 INFO [http-nio-8082-exec-1] org.apache.catalina.core.ApplicationContext.log Manager: restart: Reloading web application '/ThuCung'
20-Jun-2020 18:16:25.613 INFO [http-nio-8082-exec-16] org.apache.catalina.core.ApplicationContext.log Manager: list: Listing contexts for virtual host 'localhost'
20-Jun-2020 18:16:25.613 INFO [http-nio-8082-exec-13] org.apache.catalina.core.ApplicationContext.log Manager: restart: Reloading web application '/ThuCung'
20-Jun-2020 18:23:30.088 INFO [http-nio-8082-exec-21] org.apache.catalina.core.ApplicationContext.log Manager: list: Listing contexts for virtual host 'localhost'
20-Jun-2020 18:23:51.231 INFO [http-nio-8082-exec-28] org.apache.catalina.core.ApplicationContext.log Manager: list: Listing contexts for virtual host 'localhost'
20-Jun-2020 18:23:51.231 INFO [http-nio-8082-exec-25] org.apache.catalina.core.ApplicationContext.log Manager: list: Listing contexts for virtual host 'localhost'
20-Jun-2020 18:23:51.284 INFO [http-nio-8082-exec-23] org.apache.catalina.core.ApplicationContext.log Manager: restart: Reloading web application '/ThuCung'
20-Jun-2020 18:23:51.903 INFO [http-nio-8082-exec-31] org.apache.catalina.core.ApplicationContext.log Manager: list: Listing contexts for virtual host 'localhost'
20-Jun-2020 18:23:52.246 INFO [http-nio-8082-exec-26] org.apache.catalina.core.ApplicationContext.log Manager: list: Listing contexts for virtual host 'localhost'
