17-Jun-2020 11:39:14.150 INFO [http-nio-8082-exec-4] org.apache.catalina.core.ApplicationContext.log Manager: init: Associated with Deployer 'Catalina:type=Deployer,host=localhost'
17-Jun-2020 11:39:14.150 INFO [http-nio-8082-exec-4] org.apache.catalina.core.ApplicationContext.log Manager: init: Global resources are available
17-Jun-2020 11:39:31.243 INFO [http-nio-8082-exec-4] org.apache.catalina.core.ApplicationContext.log Manager: list: Listing contexts for virtual host 'localhost'
17-Jun-2020 11:39:44.847 INFO [http-nio-8082-exec-8] org.apache.catalina.core.ApplicationContext.log Manager: list: Listing contexts for virtual host 'localhost'
17-Jun-2020 11:39:44.853 INFO [http-nio-8082-exec-2] org.apache.catalina.core.ApplicationContext.log Manager: list: Listing contexts for virtual host 'localhost'
17-Jun-2020 11:39:44.895 INFO [http-nio-8082-exec-1] org.apache.catalina.core.ApplicationContext.log Manager: install: Installing context configuration at 'file:/C:/Users/Hp/AppData/Local/Temp/context942576965263349691.xml'
17-Jun-2020 11:39:46.195 INFO [http-nio-8082-exec-6] org.apache.catalina.core.ApplicationContext.log Manager: start: Starting web application '/MuaBanNha'
17-Jun-2020 11:45:27.308 INFO [http-nio-8082-exec-2] org.apache.catalina.core.ApplicationContext.log Manager: list: Listing contexts for virtual host 'localhost'
17-Jun-2020 12:02:25.551 INFO [http-nio-8082-exec-6] org.apache.catalina.core.ApplicationContext.log Manager: list: Listing contexts for virtual host 'localhost'
17-Jun-2020 12:02:25.558 INFO [http-nio-8082-exec-5] org.apache.catalina.core.ApplicationContext.log Manager: list: Listing contexts for virtual host 'localhost'
17-Jun-2020 12:04:54.741 INFO [http-nio-8082-exec-3] org.apache.catalina.core.ApplicationContext.log Manager: list: Listing contexts for virtual host 'localhost'
17-Jun-2020 12:06:01.310 INFO [http-nio-8082-exec-3] org.apache.catalina.core.ApplicationContext.log Manager: list: Listing contexts for virtual host 'localhost'
17-Jun-2020 12:06:01.315 INFO [http-nio-8082-exec-10] org.apache.catalina.core.ApplicationContext.log Manager: list: Listing contexts for virtual host 'localhost'
17-Jun-2020 13:43:44.182 INFO [http-nio-8082-exec-4] org.apache.catalina.core.ApplicationContext.log Manager: init: Associated with Deployer 'Catalina:type=Deployer,host=localhost'
17-Jun-2020 13:43:44.182 INFO [http-nio-8082-exec-4] org.apache.catalina.core.ApplicationContext.log Manager: init: Global resources are available
17-Jun-2020 13:43:52.929 INFO [http-nio-8082-exec-3] org.apache.catalina.core.ApplicationContext.log Manager: list: Listing contexts for virtual host 'localhost'
17-Jun-2020 13:43:52.938 INFO [http-nio-8082-exec-2] org.apache.catalina.core.ApplicationContext.log Manager: list: Listing contexts for virtual host 'localhost'
17-Jun-2020 13:46:48.519 INFO [http-nio-8082-exec-1] org.apache.catalina.core.ApplicationContext.log Manager: list: Listing contexts for virtual host 'localhost'
17-Jun-2020 13:46:48.519 INFO [http-nio-8082-exec-2] org.apache.catalina.core.ApplicationContext.log Manager: list: Listing contexts for virtual host 'localhost'
17-Jun-2020 13:59:44.777 INFO [http-nio-8082-exec-2] org.apache.catalina.core.ApplicationContext.log Manager: list: Listing contexts for virtual host 'localhost'
17-Jun-2020 13:59:44.792 INFO [http-nio-8082-exec-8] org.apache.catalina.core.ApplicationContext.log Manager: restart: Reloading web application '/MuaBanNha'
17-Jun-2020 14:06:00.983 INFO [http-nio-8082-exec-11] org.apache.catalina.core.ApplicationContext.log Manager: list: Listing contexts for virtual host 'localhost'
17-Jun-2020 14:06:00.983 INFO [http-nio-8082-exec-12] org.apache.catalina.core.ApplicationContext.log Manager: restart: Reloading web application '/MuaBanNha'
17-Jun-2020 14:36:51.220 INFO [http-nio-8082-exec-2] org.apache.catalina.core.ApplicationContext.log Manager: init: Associated with Deployer 'Catalina:type=Deployer,host=localhost'
17-Jun-2020 14:36:51.220 INFO [http-nio-8082-exec-2] org.apache.catalina.core.ApplicationContext.log Manager: init: Global resources are available
17-Jun-2020 14:36:51.956 INFO [http-nio-8082-exec-3] org.apache.catalina.core.ApplicationContext.log Manager: list: Listing contexts for virtual host 'localhost'
17-Jun-2020 14:36:51.961 INFO [http-nio-8082-exec-5] org.apache.catalina.core.ApplicationContext.log Manager: list: Listing contexts for virtual host 'localhost'
17-Jun-2020 14:36:51.974 INFO [http-nio-8082-exec-8] org.apache.catalina.core.ApplicationContext.log Manager: undeploy: Undeploying web application at '/MuaBanNha'
17-Jun-2020 14:36:52.559 INFO [http-nio-8082-exec-10] org.apache.catalina.core.ApplicationContext.log Manager: install: Installing context configuration at 'file:/C:/Users/Hp/AppData/Local/Temp/context9030944449305256808.xml'
17-Jun-2020 14:36:52.948 INFO [http-nio-8082-exec-2] org.apache.catalina.core.ApplicationContext.log Manager: start: Starting web application '/MuaBanNha'
17-Jun-2020 14:36:53.374 INFO [http-nio-8082-exec-10] org.apache.catalina.core.ApplicationContext.log Manager: list: Listing contexts for virtual host 'localhost'
17-Jun-2020 14:36:53.764 INFO [http-nio-8082-exec-2] org.apache.catalina.core.ApplicationContext.log Manager: list: Listing contexts for virtual host 'localhost'
17-Jun-2020 14:37:13.126 INFO [http-nio-8082-exec-14] org.apache.catalina.core.ApplicationContext.log Manager: list: Listing contexts for virtual host 'localhost'
17-Jun-2020 14:37:13.134 INFO [http-nio-8082-exec-3] org.apache.catalina.core.ApplicationContext.log Manager: list: Listing contexts for virtual host 'localhost'
17-Jun-2020 14:37:13.144 INFO [http-nio-8082-exec-7] org.apache.catalina.core.ApplicationContext.log Manager: undeploy: Undeploying web application at '/MuaBanNha'
17-Jun-2020 14:37:13.668 INFO [http-nio-8082-exec-3] org.apache.catalina.core.ApplicationContext.log Manager: install: Installing context configuration at 'file:/C:/Users/Hp/AppData/Local/Temp/context61162329876299347.xml'
17-Jun-2020 14:37:14.015 INFO [http-nio-8082-exec-11] org.apache.catalina.core.ApplicationContext.log Manager: start: Starting web application '/MuaBanNha'
17-Jun-2020 14:44:37.446 INFO [http-nio-8082-exec-17] org.apache.catalina.core.ApplicationContext.log Manager: list: Listing contexts for virtual host 'localhost'
17-Jun-2020 14:44:37.466 INFO [http-nio-8082-exec-19] org.apache.catalina.core.ApplicationContext.log Manager: restart: Reloading web application '/MuaBanNha'
17-Jun-2020 14:44:37.731 INFO [http-nio-8082-exec-18] org.apache.catalina.core.ApplicationContext.log Manager: list: Listing contexts for virtual host 'localhost'
17-Jun-2020 14:44:37.731 INFO [http-nio-8082-exec-23] org.apache.catalina.core.ApplicationContext.log Manager: list: Listing contexts for virtual host 'localhost'
17-Jun-2020 14:44:38.032 INFO [http-nio-8082-exec-25] org.apache.catalina.core.ApplicationContext.log Manager: undeploy: Undeploying web application at '/MuaBanNha'
17-Jun-2020 14:44:38.580 INFO [http-nio-8082-exec-20] org.apache.catalina.core.ApplicationContext.log Manager: install: Installing context configuration at 'file:/C:/Users/Hp/AppData/Local/Temp/context3257220878871675933.xml'
17-Jun-2020 14:44:39.047 INFO [http-nio-8082-exec-24] org.apache.catalina.core.ApplicationContext.log Manager: start: Starting web application '/MuaBanNha'
17-Jun-2020 14:44:39.398 INFO [http-nio-8082-exec-26] org.apache.catalina.core.ApplicationContext.log Manager: list: Listing contexts for virtual host 'localhost'
17-Jun-2020 14:52:54.740 INFO [http-nio-8082-exec-30] org.apache.catalina.core.ApplicationContext.log Manager: list: Listing contexts for virtual host 'localhost'
17-Jun-2020 14:52:54.756 INFO [http-nio-8082-exec-35] org.apache.catalina.core.ApplicationContext.log Manager: restart: Reloading web application '/MuaBanNha'
17-Jun-2020 14:52:55.041 INFO [http-nio-8082-exec-36] org.apache.catalina.core.ApplicationContext.log Manager: list: Listing contexts for virtual host 'localhost'
17-Jun-2020 14:52:55.057 INFO [http-nio-8082-exec-29] org.apache.catalina.core.ApplicationContext.log Manager: list: Listing contexts for virtual host 'localhost'
17-Jun-2020 14:52:55.157 INFO [http-nio-8082-exec-26] org.apache.catalina.core.ApplicationContext.log Manager: restart: Reloading web application '/MuaBanNha'
17-Jun-2020 14:52:55.841 INFO [http-nio-8082-exec-31] org.apache.catalina.core.ApplicationContext.log Manager: list: Listing contexts for virtual host 'localhost'
17-Jun-2020 14:54:14.545 INFO [http-nio-8082-exec-30] org.apache.catalina.core.ApplicationContext.log Manager: list: Listing contexts for virtual host 'localhost'
17-Jun-2020 14:54:14.545 INFO [http-nio-8082-exec-35] org.apache.catalina.core.ApplicationContext.log Manager: list: Listing contexts for virtual host 'localhost'
17-Jun-2020 14:54:14.561 INFO [http-nio-8082-exec-34] org.apache.catalina.core.ApplicationContext.log Manager: undeploy: Undeploying web application at '/MuaBanNha'
17-Jun-2020 14:54:15.083 INFO [http-nio-8082-exec-35] org.apache.catalina.core.ApplicationContext.log Manager: install: Installing context configuration at 'file:/C:/Users/Hp/AppData/Local/Temp/context6244290765184289442.xml'
17-Jun-2020 14:54:15.430 INFO [http-nio-8082-exec-42] org.apache.catalina.core.ApplicationContext.log Manager: start: Starting web application '/MuaBanNha'
17-Jun-2020 14:54:15.695 INFO [http-nio-8082-exec-43] org.apache.catalina.core.ApplicationContext.log Manager: list: Listing contexts for virtual host 'localhost'
17-Jun-2020 15:00:02.443 INFO [http-nio-8082-exec-45] org.apache.catalina.core.ApplicationContext.log Manager: list: Listing contexts for virtual host 'localhost'
17-Jun-2020 15:00:02.452 INFO [http-nio-8082-exec-47] org.apache.catalina.core.ApplicationContext.log Manager: restart: Reloading web application '/MuaBanNha'
17-Jun-2020 15:00:16.340 INFO [http-nio-8082-exec-53] org.apache.catalina.core.ApplicationContext.log Manager: list: Listing contexts for virtual host 'localhost'
17-Jun-2020 15:00:16.356 INFO [http-nio-8082-exec-45] org.apache.catalina.core.ApplicationContext.log Manager: list: Listing contexts for virtual host 'localhost'
17-Jun-2020 15:00:16.362 INFO [http-nio-8082-exec-50] org.apache.catalina.core.ApplicationContext.log Manager: undeploy: Undeploying web application at '/MuaBanNha'
17-Jun-2020 15:00:16.894 INFO [http-nio-8082-exec-46] org.apache.catalina.core.ApplicationContext.log Manager: install: Installing context configuration at 'file:/C:/Users/Hp/AppData/Local/Temp/context2864342473118905965.xml'
17-Jun-2020 15:00:17.280 INFO [http-nio-8082-exec-51] org.apache.catalina.core.ApplicationContext.log Manager: start: Starting web application '/MuaBanNha'
17-Jun-2020 15:00:17.603 INFO [http-nio-8082-exec-55] org.apache.catalina.core.ApplicationContext.log Manager: list: Listing contexts for virtual host 'localhost'
17-Jun-2020 15:09:34.523 INFO [http-nio-8082-exec-63] org.apache.catalina.core.ApplicationContext.log Manager: list: Listing contexts for virtual host 'localhost'
17-Jun-2020 15:09:34.523 INFO [http-nio-8082-exec-55] org.apache.catalina.core.ApplicationContext.log Manager: restart: Reloading web application '/MuaBanNha'
17-Jun-2020 15:09:35.158 INFO [http-nio-8082-exec-59] org.apache.catalina.core.ApplicationContext.log Manager: list: Listing contexts for virtual host 'localhost'
17-Jun-2020 15:09:35.158 INFO [http-nio-8082-exec-63] org.apache.catalina.core.ApplicationContext.log Manager: list: Listing contexts for virtual host 'localhost'
17-Jun-2020 15:09:35.158 INFO [http-nio-8082-exec-62] org.apache.catalina.core.ApplicationContext.log Manager: undeploy: Undeploying web application at '/MuaBanNha'
17-Jun-2020 15:09:35.693 INFO [http-nio-8082-exec-63] org.apache.catalina.core.ApplicationContext.log Manager: install: Installing context configuration at 'file:/C:/Users/Hp/AppData/Local/Temp/context3680594990857121370.xml'
17-Jun-2020 15:09:36.043 INFO [http-nio-8082-exec-61] org.apache.catalina.core.ApplicationContext.log Manager: start: Starting web application '/MuaBanNha'
17-Jun-2020 15:09:36.388 INFO [http-nio-8082-exec-66] org.apache.catalina.core.ApplicationContext.log Manager: list: Listing contexts for virtual host 'localhost'
17-Jun-2020 15:27:36.502 INFO [http-nio-8082-exec-71] org.apache.catalina.core.ApplicationContext.log Manager: list: Listing contexts for virtual host 'localhost'
17-Jun-2020 15:27:36.502 INFO [http-nio-8082-exec-73] org.apache.catalina.core.ApplicationContext.log Manager: list: Listing contexts for virtual host 'localhost'
17-Jun-2020 15:27:36.502 INFO [http-nio-8082-exec-67] org.apache.catalina.core.ApplicationContext.log Manager: undeploy: Undeploying web application at '/MuaBanNha'
17-Jun-2020 15:27:37.020 INFO [http-nio-8082-exec-70] org.apache.catalina.core.ApplicationContext.log Manager: install: Installing context configuration at 'file:/C:/Users/Hp/AppData/Local/Temp/context9185907429951378730.xml'
17-Jun-2020 15:27:37.035 INFO [http-nio-8082-exec-69] org.apache.catalina.core.ApplicationContext.log Manager: list: Listing contexts for virtual host 'localhost'
17-Jun-2020 15:27:37.035 INFO [http-nio-8082-exec-66] org.apache.catalina.core.ApplicationContext.log Manager: list: Listing contexts for virtual host 'localhost'
17-Jun-2020 15:27:37.338 INFO [http-nio-8082-exec-71] org.apache.catalina.core.ApplicationContext.log Manager: restart: Reloading web application '/MuaBanNha'
17-Jun-2020 15:27:37.656 INFO [http-nio-8082-exec-68] org.apache.catalina.core.ApplicationContext.log Manager: start: Starting web application '/MuaBanNha'
17-Jun-2020 15:27:37.975 INFO [http-nio-8082-exec-66] org.apache.catalina.core.ApplicationContext.log Manager: list: Listing contexts for virtual host 'localhost'
17-Jun-2020 15:27:37.989 INFO [http-nio-8082-exec-74] org.apache.catalina.core.ApplicationContext.log Manager: restart: Reloading web application '/MuaBanNha'
17-Jun-2020 15:29:36.329 INFO [http-nio-8082-exec-85] org.apache.catalina.core.ApplicationContext.log Manager: list: Listing contexts for virtual host 'localhost'
17-Jun-2020 15:29:36.345 INFO [http-nio-8082-exec-86] org.apache.catalina.core.ApplicationContext.log Manager: list: Listing contexts for virtual host 'localhost'
17-Jun-2020 15:29:36.567 INFO [http-nio-8082-exec-78] org.apache.catalina.core.ApplicationContext.log Manager: list: Listing contexts for virtual host 'localhost'
17-Jun-2020 15:30:35.973 INFO [http-nio-8082-exec-87] org.apache.catalina.core.ApplicationContext.log Manager: list: Listing contexts for virtual host 'localhost'
17-Jun-2020 15:30:35.973 INFO [http-nio-8082-exec-86] org.apache.catalina.core.ApplicationContext.log Manager: list: Listing contexts for virtual host 'localhost'
17-Jun-2020 15:37:22.357 INFO [http-nio-8082-exec-81] org.apache.catalina.core.ApplicationContext.log Manager: list: Listing contexts for virtual host 'localhost'
17-Jun-2020 15:37:23.199 INFO [http-nio-8082-exec-82] org.apache.catalina.core.ApplicationContext.log Manager: list: Listing contexts for virtual host 'localhost'
17-Jun-2020 15:37:23.199 INFO [http-nio-8082-exec-78] org.apache.catalina.core.ApplicationContext.log Manager: list: Listing contexts for virtual host 'localhost'
17-Jun-2020 15:37:38.265 INFO [http-nio-8082-exec-85] org.apache.catalina.core.ApplicationContext.log Manager: list: Listing contexts for virtual host 'localhost'
17-Jun-2020 15:37:38.265 INFO [http-nio-8082-exec-84] org.apache.catalina.core.ApplicationContext.log Manager: list: Listing contexts for virtual host 'localhost'
17-Jun-2020 17:43:59.254 INFO [http-nio-8082-exec-6] org.apache.catalina.core.ApplicationContext.log Manager: init: Associated with Deployer 'Catalina:type=Deployer,host=localhost'
17-Jun-2020 17:43:59.254 INFO [http-nio-8082-exec-6] org.apache.catalina.core.ApplicationContext.log Manager: init: Global resources are available
17-Jun-2020 17:43:59.318 INFO [http-nio-8082-exec-7] org.apache.catalina.core.ApplicationContext.log Manager: list: Listing contexts for virtual host 'localhost'
17-Jun-2020 17:43:59.331 INFO [http-nio-8082-exec-9] org.apache.catalina.core.ApplicationContext.log Manager: list: Listing contexts for virtual host 'localhost'
17-Jun-2020 17:43:59.434 INFO [http-nio-8082-exec-1] org.apache.catalina.core.ApplicationContext.log Manager: restart: Reloading web application '/MuaBanNha'
17-Jun-2020 17:48:39.941 INFO [http-nio-8082-exec-18] org.apache.catalina.core.ApplicationContext.log Manager: list: Listing contexts for virtual host 'localhost'
17-Jun-2020 17:48:39.976 INFO [http-nio-8082-exec-12] org.apache.catalina.core.ApplicationContext.log Manager: restart: Reloading web application '/MuaBanNha'
17-Jun-2020 17:50:30.882 INFO [http-nio-8082-exec-21] org.apache.catalina.core.ApplicationContext.log Manager: list: Listing contexts for virtual host 'localhost'
17-Jun-2020 17:50:30.903 INFO [http-nio-8082-exec-13] org.apache.catalina.core.ApplicationContext.log Manager: list: Listing contexts for virtual host 'localhost'
17-Jun-2020 17:50:31.150 INFO [http-nio-8082-exec-16] org.apache.catalina.core.ApplicationContext.log Manager: restart: Reloading web application '/MuaBanNha'
17-Jun-2020 18:05:24.529 INFO [http-nio-8082-exec-26] org.apache.catalina.core.ApplicationContext.log Manager: list: Listing contexts for virtual host 'localhost'
17-Jun-2020 18:05:24.551 INFO [http-nio-8082-exec-29] org.apache.catalina.core.ApplicationContext.log Manager: restart: Reloading web application '/MuaBanNha'
17-Jun-2020 18:16:57.589 INFO [http-nio-8082-exec-44] org.apache.catalina.core.ApplicationContext.log Manager: list: Listing contexts for virtual host 'localhost'
17-Jun-2020 18:16:57.617 INFO [http-nio-8082-exec-40] org.apache.catalina.core.ApplicationContext.log Manager: restart: Reloading web application '/MuaBanNha'
17-Jun-2020 18:16:58.946 INFO [http-nio-8082-exec-45] org.apache.catalina.core.ApplicationContext.log Manager: list: Listing contexts for virtual host 'localhost'
17-Jun-2020 18:16:58.977 INFO [http-nio-8082-exec-41] org.apache.catalina.core.ApplicationContext.log Manager: list: Listing contexts for virtual host 'localhost'
17-Jun-2020 18:16:59.578 INFO [http-nio-8082-exec-35] org.apache.catalina.core.ApplicationContext.log Manager: restart: Reloading web application '/MuaBanNha'
17-Jun-2020 18:17:01.842 INFO [http-nio-8082-exec-46] org.apache.catalina.core.ApplicationContext.log Manager: list: Listing contexts for virtual host 'localhost'
17-Jun-2020 18:19:19.843 INFO [http-nio-8082-exec-47] org.apache.catalina.core.ApplicationContext.log Manager: list: Listing contexts for virtual host 'localhost'
17-Jun-2020 18:19:20.185 INFO [http-nio-8082-exec-55] org.apache.catalina.core.ApplicationContext.log Manager: list: Listing contexts for virtual host 'localhost'
17-Jun-2020 18:19:30.617 INFO [http-nio-8082-exec-50] org.apache.catalina.core.ApplicationContext.log Manager: list: Listing contexts for virtual host 'localhost'
17-Jun-2020 18:19:30.983 INFO [http-nio-8082-exec-47] org.apache.catalina.core.ApplicationContext.log Manager: list: Listing contexts for virtual host 'localhost'
17-Jun-2020 18:21:56.800 INFO [http-nio-8082-exec-53] org.apache.catalina.core.ApplicationContext.log Manager: list: Listing contexts for virtual host 'localhost'
17-Jun-2020 18:50:29.969 INFO [http-nio-8082-exec-55] org.apache.catalina.core.ApplicationContext.log Manager: list: Listing contexts for virtual host 'localhost'
17-Jun-2020 18:50:29.985 INFO [http-nio-8082-exec-51] org.apache.catalina.core.ApplicationContext.log Manager: restart: Reloading web application '/MuaBanNha'
17-Jun-2020 18:50:31.454 INFO [http-nio-8082-exec-53] org.apache.catalina.core.ApplicationContext.log Manager: list: Listing contexts for virtual host 'localhost'
17-Jun-2020 18:50:31.951 INFO [http-nio-8082-exec-53] org.apache.catalina.core.ApplicationContext.log Manager: list: Listing contexts for virtual host 'localhost'
17-Jun-2020 18:50:32.017 INFO [http-nio-8082-exec-48] org.apache.catalina.core.ApplicationContext.log Manager: restart: Reloading web application '/MuaBanNha'
17-Jun-2020 18:54:32.454 INFO [http-nio-8082-exec-57] org.apache.catalina.core.ApplicationContext.log Manager: list: Listing contexts for virtual host 'localhost'
17-Jun-2020 18:54:32.476 INFO [http-nio-8082-exec-58] org.apache.catalina.core.ApplicationContext.log Manager: restart: Reloading web application '/MuaBanNha'
17-Jun-2020 18:57:15.510 INFO [http-nio-8082-exec-66] org.apache.catalina.core.ApplicationContext.log Manager: list: Listing contexts for virtual host 'localhost'
17-Jun-2020 18:57:15.519 INFO [http-nio-8082-exec-67] org.apache.catalina.core.ApplicationContext.log Manager: restart: Reloading web application '/MuaBanNha'
17-Jun-2020 18:57:17.541 INFO [http-nio-8082-exec-70] org.apache.catalina.core.ApplicationContext.log Manager: list: Listing contexts for virtual host 'localhost'
17-Jun-2020 18:57:17.579 INFO [http-nio-8082-exec-69] org.apache.catalina.core.ApplicationContext.log Manager: restart: Reloading web application '/MuaBanNha'
17-Jun-2020 18:59:27.686 INFO [http-nio-8082-exec-71] org.apache.catalina.core.ApplicationContext.log Manager: list: Listing contexts for virtual host 'localhost'
17-Jun-2020 18:59:27.708 INFO [http-nio-8082-exec-72] org.apache.catalina.core.ApplicationContext.log Manager: restart: Reloading web application '/MuaBanNha'
17-Jun-2020 19:00:33.659 INFO [http-nio-8082-exec-76] org.apache.catalina.core.ApplicationContext.log Manager: list: Listing contexts for virtual host 'localhost'
17-Jun-2020 19:00:33.678 INFO [http-nio-8082-exec-77] org.apache.catalina.core.ApplicationContext.log Manager: restart: Reloading web application '/MuaBanNha'
17-Jun-2020 19:01:41.763 INFO [http-nio-8082-exec-74] org.apache.catalina.core.ApplicationContext.log Manager: list: Listing contexts for virtual host 'localhost'
17-Jun-2020 19:01:41.782 INFO [http-nio-8082-exec-80] org.apache.catalina.core.ApplicationContext.log Manager: restart: Reloading web application '/MuaBanNha'
17-Jun-2020 19:01:44.401 INFO [http-nio-8082-exec-84] org.apache.catalina.core.ApplicationContext.log Manager: list: Listing contexts for virtual host 'localhost'
17-Jun-2020 19:01:44.421 INFO [http-nio-8082-exec-82] org.apache.catalina.core.ApplicationContext.log Manager: restart: Reloading web application '/MuaBanNha'
17-Jun-2020 19:04:23.701 INFO [http-nio-8082-exec-90] org.apache.catalina.core.ApplicationContext.log Manager: list: Listing contexts for virtual host 'localhost'
17-Jun-2020 19:04:23.716 INFO [http-nio-8082-exec-86] org.apache.catalina.core.ApplicationContext.log Manager: restart: Reloading web application '/MuaBanNha'
17-Jun-2020 19:05:26.115 INFO [http-nio-8082-exec-92] org.apache.catalina.core.ApplicationContext.log Manager: list: Listing contexts for virtual host 'localhost'
17-Jun-2020 19:05:26.141 INFO [http-nio-8082-exec-93] org.apache.catalina.core.ApplicationContext.log Manager: restart: Reloading web application '/MuaBanNha'
17-Jun-2020 19:05:29.313 INFO [http-nio-8082-exec-94] org.apache.catalina.core.ApplicationContext.log Manager: list: Listing contexts for virtual host 'localhost'
17-Jun-2020 19:05:29.342 INFO [http-nio-8082-exec-86] org.apache.catalina.core.ApplicationContext.log Manager: restart: Reloading web application '/MuaBanNha'
17-Jun-2020 19:06:17.344 INFO [http-nio-8082-exec-90] org.apache.catalina.core.ApplicationContext.log Manager: list: Listing contexts for virtual host 'localhost'
17-Jun-2020 19:06:17.370 INFO [http-nio-8082-exec-96] org.apache.catalina.core.ApplicationContext.log Manager: restart: Reloading web application '/MuaBanNha'
17-Jun-2020 19:06:18.978 INFO [http-nio-8082-exec-97] org.apache.catalina.core.ApplicationContext.log Manager: list: Listing contexts for virtual host 'localhost'
17-Jun-2020 19:06:19.013 INFO [http-nio-8082-exec-86] org.apache.catalina.core.ApplicationContext.log Manager: restart: Reloading web application '/MuaBanNha'
17-Jun-2020 19:06:35.711 INFO [http-nio-8082-exec-90] org.apache.catalina.core.ApplicationContext.log Manager: list: Listing contexts for virtual host 'localhost'
17-Jun-2020 19:06:35.738 INFO [http-nio-8082-exec-99] org.apache.catalina.core.ApplicationContext.log Manager: restart: Reloading web application '/MuaBanNha'
17-Jun-2020 19:06:53.657 INFO [http-nio-8082-exec-87] org.apache.catalina.core.ApplicationContext.log Manager: list: Listing contexts for virtual host 'localhost'
17-Jun-2020 19:06:53.712 INFO [http-nio-8082-exec-101] org.apache.catalina.core.ApplicationContext.log Manager: restart: Reloading web application '/MuaBanNha'
17-Jun-2020 19:07:06.853 INFO [http-nio-8082-exec-97] org.apache.catalina.core.ApplicationContext.log Manager: list: Listing contexts for virtual host 'localhost'
17-Jun-2020 19:07:06.874 INFO [http-nio-8082-exec-90] org.apache.catalina.core.ApplicationContext.log Manager: restart: Reloading web application '/MuaBanNha'
17-Jun-2020 19:07:08.165 INFO [http-nio-8082-exec-90] org.apache.catalina.core.ApplicationContext.log Manager: list: Listing contexts for virtual host 'localhost'
17-Jun-2020 19:07:08.181 INFO [http-nio-8082-exec-100] org.apache.catalina.core.ApplicationContext.log Manager: restart: Reloading web application '/MuaBanNha'
17-Jun-2020 19:09:54.977 INFO [http-nio-8082-exec-105] org.apache.catalina.core.ApplicationContext.log Manager: list: Listing contexts for virtual host 'localhost'
17-Jun-2020 19:09:55.009 INFO [http-nio-8082-exec-106] org.apache.catalina.core.ApplicationContext.log Manager: restart: Reloading web application '/MuaBanNha'
17-Jun-2020 19:10:23.740 INFO [http-nio-8082-exec-110] org.apache.catalina.core.ApplicationContext.log Manager: list: Listing contexts for virtual host 'localhost'
17-Jun-2020 19:10:24.109 INFO [http-nio-8082-exec-110] org.apache.catalina.core.ApplicationContext.log Manager: list: Listing contexts for virtual host 'localhost'
17-Jun-2020 19:10:33.539 INFO [http-nio-8082-exec-111] org.apache.catalina.core.ApplicationContext.log Manager: list: Listing contexts for virtual host 'localhost'
17-Jun-2020 19:10:33.875 INFO [http-nio-8082-exec-109] org.apache.catalina.core.ApplicationContext.log Manager: list: Listing contexts for virtual host 'localhost'
17-Jun-2020 19:11:24.883 INFO [http-nio-8082-exec-112] org.apache.catalina.core.ApplicationContext.log Manager: list: Listing contexts for virtual host 'localhost'
17-Jun-2020 19:11:24.903 INFO [http-nio-8082-exec-110] org.apache.catalina.core.ApplicationContext.log Manager: restart: Reloading web application '/MuaBanNha'
17-Jun-2020 19:11:32.541 INFO [http-nio-8082-exec-113] org.apache.catalina.core.ApplicationContext.log Manager: list: Listing contexts for virtual host 'localhost'
17-Jun-2020 19:11:32.876 INFO [http-nio-8082-exec-113] org.apache.catalina.core.ApplicationContext.log Manager: list: Listing contexts for virtual host 'localhost'
17-Jun-2020 19:11:38.606 INFO [http-nio-8082-exec-114] org.apache.catalina.core.ApplicationContext.log Manager: list: Listing contexts for virtual host 'localhost'
17-Jun-2020 19:11:38.964 INFO [http-nio-8082-exec-114] org.apache.catalina.core.ApplicationContext.log Manager: list: Listing contexts for virtual host 'localhost'
17-Jun-2020 19:13:06.313 INFO [http-nio-8082-exec-110] org.apache.catalina.core.ApplicationContext.log Manager: list: Listing contexts for virtual host 'localhost'
17-Jun-2020 19:17:46.824 INFO [http-nio-8082-exec-116] org.apache.catalina.core.ApplicationContext.log Manager: list: Listing contexts for virtual host 'localhost'
17-Jun-2020 19:17:46.839 INFO [http-nio-8082-exec-113] org.apache.catalina.core.ApplicationContext.log Manager: restart: Reloading web application '/MuaBanNha'
17-Jun-2020 19:17:47.640 INFO [http-nio-8082-exec-113] org.apache.catalina.core.ApplicationContext.log Manager: list: Listing contexts for virtual host 'localhost'
17-Jun-2020 19:17:47.651 INFO [http-nio-8082-exec-110] org.apache.catalina.core.ApplicationContext.log Manager: restart: Reloading web application '/MuaBanNha'
17-Jun-2020 19:25:40.706 INFO [http-nio-8082-exec-122] org.apache.catalina.core.ApplicationContext.log Manager: list: Listing contexts for virtual host 'localhost'
17-Jun-2020 19:34:46.175 INFO [http-nio-8082-exec-126] org.apache.catalina.core.ApplicationContext.log Manager: list: Listing contexts for virtual host 'localhost'
17-Jun-2020 19:34:46.185 INFO [http-nio-8082-exec-127] org.apache.catalina.core.ApplicationContext.log Manager: restart: Reloading web application '/MuaBanNha'
17-Jun-2020 19:35:15.857 INFO [http-nio-8082-exec-133] org.apache.catalina.core.ApplicationContext.log Manager: list: Listing contexts for virtual host 'localhost'
17-Jun-2020 19:35:15.873 INFO [http-nio-8082-exec-131] org.apache.catalina.core.ApplicationContext.log Manager: restart: Reloading web application '/MuaBanNha'
17-Jun-2020 19:37:02.389 INFO [http-nio-8082-exec-135] org.apache.catalina.core.ApplicationContext.log Manager: list: Listing contexts for virtual host 'localhost'
17-Jun-2020 19:37:02.407 INFO [http-nio-8082-exec-126] org.apache.catalina.core.ApplicationContext.log Manager: restart: Reloading web application '/MuaBanNha'
17-Jun-2020 19:40:33.039 INFO [http-nio-8082-exec-136] org.apache.catalina.core.ApplicationContext.log Manager: list: Listing contexts for virtual host 'localhost'
17-Jun-2020 19:40:33.047 INFO [http-nio-8082-exec-137] org.apache.catalina.core.ApplicationContext.log Manager: restart: Reloading web application '/MuaBanNha'
17-Jun-2020 19:41:28.738 INFO [http-nio-8082-exec-122] org.apache.catalina.core.ApplicationContext.log Manager: list: Listing contexts for virtual host 'localhost'
17-Jun-2020 19:41:28.746 INFO [http-nio-8082-exec-141] org.apache.catalina.core.ApplicationContext.log Manager: restart: Reloading web application '/MuaBanNha'
17-Jun-2020 19:42:33.607 INFO [http-nio-8082-exec-143] org.apache.catalina.core.ApplicationContext.log Manager: list: Listing contexts for virtual host 'localhost'
17-Jun-2020 20:00:23.583 INFO [http-nio-8082-exec-151] org.apache.catalina.core.ApplicationContext.log Manager: list: Listing contexts for virtual host 'localhost'
17-Jun-2020 20:08:04.350 INFO [http-nio-8082-exec-145] org.apache.catalina.core.ApplicationContext.log Manager: list: Listing contexts for virtual host 'localhost'
17-Jun-2020 20:08:17.277 INFO [http-nio-8082-exec-150] org.apache.catalina.core.ApplicationContext.log Manager: list: Listing contexts for virtual host 'localhost'
17-Jun-2020 20:09:25.962 INFO [http-nio-8082-exec-144] org.apache.catalina.core.ApplicationContext.log Manager: list: Listing contexts for virtual host 'localhost'
17-Jun-2020 20:09:25.965 INFO [http-nio-8082-exec-143] org.apache.catalina.core.ApplicationContext.log Manager: list: Listing contexts for virtual host 'localhost'
17-Jun-2020 20:09:26.032 INFO [http-nio-8082-exec-151] org.apache.catalina.core.ApplicationContext.log Manager: restart: Reloading web application '/MuaBanNha'
17-Jun-2020 20:11:09.724 INFO [http-nio-8082-exec-152] org.apache.catalina.core.ApplicationContext.log Manager: list: Listing contexts for virtual host 'localhost'
17-Jun-2020 20:31:11.072 INFO [http-nio-8082-exec-156] org.apache.catalina.core.ApplicationContext.log Manager: list: Listing contexts for virtual host 'localhost'
17-Jun-2020 20:31:11.082 INFO [http-nio-8082-exec-158] org.apache.catalina.core.ApplicationContext.log Manager: restart: Reloading web application '/MuaBanNha'
17-Jun-2020 20:33:48.208 INFO [http-nio-8082-exec-154] org.apache.catalina.core.ApplicationContext.log Manager: list: Listing contexts for virtual host 'localhost'
17-Jun-2020 20:33:55.902 INFO [http-nio-8082-exec-165] org.apache.catalina.core.ApplicationContext.log Manager: list: Listing contexts for virtual host 'localhost'
17-Jun-2020 20:33:55.908 INFO [http-nio-8082-exec-160] org.apache.catalina.core.ApplicationContext.log Manager: list: Listing contexts for virtual host 'localhost'
17-Jun-2020 20:33:55.985 INFO [http-nio-8082-exec-154] org.apache.catalina.core.ApplicationContext.log Manager: restart: Reloading web application '/MuaBanNha'
17-Jun-2020 20:36:14.403 INFO [http-nio-8082-exec-172] org.apache.catalina.core.ApplicationContext.log Manager: list: Listing contexts for virtual host 'localhost'
17-Jun-2020 20:37:05.199 INFO [http-nio-8082-exec-2] org.apache.catalina.core.ApplicationContext.log Manager: init: Associated with Deployer 'Catalina:type=Deployer,host=localhost'
17-Jun-2020 20:37:05.199 INFO [http-nio-8082-exec-2] org.apache.catalina.core.ApplicationContext.log Manager: init: Global resources are available
17-Jun-2020 20:37:06.363 INFO [http-nio-8082-exec-10] org.apache.catalina.core.ApplicationContext.log Manager: list: Listing contexts for virtual host 'localhost'
17-Jun-2020 20:37:06.370 INFO [http-nio-8082-exec-3] org.apache.catalina.core.ApplicationContext.log Manager: list: Listing contexts for virtual host 'localhost'
17-Jun-2020 20:37:06.389 INFO [http-nio-8082-exec-7] org.apache.catalina.core.ApplicationContext.log Manager: undeploy: Undeploying web application at '/MuaBanNha'
17-Jun-2020 20:37:07.077 INFO [http-nio-8082-exec-10] org.apache.catalina.core.ApplicationContext.log Manager: install: Installing context configuration at 'file:/C:/Users/Hp/AppData/Local/Temp/context4558264290633968034.xml'
17-Jun-2020 20:37:07.685 INFO [http-nio-8082-exec-3] org.apache.catalina.core.ApplicationContext.log Manager: start: Starting web application '/MuaBanNha'
17-Jun-2020 20:37:08.522 INFO [http-nio-8082-exec-1] org.apache.catalina.core.ApplicationContext.log Manager: list: Listing contexts for virtual host 'localhost'
17-Jun-2020 20:52:50.462 INFO [http-nio-8082-exec-20] org.apache.catalina.core.ApplicationContext.log Manager: list: Listing contexts for virtual host 'localhost'
17-Jun-2020 20:52:50.489 INFO [http-nio-8082-exec-12] org.apache.catalina.core.ApplicationContext.log Manager: restart: Reloading web application '/MuaBanNha'
17-Jun-2020 20:53:15.960 INFO [http-nio-8082-exec-18] org.apache.catalina.core.ApplicationContext.log Manager: list: Listing contexts for virtual host 'localhost'
17-Jun-2020 20:53:15.974 INFO [http-nio-8082-exec-22] org.apache.catalina.core.ApplicationContext.log Manager: restart: Reloading web application '/MuaBanNha'
17-Jun-2020 20:53:46.595 INFO [http-nio-8082-exec-15] org.apache.catalina.core.ApplicationContext.log Manager: list: Listing contexts for virtual host 'localhost'
17-Jun-2020 20:53:46.608 INFO [http-nio-8082-exec-23] org.apache.catalina.core.ApplicationContext.log Manager: restart: Reloading web application '/MuaBanNha'
17-Jun-2020 20:53:48.967 INFO [http-nio-8082-exec-15] org.apache.catalina.core.ApplicationContext.log Manager: list: Listing contexts for virtual host 'localhost'
17-Jun-2020 20:53:48.993 INFO [http-nio-8082-exec-22] org.apache.catalina.core.ApplicationContext.log Manager: restart: Reloading web application '/MuaBanNha'
17-Jun-2020 21:58:36.131 INFO [http-nio-8082-exec-4] org.apache.catalina.core.ApplicationContext.log Manager: init: Associated with Deployer 'Catalina:type=Deployer,host=localhost'
17-Jun-2020 21:58:36.131 INFO [http-nio-8082-exec-4] org.apache.catalina.core.ApplicationContext.log Manager: init: Global resources are available
17-Jun-2020 21:58:36.178 INFO [http-nio-8082-exec-7] org.apache.catalina.core.ApplicationContext.log Manager: list: Listing contexts for virtual host 'localhost'
17-Jun-2020 21:58:36.193 INFO [http-nio-8082-exec-8] org.apache.catalina.core.ApplicationContext.log Manager: list: Listing contexts for virtual host 'localhost'
17-Jun-2020 21:58:36.247 INFO [http-nio-8082-exec-9] org.apache.catalina.core.ApplicationContext.log Manager: restart: Reloading web application '/MuaBanNha'
17-Jun-2020 22:01:22.857 INFO [http-nio-8082-exec-19] org.apache.catalina.core.ApplicationContext.log Manager: list: Listing contexts for virtual host 'localhost'
17-Jun-2020 22:03:48.635 INFO [http-nio-8082-exec-13] org.apache.catalina.core.ApplicationContext.log Manager: list: Listing contexts for virtual host 'localhost'
17-Jun-2020 22:03:48.635 INFO [http-nio-8082-exec-15] org.apache.catalina.core.ApplicationContext.log Manager: list: Listing contexts for virtual host 'localhost'
17-Jun-2020 22:04:27.005 INFO [http-nio-8082-exec-12] org.apache.catalina.core.ApplicationContext.log Manager: list: Listing contexts for virtual host 'localhost'
17-Jun-2020 22:06:12.824 INFO [http-nio-8082-exec-15] org.apache.catalina.core.ApplicationContext.log Manager: list: Listing contexts for virtual host 'localhost'
17-Jun-2020 22:07:00.956 INFO [http-nio-8082-exec-20] org.apache.catalina.core.ApplicationContext.log Manager: list: Listing contexts for virtual host 'localhost'
17-Jun-2020 22:10:13.232 INFO [http-nio-8082-exec-15] org.apache.catalina.core.ApplicationContext.log Manager: list: Listing contexts for virtual host 'localhost'
17-Jun-2020 22:10:13.241 INFO [http-nio-8082-exec-12] org.apache.catalina.core.ApplicationContext.log Manager: restart: Reloading web application '/MuaBanNha'
17-Jun-2020 22:17:53.689 INFO [http-nio-8082-exec-2] org.apache.catalina.core.ApplicationContext.log Manager: init: Associated with Deployer 'Catalina:type=Deployer,host=localhost'
17-Jun-2020 22:17:53.689 INFO [http-nio-8082-exec-2] org.apache.catalina.core.ApplicationContext.log Manager: init: Global resources are available
17-Jun-2020 22:17:54.478 INFO [http-nio-8082-exec-2] org.apache.catalina.core.ApplicationContext.log Manager: list: Listing contexts for virtual host 'localhost'
17-Jun-2020 22:17:54.488 INFO [http-nio-8082-exec-6] org.apache.catalina.core.ApplicationContext.log Manager: list: Listing contexts for virtual host 'localhost'
17-Jun-2020 22:17:54.498 INFO [http-nio-8082-exec-8] org.apache.catalina.core.ApplicationContext.log Manager: undeploy: Undeploying web application at '/MuaBanNha'
17-Jun-2020 22:17:55.049 INFO [http-nio-8082-exec-3] org.apache.catalina.core.ApplicationContext.log Manager: install: Installing context configuration at 'file:/C:/Users/Hp/AppData/Local/Temp/context6974004587685113514.xml'
17-Jun-2020 22:17:55.381 INFO [http-nio-8082-exec-4] org.apache.catalina.core.ApplicationContext.log Manager: start: Starting web application '/MuaBanNha'
17-Jun-2020 22:19:20.084 INFO [http-nio-8082-exec-15] org.apache.catalina.core.ApplicationContext.log Manager: list: Listing contexts for virtual host 'localhost'
17-Jun-2020 22:19:20.084 INFO [http-nio-8082-exec-17] org.apache.catalina.core.ApplicationContext.log Manager: list: Listing contexts for virtual host 'localhost'
17-Jun-2020 22:19:20.084 INFO [http-nio-8082-exec-19] org.apache.catalina.core.ApplicationContext.log Manager: undeploy: Undeploying web application at '/MuaBanNha'
17-Jun-2020 22:19:20.610 INFO [http-nio-8082-exec-15] org.apache.catalina.core.ApplicationContext.log Manager: install: Installing context configuration at 'file:/C:/Users/Hp/AppData/Local/Temp/context4930972883491626288.xml'
17-Jun-2020 22:19:20.950 INFO [http-nio-8082-exec-18] org.apache.catalina.core.ApplicationContext.log Manager: start: Starting web application '/MuaBanNha'
17-Jun-2020 22:19:21.343 INFO [http-nio-8082-exec-15] org.apache.catalina.core.ApplicationContext.log Manager: list: Listing contexts for virtual host 'localhost'
17-Jun-2020 22:21:12.380 INFO [http-nio-8082-exec-20] org.apache.catalina.core.ApplicationContext.log Manager: list: Listing contexts for virtual host 'localhost'
17-Jun-2020 22:21:12.385 INFO [http-nio-8082-exec-12] org.apache.catalina.core.ApplicationContext.log Manager: list: Listing contexts for virtual host 'localhost'
17-Jun-2020 22:21:12.393 INFO [http-nio-8082-exec-25] org.apache.catalina.core.ApplicationContext.log Manager: undeploy: Undeploying web application at '/MuaBanNha'
17-Jun-2020 22:21:12.919 INFO [http-nio-8082-exec-22] org.apache.catalina.core.ApplicationContext.log Manager: install: Installing context configuration at 'file:/C:/Users/Hp/AppData/Local/Temp/context1941030864626196864.xml'
17-Jun-2020 22:21:13.225 INFO [http-nio-8082-exec-21] org.apache.catalina.core.ApplicationContext.log Manager: start: Starting web application '/MuaBanNha'
17-Jun-2020 22:21:13.541 INFO [http-nio-8082-exec-27] org.apache.catalina.core.ApplicationContext.log Manager: list: Listing contexts for virtual host 'localhost'
17-Jun-2020 22:34:03.614 INFO [http-nio-8082-exec-34] org.apache.catalina.core.ApplicationContext.log Manager: list: Listing contexts for virtual host 'localhost'
17-Jun-2020 22:34:03.614 INFO [http-nio-8082-exec-28] org.apache.catalina.core.ApplicationContext.log Manager: restart: Reloading web application '/MuaBanNha'
17-Jun-2020 22:34:13.171 INFO [http-nio-8082-exec-38] org.apache.catalina.core.ApplicationContext.log Manager: list: Listing contexts for virtual host 'localhost'
17-Jun-2020 22:34:13.171 INFO [http-nio-8082-exec-32] org.apache.catalina.core.ApplicationContext.log Manager: list: Listing contexts for virtual host 'localhost'
17-Jun-2020 22:34:13.224 INFO [http-nio-8082-exec-33] org.apache.catalina.core.ApplicationContext.log Manager: restart: Reloading web application '/MuaBanNha'
17-Jun-2020 22:34:13.959 INFO [http-nio-8082-exec-27] org.apache.catalina.core.ApplicationContext.log Manager: list: Listing contexts for virtual host 'localhost'
17-Jun-2020 22:40:52.087 INFO [http-nio-8082-exec-4] org.apache.catalina.core.ApplicationContext.log Manager: init: Associated with Deployer 'Catalina:type=Deployer,host=localhost'
17-Jun-2020 22:40:52.087 INFO [http-nio-8082-exec-4] org.apache.catalina.core.ApplicationContext.log Manager: init: Global resources are available
17-Jun-2020 22:40:52.102 INFO [http-nio-8082-exec-6] org.apache.catalina.core.ApplicationContext.log Manager: list: Listing contexts for virtual host 'localhost'
17-Jun-2020 22:40:52.118 INFO [http-nio-8082-exec-7] org.apache.catalina.core.ApplicationContext.log Manager: list: Listing contexts for virtual host 'localhost'
17-Jun-2020 22:40:52.171 INFO [http-nio-8082-exec-8] org.apache.catalina.core.ApplicationContext.log Manager: restart: Reloading web application '/MuaBanNha'
17-Jun-2020 22:43:28.213 INFO [http-nio-8082-exec-14] org.apache.catalina.core.ApplicationContext.log Manager: list: Listing contexts for virtual host 'localhost'
17-Jun-2020 22:43:28.228 INFO [http-nio-8082-exec-15] org.apache.catalina.core.ApplicationContext.log Manager: restart: Reloading web application '/MuaBanNha'
17-Jun-2020 22:43:43.957 INFO [http-nio-8082-exec-22] org.apache.catalina.core.ApplicationContext.log Manager: list: Listing contexts for virtual host 'localhost'
17-Jun-2020 22:43:43.961 INFO [http-nio-8082-exec-21] org.apache.catalina.core.ApplicationContext.log Manager: list: Listing contexts for virtual host 'localhost'
17-Jun-2020 22:43:44.043 INFO [http-nio-8082-exec-11] org.apache.catalina.core.ApplicationContext.log Manager: restart: Reloading web application '/MuaBanNha'
17-Jun-2020 22:46:02.451 INFO [http-nio-8082-exec-30] org.apache.catalina.core.ApplicationContext.log Manager: list: Listing contexts for virtual host 'localhost'
17-Jun-2020 22:46:02.451 INFO [http-nio-8082-exec-28] org.apache.catalina.core.ApplicationContext.log Manager: restart: Reloading web application '/MuaBanNha'
17-Jun-2020 22:50:54.319 INFO [http-nio-8082-exec-39] org.apache.catalina.core.ApplicationContext.log Manager: list: Listing contexts for virtual host 'localhost'
17-Jun-2020 22:50:54.322 INFO [http-nio-8082-exec-36] org.apache.catalina.core.ApplicationContext.log Manager: list: Listing contexts for virtual host 'localhost'
17-Jun-2020 22:50:54.370 INFO [http-nio-8082-exec-41] org.apache.catalina.core.ApplicationContext.log Manager: restart: Reloading web application '/MuaBanNha'
17-Jun-2020 22:51:52.773 INFO [http-nio-8082-exec-48] org.apache.catalina.core.ApplicationContext.log Manager: list: Listing contexts for virtual host 'localhost'
17-Jun-2020 22:51:52.776 INFO [http-nio-8082-exec-39] org.apache.catalina.core.ApplicationContext.log Manager: list: Listing contexts for virtual host 'localhost'
17-Jun-2020 23:02:24.629 INFO [http-nio-8082-exec-4] org.apache.catalina.core.ApplicationContext.log Manager: init: Associated with Deployer 'Catalina:type=Deployer,host=localhost'
17-Jun-2020 23:02:24.629 INFO [http-nio-8082-exec-4] org.apache.catalina.core.ApplicationContext.log Manager: init: Global resources are available
17-Jun-2020 23:02:28.192 INFO [http-nio-8082-exec-8] org.apache.catalina.core.ApplicationContext.log Manager: list: Listing contexts for virtual host 'localhost'
17-Jun-2020 23:02:28.196 INFO [http-nio-8082-exec-10] org.apache.catalina.core.ApplicationContext.log Manager: list: Listing contexts for virtual host 'localhost'
17-Jun-2020 23:06:23.361 INFO [http-nio-8082-exec-1] org.apache.catalina.core.ApplicationContext.log Manager: list: Listing contexts for virtual host 'localhost'
17-Jun-2020 23:06:23.387 INFO [http-nio-8082-exec-3] org.apache.catalina.core.ApplicationContext.log Manager: restart: Reloading web application '/MuaBanNha'
17-Jun-2020 23:06:26.446 INFO [http-nio-8082-exec-12] org.apache.catalina.core.ApplicationContext.log Manager: list: Listing contexts for virtual host 'localhost'
17-Jun-2020 23:06:26.449 INFO [http-nio-8082-exec-6] org.apache.catalina.core.ApplicationContext.log Manager: list: Listing contexts for virtual host 'localhost'
17-Jun-2020 23:06:26.499 INFO [http-nio-8082-exec-11] org.apache.catalina.core.ApplicationContext.log Manager: restart: Reloading web application '/MuaBanNha'
17-Jun-2020 23:08:51.115 INFO [http-nio-8082-exec-14] org.apache.catalina.core.ApplicationContext.log Manager: list: Listing contexts for virtual host 'localhost'
17-Jun-2020 23:09:00.786 INFO [http-nio-8082-exec-13] org.apache.catalina.core.ApplicationContext.log Manager: list: Listing contexts for virtual host 'localhost'
17-Jun-2020 23:09:00.797 INFO [http-nio-8082-exec-21] org.apache.catalina.core.ApplicationContext.log Manager: restart: Reloading web application '/MuaBanNha'
17-Jun-2020 23:09:57.983 INFO [http-nio-8082-exec-24] org.apache.catalina.core.ApplicationContext.log Manager: list: Listing contexts for virtual host 'localhost'
17-Jun-2020 23:09:57.999 INFO [http-nio-8082-exec-19] org.apache.catalina.core.ApplicationContext.log Manager: list: Listing contexts for virtual host 'localhost'
17-Jun-2020 23:09:58.052 INFO [http-nio-8082-exec-16] org.apache.catalina.core.ApplicationContext.log Manager: restart: Reloading web application '/MuaBanNha'
17-Jun-2020 23:15:36.214 INFO [http-nio-8082-exec-28] org.apache.catalina.core.ApplicationContext.log Manager: list: Listing contexts for virtual host 'localhost'
17-Jun-2020 23:15:57.998 INFO [http-nio-8082-exec-26] org.apache.catalina.core.ApplicationContext.log Manager: list: Listing contexts for virtual host 'localhost'
17-Jun-2020 23:20:32.973 INFO [http-nio-8082-exec-30] org.apache.catalina.core.ApplicationContext.log Manager: list: Listing contexts for virtual host 'localhost'
17-Jun-2020 23:20:32.978 INFO [http-nio-8082-exec-34] org.apache.catalina.core.ApplicationContext.log Manager: list: Listing contexts for virtual host 'localhost'
17-Jun-2020 23:20:42.376 INFO [http-nio-8082-exec-34] org.apache.catalina.core.ApplicationContext.log Manager: list: Listing contexts for virtual host 'localhost'
17-Jun-2020 23:20:42.376 INFO [http-nio-8082-exec-33] org.apache.catalina.core.ApplicationContext.log Manager: list: Listing contexts for virtual host 'localhost'
17-Jun-2020 23:24:03.484 INFO [http-nio-8082-exec-28] org.apache.catalina.core.ApplicationContext.log Manager: list: Listing contexts for virtual host 'localhost'
17-Jun-2020 23:24:03.500 INFO [http-nio-8082-exec-33] org.apache.catalina.core.ApplicationContext.log Manager: undeploy: Undeploying web application at '/MuaBanNha'
17-Jun-2020 23:24:04.045 INFO [http-nio-8082-exec-27] org.apache.catalina.core.ApplicationContext.log Manager: install: Installing context configuration at 'file:/C:/Users/Hp/AppData/Local/Temp/context8733103632949748852.xml'
17-Jun-2020 23:24:04.788 INFO [http-nio-8082-exec-30] org.apache.catalina.core.ApplicationContext.log Manager: start: Starting web application '/MuaBanNha'
17-Jun-2020 23:28:30.048 INFO [http-nio-8082-exec-4] org.apache.catalina.core.ApplicationContext.log Manager: init: Associated with Deployer 'Catalina:type=Deployer,host=localhost'
17-Jun-2020 23:28:30.048 INFO [http-nio-8082-exec-4] org.apache.catalina.core.ApplicationContext.log Manager: init: Global resources are available
17-Jun-2020 23:28:30.048 INFO [http-nio-8082-exec-6] org.apache.catalina.core.ApplicationContext.log Manager: list: Listing contexts for virtual host 'localhost'
17-Jun-2020 23:28:30.048 INFO [http-nio-8082-exec-3] org.apache.catalina.core.ApplicationContext.log Manager: list: Listing contexts for virtual host 'localhost'
17-Jun-2020 23:28:30.063 INFO [http-nio-8082-exec-8] org.apache.catalina.core.ApplicationContext.log Manager: undeploy: Undeploying web application at '/MuaBanNha'
17-Jun-2020 23:28:30.616 INFO [http-nio-8082-exec-2] org.apache.catalina.core.ApplicationContext.log Manager: install: Installing context configuration at 'file:/C:/Users/Hp/AppData/Local/Temp/context8977011992061404831.xml'
17-Jun-2020 23:28:30.981 INFO [http-nio-8082-exec-3] org.apache.catalina.core.ApplicationContext.log Manager: start: Starting web application '/MuaBanNha'
17-Jun-2020 23:38:38.789 INFO [http-nio-8082-exec-4] org.apache.catalina.core.ApplicationContext.log Manager: init: Associated with Deployer 'Catalina:type=Deployer,host=localhost'
17-Jun-2020 23:38:38.789 INFO [http-nio-8082-exec-4] org.apache.catalina.core.ApplicationContext.log Manager: init: Global resources are available
17-Jun-2020 23:38:41.035 INFO [http-nio-8082-exec-8] org.apache.catalina.core.ApplicationContext.log Manager: list: Listing contexts for virtual host 'localhost'
17-Jun-2020 23:38:41.040 INFO [http-nio-8082-exec-1] org.apache.catalina.core.ApplicationContext.log Manager: list: Listing contexts for virtual host 'localhost'
17-Jun-2020 23:38:41.055 INFO [http-nio-8082-exec-2] org.apache.catalina.core.ApplicationContext.log Manager: undeploy: Undeploying web application at '/MuaBanNha'
17-Jun-2020 23:38:41.599 INFO [http-nio-8082-exec-4] org.apache.catalina.core.ApplicationContext.log Manager: install: Installing context configuration at 'file:/C:/Users/Hp/AppData/Local/Temp/context5818363802026841479.xml'
17-Jun-2020 23:38:41.999 INFO [http-nio-8082-exec-9] org.apache.catalina.core.ApplicationContext.log Manager: start: Starting web application '/MuaBanNha'
17-Jun-2020 23:45:16.021 INFO [http-nio-8082-exec-13] org.apache.catalina.core.ApplicationContext.log Manager: list: Listing contexts for virtual host 'localhost'
17-Jun-2020 23:45:16.021 INFO [http-nio-8082-exec-18] org.apache.catalina.core.ApplicationContext.log Manager: restart: Reloading web application '/MuaBanNha'
17-Jun-2020 23:45:28.029 INFO [http-nio-8082-exec-22] org.apache.catalina.core.ApplicationContext.log Manager: list: Listing contexts for virtual host 'localhost'
17-Jun-2020 23:45:28.040 INFO [http-nio-8082-exec-15] org.apache.catalina.core.ApplicationContext.log Manager: restart: Reloading web application '/MuaBanNha'
17-Jun-2020 23:45:31.464 INFO [http-nio-8082-exec-11] org.apache.catalina.core.ApplicationContext.log Manager: list: Listing contexts for virtual host 'localhost'
17-Jun-2020 23:45:31.466 INFO [http-nio-8082-exec-17] org.apache.catalina.core.ApplicationContext.log Manager: list: Listing contexts for virtual host 'localhost'
17-Jun-2020 23:45:31.478 INFO [http-nio-8082-exec-21] org.apache.catalina.core.ApplicationContext.log Manager: undeploy: Undeploying web application at '/MuaBanNha'
17-Jun-2020 23:45:32.009 INFO [http-nio-8082-exec-23] org.apache.catalina.core.ApplicationContext.log Manager: install: Installing context configuration at 'file:/C:/Users/Hp/AppData/Local/Temp/context167125962824258525.xml'
17-Jun-2020 23:45:32.406 INFO [http-nio-8082-exec-20] org.apache.catalina.core.ApplicationContext.log Manager: start: Starting web application '/MuaBanNha'
17-Jun-2020 23:45:32.528 INFO [http-nio-8082-exec-11] org.apache.catalina.core.ApplicationContext.log Manager: list: Listing contexts for virtual host 'localhost'
17-Jun-2020 23:45:37.928 INFO [http-nio-8082-exec-20] org.apache.catalina.core.ApplicationContext.log Manager: list: Listing contexts for virtual host 'localhost'
17-Jun-2020 23:45:37.946 INFO [http-nio-8082-exec-25] org.apache.catalina.core.ApplicationContext.log Manager: restart: Reloading web application '/MuaBanNha'
17-Jun-2020 23:46:50.806 INFO [http-nio-8082-exec-27] org.apache.catalina.core.ApplicationContext.log Manager: list: Listing contexts for virtual host 'localhost'
17-Jun-2020 23:46:50.813 INFO [http-nio-8082-exec-33] org.apache.catalina.core.ApplicationContext.log Manager: undeploy: Undeploying web application at '/MuaBanNha'
17-Jun-2020 23:47:10.882 INFO [http-nio-8082-exec-2] org.apache.catalina.core.ApplicationContext.log Manager: init: Associated with Deployer 'Catalina:type=Deployer,host=localhost'
17-Jun-2020 23:47:10.882 INFO [http-nio-8082-exec-2] org.apache.catalina.core.ApplicationContext.log Manager: init: Global resources are available
17-Jun-2020 23:47:29.073 INFO [http-nio-8082-exec-2] org.apache.catalina.core.ApplicationContext.log Manager: init: Associated with Deployer 'Catalina:type=Deployer,host=localhost'
17-Jun-2020 23:47:29.074 INFO [http-nio-8082-exec-2] org.apache.catalina.core.ApplicationContext.log Manager: init: Global resources are available
17-Jun-2020 23:48:58.654 INFO [http-nio-8082-exec-3] org.apache.catalina.core.ApplicationContext.log Manager: init: Associated with Deployer 'Catalina:type=Deployer,host=localhost'
17-Jun-2020 23:48:58.654 INFO [http-nio-8082-exec-3] org.apache.catalina.core.ApplicationContext.log Manager: init: Global resources are available
17-Jun-2020 23:55:02.870 INFO [http-nio-8082-exec-4] org.apache.catalina.core.ApplicationContext.log Manager: init: Associated with Deployer 'Catalina:type=Deployer,host=localhost'
17-Jun-2020 23:55:02.871 INFO [http-nio-8082-exec-4] org.apache.catalina.core.ApplicationContext.log Manager: init: Global resources are available
17-Jun-2020 23:55:07.723 INFO [http-nio-8082-exec-8] org.apache.catalina.core.ApplicationContext.log Manager: list: Listing contexts for virtual host 'localhost'
17-Jun-2020 23:55:07.723 INFO [http-nio-8082-exec-9] org.apache.catalina.core.ApplicationContext.log Manager: list: Listing contexts for virtual host 'localhost'
17-Jun-2020 23:55:07.739 INFO [http-nio-8082-exec-10] org.apache.catalina.core.ApplicationContext.log Manager: install: Installing context configuration at 'file:/C:/Users/Hp/AppData/Local/Temp/context6918426818913678366.xml'
17-Jun-2020 23:55:08.278 INFO [http-nio-8082-exec-1] org.apache.catalina.core.ApplicationContext.log Manager: start: Starting web application '/MuaBanNha'
17-Jun-2020 23:58:28.835 INFO [http-nio-8082-exec-7] org.apache.catalina.core.ApplicationContext.log Manager: list: Listing contexts for virtual host 'localhost'
17-Jun-2020 23:58:28.842 INFO [http-nio-8082-exec-8] org.apache.catalina.core.ApplicationContext.log Manager: undeploy: Undeploying web application at '/MuaBanNha'
17-Jun-2020 23:58:32.307 INFO [http-nio-8082-exec-7] org.apache.catalina.core.ApplicationContext.log Manager: list: Listing contexts for virtual host 'localhost'
17-Jun-2020 23:58:32.624 INFO [http-nio-8082-exec-9] org.apache.catalina.core.ApplicationContext.log Manager: list: Listing contexts for virtual host 'localhost'
17-Jun-2020 23:58:37.451 INFO [http-nio-8082-exec-6] org.apache.catalina.core.ApplicationContext.log Manager: list: Listing contexts for virtual host 'localhost'
17-Jun-2020 23:58:37.453 INFO [http-nio-8082-exec-12] org.apache.catalina.core.ApplicationContext.log Manager: list: Listing contexts for virtual host 'localhost'
17-Jun-2020 23:58:37.464 INFO [http-nio-8082-exec-3] org.apache.catalina.core.ApplicationContext.log Manager: install: Installing context configuration at 'file:/C:/Users/Hp/AppData/Local/Temp/context3089377222748272014.xml'
17-Jun-2020 23:58:37.997 INFO [http-nio-8082-exec-5] org.apache.catalina.core.ApplicationContext.log Manager: start: Starting web application '/MuaBanNha'
